2024-01-14T00:10:45.240Z - info: Initializing jsreport (version: 4.2.0, configuration file: jsreport.config.json, nodejs: 18.17.1)
2024-01-14T00:10:45.243Z - info: Searching for available extensions in C:\Users\Javier\Desktop\Proyecto\proyectoNeonatos\reports\
2024-01-14T00:10:45.253Z - info: Extensions location cache contains up to date information, skipping crawling in C:\Users\Javier\Desktop\Proyecto\proyectoNeonatos\reports\
2024-01-14T00:10:45.282Z - info: Found 35 extension(s)
2024-01-14T00:10:45.312Z - debug: Writing extension locations cache to C:\Users\Javier\AppData\Local\Temp\jsreport\core\locations.json
2024-01-14T00:10:45.314Z - debug: Discovered 35 extensions
2024-01-14T00:10:45.368Z - debug: Extension authentication@4.0.1 is disabled, skipping
2024-01-14T00:10:45.370Z - info: Using extension base@4.0.0
2024-01-14T00:10:45.375Z - info: Using extension child-templates@4.0.0
2024-01-14T00:10:45.380Z - info: Using extension cli@4.0.2
2024-01-14T00:10:45.384Z - info: Using extension components@4.0.0
2024-01-14T00:10:45.386Z - info: Using extension data@4.0.0
2024-01-14T00:10:45.388Z - info: Using extension express@4.0.1
2024-01-14T00:10:45.654Z - info: Using extension freeze@4.0.0
2024-01-14T00:10:45.657Z - info: Using extension fs-store@4.0.1
2024-01-14T00:10:45.755Z - info: Using extension handlebars@4.0.1
2024-01-14T00:10:45.757Z - info: Using extension import-export@4.0.2
2024-01-14T00:10:45.768Z - info: Using extension jsrender@4.0.0
2024-01-14T00:10:45.769Z - info: Using extension licensing@4.0.1
2024-01-14T00:10:45.794Z - info: Using extension localization@4.0.1
2024-01-14T00:10:45.796Z - info: Using extension npm@4.0.0
2024-01-14T00:10:45.799Z - info: Using extension pdf-utils@4.0.2
2024-01-14T00:10:45.802Z - info: Using extension reports@4.0.0
2024-01-14T00:10:45.807Z - info: Using extension tags@4.0.1
2024-01-14T00:10:45.808Z - info: Using extension text@4.0.0
2024-01-14T00:10:45.810Z - info: Using extension version-control@4.0.0
2024-01-14T00:10:45.823Z - info: Using extension assets@4.0.2
2024-01-14T00:10:45.835Z - info: Using extension authorization@4.0.0
2024-01-14T00:10:45.842Z - debug: Extension authorization@4.0.0 was disabled
2024-01-14T00:10:45.842Z - info: Using extension browser-client@4.0.0
2024-01-14T00:10:45.847Z - info: Using extension chrome-pdf@4.0.0
2024-01-14T00:10:45.851Z - debug: Chrome strategy is chrome-pool, numberOfWorkers: 1
2024-01-14T00:10:45.852Z - info: Using extension docx@4.1.1
2024-01-14T00:10:45.856Z - info: Using extension html-to-xlsx@4.0.1
2024-01-14T00:10:46.204Z - info: html-to-xlsx detected chrome as available html engine
2024-01-14T00:10:46.205Z - info: Using extension pptx@4.1.0
2024-01-14T00:10:46.207Z - info: Using extension scheduling@4.0.0
2024-01-14T00:10:46.232Z - info: Using extension scripts@4.0.0
2024-01-14T00:10:46.233Z - info: Using extension static-pdf@4.0.0
2024-01-14T00:10:46.234Z - info: Using extension studio@4.0.2
2024-01-14T00:10:46.329Z - info: Using extension xlsx@4.0.2
2024-01-14T00:10:46.332Z - info: Using extension public-templates@4.0.0
2024-01-14T00:10:46.334Z - debug: Extension public-templates@4.0.0 was disabled
2024-01-14T00:10:46.335Z - info: Using extension sample-template@4.0.0
2024-01-14T00:10:46.339Z - info: Using extension studio-theme-dark@4.0.0
2024-01-14T00:10:46.341Z - info: Code sandboxing is disabled, users can potentially penetrate the local system if you allow code from external users to be part of your reports
2024-01-14T00:10:46.342Z - info: Using general timeout for rendering (reportTimeout: 60000)
2024-01-14T00:10:46.342Z - info: Using fs provider for template store.
2024-01-14T00:10:46.346Z - info: fs store is persisting using fs for C:\Users\Javier\Desktop\Proyecto\proyectoNeonatos\reports\data
2024-01-14T00:10:46.352Z - info: fs store is loading data
2024-01-14T00:10:46.381Z - info: fs store is initialized successfully
2024-01-14T00:10:46.387Z - debug: studio default theme is: light
2024-01-14T00:10:46.396Z - info: Creating default express app.
2024-01-14T00:10:46.415Z - info: jsreport server successfully started on http port: 5488
2024-01-14T00:10:46.416Z - info: Verifying license key free
2024-01-14T00:10:46.420Z - info: Using free license
2024-01-14T00:10:46.424Z - info: Initializing worker threads
2024-01-14T00:10:46.424Z - debug: Extensions in workers: base, child-templates, components, data, express, handlebars, jsrender, localization, npm, pdf-utils, reports, text, version-control, assets, browser-client, chrome-pdf, docx, html-to-xlsx, pptx, scripts, static-pdf, studio, xlsx
2024-01-14T00:10:46.690Z - info: 2 worker threads initialized in 266ms
2024-01-14T00:10:46.691Z - info: Starting temp files cleanup with 180000ms threshold
2024-01-14T00:10:46.692Z - info: reporter initialized
