{"type":"operationStart","subtype":"profile","data":{"_id":"6gkVVfhfpl9qyoLm","timestamp":"2024-01-11T15:11:56.401Z","state":"queued","mode":"standard","creationDate":"2024-01-11T15:11:56.403Z","modificationDate":"2024-01-11T15:11:56.403Z","shortid":"WhXK7-G","$entitySet":"profiles"},"doDiffs":false,"timestamp":1704985916402,"id":"umfduk511miqdq1","previousOperationId":null,"operationId":"ikl7vyzjtf8aucy"}
{"type":"log","level":"info","message":"Render request 2 queued for execution and waiting for available worker","previousOperationId":"ikl7vyzjtf8aucy","timestamp":1704985916402,"id":"gfnidvxkro1wwjl"}
{"type":"operationStart","subtype":"render","name":"orders-main","previousOperationId":"ikl7vyzjtf8aucy","timestamp":1704985916410,"id":"bp68dlpwezmx254","previousEventId":"umfduk511miqdq1","operationId":"n7aw5zw7gz3t0em"}
{"type":"log","timestamp":1704985916411,"level":"info","message":"Starting rendering request 2","meta":{"rootId":"0rbjwcde58d2ijf","id":"0rbjwcde58d2ijf"},"id":"bz6ic6k2y530akk","previousOperationId":"n7aw5zw7gz3t0em"}
{"type":"log","timestamp":1704985916412,"level":"info","message":"Rendering template { name: orders-main, recipe: chrome-pdf, engine: handlebars, preview: false }","meta":{"rootId":"0rbjwcde58d2ijf","id":"0rbjwcde58d2ijf"},"id":"cnix66zn0sbxw58","previousOperationId":"n7aw5zw7gz3t0em"}
{"type":"log","timestamp":1704985916416,"level":"debug","message":"Inline data specified.","meta":{"rootId":"0rbjwcde58d2ijf","id":"0rbjwcde58d2ijf"},"id":"kv2z5l332qsz1yb","previousOperationId":"n7aw5zw7gz3t0em"}
{"type":"log","timestamp":1704985916419,"level":"debug","message":"Executing script orders-script (beforeRender)","meta":{"rootId":"0rbjwcde58d2ijf","id":"0rbjwcde58d2ijf"},"id":"y4f3oa1npgvukl5","previousOperationId":"n7aw5zw7gz3t0em"}
{"type":"operationStart","subtype":"scriptsBeforeRender","name":"scripts beforeRender","timestamp":1704985916700,"id":"fyn35vnje4lyasw","previousEventId":"bp68dlpwezmx254","operationId":"2zohdt9cbjlswl3","previousOperationId":"n7aw5zw7gz3t0em"}
{"type":"operationStart","subtype":"script","name":"scripts orders-script","previousOperationId":"2zohdt9cbjlswl3","timestamp":1704985916700,"id":"x4n1fy9h4ib09hp","previousEventId":"fyn35vnje4lyasw","operationId":"ba4rn100lx360ts"}
{"type":"operationEnd","operationId":"ba4rn100lx360ts","timestamp":1704985918445,"id":"4n996zd86fy5oup","previousEventId":"bp68dlpwezmx254","previousOperationId":"n7aw5zw7gz3t0em"}
{"type":"operationEnd","operationId":"2zohdt9cbjlswl3","timestamp":1704985918445,"id":"l3xb92a11m2p4pb","previousEventId":"4n996zd86fy5oup","previousOperationId":"n7aw5zw7gz3t0em"}
{"type":"log","timestamp":1704985918445,"level":"debug","message":"Base url not specified, skipping its injection.","meta":{"rootId":"0rbjwcde58d2ijf","id":"0rbjwcde58d2ijf"},"id":"32hqxoi9v5w0s2c","previousOperationId":"2zohdt9cbjlswl3"}
{"type":"operationStart","subtype":"engine","name":"handlebars","timestamp":1704985918446,"id":"e8zc5g3y4t37wtn","previousEventId":"l3xb92a11m2p4pb","operationId":"r8isgrep370aien","previousOperationId":"2zohdt9cbjlswl3"}
{"type":"log","timestamp":1704985918446,"level":"debug","message":"Rendering engine handlebars","meta":{"rootId":"0rbjwcde58d2ijf","id":"0rbjwcde58d2ijf"},"id":"t9pkxko3zkzu7j7","previousOperationId":"r8isgrep370aien"}
{"type":"log","timestamp":1704985918706,"level":"debug","message":"(console:log) Pdf utils adding group field, value: \"France\"","meta":{"userLevel":true,"rootId":"0rbjwcde58d2ijf","id":"0rbjwcde58d2ijf"},"id":"olxo99ms08mvlvu","previousOperationId":"r8isgrep370aien"}
{"type":"log","timestamp":1704985918711,"level":"debug","message":"(console:log) Pdf utils adding group field, value: \"Germany\"","meta":{"userLevel":true,"rootId":"0rbjwcde58d2ijf","id":"0rbjwcde58d2ijf"},"id":"kx44v59fkfeud5j","previousOperationId":"r8isgrep370aien"}
{"type":"operationEnd","operationId":"r8isgrep370aien","timestamp":1704985918711,"id":"7sfkgmiwlmvlbq8","previousEventId":"e8zc5g3y4t37wtn","previousOperationId":"r8isgrep370aien"}
{"type":"operationStart","subtype":"recipe","name":"chrome-pdf","timestamp":1704985918712,"id":"53qdwyp1i12u06i","previousEventId":"7sfkgmiwlmvlbq8","operationId":"02bce5y8f8uvzlg","previousOperationId":"r8isgrep370aien"}
{"type":"log","timestamp":1704985918712,"level":"debug","message":"Executing recipe chrome-pdf","meta":{"rootId":"0rbjwcde58d2ijf","id":"0rbjwcde58d2ijf"},"id":"3iwdzof6tr3vf2u","previousOperationId":"02bce5y8f8uvzlg"}
{"type":"log","timestamp":1704985919186,"level":"debug","message":"Converting with chrome HeadlessChrome/117.0.5938.149 using chrome-pool strategy","meta":{"rootId":"0rbjwcde58d2ijf","id":"0rbjwcde58d2ijf"},"id":"dwhn6g2y5ad6jbz","previousOperationId":"02bce5y8f8uvzlg"}
{"type":"log","timestamp":1704985920034,"level":"debug","message":"Page request: GET (document) file:///C:/Users/Javier/AppData/Local/Temp/jsreport/autocleanup/b297eefc-eb15-4168-84b9-b794727778e3-chrome-pdf.html","meta":{"rootId":"0rbjwcde58d2ijf","id":"0rbjwcde58d2ijf"},"id":"y9zc6uh7ys7pfml","previousOperationId":"02bce5y8f8uvzlg"}
{"type":"log","timestamp":1704985920066,"level":"debug","message":"Page request: GET (stylesheet) https://cdnjs.cloudflare.com/ajax/libs/metro/4.1.5/css/metro.min.css","meta":{"rootId":"0rbjwcde58d2ijf","id":"0rbjwcde58d2ijf"},"id":"hjysj877r1mntqn","previousOperationId":"02bce5y8f8uvzlg"}
{"type":"log","timestamp":1704985920066,"level":"debug","message":"Page request: GET (script) https://cdnjs.cloudflare.com/ajax/libs/Chart.js/2.7.2/Chart.min.js","meta":{"rootId":"0rbjwcde58d2ijf","id":"0rbjwcde58d2ijf"},"id":"saoirydmunh3674","previousOperationId":"02bce5y8f8uvzlg"}
{"type":"log","timestamp":1704985920067,"level":"debug","message":"Page request finished: GET (document) 200 file:///C:/Users/Javier/AppData/Local/Temp/jsreport/autocleanup/b297eefc-eb15-4168-84b9-b794727778e3-chrome-pdf.html","meta":{"rootId":"0rbjwcde58d2ijf","id":"0rbjwcde58d2ijf"},"id":"34fw9vcmp3b2dho","previousOperationId":"02bce5y8f8uvzlg"}
{"type":"log","timestamp":1704985920398,"level":"debug","message":"Page request finished: GET (stylesheet) 200 https://cdnjs.cloudflare.com/ajax/libs/metro/4.1.5/css/metro.min.css","meta":{"rootId":"0rbjwcde58d2ijf","id":"0rbjwcde58d2ijf"},"id":"i6t46g4sy8zoyvp","previousOperationId":"02bce5y8f8uvzlg"}
{"type":"log","timestamp":1704985920398,"level":"debug","message":"Page request finished: GET (script) 200 https://cdnjs.cloudflare.com/ajax/libs/Chart.js/2.7.2/Chart.min.js","meta":{"rootId":"0rbjwcde58d2ijf","id":"0rbjwcde58d2ijf"},"id":"ebhji2kvh947w9l","previousOperationId":"02bce5y8f8uvzlg"}
{"type":"log","timestamp":1704985920458,"level":"debug","message":"Running chrome with params {\"printBackground\":true,\"marginTop\":\"4cm\",\"marginRight\":\"1.5cm\",\"marginBottom\":\"1.5cm\",\"marginLeft\":\"1.5cm\",\"waitForJS\":false,\"timeout\":57337,\"margin\":{\"top\":\"4cm\",\"right\":\"1.5cm\",\"bottom\":\"1.5cm\",\"left\":\"1.5cm\"}}","meta":{"rootId":"0rbjwcde58d2ijf","id":"0rbjwcde58d2ijf"},"id":"gra3na0hw0j16qh","previousOperationId":"02bce5y8f8uvzlg"}
{"type":"operationEnd","operationId":"02bce5y8f8uvzlg","timestamp":1704985920570,"id":"zzh9rr52y8cbvnv","previousEventId":"53qdwyp1i12u06i","previousOperationId":"02bce5y8f8uvzlg"}
{"type":"log","timestamp":1704985920571,"level":"info","message":"pdf-utils is starting pdf processing","meta":{"rootId":"0rbjwcde58d2ijf","id":"0rbjwcde58d2ijf"},"id":"tm3cel45cdri0nn","previousOperationId":"02bce5y8f8uvzlg"}
{"type":"operationStart","subtype":"pdfUtils","name":"pdf utils","timestamp":1704985920736,"id":"4obavw9jxquqk0r","previousEventId":"zzh9rr52y8cbvnv","operationId":"w1tfrqalqv8fnpi","previousOperationId":"02bce5y8f8uvzlg"}
{"type":"log","timestamp":1704985920736,"level":"debug","message":"pdf-utils detected 1 pdf operation(s) to process","meta":{"rootId":"0rbjwcde58d2ijf","id":"0rbjwcde58d2ijf"},"id":"drcpivps4w6tl7x","previousOperationId":"w1tfrqalqv8fnpi"}
{"type":"log","timestamp":1704985920945,"level":"debug","message":"pdf-utils running pdf operation merge","meta":{"rootId":"0rbjwcde58d2ijf","id":"0rbjwcde58d2ijf"},"id":"3iksmlsri6o6ktm","previousOperationId":"w1tfrqalqv8fnpi"}
{"type":"operationStart","subtype":"pdfUtilsMerge","name":"pdf utils merge","previousOperationId":"w1tfrqalqv8fnpi","timestamp":1704985920945,"id":"vbezi88kbzbk98r","previousEventId":"4obavw9jxquqk0r","operationId":"6zy32ynlbyblemo"}
{"type":"operationStart","subtype":"render","name":"orders-header","previousOperationId":"6zy32ynlbyblemo","timestamp":1704985920947,"id":"0qnoa4u2gzuaf4d","previousEventId":"vbezi88kbzbk98r","operationId":"3flsi5kavo6si0y"}
{"type":"log","timestamp":1704985920948,"level":"info","message":"Starting rendering (child) request","meta":{"rootId":"0rbjwcde58d2ijf","id":"pmo9hiafsr1uqt4"},"id":"lj83e31haywlf1k","previousOperationId":"3flsi5kavo6si0y"}
{"type":"log","timestamp":1704985920948,"level":"info","message":"Rendering template { name: orders-header, recipe: chrome-pdf, engine: handlebars, preview: false }","meta":{"rootId":"0rbjwcde58d2ijf","id":"pmo9hiafsr1uqt4"},"id":"cqz68i5rzp5egf5","previousOperationId":"3flsi5kavo6si0y"}
{"type":"log","timestamp":1704985920950,"level":"debug","message":"Inline data specified.","meta":{"rootId":"0rbjwcde58d2ijf","id":"pmo9hiafsr1uqt4"},"id":"jidt49yndzdq9ho","previousOperationId":"3flsi5kavo6si0y"}
{"type":"log","timestamp":1704985920952,"level":"debug","message":"Base url not specified, skipping its injection.","meta":{"rootId":"0rbjwcde58d2ijf","id":"pmo9hiafsr1uqt4"},"id":"256de45nxeewjgt","previousOperationId":"3flsi5kavo6si0y"}
{"type":"operationStart","subtype":"engine","name":"handlebars","timestamp":1704985920952,"id":"jbvzkca3lcw6zkb","previousEventId":"0qnoa4u2gzuaf4d","operationId":"prpmq94866i6xg8","previousOperationId":"3flsi5kavo6si0y"}
{"type":"log","timestamp":1704985920952,"level":"debug","message":"Rendering engine handlebars","meta":{"rootId":"0rbjwcde58d2ijf","id":"pmo9hiafsr1uqt4"},"id":"zgvi1qji9t7j2bk","previousOperationId":"prpmq94866i6xg8"}
{"type":"operationEnd","operationId":"prpmq94866i6xg8","timestamp":1704985920975,"id":"p7lgvyaqyly9ugp","previousEventId":"jbvzkca3lcw6zkb","previousOperationId":"prpmq94866i6xg8"}
{"type":"operationStart","subtype":"recipe","name":"chrome-pdf","timestamp":1704985920975,"id":"hmv41woe7hf6ttt","previousEventId":"p7lgvyaqyly9ugp","operationId":"9420tz9qcaba972","previousOperationId":"prpmq94866i6xg8"}
{"type":"log","timestamp":1704985920975,"level":"debug","message":"Executing recipe chrome-pdf","meta":{"rootId":"0rbjwcde58d2ijf","id":"pmo9hiafsr1uqt4"},"id":"yv4hs4i9jq7yrdw","previousOperationId":"9420tz9qcaba972"}
{"type":"log","timestamp":1704985920977,"level":"debug","message":"Converting with chrome HeadlessChrome/117.0.5938.149 using chrome-pool strategy","meta":{"rootId":"0rbjwcde58d2ijf","id":"pmo9hiafsr1uqt4"},"id":"v96qh94yy8eexx5","previousOperationId":"9420tz9qcaba972"}
{"type":"log","timestamp":1704985921044,"level":"debug","message":"Page request: GET (document) file:///C:/Users/Javier/AppData/Local/Temp/jsreport/autocleanup/7b520c12-acb0-4e9c-9a22-832ddd6816d1-chrome-pdf.html","meta":{"rootId":"0rbjwcde58d2ijf","id":"pmo9hiafsr1uqt4"},"id":"c6d2bmsdthtck87","previousOperationId":"9420tz9qcaba972"}
{"type":"log","timestamp":1704985921051,"level":"debug","message":"Page request: GET (stylesheet) https://cdnjs.cloudflare.com/ajax/libs/metro/4.1.5/css/metro.min.css","meta":{"rootId":"0rbjwcde58d2ijf","id":"pmo9hiafsr1uqt4"},"id":"j2l2jtg74o22ycf","previousOperationId":"9420tz9qcaba972"}
{"type":"log","timestamp":1704985921051,"level":"debug","message":"Page request finished: GET (document) 200 file:///C:/Users/Javier/AppData/Local/Temp/jsreport/autocleanup/7b520c12-acb0-4e9c-9a22-832ddd6816d1-chrome-pdf.html","meta":{"rootId":"0rbjwcde58d2ijf","id":"pmo9hiafsr1uqt4"},"id":"4b0933mxvoo6e4m","previousOperationId":"9420tz9qcaba972"}
{"type":"log","timestamp":1704985921067,"level":"debug","message":"Page request finished: GET (stylesheet) 200 https://cdnjs.cloudflare.com/ajax/libs/metro/4.1.5/css/metro.min.css","meta":{"rootId":"0rbjwcde58d2ijf","id":"pmo9hiafsr1uqt4"},"id":"mru7lfi5qm9ig0r","previousOperationId":"9420tz9qcaba972"}
{"type":"log","timestamp":1704985921081,"level":"debug","message":"Running chrome with params {\"printBackground\":true,\"marginTop\":\"1.5cm\",\"marginRight\":\"1.5cm\",\"marginLeft\":\"1.cm\",\"timeout\":55425,\"margin\":{\"top\":\"1.5cm\",\"right\":\"1.5cm\",\"left\":\"1.cm\"}}","meta":{"rootId":"0rbjwcde58d2ijf","id":"pmo9hiafsr1uqt4"},"id":"emoq7yb544tvd3w","previousOperationId":"9420tz9qcaba972"}
{"type":"operationEnd","operationId":"9420tz9qcaba972","timestamp":1704985921117,"id":"mkkk2mewnss5qv2","previousEventId":"hmv41woe7hf6ttt","previousOperationId":"9420tz9qcaba972"}
{"type":"log","timestamp":1704985921118,"level":"debug","message":"Skipping storing report.","meta":{"rootId":"0rbjwcde58d2ijf","id":"pmo9hiafsr1uqt4"},"id":"h3d36oe4s1tfvd9","previousOperationId":"9420tz9qcaba972"}
{"type":"log","timestamp":1704985921118,"level":"info","message":"Rendering (child) request finished in 4717 ms","meta":{"rootId":"0rbjwcde58d2ijf","id":"pmo9hiafsr1uqt4"},"id":"0bgjah9elsphcxq","previousOperationId":"9420tz9qcaba972"}
{"type":"operationEnd","subtype":"render","operationId":"3flsi5kavo6si0y","timestamp":1704985921118,"id":"idg1lpv6zou0hqm","previousEventId":"mkkk2mewnss5qv2","previousOperationId":"9420tz9qcaba972"}
{"type":"operationEnd","operationId":"6zy32ynlbyblemo","timestamp":1704985921142,"id":"4urcirx70kly63q","previousEventId":"vbezi88kbzbk98r","previousOperationId":"6zy32ynlbyblemo"}
{"type":"log","timestamp":1704985921142,"level":"debug","message":"pdf-utils postproces start","meta":{"rootId":"0rbjwcde58d2ijf","id":"0rbjwcde58d2ijf"},"id":"5m2ghjslddz37mx","previousOperationId":"6zy32ynlbyblemo"}
{"type":"log","timestamp":1704985921164,"level":"debug","message":"pdf-utils postproces end","meta":{"rootId":"0rbjwcde58d2ijf","id":"0rbjwcde58d2ijf"},"id":"pyk4zn989daoxtg","previousOperationId":"6zy32ynlbyblemo"}
{"type":"operationEnd","operationId":"w1tfrqalqv8fnpi","timestamp":1704985921164,"id":"yol0s57e2bgm2lt","previousEventId":"4urcirx70kly63q","previousOperationId":"6zy32ynlbyblemo"}
{"type":"log","timestamp":1704985921164,"level":"info","message":"pdf-utils pdf processing was finished","meta":{"rootId":"0rbjwcde58d2ijf","id":"0rbjwcde58d2ijf"},"id":"ld5qgo8ac32zagy","previousOperationId":"w1tfrqalqv8fnpi"}
{"type":"log","timestamp":1704985921164,"level":"debug","message":"Skipping storing report.","meta":{"rootId":"0rbjwcde58d2ijf","id":"0rbjwcde58d2ijf"},"id":"shq9hgxws4t5mkj","previousOperationId":"w1tfrqalqv8fnpi"}
{"type":"log","timestamp":1704985921164,"level":"info","message":"Rendering request 2 finished in 4763 ms","meta":{"rootId":"0rbjwcde58d2ijf","id":"0rbjwcde58d2ijf"},"id":"lxiuk8knuco7dm2","previousOperationId":"w1tfrqalqv8fnpi"}
{"type":"operationEnd","subtype":"render","operationId":"n7aw5zw7gz3t0em","timestamp":1704985921164,"id":"dqn5gqrubwytnbl","previousEventId":"yol0s57e2bgm2lt","previousOperationId":"w1tfrqalqv8fnpi"}
{"type":"operationEnd","doDiffs":false,"previousEventId":"umfduk511miqdq1","previousOperationId":"ikl7vyzjtf8aucy","operationId":"ikl7vyzjtf8aucy","timestamp":1704985921169,"id":"xn05y3bpftaoyma"}
