{"type":"operationStart","subtype":"profile","data":{"_id":"VVVscviDyUzKYCP3","timestamp":"2024-01-11T19:39:51.051Z","state":"queued","mode":"standard","creationDate":"2024-01-11T19:39:51.055Z","modificationDate":"2024-01-11T19:39:51.055Z","shortid":"PDUIb5M","$entitySet":"profiles"},"doDiffs":false,"timestamp":1705001991052,"id":"4l78qi4mgyxpb5w","previousOperationId":null,"operationId":"fw41s60t67k94hl"}
{"type":"log","level":"info","message":"Render request 29 queued for execution and waiting for available worker","previousOperationId":"fw41s60t67k94hl","timestamp":1705001991053,"id":"yab35rgbipr9rku"}
{"type":"operationStart","subtype":"render","name":"orders-main","previousOperationId":"fw41s60t67k94hl","timestamp":1705001991064,"id":"u64sp60vqrqi5vp","previousEventId":"4l78qi4mgyxpb5w","operationId":"n2o0u0mejyglif1"}
{"type":"log","timestamp":1705001991064,"level":"info","message":"Starting rendering request 29","meta":{"rootId":"0uy4ayq0bfi2yna","id":"0uy4ayq0bfi2yna"},"id":"i6glq0baodpvim6","previousOperationId":"n2o0u0mejyglif1"}
{"type":"log","timestamp":1705001991064,"level":"info","message":"Rendering template { name: orders-main, recipe: chrome-pdf, engine: handlebars, preview: true }","meta":{"rootId":"0uy4ayq0bfi2yna","id":"0uy4ayq0bfi2yna"},"id":"6a7awnuar7lkqh0","previousOperationId":"n2o0u0mejyglif1"}
{"type":"log","timestamp":1705001991065,"level":"debug","message":"Data item not defined for this template.","meta":{"rootId":"0uy4ayq0bfi2yna","id":"0uy4ayq0bfi2yna"},"id":"0bf9c2gbg562yj5","previousOperationId":"n2o0u0mejyglif1"}
{"type":"log","timestamp":1705001991068,"level":"debug","message":"Executing script orders-script (beforeRender)","meta":{"rootId":"0uy4ayq0bfi2yna","id":"0uy4ayq0bfi2yna"},"id":"0vbfqrc1o1z0290","previousOperationId":"n2o0u0mejyglif1"}
{"type":"operationStart","subtype":"scriptsBeforeRender","name":"scripts beforeRender","timestamp":1705001991087,"id":"5apzqrc6peeoyxp","previousEventId":"u64sp60vqrqi5vp","operationId":"swpzsyfea7xckac","previousOperationId":"n2o0u0mejyglif1"}
{"type":"operationStart","subtype":"script","name":"scripts orders-script","previousOperationId":"swpzsyfea7xckac","timestamp":1705001991087,"id":"wzl98r8j01k93kg","previousEventId":"5apzqrc6peeoyxp","operationId":"9phvdebl868eqwv"}
{"type":"operationEnd","operationId":"9phvdebl868eqwv","timestamp":1705001993127,"id":"ef2mqfszayl5gvy","previousEventId":"u64sp60vqrqi5vp","previousOperationId":"n2o0u0mejyglif1"}
{"type":"operationEnd","operationId":"swpzsyfea7xckac","timestamp":1705001993127,"id":"c4cl67qqfcm8khi","previousEventId":"ef2mqfszayl5gvy","previousOperationId":"n2o0u0mejyglif1"}
{"type":"log","timestamp":1705001993127,"level":"debug","message":"Base url not specified, skipping its injection.","meta":{"rootId":"0uy4ayq0bfi2yna","id":"0uy4ayq0bfi2yna"},"id":"mdo0a8mpuigz6f9","previousOperationId":"swpzsyfea7xckac"}
{"type":"operationStart","subtype":"engine","name":"handlebars","timestamp":1705001993127,"id":"8p7m05ivkt4smzo","previousEventId":"c4cl67qqfcm8khi","operationId":"59ndfmytozbdvrm","previousOperationId":"swpzsyfea7xckac"}
{"type":"log","timestamp":1705001993127,"level":"debug","message":"Rendering engine handlebars","meta":{"rootId":"0uy4ayq0bfi2yna","id":"0uy4ayq0bfi2yna"},"id":"gdryjz2ely429if","previousOperationId":"59ndfmytozbdvrm"}
{"type":"log","timestamp":1705001993145,"level":"debug","message":"(console:log) Pdf utils adding group field, value: \"France\"","meta":{"userLevel":true,"rootId":"0uy4ayq0bfi2yna","id":"0uy4ayq0bfi2yna"},"id":"p39ar7t59fsmcz7","previousOperationId":"59ndfmytozbdvrm"}
{"type":"log","timestamp":1705001993146,"level":"debug","message":"(console:log) Pdf utils adding group field, value: \"Germany\"","meta":{"userLevel":true,"rootId":"0uy4ayq0bfi2yna","id":"0uy4ayq0bfi2yna"},"id":"2ii8pgbbc2ala02","previousOperationId":"59ndfmytozbdvrm"}
{"type":"operationEnd","operationId":"59ndfmytozbdvrm","timestamp":1705001993146,"id":"3stxz4gvys25oir","previousEventId":"8p7m05ivkt4smzo","previousOperationId":"59ndfmytozbdvrm"}
{"type":"operationStart","subtype":"recipe","name":"chrome-pdf","timestamp":1705001993147,"id":"oxzk9sprl0blpp8","previousEventId":"3stxz4gvys25oir","operationId":"ghwgt4p6vnyr24z","previousOperationId":"59ndfmytozbdvrm"}
{"type":"log","timestamp":1705001993147,"level":"debug","message":"Executing recipe chrome-pdf","meta":{"rootId":"0uy4ayq0bfi2yna","id":"0uy4ayq0bfi2yna"},"id":"hd2z9r70sivjkma","previousOperationId":"ghwgt4p6vnyr24z"}
{"type":"log","timestamp":1705001993150,"level":"debug","message":"Converting with chrome HeadlessChrome/117.0.5938.149 using chrome-pool strategy","meta":{"rootId":"0uy4ayq0bfi2yna","id":"0uy4ayq0bfi2yna"},"id":"kdn2mvclgxv611e","previousOperationId":"ghwgt4p6vnyr24z"}
{"type":"log","timestamp":1705001993226,"level":"debug","message":"Page request: GET (document) file:///C:/Users/Javier/AppData/Local/Temp/jsreport/autocleanup/e7704680-c055-4142-8ae2-3d690c3e1452-chrome-pdf.html","meta":{"rootId":"0uy4ayq0bfi2yna","id":"0uy4ayq0bfi2yna"},"id":"yzthsw2vovlcnmz","previousOperationId":"ghwgt4p6vnyr24z"}
{"type":"log","timestamp":1705001993269,"level":"debug","message":"Page request: GET (stylesheet) https://cdnjs.cloudflare.com/ajax/libs/metro/4.1.5/css/metro.min.css","meta":{"rootId":"0uy4ayq0bfi2yna","id":"0uy4ayq0bfi2yna"},"id":"qhvbq4i57rfx0wz","previousOperationId":"ghwgt4p6vnyr24z"}
{"type":"log","timestamp":1705001993270,"level":"debug","message":"Page request: GET (script) https://cdnjs.cloudflare.com/ajax/libs/Chart.js/2.7.2/Chart.min.js","meta":{"rootId":"0uy4ayq0bfi2yna","id":"0uy4ayq0bfi2yna"},"id":"jhsz965ptupgfgp","previousOperationId":"ghwgt4p6vnyr24z"}
{"type":"log","timestamp":1705001993270,"level":"debug","message":"Page request finished: GET (document) 200 file:///C:/Users/Javier/AppData/Local/Temp/jsreport/autocleanup/e7704680-c055-4142-8ae2-3d690c3e1452-chrome-pdf.html","meta":{"rootId":"0uy4ayq0bfi2yna","id":"0uy4ayq0bfi2yna"},"id":"m7xunw2il1lfo3h","previousOperationId":"ghwgt4p6vnyr24z"}
{"type":"log","timestamp":1705001995884,"level":"debug","message":"Page request finished: GET (script) 200 https://cdnjs.cloudflare.com/ajax/libs/Chart.js/2.7.2/Chart.min.js","meta":{"rootId":"0uy4ayq0bfi2yna","id":"0uy4ayq0bfi2yna"},"id":"ht3zvilxdxoyaiq","previousOperationId":"ghwgt4p6vnyr24z"}
{"type":"log","timestamp":1705001995958,"level":"debug","message":"Page request finished: GET (stylesheet) 200 https://cdnjs.cloudflare.com/ajax/libs/metro/4.1.5/css/metro.min.css","meta":{"rootId":"0uy4ayq0bfi2yna","id":"0uy4ayq0bfi2yna"},"id":"lcpg0mq1u3vsf29","previousOperationId":"ghwgt4p6vnyr24z"}
{"type":"log","timestamp":1705001996014,"level":"debug","message":"Running chrome with params {\"printBackground\":true,\"marginTop\":\"4cm\",\"marginRight\":\"1.5cm\",\"marginBottom\":\"1.5cm\",\"marginLeft\":\"1.5cm\",\"waitForJS\":false,\"timeout\":57902,\"margin\":{\"top\":\"4cm\",\"right\":\"1.5cm\",\"bottom\":\"1.5cm\",\"left\":\"1.5cm\"}}","meta":{"rootId":"0uy4ayq0bfi2yna","id":"0uy4ayq0bfi2yna"},"id":"xzr406vy9ausdzb","previousOperationId":"ghwgt4p6vnyr24z"}
{"type":"operationEnd","operationId":"ghwgt4p6vnyr24z","timestamp":1705001996131,"id":"sphtlzemagvtewm","previousEventId":"oxzk9sprl0blpp8","previousOperationId":"ghwgt4p6vnyr24z"}
{"type":"log","timestamp":1705001996132,"level":"info","message":"pdf-utils is starting pdf processing","meta":{"rootId":"0uy4ayq0bfi2yna","id":"0uy4ayq0bfi2yna"},"id":"k25aot0vgyaet67","previousOperationId":"ghwgt4p6vnyr24z"}
{"type":"operationStart","subtype":"pdfUtils","name":"pdf utils","timestamp":1705001996377,"id":"dcm42t92rf48bsh","previousEventId":"sphtlzemagvtewm","operationId":"ijhiq24dprcl1zf","previousOperationId":"ghwgt4p6vnyr24z"}
{"type":"log","timestamp":1705001996378,"level":"debug","message":"pdf-utils detected 1 pdf operation(s) to process","meta":{"rootId":"0uy4ayq0bfi2yna","id":"0uy4ayq0bfi2yna"},"id":"h07tz8a2r4umn95","previousOperationId":"ijhiq24dprcl1zf"}
{"type":"log","timestamp":1705001996610,"level":"debug","message":"pdf-utils running pdf operation merge","meta":{"rootId":"0uy4ayq0bfi2yna","id":"0uy4ayq0bfi2yna"},"id":"af8894i816nvmre","previousOperationId":"ijhiq24dprcl1zf"}
{"type":"operationStart","subtype":"pdfUtilsMerge","name":"pdf utils merge","previousOperationId":"ijhiq24dprcl1zf","timestamp":1705001996610,"id":"tzhz9fhwxbaiopz","previousEventId":"dcm42t92rf48bsh","operationId":"yw85wgy2po6b4zt"}
{"type":"operationStart","subtype":"render","name":"orders-header","previousOperationId":"yw85wgy2po6b4zt","timestamp":1705001996611,"id":"26v2s6quchdfccr","previousEventId":"tzhz9fhwxbaiopz","operationId":"bt8hhc6jcz869zr"}
{"type":"log","timestamp":1705001996611,"level":"info","message":"Starting rendering (child) request","meta":{"rootId":"0uy4ayq0bfi2yna","id":"09tsocvaor5a4ow"},"id":"h1v8b1kyplafp1n","previousOperationId":"bt8hhc6jcz869zr"}
{"type":"log","timestamp":1705001996611,"level":"info","message":"Rendering template { name: orders-header, recipe: chrome-pdf, engine: handlebars, preview: true }","meta":{"rootId":"0uy4ayq0bfi2yna","id":"09tsocvaor5a4ow"},"id":"7ozvujz82pmnf10","previousOperationId":"bt8hhc6jcz869zr"}
{"type":"log","timestamp":1705001996616,"level":"debug","message":"Inline data specified.","meta":{"rootId":"0uy4ayq0bfi2yna","id":"09tsocvaor5a4ow"},"id":"lbd03do4b2u65n1","previousOperationId":"bt8hhc6jcz869zr"}
{"type":"log","timestamp":1705001996617,"level":"debug","message":"Base url not specified, skipping its injection.","meta":{"rootId":"0uy4ayq0bfi2yna","id":"09tsocvaor5a4ow"},"id":"xxb0fsaa1xh8nwp","previousOperationId":"bt8hhc6jcz869zr"}
{"type":"operationStart","subtype":"engine","name":"handlebars","timestamp":1705001996617,"id":"s7ut6i41ondqdyv","previousEventId":"26v2s6quchdfccr","operationId":"5n4czvkfwpazjuk","previousOperationId":"bt8hhc6jcz869zr"}
{"type":"log","timestamp":1705001996617,"level":"debug","message":"Rendering engine handlebars","meta":{"rootId":"0uy4ayq0bfi2yna","id":"09tsocvaor5a4ow"},"id":"83hzg2aapp6fx1e","previousOperationId":"5n4czvkfwpazjuk"}
{"type":"operationEnd","operationId":"5n4czvkfwpazjuk","timestamp":1705001996702,"id":"vyb1qf2ztg7eq8o","previousEventId":"s7ut6i41ondqdyv","previousOperationId":"5n4czvkfwpazjuk"}
{"type":"operationStart","subtype":"recipe","name":"chrome-pdf","timestamp":1705001996702,"id":"lj05rbn3nujae6p","previousEventId":"vyb1qf2ztg7eq8o","operationId":"3uw52vto0iibbod","previousOperationId":"5n4czvkfwpazjuk"}
{"type":"log","timestamp":1705001996702,"level":"debug","message":"Executing recipe chrome-pdf","meta":{"rootId":"0uy4ayq0bfi2yna","id":"09tsocvaor5a4ow"},"id":"nxhbxnwoz3edtcl","previousOperationId":"3uw52vto0iibbod"}
{"type":"log","timestamp":1705001996704,"level":"debug","message":"Converting with chrome HeadlessChrome/117.0.5938.149 using chrome-pool strategy","meta":{"rootId":"0uy4ayq0bfi2yna","id":"09tsocvaor5a4ow"},"id":"t0nqlkngthj1qxg","previousOperationId":"3uw52vto0iibbod"}
{"type":"log","timestamp":1705001996774,"level":"debug","message":"Page request: GET (document) file:///C:/Users/Javier/AppData/Local/Temp/jsreport/autocleanup/27659a27-fbe2-4aed-9918-e7da68e81d0d-chrome-pdf.html","meta":{"rootId":"0uy4ayq0bfi2yna","id":"09tsocvaor5a4ow"},"id":"356242x9netukoa","previousOperationId":"3uw52vto0iibbod"}
{"type":"log","timestamp":1705001996790,"level":"debug","message":"Page request: GET (stylesheet) https://cdnjs.cloudflare.com/ajax/libs/metro/4.1.5/css/metro.min.css","meta":{"rootId":"0uy4ayq0bfi2yna","id":"09tsocvaor5a4ow"},"id":"t8mpyvvuczroqmz","previousOperationId":"3uw52vto0iibbod"}
{"type":"log","timestamp":1705001996790,"level":"debug","message":"Page request finished: GET (document) 200 file:///C:/Users/Javier/AppData/Local/Temp/jsreport/autocleanup/27659a27-fbe2-4aed-9918-e7da68e81d0d-chrome-pdf.html","meta":{"rootId":"0uy4ayq0bfi2yna","id":"09tsocvaor5a4ow"},"id":"siqb164usajr9mr","previousOperationId":"3uw52vto0iibbod"}
{"type":"log","timestamp":1705001996802,"level":"debug","message":"Page request finished: GET (stylesheet) 200 https://cdnjs.cloudflare.com/ajax/libs/metro/4.1.5/css/metro.min.css","meta":{"rootId":"0uy4ayq0bfi2yna","id":"09tsocvaor5a4ow"},"id":"grke8nlf4t5p6ml","previousOperationId":"3uw52vto0iibbod"}
{"type":"log","timestamp":1705001996816,"level":"debug","message":"Running chrome with params {\"printBackground\":true,\"marginTop\":\"1.5cm\",\"marginRight\":\"1.5cm\",\"marginLeft\":\"1.cm\",\"timeout\":54348,\"margin\":{\"top\":\"1.5cm\",\"right\":\"1.5cm\",\"left\":\"1.cm\"}}","meta":{"rootId":"0uy4ayq0bfi2yna","id":"09tsocvaor5a4ow"},"id":"v9erxiq1bet0he6","previousOperationId":"3uw52vto0iibbod"}
{"type":"operationEnd","operationId":"3uw52vto0iibbod","timestamp":1705001996849,"id":"0cl53u8odyxx5kw","previousEventId":"lj05rbn3nujae6p","previousOperationId":"3uw52vto0iibbod"}
{"type":"log","timestamp":1705001996849,"level":"debug","message":"Skipping storing report.","meta":{"rootId":"0uy4ayq0bfi2yna","id":"09tsocvaor5a4ow"},"id":"tvp69wsh5ayfuzu","previousOperationId":"3uw52vto0iibbod"}
{"type":"log","timestamp":1705001996849,"level":"info","message":"Rendering (child) request finished in 5798 ms","meta":{"rootId":"0uy4ayq0bfi2yna","id":"09tsocvaor5a4ow"},"id":"1nhppnseei2jqvq","previousOperationId":"3uw52vto0iibbod"}
{"type":"operationEnd","subtype":"render","operationId":"bt8hhc6jcz869zr","timestamp":1705001996849,"id":"nmxy7kmt4q2ej2s","previousEventId":"0cl53u8odyxx5kw","previousOperationId":"3uw52vto0iibbod"}
{"type":"operationEnd","operationId":"yw85wgy2po6b4zt","timestamp":1705001996883,"id":"421u2v1cjup3dog","previousEventId":"tzhz9fhwxbaiopz","previousOperationId":"yw85wgy2po6b4zt"}
{"type":"log","timestamp":1705001996883,"level":"debug","message":"pdf-utils postproces start","meta":{"rootId":"0uy4ayq0bfi2yna","id":"0uy4ayq0bfi2yna"},"id":"y6203f1gq1zogm4","previousOperationId":"yw85wgy2po6b4zt"}
{"type":"log","timestamp":1705001996907,"level":"debug","message":"pdf-utils postproces end","meta":{"rootId":"0uy4ayq0bfi2yna","id":"0uy4ayq0bfi2yna"},"id":"tizk856y73dfm9l","previousOperationId":"yw85wgy2po6b4zt"}
{"type":"operationEnd","operationId":"ijhiq24dprcl1zf","timestamp":1705001996907,"id":"iadhnswtlc6hzq7","previousEventId":"421u2v1cjup3dog","previousOperationId":"yw85wgy2po6b4zt"}
{"type":"log","timestamp":1705001996907,"level":"info","message":"pdf-utils pdf processing was finished","meta":{"rootId":"0uy4ayq0bfi2yna","id":"0uy4ayq0bfi2yna"},"id":"2ucekxaihn9lgz7","previousOperationId":"ijhiq24dprcl1zf"}
{"type":"log","timestamp":1705001996907,"level":"debug","message":"Skipping storing report.","meta":{"rootId":"0uy4ayq0bfi2yna","id":"0uy4ayq0bfi2yna"},"id":"9rg3ry9c1mw9lz9","previousOperationId":"ijhiq24dprcl1zf"}
{"type":"log","timestamp":1705001996908,"level":"info","message":"Rendering request 29 finished in 5857 ms","meta":{"rootId":"0uy4ayq0bfi2yna","id":"0uy4ayq0bfi2yna"},"id":"wsexi2srlbbr5x6","previousOperationId":"ijhiq24dprcl1zf"}
{"type":"operationEnd","subtype":"render","operationId":"n2o0u0mejyglif1","timestamp":1705001996908,"id":"29fsbrjbud1hb5l","previousEventId":"iadhnswtlc6hzq7","previousOperationId":"ijhiq24dprcl1zf"}
{"type":"operationEnd","doDiffs":false,"previousEventId":"4l78qi4mgyxpb5w","previousOperationId":"fw41s60t67k94hl","operationId":"fw41s60t67k94hl","timestamp":1705001996916,"id":"xu6fjqzu5ptx5la"}
