{"type":"operationStart","subtype":"profile","data":{"_id":"nCzFqhmWdty3LUKl","timestamp":"2024-01-11T12:52:31.557Z","state":"queued","mode":"standard","creationDate":"2024-01-11T12:52:31.559Z","modificationDate":"2024-01-11T12:52:31.559Z","shortid":"xUrYDTy","$entitySet":"profiles"},"doDiffs":false,"timestamp":1704977551559,"id":"v3w4n3sbwtdzfgv","previousOperationId":null,"operationId":"pj7j412hcwe0dho"}
{"type":"log","level":"info","message":"Render request 36 queued for execution and waiting for available worker","previousOperationId":"pj7j412hcwe0dho","timestamp":1704977551559,"id":"rbor7n4njr8frm3"}
{"type":"operationStart","subtype":"render","name":"orders-main","previousOperationId":"pj7j412hcwe0dho","timestamp":1704977551567,"id":"q93yopi9e52wyzm","previousEventId":"v3w4n3sbwtdzfgv","operationId":"ffiw1xbimhyolhb"}
{"type":"log","timestamp":1704977551567,"level":"info","message":"Starting rendering request 36","meta":{"rootId":"24494j3cvnd71jy","id":"24494j3cvnd71jy"},"id":"tvn0016mpjw2cj2","previousOperationId":"ffiw1xbimhyolhb"}
{"type":"log","timestamp":1704977551567,"level":"info","message":"Rendering template { name: orders-main, recipe: chrome-pdf, engine: handlebars, preview: true }","meta":{"rootId":"24494j3cvnd71jy","id":"24494j3cvnd71jy"},"id":"b8e3t2h5hah2h55","previousOperationId":"ffiw1xbimhyolhb"}
{"type":"log","timestamp":1704977551568,"level":"debug","message":"Data item not defined for this template.","meta":{"rootId":"24494j3cvnd71jy","id":"24494j3cvnd71jy"},"id":"8pmp4tdnbvbpwqb","previousOperationId":"ffiw1xbimhyolhb"}
{"type":"log","timestamp":1704977551571,"level":"debug","message":"Executing script orders-script (beforeRender)","meta":{"rootId":"24494j3cvnd71jy","id":"24494j3cvnd71jy"},"id":"ic0ikfhoap0e2n1","previousOperationId":"ffiw1xbimhyolhb"}
{"type":"operationStart","subtype":"scriptsBeforeRender","name":"scripts beforeRender","timestamp":1704977551584,"id":"ftht7hnpfxiglxz","previousEventId":"q93yopi9e52wyzm","operationId":"6cyvz651k2x37ct","previousOperationId":"ffiw1xbimhyolhb"}
{"type":"operationStart","subtype":"script","name":"scripts orders-script","previousOperationId":"6cyvz651k2x37ct","timestamp":1704977551584,"id":"6ue3qkpq3tpbjv8","previousEventId":"ftht7hnpfxiglxz","operationId":"hk2e5ytdn3d1hln"}
{"type":"log","timestamp":1704977552929,"level":"debug","message":"(console:log) aaaaaaaaaaaaaaaaaaaaaaaaaaaaaaaaaaa","meta":{"userLevel":true,"rootId":"24494j3cvnd71jy","id":"24494j3cvnd71jy"},"id":"w9d6iwruuqin63h","previousOperationId":"hk2e5ytdn3d1hln"}
{"type":"operationEnd","operationId":"hk2e5ytdn3d1hln","timestamp":1704977552929,"id":"r6zjx4lwkorsou2","previousEventId":"q93yopi9e52wyzm","previousOperationId":"ffiw1xbimhyolhb"}
{"type":"operationEnd","operationId":"6cyvz651k2x37ct","timestamp":1704977552929,"id":"o2zd69i42l9d19j","previousEventId":"r6zjx4lwkorsou2","previousOperationId":"ffiw1xbimhyolhb"}
{"type":"log","timestamp":1704977552929,"level":"debug","message":"Base url not specified, skipping its injection.","meta":{"rootId":"24494j3cvnd71jy","id":"24494j3cvnd71jy"},"id":"fac153zuvx8xbas","previousOperationId":"6cyvz651k2x37ct"}
{"type":"operationStart","subtype":"engine","name":"handlebars","timestamp":1704977552929,"id":"ksaw28hq0h237gc","previousEventId":"o2zd69i42l9d19j","operationId":"eef8dq2p9h0tu6y","previousOperationId":"6cyvz651k2x37ct"}
{"type":"log","timestamp":1704977552929,"level":"debug","message":"Rendering engine handlebars","meta":{"rootId":"24494j3cvnd71jy","id":"24494j3cvnd71jy"},"id":"j7gk9wexz4u1m14","previousOperationId":"eef8dq2p9h0tu6y"}
{"type":"log","timestamp":1704977552940,"level":"debug","message":"(console:log) Pdf utils adding group field, value: \"France\"","meta":{"userLevel":true,"rootId":"24494j3cvnd71jy","id":"24494j3cvnd71jy"},"id":"7kr9wcux33icqqj","previousOperationId":"eef8dq2p9h0tu6y"}
{"type":"log","timestamp":1704977552941,"level":"debug","message":"(console:log) Pdf utils adding group field, value: \"Germany\"","meta":{"userLevel":true,"rootId":"24494j3cvnd71jy","id":"24494j3cvnd71jy"},"id":"c6mfw3fppgusebb","previousOperationId":"eef8dq2p9h0tu6y"}
{"type":"operationEnd","operationId":"eef8dq2p9h0tu6y","timestamp":1704977552941,"id":"xr0at33yf3i187s","previousEventId":"ksaw28hq0h237gc","previousOperationId":"eef8dq2p9h0tu6y"}
{"type":"operationStart","subtype":"recipe","name":"chrome-pdf","timestamp":1704977552941,"id":"2p02hqegjdr8bs4","previousEventId":"xr0at33yf3i187s","operationId":"led5se4b7wt9xcc","previousOperationId":"eef8dq2p9h0tu6y"}
{"type":"log","timestamp":1704977552941,"level":"debug","message":"Executing recipe chrome-pdf","meta":{"rootId":"24494j3cvnd71jy","id":"24494j3cvnd71jy"},"id":"d6b4ixedic9afbj","previousOperationId":"led5se4b7wt9xcc"}
{"type":"log","timestamp":1704977552946,"level":"debug","message":"Converting with chrome HeadlessChrome/117.0.5938.149 using chrome-pool strategy","meta":{"rootId":"24494j3cvnd71jy","id":"24494j3cvnd71jy"},"id":"vcmbjzfjfmqp0uv","previousOperationId":"led5se4b7wt9xcc"}
{"type":"log","timestamp":1704977553026,"level":"debug","message":"Page request: GET (document) file:///C:/Users/Javier/AppData/Local/Temp/jsreport/autocleanup/7461cea3-74ae-495e-b191-a0ce72571304-chrome-pdf.html","meta":{"rootId":"24494j3cvnd71jy","id":"24494j3cvnd71jy"},"id":"yqd8mtewjz1z48b","previousOperationId":"led5se4b7wt9xcc"}
{"type":"log","timestamp":1704977553070,"level":"debug","message":"Page request: GET (stylesheet) https://cdnjs.cloudflare.com/ajax/libs/metro/4.1.5/css/metro.min.css","meta":{"rootId":"24494j3cvnd71jy","id":"24494j3cvnd71jy"},"id":"0qjotw0p3t8b09x","previousOperationId":"led5se4b7wt9xcc"}
{"type":"log","timestamp":1704977553070,"level":"debug","message":"Page request: GET (script) https://cdnjs.cloudflare.com/ajax/libs/Chart.js/2.7.2/Chart.min.js","meta":{"rootId":"24494j3cvnd71jy","id":"24494j3cvnd71jy"},"id":"6qowwas15pnxbyo","previousOperationId":"led5se4b7wt9xcc"}
{"type":"log","timestamp":1704977553070,"level":"debug","message":"Page request finished: GET (document) 200 file:///C:/Users/Javier/AppData/Local/Temp/jsreport/autocleanup/7461cea3-74ae-495e-b191-a0ce72571304-chrome-pdf.html","meta":{"rootId":"24494j3cvnd71jy","id":"24494j3cvnd71jy"},"id":"1ag3u6rjkmdz7qh","previousOperationId":"led5se4b7wt9xcc"}
{"type":"log","timestamp":1704977553087,"level":"debug","message":"Page request finished: GET (stylesheet) 200 https://cdnjs.cloudflare.com/ajax/libs/metro/4.1.5/css/metro.min.css","meta":{"rootId":"24494j3cvnd71jy","id":"24494j3cvnd71jy"},"id":"pip3gqxxo72s3rx","previousOperationId":"led5se4b7wt9xcc"}
{"type":"log","timestamp":1704977553088,"level":"debug","message":"Page request finished: GET (script) 200 https://cdnjs.cloudflare.com/ajax/libs/Chart.js/2.7.2/Chart.min.js","meta":{"rootId":"24494j3cvnd71jy","id":"24494j3cvnd71jy"},"id":"e4sb5f6ab46av6a","previousOperationId":"led5se4b7wt9xcc"}
{"type":"log","timestamp":1704977553146,"level":"debug","message":"Running chrome with params {\"printBackground\":true,\"marginTop\":\"4cm\",\"marginRight\":\"1.5cm\",\"marginBottom\":\"1.5cm\",\"marginLeft\":\"1.5cm\",\"waitForJS\":false,\"timeout\":58612,\"margin\":{\"top\":\"4cm\",\"right\":\"1.5cm\",\"bottom\":\"1.5cm\",\"left\":\"1.5cm\"}}","meta":{"rootId":"24494j3cvnd71jy","id":"24494j3cvnd71jy"},"id":"yp5a5twopuwwiwt","previousOperationId":"led5se4b7wt9xcc"}
{"type":"operationEnd","operationId":"led5se4b7wt9xcc","timestamp":1704977553268,"id":"lgx4wmdz9z1b8pf","previousEventId":"2p02hqegjdr8bs4","previousOperationId":"led5se4b7wt9xcc"}
{"type":"log","timestamp":1704977553268,"level":"info","message":"pdf-utils is starting pdf processing","meta":{"rootId":"24494j3cvnd71jy","id":"24494j3cvnd71jy"},"id":"6xlpm1cmpk47fkd","previousOperationId":"led5se4b7wt9xcc"}
{"type":"operationStart","subtype":"pdfUtils","name":"pdf utils","timestamp":1704977553268,"id":"aj7nei1t27unzpk","previousEventId":"lgx4wmdz9z1b8pf","operationId":"ztumh2cfez21sh8","previousOperationId":"led5se4b7wt9xcc"}
{"type":"log","timestamp":1704977553268,"level":"debug","message":"pdf-utils detected 1 pdf operation(s) to process","meta":{"rootId":"24494j3cvnd71jy","id":"24494j3cvnd71jy"},"id":"hit68kx1xi5lsbh","previousOperationId":"ztumh2cfez21sh8"}
{"type":"log","timestamp":1704977553314,"level":"debug","message":"pdf-utils running pdf operation merge","meta":{"rootId":"24494j3cvnd71jy","id":"24494j3cvnd71jy"},"id":"lrqkfdanyxaios9","previousOperationId":"ztumh2cfez21sh8"}
{"type":"operationStart","subtype":"pdfUtilsMerge","name":"pdf utils merge","previousOperationId":"ztumh2cfez21sh8","timestamp":1704977553314,"id":"xdr5wzezuk77sji","previousEventId":"aj7nei1t27unzpk","operationId":"qvev73tp2de6elz"}
{"type":"operationStart","subtype":"render","name":"orders-header","previousOperationId":"qvev73tp2de6elz","timestamp":1704977553316,"id":"brajuzmfby3ej77","previousEventId":"xdr5wzezuk77sji","operationId":"7caszstqkaa4om1"}
{"type":"log","timestamp":1704977553316,"level":"info","message":"Starting rendering (child) request","meta":{"rootId":"24494j3cvnd71jy","id":"wblhpqvnrp5yl8i"},"id":"dnxrjj61ti8pl0j","previousOperationId":"7caszstqkaa4om1"}
{"type":"log","timestamp":1704977553317,"level":"info","message":"Rendering template { name: orders-header, recipe: chrome-pdf, engine: handlebars, preview: true }","meta":{"rootId":"24494j3cvnd71jy","id":"wblhpqvnrp5yl8i"},"id":"6f39666mhbrwe96","previousOperationId":"7caszstqkaa4om1"}
{"type":"log","timestamp":1704977553317,"level":"debug","message":"Inline data specified.","meta":{"rootId":"24494j3cvnd71jy","id":"wblhpqvnrp5yl8i"},"id":"fnuzdbn0wudyqea","previousOperationId":"7caszstqkaa4om1"}
{"type":"log","timestamp":1704977553319,"level":"debug","message":"Base url not specified, skipping its injection.","meta":{"rootId":"24494j3cvnd71jy","id":"wblhpqvnrp5yl8i"},"id":"lamvh3dfd77tc2d","previousOperationId":"7caszstqkaa4om1"}
{"type":"operationStart","subtype":"engine","name":"handlebars","timestamp":1704977553319,"id":"djhmr29p778zlxy","previousEventId":"brajuzmfby3ej77","operationId":"kdgmdgptus91ly0","previousOperationId":"7caszstqkaa4om1"}
{"type":"log","timestamp":1704977553319,"level":"debug","message":"Rendering engine handlebars","meta":{"rootId":"24494j3cvnd71jy","id":"wblhpqvnrp5yl8i"},"id":"vpd5jfu91wrqvlf","previousOperationId":"kdgmdgptus91ly0"}
{"type":"operationEnd","operationId":"kdgmdgptus91ly0","timestamp":1704977553335,"id":"9pumicxyuwhxsdp","previousEventId":"djhmr29p778zlxy","previousOperationId":"kdgmdgptus91ly0"}
{"type":"operationStart","subtype":"recipe","name":"chrome-pdf","timestamp":1704977553335,"id":"mum5fzbmilwfv6v","previousEventId":"9pumicxyuwhxsdp","operationId":"pwweh7kye8vmdmj","previousOperationId":"kdgmdgptus91ly0"}
{"type":"log","timestamp":1704977553335,"level":"debug","message":"Executing recipe chrome-pdf","meta":{"rootId":"24494j3cvnd71jy","id":"wblhpqvnrp5yl8i"},"id":"mp69y9sfey82bqo","previousOperationId":"pwweh7kye8vmdmj"}
{"type":"log","timestamp":1704977553337,"level":"debug","message":"Converting with chrome HeadlessChrome/117.0.5938.149 using chrome-pool strategy","meta":{"rootId":"24494j3cvnd71jy","id":"wblhpqvnrp5yl8i"},"id":"tm5acx7arlytzk0","previousOperationId":"pwweh7kye8vmdmj"}
{"type":"log","timestamp":1704977553421,"level":"debug","message":"Page request: GET (document) file:///C:/Users/Javier/AppData/Local/Temp/jsreport/autocleanup/46e51718-2488-4afc-bc3b-503db0c4cba1-chrome-pdf.html","meta":{"rootId":"24494j3cvnd71jy","id":"wblhpqvnrp5yl8i"},"id":"tqaxltz2eka2pu4","previousOperationId":"pwweh7kye8vmdmj"}
{"type":"log","timestamp":1704977553428,"level":"debug","message":"Page request: GET (stylesheet) https://cdnjs.cloudflare.com/ajax/libs/metro/4.1.5/css/metro.min.css","meta":{"rootId":"24494j3cvnd71jy","id":"wblhpqvnrp5yl8i"},"id":"uj24oryg3yxtvca","previousOperationId":"pwweh7kye8vmdmj"}
{"type":"log","timestamp":1704977553429,"level":"debug","message":"Page request finished: GET (document) 200 file:///C:/Users/Javier/AppData/Local/Temp/jsreport/autocleanup/46e51718-2488-4afc-bc3b-503db0c4cba1-chrome-pdf.html","meta":{"rootId":"24494j3cvnd71jy","id":"wblhpqvnrp5yl8i"},"id":"23ti71nj1w3i6zg","previousOperationId":"pwweh7kye8vmdmj"}
{"type":"log","timestamp":1704977553442,"level":"debug","message":"Page request finished: GET (stylesheet) 200 https://cdnjs.cloudflare.com/ajax/libs/metro/4.1.5/css/metro.min.css","meta":{"rootId":"24494j3cvnd71jy","id":"wblhpqvnrp5yl8i"},"id":"wvj9d8g1uvbbcfp","previousOperationId":"pwweh7kye8vmdmj"}
{"type":"log","timestamp":1704977553459,"level":"debug","message":"Running chrome with params {\"printBackground\":true,\"marginTop\":\"1.5cm\",\"marginRight\":\"1.5cm\",\"marginLeft\":\"1.cm\",\"timeout\":58220,\"margin\":{\"top\":\"1.5cm\",\"right\":\"1.5cm\",\"left\":\"1.cm\"}}","meta":{"rootId":"24494j3cvnd71jy","id":"wblhpqvnrp5yl8i"},"id":"usqmyp5fyvg79de","previousOperationId":"pwweh7kye8vmdmj"}
{"type":"operationEnd","operationId":"pwweh7kye8vmdmj","timestamp":1704977553494,"id":"gbrz6i8cooanykq","previousEventId":"mum5fzbmilwfv6v","previousOperationId":"pwweh7kye8vmdmj"}
{"type":"log","timestamp":1704977553494,"level":"debug","message":"Skipping storing report.","meta":{"rootId":"24494j3cvnd71jy","id":"wblhpqvnrp5yl8i"},"id":"443qhnu2bpifkud","previousOperationId":"pwweh7kye8vmdmj"}
{"type":"log","timestamp":1704977553494,"level":"info","message":"Rendering (child) request finished in 1937 ms","meta":{"rootId":"24494j3cvnd71jy","id":"wblhpqvnrp5yl8i"},"id":"z0ayba6r7oiz72p","previousOperationId":"pwweh7kye8vmdmj"}
{"type":"operationEnd","subtype":"render","operationId":"7caszstqkaa4om1","timestamp":1704977553494,"id":"s45kwxq40tbm6kx","previousEventId":"gbrz6i8cooanykq","previousOperationId":"pwweh7kye8vmdmj"}
{"type":"operationEnd","operationId":"qvev73tp2de6elz","timestamp":1704977553509,"id":"l6s8qjb9wxom66m","previousEventId":"xdr5wzezuk77sji","previousOperationId":"qvev73tp2de6elz"}
{"type":"log","timestamp":1704977553509,"level":"debug","message":"pdf-utils postproces start","meta":{"rootId":"24494j3cvnd71jy","id":"24494j3cvnd71jy"},"id":"3l2g6adgohostbv","previousOperationId":"qvev73tp2de6elz"}
{"type":"log","timestamp":1704977553534,"level":"debug","message":"pdf-utils postproces end","meta":{"rootId":"24494j3cvnd71jy","id":"24494j3cvnd71jy"},"id":"wuvjiemhjwknqv1","previousOperationId":"qvev73tp2de6elz"}
{"type":"operationEnd","operationId":"ztumh2cfez21sh8","timestamp":1704977553534,"id":"c3sq4d776uvstrd","previousEventId":"l6s8qjb9wxom66m","previousOperationId":"qvev73tp2de6elz"}
{"type":"log","timestamp":1704977553534,"level":"info","message":"pdf-utils pdf processing was finished","meta":{"rootId":"24494j3cvnd71jy","id":"24494j3cvnd71jy"},"id":"6plx8decqw7d9wn","previousOperationId":"ztumh2cfez21sh8"}
{"type":"log","timestamp":1704977553534,"level":"debug","message":"Skipping storing report.","meta":{"rootId":"24494j3cvnd71jy","id":"24494j3cvnd71jy"},"id":"wtexxqmmnlczb9w","previousOperationId":"ztumh2cfez21sh8"}
{"type":"log","timestamp":1704977553534,"level":"info","message":"Rendering request 36 finished in 1977 ms","meta":{"rootId":"24494j3cvnd71jy","id":"24494j3cvnd71jy"},"id":"ym98zkt495afajb","previousOperationId":"ztumh2cfez21sh8"}
{"type":"operationEnd","subtype":"render","operationId":"ffiw1xbimhyolhb","timestamp":1704977553534,"id":"i7iju9gyurf3pfa","previousEventId":"c3sq4d776uvstrd","previousOperationId":"ztumh2cfez21sh8"}
{"type":"operationEnd","doDiffs":false,"previousEventId":"v3w4n3sbwtdzfgv","previousOperationId":"pj7j412hcwe0dho","operationId":"pj7j412hcwe0dho","timestamp":1704977553543,"id":"1tr7ri6y2in3d0t"}
