{"type":"operationStart","subtype":"profile","data":{"_id":"dqqgNPIsHHszDB8z","timestamp":"2024-01-12T22:09:14.816Z","state":"queued","mode":"standard","creationDate":"2024-01-12T22:09:14.820Z","modificationDate":"2024-01-12T22:09:14.820Z","shortid":"50jWKA0","$entitySet":"profiles"},"doDiffs":false,"timestamp":1705097354817,"id":"eebupq0y59yj1i8","previousOperationId":null,"operationId":"liszwredhonh3h8"}
{"type":"log","level":"info","message":"Render request 7 queued for execution and waiting for available worker","previousOperationId":"liszwredhonh3h8","timestamp":1705097354818,"id":"i5q6pfp5py4k2oy"}
{"type":"operationStart","subtype":"render","name":"orders-main","previousOperationId":"liszwredhonh3h8","timestamp":1705097354840,"id":"g6cwsknw83rfoz7","previousEventId":"eebupq0y59yj1i8","operationId":"rm5pi8jvxfyotxj"}
{"type":"log","timestamp":1705097354842,"level":"info","message":"Starting rendering request 7","meta":{"rootId":"3w5zkxvbwuw37g4","id":"3w5zkxvbwuw37g4"},"id":"at54cjz43vsu5um","previousOperationId":"rm5pi8jvxfyotxj"}
{"type":"log","timestamp":1705097354843,"level":"info","message":"Rendering template { name: orders-main, recipe: chrome-pdf, engine: handlebars, preview: true }","meta":{"rootId":"3w5zkxvbwuw37g4","id":"3w5zkxvbwuw37g4"},"id":"eni8ikqi22ag4bp","previousOperationId":"rm5pi8jvxfyotxj"}
{"type":"log","timestamp":1705097354845,"level":"debug","message":"Data item not defined for this template.","meta":{"rootId":"3w5zkxvbwuw37g4","id":"3w5zkxvbwuw37g4"},"id":"d1l1snhxupmri16","previousOperationId":"rm5pi8jvxfyotxj"}
{"type":"log","timestamp":1705097354848,"level":"debug","message":"Executing script orders-script (beforeRender)","meta":{"rootId":"3w5zkxvbwuw37g4","id":"3w5zkxvbwuw37g4"},"id":"7q3uer57dnrhbm7","previousOperationId":"rm5pi8jvxfyotxj"}
{"type":"operationStart","subtype":"scriptsBeforeRender","name":"scripts beforeRender","timestamp":1705097354884,"id":"6gh038uwt9q5mc1","previousEventId":"g6cwsknw83rfoz7","operationId":"vvdc5uat577j81m","previousOperationId":"rm5pi8jvxfyotxj"}
{"type":"operationStart","subtype":"script","name":"scripts orders-script","previousOperationId":"vvdc5uat577j81m","timestamp":1705097354884,"id":"5qy7n4oqb72b1kt","previousEventId":"6gh038uwt9q5mc1","operationId":"7h70mlqh0qzklws"}
{"type":"operationEnd","operationId":"7h70mlqh0qzklws","timestamp":1705097356615,"id":"7f02aoie1dk5ysz","previousEventId":"g6cwsknw83rfoz7","previousOperationId":"rm5pi8jvxfyotxj"}
{"type":"operationEnd","operationId":"vvdc5uat577j81m","timestamp":1705097356616,"id":"l584xfeuvz5o72t","previousEventId":"7f02aoie1dk5ysz","previousOperationId":"rm5pi8jvxfyotxj"}
{"type":"log","timestamp":1705097356616,"level":"debug","message":"Base url not specified, skipping its injection.","meta":{"rootId":"3w5zkxvbwuw37g4","id":"3w5zkxvbwuw37g4"},"id":"sfrfhsx1hw4zriz","previousOperationId":"vvdc5uat577j81m"}
{"type":"operationStart","subtype":"engine","name":"handlebars","timestamp":1705097356616,"id":"bkavybbzidvl8gn","previousEventId":"l584xfeuvz5o72t","operationId":"nmpf0g7wiyern60","previousOperationId":"vvdc5uat577j81m"}
{"type":"log","timestamp":1705097356616,"level":"debug","message":"Rendering engine handlebars","meta":{"rootId":"3w5zkxvbwuw37g4","id":"3w5zkxvbwuw37g4"},"id":"k7ns8thl38v084q","previousOperationId":"nmpf0g7wiyern60"}
{"type":"log","timestamp":1705097356650,"level":"debug","message":"(console:log) Pdf utils adding group field, value: \"France\"","meta":{"userLevel":true,"rootId":"3w5zkxvbwuw37g4","id":"3w5zkxvbwuw37g4"},"id":"z7ocyyw624kurhv","previousOperationId":"nmpf0g7wiyern60"}
{"type":"log","timestamp":1705097356651,"level":"debug","message":"(console:log) Pdf utils adding group field, value: \"Germany\"","meta":{"userLevel":true,"rootId":"3w5zkxvbwuw37g4","id":"3w5zkxvbwuw37g4"},"id":"d60l04x8ne4sk8n","previousOperationId":"nmpf0g7wiyern60"}
{"type":"operationEnd","operationId":"nmpf0g7wiyern60","timestamp":1705097356652,"id":"j8ch0t51oylmk9u","previousEventId":"bkavybbzidvl8gn","previousOperationId":"nmpf0g7wiyern60"}
{"type":"operationStart","subtype":"recipe","name":"chrome-pdf","timestamp":1705097356652,"id":"huej1knfzo9dhp2","previousEventId":"j8ch0t51oylmk9u","operationId":"lhnannbxjxs39sy","previousOperationId":"nmpf0g7wiyern60"}
{"type":"log","timestamp":1705097356652,"level":"debug","message":"Executing recipe chrome-pdf","meta":{"rootId":"3w5zkxvbwuw37g4","id":"3w5zkxvbwuw37g4"},"id":"bm6qhs3cccqnjwb","previousOperationId":"lhnannbxjxs39sy"}
{"type":"log","timestamp":1705097356885,"level":"debug","message":"Converting with chrome HeadlessChrome/117.0.5938.149 using chrome-pool strategy","meta":{"rootId":"3w5zkxvbwuw37g4","id":"3w5zkxvbwuw37g4"},"id":"f0vzf4ii6yqeytu","previousOperationId":"lhnannbxjxs39sy"}
{"type":"log","timestamp":1705097357394,"level":"debug","message":"Page request: GET (document) file:///C:/Users/Javier/AppData/Local/Temp/jsreport/autocleanup/64cb0958-916b-467a-b865-51f65a5b7ea5-chrome-pdf.html","meta":{"rootId":"3w5zkxvbwuw37g4","id":"3w5zkxvbwuw37g4"},"id":"ebkznkfwwezznuc","previousOperationId":"lhnannbxjxs39sy"}
{"type":"log","timestamp":1705097357464,"level":"debug","message":"Page request finished: GET (document) 200 file:///C:/Users/Javier/AppData/Local/Temp/jsreport/autocleanup/64cb0958-916b-467a-b865-51f65a5b7ea5-chrome-pdf.html","meta":{"rootId":"3w5zkxvbwuw37g4","id":"3w5zkxvbwuw37g4"},"id":"7q1tafka70tm8zy","previousOperationId":"lhnannbxjxs39sy"}
{"type":"log","timestamp":1705097357465,"level":"debug","message":"Page request: GET (stylesheet) https://cdnjs.cloudflare.com/ajax/libs/metro/4.1.5/css/metro.min.css","meta":{"rootId":"3w5zkxvbwuw37g4","id":"3w5zkxvbwuw37g4"},"id":"vvj0hwen8msv1dp","previousOperationId":"lhnannbxjxs39sy"}
{"type":"log","timestamp":1705097357466,"level":"debug","message":"Page request: GET (script) https://cdnjs.cloudflare.com/ajax/libs/Chart.js/2.7.2/Chart.min.js","meta":{"rootId":"3w5zkxvbwuw37g4","id":"3w5zkxvbwuw37g4"},"id":"x08a7lf2ol2pu8p","previousOperationId":"lhnannbxjxs39sy"}
{"type":"log","timestamp":1705097357700,"level":"debug","message":"Page request finished: GET (stylesheet) 200 https://cdnjs.cloudflare.com/ajax/libs/metro/4.1.5/css/metro.min.css","meta":{"rootId":"3w5zkxvbwuw37g4","id":"3w5zkxvbwuw37g4"},"id":"awa5kjq2nhb5q6b","previousOperationId":"lhnannbxjxs39sy"}
{"type":"log","timestamp":1705097357700,"level":"debug","message":"Page request finished: GET (script) 200 https://cdnjs.cloudflare.com/ajax/libs/Chart.js/2.7.2/Chart.min.js","meta":{"rootId":"3w5zkxvbwuw37g4","id":"3w5zkxvbwuw37g4"},"id":"g9uvq5kv1xw2u9f","previousOperationId":"lhnannbxjxs39sy"}
{"type":"log","timestamp":1705097357811,"level":"debug","message":"Running chrome with params {\"printBackground\":true,\"marginTop\":\"4cm\",\"marginRight\":\"1.5cm\",\"marginBottom\":\"1.5cm\",\"marginLeft\":\"1.5cm\",\"waitForJS\":false,\"timeout\":58159,\"margin\":{\"top\":\"4cm\",\"right\":\"1.5cm\",\"bottom\":\"1.5cm\",\"left\":\"1.5cm\"}}","meta":{"rootId":"3w5zkxvbwuw37g4","id":"3w5zkxvbwuw37g4"},"id":"vm6c4y69milm8zj","previousOperationId":"lhnannbxjxs39sy"}
{"type":"operationEnd","operationId":"lhnannbxjxs39sy","timestamp":1705097358013,"id":"4e5vo6r484du8wy","previousEventId":"huej1knfzo9dhp2","previousOperationId":"lhnannbxjxs39sy"}
{"type":"log","timestamp":1705097358013,"level":"info","message":"pdf-utils is starting pdf processing","meta":{"rootId":"3w5zkxvbwuw37g4","id":"3w5zkxvbwuw37g4"},"id":"zad4rp4d2s19cia","previousOperationId":"lhnannbxjxs39sy"}
{"type":"operationStart","subtype":"pdfUtils","name":"pdf utils","timestamp":1705097358453,"id":"53lx377zsdvnd1j","previousEventId":"4e5vo6r484du8wy","operationId":"24rhwssci7lgnwr","previousOperationId":"lhnannbxjxs39sy"}
{"type":"log","timestamp":1705097358454,"level":"debug","message":"pdf-utils detected 1 pdf operation(s) to process","meta":{"rootId":"3w5zkxvbwuw37g4","id":"3w5zkxvbwuw37g4"},"id":"lqoh9k5bos7tuwt","previousOperationId":"24rhwssci7lgnwr"}
{"type":"log","timestamp":1705097358786,"level":"debug","message":"pdf-utils running pdf operation merge","meta":{"rootId":"3w5zkxvbwuw37g4","id":"3w5zkxvbwuw37g4"},"id":"88mkwtblq1o1cbn","previousOperationId":"24rhwssci7lgnwr"}
{"type":"operationStart","subtype":"pdfUtilsMerge","name":"pdf utils merge","previousOperationId":"24rhwssci7lgnwr","timestamp":1705097358787,"id":"7135j31n05ci329","previousEventId":"53lx377zsdvnd1j","operationId":"8jo94eedyivwant"}
{"type":"operationStart","subtype":"render","name":"orders-header","previousOperationId":"8jo94eedyivwant","timestamp":1705097358789,"id":"n0x47rj8c21jzqp","previousEventId":"7135j31n05ci329","operationId":"9rqngcnmqa3b74v"}
{"type":"log","timestamp":1705097358789,"level":"info","message":"Starting rendering (child) request","meta":{"rootId":"3w5zkxvbwuw37g4","id":"b9xxshkblvimz3t"},"id":"5hrtvv7vqmy8cxr","previousOperationId":"9rqngcnmqa3b74v"}
{"type":"log","timestamp":1705097358789,"level":"info","message":"Rendering template { name: orders-header, recipe: chrome-pdf, engine: handlebars, preview: true }","meta":{"rootId":"3w5zkxvbwuw37g4","id":"b9xxshkblvimz3t"},"id":"s7q3qdh6vpbnhfs","previousOperationId":"9rqngcnmqa3b74v"}
{"type":"log","timestamp":1705097358800,"level":"debug","message":"Inline data specified.","meta":{"rootId":"3w5zkxvbwuw37g4","id":"b9xxshkblvimz3t"},"id":"t61rauvie6mkpni","previousOperationId":"9rqngcnmqa3b74v"}
{"type":"log","timestamp":1705097358810,"level":"debug","message":"Base url not specified, skipping its injection.","meta":{"rootId":"3w5zkxvbwuw37g4","id":"b9xxshkblvimz3t"},"id":"eob553scsxfbnj5","previousOperationId":"9rqngcnmqa3b74v"}
{"type":"operationStart","subtype":"engine","name":"handlebars","timestamp":1705097358811,"id":"6axz249dmvs71mx","previousEventId":"n0x47rj8c21jzqp","operationId":"0s85l2c2w65h210","previousOperationId":"9rqngcnmqa3b74v"}
{"type":"log","timestamp":1705097358811,"level":"debug","message":"Rendering engine handlebars","meta":{"rootId":"3w5zkxvbwuw37g4","id":"b9xxshkblvimz3t"},"id":"jnnd1h3gtxwd240","previousOperationId":"0s85l2c2w65h210"}
{"type":"operationEnd","operationId":"0s85l2c2w65h210","timestamp":1705097358940,"id":"ic226rzccum36e6","previousEventId":"6axz249dmvs71mx","previousOperationId":"0s85l2c2w65h210"}
{"type":"operationStart","subtype":"recipe","name":"chrome-pdf","timestamp":1705097358940,"id":"v6qb68hoi7rq0lr","previousEventId":"ic226rzccum36e6","operationId":"t9kfxv9keqvsvlm","previousOperationId":"0s85l2c2w65h210"}
{"type":"log","timestamp":1705097358940,"level":"debug","message":"Executing recipe chrome-pdf","meta":{"rootId":"3w5zkxvbwuw37g4","id":"b9xxshkblvimz3t"},"id":"dwt89xue33pnpt2","previousOperationId":"t9kfxv9keqvsvlm"}
{"type":"log","timestamp":1705097358945,"level":"debug","message":"Converting with chrome HeadlessChrome/117.0.5938.149 using chrome-pool strategy","meta":{"rootId":"3w5zkxvbwuw37g4","id":"b9xxshkblvimz3t"},"id":"uxjton7y050or6w","previousOperationId":"t9kfxv9keqvsvlm"}
{"type":"log","timestamp":1705097359049,"level":"debug","message":"Page request: GET (document) file:///C:/Users/Javier/AppData/Local/Temp/jsreport/autocleanup/b41d8d68-a1ab-4655-a934-3308769b8ef0-chrome-pdf.html","meta":{"rootId":"3w5zkxvbwuw37g4","id":"b9xxshkblvimz3t"},"id":"f8y553llw3fkt1s","previousOperationId":"t9kfxv9keqvsvlm"}
{"type":"log","timestamp":1705097359077,"level":"debug","message":"Page request: GET (stylesheet) https://cdnjs.cloudflare.com/ajax/libs/metro/4.1.5/css/metro.min.css","meta":{"rootId":"3w5zkxvbwuw37g4","id":"b9xxshkblvimz3t"},"id":"z59hf2mu6ncm0yd","previousOperationId":"t9kfxv9keqvsvlm"}
{"type":"log","timestamp":1705097359078,"level":"debug","message":"Page request finished: GET (document) 200 file:///C:/Users/Javier/AppData/Local/Temp/jsreport/autocleanup/b41d8d68-a1ab-4655-a934-3308769b8ef0-chrome-pdf.html","meta":{"rootId":"3w5zkxvbwuw37g4","id":"b9xxshkblvimz3t"},"id":"163vn5moadjjpz2","previousOperationId":"t9kfxv9keqvsvlm"}
{"type":"log","timestamp":1705097359100,"level":"debug","message":"Page request finished: GET (stylesheet) 200 https://cdnjs.cloudflare.com/ajax/libs/metro/4.1.5/css/metro.min.css","meta":{"rootId":"3w5zkxvbwuw37g4","id":"b9xxshkblvimz3t"},"id":"p3wcijltjrhng1m","previousOperationId":"t9kfxv9keqvsvlm"}
{"type":"log","timestamp":1705097359126,"level":"debug","message":"Running chrome with params {\"printBackground\":true,\"marginTop\":\"1.5cm\",\"marginRight\":\"1.5cm\",\"marginLeft\":\"1.cm\",\"timeout\":55872,\"margin\":{\"top\":\"1.5cm\",\"right\":\"1.5cm\",\"left\":\"1.cm\"}}","meta":{"rootId":"3w5zkxvbwuw37g4","id":"b9xxshkblvimz3t"},"id":"6v8u2qvg98nqt86","previousOperationId":"t9kfxv9keqvsvlm"}
{"type":"operationEnd","operationId":"t9kfxv9keqvsvlm","timestamp":1705097359182,"id":"ws9mcdr5fbm2enq","previousEventId":"v6qb68hoi7rq0lr","previousOperationId":"t9kfxv9keqvsvlm"}
{"type":"log","timestamp":1705097359182,"level":"debug","message":"Skipping storing report.","meta":{"rootId":"3w5zkxvbwuw37g4","id":"b9xxshkblvimz3t"},"id":"mn2pa7eo7you4nv","previousOperationId":"t9kfxv9keqvsvlm"}
{"type":"log","timestamp":1705097359182,"level":"info","message":"Rendering (child) request finished in 4367 ms","meta":{"rootId":"3w5zkxvbwuw37g4","id":"b9xxshkblvimz3t"},"id":"2bgwzg3bfne8zjj","previousOperationId":"t9kfxv9keqvsvlm"}
{"type":"operationEnd","subtype":"render","operationId":"9rqngcnmqa3b74v","timestamp":1705097359182,"id":"bi7jen20muekcga","previousEventId":"ws9mcdr5fbm2enq","previousOperationId":"t9kfxv9keqvsvlm"}
{"type":"operationEnd","operationId":"8jo94eedyivwant","timestamp":1705097359217,"id":"jveavk1nu82rgda","previousEventId":"7135j31n05ci329","previousOperationId":"8jo94eedyivwant"}
{"type":"log","timestamp":1705097359217,"level":"debug","message":"pdf-utils postproces start","meta":{"rootId":"3w5zkxvbwuw37g4","id":"3w5zkxvbwuw37g4"},"id":"mkkqyzm2s6pewai","previousOperationId":"8jo94eedyivwant"}
{"type":"log","timestamp":1705097359253,"level":"debug","message":"pdf-utils postproces end","meta":{"rootId":"3w5zkxvbwuw37g4","id":"3w5zkxvbwuw37g4"},"id":"w2stbxuhbx88bsn","previousOperationId":"8jo94eedyivwant"}
{"type":"operationEnd","operationId":"24rhwssci7lgnwr","timestamp":1705097359253,"id":"nvp5nr59bkouin1","previousEventId":"jveavk1nu82rgda","previousOperationId":"8jo94eedyivwant"}
{"type":"log","timestamp":1705097359253,"level":"info","message":"pdf-utils pdf processing was finished","meta":{"rootId":"3w5zkxvbwuw37g4","id":"3w5zkxvbwuw37g4"},"id":"gztpk6t03yf0wox","previousOperationId":"24rhwssci7lgnwr"}
{"type":"log","timestamp":1705097359254,"level":"debug","message":"Skipping storing report.","meta":{"rootId":"3w5zkxvbwuw37g4","id":"3w5zkxvbwuw37g4"},"id":"l5re3e55lsnpg5a","previousOperationId":"24rhwssci7lgnwr"}
{"type":"log","timestamp":1705097359254,"level":"info","message":"Rendering request 7 finished in 4439 ms","meta":{"rootId":"3w5zkxvbwuw37g4","id":"3w5zkxvbwuw37g4"},"id":"qp6e5b9odjsovxs","previousOperationId":"24rhwssci7lgnwr"}
{"type":"operationEnd","subtype":"render","operationId":"rm5pi8jvxfyotxj","timestamp":1705097359254,"id":"wpyai4pgot18bl1","previousEventId":"nvp5nr59bkouin1","previousOperationId":"24rhwssci7lgnwr"}
{"type":"operationEnd","doDiffs":false,"previousEventId":"eebupq0y59yj1i8","previousOperationId":"liszwredhonh3h8","operationId":"liszwredhonh3h8","timestamp":1705097359267,"id":"6joylx7plkfyu0y"}
