{"type":"operationStart","subtype":"profile","data":{"_id":"jQzRM6ENxcv72pSC","timestamp":"2024-01-11T13:51:54.655Z","state":"queued","mode":"standard","creationDate":"2024-01-11T13:51:54.657Z","modificationDate":"2024-01-11T13:51:54.657Z","shortid":"FtvdT1J","$entitySet":"profiles"},"doDiffs":false,"timestamp":1704981114656,"id":"ef24slg79ga75w9","previousOperationId":null,"operationId":"7wowxvfdbp662mf"}
{"type":"log","level":"info","message":"Render request 51 queued for execution and waiting for available worker","previousOperationId":"7wowxvfdbp662mf","timestamp":1704981114656,"id":"txh9nfxund7ercn"}
{"type":"operationStart","subtype":"render","name":"orders-main","previousOperationId":"7wowxvfdbp662mf","timestamp":1704981114662,"id":"beywmoxhr6q20o2","previousEventId":"ef24slg79ga75w9","operationId":"wa04bc661lfu3vu"}
{"type":"log","timestamp":1704981114662,"level":"info","message":"Starting rendering request 51","meta":{"rootId":"bswjpkrxvlvaz0j","id":"bswjpkrxvlvaz0j"},"id":"bcw7jpsl33d1au6","previousOperationId":"wa04bc661lfu3vu"}
{"type":"log","timestamp":1704981114662,"level":"info","message":"Rendering template { name: orders-main, recipe: chrome-pdf, engine: handlebars, preview: false }","meta":{"rootId":"bswjpkrxvlvaz0j","id":"bswjpkrxvlvaz0j"},"id":"7uxzl6ynituxt04","previousOperationId":"wa04bc661lfu3vu"}
{"type":"log","timestamp":1704981114663,"level":"debug","message":"Inline data specified.","meta":{"rootId":"bswjpkrxvlvaz0j","id":"bswjpkrxvlvaz0j"},"id":"rvfnrb8sazn3qx8","previousOperationId":"wa04bc661lfu3vu"}
{"type":"log","timestamp":1704981114664,"level":"debug","message":"Executing script orders-script (beforeRender)","meta":{"rootId":"bswjpkrxvlvaz0j","id":"bswjpkrxvlvaz0j"},"id":"lfb2xdyctpk4wm0","previousOperationId":"wa04bc661lfu3vu"}
{"type":"operationStart","subtype":"scriptsBeforeRender","name":"scripts beforeRender","timestamp":1704981114668,"id":"skeogalxfdnmne2","previousEventId":"beywmoxhr6q20o2","operationId":"9k1zm3twzihopzq","previousOperationId":"wa04bc661lfu3vu"}
{"type":"operationStart","subtype":"script","name":"scripts orders-script","previousOperationId":"9k1zm3twzihopzq","timestamp":1704981114668,"id":"k9ttd8fuairzkfh","previousEventId":"skeogalxfdnmne2","operationId":"qd0pv6ehe45op5r"}
{"type":"operationEnd","operationId":"qd0pv6ehe45op5r","timestamp":1704981115998,"id":"3zcjfsftdd3yly2","previousEventId":"beywmoxhr6q20o2","previousOperationId":"wa04bc661lfu3vu"}
{"type":"operationEnd","operationId":"9k1zm3twzihopzq","timestamp":1704981115998,"id":"f75otz0fscg852y","previousEventId":"3zcjfsftdd3yly2","previousOperationId":"wa04bc661lfu3vu"}
{"type":"log","timestamp":1704981115998,"level":"debug","message":"Base url not specified, skipping its injection.","meta":{"rootId":"bswjpkrxvlvaz0j","id":"bswjpkrxvlvaz0j"},"id":"itnnhfqlnff3oi2","previousOperationId":"9k1zm3twzihopzq"}
{"type":"operationStart","subtype":"engine","name":"handlebars","timestamp":1704981115998,"id":"kw7w99zwh23l2l4","previousEventId":"f75otz0fscg852y","operationId":"swx15qrgzckon7z","previousOperationId":"9k1zm3twzihopzq"}
{"type":"log","timestamp":1704981115998,"level":"debug","message":"Rendering engine handlebars","meta":{"rootId":"bswjpkrxvlvaz0j","id":"bswjpkrxvlvaz0j"},"id":"hv7uomj0bn15sm3","previousOperationId":"swx15qrgzckon7z"}
{"type":"log","timestamp":1704981116004,"level":"debug","message":"(console:log) Pdf utils adding group field, value: \"France\"","meta":{"userLevel":true,"rootId":"bswjpkrxvlvaz0j","id":"bswjpkrxvlvaz0j"},"id":"wf7wrtfes0hf6uv","previousOperationId":"swx15qrgzckon7z"}
{"type":"log","timestamp":1704981116004,"level":"debug","message":"(console:log) Pdf utils adding group field, value: \"Germany\"","meta":{"userLevel":true,"rootId":"bswjpkrxvlvaz0j","id":"bswjpkrxvlvaz0j"},"id":"zzjfhcgqdwu0b22","previousOperationId":"swx15qrgzckon7z"}
{"type":"operationEnd","operationId":"swx15qrgzckon7z","timestamp":1704981116004,"id":"8o9cbl1un5vey98","previousEventId":"kw7w99zwh23l2l4","previousOperationId":"swx15qrgzckon7z"}
{"type":"operationStart","subtype":"recipe","name":"chrome-pdf","timestamp":1704981116004,"id":"kq6wtng129y421t","previousEventId":"8o9cbl1un5vey98","operationId":"5yf38x6tvwgsoph","previousOperationId":"swx15qrgzckon7z"}
{"type":"log","timestamp":1704981116004,"level":"debug","message":"Executing recipe chrome-pdf","meta":{"rootId":"bswjpkrxvlvaz0j","id":"bswjpkrxvlvaz0j"},"id":"dufhjmg59rqkxaw","previousOperationId":"5yf38x6tvwgsoph"}
{"type":"log","timestamp":1704981116005,"level":"debug","message":"Converting with chrome HeadlessChrome/117.0.5938.149 using chrome-pool strategy","meta":{"rootId":"bswjpkrxvlvaz0j","id":"bswjpkrxvlvaz0j"},"id":"wfogo3wzsegx5w9","previousOperationId":"5yf38x6tvwgsoph"}
{"type":"log","timestamp":1704981116068,"level":"debug","message":"Page request: GET (document) file:///C:/Users/Javier/AppData/Local/Temp/jsreport/autocleanup/bb9dbee9-6fbd-4818-8eda-7688f1c86dea-chrome-pdf.html","meta":{"rootId":"bswjpkrxvlvaz0j","id":"bswjpkrxvlvaz0j"},"id":"pnd2j1gzpd1bq42","previousOperationId":"5yf38x6tvwgsoph"}
{"type":"log","timestamp":1704981116102,"level":"debug","message":"Page request: GET (stylesheet) https://cdnjs.cloudflare.com/ajax/libs/metro/4.1.5/css/metro.min.css","meta":{"rootId":"bswjpkrxvlvaz0j","id":"bswjpkrxvlvaz0j"},"id":"mlgij75pvaokceg","previousOperationId":"5yf38x6tvwgsoph"}
{"type":"log","timestamp":1704981116102,"level":"debug","message":"Page request: GET (script) https://cdnjs.cloudflare.com/ajax/libs/Chart.js/2.7.2/Chart.min.js","meta":{"rootId":"bswjpkrxvlvaz0j","id":"bswjpkrxvlvaz0j"},"id":"6mz6gs61vpniz6k","previousOperationId":"5yf38x6tvwgsoph"}
{"type":"log","timestamp":1704981116102,"level":"debug","message":"Page request finished: GET (document) 200 file:///C:/Users/Javier/AppData/Local/Temp/jsreport/autocleanup/bb9dbee9-6fbd-4818-8eda-7688f1c86dea-chrome-pdf.html","meta":{"rootId":"bswjpkrxvlvaz0j","id":"bswjpkrxvlvaz0j"},"id":"vd06oz8fukdih6i","previousOperationId":"5yf38x6tvwgsoph"}
{"type":"log","timestamp":1704981116106,"level":"debug","message":"Page request finished: GET (script) 200 https://cdnjs.cloudflare.com/ajax/libs/Chart.js/2.7.2/Chart.min.js","meta":{"rootId":"bswjpkrxvlvaz0j","id":"bswjpkrxvlvaz0j"},"id":"pqubsz9iufsf093","previousOperationId":"5yf38x6tvwgsoph"}
{"type":"log","timestamp":1704981116115,"level":"debug","message":"Page request finished: GET (stylesheet) 200 https://cdnjs.cloudflare.com/ajax/libs/metro/4.1.5/css/metro.min.css","meta":{"rootId":"bswjpkrxvlvaz0j","id":"bswjpkrxvlvaz0j"},"id":"qafwyj2q8grpec1","previousOperationId":"5yf38x6tvwgsoph"}
{"type":"log","timestamp":1704981116163,"level":"debug","message":"Running chrome with params {\"printBackground\":true,\"marginTop\":\"4cm\",\"marginRight\":\"1.5cm\",\"marginBottom\":\"1.5cm\",\"marginLeft\":\"1.5cm\",\"waitForJS\":false,\"timeout\":58650,\"margin\":{\"top\":\"4cm\",\"right\":\"1.5cm\",\"bottom\":\"1.5cm\",\"left\":\"1.5cm\"}}","meta":{"rootId":"bswjpkrxvlvaz0j","id":"bswjpkrxvlvaz0j"},"id":"qid39yda7utzgpz","previousOperationId":"5yf38x6tvwgsoph"}
{"type":"operationEnd","operationId":"5yf38x6tvwgsoph","timestamp":1704981116266,"id":"ui03rda4es99o4q","previousEventId":"kq6wtng129y421t","previousOperationId":"5yf38x6tvwgsoph"}
{"type":"log","timestamp":1704981116267,"level":"info","message":"pdf-utils is starting pdf processing","meta":{"rootId":"bswjpkrxvlvaz0j","id":"bswjpkrxvlvaz0j"},"id":"31o6prusiytfurv","previousOperationId":"5yf38x6tvwgsoph"}
{"type":"operationStart","subtype":"pdfUtils","name":"pdf utils","timestamp":1704981116267,"id":"43jcrhrm60uut7z","previousEventId":"ui03rda4es99o4q","operationId":"x4464izoel9lkfq","previousOperationId":"5yf38x6tvwgsoph"}
{"type":"log","timestamp":1704981116267,"level":"debug","message":"pdf-utils detected 1 pdf operation(s) to process","meta":{"rootId":"bswjpkrxvlvaz0j","id":"bswjpkrxvlvaz0j"},"id":"g21471yk37gsec1","previousOperationId":"x4464izoel9lkfq"}
{"type":"log","timestamp":1704981116290,"level":"debug","message":"pdf-utils running pdf operation merge","meta":{"rootId":"bswjpkrxvlvaz0j","id":"bswjpkrxvlvaz0j"},"id":"r3m7zdcftuxmbo0","previousOperationId":"x4464izoel9lkfq"}
{"type":"operationStart","subtype":"pdfUtilsMerge","name":"pdf utils merge","previousOperationId":"x4464izoel9lkfq","timestamp":1704981116290,"id":"fl2sxc33j4facu2","previousEventId":"43jcrhrm60uut7z","operationId":"r98mel01cewgogo"}
{"type":"operationStart","subtype":"render","name":"orders-header","previousOperationId":"r98mel01cewgogo","timestamp":1704981116290,"id":"h01yxiaoiq4lqhw","previousEventId":"fl2sxc33j4facu2","operationId":"vr88t78owxr8z09"}
{"type":"log","timestamp":1704981116290,"level":"info","message":"Starting rendering (child) request","meta":{"rootId":"bswjpkrxvlvaz0j","id":"5gxw809pj8fp16u"},"id":"w7fv9lg1hcfx4yx","previousOperationId":"vr88t78owxr8z09"}
{"type":"log","timestamp":1704981116290,"level":"info","message":"Rendering template { name: orders-header, recipe: chrome-pdf, engine: handlebars, preview: false }","meta":{"rootId":"bswjpkrxvlvaz0j","id":"5gxw809pj8fp16u"},"id":"uuraji9tfcamesq","previousOperationId":"vr88t78owxr8z09"}
{"type":"log","timestamp":1704981116291,"level":"debug","message":"Inline data specified.","meta":{"rootId":"bswjpkrxvlvaz0j","id":"5gxw809pj8fp16u"},"id":"flt0zw0i4m3jros","previousOperationId":"vr88t78owxr8z09"}
{"type":"log","timestamp":1704981116293,"level":"debug","message":"Base url not specified, skipping its injection.","meta":{"rootId":"bswjpkrxvlvaz0j","id":"5gxw809pj8fp16u"},"id":"app23myb2cdlet8","previousOperationId":"vr88t78owxr8z09"}
{"type":"operationStart","subtype":"engine","name":"handlebars","timestamp":1704981116293,"id":"4106d77969y45do","previousEventId":"h01yxiaoiq4lqhw","operationId":"f7d9h0ov6m1s552","previousOperationId":"vr88t78owxr8z09"}
{"type":"log","timestamp":1704981116293,"level":"debug","message":"Rendering engine handlebars","meta":{"rootId":"bswjpkrxvlvaz0j","id":"5gxw809pj8fp16u"},"id":"svse1gle8s45ffh","previousOperationId":"f7d9h0ov6m1s552"}
{"type":"operationEnd","operationId":"f7d9h0ov6m1s552","timestamp":1704981116301,"id":"bf108w7vvz3xbwy","previousEventId":"4106d77969y45do","previousOperationId":"f7d9h0ov6m1s552"}
{"type":"operationStart","subtype":"recipe","name":"chrome-pdf","timestamp":1704981116301,"id":"p22m38nco64uirk","previousEventId":"bf108w7vvz3xbwy","operationId":"qpqnowvhuhtbuht","previousOperationId":"f7d9h0ov6m1s552"}
{"type":"log","timestamp":1704981116301,"level":"debug","message":"Executing recipe chrome-pdf","meta":{"rootId":"bswjpkrxvlvaz0j","id":"5gxw809pj8fp16u"},"id":"lwqmlfmzumxx925","previousOperationId":"qpqnowvhuhtbuht"}
{"type":"log","timestamp":1704981116303,"level":"debug","message":"Converting with chrome HeadlessChrome/117.0.5938.149 using chrome-pool strategy","meta":{"rootId":"bswjpkrxvlvaz0j","id":"5gxw809pj8fp16u"},"id":"k2l40okvckpmod9","previousOperationId":"qpqnowvhuhtbuht"}
{"type":"log","timestamp":1704981116362,"level":"debug","message":"Page request: GET (document) file:///C:/Users/Javier/AppData/Local/Temp/jsreport/autocleanup/a2f4a1ff-a3c5-4097-98e8-2563d9839e58-chrome-pdf.html","meta":{"rootId":"bswjpkrxvlvaz0j","id":"5gxw809pj8fp16u"},"id":"h9sawiehhsmcjzy","previousOperationId":"qpqnowvhuhtbuht"}
{"type":"log","timestamp":1704981116368,"level":"debug","message":"Page request: GET (stylesheet) https://cdnjs.cloudflare.com/ajax/libs/metro/4.1.5/css/metro.min.css","meta":{"rootId":"bswjpkrxvlvaz0j","id":"5gxw809pj8fp16u"},"id":"s0lo8t0473sm713","previousOperationId":"qpqnowvhuhtbuht"}
{"type":"log","timestamp":1704981116369,"level":"debug","message":"Page request finished: GET (document) 200 file:///C:/Users/Javier/AppData/Local/Temp/jsreport/autocleanup/a2f4a1ff-a3c5-4097-98e8-2563d9839e58-chrome-pdf.html","meta":{"rootId":"bswjpkrxvlvaz0j","id":"5gxw809pj8fp16u"},"id":"hnwpq0ba4iy15k1","previousOperationId":"qpqnowvhuhtbuht"}
{"type":"log","timestamp":1704981116379,"level":"debug","message":"Page request finished: GET (stylesheet) 200 https://cdnjs.cloudflare.com/ajax/libs/metro/4.1.5/css/metro.min.css","meta":{"rootId":"bswjpkrxvlvaz0j","id":"5gxw809pj8fp16u"},"id":"cwqd5foic8t7e6h","previousOperationId":"qpqnowvhuhtbuht"}
{"type":"log","timestamp":1704981116392,"level":"debug","message":"Running chrome with params {\"printBackground\":true,\"marginTop\":\"1.5cm\",\"marginRight\":\"1.5cm\",\"marginLeft\":\"1.cm\",\"timeout\":58353,\"margin\":{\"top\":\"1.5cm\",\"right\":\"1.5cm\",\"left\":\"1.cm\"}}","meta":{"rootId":"bswjpkrxvlvaz0j","id":"5gxw809pj8fp16u"},"id":"yxfqxhu4j329pku","previousOperationId":"qpqnowvhuhtbuht"}
{"type":"operationEnd","operationId":"qpqnowvhuhtbuht","timestamp":1704981116421,"id":"phys137nilff46x","previousEventId":"p22m38nco64uirk","previousOperationId":"qpqnowvhuhtbuht"}
{"type":"log","timestamp":1704981116421,"level":"debug","message":"Skipping storing report.","meta":{"rootId":"bswjpkrxvlvaz0j","id":"5gxw809pj8fp16u"},"id":"k4vrsgffmwjye9d","previousOperationId":"qpqnowvhuhtbuht"}
{"type":"log","timestamp":1704981116421,"level":"info","message":"Rendering (child) request finished in 1766 ms","meta":{"rootId":"bswjpkrxvlvaz0j","id":"5gxw809pj8fp16u"},"id":"vhb0gdrw4lp76jg","previousOperationId":"qpqnowvhuhtbuht"}
{"type":"operationEnd","subtype":"render","operationId":"vr88t78owxr8z09","timestamp":1704981116421,"id":"osesjndtgsv5q8z","previousEventId":"phys137nilff46x","previousOperationId":"qpqnowvhuhtbuht"}
{"type":"operationEnd","operationId":"r98mel01cewgogo","timestamp":1704981116432,"id":"q54cgj78k3rmtta","previousEventId":"fl2sxc33j4facu2","previousOperationId":"r98mel01cewgogo"}
{"type":"log","timestamp":1704981116432,"level":"debug","message":"pdf-utils postproces start","meta":{"rootId":"bswjpkrxvlvaz0j","id":"bswjpkrxvlvaz0j"},"id":"k3u3zdqrf5dazfh","previousOperationId":"r98mel01cewgogo"}
{"type":"log","timestamp":1704981116444,"level":"debug","message":"pdf-utils postproces end","meta":{"rootId":"bswjpkrxvlvaz0j","id":"bswjpkrxvlvaz0j"},"id":"f1eu9sg7ey6vdpq","previousOperationId":"r98mel01cewgogo"}
{"type":"operationEnd","operationId":"x4464izoel9lkfq","timestamp":1704981116444,"id":"iy6twiek3yem6qw","previousEventId":"q54cgj78k3rmtta","previousOperationId":"r98mel01cewgogo"}
{"type":"log","timestamp":1704981116444,"level":"info","message":"pdf-utils pdf processing was finished","meta":{"rootId":"bswjpkrxvlvaz0j","id":"bswjpkrxvlvaz0j"},"id":"oirndd2n82zm6ht","previousOperationId":"x4464izoel9lkfq"}
{"type":"log","timestamp":1704981116444,"level":"debug","message":"Skipping storing report.","meta":{"rootId":"bswjpkrxvlvaz0j","id":"bswjpkrxvlvaz0j"},"id":"hv5ka04bv01z2td","previousOperationId":"x4464izoel9lkfq"}
{"type":"log","timestamp":1704981116444,"level":"info","message":"Rendering request 51 finished in 1789 ms","meta":{"rootId":"bswjpkrxvlvaz0j","id":"bswjpkrxvlvaz0j"},"id":"qtzr7gedsay7k5k","previousOperationId":"x4464izoel9lkfq"}
{"type":"operationEnd","subtype":"render","operationId":"wa04bc661lfu3vu","timestamp":1704981116444,"id":"dcnfztl1z9pdbwb","previousEventId":"iy6twiek3yem6qw","previousOperationId":"x4464izoel9lkfq"}
{"type":"operationEnd","doDiffs":false,"previousEventId":"ef24slg79ga75w9","previousOperationId":"7wowxvfdbp662mf","operationId":"7wowxvfdbp662mf","timestamp":1704981116446,"id":"dtawjssbzko4sv9"}
