{"type":"operationStart","subtype":"profile","data":{"_id":"b4HsWC0Mim2vig1L","timestamp":"2024-01-09T19:41:22.074Z","state":"queued","mode":"standard","creationDate":"2024-01-09T19:41:22.081Z","modificationDate":"2024-01-09T19:41:22.081Z","shortid":"rrNgLBk","$entitySet":"profiles"},"doDiffs":false,"timestamp":1704829282079,"id":"jxehgqkvyh5v13a","previousOperationId":null,"operationId":"wewaap6wpcqu6km"}
{"type":"log","level":"info","message":"Render request 1 queued for execution and waiting for available worker","previousOperationId":"wewaap6wpcqu6km","timestamp":1704829282080,"id":"vbs09vo81qoda3a"}
{"type":"operationStart","subtype":"render","name":"orders-main","previousOperationId":"wewaap6wpcqu6km","timestamp":1704829282112,"id":"mkisf4uaahnmqs2","previousEventId":"jxehgqkvyh5v13a","operationId":"p5jj4f1j5stwuwi"}
{"type":"log","timestamp":1704829282113,"level":"info","message":"Starting rendering request 1","meta":{"rootId":"d8rq3792yzub00m","id":"d8rq3792yzub00m"},"id":"qhzfn3omalse1r3","previousOperationId":"p5jj4f1j5stwuwi"}
{"type":"log","timestamp":1704829282115,"level":"info","message":"Rendering template { name: orders-main, recipe: chrome-pdf, engine: handlebars, preview: true }","meta":{"rootId":"d8rq3792yzub00m","id":"d8rq3792yzub00m"},"id":"4rqdw70401uhwr3","previousOperationId":"p5jj4f1j5stwuwi"}
{"type":"log","timestamp":1704829282118,"level":"debug","message":"Data item not defined for this template.","meta":{"rootId":"d8rq3792yzub00m","id":"d8rq3792yzub00m"},"id":"j2vtgj9pjpy3d4d","previousOperationId":"p5jj4f1j5stwuwi"}
{"type":"log","timestamp":1704829282126,"level":"debug","message":"Executing script orders-script (beforeRender)","meta":{"rootId":"d8rq3792yzub00m","id":"d8rq3792yzub00m"},"id":"ks2j5pg831i7czv","previousOperationId":"p5jj4f1j5stwuwi"}
{"type":"operationStart","subtype":"scriptsBeforeRender","name":"scripts beforeRender","timestamp":1704829282366,"id":"le5ic7u9mzu3lex","previousEventId":"mkisf4uaahnmqs2","operationId":"zhczvcfx40os4xn","previousOperationId":"p5jj4f1j5stwuwi"}
{"type":"operationStart","subtype":"script","name":"scripts orders-script","previousOperationId":"zhczvcfx40os4xn","timestamp":1704829282366,"id":"4fr0jzg3bytm1px","previousEventId":"le5ic7u9mzu3lex","operationId":"yq8mb8gggulfjsf"}
{"type":"operationEnd","operationId":"yq8mb8gggulfjsf","timestamp":1704829284313,"id":"rnl5nns1e51yo7n","previousEventId":"mkisf4uaahnmqs2","previousOperationId":"p5jj4f1j5stwuwi"}
{"type":"operationEnd","operationId":"zhczvcfx40os4xn","timestamp":1704829284313,"id":"4hema4o7s77oh3l","previousEventId":"rnl5nns1e51yo7n","previousOperationId":"p5jj4f1j5stwuwi"}
{"type":"log","timestamp":1704829284314,"level":"debug","message":"Base url not specified, skipping its injection.","meta":{"rootId":"d8rq3792yzub00m","id":"d8rq3792yzub00m"},"id":"6acgga45z4784uj","previousOperationId":"zhczvcfx40os4xn"}
{"type":"operationStart","subtype":"engine","name":"handlebars","timestamp":1704829284317,"id":"psewri4sxk1yyoc","previousEventId":"4hema4o7s77oh3l","operationId":"p9mwcd37sofx0lb","previousOperationId":"zhczvcfx40os4xn"}
{"type":"log","timestamp":1704829284317,"level":"debug","message":"Rendering engine handlebars","meta":{"rootId":"d8rq3792yzub00m","id":"d8rq3792yzub00m"},"id":"gpvfs3mz5ysains","previousOperationId":"p9mwcd37sofx0lb"}
{"type":"log","timestamp":1704829284952,"level":"debug","message":"(console:log) Pdf utils adding group field, value: \"France\"","meta":{"userLevel":true,"rootId":"d8rq3792yzub00m","id":"d8rq3792yzub00m"},"id":"dfwybflfkcsn9ma","previousOperationId":"p9mwcd37sofx0lb"}
{"type":"log","timestamp":1704829284953,"level":"debug","message":"(console:log) Pdf utils adding group field, value: \"Germany\"","meta":{"userLevel":true,"rootId":"d8rq3792yzub00m","id":"d8rq3792yzub00m"},"id":"f5ex2vj2bgq1u3x","previousOperationId":"p9mwcd37sofx0lb"}
{"type":"operationEnd","operationId":"p9mwcd37sofx0lb","timestamp":1704829284954,"id":"n11rlfml4w0bwhu","previousEventId":"psewri4sxk1yyoc","previousOperationId":"p9mwcd37sofx0lb"}
{"type":"operationStart","subtype":"recipe","name":"chrome-pdf","timestamp":1704829284955,"id":"kyrd4f7e3kwghgt","previousEventId":"n11rlfml4w0bwhu","operationId":"09evdv9642u4pvx","previousOperationId":"p9mwcd37sofx0lb"}
{"type":"log","timestamp":1704829284955,"level":"debug","message":"Executing recipe chrome-pdf","meta":{"rootId":"d8rq3792yzub00m","id":"d8rq3792yzub00m"},"id":"846brl0gntnrgzc","previousOperationId":"09evdv9642u4pvx"}
{"type":"log","timestamp":1704829285966,"level":"debug","message":"Converting with chrome HeadlessChrome/117.0.5938.149 using chrome-pool strategy","meta":{"rootId":"d8rq3792yzub00m","id":"d8rq3792yzub00m"},"id":"4byl8iot8ho6pyz","previousOperationId":"09evdv9642u4pvx"}
{"type":"log","timestamp":1704829287081,"level":"debug","message":"Page request: GET (document) file:///C:/Users/Javier/AppData/Local/Temp/jsreport/autocleanup/6ab2abfc-6229-418b-a7cf-f23e0c996adc-chrome-pdf.html","meta":{"rootId":"d8rq3792yzub00m","id":"d8rq3792yzub00m"},"id":"hgpuyc3qegahtit","previousOperationId":"09evdv9642u4pvx"}
{"type":"log","timestamp":1704829287117,"level":"debug","message":"Page request: GET (stylesheet) https://cdnjs.cloudflare.com/ajax/libs/metro/4.1.5/css/metro.min.css","meta":{"rootId":"d8rq3792yzub00m","id":"d8rq3792yzub00m"},"id":"9t9n8241hndj9jb","previousOperationId":"09evdv9642u4pvx"}
{"type":"log","timestamp":1704829287117,"level":"debug","message":"Page request: GET (script) https://cdnjs.cloudflare.com/ajax/libs/Chart.js/2.7.2/Chart.min.js","meta":{"rootId":"d8rq3792yzub00m","id":"d8rq3792yzub00m"},"id":"e498qjysl6sedq2","previousOperationId":"09evdv9642u4pvx"}
{"type":"log","timestamp":1704829287118,"level":"debug","message":"Page request finished: GET (document) 200 file:///C:/Users/Javier/AppData/Local/Temp/jsreport/autocleanup/6ab2abfc-6229-418b-a7cf-f23e0c996adc-chrome-pdf.html","meta":{"rootId":"d8rq3792yzub00m","id":"d8rq3792yzub00m"},"id":"zbipk5icg9nvzy4","previousOperationId":"09evdv9642u4pvx"}
{"type":"log","timestamp":1704829289742,"level":"debug","message":"Page request finished: GET (script) 200 https://cdnjs.cloudflare.com/ajax/libs/Chart.js/2.7.2/Chart.min.js","meta":{"rootId":"d8rq3792yzub00m","id":"d8rq3792yzub00m"},"id":"35aqj07del4jxrs","previousOperationId":"09evdv9642u4pvx"}
{"type":"log","timestamp":1704829289872,"level":"debug","message":"Page request finished: GET (stylesheet) 200 https://cdnjs.cloudflare.com/ajax/libs/metro/4.1.5/css/metro.min.css","meta":{"rootId":"d8rq3792yzub00m","id":"d8rq3792yzub00m"},"id":"whrubrbh2wfbpf6","previousOperationId":"09evdv9642u4pvx"}
{"type":"log","timestamp":1704829290026,"level":"debug","message":"Running chrome with params {\"printBackground\":true,\"marginTop\":\"4cm\",\"marginRight\":\"1.5cm\",\"marginBottom\":\"1.5cm\",\"marginLeft\":\"1.5cm\",\"waitForJS\":false,\"timeout\":56749,\"margin\":{\"top\":\"4cm\",\"right\":\"1.5cm\",\"bottom\":\"1.5cm\",\"left\":\"1.5cm\"}}","meta":{"rootId":"d8rq3792yzub00m","id":"d8rq3792yzub00m"},"id":"ds8ic4p4ujrcfr3","previousOperationId":"09evdv9642u4pvx"}
{"type":"operationEnd","operationId":"09evdv9642u4pvx","timestamp":1704829290197,"id":"zu70qtyebnj8q7c","previousEventId":"kyrd4f7e3kwghgt","previousOperationId":"09evdv9642u4pvx"}
{"type":"log","timestamp":1704829290198,"level":"info","message":"pdf-utils is starting pdf processing","meta":{"rootId":"d8rq3792yzub00m","id":"d8rq3792yzub00m"},"id":"ykreq0dz4rtsnny","previousOperationId":"09evdv9642u4pvx"}
{"type":"operationStart","subtype":"pdfUtils","name":"pdf utils","timestamp":1704829290500,"id":"21k9066p8csrhha","previousEventId":"zu70qtyebnj8q7c","operationId":"0gewniruybjmeph","previousOperationId":"09evdv9642u4pvx"}
{"type":"log","timestamp":1704829290501,"level":"debug","message":"pdf-utils detected 1 pdf operation(s) to process","meta":{"rootId":"d8rq3792yzub00m","id":"d8rq3792yzub00m"},"id":"06pcnmzz195ulwp","previousOperationId":"0gewniruybjmeph"}
{"type":"log","timestamp":1704829290716,"level":"debug","message":"pdf-utils running pdf operation merge","meta":{"rootId":"d8rq3792yzub00m","id":"d8rq3792yzub00m"},"id":"vcxxhp1f7awx4hc","previousOperationId":"0gewniruybjmeph"}
{"type":"operationStart","subtype":"pdfUtilsMerge","name":"pdf utils merge","previousOperationId":"0gewniruybjmeph","timestamp":1704829290716,"id":"nysk580pwt6eljr","previousEventId":"21k9066p8csrhha","operationId":"j6m34q0dctgkjqe"}
{"type":"operationStart","subtype":"render","name":"orders-header","previousOperationId":"j6m34q0dctgkjqe","timestamp":1704829290717,"id":"wsdg3zhpgucafzl","previousEventId":"nysk580pwt6eljr","operationId":"vjypr6dg7vgye5y"}
{"type":"log","timestamp":1704829290717,"level":"info","message":"Starting rendering (child) request","meta":{"rootId":"d8rq3792yzub00m","id":"vny8veu14y01yes"},"id":"44t4x0f2haw7n2t","previousOperationId":"vjypr6dg7vgye5y"}
{"type":"log","timestamp":1704829290718,"level":"info","message":"Rendering template { name: orders-header, recipe: chrome-pdf, engine: handlebars, preview: true }","meta":{"rootId":"d8rq3792yzub00m","id":"vny8veu14y01yes"},"id":"q8z21cvwf5npclx","previousOperationId":"vjypr6dg7vgye5y"}
{"type":"log","timestamp":1704829290724,"level":"debug","message":"Inline data specified.","meta":{"rootId":"d8rq3792yzub00m","id":"vny8veu14y01yes"},"id":"hsfnexc7yvxbtwr","previousOperationId":"vjypr6dg7vgye5y"}
{"type":"log","timestamp":1704829290725,"level":"debug","message":"Base url not specified, skipping its injection.","meta":{"rootId":"d8rq3792yzub00m","id":"vny8veu14y01yes"},"id":"zz9804cpu2u93tu","previousOperationId":"vjypr6dg7vgye5y"}
{"type":"operationStart","subtype":"engine","name":"handlebars","timestamp":1704829290725,"id":"ywuc84dc8mbvsq6","previousEventId":"wsdg3zhpgucafzl","operationId":"47z4avzyi1zbmtd","previousOperationId":"vjypr6dg7vgye5y"}
{"type":"log","timestamp":1704829290725,"level":"debug","message":"Rendering engine handlebars","meta":{"rootId":"d8rq3792yzub00m","id":"vny8veu14y01yes"},"id":"a0vsfkr678hu6s3","previousOperationId":"47z4avzyi1zbmtd"}
{"type":"operationEnd","operationId":"47z4avzyi1zbmtd","timestamp":1704829290762,"id":"uh5ev75pb9w8ois","previousEventId":"ywuc84dc8mbvsq6","previousOperationId":"47z4avzyi1zbmtd"}
{"type":"operationStart","subtype":"recipe","name":"chrome-pdf","timestamp":1704829290762,"id":"bq89egurmbhqu7n","previousEventId":"uh5ev75pb9w8ois","operationId":"ryvh37wz3taj1qn","previousOperationId":"47z4avzyi1zbmtd"}
{"type":"log","timestamp":1704829290762,"level":"debug","message":"Executing recipe chrome-pdf","meta":{"rootId":"d8rq3792yzub00m","id":"vny8veu14y01yes"},"id":"rt3715artzpuccn","previousOperationId":"ryvh37wz3taj1qn"}
{"type":"log","timestamp":1704829290772,"level":"debug","message":"Converting with chrome HeadlessChrome/117.0.5938.149 using chrome-pool strategy","meta":{"rootId":"d8rq3792yzub00m","id":"vny8veu14y01yes"},"id":"jb9eof72jc4ovoh","previousOperationId":"ryvh37wz3taj1qn"}
{"type":"log","timestamp":1704829290858,"level":"debug","message":"Page request: GET (document) file:///C:/Users/Javier/AppData/Local/Temp/jsreport/autocleanup/ac3ca058-bf6e-41b3-bbc6-566e08999cbb-chrome-pdf.html","meta":{"rootId":"d8rq3792yzub00m","id":"vny8veu14y01yes"},"id":"7676u1xndnidqw0","previousOperationId":"ryvh37wz3taj1qn"}
{"type":"log","timestamp":1704829290891,"level":"debug","message":"Page request: GET (stylesheet) https://cdnjs.cloudflare.com/ajax/libs/metro/4.1.5/css/metro.min.css","meta":{"rootId":"d8rq3792yzub00m","id":"vny8veu14y01yes"},"id":"91pd6gvglce7to2","previousOperationId":"ryvh37wz3taj1qn"}
{"type":"log","timestamp":1704829290892,"level":"debug","message":"Page request finished: GET (document) 200 file:///C:/Users/Javier/AppData/Local/Temp/jsreport/autocleanup/ac3ca058-bf6e-41b3-bbc6-566e08999cbb-chrome-pdf.html","meta":{"rootId":"d8rq3792yzub00m","id":"vny8veu14y01yes"},"id":"bkovw5ezdn0nvcm","previousOperationId":"ryvh37wz3taj1qn"}
{"type":"log","timestamp":1704829290909,"level":"debug","message":"Page request finished: GET (stylesheet) 200 https://cdnjs.cloudflare.com/ajax/libs/metro/4.1.5/css/metro.min.css","meta":{"rootId":"d8rq3792yzub00m","id":"vny8veu14y01yes"},"id":"30sl1if9i4bxrpm","previousOperationId":"ryvh37wz3taj1qn"}
{"type":"log","timestamp":1704829290927,"level":"debug","message":"Running chrome with params {\"printBackground\":true,\"marginTop\":\"1.5cm\",\"marginRight\":\"1.5cm\",\"marginLeft\":\"1.cm\",\"timeout\":51302,\"margin\":{\"top\":\"1.5cm\",\"right\":\"1.5cm\",\"left\":\"1.cm\"}}","meta":{"rootId":"d8rq3792yzub00m","id":"vny8veu14y01yes"},"id":"0f0j8y8xi38mxsa","previousOperationId":"ryvh37wz3taj1qn"}
{"type":"operationEnd","operationId":"ryvh37wz3taj1qn","timestamp":1704829290974,"id":"ck5t6rmocb4jfuv","previousEventId":"bq89egurmbhqu7n","previousOperationId":"ryvh37wz3taj1qn"}
{"type":"log","timestamp":1704829290975,"level":"debug","message":"Skipping storing report.","meta":{"rootId":"d8rq3792yzub00m","id":"vny8veu14y01yes"},"id":"hi9a5jfea95ztlz","previousOperationId":"ryvh37wz3taj1qn"}
{"type":"log","timestamp":1704829290975,"level":"info","message":"Rendering (child) request finished in 8902 ms","meta":{"rootId":"d8rq3792yzub00m","id":"vny8veu14y01yes"},"id":"yfzt15djw6v185y","previousOperationId":"ryvh37wz3taj1qn"}
{"type":"operationEnd","subtype":"render","operationId":"vjypr6dg7vgye5y","timestamp":1704829290975,"id":"cqb5sxeh5bkgl7j","previousEventId":"ck5t6rmocb4jfuv","previousOperationId":"ryvh37wz3taj1qn"}
{"type":"operationEnd","operationId":"j6m34q0dctgkjqe","timestamp":1704829291018,"id":"jlxxa1prntnbsly","previousEventId":"nysk580pwt6eljr","previousOperationId":"j6m34q0dctgkjqe"}
{"type":"log","timestamp":1704829291018,"level":"debug","message":"pdf-utils postproces start","meta":{"rootId":"d8rq3792yzub00m","id":"d8rq3792yzub00m"},"id":"47ee131rvq5krjv","previousOperationId":"j6m34q0dctgkjqe"}
{"type":"log","timestamp":1704829291046,"level":"debug","message":"pdf-utils postproces end","meta":{"rootId":"d8rq3792yzub00m","id":"d8rq3792yzub00m"},"id":"9pup61l5lrb424v","previousOperationId":"j6m34q0dctgkjqe"}
{"type":"operationEnd","operationId":"0gewniruybjmeph","timestamp":1704829291046,"id":"o8tm29gr3hsaggt","previousEventId":"jlxxa1prntnbsly","previousOperationId":"j6m34q0dctgkjqe"}
{"type":"log","timestamp":1704829291046,"level":"info","message":"pdf-utils pdf processing was finished","meta":{"rootId":"d8rq3792yzub00m","id":"d8rq3792yzub00m"},"id":"10bjbwotgnah0rb","previousOperationId":"0gewniruybjmeph"}
{"type":"log","timestamp":1704829291046,"level":"debug","message":"Skipping storing report.","meta":{"rootId":"d8rq3792yzub00m","id":"d8rq3792yzub00m"},"id":"00kn7kstcorl7ej","previousOperationId":"0gewniruybjmeph"}
{"type":"log","timestamp":1704829291046,"level":"info","message":"Rendering request 1 finished in 8973 ms","meta":{"rootId":"d8rq3792yzub00m","id":"d8rq3792yzub00m"},"id":"s01hyxr4wztfett","previousOperationId":"0gewniruybjmeph"}
{"type":"operationEnd","subtype":"render","operationId":"p5jj4f1j5stwuwi","timestamp":1704829291046,"id":"efvb0yonhzyxmz7","previousEventId":"o8tm29gr3hsaggt","previousOperationId":"0gewniruybjmeph"}
{"type":"operationEnd","doDiffs":false,"previousEventId":"jxehgqkvyh5v13a","previousOperationId":"wewaap6wpcqu6km","operationId":"wewaap6wpcqu6km","timestamp":1704829291057,"id":"xuxo2x4ekgk8glx"}
