{"type":"operationStart","subtype":"profile","data":{"_id":"OZJCqzGa0633Jd2e","timestamp":"2024-01-11T13:54:44.797Z","state":"queued","mode":"standard","creationDate":"2024-01-11T13:54:44.799Z","modificationDate":"2024-01-11T13:54:44.799Z","shortid":"zW9aRK_","$entitySet":"profiles"},"doDiffs":false,"timestamp":1704981284799,"id":"owmdawig29jn2q7","previousOperationId":null,"operationId":"7pcd3scf74tjnfg"}
{"type":"log","level":"info","message":"Render request 52 queued for execution and waiting for available worker","previousOperationId":"7pcd3scf74tjnfg","timestamp":1704981284799,"id":"2w31b5cd1jna4fk"}
{"type":"operationStart","subtype":"render","name":"orders-main","previousOperationId":"7pcd3scf74tjnfg","timestamp":1704981284805,"id":"ay5tskn7emqfywr","previousEventId":"owmdawig29jn2q7","operationId":"udtc26qfu481kc7"}
{"type":"log","timestamp":1704981284805,"level":"info","message":"Starting rendering request 52","meta":{"rootId":"eaob97msetl2lny","id":"eaob97msetl2lny"},"id":"dh6bcko42fip5i7","previousOperationId":"udtc26qfu481kc7"}
{"type":"log","timestamp":1704981284805,"level":"info","message":"Rendering template { name: orders-main, recipe: chrome-pdf, engine: handlebars, preview: false }","meta":{"rootId":"eaob97msetl2lny","id":"eaob97msetl2lny"},"id":"d5bpvsiue1fa99a","previousOperationId":"udtc26qfu481kc7"}
{"type":"log","timestamp":1704981284806,"level":"debug","message":"Inline data specified.","meta":{"rootId":"eaob97msetl2lny","id":"eaob97msetl2lny"},"id":"ptppouchg3zrnzv","previousOperationId":"udtc26qfu481kc7"}
{"type":"log","timestamp":1704981284809,"level":"debug","message":"Executing script orders-script (beforeRender)","meta":{"rootId":"eaob97msetl2lny","id":"eaob97msetl2lny"},"id":"o6gjcn7ngbpr6w9","previousOperationId":"udtc26qfu481kc7"}
{"type":"operationStart","subtype":"scriptsBeforeRender","name":"scripts beforeRender","timestamp":1704981284813,"id":"ujr4ju12ysqwgdg","previousEventId":"ay5tskn7emqfywr","operationId":"9e4mic13iq833oy","previousOperationId":"udtc26qfu481kc7"}
{"type":"operationStart","subtype":"script","name":"scripts orders-script","previousOperationId":"9e4mic13iq833oy","timestamp":1704981284813,"id":"o9jqdzwbk125k7b","previousEventId":"ujr4ju12ysqwgdg","operationId":"blv357wu9ogzgge"}
{"type":"operationEnd","operationId":"blv357wu9ogzgge","timestamp":1704981286223,"id":"smj0qgmcqvlj7jb","previousEventId":"ay5tskn7emqfywr","previousOperationId":"udtc26qfu481kc7"}
{"type":"operationEnd","operationId":"9e4mic13iq833oy","timestamp":1704981286223,"id":"hyjx18oarcjyqa4","previousEventId":"smj0qgmcqvlj7jb","previousOperationId":"udtc26qfu481kc7"}
{"type":"log","timestamp":1704981286223,"level":"debug","message":"Base url not specified, skipping its injection.","meta":{"rootId":"eaob97msetl2lny","id":"eaob97msetl2lny"},"id":"o7gp2cdt2xeqym2","previousOperationId":"9e4mic13iq833oy"}
{"type":"operationStart","subtype":"engine","name":"handlebars","timestamp":1704981286223,"id":"nte2vw1264zxon9","previousEventId":"hyjx18oarcjyqa4","operationId":"mdc5671fd8nx8rh","previousOperationId":"9e4mic13iq833oy"}
{"type":"log","timestamp":1704981286223,"level":"debug","message":"Rendering engine handlebars","meta":{"rootId":"eaob97msetl2lny","id":"eaob97msetl2lny"},"id":"gp1u1h3u0jurfee","previousOperationId":"mdc5671fd8nx8rh"}
{"type":"log","timestamp":1704981286228,"level":"debug","message":"(console:log) Pdf utils adding group field, value: \"France\"","meta":{"userLevel":true,"rootId":"eaob97msetl2lny","id":"eaob97msetl2lny"},"id":"nxb59v23a0tu6no","previousOperationId":"mdc5671fd8nx8rh"}
{"type":"log","timestamp":1704981286228,"level":"debug","message":"(console:log) Pdf utils adding group field, value: \"Germany\"","meta":{"userLevel":true,"rootId":"eaob97msetl2lny","id":"eaob97msetl2lny"},"id":"viekq0v30bjs8ax","previousOperationId":"mdc5671fd8nx8rh"}
{"type":"operationEnd","operationId":"mdc5671fd8nx8rh","timestamp":1704981286229,"id":"0kthpq1b47r76su","previousEventId":"nte2vw1264zxon9","previousOperationId":"mdc5671fd8nx8rh"}
{"type":"operationStart","subtype":"recipe","name":"chrome-pdf","timestamp":1704981286229,"id":"dhuovpebk16jg23","previousEventId":"0kthpq1b47r76su","operationId":"vppqg2tjphin8ly","previousOperationId":"mdc5671fd8nx8rh"}
{"type":"log","timestamp":1704981286229,"level":"debug","message":"Executing recipe chrome-pdf","meta":{"rootId":"eaob97msetl2lny","id":"eaob97msetl2lny"},"id":"jge3gga2tox86r2","previousOperationId":"vppqg2tjphin8ly"}
{"type":"log","timestamp":1704981286230,"level":"debug","message":"Converting with chrome HeadlessChrome/117.0.5938.149 using chrome-pool strategy","meta":{"rootId":"eaob97msetl2lny","id":"eaob97msetl2lny"},"id":"xiuxh9uaqw9wxjx","previousOperationId":"vppqg2tjphin8ly"}
{"type":"log","timestamp":1704981286296,"level":"debug","message":"Page request: GET (document) file:///C:/Users/Javier/AppData/Local/Temp/jsreport/autocleanup/62706358-4dd6-4ef8-a7dc-8e39c4245a0c-chrome-pdf.html","meta":{"rootId":"eaob97msetl2lny","id":"eaob97msetl2lny"},"id":"gwhbc33r1m6xpqm","previousOperationId":"vppqg2tjphin8ly"}
{"type":"log","timestamp":1704981286331,"level":"debug","message":"Page request: GET (stylesheet) https://cdnjs.cloudflare.com/ajax/libs/metro/4.1.5/css/metro.min.css","meta":{"rootId":"eaob97msetl2lny","id":"eaob97msetl2lny"},"id":"pr3808pgyiz1rng","previousOperationId":"vppqg2tjphin8ly"}
{"type":"log","timestamp":1704981286332,"level":"debug","message":"Page request: GET (script) https://cdnjs.cloudflare.com/ajax/libs/Chart.js/2.7.2/Chart.min.js","meta":{"rootId":"eaob97msetl2lny","id":"eaob97msetl2lny"},"id":"vndp1yqo6cnp24z","previousOperationId":"vppqg2tjphin8ly"}
{"type":"log","timestamp":1704981286332,"level":"debug","message":"Page request finished: GET (document) 200 file:///C:/Users/Javier/AppData/Local/Temp/jsreport/autocleanup/62706358-4dd6-4ef8-a7dc-8e39c4245a0c-chrome-pdf.html","meta":{"rootId":"eaob97msetl2lny","id":"eaob97msetl2lny"},"id":"9rwvz44isct9k5e","previousOperationId":"vppqg2tjphin8ly"}
{"type":"log","timestamp":1704981286345,"level":"debug","message":"Page request finished: GET (stylesheet) 200 https://cdnjs.cloudflare.com/ajax/libs/metro/4.1.5/css/metro.min.css","meta":{"rootId":"eaob97msetl2lny","id":"eaob97msetl2lny"},"id":"ykglgonw7qwfu94","previousOperationId":"vppqg2tjphin8ly"}
{"type":"log","timestamp":1704981286345,"level":"debug","message":"Page request finished: GET (script) 200 https://cdnjs.cloudflare.com/ajax/libs/Chart.js/2.7.2/Chart.min.js","meta":{"rootId":"eaob97msetl2lny","id":"eaob97msetl2lny"},"id":"86rhluon85qbgfy","previousOperationId":"vppqg2tjphin8ly"}
{"type":"log","timestamp":1704981286392,"level":"debug","message":"Running chrome with params {\"printBackground\":true,\"marginTop\":\"4cm\",\"marginRight\":\"1.5cm\",\"marginBottom\":\"1.5cm\",\"marginLeft\":\"1.5cm\",\"waitForJS\":false,\"timeout\":58567,\"margin\":{\"top\":\"4cm\",\"right\":\"1.5cm\",\"bottom\":\"1.5cm\",\"left\":\"1.5cm\"}}","meta":{"rootId":"eaob97msetl2lny","id":"eaob97msetl2lny"},"id":"eecwg39tme4utkc","previousOperationId":"vppqg2tjphin8ly"}
{"type":"operationEnd","operationId":"vppqg2tjphin8ly","timestamp":1704981286499,"id":"jmu36jw3o2o7ice","previousEventId":"dhuovpebk16jg23","previousOperationId":"vppqg2tjphin8ly"}
{"type":"log","timestamp":1704981286499,"level":"info","message":"pdf-utils is starting pdf processing","meta":{"rootId":"eaob97msetl2lny","id":"eaob97msetl2lny"},"id":"6v0wn1vin5isiin","previousOperationId":"vppqg2tjphin8ly"}
{"type":"operationStart","subtype":"pdfUtils","name":"pdf utils","timestamp":1704981286499,"id":"f8c4vnbh5iftoe5","previousEventId":"jmu36jw3o2o7ice","operationId":"ykya7cewtg1gav0","previousOperationId":"vppqg2tjphin8ly"}
{"type":"log","timestamp":1704981286499,"level":"debug","message":"pdf-utils detected 1 pdf operation(s) to process","meta":{"rootId":"eaob97msetl2lny","id":"eaob97msetl2lny"},"id":"dmlm8wfg7n5x23d","previousOperationId":"ykya7cewtg1gav0"}
{"type":"log","timestamp":1704981286518,"level":"debug","message":"pdf-utils running pdf operation merge","meta":{"rootId":"eaob97msetl2lny","id":"eaob97msetl2lny"},"id":"uhgili052lguidt","previousOperationId":"ykya7cewtg1gav0"}
{"type":"operationStart","subtype":"pdfUtilsMerge","name":"pdf utils merge","previousOperationId":"ykya7cewtg1gav0","timestamp":1704981286518,"id":"wlpn9zcaa80yz67","previousEventId":"f8c4vnbh5iftoe5","operationId":"l1jpg18uf28z9qi"}
{"type":"operationStart","subtype":"render","name":"orders-header","previousOperationId":"l1jpg18uf28z9qi","timestamp":1704981286519,"id":"ht5lhaw6udkwxx4","previousEventId":"wlpn9zcaa80yz67","operationId":"knxim9xd92hiwfh"}
{"type":"log","timestamp":1704981286519,"level":"info","message":"Starting rendering (child) request","meta":{"rootId":"eaob97msetl2lny","id":"pv6b1z6y9zcghlo"},"id":"v6poaqu55vnimqj","previousOperationId":"knxim9xd92hiwfh"}
{"type":"log","timestamp":1704981286519,"level":"info","message":"Rendering template { name: orders-header, recipe: chrome-pdf, engine: handlebars, preview: false }","meta":{"rootId":"eaob97msetl2lny","id":"pv6b1z6y9zcghlo"},"id":"lydqsce1gtpzqal","previousOperationId":"knxim9xd92hiwfh"}
{"type":"log","timestamp":1704981286520,"level":"debug","message":"Inline data specified.","meta":{"rootId":"eaob97msetl2lny","id":"pv6b1z6y9zcghlo"},"id":"1j1mh03wdq7hzwm","previousOperationId":"knxim9xd92hiwfh"}
{"type":"log","timestamp":1704981286521,"level":"debug","message":"Base url not specified, skipping its injection.","meta":{"rootId":"eaob97msetl2lny","id":"pv6b1z6y9zcghlo"},"id":"xyl3snv3j52xelr","previousOperationId":"knxim9xd92hiwfh"}
{"type":"operationStart","subtype":"engine","name":"handlebars","timestamp":1704981286521,"id":"5bc7v45fkz696s4","previousEventId":"ht5lhaw6udkwxx4","operationId":"hpi5wmne7vuf8fd","previousOperationId":"knxim9xd92hiwfh"}
{"type":"log","timestamp":1704981286521,"level":"debug","message":"Rendering engine handlebars","meta":{"rootId":"eaob97msetl2lny","id":"pv6b1z6y9zcghlo"},"id":"hm4qo9rmabaxolb","previousOperationId":"hpi5wmne7vuf8fd"}
{"type":"operationEnd","operationId":"hpi5wmne7vuf8fd","timestamp":1704981286530,"id":"z1ecsret23yl0ow","previousEventId":"5bc7v45fkz696s4","previousOperationId":"hpi5wmne7vuf8fd"}
{"type":"operationStart","subtype":"recipe","name":"chrome-pdf","timestamp":1704981286530,"id":"64t0rz7pzj7dy2f","previousEventId":"z1ecsret23yl0ow","operationId":"17hadwfqde2a1kb","previousOperationId":"hpi5wmne7vuf8fd"}
{"type":"log","timestamp":1704981286530,"level":"debug","message":"Executing recipe chrome-pdf","meta":{"rootId":"eaob97msetl2lny","id":"pv6b1z6y9zcghlo"},"id":"h2k5m20kkn63amq","previousOperationId":"17hadwfqde2a1kb"}
{"type":"log","timestamp":1704981286532,"level":"debug","message":"Converting with chrome HeadlessChrome/117.0.5938.149 using chrome-pool strategy","meta":{"rootId":"eaob97msetl2lny","id":"pv6b1z6y9zcghlo"},"id":"48zblottaaxvcjn","previousOperationId":"17hadwfqde2a1kb"}
{"type":"log","timestamp":1704981286594,"level":"debug","message":"Page request: GET (document) file:///C:/Users/Javier/AppData/Local/Temp/jsreport/autocleanup/3d762642-810f-465a-b69f-124079595b8b-chrome-pdf.html","meta":{"rootId":"eaob97msetl2lny","id":"pv6b1z6y9zcghlo"},"id":"5qyrk75aqhadqhx","previousOperationId":"17hadwfqde2a1kb"}
{"type":"log","timestamp":1704981286601,"level":"debug","message":"Page request: GET (stylesheet) https://cdnjs.cloudflare.com/ajax/libs/metro/4.1.5/css/metro.min.css","meta":{"rootId":"eaob97msetl2lny","id":"pv6b1z6y9zcghlo"},"id":"j4tg2d07ts6g3vp","previousOperationId":"17hadwfqde2a1kb"}
{"type":"log","timestamp":1704981286601,"level":"debug","message":"Page request finished: GET (document) 200 file:///C:/Users/Javier/AppData/Local/Temp/jsreport/autocleanup/3d762642-810f-465a-b69f-124079595b8b-chrome-pdf.html","meta":{"rootId":"eaob97msetl2lny","id":"pv6b1z6y9zcghlo"},"id":"3fgm7s3xshkk0tr","previousOperationId":"17hadwfqde2a1kb"}
{"type":"log","timestamp":1704981286612,"level":"debug","message":"Page request finished: GET (stylesheet) 200 https://cdnjs.cloudflare.com/ajax/libs/metro/4.1.5/css/metro.min.css","meta":{"rootId":"eaob97msetl2lny","id":"pv6b1z6y9zcghlo"},"id":"1bkdt9y0ubtn1jm","previousOperationId":"17hadwfqde2a1kb"}
{"type":"log","timestamp":1704981286626,"level":"debug","message":"Running chrome with params {\"printBackground\":true,\"marginTop\":\"1.5cm\",\"marginRight\":\"1.5cm\",\"marginLeft\":\"1.cm\",\"timeout\":58266,\"margin\":{\"top\":\"1.5cm\",\"right\":\"1.5cm\",\"left\":\"1.cm\"}}","meta":{"rootId":"eaob97msetl2lny","id":"pv6b1z6y9zcghlo"},"id":"rfdjsptsworkxjv","previousOperationId":"17hadwfqde2a1kb"}
{"type":"operationEnd","operationId":"17hadwfqde2a1kb","timestamp":1704981286655,"id":"e8tf41aom2b41z4","previousEventId":"64t0rz7pzj7dy2f","previousOperationId":"17hadwfqde2a1kb"}
{"type":"log","timestamp":1704981286655,"level":"debug","message":"Skipping storing report.","meta":{"rootId":"eaob97msetl2lny","id":"pv6b1z6y9zcghlo"},"id":"qwta4gym4htjwhy","previousOperationId":"17hadwfqde2a1kb"}
{"type":"log","timestamp":1704981286655,"level":"info","message":"Rendering (child) request finished in 1858 ms","meta":{"rootId":"eaob97msetl2lny","id":"pv6b1z6y9zcghlo"},"id":"qk4eu4ghabhn0l4","previousOperationId":"17hadwfqde2a1kb"}
{"type":"operationEnd","subtype":"render","operationId":"knxim9xd92hiwfh","timestamp":1704981286655,"id":"zbbsl5nhjp3h3kz","previousEventId":"e8tf41aom2b41z4","previousOperationId":"17hadwfqde2a1kb"}
{"type":"operationEnd","operationId":"l1jpg18uf28z9qi","timestamp":1704981286666,"id":"h6y67rkw2ktank8","previousEventId":"wlpn9zcaa80yz67","previousOperationId":"l1jpg18uf28z9qi"}
{"type":"log","timestamp":1704981286666,"level":"debug","message":"pdf-utils postproces start","meta":{"rootId":"eaob97msetl2lny","id":"eaob97msetl2lny"},"id":"dfoq10xyxaxmind","previousOperationId":"l1jpg18uf28z9qi"}
{"type":"log","timestamp":1704981286680,"level":"debug","message":"pdf-utils postproces end","meta":{"rootId":"eaob97msetl2lny","id":"eaob97msetl2lny"},"id":"ctl2lp59alx6s4p","previousOperationId":"l1jpg18uf28z9qi"}
{"type":"operationEnd","operationId":"ykya7cewtg1gav0","timestamp":1704981286680,"id":"hiedjwk8qnsw08d","previousEventId":"h6y67rkw2ktank8","previousOperationId":"l1jpg18uf28z9qi"}
{"type":"log","timestamp":1704981286680,"level":"info","message":"pdf-utils pdf processing was finished","meta":{"rootId":"eaob97msetl2lny","id":"eaob97msetl2lny"},"id":"dpt7194ftoaqpnl","previousOperationId":"ykya7cewtg1gav0"}
{"type":"log","timestamp":1704981286680,"level":"debug","message":"Skipping storing report.","meta":{"rootId":"eaob97msetl2lny","id":"eaob97msetl2lny"},"id":"m7vp2x2moad3e43","previousOperationId":"ykya7cewtg1gav0"}
{"type":"log","timestamp":1704981286680,"level":"info","message":"Rendering request 52 finished in 1883 ms","meta":{"rootId":"eaob97msetl2lny","id":"eaob97msetl2lny"},"id":"72okokpplgxks9u","previousOperationId":"ykya7cewtg1gav0"}
{"type":"operationEnd","subtype":"render","operationId":"udtc26qfu481kc7","timestamp":1704981286680,"id":"ywwy0xov4j0g5uj","previousEventId":"hiedjwk8qnsw08d","previousOperationId":"ykya7cewtg1gav0"}
{"type":"operationEnd","doDiffs":false,"previousEventId":"owmdawig29jn2q7","previousOperationId":"7pcd3scf74tjnfg","operationId":"7pcd3scf74tjnfg","timestamp":1704981286684,"id":"pqhj3l9xgyqh6wu"}
