{"type":"operationStart","subtype":"profile","data":{"_id":"4IQXITNgq39Bz4AL","timestamp":"2024-01-11T12:40:20.578Z","state":"queued","mode":"standard","creationDate":"2024-01-11T12:40:20.579Z","modificationDate":"2024-01-11T12:40:20.579Z","shortid":"oFoIx_s","$entitySet":"profiles"},"doDiffs":false,"timestamp":1704976820579,"id":"ncbbgnz76jb5d8k","previousOperationId":null,"operationId":"o5og140lkbujf1k"}
{"type":"log","level":"info","message":"Render request 21 queued for execution and waiting for available worker","previousOperationId":"o5og140lkbujf1k","timestamp":1704976820579,"id":"0s7v6i6yhagt0kh"}
{"type":"operationStart","subtype":"render","name":"orders-main","previousOperationId":"o5og140lkbujf1k","timestamp":1704976820586,"id":"wdo98qwbgt8fqlo","previousEventId":"ncbbgnz76jb5d8k","operationId":"9q24457akxq4hzw"}
{"type":"log","timestamp":1704976820586,"level":"info","message":"Starting rendering request 21","meta":{"rootId":"hvwgdl202i8gvvf","id":"hvwgdl202i8gvvf"},"id":"tt7ahx6e5df5jj0","previousOperationId":"9q24457akxq4hzw"}
{"type":"log","timestamp":1704976820587,"level":"info","message":"Rendering template { name: orders-main, recipe: chrome-pdf, engine: handlebars, preview: false }","meta":{"rootId":"hvwgdl202i8gvvf","id":"hvwgdl202i8gvvf"},"id":"wdkzk2gpx8i5jvp","previousOperationId":"9q24457akxq4hzw"}
{"type":"log","timestamp":1704976820588,"level":"debug","message":"Data item not defined for this template.","meta":{"rootId":"hvwgdl202i8gvvf","id":"hvwgdl202i8gvvf"},"id":"0cd1r13yrfil8gz","previousOperationId":"9q24457akxq4hzw"}
{"type":"log","timestamp":1704976820592,"level":"debug","message":"Executing script orders-script (beforeRender)","meta":{"rootId":"hvwgdl202i8gvvf","id":"hvwgdl202i8gvvf"},"id":"7qwu571grhyxv6k","previousOperationId":"9q24457akxq4hzw"}
{"type":"operationStart","subtype":"scriptsBeforeRender","name":"scripts beforeRender","timestamp":1704976820630,"id":"mowog137sx87up8","previousEventId":"wdo98qwbgt8fqlo","operationId":"484ijk09j7wtr0q","previousOperationId":"9q24457akxq4hzw"}
{"type":"operationStart","subtype":"script","name":"scripts orders-script","previousOperationId":"484ijk09j7wtr0q","timestamp":1704976820630,"id":"yt5uxp4vtb7kvxd","previousEventId":"mowog137sx87up8","operationId":"drdk6v4it8a4d4q"}
{"type":"operationEnd","operationId":"drdk6v4it8a4d4q","timestamp":1704976822096,"id":"hsg75kwlfbf8d8g","previousEventId":"wdo98qwbgt8fqlo","previousOperationId":"9q24457akxq4hzw"}
{"type":"operationEnd","operationId":"484ijk09j7wtr0q","timestamp":1704976822096,"id":"x6vfkjjkgaxjk4z","previousEventId":"hsg75kwlfbf8d8g","previousOperationId":"9q24457akxq4hzw"}
{"type":"log","timestamp":1704976822096,"level":"debug","message":"Base url not specified, skipping its injection.","meta":{"rootId":"hvwgdl202i8gvvf","id":"hvwgdl202i8gvvf"},"id":"wdzktewimj5yma4","previousOperationId":"484ijk09j7wtr0q"}
{"type":"operationStart","subtype":"engine","name":"handlebars","timestamp":1704976822096,"id":"zyak474xemuezgc","previousEventId":"x6vfkjjkgaxjk4z","operationId":"2brvf8dgdo14xq5","previousOperationId":"484ijk09j7wtr0q"}
{"type":"log","timestamp":1704976822096,"level":"debug","message":"Rendering engine handlebars","meta":{"rootId":"hvwgdl202i8gvvf","id":"hvwgdl202i8gvvf"},"id":"1oiq6bygqww0r6n","previousOperationId":"2brvf8dgdo14xq5"}
{"type":"log","timestamp":1704976822113,"level":"debug","message":"(console:log) Pdf utils adding group field, value: \"France\"","meta":{"userLevel":true,"rootId":"hvwgdl202i8gvvf","id":"hvwgdl202i8gvvf"},"id":"n3u2ftq6zsyq2ct","previousOperationId":"2brvf8dgdo14xq5"}
{"type":"log","timestamp":1704976822114,"level":"debug","message":"(console:log) Pdf utils adding group field, value: \"Germany\"","meta":{"userLevel":true,"rootId":"hvwgdl202i8gvvf","id":"hvwgdl202i8gvvf"},"id":"qpfk2y50jn8humy","previousOperationId":"2brvf8dgdo14xq5"}
{"type":"operationEnd","operationId":"2brvf8dgdo14xq5","timestamp":1704976822114,"id":"7hoy4mfofl8yysz","previousEventId":"zyak474xemuezgc","previousOperationId":"2brvf8dgdo14xq5"}
{"type":"operationStart","subtype":"recipe","name":"chrome-pdf","timestamp":1704976822115,"id":"9q515an5g68cj28","previousEventId":"7hoy4mfofl8yysz","operationId":"7gt79ymvhacw83v","previousOperationId":"2brvf8dgdo14xq5"}
{"type":"log","timestamp":1704976822115,"level":"debug","message":"Executing recipe chrome-pdf","meta":{"rootId":"hvwgdl202i8gvvf","id":"hvwgdl202i8gvvf"},"id":"cvrzrugzaz5l1tm","previousOperationId":"7gt79ymvhacw83v"}
{"type":"log","timestamp":1704976822118,"level":"debug","message":"Converting with chrome HeadlessChrome/117.0.5938.149 using chrome-pool strategy","meta":{"rootId":"hvwgdl202i8gvvf","id":"hvwgdl202i8gvvf"},"id":"v9od4wlibfv693m","previousOperationId":"7gt79ymvhacw83v"}
{"type":"log","timestamp":1704976822188,"level":"debug","message":"Page request: GET (document) file:///C:/Users/Javier/AppData/Local/Temp/jsreport/autocleanup/eb1aad5d-070d-4357-b023-aaa1b797f090-chrome-pdf.html","meta":{"rootId":"hvwgdl202i8gvvf","id":"hvwgdl202i8gvvf"},"id":"lukqb2mjzpa1xso","previousOperationId":"7gt79ymvhacw83v"}
{"type":"log","timestamp":1704976822224,"level":"debug","message":"Page request: GET (stylesheet) https://cdnjs.cloudflare.com/ajax/libs/metro/4.1.5/css/metro.min.css","meta":{"rootId":"hvwgdl202i8gvvf","id":"hvwgdl202i8gvvf"},"id":"pidtzb93px0sfm6","previousOperationId":"7gt79ymvhacw83v"}
{"type":"log","timestamp":1704976822225,"level":"debug","message":"Page request: GET (script) https://cdnjs.cloudflare.com/ajax/libs/Chart.js/2.7.2/Chart.min.js","meta":{"rootId":"hvwgdl202i8gvvf","id":"hvwgdl202i8gvvf"},"id":"4rk3g62g6y9hkok","previousOperationId":"7gt79ymvhacw83v"}
{"type":"log","timestamp":1704976822225,"level":"debug","message":"Page request finished: GET (document) 200 file:///C:/Users/Javier/AppData/Local/Temp/jsreport/autocleanup/eb1aad5d-070d-4357-b023-aaa1b797f090-chrome-pdf.html","meta":{"rootId":"hvwgdl202i8gvvf","id":"hvwgdl202i8gvvf"},"id":"t69jptopti1dhtq","previousOperationId":"7gt79ymvhacw83v"}
{"type":"log","timestamp":1704976824694,"level":"debug","message":"Page request finished: GET (stylesheet) 200 https://cdnjs.cloudflare.com/ajax/libs/metro/4.1.5/css/metro.min.css","meta":{"rootId":"hvwgdl202i8gvvf","id":"hvwgdl202i8gvvf"},"id":"pae489ugl7ane5i","previousOperationId":"7gt79ymvhacw83v"}
{"type":"log","timestamp":1704976824694,"level":"debug","message":"Page request finished: GET (script) 200 https://cdnjs.cloudflare.com/ajax/libs/Chart.js/2.7.2/Chart.min.js","meta":{"rootId":"hvwgdl202i8gvvf","id":"hvwgdl202i8gvvf"},"id":"w6hqs0a15gsk7fy","previousOperationId":"7gt79ymvhacw83v"}
{"type":"log","timestamp":1704976824752,"level":"debug","message":"Running chrome with params {\"printBackground\":true,\"marginTop\":\"4cm\",\"marginRight\":\"1.5cm\",\"marginBottom\":\"1.5cm\",\"marginLeft\":\"1.5cm\",\"waitForJS\":false,\"timeout\":58461,\"margin\":{\"top\":\"4cm\",\"right\":\"1.5cm\",\"bottom\":\"1.5cm\",\"left\":\"1.5cm\"}}","meta":{"rootId":"hvwgdl202i8gvvf","id":"hvwgdl202i8gvvf"},"id":"og3y0pvt385cds3","previousOperationId":"7gt79ymvhacw83v"}
{"type":"operationEnd","operationId":"7gt79ymvhacw83v","timestamp":1704976824889,"id":"6hp4t3v6b3vl7th","previousEventId":"9q515an5g68cj28","previousOperationId":"7gt79ymvhacw83v"}
{"type":"log","timestamp":1704976824890,"level":"info","message":"pdf-utils is starting pdf processing","meta":{"rootId":"hvwgdl202i8gvvf","id":"hvwgdl202i8gvvf"},"id":"ao8n5ebk78jtpc8","previousOperationId":"7gt79ymvhacw83v"}
{"type":"operationStart","subtype":"pdfUtils","name":"pdf utils","timestamp":1704976825172,"id":"5kdm0e618bjx6vp","previousEventId":"6hp4t3v6b3vl7th","operationId":"k44lstocylt9ad0","previousOperationId":"7gt79ymvhacw83v"}
{"type":"log","timestamp":1704976825172,"level":"debug","message":"pdf-utils detected 1 pdf operation(s) to process","meta":{"rootId":"hvwgdl202i8gvvf","id":"hvwgdl202i8gvvf"},"id":"gnp948o4h6uhsg8","previousOperationId":"k44lstocylt9ad0"}
{"type":"log","timestamp":1704976825403,"level":"debug","message":"pdf-utils running pdf operation merge","meta":{"rootId":"hvwgdl202i8gvvf","id":"hvwgdl202i8gvvf"},"id":"rbi05z9u8rbp9v6","previousOperationId":"k44lstocylt9ad0"}
{"type":"operationStart","subtype":"pdfUtilsMerge","name":"pdf utils merge","previousOperationId":"k44lstocylt9ad0","timestamp":1704976825403,"id":"1oe9q494owczdaa","previousEventId":"5kdm0e618bjx6vp","operationId":"8jztn93l2wbwuym"}
{"type":"operationStart","subtype":"render","name":"orders-header","previousOperationId":"8jztn93l2wbwuym","timestamp":1704976825405,"id":"c9nyxim3bonunzy","previousEventId":"1oe9q494owczdaa","operationId":"ly322zafcy6r50s"}
{"type":"log","timestamp":1704976825405,"level":"info","message":"Starting rendering (child) request","meta":{"rootId":"hvwgdl202i8gvvf","id":"s9x1ig6b7cagcdv"},"id":"wwkdqhelaycqclu","previousOperationId":"ly322zafcy6r50s"}
{"type":"log","timestamp":1704976825405,"level":"info","message":"Rendering template { name: orders-header, recipe: chrome-pdf, engine: handlebars, preview: false }","meta":{"rootId":"hvwgdl202i8gvvf","id":"s9x1ig6b7cagcdv"},"id":"rhzqqtdjwot3pl1","previousOperationId":"ly322zafcy6r50s"}
{"type":"log","timestamp":1704976825409,"level":"debug","message":"Inline data specified.","meta":{"rootId":"hvwgdl202i8gvvf","id":"s9x1ig6b7cagcdv"},"id":"rpd237pauqyiemf","previousOperationId":"ly322zafcy6r50s"}
{"type":"log","timestamp":1704976825411,"level":"debug","message":"Base url not specified, skipping its injection.","meta":{"rootId":"hvwgdl202i8gvvf","id":"s9x1ig6b7cagcdv"},"id":"pgdzf0kzmz63bdw","previousOperationId":"ly322zafcy6r50s"}
{"type":"operationStart","subtype":"engine","name":"handlebars","timestamp":1704976825411,"id":"r6kkjtb62spe10o","previousEventId":"c9nyxim3bonunzy","operationId":"07imoeypfsd65ws","previousOperationId":"ly322zafcy6r50s"}
{"type":"log","timestamp":1704976825411,"level":"debug","message":"Rendering engine handlebars","meta":{"rootId":"hvwgdl202i8gvvf","id":"s9x1ig6b7cagcdv"},"id":"32ukm6z91cvbha5","previousOperationId":"07imoeypfsd65ws"}
{"type":"operationEnd","operationId":"07imoeypfsd65ws","timestamp":1704976825426,"id":"3g4w8v9zzcj16qq","previousEventId":"r6kkjtb62spe10o","previousOperationId":"07imoeypfsd65ws"}
{"type":"operationStart","subtype":"recipe","name":"chrome-pdf","timestamp":1704976825426,"id":"xedjalju8jj51wo","previousEventId":"3g4w8v9zzcj16qq","operationId":"55xes1rdfhi2oy9","previousOperationId":"07imoeypfsd65ws"}
{"type":"log","timestamp":1704976825427,"level":"debug","message":"Executing recipe chrome-pdf","meta":{"rootId":"hvwgdl202i8gvvf","id":"s9x1ig6b7cagcdv"},"id":"q7oj6pvhoho5spd","previousOperationId":"55xes1rdfhi2oy9"}
{"type":"log","timestamp":1704976825430,"level":"debug","message":"Converting with chrome HeadlessChrome/117.0.5938.149 using chrome-pool strategy","meta":{"rootId":"hvwgdl202i8gvvf","id":"s9x1ig6b7cagcdv"},"id":"401nepsyrc061es","previousOperationId":"55xes1rdfhi2oy9"}
{"type":"log","timestamp":1704976825517,"level":"debug","message":"Page request: GET (document) file:///C:/Users/Javier/AppData/Local/Temp/jsreport/autocleanup/13de9799-d440-4768-9b3d-3b8e5e01943f-chrome-pdf.html","meta":{"rootId":"hvwgdl202i8gvvf","id":"s9x1ig6b7cagcdv"},"id":"t2qre8ickfj6w4j","previousOperationId":"55xes1rdfhi2oy9"}
{"type":"log","timestamp":1704976825531,"level":"debug","message":"Page request: GET (stylesheet) https://cdnjs.cloudflare.com/ajax/libs/metro/4.1.5/css/metro.min.css","meta":{"rootId":"hvwgdl202i8gvvf","id":"s9x1ig6b7cagcdv"},"id":"qh25wwd7qjmcabt","previousOperationId":"55xes1rdfhi2oy9"}
{"type":"log","timestamp":1704976825531,"level":"debug","message":"Page request finished: GET (document) 200 file:///C:/Users/Javier/AppData/Local/Temp/jsreport/autocleanup/13de9799-d440-4768-9b3d-3b8e5e01943f-chrome-pdf.html","meta":{"rootId":"hvwgdl202i8gvvf","id":"s9x1ig6b7cagcdv"},"id":"k4cy1wq68szyjez","previousOperationId":"55xes1rdfhi2oy9"}
{"type":"log","timestamp":1704976825543,"level":"debug","message":"Page request finished: GET (stylesheet) 200 https://cdnjs.cloudflare.com/ajax/libs/metro/4.1.5/css/metro.min.css","meta":{"rootId":"hvwgdl202i8gvvf","id":"s9x1ig6b7cagcdv"},"id":"hg7vhcs6hflfpfz","previousOperationId":"55xes1rdfhi2oy9"}
{"type":"log","timestamp":1704976825557,"level":"debug","message":"Running chrome with params {\"printBackground\":true,\"marginTop\":\"1.5cm\",\"marginRight\":\"1.5cm\",\"marginLeft\":\"1.cm\",\"timeout\":55149,\"margin\":{\"top\":\"1.5cm\",\"right\":\"1.5cm\",\"left\":\"1.cm\"}}","meta":{"rootId":"hvwgdl202i8gvvf","id":"s9x1ig6b7cagcdv"},"id":"m0svc0om3zsprxx","previousOperationId":"55xes1rdfhi2oy9"}
{"type":"operationEnd","operationId":"55xes1rdfhi2oy9","timestamp":1704976825590,"id":"3343aiisabqcy3a","previousEventId":"xedjalju8jj51wo","previousOperationId":"55xes1rdfhi2oy9"}
{"type":"log","timestamp":1704976825590,"level":"debug","message":"Skipping storing report.","meta":{"rootId":"hvwgdl202i8gvvf","id":"s9x1ig6b7cagcdv"},"id":"wh31ughyzveljnv","previousOperationId":"55xes1rdfhi2oy9"}
{"type":"log","timestamp":1704976825590,"level":"info","message":"Rendering (child) request finished in 5012 ms","meta":{"rootId":"hvwgdl202i8gvvf","id":"s9x1ig6b7cagcdv"},"id":"9myq8u7d9k0g5xu","previousOperationId":"55xes1rdfhi2oy9"}
{"type":"operationEnd","subtype":"render","operationId":"ly322zafcy6r50s","timestamp":1704976825590,"id":"5foh8m582fm1wuv","previousEventId":"3343aiisabqcy3a","previousOperationId":"55xes1rdfhi2oy9"}
{"type":"operationEnd","operationId":"8jztn93l2wbwuym","timestamp":1704976825615,"id":"xas2zcbr1cavoin","previousEventId":"1oe9q494owczdaa","previousOperationId":"8jztn93l2wbwuym"}
{"type":"log","timestamp":1704976825615,"level":"debug","message":"pdf-utils postproces start","meta":{"rootId":"hvwgdl202i8gvvf","id":"hvwgdl202i8gvvf"},"id":"6iy44tu1ebt71ou","previousOperationId":"8jztn93l2wbwuym"}
{"type":"log","timestamp":1704976825635,"level":"debug","message":"pdf-utils postproces end","meta":{"rootId":"hvwgdl202i8gvvf","id":"hvwgdl202i8gvvf"},"id":"2122tez3f7knu6l","previousOperationId":"8jztn93l2wbwuym"}
{"type":"operationEnd","operationId":"k44lstocylt9ad0","timestamp":1704976825635,"id":"h89pqhucucyppmm","previousEventId":"xas2zcbr1cavoin","previousOperationId":"8jztn93l2wbwuym"}
{"type":"log","timestamp":1704976825635,"level":"info","message":"pdf-utils pdf processing was finished","meta":{"rootId":"hvwgdl202i8gvvf","id":"hvwgdl202i8gvvf"},"id":"1oicyyy3sjotb7h","previousOperationId":"k44lstocylt9ad0"}
{"type":"log","timestamp":1704976825635,"level":"debug","message":"Skipping storing report.","meta":{"rootId":"hvwgdl202i8gvvf","id":"hvwgdl202i8gvvf"},"id":"xabvk6k4vb45rzo","previousOperationId":"k44lstocylt9ad0"}
{"type":"log","timestamp":1704976825635,"level":"info","message":"Rendering request 21 finished in 5057 ms","meta":{"rootId":"hvwgdl202i8gvvf","id":"hvwgdl202i8gvvf"},"id":"g9fxbzhbv06iapf","previousOperationId":"k44lstocylt9ad0"}
{"type":"operationEnd","subtype":"render","operationId":"9q24457akxq4hzw","timestamp":1704976825635,"id":"a1t5r0qam3w3dy3","previousEventId":"h89pqhucucyppmm","previousOperationId":"k44lstocylt9ad0"}
{"type":"operationEnd","doDiffs":false,"previousEventId":"ncbbgnz76jb5d8k","previousOperationId":"o5og140lkbujf1k","operationId":"o5og140lkbujf1k","timestamp":1704976825640,"id":"kx5coyroi4yyf6j"}
