{"type":"operationStart","subtype":"profile","data":{"_id":"5J1uNrHtxP7wwYqN","timestamp":"2024-01-11T12:54:15.460Z","state":"queued","mode":"standard","creationDate":"2024-01-11T12:54:15.462Z","modificationDate":"2024-01-11T12:54:15.462Z","shortid":"hvWAtX6","$entitySet":"profiles"},"doDiffs":false,"timestamp":1704977655461,"id":"bdszy4udypcwxzp","previousOperationId":null,"operationId":"uw5ho3ogvihv8ex"}
{"type":"log","level":"info","message":"Render request 39 queued for execution and waiting for available worker","previousOperationId":"uw5ho3ogvihv8ex","timestamp":1704977655461,"id":"endvi40xgspaqa5"}
{"type":"operationStart","subtype":"render","name":"orders-main","previousOperationId":"uw5ho3ogvihv8ex","timestamp":1704977655465,"id":"ezph6busnsu63wp","previousEventId":"bdszy4udypcwxzp","operationId":"axsdgtmyci3ep24"}
{"type":"log","timestamp":1704977655466,"level":"info","message":"Starting rendering request 39","meta":{"rootId":"kzsqidymsei9i32","id":"kzsqidymsei9i32"},"id":"4pztykl9hlmfx6a","previousOperationId":"axsdgtmyci3ep24"}
{"type":"log","timestamp":1704977655466,"level":"info","message":"Rendering template { name: orders-main, recipe: chrome-pdf, engine: handlebars, preview: false }","meta":{"rootId":"kzsqidymsei9i32","id":"kzsqidymsei9i32"},"id":"d9rqmccafqs0hdo","previousOperationId":"axsdgtmyci3ep24"}
{"type":"log","timestamp":1704977655466,"level":"debug","message":"Data item not defined for this template.","meta":{"rootId":"kzsqidymsei9i32","id":"kzsqidymsei9i32"},"id":"33xpq8tlidk668q","previousOperationId":"axsdgtmyci3ep24"}
{"type":"log","timestamp":1704977655469,"level":"debug","message":"Executing script orders-script (beforeRender)","meta":{"rootId":"kzsqidymsei9i32","id":"kzsqidymsei9i32"},"id":"i8cmty6g8wjf7ad","previousOperationId":"axsdgtmyci3ep24"}
{"type":"operationStart","subtype":"scriptsBeforeRender","name":"scripts beforeRender","timestamp":1704977655476,"id":"spv4qpz6rwxzdnj","previousEventId":"ezph6busnsu63wp","operationId":"ml1w6qy8hu0m29m","previousOperationId":"axsdgtmyci3ep24"}
{"type":"operationStart","subtype":"script","name":"scripts orders-script","previousOperationId":"ml1w6qy8hu0m29m","timestamp":1704977655476,"id":"r4s9riq01gb2g25","previousEventId":"spv4qpz6rwxzdnj","operationId":"s4cel1zhm13z8fl"}
{"type":"log","timestamp":1704977656816,"level":"debug","message":"(console:log) aaaaaaaaaaaaaaaaaaaaaaaaaaaaaaaaaaa","meta":{"userLevel":true,"rootId":"kzsqidymsei9i32","id":"kzsqidymsei9i32"},"id":"gn5dvfb20pe1a6t","previousOperationId":"s4cel1zhm13z8fl"}
{"type":"operationEnd","operationId":"s4cel1zhm13z8fl","timestamp":1704977656816,"id":"2n6snvbu9l04rtc","previousEventId":"ezph6busnsu63wp","previousOperationId":"axsdgtmyci3ep24"}
{"type":"operationEnd","operationId":"ml1w6qy8hu0m29m","timestamp":1704977656816,"id":"pzr6os4lztvb919","previousEventId":"2n6snvbu9l04rtc","previousOperationId":"axsdgtmyci3ep24"}
{"type":"log","timestamp":1704977656816,"level":"debug","message":"Base url not specified, skipping its injection.","meta":{"rootId":"kzsqidymsei9i32","id":"kzsqidymsei9i32"},"id":"hvax4zlekdtk9z1","previousOperationId":"ml1w6qy8hu0m29m"}
{"type":"operationStart","subtype":"engine","name":"handlebars","timestamp":1704977656816,"id":"xx9qawngsk9ycfj","previousEventId":"pzr6os4lztvb919","operationId":"n24mm0xxtvnbixw","previousOperationId":"ml1w6qy8hu0m29m"}
{"type":"log","timestamp":1704977656816,"level":"debug","message":"Rendering engine handlebars","meta":{"rootId":"kzsqidymsei9i32","id":"kzsqidymsei9i32"},"id":"66cornqo4hyujfs","previousOperationId":"n24mm0xxtvnbixw"}
{"type":"log","timestamp":1704977656825,"level":"debug","message":"(console:log) Pdf utils adding group field, value: \"France\"","meta":{"userLevel":true,"rootId":"kzsqidymsei9i32","id":"kzsqidymsei9i32"},"id":"z0vdbfrpocvtyaz","previousOperationId":"n24mm0xxtvnbixw"}
{"type":"log","timestamp":1704977656826,"level":"debug","message":"(console:log) Pdf utils adding group field, value: \"Germany\"","meta":{"userLevel":true,"rootId":"kzsqidymsei9i32","id":"kzsqidymsei9i32"},"id":"fdmwaw945ayf3bh","previousOperationId":"n24mm0xxtvnbixw"}
{"type":"operationEnd","operationId":"n24mm0xxtvnbixw","timestamp":1704977656826,"id":"6arpb0925j51h31","previousEventId":"xx9qawngsk9ycfj","previousOperationId":"n24mm0xxtvnbixw"}
{"type":"operationStart","subtype":"recipe","name":"chrome-pdf","timestamp":1704977656827,"id":"u9tuza5vewjlbgx","previousEventId":"6arpb0925j51h31","operationId":"0ntkf6qg1cuxfwr","previousOperationId":"n24mm0xxtvnbixw"}
{"type":"log","timestamp":1704977656827,"level":"debug","message":"Executing recipe chrome-pdf","meta":{"rootId":"kzsqidymsei9i32","id":"kzsqidymsei9i32"},"id":"fih0hupmbdm6lho","previousOperationId":"0ntkf6qg1cuxfwr"}
{"type":"log","timestamp":1704977656829,"level":"debug","message":"Converting with chrome HeadlessChrome/117.0.5938.149 using chrome-pool strategy","meta":{"rootId":"kzsqidymsei9i32","id":"kzsqidymsei9i32"},"id":"j63rrt0v1c2fdfc","previousOperationId":"0ntkf6qg1cuxfwr"}
{"type":"log","timestamp":1704977656904,"level":"debug","message":"Page request: GET (document) file:///C:/Users/Javier/AppData/Local/Temp/jsreport/autocleanup/5d2786dc-2847-41d8-a68d-b0aea3c588fb-chrome-pdf.html","meta":{"rootId":"kzsqidymsei9i32","id":"kzsqidymsei9i32"},"id":"ed1aj98ash9cacb","previousOperationId":"0ntkf6qg1cuxfwr"}
{"type":"log","timestamp":1704977656947,"level":"debug","message":"Page request: GET (stylesheet) https://cdnjs.cloudflare.com/ajax/libs/metro/4.1.5/css/metro.min.css","meta":{"rootId":"kzsqidymsei9i32","id":"kzsqidymsei9i32"},"id":"9wft48hkgmht0y3","previousOperationId":"0ntkf6qg1cuxfwr"}
{"type":"log","timestamp":1704977656947,"level":"debug","message":"Page request: GET (script) https://cdnjs.cloudflare.com/ajax/libs/Chart.js/2.7.2/Chart.min.js","meta":{"rootId":"kzsqidymsei9i32","id":"kzsqidymsei9i32"},"id":"p43qdhekoysjqg7","previousOperationId":"0ntkf6qg1cuxfwr"}
{"type":"log","timestamp":1704977656948,"level":"debug","message":"Page request finished: GET (document) 200 file:///C:/Users/Javier/AppData/Local/Temp/jsreport/autocleanup/5d2786dc-2847-41d8-a68d-b0aea3c588fb-chrome-pdf.html","meta":{"rootId":"kzsqidymsei9i32","id":"kzsqidymsei9i32"},"id":"aixof5js3yui29h","previousOperationId":"0ntkf6qg1cuxfwr"}
{"type":"log","timestamp":1704977656952,"level":"debug","message":"Page request finished: GET (script) 200 https://cdnjs.cloudflare.com/ajax/libs/Chart.js/2.7.2/Chart.min.js","meta":{"rootId":"kzsqidymsei9i32","id":"kzsqidymsei9i32"},"id":"comk0399p8hdcw4","previousOperationId":"0ntkf6qg1cuxfwr"}
{"type":"log","timestamp":1704977656962,"level":"debug","message":"Page request finished: GET (stylesheet) 200 https://cdnjs.cloudflare.com/ajax/libs/metro/4.1.5/css/metro.min.css","meta":{"rootId":"kzsqidymsei9i32","id":"kzsqidymsei9i32"},"id":"wanqwnylvhwcbr8","previousOperationId":"0ntkf6qg1cuxfwr"}
{"type":"log","timestamp":1704977657015,"level":"debug","message":"Running chrome with params {\"printBackground\":true,\"marginTop\":\"4cm\",\"marginRight\":\"1.5cm\",\"marginBottom\":\"1.5cm\",\"marginLeft\":\"1.5cm\",\"waitForJS\":false,\"timeout\":58632,\"margin\":{\"top\":\"4cm\",\"right\":\"1.5cm\",\"bottom\":\"1.5cm\",\"left\":\"1.5cm\"}}","meta":{"rootId":"kzsqidymsei9i32","id":"kzsqidymsei9i32"},"id":"0j9pyq4m615hr0o","previousOperationId":"0ntkf6qg1cuxfwr"}
{"type":"operationEnd","operationId":"0ntkf6qg1cuxfwr","timestamp":1704977657136,"id":"mafprud399x8f62","previousEventId":"u9tuza5vewjlbgx","previousOperationId":"0ntkf6qg1cuxfwr"}
{"type":"log","timestamp":1704977657136,"level":"info","message":"pdf-utils is starting pdf processing","meta":{"rootId":"kzsqidymsei9i32","id":"kzsqidymsei9i32"},"id":"dfuxcyhgxb3f6yt","previousOperationId":"0ntkf6qg1cuxfwr"}
{"type":"operationStart","subtype":"pdfUtils","name":"pdf utils","timestamp":1704977657136,"id":"isrccw9fvzkj62t","previousEventId":"mafprud399x8f62","operationId":"6nt4wchk4lsntcv","previousOperationId":"0ntkf6qg1cuxfwr"}
{"type":"log","timestamp":1704977657136,"level":"debug","message":"pdf-utils detected 1 pdf operation(s) to process","meta":{"rootId":"kzsqidymsei9i32","id":"kzsqidymsei9i32"},"id":"qwya5b9210j830k","previousOperationId":"6nt4wchk4lsntcv"}
{"type":"log","timestamp":1704977657182,"level":"debug","message":"pdf-utils running pdf operation merge","meta":{"rootId":"kzsqidymsei9i32","id":"kzsqidymsei9i32"},"id":"j5rknzbsfkop1za","previousOperationId":"6nt4wchk4lsntcv"}
{"type":"operationStart","subtype":"pdfUtilsMerge","name":"pdf utils merge","previousOperationId":"6nt4wchk4lsntcv","timestamp":1704977657182,"id":"t4mcx2laemrpyh4","previousEventId":"isrccw9fvzkj62t","operationId":"e165i0jss7ah4pm"}
{"type":"operationStart","subtype":"render","name":"orders-header","previousOperationId":"e165i0jss7ah4pm","timestamp":1704977657183,"id":"ocv8z5jhs56zzsg","previousEventId":"t4mcx2laemrpyh4","operationId":"btb0b63nr86ah0h"}
{"type":"log","timestamp":1704977657183,"level":"info","message":"Starting rendering (child) request","meta":{"rootId":"kzsqidymsei9i32","id":"4wz5diaumdggr8k"},"id":"ixpqc1p3v3qeaaf","previousOperationId":"btb0b63nr86ah0h"}
{"type":"log","timestamp":1704977657183,"level":"info","message":"Rendering template { name: orders-header, recipe: chrome-pdf, engine: handlebars, preview: false }","meta":{"rootId":"kzsqidymsei9i32","id":"4wz5diaumdggr8k"},"id":"8098pb2sgl972sb","previousOperationId":"btb0b63nr86ah0h"}
{"type":"log","timestamp":1704977657184,"level":"debug","message":"Inline data specified.","meta":{"rootId":"kzsqidymsei9i32","id":"4wz5diaumdggr8k"},"id":"vyoxdug6i13r0q9","previousOperationId":"btb0b63nr86ah0h"}
{"type":"log","timestamp":1704977657186,"level":"debug","message":"Base url not specified, skipping its injection.","meta":{"rootId":"kzsqidymsei9i32","id":"4wz5diaumdggr8k"},"id":"bw5xjl784p975av","previousOperationId":"btb0b63nr86ah0h"}
{"type":"operationStart","subtype":"engine","name":"handlebars","timestamp":1704977657186,"id":"62c24eqm6jca7d9","previousEventId":"ocv8z5jhs56zzsg","operationId":"da9zvnsvi3csrl0","previousOperationId":"btb0b63nr86ah0h"}
{"type":"log","timestamp":1704977657186,"level":"debug","message":"Rendering engine handlebars","meta":{"rootId":"kzsqidymsei9i32","id":"4wz5diaumdggr8k"},"id":"hhjb6nazv41gy2v","previousOperationId":"da9zvnsvi3csrl0"}
{"type":"operationEnd","operationId":"da9zvnsvi3csrl0","timestamp":1704977657197,"id":"khp7m7z06bql4mj","previousEventId":"62c24eqm6jca7d9","previousOperationId":"da9zvnsvi3csrl0"}
{"type":"operationStart","subtype":"recipe","name":"chrome-pdf","timestamp":1704977657198,"id":"74slb2hzwm9z19o","previousEventId":"khp7m7z06bql4mj","operationId":"sw6xpwig81u6eed","previousOperationId":"da9zvnsvi3csrl0"}
{"type":"log","timestamp":1704977657198,"level":"debug","message":"Executing recipe chrome-pdf","meta":{"rootId":"kzsqidymsei9i32","id":"4wz5diaumdggr8k"},"id":"9jpuqlr0s2b67bz","previousOperationId":"sw6xpwig81u6eed"}
{"type":"log","timestamp":1704977657200,"level":"debug","message":"Converting with chrome HeadlessChrome/117.0.5938.149 using chrome-pool strategy","meta":{"rootId":"kzsqidymsei9i32","id":"4wz5diaumdggr8k"},"id":"8fwdxn6060g47y9","previousOperationId":"sw6xpwig81u6eed"}
{"type":"log","timestamp":1704977657268,"level":"debug","message":"Page request: GET (document) file:///C:/Users/Javier/AppData/Local/Temp/jsreport/autocleanup/6b77c308-d4e3-4f53-814e-521ad48fc710-chrome-pdf.html","meta":{"rootId":"kzsqidymsei9i32","id":"4wz5diaumdggr8k"},"id":"u9gj3e8yw95b0sr","previousOperationId":"sw6xpwig81u6eed"}
{"type":"log","timestamp":1704977657275,"level":"debug","message":"Page request: GET (stylesheet) https://cdnjs.cloudflare.com/ajax/libs/metro/4.1.5/css/metro.min.css","meta":{"rootId":"kzsqidymsei9i32","id":"4wz5diaumdggr8k"},"id":"lm5fymkaec252ye","previousOperationId":"sw6xpwig81u6eed"}
{"type":"log","timestamp":1704977657275,"level":"debug","message":"Page request finished: GET (document) 200 file:///C:/Users/Javier/AppData/Local/Temp/jsreport/autocleanup/6b77c308-d4e3-4f53-814e-521ad48fc710-chrome-pdf.html","meta":{"rootId":"kzsqidymsei9i32","id":"4wz5diaumdggr8k"},"id":"d8sxjqeeoqegn42","previousOperationId":"sw6xpwig81u6eed"}
{"type":"log","timestamp":1704977657286,"level":"debug","message":"Page request finished: GET (stylesheet) 200 https://cdnjs.cloudflare.com/ajax/libs/metro/4.1.5/css/metro.min.css","meta":{"rootId":"kzsqidymsei9i32","id":"4wz5diaumdggr8k"},"id":"u21cdovpzgmwfcm","previousOperationId":"sw6xpwig81u6eed"}
{"type":"log","timestamp":1704977657300,"level":"debug","message":"Running chrome with params {\"printBackground\":true,\"marginTop\":\"1.5cm\",\"marginRight\":\"1.5cm\",\"marginLeft\":\"1.cm\",\"timeout\":58261,\"margin\":{\"top\":\"1.5cm\",\"right\":\"1.5cm\",\"left\":\"1.cm\"}}","meta":{"rootId":"kzsqidymsei9i32","id":"4wz5diaumdggr8k"},"id":"wkgl39plmvdupgp","previousOperationId":"sw6xpwig81u6eed"}
{"type":"operationEnd","operationId":"sw6xpwig81u6eed","timestamp":1704977657332,"id":"fbsg3cfvd36rxvu","previousEventId":"74slb2hzwm9z19o","previousOperationId":"sw6xpwig81u6eed"}
{"type":"log","timestamp":1704977657332,"level":"debug","message":"Skipping storing report.","meta":{"rootId":"kzsqidymsei9i32","id":"4wz5diaumdggr8k"},"id":"6t0k6e1uybjih81","previousOperationId":"sw6xpwig81u6eed"}
{"type":"log","timestamp":1704977657332,"level":"info","message":"Rendering (child) request finished in 1872 ms","meta":{"rootId":"kzsqidymsei9i32","id":"4wz5diaumdggr8k"},"id":"oxxf1qhumtto69x","previousOperationId":"sw6xpwig81u6eed"}
{"type":"operationEnd","subtype":"render","operationId":"btb0b63nr86ah0h","timestamp":1704977657332,"id":"mjm6fsnpv5z160a","previousEventId":"fbsg3cfvd36rxvu","previousOperationId":"sw6xpwig81u6eed"}
{"type":"operationEnd","operationId":"e165i0jss7ah4pm","timestamp":1704977657352,"id":"g8ypjxbxzvvj7mw","previousEventId":"t4mcx2laemrpyh4","previousOperationId":"e165i0jss7ah4pm"}
{"type":"log","timestamp":1704977657352,"level":"debug","message":"pdf-utils postproces start","meta":{"rootId":"kzsqidymsei9i32","id":"kzsqidymsei9i32"},"id":"6yl5vppuzeqylws","previousOperationId":"e165i0jss7ah4pm"}
{"type":"log","timestamp":1704977657373,"level":"debug","message":"pdf-utils postproces end","meta":{"rootId":"kzsqidymsei9i32","id":"kzsqidymsei9i32"},"id":"n2qor0x32ydz6iy","previousOperationId":"e165i0jss7ah4pm"}
{"type":"operationEnd","operationId":"6nt4wchk4lsntcv","timestamp":1704977657373,"id":"91zfstwt86c5syo","previousEventId":"g8ypjxbxzvvj7mw","previousOperationId":"e165i0jss7ah4pm"}
{"type":"log","timestamp":1704977657373,"level":"info","message":"pdf-utils pdf processing was finished","meta":{"rootId":"kzsqidymsei9i32","id":"kzsqidymsei9i32"},"id":"t7id9ruorh7dfyw","previousOperationId":"6nt4wchk4lsntcv"}
{"type":"log","timestamp":1704977657373,"level":"debug","message":"Skipping storing report.","meta":{"rootId":"kzsqidymsei9i32","id":"kzsqidymsei9i32"},"id":"9b3lqyqvkxqktuz","previousOperationId":"6nt4wchk4lsntcv"}
{"type":"log","timestamp":1704977657373,"level":"info","message":"Rendering request 39 finished in 1913 ms","meta":{"rootId":"kzsqidymsei9i32","id":"kzsqidymsei9i32"},"id":"9r96z5qg84qz6va","previousOperationId":"6nt4wchk4lsntcv"}
{"type":"operationEnd","subtype":"render","operationId":"axsdgtmyci3ep24","timestamp":1704977657373,"id":"pydd4cuf7vi2v7b","previousEventId":"91zfstwt86c5syo","previousOperationId":"6nt4wchk4lsntcv"}
{"type":"operationEnd","doDiffs":false,"previousEventId":"bdszy4udypcwxzp","previousOperationId":"uw5ho3ogvihv8ex","operationId":"uw5ho3ogvihv8ex","timestamp":1704977657375,"id":"8jrwojahj9kw87t"}
