{"type":"operationStart","subtype":"profile","data":{"_id":"7VcqRtZOx3yCGvwA","timestamp":"2024-01-09T19:50:26.852Z","state":"queued","mode":"standard","creationDate":"2024-01-09T19:50:26.855Z","modificationDate":"2024-01-09T19:50:26.855Z","shortid":"k3iApKP","$entitySet":"profiles"},"doDiffs":false,"timestamp":1704829826854,"id":"1wv57ru6ujl0yko","previousOperationId":null,"operationId":"labm7r6rupahomu"}
{"type":"log","level":"info","message":"Render request 2 queued for execution and waiting for available worker","previousOperationId":"labm7r6rupahomu","timestamp":1704829826854,"id":"u17vicbrqwzaukr"}
{"type":"operationStart","subtype":"render","name":"orders-main","previousOperationId":"labm7r6rupahomu","timestamp":1704829826865,"id":"pucv5x0vwn57nob","previousEventId":"1wv57ru6ujl0yko","operationId":"plqhoydd29jpuez"}
{"type":"log","timestamp":1704829826866,"level":"info","message":"Starting rendering request 2","meta":{"rootId":"ozu0ousd1ezs179","id":"ozu0ousd1ezs179"},"id":"hb36j0413wnuup8","previousOperationId":"plqhoydd29jpuez"}
{"type":"log","timestamp":1704829826866,"level":"info","message":"Rendering template { name: orders-main, recipe: chrome-pdf, engine: handlebars, preview: true }","meta":{"rootId":"ozu0ousd1ezs179","id":"ozu0ousd1ezs179"},"id":"o82xw7g2t1b8x6l","previousOperationId":"plqhoydd29jpuez"}
{"type":"log","timestamp":1704829826868,"level":"debug","message":"Data item not defined for this template.","meta":{"rootId":"ozu0ousd1ezs179","id":"ozu0ousd1ezs179"},"id":"rcxyridgta2ty5o","previousOperationId":"plqhoydd29jpuez"}
{"type":"log","timestamp":1704829826870,"level":"debug","message":"Executing script orders-script (beforeRender)","meta":{"rootId":"ozu0ousd1ezs179","id":"ozu0ousd1ezs179"},"id":"rvwyaxw2dt5yj70","previousOperationId":"plqhoydd29jpuez"}
{"type":"operationStart","subtype":"scriptsBeforeRender","name":"scripts beforeRender","timestamp":1704829827086,"id":"j9jv78si0rhmvs3","previousEventId":"pucv5x0vwn57nob","operationId":"4735bt8xifycz9t","previousOperationId":"plqhoydd29jpuez"}
{"type":"operationStart","subtype":"script","name":"scripts orders-script","previousOperationId":"4735bt8xifycz9t","timestamp":1704829827086,"id":"a6xtwtq8mvxmlcl","previousEventId":"j9jv78si0rhmvs3","operationId":"qai7dbekpi4ccey"}
{"type":"operationEnd","operationId":"qai7dbekpi4ccey","timestamp":1704829829338,"id":"rvwj756tb4fjybb","previousEventId":"pucv5x0vwn57nob","previousOperationId":"plqhoydd29jpuez"}
{"type":"operationEnd","operationId":"4735bt8xifycz9t","timestamp":1704829829338,"id":"pxfpwuf5ixbiz65","previousEventId":"rvwj756tb4fjybb","previousOperationId":"plqhoydd29jpuez"}
{"type":"log","timestamp":1704829829338,"level":"debug","message":"Base url not specified, skipping its injection.","meta":{"rootId":"ozu0ousd1ezs179","id":"ozu0ousd1ezs179"},"id":"jnxj5oab3kgti45","previousOperationId":"4735bt8xifycz9t"}
{"type":"operationStart","subtype":"engine","name":"handlebars","timestamp":1704829829339,"id":"gcos18zpt94lvr6","previousEventId":"pxfpwuf5ixbiz65","operationId":"92q1127dpdb4zmm","previousOperationId":"4735bt8xifycz9t"}
{"type":"log","timestamp":1704829829339,"level":"debug","message":"Rendering engine handlebars","meta":{"rootId":"ozu0ousd1ezs179","id":"ozu0ousd1ezs179"},"id":"5f79drfduzetz6t","previousOperationId":"92q1127dpdb4zmm"}
{"type":"log","timestamp":1704829829605,"level":"debug","message":"(console:log) Pdf utils adding group field, value: \"France\"","meta":{"userLevel":true,"rootId":"ozu0ousd1ezs179","id":"ozu0ousd1ezs179"},"id":"0i8t0p9fhk2ndkm","previousOperationId":"92q1127dpdb4zmm"}
{"type":"log","timestamp":1704829829606,"level":"debug","message":"(console:log) Pdf utils adding group field, value: \"Germany\"","meta":{"userLevel":true,"rootId":"ozu0ousd1ezs179","id":"ozu0ousd1ezs179"},"id":"6nnvpscsos3ode7","previousOperationId":"92q1127dpdb4zmm"}
{"type":"operationEnd","operationId":"92q1127dpdb4zmm","timestamp":1704829829609,"id":"ok8x1it20xdcsoa","previousEventId":"gcos18zpt94lvr6","previousOperationId":"92q1127dpdb4zmm"}
{"type":"operationStart","subtype":"recipe","name":"chrome-pdf","timestamp":1704829829610,"id":"xys5w1iukc6yff5","previousEventId":"ok8x1it20xdcsoa","operationId":"tnr097zen1tsmd9","previousOperationId":"92q1127dpdb4zmm"}
{"type":"log","timestamp":1704829829610,"level":"debug","message":"Executing recipe chrome-pdf","meta":{"rootId":"ozu0ousd1ezs179","id":"ozu0ousd1ezs179"},"id":"8ietbtvv4u25c95","previousOperationId":"tnr097zen1tsmd9"}
{"type":"log","timestamp":1704829830119,"level":"debug","message":"Converting with chrome HeadlessChrome/117.0.5938.149 using chrome-pool strategy","meta":{"rootId":"ozu0ousd1ezs179","id":"ozu0ousd1ezs179"},"id":"r2uxbg7ig7olvl8","previousOperationId":"tnr097zen1tsmd9"}
{"type":"log","timestamp":1704829831059,"level":"debug","message":"Page request: GET (document) file:///C:/Users/Javier/AppData/Local/Temp/jsreport/autocleanup/31c59649-88db-46b0-a0ef-8605534df409-chrome-pdf.html","meta":{"rootId":"ozu0ousd1ezs179","id":"ozu0ousd1ezs179"},"id":"yny0k75lnrthd61","previousOperationId":"tnr097zen1tsmd9"}
{"type":"log","timestamp":1704829831096,"level":"debug","message":"Page request finished: GET (document) 200 file:///C:/Users/Javier/AppData/Local/Temp/jsreport/autocleanup/31c59649-88db-46b0-a0ef-8605534df409-chrome-pdf.html","meta":{"rootId":"ozu0ousd1ezs179","id":"ozu0ousd1ezs179"},"id":"vbcto8h824m6693","previousOperationId":"tnr097zen1tsmd9"}
{"type":"log","timestamp":1704829831096,"level":"debug","message":"Page request: GET (stylesheet) https://cdnjs.cloudflare.com/ajax/libs/metro/4.1.5/css/metro.min.css","meta":{"rootId":"ozu0ousd1ezs179","id":"ozu0ousd1ezs179"},"id":"52boutyrlineazj","previousOperationId":"tnr097zen1tsmd9"}
{"type":"log","timestamp":1704829831097,"level":"debug","message":"Page request: GET (script) https://cdnjs.cloudflare.com/ajax/libs/Chart.js/2.7.2/Chart.min.js","meta":{"rootId":"ozu0ousd1ezs179","id":"ozu0ousd1ezs179"},"id":"upwknoz7okt91se","previousOperationId":"tnr097zen1tsmd9"}
{"type":"log","timestamp":1704829833735,"level":"debug","message":"Page request finished: GET (script) 200 https://cdnjs.cloudflare.com/ajax/libs/Chart.js/2.7.2/Chart.min.js","meta":{"rootId":"ozu0ousd1ezs179","id":"ozu0ousd1ezs179"},"id":"kko85u7pkh2376p","previousOperationId":"tnr097zen1tsmd9"}
{"type":"log","timestamp":1704829833860,"level":"debug","message":"Page request finished: GET (stylesheet) 200 https://cdnjs.cloudflare.com/ajax/libs/metro/4.1.5/css/metro.min.css","meta":{"rootId":"ozu0ousd1ezs179","id":"ozu0ousd1ezs179"},"id":"0189pkevat748sw","previousOperationId":"tnr097zen1tsmd9"}
{"type":"log","timestamp":1704829834017,"level":"debug","message":"Running chrome with params {\"printBackground\":true,\"marginTop\":\"4cm\",\"marginRight\":\"1.5cm\",\"marginBottom\":\"1.5cm\",\"marginLeft\":\"1.5cm\",\"waitForJS\":false,\"timeout\":56901,\"margin\":{\"top\":\"4cm\",\"right\":\"1.5cm\",\"bottom\":\"1.5cm\",\"left\":\"1.5cm\"}}","meta":{"rootId":"ozu0ousd1ezs179","id":"ozu0ousd1ezs179"},"id":"ok4kcl4lt7hwyee","previousOperationId":"tnr097zen1tsmd9"}
{"type":"operationEnd","operationId":"tnr097zen1tsmd9","timestamp":1704829834152,"id":"tfmy7lmjcedlulr","previousEventId":"xys5w1iukc6yff5","previousOperationId":"tnr097zen1tsmd9"}
{"type":"log","timestamp":1704829834153,"level":"info","message":"pdf-utils is starting pdf processing","meta":{"rootId":"ozu0ousd1ezs179","id":"ozu0ousd1ezs179"},"id":"3o9m3e1h07sp2hb","previousOperationId":"tnr097zen1tsmd9"}
{"type":"operationStart","subtype":"pdfUtils","name":"pdf utils","timestamp":1704829834345,"id":"vnc6hdwhqnvseff","previousEventId":"tfmy7lmjcedlulr","operationId":"olo6vkooxjhmyq7","previousOperationId":"tnr097zen1tsmd9"}
{"type":"log","timestamp":1704829834346,"level":"debug","message":"pdf-utils detected 1 pdf operation(s) to process","meta":{"rootId":"ozu0ousd1ezs179","id":"ozu0ousd1ezs179"},"id":"s0r7cpe2kd3asmn","previousOperationId":"olo6vkooxjhmyq7"}
{"type":"log","timestamp":1704829834571,"level":"debug","message":"pdf-utils running pdf operation merge","meta":{"rootId":"ozu0ousd1ezs179","id":"ozu0ousd1ezs179"},"id":"6j5p0dxtdrj7ict","previousOperationId":"olo6vkooxjhmyq7"}
{"type":"operationStart","subtype":"pdfUtilsMerge","name":"pdf utils merge","previousOperationId":"olo6vkooxjhmyq7","timestamp":1704829834571,"id":"fafpvv33d4v5ait","previousEventId":"vnc6hdwhqnvseff","operationId":"oddok1z4x9h1qf8"}
{"type":"operationStart","subtype":"render","name":"orders-header","previousOperationId":"oddok1z4x9h1qf8","timestamp":1704829834573,"id":"9ver9s480derrg6","previousEventId":"fafpvv33d4v5ait","operationId":"dy3pnfaho1bt873"}
{"type":"log","timestamp":1704829834573,"level":"info","message":"Starting rendering (child) request","meta":{"rootId":"ozu0ousd1ezs179","id":"jbir2nt6i22kprh"},"id":"vr38km9g1j2594w","previousOperationId":"dy3pnfaho1bt873"}
{"type":"log","timestamp":1704829834573,"level":"info","message":"Rendering template { name: orders-header, recipe: chrome-pdf, engine: handlebars, preview: true }","meta":{"rootId":"ozu0ousd1ezs179","id":"jbir2nt6i22kprh"},"id":"diqehgv2o0fcky1","previousOperationId":"dy3pnfaho1bt873"}
{"type":"log","timestamp":1704829834580,"level":"debug","message":"Inline data specified.","meta":{"rootId":"ozu0ousd1ezs179","id":"jbir2nt6i22kprh"},"id":"51sqdo38hba5zz9","previousOperationId":"dy3pnfaho1bt873"}
{"type":"log","timestamp":1704829834582,"level":"debug","message":"Base url not specified, skipping its injection.","meta":{"rootId":"ozu0ousd1ezs179","id":"jbir2nt6i22kprh"},"id":"m5n9655ht1dse6q","previousOperationId":"dy3pnfaho1bt873"}
{"type":"operationStart","subtype":"engine","name":"handlebars","timestamp":1704829834582,"id":"fr34molmepk2vp7","previousEventId":"9ver9s480derrg6","operationId":"hplhuyjn4rld3zd","previousOperationId":"dy3pnfaho1bt873"}
{"type":"log","timestamp":1704829834582,"level":"debug","message":"Rendering engine handlebars","meta":{"rootId":"ozu0ousd1ezs179","id":"jbir2nt6i22kprh"},"id":"02xwy9en70i88d0","previousOperationId":"hplhuyjn4rld3zd"}
{"type":"operationEnd","operationId":"hplhuyjn4rld3zd","timestamp":1704829834612,"id":"368in1yqsrg3gsa","previousEventId":"fr34molmepk2vp7","previousOperationId":"hplhuyjn4rld3zd"}
{"type":"operationStart","subtype":"recipe","name":"chrome-pdf","timestamp":1704829834612,"id":"d1ixeagduzkuynf","previousEventId":"368in1yqsrg3gsa","operationId":"tnf6af5z0qjcw6l","previousOperationId":"hplhuyjn4rld3zd"}
{"type":"log","timestamp":1704829834612,"level":"debug","message":"Executing recipe chrome-pdf","meta":{"rootId":"ozu0ousd1ezs179","id":"jbir2nt6i22kprh"},"id":"796iyzy72wb39il","previousOperationId":"tnf6af5z0qjcw6l"}
{"type":"log","timestamp":1704829834623,"level":"debug","message":"Converting with chrome HeadlessChrome/117.0.5938.149 using chrome-pool strategy","meta":{"rootId":"ozu0ousd1ezs179","id":"jbir2nt6i22kprh"},"id":"l8coxpjobb9ht6t","previousOperationId":"tnf6af5z0qjcw6l"}
{"type":"log","timestamp":1704829834715,"level":"debug","message":"Page request: GET (document) file:///C:/Users/Javier/AppData/Local/Temp/jsreport/autocleanup/6d7ceb25-96c1-4670-bb2c-c0a42669be80-chrome-pdf.html","meta":{"rootId":"ozu0ousd1ezs179","id":"jbir2nt6i22kprh"},"id":"nu0gv9ykaql0gxk","previousOperationId":"tnf6af5z0qjcw6l"}
{"type":"log","timestamp":1704829834725,"level":"debug","message":"Page request: GET (stylesheet) https://cdnjs.cloudflare.com/ajax/libs/metro/4.1.5/css/metro.min.css","meta":{"rootId":"ozu0ousd1ezs179","id":"jbir2nt6i22kprh"},"id":"huusekz2enhm9ud","previousOperationId":"tnf6af5z0qjcw6l"}
{"type":"log","timestamp":1704829834726,"level":"debug","message":"Page request finished: GET (document) 200 file:///C:/Users/Javier/AppData/Local/Temp/jsreport/autocleanup/6d7ceb25-96c1-4670-bb2c-c0a42669be80-chrome-pdf.html","meta":{"rootId":"ozu0ousd1ezs179","id":"jbir2nt6i22kprh"},"id":"75shsbhy37yx3le","previousOperationId":"tnf6af5z0qjcw6l"}
{"type":"log","timestamp":1704829834741,"level":"debug","message":"Page request finished: GET (stylesheet) 200 https://cdnjs.cloudflare.com/ajax/libs/metro/4.1.5/css/metro.min.css","meta":{"rootId":"ozu0ousd1ezs179","id":"jbir2nt6i22kprh"},"id":"0u5w5cyjs91jsar","previousOperationId":"tnf6af5z0qjcw6l"}
{"type":"log","timestamp":1704829834756,"level":"debug","message":"Running chrome with params {\"printBackground\":true,\"marginTop\":\"1.5cm\",\"marginRight\":\"1.5cm\",\"marginLeft\":\"1.cm\",\"timeout\":52230,\"margin\":{\"top\":\"1.5cm\",\"right\":\"1.5cm\",\"left\":\"1.cm\"}}","meta":{"rootId":"ozu0ousd1ezs179","id":"jbir2nt6i22kprh"},"id":"dl211bjlb06b2lh","previousOperationId":"tnf6af5z0qjcw6l"}
{"type":"operationEnd","operationId":"tnf6af5z0qjcw6l","timestamp":1704829834791,"id":"g7xaavvct3plhlj","previousEventId":"d1ixeagduzkuynf","previousOperationId":"tnf6af5z0qjcw6l"}
{"type":"log","timestamp":1704829834792,"level":"debug","message":"Skipping storing report.","meta":{"rootId":"ozu0ousd1ezs179","id":"jbir2nt6i22kprh"},"id":"vnwhbd3g2asg2g9","previousOperationId":"tnf6af5z0qjcw6l"}
{"type":"log","timestamp":1704829834792,"level":"info","message":"Rendering (child) request finished in 7940 ms","meta":{"rootId":"ozu0ousd1ezs179","id":"jbir2nt6i22kprh"},"id":"byw1mce0fj7xcyh","previousOperationId":"tnf6af5z0qjcw6l"}
{"type":"operationEnd","subtype":"render","operationId":"dy3pnfaho1bt873","timestamp":1704829834792,"id":"cra6p8wi2ahw3vy","previousEventId":"g7xaavvct3plhlj","previousOperationId":"tnf6af5z0qjcw6l"}
{"type":"operationEnd","operationId":"oddok1z4x9h1qf8","timestamp":1704829834818,"id":"p59n5wd1kb2lmag","previousEventId":"fafpvv33d4v5ait","previousOperationId":"oddok1z4x9h1qf8"}
{"type":"log","timestamp":1704829834818,"level":"debug","message":"pdf-utils postproces start","meta":{"rootId":"ozu0ousd1ezs179","id":"ozu0ousd1ezs179"},"id":"js32gymzsq8a3c8","previousOperationId":"oddok1z4x9h1qf8"}
{"type":"log","timestamp":1704829834848,"level":"debug","message":"pdf-utils postproces end","meta":{"rootId":"ozu0ousd1ezs179","id":"ozu0ousd1ezs179"},"id":"q191sdtfj89717b","previousOperationId":"oddok1z4x9h1qf8"}
{"type":"operationEnd","operationId":"olo6vkooxjhmyq7","timestamp":1704829834848,"id":"ls73p3ixhvmlg4g","previousEventId":"p59n5wd1kb2lmag","previousOperationId":"oddok1z4x9h1qf8"}
{"type":"log","timestamp":1704829834848,"level":"info","message":"pdf-utils pdf processing was finished","meta":{"rootId":"ozu0ousd1ezs179","id":"ozu0ousd1ezs179"},"id":"f1fooi94pcrencm","previousOperationId":"olo6vkooxjhmyq7"}
{"type":"log","timestamp":1704829834848,"level":"debug","message":"Skipping storing report.","meta":{"rootId":"ozu0ousd1ezs179","id":"ozu0ousd1ezs179"},"id":"3hr9f27rn3t6iw7","previousOperationId":"olo6vkooxjhmyq7"}
{"type":"log","timestamp":1704829834848,"level":"info","message":"Rendering request 2 finished in 7996 ms","meta":{"rootId":"ozu0ousd1ezs179","id":"ozu0ousd1ezs179"},"id":"ltvl5f8xtoia2zd","previousOperationId":"olo6vkooxjhmyq7"}
{"type":"operationEnd","subtype":"render","operationId":"plqhoydd29jpuez","timestamp":1704829834848,"id":"uenrqoaehkgxcdf","previousEventId":"ls73p3ixhvmlg4g","previousOperationId":"olo6vkooxjhmyq7"}
{"type":"operationEnd","doDiffs":false,"previousEventId":"1wv57ru6ujl0yko","previousOperationId":"labm7r6rupahomu","operationId":"labm7r6rupahomu","timestamp":1704829834862,"id":"6q8rp5dwz3q8lbm"}
