{"type":"operationStart","subtype":"profile","data":{"_id":"fozeRS5JWpiGO9SG","timestamp":"2024-01-11T12:55:05.788Z","state":"queued","mode":"standard","creationDate":"2024-01-11T12:55:05.790Z","modificationDate":"2024-01-11T12:55:05.790Z","shortid":"6A5bnWu","$entitySet":"profiles"},"doDiffs":false,"timestamp":1704977705789,"id":"c1z4wf38a4hibpb","previousOperationId":null,"operationId":"56f9x6mlnz9cyup"}
{"type":"log","level":"info","message":"Render request 41 queued for execution and waiting for available worker","previousOperationId":"56f9x6mlnz9cyup","timestamp":1704977705790,"id":"jpn9jrzm5u7fuwm"}
{"type":"operationStart","subtype":"render","name":"orders-main","previousOperationId":"56f9x6mlnz9cyup","timestamp":1704977705795,"id":"qpijk0riug9leic","previousEventId":"c1z4wf38a4hibpb","operationId":"1upuv964fa74j25"}
{"type":"log","timestamp":1704977705795,"level":"info","message":"Starting rendering request 41","meta":{"rootId":"ppc7fg6ea61opeu","id":"ppc7fg6ea61opeu"},"id":"s1uea5f5laqo95r","previousOperationId":"1upuv964fa74j25"}
{"type":"log","timestamp":1704977705796,"level":"info","message":"Rendering template { name: orders-main, recipe: chrome-pdf, engine: handlebars, preview: true }","meta":{"rootId":"ppc7fg6ea61opeu","id":"ppc7fg6ea61opeu"},"id":"ttixycvf3447d3n","previousOperationId":"1upuv964fa74j25"}
{"type":"log","timestamp":1704977705797,"level":"debug","message":"Data item not defined for this template.","meta":{"rootId":"ppc7fg6ea61opeu","id":"ppc7fg6ea61opeu"},"id":"5p3zaa9jlyetp4g","previousOperationId":"1upuv964fa74j25"}
{"type":"log","timestamp":1704977705798,"level":"debug","message":"Executing script orders-script (beforeRender)","meta":{"rootId":"ppc7fg6ea61opeu","id":"ppc7fg6ea61opeu"},"id":"jdgyy262ys1uf1p","previousOperationId":"1upuv964fa74j25"}
{"type":"operationStart","subtype":"scriptsBeforeRender","name":"scripts beforeRender","timestamp":1704977705809,"id":"54yn3cba5mo1nbm","previousEventId":"qpijk0riug9leic","operationId":"sm0ysrqdsutpejh","previousOperationId":"1upuv964fa74j25"}
{"type":"operationStart","subtype":"script","name":"scripts orders-script","previousOperationId":"sm0ysrqdsutpejh","timestamp":1704977705809,"id":"5nj6qdy03zch9y2","previousEventId":"54yn3cba5mo1nbm","operationId":"aj2f2arqk519hbe"}
{"type":"log","timestamp":1704977707081,"level":"debug","message":"(console:log) aaaaaaaaaaaaaaaaaaaaaaaaaaaaaaaaaaa","meta":{"userLevel":true,"rootId":"ppc7fg6ea61opeu","id":"ppc7fg6ea61opeu"},"id":"i7lem81mlpehtqo","previousOperationId":"aj2f2arqk519hbe"}
{"type":"log","timestamp":1704977707081,"level":"debug","message":"(console:log) ","meta":{"userLevel":true,"rootId":"ppc7fg6ea61opeu","id":"ppc7fg6ea61opeu"},"id":"44ho9dl21octrhg","previousOperationId":"aj2f2arqk519hbe"}
{"type":"operationEnd","operationId":"aj2f2arqk519hbe","timestamp":1704977707082,"id":"ko37wox67nfe4t9","previousEventId":"qpijk0riug9leic","previousOperationId":"1upuv964fa74j25"}
{"type":"operationEnd","operationId":"sm0ysrqdsutpejh","timestamp":1704977707082,"id":"cxg9a4w4umub09a","previousEventId":"ko37wox67nfe4t9","previousOperationId":"1upuv964fa74j25"}
{"type":"log","timestamp":1704977707082,"level":"debug","message":"Base url not specified, skipping its injection.","meta":{"rootId":"ppc7fg6ea61opeu","id":"ppc7fg6ea61opeu"},"id":"2z2yxjo229hy8lw","previousOperationId":"sm0ysrqdsutpejh"}
{"type":"operationStart","subtype":"engine","name":"handlebars","timestamp":1704977707082,"id":"bk0vm5ychj089dr","previousEventId":"cxg9a4w4umub09a","operationId":"x1hcy19l8t54uq0","previousOperationId":"sm0ysrqdsutpejh"}
{"type":"log","timestamp":1704977707082,"level":"debug","message":"Rendering engine handlebars","meta":{"rootId":"ppc7fg6ea61opeu","id":"ppc7fg6ea61opeu"},"id":"mmxvd065d8r66wr","previousOperationId":"x1hcy19l8t54uq0"}
{"type":"log","timestamp":1704977707090,"level":"debug","message":"(console:log) Pdf utils adding group field, value: \"France\"","meta":{"userLevel":true,"rootId":"ppc7fg6ea61opeu","id":"ppc7fg6ea61opeu"},"id":"20tsriixniqn7yp","previousOperationId":"x1hcy19l8t54uq0"}
{"type":"log","timestamp":1704977707090,"level":"debug","message":"(console:log) Pdf utils adding group field, value: \"Germany\"","meta":{"userLevel":true,"rootId":"ppc7fg6ea61opeu","id":"ppc7fg6ea61opeu"},"id":"ghx8rmhwfmefpo6","previousOperationId":"x1hcy19l8t54uq0"}
{"type":"operationEnd","operationId":"x1hcy19l8t54uq0","timestamp":1704977707090,"id":"in7grplh0q4tm5n","previousEventId":"bk0vm5ychj089dr","previousOperationId":"x1hcy19l8t54uq0"}
{"type":"operationStart","subtype":"recipe","name":"chrome-pdf","timestamp":1704977707091,"id":"zko8xtzmqlancqm","previousEventId":"in7grplh0q4tm5n","operationId":"jo0ycv4y1g2q43h","previousOperationId":"x1hcy19l8t54uq0"}
{"type":"log","timestamp":1704977707091,"level":"debug","message":"Executing recipe chrome-pdf","meta":{"rootId":"ppc7fg6ea61opeu","id":"ppc7fg6ea61opeu"},"id":"84tz4l4fk93fk4b","previousOperationId":"jo0ycv4y1g2q43h"}
{"type":"log","timestamp":1704977707093,"level":"debug","message":"Converting with chrome HeadlessChrome/117.0.5938.149 using chrome-pool strategy","meta":{"rootId":"ppc7fg6ea61opeu","id":"ppc7fg6ea61opeu"},"id":"o5kvwznyly5ahjg","previousOperationId":"jo0ycv4y1g2q43h"}
{"type":"log","timestamp":1704977707180,"level":"debug","message":"Page request: GET (document) file:///C:/Users/Javier/AppData/Local/Temp/jsreport/autocleanup/0e063b86-6d60-4466-ab6a-4d666569523f-chrome-pdf.html","meta":{"rootId":"ppc7fg6ea61opeu","id":"ppc7fg6ea61opeu"},"id":"fgqw5a7ge9qu08v","previousOperationId":"jo0ycv4y1g2q43h"}
{"type":"log","timestamp":1704977707228,"level":"debug","message":"Page request: GET (stylesheet) https://cdnjs.cloudflare.com/ajax/libs/metro/4.1.5/css/metro.min.css","meta":{"rootId":"ppc7fg6ea61opeu","id":"ppc7fg6ea61opeu"},"id":"x1h1kdz348oixfi","previousOperationId":"jo0ycv4y1g2q43h"}
{"type":"log","timestamp":1704977707228,"level":"debug","message":"Page request finished: GET (document) 200 file:///C:/Users/Javier/AppData/Local/Temp/jsreport/autocleanup/0e063b86-6d60-4466-ab6a-4d666569523f-chrome-pdf.html","meta":{"rootId":"ppc7fg6ea61opeu","id":"ppc7fg6ea61opeu"},"id":"juukufcedzkoltj","previousOperationId":"jo0ycv4y1g2q43h"}
{"type":"log","timestamp":1704977707228,"level":"debug","message":"Page request: GET (script) https://cdnjs.cloudflare.com/ajax/libs/Chart.js/2.7.2/Chart.min.js","meta":{"rootId":"ppc7fg6ea61opeu","id":"ppc7fg6ea61opeu"},"id":"50dzhthack5mn7w","previousOperationId":"jo0ycv4y1g2q43h"}
{"type":"log","timestamp":1704977707232,"level":"debug","message":"Page request finished: GET (script) 200 https://cdnjs.cloudflare.com/ajax/libs/Chart.js/2.7.2/Chart.min.js","meta":{"rootId":"ppc7fg6ea61opeu","id":"ppc7fg6ea61opeu"},"id":"eb8tqju76kr1m6p","previousOperationId":"jo0ycv4y1g2q43h"}
{"type":"log","timestamp":1704977707242,"level":"debug","message":"Page request finished: GET (stylesheet) 200 https://cdnjs.cloudflare.com/ajax/libs/metro/4.1.5/css/metro.min.css","meta":{"rootId":"ppc7fg6ea61opeu","id":"ppc7fg6ea61opeu"},"id":"r0tv73j4ryjj0t5","previousOperationId":"jo0ycv4y1g2q43h"}
{"type":"log","timestamp":1704977707300,"level":"debug","message":"Running chrome with params {\"printBackground\":true,\"marginTop\":\"4cm\",\"marginRight\":\"1.5cm\",\"marginBottom\":\"1.5cm\",\"marginLeft\":\"1.5cm\",\"waitForJS\":false,\"timeout\":58696,\"margin\":{\"top\":\"4cm\",\"right\":\"1.5cm\",\"bottom\":\"1.5cm\",\"left\":\"1.5cm\"}}","meta":{"rootId":"ppc7fg6ea61opeu","id":"ppc7fg6ea61opeu"},"id":"ziddd44labj3dpq","previousOperationId":"jo0ycv4y1g2q43h"}
{"type":"operationEnd","operationId":"jo0ycv4y1g2q43h","timestamp":1704977707426,"id":"z7d0m0kn1gckfzo","previousEventId":"zko8xtzmqlancqm","previousOperationId":"jo0ycv4y1g2q43h"}
{"type":"log","timestamp":1704977707426,"level":"info","message":"pdf-utils is starting pdf processing","meta":{"rootId":"ppc7fg6ea61opeu","id":"ppc7fg6ea61opeu"},"id":"sh5jebxsw2spumd","previousOperationId":"jo0ycv4y1g2q43h"}
{"type":"operationStart","subtype":"pdfUtils","name":"pdf utils","timestamp":1704977707427,"id":"1tu74cyhtg0tpjx","previousEventId":"z7d0m0kn1gckfzo","operationId":"eyrbqyir4fvtwaj","previousOperationId":"jo0ycv4y1g2q43h"}
{"type":"log","timestamp":1704977707427,"level":"debug","message":"pdf-utils detected 1 pdf operation(s) to process","meta":{"rootId":"ppc7fg6ea61opeu","id":"ppc7fg6ea61opeu"},"id":"1a801onb51dj45p","previousOperationId":"eyrbqyir4fvtwaj"}
{"type":"log","timestamp":1704977707455,"level":"debug","message":"pdf-utils running pdf operation merge","meta":{"rootId":"ppc7fg6ea61opeu","id":"ppc7fg6ea61opeu"},"id":"wmgtr4ub8xune35","previousOperationId":"eyrbqyir4fvtwaj"}
{"type":"operationStart","subtype":"pdfUtilsMerge","name":"pdf utils merge","previousOperationId":"eyrbqyir4fvtwaj","timestamp":1704977707455,"id":"i5tfzjuz66t3aez","previousEventId":"1tu74cyhtg0tpjx","operationId":"93i66pk3h0cc0hc"}
{"type":"operationStart","subtype":"render","name":"orders-header","previousOperationId":"93i66pk3h0cc0hc","timestamp":1704977707456,"id":"2fx88z7pomnejqq","previousEventId":"i5tfzjuz66t3aez","operationId":"2xkrrbmmi337337"}
{"type":"log","timestamp":1704977707456,"level":"info","message":"Starting rendering (child) request","meta":{"rootId":"ppc7fg6ea61opeu","id":"ab6f3msbrfys3fn"},"id":"681mlkasjgteo9a","previousOperationId":"2xkrrbmmi337337"}
{"type":"log","timestamp":1704977707456,"level":"info","message":"Rendering template { name: orders-header, recipe: chrome-pdf, engine: handlebars, preview: true }","meta":{"rootId":"ppc7fg6ea61opeu","id":"ab6f3msbrfys3fn"},"id":"nq05io6ytpvtuoj","previousOperationId":"2xkrrbmmi337337"}
{"type":"log","timestamp":1704977707457,"level":"debug","message":"Inline data specified.","meta":{"rootId":"ppc7fg6ea61opeu","id":"ab6f3msbrfys3fn"},"id":"zh9cdzfdiksu0hi","previousOperationId":"2xkrrbmmi337337"}
{"type":"log","timestamp":1704977707458,"level":"debug","message":"Base url not specified, skipping its injection.","meta":{"rootId":"ppc7fg6ea61opeu","id":"ab6f3msbrfys3fn"},"id":"0poxg0mb4n2qzrw","previousOperationId":"2xkrrbmmi337337"}
{"type":"operationStart","subtype":"engine","name":"handlebars","timestamp":1704977707458,"id":"gcfh11g2b868624","previousEventId":"2fx88z7pomnejqq","operationId":"onhbnrurz2zov0r","previousOperationId":"2xkrrbmmi337337"}
{"type":"log","timestamp":1704977707458,"level":"debug","message":"Rendering engine handlebars","meta":{"rootId":"ppc7fg6ea61opeu","id":"ab6f3msbrfys3fn"},"id":"oqdqbh615wun2f6","previousOperationId":"onhbnrurz2zov0r"}
{"type":"operationEnd","operationId":"onhbnrurz2zov0r","timestamp":1704977707471,"id":"cg7xxgmrlkd8v8j","previousEventId":"gcfh11g2b868624","previousOperationId":"onhbnrurz2zov0r"}
{"type":"operationStart","subtype":"recipe","name":"chrome-pdf","timestamp":1704977707471,"id":"453d1tll5v1dmvc","previousEventId":"cg7xxgmrlkd8v8j","operationId":"l672kp8t4eckmpf","previousOperationId":"onhbnrurz2zov0r"}
{"type":"log","timestamp":1704977707471,"level":"debug","message":"Executing recipe chrome-pdf","meta":{"rootId":"ppc7fg6ea61opeu","id":"ab6f3msbrfys3fn"},"id":"ioy5std8llcddc9","previousOperationId":"l672kp8t4eckmpf"}
{"type":"log","timestamp":1704977707473,"level":"debug","message":"Converting with chrome HeadlessChrome/117.0.5938.149 using chrome-pool strategy","meta":{"rootId":"ppc7fg6ea61opeu","id":"ab6f3msbrfys3fn"},"id":"ibgqsnae6iuuwsu","previousOperationId":"l672kp8t4eckmpf"}
{"type":"log","timestamp":1704977707565,"level":"debug","message":"Page request: GET (document) file:///C:/Users/Javier/AppData/Local/Temp/jsreport/autocleanup/10ab2e8d-8a65-40c0-b6bc-1b1b4de2d1dd-chrome-pdf.html","meta":{"rootId":"ppc7fg6ea61opeu","id":"ab6f3msbrfys3fn"},"id":"pkbemotirucv25q","previousOperationId":"l672kp8t4eckmpf"}
{"type":"log","timestamp":1704977707574,"level":"debug","message":"Page request: GET (stylesheet) https://cdnjs.cloudflare.com/ajax/libs/metro/4.1.5/css/metro.min.css","meta":{"rootId":"ppc7fg6ea61opeu","id":"ab6f3msbrfys3fn"},"id":"zopo4qopj5otplm","previousOperationId":"l672kp8t4eckmpf"}
{"type":"log","timestamp":1704977707574,"level":"debug","message":"Page request finished: GET (document) 200 file:///C:/Users/Javier/AppData/Local/Temp/jsreport/autocleanup/10ab2e8d-8a65-40c0-b6bc-1b1b4de2d1dd-chrome-pdf.html","meta":{"rootId":"ppc7fg6ea61opeu","id":"ab6f3msbrfys3fn"},"id":"kg9kgutt0rg0or9","previousOperationId":"l672kp8t4eckmpf"}
{"type":"log","timestamp":1704977707590,"level":"debug","message":"Page request finished: GET (stylesheet) 200 https://cdnjs.cloudflare.com/ajax/libs/metro/4.1.5/css/metro.min.css","meta":{"rootId":"ppc7fg6ea61opeu","id":"ab6f3msbrfys3fn"},"id":"l42iuoygx09t1mi","previousOperationId":"l672kp8t4eckmpf"}
{"type":"log","timestamp":1704977707607,"level":"debug","message":"Running chrome with params {\"printBackground\":true,\"marginTop\":\"1.5cm\",\"marginRight\":\"1.5cm\",\"marginLeft\":\"1.cm\",\"timeout\":58316,\"margin\":{\"top\":\"1.5cm\",\"right\":\"1.5cm\",\"left\":\"1.cm\"}}","meta":{"rootId":"ppc7fg6ea61opeu","id":"ab6f3msbrfys3fn"},"id":"onpr0nuzpw4ff28","previousOperationId":"l672kp8t4eckmpf"}
{"type":"operationEnd","operationId":"l672kp8t4eckmpf","timestamp":1704977707643,"id":"r9wrl01dahmpblf","previousEventId":"453d1tll5v1dmvc","previousOperationId":"l672kp8t4eckmpf"}
{"type":"log","timestamp":1704977707643,"level":"debug","message":"Skipping storing report.","meta":{"rootId":"ppc7fg6ea61opeu","id":"ab6f3msbrfys3fn"},"id":"68a575ui8k9ylmb","previousOperationId":"l672kp8t4eckmpf"}
{"type":"log","timestamp":1704977707643,"level":"info","message":"Rendering (child) request finished in 1855 ms","meta":{"rootId":"ppc7fg6ea61opeu","id":"ab6f3msbrfys3fn"},"id":"daifujavobw4bex","previousOperationId":"l672kp8t4eckmpf"}
{"type":"operationEnd","subtype":"render","operationId":"2xkrrbmmi337337","timestamp":1704977707643,"id":"qpvqlgi1g8l3f4u","previousEventId":"r9wrl01dahmpblf","previousOperationId":"l672kp8t4eckmpf"}
{"type":"operationEnd","operationId":"93i66pk3h0cc0hc","timestamp":1704977707657,"id":"mcc4jyybgir3qcg","previousEventId":"i5tfzjuz66t3aez","previousOperationId":"93i66pk3h0cc0hc"}
{"type":"log","timestamp":1704977707657,"level":"debug","message":"pdf-utils postproces start","meta":{"rootId":"ppc7fg6ea61opeu","id":"ppc7fg6ea61opeu"},"id":"kgxjasgnjty0wbr","previousOperationId":"93i66pk3h0cc0hc"}
{"type":"log","timestamp":1704977707675,"level":"debug","message":"pdf-utils postproces end","meta":{"rootId":"ppc7fg6ea61opeu","id":"ppc7fg6ea61opeu"},"id":"v0mtbps0stp2pfj","previousOperationId":"93i66pk3h0cc0hc"}
{"type":"operationEnd","operationId":"eyrbqyir4fvtwaj","timestamp":1704977707675,"id":"321ak7jbdjbn9m5","previousEventId":"mcc4jyybgir3qcg","previousOperationId":"93i66pk3h0cc0hc"}
{"type":"log","timestamp":1704977707676,"level":"info","message":"pdf-utils pdf processing was finished","meta":{"rootId":"ppc7fg6ea61opeu","id":"ppc7fg6ea61opeu"},"id":"gwll2ir6e7ojlxw","previousOperationId":"eyrbqyir4fvtwaj"}
{"type":"log","timestamp":1704977707676,"level":"debug","message":"Skipping storing report.","meta":{"rootId":"ppc7fg6ea61opeu","id":"ppc7fg6ea61opeu"},"id":"d2ttu8dtgclit9e","previousOperationId":"eyrbqyir4fvtwaj"}
{"type":"log","timestamp":1704977707676,"level":"info","message":"Rendering request 41 finished in 1888 ms","meta":{"rootId":"ppc7fg6ea61opeu","id":"ppc7fg6ea61opeu"},"id":"ydwwcw0rzr1en6t","previousOperationId":"eyrbqyir4fvtwaj"}
{"type":"operationEnd","subtype":"render","operationId":"1upuv964fa74j25","timestamp":1704977707676,"id":"ruk0mjaub8v4z3o","previousEventId":"321ak7jbdjbn9m5","previousOperationId":"eyrbqyir4fvtwaj"}
{"type":"operationEnd","doDiffs":false,"previousEventId":"c1z4wf38a4hibpb","previousOperationId":"56f9x6mlnz9cyup","operationId":"56f9x6mlnz9cyup","timestamp":1704977707702,"id":"84nn2qtll6juxst"}
