{"type":"operationStart","subtype":"profile","data":{"_id":"dHR8VUL3SQ1yYHAc","timestamp":"2024-01-11T12:52:55.812Z","state":"queued","mode":"standard","creationDate":"2024-01-11T12:52:55.813Z","modificationDate":"2024-01-11T12:52:55.813Z","shortid":"CIXOUbm","$entitySet":"profiles"},"doDiffs":false,"timestamp":1704977575813,"id":"5xgmq4cchzx125m","previousOperationId":null,"operationId":"al6nftltehzu5ij"}
{"type":"log","level":"info","message":"Render request 38 queued for execution and waiting for available worker","previousOperationId":"al6nftltehzu5ij","timestamp":1704977575813,"id":"3zxrbv4hhnu1gtn"}
{"type":"operationStart","subtype":"render","name":"orders-main","previousOperationId":"al6nftltehzu5ij","timestamp":1704977575820,"id":"zanof1rf71u7q7o","previousEventId":"5xgmq4cchzx125m","operationId":"e712dari5wpn15k"}
{"type":"log","timestamp":1704977575820,"level":"info","message":"Starting rendering request 38","meta":{"rootId":"t5h06mqmx1hctnv","id":"t5h06mqmx1hctnv"},"id":"k6g1c6mk79y7l7r","previousOperationId":"e712dari5wpn15k"}
{"type":"log","timestamp":1704977575820,"level":"info","message":"Rendering template { name: orders-main, recipe: chrome-pdf, engine: handlebars, preview: true }","meta":{"rootId":"t5h06mqmx1hctnv","id":"t5h06mqmx1hctnv"},"id":"rhz8wh17rquudnc","previousOperationId":"e712dari5wpn15k"}
{"type":"log","timestamp":1704977575821,"level":"debug","message":"Data item not defined for this template.","meta":{"rootId":"t5h06mqmx1hctnv","id":"t5h06mqmx1hctnv"},"id":"2nxzyxya9c2ma4a","previousOperationId":"e712dari5wpn15k"}
{"type":"log","timestamp":1704977575822,"level":"debug","message":"Executing script orders-script (beforeRender)","meta":{"rootId":"t5h06mqmx1hctnv","id":"t5h06mqmx1hctnv"},"id":"sqdcstv4tg43xvk","previousOperationId":"e712dari5wpn15k"}
{"type":"operationStart","subtype":"scriptsBeforeRender","name":"scripts beforeRender","timestamp":1704977575828,"id":"afw742p1qqdb9t7","previousEventId":"zanof1rf71u7q7o","operationId":"zdr9whppn16n9pk","previousOperationId":"e712dari5wpn15k"}
{"type":"operationStart","subtype":"script","name":"scripts orders-script","previousOperationId":"zdr9whppn16n9pk","timestamp":1704977575828,"id":"gsk939wu7vskqaj","previousEventId":"afw742p1qqdb9t7","operationId":"b0k1tdzecxro0yb"}
{"type":"log","timestamp":1704977577237,"level":"debug","message":"(console:log) aaaaaaaaaaaaaaaaaaaaaaaaaaaaaaaaaaa","meta":{"userLevel":true,"rootId":"t5h06mqmx1hctnv","id":"t5h06mqmx1hctnv"},"id":"4pk3o4l3r7tzi2q","previousOperationId":"b0k1tdzecxro0yb"}
{"type":"operationEnd","operationId":"b0k1tdzecxro0yb","timestamp":1704977577237,"id":"fzfcziuhv40l8ol","previousEventId":"zanof1rf71u7q7o","previousOperationId":"e712dari5wpn15k"}
{"type":"operationEnd","operationId":"zdr9whppn16n9pk","timestamp":1704977577238,"id":"3m31fqc0ks3uxqz","previousEventId":"fzfcziuhv40l8ol","previousOperationId":"e712dari5wpn15k"}
{"type":"log","timestamp":1704977577238,"level":"debug","message":"Base url not specified, skipping its injection.","meta":{"rootId":"t5h06mqmx1hctnv","id":"t5h06mqmx1hctnv"},"id":"amuf7l5iy4axmtn","previousOperationId":"zdr9whppn16n9pk"}
{"type":"operationStart","subtype":"engine","name":"handlebars","timestamp":1704977577238,"id":"81lx16l5pk78q5b","previousEventId":"3m31fqc0ks3uxqz","operationId":"kfenw0q1abcqr64","previousOperationId":"zdr9whppn16n9pk"}
{"type":"log","timestamp":1704977577238,"level":"debug","message":"Rendering engine handlebars","meta":{"rootId":"t5h06mqmx1hctnv","id":"t5h06mqmx1hctnv"},"id":"786zsijbsa28bys","previousOperationId":"kfenw0q1abcqr64"}
{"type":"log","timestamp":1704977577249,"level":"debug","message":"(console:log) Pdf utils adding group field, value: \"France\"","meta":{"userLevel":true,"rootId":"t5h06mqmx1hctnv","id":"t5h06mqmx1hctnv"},"id":"f5pgw03xhbtml7u","previousOperationId":"kfenw0q1abcqr64"}
{"type":"log","timestamp":1704977577249,"level":"debug","message":"(console:log) Pdf utils adding group field, value: \"Germany\"","meta":{"userLevel":true,"rootId":"t5h06mqmx1hctnv","id":"t5h06mqmx1hctnv"},"id":"4utrij2ekun7ijv","previousOperationId":"kfenw0q1abcqr64"}
{"type":"operationEnd","operationId":"kfenw0q1abcqr64","timestamp":1704977577249,"id":"udfxnprl0b1nk1f","previousEventId":"81lx16l5pk78q5b","previousOperationId":"kfenw0q1abcqr64"}
{"type":"operationStart","subtype":"recipe","name":"chrome-pdf","timestamp":1704977577250,"id":"a36qii142mmu604","previousEventId":"udfxnprl0b1nk1f","operationId":"170f3e3el1chfqh","previousOperationId":"kfenw0q1abcqr64"}
{"type":"log","timestamp":1704977577250,"level":"debug","message":"Executing recipe chrome-pdf","meta":{"rootId":"t5h06mqmx1hctnv","id":"t5h06mqmx1hctnv"},"id":"wm47modsdqy16oc","previousOperationId":"170f3e3el1chfqh"}
{"type":"log","timestamp":1704977577252,"level":"debug","message":"Converting with chrome HeadlessChrome/117.0.5938.149 using chrome-pool strategy","meta":{"rootId":"t5h06mqmx1hctnv","id":"t5h06mqmx1hctnv"},"id":"q92trddyjckwfld","previousOperationId":"170f3e3el1chfqh"}
{"type":"log","timestamp":1704977577332,"level":"debug","message":"Page request: GET (document) file:///C:/Users/Javier/AppData/Local/Temp/jsreport/autocleanup/07474434-3ca2-443e-bb1e-a9eff080d101-chrome-pdf.html","meta":{"rootId":"t5h06mqmx1hctnv","id":"t5h06mqmx1hctnv"},"id":"80kn0c35icyrfe0","previousOperationId":"170f3e3el1chfqh"}
{"type":"log","timestamp":1704977577378,"level":"debug","message":"Page request: GET (stylesheet) https://cdnjs.cloudflare.com/ajax/libs/metro/4.1.5/css/metro.min.css","meta":{"rootId":"t5h06mqmx1hctnv","id":"t5h06mqmx1hctnv"},"id":"60o3oixp94wiem3","previousOperationId":"170f3e3el1chfqh"}
{"type":"log","timestamp":1704977577379,"level":"debug","message":"Page request: GET (script) https://cdnjs.cloudflare.com/ajax/libs/Chart.js/2.7.2/Chart.min.js","meta":{"rootId":"t5h06mqmx1hctnv","id":"t5h06mqmx1hctnv"},"id":"g4erbwbb33daswd","previousOperationId":"170f3e3el1chfqh"}
{"type":"log","timestamp":1704977577379,"level":"debug","message":"Page request finished: GET (document) 200 file:///C:/Users/Javier/AppData/Local/Temp/jsreport/autocleanup/07474434-3ca2-443e-bb1e-a9eff080d101-chrome-pdf.html","meta":{"rootId":"t5h06mqmx1hctnv","id":"t5h06mqmx1hctnv"},"id":"x9rm0t6cskmv534","previousOperationId":"170f3e3el1chfqh"}
{"type":"log","timestamp":1704977577395,"level":"debug","message":"Page request finished: GET (stylesheet) 200 https://cdnjs.cloudflare.com/ajax/libs/metro/4.1.5/css/metro.min.css","meta":{"rootId":"t5h06mqmx1hctnv","id":"t5h06mqmx1hctnv"},"id":"m8l5fmg1q6imsw9","previousOperationId":"170f3e3el1chfqh"}
{"type":"log","timestamp":1704977577395,"level":"debug","message":"Page request finished: GET (script) 200 https://cdnjs.cloudflare.com/ajax/libs/Chart.js/2.7.2/Chart.min.js","meta":{"rootId":"t5h06mqmx1hctnv","id":"t5h06mqmx1hctnv"},"id":"mmgnu5vwflgjm90","previousOperationId":"170f3e3el1chfqh"}
{"type":"log","timestamp":1704977577451,"level":"debug","message":"Running chrome with params {\"printBackground\":true,\"marginTop\":\"4cm\",\"marginRight\":\"1.5cm\",\"marginBottom\":\"1.5cm\",\"marginLeft\":\"1.5cm\",\"waitForJS\":false,\"timeout\":58561,\"margin\":{\"top\":\"4cm\",\"right\":\"1.5cm\",\"bottom\":\"1.5cm\",\"left\":\"1.5cm\"}}","meta":{"rootId":"t5h06mqmx1hctnv","id":"t5h06mqmx1hctnv"},"id":"36vryxl9ixx8nj5","previousOperationId":"170f3e3el1chfqh"}
{"type":"operationEnd","operationId":"170f3e3el1chfqh","timestamp":1704977577589,"id":"71njlw3l8tfq9mw","previousEventId":"a36qii142mmu604","previousOperationId":"170f3e3el1chfqh"}
{"type":"log","timestamp":1704977577589,"level":"info","message":"pdf-utils is starting pdf processing","meta":{"rootId":"t5h06mqmx1hctnv","id":"t5h06mqmx1hctnv"},"id":"jgnf4d0kc05l7jz","previousOperationId":"170f3e3el1chfqh"}
{"type":"operationStart","subtype":"pdfUtils","name":"pdf utils","timestamp":1704977577589,"id":"04yjj75j22l6i4i","previousEventId":"71njlw3l8tfq9mw","operationId":"9njor4z50uilvbv","previousOperationId":"170f3e3el1chfqh"}
{"type":"log","timestamp":1704977577589,"level":"debug","message":"pdf-utils detected 1 pdf operation(s) to process","meta":{"rootId":"t5h06mqmx1hctnv","id":"t5h06mqmx1hctnv"},"id":"ggff6grqqmj0rid","previousOperationId":"9njor4z50uilvbv"}
{"type":"log","timestamp":1704977577628,"level":"debug","message":"pdf-utils running pdf operation merge","meta":{"rootId":"t5h06mqmx1hctnv","id":"t5h06mqmx1hctnv"},"id":"50jrxbk37j1mia8","previousOperationId":"9njor4z50uilvbv"}
{"type":"operationStart","subtype":"pdfUtilsMerge","name":"pdf utils merge","previousOperationId":"9njor4z50uilvbv","timestamp":1704977577629,"id":"uvax3uslnhbogpo","previousEventId":"04yjj75j22l6i4i","operationId":"8jgcsgwf2qbbh0v"}
{"type":"operationStart","subtype":"render","name":"orders-header","previousOperationId":"8jgcsgwf2qbbh0v","timestamp":1704977577629,"id":"q1khhvv29axtefx","previousEventId":"uvax3uslnhbogpo","operationId":"olkw77cmwd5kt58"}
{"type":"log","timestamp":1704977577629,"level":"info","message":"Starting rendering (child) request","meta":{"rootId":"t5h06mqmx1hctnv","id":"3exvtmrkg2jjwyn"},"id":"uh51xxwwo5dwwal","previousOperationId":"olkw77cmwd5kt58"}
{"type":"log","timestamp":1704977577630,"level":"info","message":"Rendering template { name: orders-header, recipe: chrome-pdf, engine: handlebars, preview: true }","meta":{"rootId":"t5h06mqmx1hctnv","id":"3exvtmrkg2jjwyn"},"id":"f2ahic9lwhpacih","previousOperationId":"olkw77cmwd5kt58"}
{"type":"log","timestamp":1704977577634,"level":"debug","message":"Inline data specified.","meta":{"rootId":"t5h06mqmx1hctnv","id":"3exvtmrkg2jjwyn"},"id":"rzgmcwlo42xri4r","previousOperationId":"olkw77cmwd5kt58"}
{"type":"log","timestamp":1704977577636,"level":"debug","message":"Base url not specified, skipping its injection.","meta":{"rootId":"t5h06mqmx1hctnv","id":"3exvtmrkg2jjwyn"},"id":"myl7yb762mknnx9","previousOperationId":"olkw77cmwd5kt58"}
{"type":"operationStart","subtype":"engine","name":"handlebars","timestamp":1704977577636,"id":"3tk9ins78ea2e76","previousEventId":"q1khhvv29axtefx","operationId":"2r1ux18nsxznkus","previousOperationId":"olkw77cmwd5kt58"}
{"type":"log","timestamp":1704977577636,"level":"debug","message":"Rendering engine handlebars","meta":{"rootId":"t5h06mqmx1hctnv","id":"3exvtmrkg2jjwyn"},"id":"1jvce6fks7udn8b","previousOperationId":"2r1ux18nsxznkus"}
{"type":"operationEnd","operationId":"2r1ux18nsxznkus","timestamp":1704977577651,"id":"wsxsgucujtc49sg","previousEventId":"3tk9ins78ea2e76","previousOperationId":"2r1ux18nsxznkus"}
{"type":"operationStart","subtype":"recipe","name":"chrome-pdf","timestamp":1704977577651,"id":"2vo6oa3ixokhxks","previousEventId":"wsxsgucujtc49sg","operationId":"3juz7orryp05dvv","previousOperationId":"2r1ux18nsxznkus"}
{"type":"log","timestamp":1704977577651,"level":"debug","message":"Executing recipe chrome-pdf","meta":{"rootId":"t5h06mqmx1hctnv","id":"3exvtmrkg2jjwyn"},"id":"8hw8pqh450h8uhl","previousOperationId":"3juz7orryp05dvv"}
{"type":"log","timestamp":1704977577653,"level":"debug","message":"Converting with chrome HeadlessChrome/117.0.5938.149 using chrome-pool strategy","meta":{"rootId":"t5h06mqmx1hctnv","id":"3exvtmrkg2jjwyn"},"id":"7wbo1fmmayblmj2","previousOperationId":"3juz7orryp05dvv"}
{"type":"log","timestamp":1704977577738,"level":"debug","message":"Page request: GET (document) file:///C:/Users/Javier/AppData/Local/Temp/jsreport/autocleanup/eb128a43-f4f5-4093-8599-463b936bd54a-chrome-pdf.html","meta":{"rootId":"t5h06mqmx1hctnv","id":"3exvtmrkg2jjwyn"},"id":"uqd4mjks1cwqel3","previousOperationId":"3juz7orryp05dvv"}
{"type":"log","timestamp":1704977577747,"level":"debug","message":"Page request finished: GET (document) 200 file:///C:/Users/Javier/AppData/Local/Temp/jsreport/autocleanup/eb128a43-f4f5-4093-8599-463b936bd54a-chrome-pdf.html","meta":{"rootId":"t5h06mqmx1hctnv","id":"3exvtmrkg2jjwyn"},"id":"vtcnpk4gnvgo9ki","previousOperationId":"3juz7orryp05dvv"}
{"type":"log","timestamp":1704977577748,"level":"debug","message":"Page request: GET (stylesheet) https://cdnjs.cloudflare.com/ajax/libs/metro/4.1.5/css/metro.min.css","meta":{"rootId":"t5h06mqmx1hctnv","id":"3exvtmrkg2jjwyn"},"id":"d6y3g8au4ws1j0q","previousOperationId":"3juz7orryp05dvv"}
{"type":"log","timestamp":1704977577766,"level":"debug","message":"Page request finished: GET (stylesheet) 200 https://cdnjs.cloudflare.com/ajax/libs/metro/4.1.5/css/metro.min.css","meta":{"rootId":"t5h06mqmx1hctnv","id":"3exvtmrkg2jjwyn"},"id":"fshzzjuzqtvjr8k","previousOperationId":"3juz7orryp05dvv"}
{"type":"log","timestamp":1704977577785,"level":"debug","message":"Running chrome with params {\"printBackground\":true,\"marginTop\":\"1.5cm\",\"marginRight\":\"1.5cm\",\"marginLeft\":\"1.cm\",\"timeout\":58160,\"margin\":{\"top\":\"1.5cm\",\"right\":\"1.5cm\",\"left\":\"1.cm\"}}","meta":{"rootId":"t5h06mqmx1hctnv","id":"3exvtmrkg2jjwyn"},"id":"z9tryxfswmd3nv8","previousOperationId":"3juz7orryp05dvv"}
{"type":"operationEnd","operationId":"3juz7orryp05dvv","timestamp":1704977577820,"id":"l04dh84kxw004nr","previousEventId":"2vo6oa3ixokhxks","previousOperationId":"3juz7orryp05dvv"}
{"type":"log","timestamp":1704977577820,"level":"debug","message":"Skipping storing report.","meta":{"rootId":"t5h06mqmx1hctnv","id":"3exvtmrkg2jjwyn"},"id":"rjymb39e72lxldd","previousOperationId":"3juz7orryp05dvv"}
{"type":"log","timestamp":1704977577820,"level":"info","message":"Rendering (child) request finished in 2008 ms","meta":{"rootId":"t5h06mqmx1hctnv","id":"3exvtmrkg2jjwyn"},"id":"ddjxh67htmm6hbl","previousOperationId":"3juz7orryp05dvv"}
{"type":"operationEnd","subtype":"render","operationId":"olkw77cmwd5kt58","timestamp":1704977577820,"id":"7hsqywx8arky24o","previousEventId":"l04dh84kxw004nr","previousOperationId":"3juz7orryp05dvv"}
{"type":"operationEnd","operationId":"8jgcsgwf2qbbh0v","timestamp":1704977577834,"id":"mqd3e2iw9jdnk0e","previousEventId":"uvax3uslnhbogpo","previousOperationId":"8jgcsgwf2qbbh0v"}
{"type":"log","timestamp":1704977577834,"level":"debug","message":"pdf-utils postproces start","meta":{"rootId":"t5h06mqmx1hctnv","id":"t5h06mqmx1hctnv"},"id":"tme3brz3njkd2w1","previousOperationId":"8jgcsgwf2qbbh0v"}
{"type":"log","timestamp":1704977577855,"level":"debug","message":"pdf-utils postproces end","meta":{"rootId":"t5h06mqmx1hctnv","id":"t5h06mqmx1hctnv"},"id":"5vaqw2o4c6vf2o2","previousOperationId":"8jgcsgwf2qbbh0v"}
{"type":"operationEnd","operationId":"9njor4z50uilvbv","timestamp":1704977577855,"id":"b47t0bi07y11xqc","previousEventId":"mqd3e2iw9jdnk0e","previousOperationId":"8jgcsgwf2qbbh0v"}
{"type":"log","timestamp":1704977577856,"level":"info","message":"pdf-utils pdf processing was finished","meta":{"rootId":"t5h06mqmx1hctnv","id":"t5h06mqmx1hctnv"},"id":"9u834iy7rxc98lp","previousOperationId":"9njor4z50uilvbv"}
{"type":"log","timestamp":1704977577856,"level":"debug","message":"Skipping storing report.","meta":{"rootId":"t5h06mqmx1hctnv","id":"t5h06mqmx1hctnv"},"id":"xs7jm7e1c79cacs","previousOperationId":"9njor4z50uilvbv"}
{"type":"log","timestamp":1704977577856,"level":"info","message":"Rendering request 38 finished in 2044 ms","meta":{"rootId":"t5h06mqmx1hctnv","id":"t5h06mqmx1hctnv"},"id":"lw9o1fyn1ck182i","previousOperationId":"9njor4z50uilvbv"}
{"type":"operationEnd","subtype":"render","operationId":"e712dari5wpn15k","timestamp":1704977577856,"id":"w1oup5r3qf9ktk7","previousEventId":"b47t0bi07y11xqc","previousOperationId":"9njor4z50uilvbv"}
{"type":"operationEnd","doDiffs":false,"previousEventId":"5xgmq4cchzx125m","previousOperationId":"al6nftltehzu5ij","operationId":"al6nftltehzu5ij","timestamp":1704977577868,"id":"0oueoamtc7y3oui"}
