{"type":"operationStart","subtype":"profile","data":{"_id":"LNkigoe3KKDicFtq","timestamp":"2024-01-11T12:54:51.534Z","state":"queued","mode":"standard","creationDate":"2024-01-11T12:54:51.536Z","modificationDate":"2024-01-11T12:54:51.536Z","shortid":"uFMhNha","$entitySet":"profiles"},"doDiffs":false,"timestamp":1704977691536,"id":"0j706at1fm9teqb","previousOperationId":null,"operationId":"rvsk6p0rmni7ete"}
{"type":"log","level":"info","message":"Render request 40 queued for execution and waiting for available worker","previousOperationId":"rvsk6p0rmni7ete","timestamp":1704977691536,"id":"rti686hpa8ybgpv"}
{"type":"operationStart","subtype":"render","name":"orders-main","previousOperationId":"rvsk6p0rmni7ete","timestamp":1704977691544,"id":"64weq8zwgvcfspy","previousEventId":"0j706at1fm9teqb","operationId":"o8dntws3m7i09yt"}
{"type":"log","timestamp":1704977691544,"level":"info","message":"Starting rendering request 40","meta":{"rootId":"v0z438op1r5ka6q","id":"v0z438op1r5ka6q"},"id":"09g28shed4r8bqb","previousOperationId":"o8dntws3m7i09yt"}
{"type":"log","timestamp":1704977691544,"level":"info","message":"Rendering template { name: orders-main, recipe: chrome-pdf, engine: handlebars, preview: true }","meta":{"rootId":"v0z438op1r5ka6q","id":"v0z438op1r5ka6q"},"id":"jsbvxvop4p0jzxu","previousOperationId":"o8dntws3m7i09yt"}
{"type":"log","timestamp":1704977691545,"level":"debug","message":"Data item not defined for this template.","meta":{"rootId":"v0z438op1r5ka6q","id":"v0z438op1r5ka6q"},"id":"lih44h6ubp65p5b","previousOperationId":"o8dntws3m7i09yt"}
{"type":"log","timestamp":1704977691547,"level":"debug","message":"Executing script orders-script (beforeRender)","meta":{"rootId":"v0z438op1r5ka6q","id":"v0z438op1r5ka6q"},"id":"p3h35tuvz5ovrcm","previousOperationId":"o8dntws3m7i09yt"}
{"type":"operationStart","subtype":"scriptsBeforeRender","name":"scripts beforeRender","timestamp":1704977691561,"id":"qkism7zn7cyqqqt","previousEventId":"64weq8zwgvcfspy","operationId":"sdl5e296odnch9h","previousOperationId":"o8dntws3m7i09yt"}
{"type":"operationStart","subtype":"script","name":"scripts orders-script","previousOperationId":"sdl5e296odnch9h","timestamp":1704977691561,"id":"zkf1csabmw0mqiy","previousEventId":"qkism7zn7cyqqqt","operationId":"712uyejtftot6fp"}
{"type":"log","timestamp":1704977693231,"level":"debug","message":"(console:log) aaaaaaaaaaaaaaaaaaaaaaaaaaaaaaaaaaa","meta":{"userLevel":true,"rootId":"v0z438op1r5ka6q","id":"v0z438op1r5ka6q"},"id":"o8mt4h6jk5w61u3","previousOperationId":"712uyejtftot6fp"}
{"type":"operationEnd","operationId":"712uyejtftot6fp","timestamp":1704977693231,"id":"4t2xgy0r41r177m","previousEventId":"64weq8zwgvcfspy","previousOperationId":"o8dntws3m7i09yt"}
{"type":"operationEnd","operationId":"sdl5e296odnch9h","timestamp":1704977693231,"id":"u5n5lsabgti9lus","previousEventId":"4t2xgy0r41r177m","previousOperationId":"o8dntws3m7i09yt"}
{"type":"log","timestamp":1704977693231,"level":"debug","message":"Base url not specified, skipping its injection.","meta":{"rootId":"v0z438op1r5ka6q","id":"v0z438op1r5ka6q"},"id":"dy5704gywuis4jq","previousOperationId":"sdl5e296odnch9h"}
{"type":"operationStart","subtype":"engine","name":"handlebars","timestamp":1704977693232,"id":"rxqcpha07khu3jy","previousEventId":"u5n5lsabgti9lus","operationId":"nav3kzdda09f8fl","previousOperationId":"sdl5e296odnch9h"}
{"type":"log","timestamp":1704977693232,"level":"debug","message":"Rendering engine handlebars","meta":{"rootId":"v0z438op1r5ka6q","id":"v0z438op1r5ka6q"},"id":"rqsn1wnnteutpru","previousOperationId":"nav3kzdda09f8fl"}
{"type":"log","timestamp":1704977693240,"level":"debug","message":"(console:log) Pdf utils adding group field, value: \"France\"","meta":{"userLevel":true,"rootId":"v0z438op1r5ka6q","id":"v0z438op1r5ka6q"},"id":"h4lv0gvxnhoxwmu","previousOperationId":"nav3kzdda09f8fl"}
{"type":"log","timestamp":1704977693240,"level":"debug","message":"(console:log) Pdf utils adding group field, value: \"Germany\"","meta":{"userLevel":true,"rootId":"v0z438op1r5ka6q","id":"v0z438op1r5ka6q"},"id":"eua9qv9jqc62zgp","previousOperationId":"nav3kzdda09f8fl"}
{"type":"operationEnd","operationId":"nav3kzdda09f8fl","timestamp":1704977693241,"id":"7o1mu67t1cjtwhj","previousEventId":"rxqcpha07khu3jy","previousOperationId":"nav3kzdda09f8fl"}
{"type":"operationStart","subtype":"recipe","name":"chrome-pdf","timestamp":1704977693241,"id":"w5a5d03i5e90boo","previousEventId":"7o1mu67t1cjtwhj","operationId":"3ifbgyicjsyki0o","previousOperationId":"nav3kzdda09f8fl"}
{"type":"log","timestamp":1704977693241,"level":"debug","message":"Executing recipe chrome-pdf","meta":{"rootId":"v0z438op1r5ka6q","id":"v0z438op1r5ka6q"},"id":"3dm11szhlbsn7m2","previousOperationId":"3ifbgyicjsyki0o"}
{"type":"log","timestamp":1704977693243,"level":"debug","message":"Converting with chrome HeadlessChrome/117.0.5938.149 using chrome-pool strategy","meta":{"rootId":"v0z438op1r5ka6q","id":"v0z438op1r5ka6q"},"id":"k05h6or5u8yvbcg","previousOperationId":"3ifbgyicjsyki0o"}
{"type":"log","timestamp":1704977693314,"level":"debug","message":"Page request: GET (document) file:///C:/Users/Javier/AppData/Local/Temp/jsreport/autocleanup/824d6e0f-e0ba-428a-bf0f-e87aefb1c77f-chrome-pdf.html","meta":{"rootId":"v0z438op1r5ka6q","id":"v0z438op1r5ka6q"},"id":"pvkmz1552or89xg","previousOperationId":"3ifbgyicjsyki0o"}
{"type":"log","timestamp":1704977693360,"level":"debug","message":"Page request: GET (stylesheet) https://cdnjs.cloudflare.com/ajax/libs/metro/4.1.5/css/metro.min.css","meta":{"rootId":"v0z438op1r5ka6q","id":"v0z438op1r5ka6q"},"id":"jk882pc72abuy2h","previousOperationId":"3ifbgyicjsyki0o"}
{"type":"log","timestamp":1704977693360,"level":"debug","message":"Page request: GET (script) https://cdnjs.cloudflare.com/ajax/libs/Chart.js/2.7.2/Chart.min.js","meta":{"rootId":"v0z438op1r5ka6q","id":"v0z438op1r5ka6q"},"id":"jkzdelaep1t8umf","previousOperationId":"3ifbgyicjsyki0o"}
{"type":"log","timestamp":1704977693361,"level":"debug","message":"Page request finished: GET (document) 200 file:///C:/Users/Javier/AppData/Local/Temp/jsreport/autocleanup/824d6e0f-e0ba-428a-bf0f-e87aefb1c77f-chrome-pdf.html","meta":{"rootId":"v0z438op1r5ka6q","id":"v0z438op1r5ka6q"},"id":"3o2akwqseme6op8","previousOperationId":"3ifbgyicjsyki0o"}
{"type":"log","timestamp":1704977693365,"level":"debug","message":"Page request finished: GET (script) 200 https://cdnjs.cloudflare.com/ajax/libs/Chart.js/2.7.2/Chart.min.js","meta":{"rootId":"v0z438op1r5ka6q","id":"v0z438op1r5ka6q"},"id":"gtfa71qmi0vdlv8","previousOperationId":"3ifbgyicjsyki0o"}
{"type":"log","timestamp":1704977693375,"level":"debug","message":"Page request finished: GET (stylesheet) 200 https://cdnjs.cloudflare.com/ajax/libs/metro/4.1.5/css/metro.min.css","meta":{"rootId":"v0z438op1r5ka6q","id":"v0z438op1r5ka6q"},"id":"9ocv8kqc3klxeyc","previousOperationId":"3ifbgyicjsyki0o"}
{"type":"log","timestamp":1704977693430,"level":"debug","message":"Running chrome with params {\"printBackground\":true,\"marginTop\":\"4cm\",\"marginRight\":\"1.5cm\",\"marginBottom\":\"1.5cm\",\"marginLeft\":\"1.5cm\",\"waitForJS\":false,\"timeout\":58292,\"margin\":{\"top\":\"4cm\",\"right\":\"1.5cm\",\"bottom\":\"1.5cm\",\"left\":\"1.5cm\"}}","meta":{"rootId":"v0z438op1r5ka6q","id":"v0z438op1r5ka6q"},"id":"e4clguubzpql1wb","previousOperationId":"3ifbgyicjsyki0o"}
{"type":"operationEnd","operationId":"3ifbgyicjsyki0o","timestamp":1704977693552,"id":"aa82vfo5rdp7jgb","previousEventId":"w5a5d03i5e90boo","previousOperationId":"3ifbgyicjsyki0o"}
{"type":"log","timestamp":1704977693552,"level":"info","message":"pdf-utils is starting pdf processing","meta":{"rootId":"v0z438op1r5ka6q","id":"v0z438op1r5ka6q"},"id":"v0vphkbb0dea6kr","previousOperationId":"3ifbgyicjsyki0o"}
{"type":"operationStart","subtype":"pdfUtils","name":"pdf utils","timestamp":1704977693552,"id":"at33bqm1lfw96py","previousEventId":"aa82vfo5rdp7jgb","operationId":"7q9ygo6z6e1tbly","previousOperationId":"3ifbgyicjsyki0o"}
{"type":"log","timestamp":1704977693552,"level":"debug","message":"pdf-utils detected 1 pdf operation(s) to process","meta":{"rootId":"v0z438op1r5ka6q","id":"v0z438op1r5ka6q"},"id":"heqqlsm0l6jpsrm","previousOperationId":"7q9ygo6z6e1tbly"}
{"type":"log","timestamp":1704977693604,"level":"debug","message":"pdf-utils running pdf operation merge","meta":{"rootId":"v0z438op1r5ka6q","id":"v0z438op1r5ka6q"},"id":"0fw26ebljkiohcf","previousOperationId":"7q9ygo6z6e1tbly"}
{"type":"operationStart","subtype":"pdfUtilsMerge","name":"pdf utils merge","previousOperationId":"7q9ygo6z6e1tbly","timestamp":1704977693604,"id":"69zfl9178qu6a8j","previousEventId":"at33bqm1lfw96py","operationId":"qhryv3ca93n9zc9"}
{"type":"operationStart","subtype":"render","name":"orders-header","previousOperationId":"qhryv3ca93n9zc9","timestamp":1704977693605,"id":"vfy0x2ucvg8yjel","previousEventId":"69zfl9178qu6a8j","operationId":"px13wcoti6a1hgf"}
{"type":"log","timestamp":1704977693605,"level":"info","message":"Starting rendering (child) request","meta":{"rootId":"v0z438op1r5ka6q","id":"lepuzbge70rzuw4"},"id":"9w1a9uw9gjo2mwv","previousOperationId":"px13wcoti6a1hgf"}
{"type":"log","timestamp":1704977693605,"level":"info","message":"Rendering template { name: orders-header, recipe: chrome-pdf, engine: handlebars, preview: true }","meta":{"rootId":"v0z438op1r5ka6q","id":"lepuzbge70rzuw4"},"id":"4xyj18n01sytvye","previousOperationId":"px13wcoti6a1hgf"}
{"type":"log","timestamp":1704977693606,"level":"debug","message":"Inline data specified.","meta":{"rootId":"v0z438op1r5ka6q","id":"lepuzbge70rzuw4"},"id":"t14nn1fp4yrm6p8","previousOperationId":"px13wcoti6a1hgf"}
{"type":"log","timestamp":1704977693608,"level":"debug","message":"Base url not specified, skipping its injection.","meta":{"rootId":"v0z438op1r5ka6q","id":"lepuzbge70rzuw4"},"id":"r81k8jtw5ju1g0b","previousOperationId":"px13wcoti6a1hgf"}
{"type":"operationStart","subtype":"engine","name":"handlebars","timestamp":1704977693608,"id":"h175vt1cwv9ci5s","previousEventId":"vfy0x2ucvg8yjel","operationId":"am3tyizzas8gp8d","previousOperationId":"px13wcoti6a1hgf"}
{"type":"log","timestamp":1704977693608,"level":"debug","message":"Rendering engine handlebars","meta":{"rootId":"v0z438op1r5ka6q","id":"lepuzbge70rzuw4"},"id":"gu8z5vju5ilj6kp","previousOperationId":"am3tyizzas8gp8d"}
{"type":"operationEnd","operationId":"am3tyizzas8gp8d","timestamp":1704977693626,"id":"fhlcgyczeoiakdo","previousEventId":"h175vt1cwv9ci5s","previousOperationId":"am3tyizzas8gp8d"}
{"type":"operationStart","subtype":"recipe","name":"chrome-pdf","timestamp":1704977693627,"id":"x5e1r4ue05a34r0","previousEventId":"fhlcgyczeoiakdo","operationId":"w1k47tv2cwz9u0a","previousOperationId":"am3tyizzas8gp8d"}
{"type":"log","timestamp":1704977693627,"level":"debug","message":"Executing recipe chrome-pdf","meta":{"rootId":"v0z438op1r5ka6q","id":"lepuzbge70rzuw4"},"id":"sdqqm79lwn1fukd","previousOperationId":"w1k47tv2cwz9u0a"}
{"type":"log","timestamp":1704977693630,"level":"debug","message":"Converting with chrome HeadlessChrome/117.0.5938.149 using chrome-pool strategy","meta":{"rootId":"v0z438op1r5ka6q","id":"lepuzbge70rzuw4"},"id":"f8cfl7pbf4ubokw","previousOperationId":"w1k47tv2cwz9u0a"}
{"type":"log","timestamp":1704977693714,"level":"debug","message":"Page request: GET (document) file:///C:/Users/Javier/AppData/Local/Temp/jsreport/autocleanup/426cdf48-3173-4522-a9c4-dec7ddb24a31-chrome-pdf.html","meta":{"rootId":"v0z438op1r5ka6q","id":"lepuzbge70rzuw4"},"id":"ylny7r2s86mtlje","previousOperationId":"w1k47tv2cwz9u0a"}
{"type":"log","timestamp":1704977693721,"level":"debug","message":"Page request: GET (stylesheet) https://cdnjs.cloudflare.com/ajax/libs/metro/4.1.5/css/metro.min.css","meta":{"rootId":"v0z438op1r5ka6q","id":"lepuzbge70rzuw4"},"id":"08c73t1fv2bhx94","previousOperationId":"w1k47tv2cwz9u0a"}
{"type":"log","timestamp":1704977693722,"level":"debug","message":"Page request finished: GET (document) 200 file:///C:/Users/Javier/AppData/Local/Temp/jsreport/autocleanup/426cdf48-3173-4522-a9c4-dec7ddb24a31-chrome-pdf.html","meta":{"rootId":"v0z438op1r5ka6q","id":"lepuzbge70rzuw4"},"id":"e6utpxpgd1605nb","previousOperationId":"w1k47tv2cwz9u0a"}
{"type":"log","timestamp":1704977693734,"level":"debug","message":"Page request finished: GET (stylesheet) 200 https://cdnjs.cloudflare.com/ajax/libs/metro/4.1.5/css/metro.min.css","meta":{"rootId":"v0z438op1r5ka6q","id":"lepuzbge70rzuw4"},"id":"mh4jvee8pahs99n","previousOperationId":"w1k47tv2cwz9u0a"}
{"type":"log","timestamp":1704977693750,"level":"debug","message":"Running chrome with params {\"printBackground\":true,\"marginTop\":\"1.5cm\",\"marginRight\":\"1.5cm\",\"marginLeft\":\"1.cm\",\"timeout\":57905,\"margin\":{\"top\":\"1.5cm\",\"right\":\"1.5cm\",\"left\":\"1.cm\"}}","meta":{"rootId":"v0z438op1r5ka6q","id":"lepuzbge70rzuw4"},"id":"fv5aizkh9fc2peq","previousOperationId":"w1k47tv2cwz9u0a"}
{"type":"operationEnd","operationId":"w1k47tv2cwz9u0a","timestamp":1704977693786,"id":"h91obdy5ydxlngg","previousEventId":"x5e1r4ue05a34r0","previousOperationId":"w1k47tv2cwz9u0a"}
{"type":"log","timestamp":1704977693787,"level":"debug","message":"Skipping storing report.","meta":{"rootId":"v0z438op1r5ka6q","id":"lepuzbge70rzuw4"},"id":"tj4wtgeqp6gcok4","previousOperationId":"w1k47tv2cwz9u0a"}
{"type":"log","timestamp":1704977693787,"level":"info","message":"Rendering (child) request finished in 2253 ms","meta":{"rootId":"v0z438op1r5ka6q","id":"lepuzbge70rzuw4"},"id":"cpkzgk8haqcabq1","previousOperationId":"w1k47tv2cwz9u0a"}
{"type":"operationEnd","subtype":"render","operationId":"px13wcoti6a1hgf","timestamp":1704977693787,"id":"8iz999r1oh4qwjq","previousEventId":"h91obdy5ydxlngg","previousOperationId":"w1k47tv2cwz9u0a"}
{"type":"operationEnd","operationId":"qhryv3ca93n9zc9","timestamp":1704977693803,"id":"glzj37s4qcuhl31","previousEventId":"69zfl9178qu6a8j","previousOperationId":"qhryv3ca93n9zc9"}
{"type":"log","timestamp":1704977693803,"level":"debug","message":"pdf-utils postproces start","meta":{"rootId":"v0z438op1r5ka6q","id":"v0z438op1r5ka6q"},"id":"hlp2umvlkwf1pgb","previousOperationId":"qhryv3ca93n9zc9"}
{"type":"log","timestamp":1704977693822,"level":"debug","message":"pdf-utils postproces end","meta":{"rootId":"v0z438op1r5ka6q","id":"v0z438op1r5ka6q"},"id":"y68ljq839nkwil9","previousOperationId":"qhryv3ca93n9zc9"}
{"type":"operationEnd","operationId":"7q9ygo6z6e1tbly","timestamp":1704977693822,"id":"sw4t99r4xmmul7b","previousEventId":"glzj37s4qcuhl31","previousOperationId":"qhryv3ca93n9zc9"}
{"type":"log","timestamp":1704977693822,"level":"info","message":"pdf-utils pdf processing was finished","meta":{"rootId":"v0z438op1r5ka6q","id":"v0z438op1r5ka6q"},"id":"0vn3r6g6a4uci66","previousOperationId":"7q9ygo6z6e1tbly"}
{"type":"log","timestamp":1704977693822,"level":"debug","message":"Skipping storing report.","meta":{"rootId":"v0z438op1r5ka6q","id":"v0z438op1r5ka6q"},"id":"97hjepqd4hlst60","previousOperationId":"7q9ygo6z6e1tbly"}
{"type":"log","timestamp":1704977693822,"level":"info","message":"Rendering request 40 finished in 2288 ms","meta":{"rootId":"v0z438op1r5ka6q","id":"v0z438op1r5ka6q"},"id":"ppyhmugi04zm7fd","previousOperationId":"7q9ygo6z6e1tbly"}
{"type":"operationEnd","subtype":"render","operationId":"o8dntws3m7i09yt","timestamp":1704977693822,"id":"byyxca2d6wvyqkb","previousEventId":"sw4t99r4xmmul7b","previousOperationId":"7q9ygo6z6e1tbly"}
{"type":"operationEnd","doDiffs":false,"previousEventId":"0j706at1fm9teqb","previousOperationId":"rvsk6p0rmni7ete","operationId":"rvsk6p0rmni7ete","timestamp":1704977693831,"id":"zb9nxs1kdtogowo"}
