{"type":"operationStart","subtype":"profile","data":{"_id":"eYu2ukwYTQRNb2kP","timestamp":"2024-01-11T12:52:38.062Z","state":"queued","mode":"standard","creationDate":"2024-01-11T12:52:38.064Z","modificationDate":"2024-01-11T12:52:38.064Z","shortid":"1bQ2OI0","$entitySet":"profiles"},"doDiffs":false,"timestamp":1704977558064,"id":"4j3wydjdgbfiqka","previousOperationId":null,"operationId":"p8yge5mml7uy4mf"}
{"type":"log","level":"info","message":"Render request 37 queued for execution and waiting for available worker","previousOperationId":"p8yge5mml7uy4mf","timestamp":1704977558064,"id":"gr0y7b672z3pts5"}
{"type":"operationStart","subtype":"render","name":"orders-main","previousOperationId":"p8yge5mml7uy4mf","timestamp":1704977558072,"id":"v8on9u2r2ty30nx","previousEventId":"4j3wydjdgbfiqka","operationId":"6hxpym2u0brkfuv"}
{"type":"log","timestamp":1704977558072,"level":"info","message":"Starting rendering request 37","meta":{"rootId":"vi2le8cpk855x3a","id":"vi2le8cpk855x3a"},"id":"2yyqp4b69lxqhtz","previousOperationId":"6hxpym2u0brkfuv"}
{"type":"log","timestamp":1704977558073,"level":"info","message":"Rendering template { name: orders-main, recipe: chrome-pdf, engine: handlebars, preview: true }","meta":{"rootId":"vi2le8cpk855x3a","id":"vi2le8cpk855x3a"},"id":"nwmg7ox2ne128g3","previousOperationId":"6hxpym2u0brkfuv"}
{"type":"log","timestamp":1704977558074,"level":"debug","message":"Data item not defined for this template.","meta":{"rootId":"vi2le8cpk855x3a","id":"vi2le8cpk855x3a"},"id":"vzinhpsx8m02dre","previousOperationId":"6hxpym2u0brkfuv"}
{"type":"log","timestamp":1704977558076,"level":"debug","message":"Executing script orders-script (beforeRender)","meta":{"rootId":"vi2le8cpk855x3a","id":"vi2le8cpk855x3a"},"id":"7z4319bx9ja4o9v","previousOperationId":"6hxpym2u0brkfuv"}
{"type":"operationStart","subtype":"scriptsBeforeRender","name":"scripts beforeRender","timestamp":1704977558084,"id":"922owyhaapf0ca4","previousEventId":"v8on9u2r2ty30nx","operationId":"nr742hdc02a9idz","previousOperationId":"6hxpym2u0brkfuv"}
{"type":"operationStart","subtype":"script","name":"scripts orders-script","previousOperationId":"nr742hdc02a9idz","timestamp":1704977558084,"id":"x3abfs0yf49a6xi","previousEventId":"922owyhaapf0ca4","operationId":"9r52zq5cus1upvo"}
{"type":"log","timestamp":1704977559317,"level":"debug","message":"(console:log) aaaaaaaaaaaaaaaaaaaaaaaaaaaaaaaaaaa","meta":{"userLevel":true,"rootId":"vi2le8cpk855x3a","id":"vi2le8cpk855x3a"},"id":"cs1m1tq6ykee2oe","previousOperationId":"9r52zq5cus1upvo"}
{"type":"operationEnd","operationId":"9r52zq5cus1upvo","timestamp":1704977559318,"id":"fy2vussy44dmkhp","previousEventId":"v8on9u2r2ty30nx","previousOperationId":"6hxpym2u0brkfuv"}
{"type":"operationEnd","operationId":"nr742hdc02a9idz","timestamp":1704977559318,"id":"8qdn5udc98dbubl","previousEventId":"fy2vussy44dmkhp","previousOperationId":"6hxpym2u0brkfuv"}
{"type":"log","timestamp":1704977559318,"level":"debug","message":"Base url not specified, skipping its injection.","meta":{"rootId":"vi2le8cpk855x3a","id":"vi2le8cpk855x3a"},"id":"nkxfq7i21op33qt","previousOperationId":"nr742hdc02a9idz"}
{"type":"operationStart","subtype":"engine","name":"handlebars","timestamp":1704977559318,"id":"k8y54q0j573spx2","previousEventId":"8qdn5udc98dbubl","operationId":"4o5mi0j1j6osdta","previousOperationId":"nr742hdc02a9idz"}
{"type":"log","timestamp":1704977559318,"level":"debug","message":"Rendering engine handlebars","meta":{"rootId":"vi2le8cpk855x3a","id":"vi2le8cpk855x3a"},"id":"qadnaa0e94jt6pk","previousOperationId":"4o5mi0j1j6osdta"}
{"type":"log","timestamp":1704977559331,"level":"debug","message":"(console:log) Pdf utils adding group field, value: \"France\"","meta":{"userLevel":true,"rootId":"vi2le8cpk855x3a","id":"vi2le8cpk855x3a"},"id":"v68jql58jg4mw1f","previousOperationId":"4o5mi0j1j6osdta"}
{"type":"log","timestamp":1704977559331,"level":"debug","message":"(console:log) Pdf utils adding group field, value: \"Germany\"","meta":{"userLevel":true,"rootId":"vi2le8cpk855x3a","id":"vi2le8cpk855x3a"},"id":"p2x8gvtxvjulbui","previousOperationId":"4o5mi0j1j6osdta"}
{"type":"operationEnd","operationId":"4o5mi0j1j6osdta","timestamp":1704977559331,"id":"v8knt78ypxkkeh8","previousEventId":"k8y54q0j573spx2","previousOperationId":"4o5mi0j1j6osdta"}
{"type":"operationStart","subtype":"recipe","name":"chrome-pdf","timestamp":1704977559332,"id":"5mwd68evojvc4b0","previousEventId":"v8knt78ypxkkeh8","operationId":"aroakgnlnj20iyy","previousOperationId":"4o5mi0j1j6osdta"}
{"type":"log","timestamp":1704977559332,"level":"debug","message":"Executing recipe chrome-pdf","meta":{"rootId":"vi2le8cpk855x3a","id":"vi2le8cpk855x3a"},"id":"zk5fodtexh1fcuc","previousOperationId":"aroakgnlnj20iyy"}
{"type":"log","timestamp":1704977559334,"level":"debug","message":"Converting with chrome HeadlessChrome/117.0.5938.149 using chrome-pool strategy","meta":{"rootId":"vi2le8cpk855x3a","id":"vi2le8cpk855x3a"},"id":"t64lq0loi68re76","previousOperationId":"aroakgnlnj20iyy"}
{"type":"log","timestamp":1704977559411,"level":"debug","message":"Page request: GET (document) file:///C:/Users/Javier/AppData/Local/Temp/jsreport/autocleanup/86bf0515-467e-4923-afeb-b67a1428f3b2-chrome-pdf.html","meta":{"rootId":"vi2le8cpk855x3a","id":"vi2le8cpk855x3a"},"id":"nphgq05mwp0oemf","previousOperationId":"aroakgnlnj20iyy"}
{"type":"log","timestamp":1704977559453,"level":"debug","message":"Page request: GET (stylesheet) https://cdnjs.cloudflare.com/ajax/libs/metro/4.1.5/css/metro.min.css","meta":{"rootId":"vi2le8cpk855x3a","id":"vi2le8cpk855x3a"},"id":"j2pdeiyvft0hqrh","previousOperationId":"aroakgnlnj20iyy"}
{"type":"log","timestamp":1704977559454,"level":"debug","message":"Page request: GET (script) https://cdnjs.cloudflare.com/ajax/libs/Chart.js/2.7.2/Chart.min.js","meta":{"rootId":"vi2le8cpk855x3a","id":"vi2le8cpk855x3a"},"id":"9z074myxqaniuog","previousOperationId":"aroakgnlnj20iyy"}
{"type":"log","timestamp":1704977559455,"level":"debug","message":"Page request finished: GET (document) 200 file:///C:/Users/Javier/AppData/Local/Temp/jsreport/autocleanup/86bf0515-467e-4923-afeb-b67a1428f3b2-chrome-pdf.html","meta":{"rootId":"vi2le8cpk855x3a","id":"vi2le8cpk855x3a"},"id":"y534z1s7pwm05xb","previousOperationId":"aroakgnlnj20iyy"}
{"type":"log","timestamp":1704977559459,"level":"debug","message":"Page request finished: GET (script) 200 https://cdnjs.cloudflare.com/ajax/libs/Chart.js/2.7.2/Chart.min.js","meta":{"rootId":"vi2le8cpk855x3a","id":"vi2le8cpk855x3a"},"id":"npooo57kjzl791z","previousOperationId":"aroakgnlnj20iyy"}
{"type":"log","timestamp":1704977559471,"level":"debug","message":"Page request finished: GET (stylesheet) 200 https://cdnjs.cloudflare.com/ajax/libs/metro/4.1.5/css/metro.min.css","meta":{"rootId":"vi2le8cpk855x3a","id":"vi2le8cpk855x3a"},"id":"3tiloprut7vfnuc","previousOperationId":"aroakgnlnj20iyy"}
{"type":"log","timestamp":1704977559542,"level":"debug","message":"Running chrome with params {\"printBackground\":true,\"marginTop\":\"4cm\",\"marginRight\":\"1.5cm\",\"marginBottom\":\"1.5cm\",\"marginLeft\":\"1.5cm\",\"waitForJS\":false,\"timeout\":58729,\"margin\":{\"top\":\"4cm\",\"right\":\"1.5cm\",\"bottom\":\"1.5cm\",\"left\":\"1.5cm\"}}","meta":{"rootId":"vi2le8cpk855x3a","id":"vi2le8cpk855x3a"},"id":"cksv8bmgaon9v5w","previousOperationId":"aroakgnlnj20iyy"}
{"type":"operationEnd","operationId":"aroakgnlnj20iyy","timestamp":1704977559678,"id":"beo6n5dbuh0o43w","previousEventId":"5mwd68evojvc4b0","previousOperationId":"aroakgnlnj20iyy"}
{"type":"log","timestamp":1704977559678,"level":"info","message":"pdf-utils is starting pdf processing","meta":{"rootId":"vi2le8cpk855x3a","id":"vi2le8cpk855x3a"},"id":"z35fudso1l6tovo","previousOperationId":"aroakgnlnj20iyy"}
{"type":"operationStart","subtype":"pdfUtils","name":"pdf utils","timestamp":1704977559678,"id":"y6alo5mmqd8gd79","previousEventId":"beo6n5dbuh0o43w","operationId":"y3tvbbmbkthl1im","previousOperationId":"aroakgnlnj20iyy"}
{"type":"log","timestamp":1704977559679,"level":"debug","message":"pdf-utils detected 1 pdf operation(s) to process","meta":{"rootId":"vi2le8cpk855x3a","id":"vi2le8cpk855x3a"},"id":"iv81d822erancir","previousOperationId":"y3tvbbmbkthl1im"}
{"type":"log","timestamp":1704977559714,"level":"debug","message":"pdf-utils running pdf operation merge","meta":{"rootId":"vi2le8cpk855x3a","id":"vi2le8cpk855x3a"},"id":"s6nieq9l6o0sli8","previousOperationId":"y3tvbbmbkthl1im"}
{"type":"operationStart","subtype":"pdfUtilsMerge","name":"pdf utils merge","previousOperationId":"y3tvbbmbkthl1im","timestamp":1704977559714,"id":"w4zyspgl17kai80","previousEventId":"y6alo5mmqd8gd79","operationId":"1vmdh740n0v3de1"}
{"type":"operationStart","subtype":"render","name":"orders-header","previousOperationId":"1vmdh740n0v3de1","timestamp":1704977559715,"id":"4s2qzac1k7ugzv8","previousEventId":"w4zyspgl17kai80","operationId":"gvpgfv4vycjeehb"}
{"type":"log","timestamp":1704977559715,"level":"info","message":"Starting rendering (child) request","meta":{"rootId":"vi2le8cpk855x3a","id":"a9tkoo5t2dg6l1d"},"id":"0tvb9eyivbmlog5","previousOperationId":"gvpgfv4vycjeehb"}
{"type":"log","timestamp":1704977559715,"level":"info","message":"Rendering template { name: orders-header, recipe: chrome-pdf, engine: handlebars, preview: true }","meta":{"rootId":"vi2le8cpk855x3a","id":"a9tkoo5t2dg6l1d"},"id":"ga4qfx1jos343zh","previousOperationId":"gvpgfv4vycjeehb"}
{"type":"log","timestamp":1704977559722,"level":"debug","message":"Inline data specified.","meta":{"rootId":"vi2le8cpk855x3a","id":"a9tkoo5t2dg6l1d"},"id":"yhkz1dme19cc7ns","previousOperationId":"gvpgfv4vycjeehb"}
{"type":"log","timestamp":1704977559723,"level":"debug","message":"Base url not specified, skipping its injection.","meta":{"rootId":"vi2le8cpk855x3a","id":"a9tkoo5t2dg6l1d"},"id":"8ig86ajtmiq9y48","previousOperationId":"gvpgfv4vycjeehb"}
{"type":"operationStart","subtype":"engine","name":"handlebars","timestamp":1704977559724,"id":"ay3i1ghrpxm4414","previousEventId":"4s2qzac1k7ugzv8","operationId":"76ieketsfcdm3ta","previousOperationId":"gvpgfv4vycjeehb"}
{"type":"log","timestamp":1704977559724,"level":"debug","message":"Rendering engine handlebars","meta":{"rootId":"vi2le8cpk855x3a","id":"a9tkoo5t2dg6l1d"},"id":"dwhbg8q4t03s2hb","previousOperationId":"76ieketsfcdm3ta"}
{"type":"operationEnd","operationId":"76ieketsfcdm3ta","timestamp":1704977559738,"id":"qf63qjog8en0bqf","previousEventId":"ay3i1ghrpxm4414","previousOperationId":"76ieketsfcdm3ta"}
{"type":"operationStart","subtype":"recipe","name":"chrome-pdf","timestamp":1704977559738,"id":"4pwlo127dheal6i","previousEventId":"qf63qjog8en0bqf","operationId":"8fv7ffbse8ll4bn","previousOperationId":"76ieketsfcdm3ta"}
{"type":"log","timestamp":1704977559738,"level":"debug","message":"Executing recipe chrome-pdf","meta":{"rootId":"vi2le8cpk855x3a","id":"a9tkoo5t2dg6l1d"},"id":"7ss4v5mpynlq2ni","previousOperationId":"8fv7ffbse8ll4bn"}
{"type":"log","timestamp":1704977559741,"level":"debug","message":"Converting with chrome HeadlessChrome/117.0.5938.149 using chrome-pool strategy","meta":{"rootId":"vi2le8cpk855x3a","id":"a9tkoo5t2dg6l1d"},"id":"42chacb3pze1d6i","previousOperationId":"8fv7ffbse8ll4bn"}
{"type":"log","timestamp":1704977559814,"level":"debug","message":"Page request: GET (document) file:///C:/Users/Javier/AppData/Local/Temp/jsreport/autocleanup/4ab73718-8656-4338-bcd7-8c2ab2885dbd-chrome-pdf.html","meta":{"rootId":"vi2le8cpk855x3a","id":"a9tkoo5t2dg6l1d"},"id":"a281xrbykvplvfm","previousOperationId":"8fv7ffbse8ll4bn"}
{"type":"log","timestamp":1704977559824,"level":"debug","message":"Page request: GET (stylesheet) https://cdnjs.cloudflare.com/ajax/libs/metro/4.1.5/css/metro.min.css","meta":{"rootId":"vi2le8cpk855x3a","id":"a9tkoo5t2dg6l1d"},"id":"b0zkks0twmrrv5u","previousOperationId":"8fv7ffbse8ll4bn"}
{"type":"log","timestamp":1704977559824,"level":"debug","message":"Page request finished: GET (document) 200 file:///C:/Users/Javier/AppData/Local/Temp/jsreport/autocleanup/4ab73718-8656-4338-bcd7-8c2ab2885dbd-chrome-pdf.html","meta":{"rootId":"vi2le8cpk855x3a","id":"a9tkoo5t2dg6l1d"},"id":"of5emoyhq28tb7c","previousOperationId":"8fv7ffbse8ll4bn"}
{"type":"log","timestamp":1704977559837,"level":"debug","message":"Page request finished: GET (stylesheet) 200 https://cdnjs.cloudflare.com/ajax/libs/metro/4.1.5/css/metro.min.css","meta":{"rootId":"vi2le8cpk855x3a","id":"a9tkoo5t2dg6l1d"},"id":"8cwb395wrtyjiwv","previousOperationId":"8fv7ffbse8ll4bn"}
{"type":"log","timestamp":1704977559853,"level":"debug","message":"Running chrome with params {\"printBackground\":true,\"marginTop\":\"1.5cm\",\"marginRight\":\"1.5cm\",\"marginLeft\":\"1.cm\",\"timeout\":58322,\"margin\":{\"top\":\"1.5cm\",\"right\":\"1.5cm\",\"left\":\"1.cm\"}}","meta":{"rootId":"vi2le8cpk855x3a","id":"a9tkoo5t2dg6l1d"},"id":"14xmse5fr1e1oai","previousOperationId":"8fv7ffbse8ll4bn"}
{"type":"operationEnd","operationId":"8fv7ffbse8ll4bn","timestamp":1704977559886,"id":"ny8ns7yunlptgtm","previousEventId":"4pwlo127dheal6i","previousOperationId":"8fv7ffbse8ll4bn"}
{"type":"log","timestamp":1704977559886,"level":"debug","message":"Skipping storing report.","meta":{"rootId":"vi2le8cpk855x3a","id":"a9tkoo5t2dg6l1d"},"id":"hdtqfxpa575rcag","previousOperationId":"8fv7ffbse8ll4bn"}
{"type":"log","timestamp":1704977559886,"level":"info","message":"Rendering (child) request finished in 1824 ms","meta":{"rootId":"vi2le8cpk855x3a","id":"a9tkoo5t2dg6l1d"},"id":"0vsicz9xxv78c45","previousOperationId":"8fv7ffbse8ll4bn"}
{"type":"operationEnd","subtype":"render","operationId":"gvpgfv4vycjeehb","timestamp":1704977559886,"id":"qdc4ka5ajmx0qnk","previousEventId":"ny8ns7yunlptgtm","previousOperationId":"8fv7ffbse8ll4bn"}
{"type":"operationEnd","operationId":"1vmdh740n0v3de1","timestamp":1704977559897,"id":"kehz1oa2dfeua7u","previousEventId":"w4zyspgl17kai80","previousOperationId":"1vmdh740n0v3de1"}
{"type":"log","timestamp":1704977559897,"level":"debug","message":"pdf-utils postproces start","meta":{"rootId":"vi2le8cpk855x3a","id":"vi2le8cpk855x3a"},"id":"inbc6r6g25jlzde","previousOperationId":"1vmdh740n0v3de1"}
{"type":"log","timestamp":1704977559928,"level":"debug","message":"pdf-utils postproces end","meta":{"rootId":"vi2le8cpk855x3a","id":"vi2le8cpk855x3a"},"id":"b03zvrmwdfdux5x","previousOperationId":"1vmdh740n0v3de1"}
{"type":"operationEnd","operationId":"y3tvbbmbkthl1im","timestamp":1704977559928,"id":"0ri7s6h1qv40mdm","previousEventId":"kehz1oa2dfeua7u","previousOperationId":"1vmdh740n0v3de1"}
{"type":"log","timestamp":1704977559928,"level":"info","message":"pdf-utils pdf processing was finished","meta":{"rootId":"vi2le8cpk855x3a","id":"vi2le8cpk855x3a"},"id":"cbc3cmhdxekdh4y","previousOperationId":"y3tvbbmbkthl1im"}
{"type":"log","timestamp":1704977559928,"level":"debug","message":"Skipping storing report.","meta":{"rootId":"vi2le8cpk855x3a","id":"vi2le8cpk855x3a"},"id":"sh4cy58ffu8wf2u","previousOperationId":"y3tvbbmbkthl1im"}
{"type":"log","timestamp":1704977559928,"level":"info","message":"Rendering request 37 finished in 1866 ms","meta":{"rootId":"vi2le8cpk855x3a","id":"vi2le8cpk855x3a"},"id":"432hedbcyn6r9om","previousOperationId":"y3tvbbmbkthl1im"}
{"type":"operationEnd","subtype":"render","operationId":"6hxpym2u0brkfuv","timestamp":1704977559928,"id":"yv7ciq2coay9zvg","previousEventId":"0ri7s6h1qv40mdm","previousOperationId":"y3tvbbmbkthl1im"}
{"type":"operationEnd","doDiffs":false,"previousEventId":"4j3wydjdgbfiqka","previousOperationId":"p8yge5mml7uy4mf","operationId":"p8yge5mml7uy4mf","timestamp":1704977559957,"id":"cua3xt49d8b6ioq"}
