{"type":"operationStart","subtype":"profile","data":{"_id":"wlyJ5Yle27Oeyj23","timestamp":"2024-01-13T14:11:50.671Z","state":"queued","mode":"standard","creationDate":"2024-01-13T14:11:50.674Z","modificationDate":"2024-01-13T14:11:50.674Z","shortid":"qMK9CQ7","$entitySet":"profiles"},"doDiffs":false,"timestamp":1705155110672,"id":"zdlbepllaiheabl","previousOperationId":null,"operationId":"g988deqniob0n2q"}
{"type":"log","level":"info","message":"Render request 14 queued for execution and waiting for available worker","previousOperationId":"g988deqniob0n2q","timestamp":1705155110673,"id":"kwr5aeu6ba2hs75"}
{"type":"operationStart","subtype":"render","name":"orders-main","previousOperationId":"g988deqniob0n2q","timestamp":1705155110684,"id":"kfrvgl7sdiks0h2","previousEventId":"zdlbepllaiheabl","operationId":"duigyzy3d14mh9q"}
{"type":"log","timestamp":1705155110684,"level":"info","message":"Starting rendering request 14","meta":{"rootId":"vyy6p0cvv1wm9om","id":"vyy6p0cvv1wm9om"},"id":"4v1bxx4jqj4yoq2","previousOperationId":"duigyzy3d14mh9q"}
{"type":"log","timestamp":1705155110684,"level":"info","message":"Rendering template { name: orders-main, recipe: chrome-pdf, engine: handlebars, preview: true }","meta":{"rootId":"vyy6p0cvv1wm9om","id":"vyy6p0cvv1wm9om"},"id":"6xzlw24ajdws1lk","previousOperationId":"duigyzy3d14mh9q"}
{"type":"log","timestamp":1705155110685,"level":"debug","message":"Data item not defined for this template.","meta":{"rootId":"vyy6p0cvv1wm9om","id":"vyy6p0cvv1wm9om"},"id":"aweqsjiuaqx75fg","previousOperationId":"duigyzy3d14mh9q"}
{"type":"log","timestamp":1705155110692,"level":"debug","message":"Executing script orders-script (beforeRender)","meta":{"rootId":"vyy6p0cvv1wm9om","id":"vyy6p0cvv1wm9om"},"id":"i4o9r52t5e4b9nz","previousOperationId":"duigyzy3d14mh9q"}
{"type":"operationStart","subtype":"scriptsBeforeRender","name":"scripts beforeRender","timestamp":1705155110710,"id":"yd9cxor9oc11n7o","previousEventId":"kfrvgl7sdiks0h2","operationId":"1pta9e16pr5uonm","previousOperationId":"duigyzy3d14mh9q"}
{"type":"operationStart","subtype":"script","name":"scripts orders-script","previousOperationId":"1pta9e16pr5uonm","timestamp":1705155110710,"id":"9yus5mduzja0kbz","previousEventId":"yd9cxor9oc11n7o","operationId":"lvxsegxntjldotu"}
{"type":"operationEnd","operationId":"lvxsegxntjldotu","timestamp":1705155112222,"id":"9q4xb25x9314616","previousEventId":"kfrvgl7sdiks0h2","previousOperationId":"duigyzy3d14mh9q"}
{"type":"operationEnd","operationId":"1pta9e16pr5uonm","timestamp":1705155112222,"id":"ldt9kexux4swl7f","previousEventId":"9q4xb25x9314616","previousOperationId":"duigyzy3d14mh9q"}
{"type":"log","timestamp":1705155112222,"level":"debug","message":"Base url not specified, skipping its injection.","meta":{"rootId":"vyy6p0cvv1wm9om","id":"vyy6p0cvv1wm9om"},"id":"6hz0zyfpznz5o5l","previousOperationId":"1pta9e16pr5uonm"}
{"type":"operationStart","subtype":"engine","name":"handlebars","timestamp":1705155112222,"id":"wi2sbgqpmeplltx","previousEventId":"ldt9kexux4swl7f","operationId":"nrn7fub4p6iz7c1","previousOperationId":"1pta9e16pr5uonm"}
{"type":"log","timestamp":1705155112222,"level":"debug","message":"Rendering engine handlebars","meta":{"rootId":"vyy6p0cvv1wm9om","id":"vyy6p0cvv1wm9om"},"id":"jyhj7xvw7kuy06v","previousOperationId":"nrn7fub4p6iz7c1"}
{"type":"log","timestamp":1705155112236,"level":"debug","message":"(console:log) Pdf utils adding group field, value: \"France\"","meta":{"userLevel":true,"rootId":"vyy6p0cvv1wm9om","id":"vyy6p0cvv1wm9om"},"id":"0m9qxkl7r9iggv6","previousOperationId":"nrn7fub4p6iz7c1"}
{"type":"log","timestamp":1705155112236,"level":"debug","message":"(console:log) Pdf utils adding group field, value: \"Germany\"","meta":{"userLevel":true,"rootId":"vyy6p0cvv1wm9om","id":"vyy6p0cvv1wm9om"},"id":"fdtnat6uld20urr","previousOperationId":"nrn7fub4p6iz7c1"}
{"type":"operationEnd","operationId":"nrn7fub4p6iz7c1","timestamp":1705155112237,"id":"ofvffftczcfp8ws","previousEventId":"wi2sbgqpmeplltx","previousOperationId":"nrn7fub4p6iz7c1"}
{"type":"operationStart","subtype":"recipe","name":"chrome-pdf","timestamp":1705155112237,"id":"dlwteqoygzlph4h","previousEventId":"ofvffftczcfp8ws","operationId":"8lshpmi5obaiv6j","previousOperationId":"nrn7fub4p6iz7c1"}
{"type":"log","timestamp":1705155112237,"level":"debug","message":"Executing recipe chrome-pdf","meta":{"rootId":"vyy6p0cvv1wm9om","id":"vyy6p0cvv1wm9om"},"id":"h5gpycuy4jjcfjd","previousOperationId":"8lshpmi5obaiv6j"}
{"type":"log","timestamp":1705155112239,"level":"debug","message":"Converting with chrome HeadlessChrome/117.0.5938.149 using chrome-pool strategy","meta":{"rootId":"vyy6p0cvv1wm9om","id":"vyy6p0cvv1wm9om"},"id":"p1ty2wyv1q48xbr","previousOperationId":"8lshpmi5obaiv6j"}
{"type":"log","timestamp":1705155112321,"level":"debug","message":"Page request: GET (document) file:///C:/Users/Javier/AppData/Local/Temp/jsreport/autocleanup/61b982df-6880-4699-8407-13d5f1f192d5-chrome-pdf.html","meta":{"rootId":"vyy6p0cvv1wm9om","id":"vyy6p0cvv1wm9om"},"id":"ldtbzuzfd4qwe49","previousOperationId":"8lshpmi5obaiv6j"}
{"type":"log","timestamp":1705155112377,"level":"debug","message":"Page request finished: GET (document) 200 file:///C:/Users/Javier/AppData/Local/Temp/jsreport/autocleanup/61b982df-6880-4699-8407-13d5f1f192d5-chrome-pdf.html","meta":{"rootId":"vyy6p0cvv1wm9om","id":"vyy6p0cvv1wm9om"},"id":"a1qebu0jeo3sdar","previousOperationId":"8lshpmi5obaiv6j"}
{"type":"log","timestamp":1705155112377,"level":"debug","message":"Page request: GET (stylesheet) https://cdnjs.cloudflare.com/ajax/libs/metro/4.1.5/css/metro.min.css","meta":{"rootId":"vyy6p0cvv1wm9om","id":"vyy6p0cvv1wm9om"},"id":"6ltucqgqqotr8cm","previousOperationId":"8lshpmi5obaiv6j"}
{"type":"log","timestamp":1705155112377,"level":"debug","message":"Page request: GET (script) https://cdnjs.cloudflare.com/ajax/libs/Chart.js/2.7.2/Chart.min.js","meta":{"rootId":"vyy6p0cvv1wm9om","id":"vyy6p0cvv1wm9om"},"id":"y73r1x4vefbh3st","previousOperationId":"8lshpmi5obaiv6j"}
{"type":"log","timestamp":1705155112383,"level":"debug","message":"Page request finished: GET (script) 200 https://cdnjs.cloudflare.com/ajax/libs/Chart.js/2.7.2/Chart.min.js","meta":{"rootId":"vyy6p0cvv1wm9om","id":"vyy6p0cvv1wm9om"},"id":"j9ecdewwp7uwonu","previousOperationId":"8lshpmi5obaiv6j"}
{"type":"log","timestamp":1705155112396,"level":"debug","message":"Page request finished: GET (stylesheet) 200 https://cdnjs.cloudflare.com/ajax/libs/metro/4.1.5/css/metro.min.css","meta":{"rootId":"vyy6p0cvv1wm9om","id":"vyy6p0cvv1wm9om"},"id":"fq7jryta7zf76fv","previousOperationId":"8lshpmi5obaiv6j"}
{"type":"log","timestamp":1705155112463,"level":"debug","message":"Running chrome with params {\"printBackground\":true,\"marginTop\":\"4cm\",\"marginRight\":\"1.5cm\",\"marginBottom\":\"1.5cm\",\"marginLeft\":\"1.5cm\",\"waitForJS\":false,\"timeout\":58433,\"margin\":{\"top\":\"4cm\",\"right\":\"1.5cm\",\"bottom\":\"1.5cm\",\"left\":\"1.5cm\"}}","meta":{"rootId":"vyy6p0cvv1wm9om","id":"vyy6p0cvv1wm9om"},"id":"9g7qev1zdfs8r1e","previousOperationId":"8lshpmi5obaiv6j"}
{"type":"operationEnd","operationId":"8lshpmi5obaiv6j","timestamp":1705155112613,"id":"gt5xziotcn485tt","previousEventId":"dlwteqoygzlph4h","previousOperationId":"8lshpmi5obaiv6j"}
{"type":"log","timestamp":1705155112613,"level":"info","message":"pdf-utils is starting pdf processing","meta":{"rootId":"vyy6p0cvv1wm9om","id":"vyy6p0cvv1wm9om"},"id":"1c79h8x2j5taz2a","previousOperationId":"8lshpmi5obaiv6j"}
{"type":"operationStart","subtype":"pdfUtils","name":"pdf utils","timestamp":1705155112975,"id":"t0tdt5kzmhct8ei","previousEventId":"gt5xziotcn485tt","operationId":"5221m0mrsfzsnip","previousOperationId":"8lshpmi5obaiv6j"}
{"type":"log","timestamp":1705155112975,"level":"debug","message":"pdf-utils detected 1 pdf operation(s) to process","meta":{"rootId":"vyy6p0cvv1wm9om","id":"vyy6p0cvv1wm9om"},"id":"b6e1lb09isyksls","previousOperationId":"5221m0mrsfzsnip"}
{"type":"log","timestamp":1705155113273,"level":"debug","message":"pdf-utils running pdf operation merge","meta":{"rootId":"vyy6p0cvv1wm9om","id":"vyy6p0cvv1wm9om"},"id":"o9g57tskuu3unpl","previousOperationId":"5221m0mrsfzsnip"}
{"type":"operationStart","subtype":"pdfUtilsMerge","name":"pdf utils merge","previousOperationId":"5221m0mrsfzsnip","timestamp":1705155113273,"id":"fea3bb68ynkesws","previousEventId":"t0tdt5kzmhct8ei","operationId":"bs38vzjd48pxcec"}
{"type":"operationStart","subtype":"render","name":"orders-header","previousOperationId":"bs38vzjd48pxcec","timestamp":1705155113274,"id":"vx20a47qh2r9z2d","previousEventId":"fea3bb68ynkesws","operationId":"uxfdexd3lo97s76"}
{"type":"log","timestamp":1705155113274,"level":"info","message":"Starting rendering (child) request","meta":{"rootId":"vyy6p0cvv1wm9om","id":"eiektw0165afrpb"},"id":"uq4hj5wgy192f84","previousOperationId":"uxfdexd3lo97s76"}
{"type":"log","timestamp":1705155113274,"level":"info","message":"Rendering template { name: orders-header, recipe: chrome-pdf, engine: handlebars, preview: true }","meta":{"rootId":"vyy6p0cvv1wm9om","id":"eiektw0165afrpb"},"id":"2ipvylxd5c82dna","previousOperationId":"uxfdexd3lo97s76"}
{"type":"log","timestamp":1705155113281,"level":"debug","message":"Inline data specified.","meta":{"rootId":"vyy6p0cvv1wm9om","id":"eiektw0165afrpb"},"id":"lm8w1i5zpfcwvm6","previousOperationId":"uxfdexd3lo97s76"}
{"type":"log","timestamp":1705155113283,"level":"debug","message":"Base url not specified, skipping its injection.","meta":{"rootId":"vyy6p0cvv1wm9om","id":"eiektw0165afrpb"},"id":"dmhcnwhlygmdsek","previousOperationId":"uxfdexd3lo97s76"}
{"type":"operationStart","subtype":"engine","name":"handlebars","timestamp":1705155113284,"id":"cvaarwy2dmnj8xw","previousEventId":"vx20a47qh2r9z2d","operationId":"tfr9u43wquynpim","previousOperationId":"uxfdexd3lo97s76"}
{"type":"log","timestamp":1705155113284,"level":"debug","message":"Rendering engine handlebars","meta":{"rootId":"vyy6p0cvv1wm9om","id":"eiektw0165afrpb"},"id":"sibqn2hmis2hun2","previousOperationId":"tfr9u43wquynpim"}
{"type":"operationEnd","operationId":"tfr9u43wquynpim","timestamp":1705155113388,"id":"yjaubg781oyae61","previousEventId":"cvaarwy2dmnj8xw","previousOperationId":"tfr9u43wquynpim"}
{"type":"operationStart","subtype":"recipe","name":"chrome-pdf","timestamp":1705155113388,"id":"kfyfiv07bq6r35c","previousEventId":"yjaubg781oyae61","operationId":"zina1y647b75p1b","previousOperationId":"tfr9u43wquynpim"}
{"type":"log","timestamp":1705155113388,"level":"debug","message":"Executing recipe chrome-pdf","meta":{"rootId":"vyy6p0cvv1wm9om","id":"eiektw0165afrpb"},"id":"aq38h2j4l0h3m19","previousOperationId":"zina1y647b75p1b"}
{"type":"log","timestamp":1705155113390,"level":"debug","message":"Converting with chrome HeadlessChrome/117.0.5938.149 using chrome-pool strategy","meta":{"rootId":"vyy6p0cvv1wm9om","id":"eiektw0165afrpb"},"id":"t0njifg7vt6i7pd","previousOperationId":"zina1y647b75p1b"}
{"type":"log","timestamp":1705155113472,"level":"debug","message":"Page request: GET (document) file:///C:/Users/Javier/AppData/Local/Temp/jsreport/autocleanup/fe48e3c3-b62f-4836-a733-2dc5948176fb-chrome-pdf.html","meta":{"rootId":"vyy6p0cvv1wm9om","id":"eiektw0165afrpb"},"id":"27fs8xbxf9lyy9r","previousOperationId":"zina1y647b75p1b"}
{"type":"log","timestamp":1705155113494,"level":"debug","message":"Page request: GET (stylesheet) https://cdnjs.cloudflare.com/ajax/libs/metro/4.1.5/css/metro.min.css","meta":{"rootId":"vyy6p0cvv1wm9om","id":"eiektw0165afrpb"},"id":"wbtmxrnqnkd069d","previousOperationId":"zina1y647b75p1b"}
{"type":"log","timestamp":1705155113495,"level":"debug","message":"Page request finished: GET (document) 200 file:///C:/Users/Javier/AppData/Local/Temp/jsreport/autocleanup/fe48e3c3-b62f-4836-a733-2dc5948176fb-chrome-pdf.html","meta":{"rootId":"vyy6p0cvv1wm9om","id":"eiektw0165afrpb"},"id":"8wf5sopl2w6ui9s","previousOperationId":"zina1y647b75p1b"}
{"type":"log","timestamp":1705155113509,"level":"debug","message":"Page request finished: GET (stylesheet) 200 https://cdnjs.cloudflare.com/ajax/libs/metro/4.1.5/css/metro.min.css","meta":{"rootId":"vyy6p0cvv1wm9om","id":"eiektw0165afrpb"},"id":"mw9287zsq27zq6s","previousOperationId":"zina1y647b75p1b"}
{"type":"log","timestamp":1705155113528,"level":"debug","message":"Running chrome with params {\"printBackground\":true,\"marginTop\":\"1.5cm\",\"marginRight\":\"1.5cm\",\"marginLeft\":\"1.cm\",\"timeout\":57281,\"margin\":{\"top\":\"1.5cm\",\"right\":\"1.5cm\",\"left\":\"1.cm\"}}","meta":{"rootId":"vyy6p0cvv1wm9om","id":"eiektw0165afrpb"},"id":"3n681aqpjdmcb9y","previousOperationId":"zina1y647b75p1b"}
{"type":"operationEnd","operationId":"zina1y647b75p1b","timestamp":1705155113564,"id":"3yujrsw979l45ju","previousEventId":"kfyfiv07bq6r35c","previousOperationId":"zina1y647b75p1b"}
{"type":"log","timestamp":1705155113564,"level":"debug","message":"Skipping storing report.","meta":{"rootId":"vyy6p0cvv1wm9om","id":"eiektw0165afrpb"},"id":"n3w6mptwjzpnbyy","previousOperationId":"zina1y647b75p1b"}
{"type":"log","timestamp":1705155113564,"level":"info","message":"Rendering (child) request finished in 2893 ms","meta":{"rootId":"vyy6p0cvv1wm9om","id":"eiektw0165afrpb"},"id":"jo7sf1j4rdlvubs","previousOperationId":"zina1y647b75p1b"}
{"type":"operationEnd","subtype":"render","operationId":"uxfdexd3lo97s76","timestamp":1705155113564,"id":"jbtxo67c21hasdj","previousEventId":"3yujrsw979l45ju","previousOperationId":"zina1y647b75p1b"}
{"type":"operationEnd","operationId":"bs38vzjd48pxcec","timestamp":1705155113594,"id":"lrzaq697jxvypi5","previousEventId":"fea3bb68ynkesws","previousOperationId":"bs38vzjd48pxcec"}
{"type":"log","timestamp":1705155113594,"level":"debug","message":"pdf-utils postproces start","meta":{"rootId":"vyy6p0cvv1wm9om","id":"vyy6p0cvv1wm9om"},"id":"jdf1yhd508a06uz","previousOperationId":"bs38vzjd48pxcec"}
{"type":"log","timestamp":1705155113621,"level":"debug","message":"pdf-utils postproces end","meta":{"rootId":"vyy6p0cvv1wm9om","id":"vyy6p0cvv1wm9om"},"id":"o8zoogi4ztucsh5","previousOperationId":"bs38vzjd48pxcec"}
{"type":"operationEnd","operationId":"5221m0mrsfzsnip","timestamp":1705155113621,"id":"01sycciwp9bd7e1","previousEventId":"lrzaq697jxvypi5","previousOperationId":"bs38vzjd48pxcec"}
{"type":"log","timestamp":1705155113621,"level":"info","message":"pdf-utils pdf processing was finished","meta":{"rootId":"vyy6p0cvv1wm9om","id":"vyy6p0cvv1wm9om"},"id":"2bybvvi1n1j0865","previousOperationId":"5221m0mrsfzsnip"}
{"type":"log","timestamp":1705155113622,"level":"debug","message":"Skipping storing report.","meta":{"rootId":"vyy6p0cvv1wm9om","id":"vyy6p0cvv1wm9om"},"id":"jupg4yex4jhq3gv","previousOperationId":"5221m0mrsfzsnip"}
{"type":"log","timestamp":1705155113622,"level":"info","message":"Rendering request 14 finished in 2951 ms","meta":{"rootId":"vyy6p0cvv1wm9om","id":"vyy6p0cvv1wm9om"},"id":"63f6fcniq8gq1oz","previousOperationId":"5221m0mrsfzsnip"}
{"type":"operationEnd","subtype":"render","operationId":"duigyzy3d14mh9q","timestamp":1705155113622,"id":"aw6ezfaqwi00zxh","previousEventId":"01sycciwp9bd7e1","previousOperationId":"5221m0mrsfzsnip"}
{"type":"operationEnd","doDiffs":false,"previousEventId":"zdlbepllaiheabl","previousOperationId":"g988deqniob0n2q","operationId":"g988deqniob0n2q","timestamp":1705155113635,"id":"evgu7dgfwtmu5xs"}
