{"type":"operationStart","subtype":"profile","data":{"_id":"tFDM2RVyCzB2By9V","timestamp":"2024-01-11T12:49:20.044Z","state":"queued","mode":"standard","creationDate":"2024-01-11T12:49:20.045Z","modificationDate":"2024-01-11T12:49:20.045Z","shortid":"5y7dvNq","$entitySet":"profiles"},"doDiffs":false,"timestamp":1704977360044,"id":"zakj54b5t45x1v9","previousOperationId":null,"operationId":"as5sh7wozuf7ick"}
{"type":"log","level":"info","message":"Render request 34 queued for execution and waiting for available worker","previousOperationId":"as5sh7wozuf7ick","timestamp":1704977360045,"id":"peov4deqmbv4iob"}
{"type":"operationStart","subtype":"render","name":"orders-main","previousOperationId":"as5sh7wozuf7ick","timestamp":1704977360055,"id":"4j19apxe02zur18","previousEventId":"zakj54b5t45x1v9","operationId":"06q3oebvao3jqad"}
{"type":"log","timestamp":1704977360056,"level":"info","message":"Starting rendering request 34","meta":{"rootId":"xoq7xq8idv7pgba","id":"xoq7xq8idv7pgba"},"id":"vgrbm1nwv78d0gc","previousOperationId":"06q3oebvao3jqad"}
{"type":"log","timestamp":1704977360056,"level":"info","message":"Rendering template { name: orders-main, recipe: chrome-pdf, engine: handlebars, preview: true }","meta":{"rootId":"xoq7xq8idv7pgba","id":"xoq7xq8idv7pgba"},"id":"u1hv72f1ppfninf","previousOperationId":"06q3oebvao3jqad"}
{"type":"log","timestamp":1704977360057,"level":"debug","message":"Data item not defined for this template.","meta":{"rootId":"xoq7xq8idv7pgba","id":"xoq7xq8idv7pgba"},"id":"5t0i547nx8u67e8","previousOperationId":"06q3oebvao3jqad"}
{"type":"log","timestamp":1704977360061,"level":"debug","message":"Executing script orders-script (beforeRender)","meta":{"rootId":"xoq7xq8idv7pgba","id":"xoq7xq8idv7pgba"},"id":"lggjh4bd851sken","previousOperationId":"06q3oebvao3jqad"}
{"type":"operationStart","subtype":"scriptsBeforeRender","name":"scripts beforeRender","timestamp":1704977360098,"id":"nh3mf614d87nzrf","previousEventId":"4j19apxe02zur18","operationId":"95buwhki9pmfrq3","previousOperationId":"06q3oebvao3jqad"}
{"type":"operationStart","subtype":"script","name":"scripts orders-script","previousOperationId":"95buwhki9pmfrq3","timestamp":1704977360098,"id":"xts1y8q7cmh24d2","previousEventId":"nh3mf614d87nzrf","operationId":"xwwdzoul9tyqysh"}
{"type":"operationEnd","operationId":"xwwdzoul9tyqysh","timestamp":1704977361578,"id":"k3e9of3l9wrsgrl","previousEventId":"4j19apxe02zur18","previousOperationId":"06q3oebvao3jqad"}
{"type":"operationEnd","operationId":"95buwhki9pmfrq3","timestamp":1704977361578,"id":"jafl1s8h89xt7ev","previousEventId":"k3e9of3l9wrsgrl","previousOperationId":"06q3oebvao3jqad"}
{"type":"log","timestamp":1704977361578,"level":"debug","message":"Base url not specified, skipping its injection.","meta":{"rootId":"xoq7xq8idv7pgba","id":"xoq7xq8idv7pgba"},"id":"yo5353kbysbsmhq","previousOperationId":"95buwhki9pmfrq3"}
{"type":"operationStart","subtype":"engine","name":"handlebars","timestamp":1704977361579,"id":"l0dp219mjodx9ya","previousEventId":"jafl1s8h89xt7ev","operationId":"jugnk7umhsknix7","previousOperationId":"95buwhki9pmfrq3"}
{"type":"log","timestamp":1704977361579,"level":"debug","message":"Rendering engine handlebars","meta":{"rootId":"xoq7xq8idv7pgba","id":"xoq7xq8idv7pgba"},"id":"b8c0t8vcmyd7x3g","previousOperationId":"jugnk7umhsknix7"}
{"type":"log","timestamp":1704977361595,"level":"debug","message":"(console:log) Pdf utils adding group field, value: \"France\"","meta":{"userLevel":true,"rootId":"xoq7xq8idv7pgba","id":"xoq7xq8idv7pgba"},"id":"jutes24jabnmran","previousOperationId":"jugnk7umhsknix7"}
{"type":"log","timestamp":1704977361596,"level":"debug","message":"(console:log) Pdf utils adding group field, value: \"Germany\"","meta":{"userLevel":true,"rootId":"xoq7xq8idv7pgba","id":"xoq7xq8idv7pgba"},"id":"btqt7vpsxq6rqpu","previousOperationId":"jugnk7umhsknix7"}
{"type":"operationEnd","operationId":"jugnk7umhsknix7","timestamp":1704977361597,"id":"at2d80jn0ehgkux","previousEventId":"l0dp219mjodx9ya","previousOperationId":"jugnk7umhsknix7"}
{"type":"operationStart","subtype":"recipe","name":"chrome-pdf","timestamp":1704977361597,"id":"iwbe57m5cebj9e3","previousEventId":"at2d80jn0ehgkux","operationId":"aafl3xzgk2yojul","previousOperationId":"jugnk7umhsknix7"}
{"type":"log","timestamp":1704977361597,"level":"debug","message":"Executing recipe chrome-pdf","meta":{"rootId":"xoq7xq8idv7pgba","id":"xoq7xq8idv7pgba"},"id":"hzm8fzn7vi8pfth","previousOperationId":"aafl3xzgk2yojul"}
{"type":"log","timestamp":1704977361600,"level":"debug","message":"Converting with chrome HeadlessChrome/117.0.5938.149 using chrome-pool strategy","meta":{"rootId":"xoq7xq8idv7pgba","id":"xoq7xq8idv7pgba"},"id":"n9r3xecrz52xdbc","previousOperationId":"aafl3xzgk2yojul"}
{"type":"log","timestamp":1704977361687,"level":"debug","message":"Page request: GET (document) file:///C:/Users/Javier/AppData/Local/Temp/jsreport/autocleanup/8d675008-f358-4ee7-b159-355e69192453-chrome-pdf.html","meta":{"rootId":"xoq7xq8idv7pgba","id":"xoq7xq8idv7pgba"},"id":"zdvp4cem4rrqrcc","previousOperationId":"aafl3xzgk2yojul"}
{"type":"log","timestamp":1704977361737,"level":"debug","message":"Page request: GET (stylesheet) https://cdnjs.cloudflare.com/ajax/libs/metro/4.1.5/css/metro.min.css","meta":{"rootId":"xoq7xq8idv7pgba","id":"xoq7xq8idv7pgba"},"id":"1cmpel4ibex5si7","previousOperationId":"aafl3xzgk2yojul"}
{"type":"log","timestamp":1704977361738,"level":"debug","message":"Page request finished: GET (document) 200 file:///C:/Users/Javier/AppData/Local/Temp/jsreport/autocleanup/8d675008-f358-4ee7-b159-355e69192453-chrome-pdf.html","meta":{"rootId":"xoq7xq8idv7pgba","id":"xoq7xq8idv7pgba"},"id":"e28j1n8x8dr1wx7","previousOperationId":"aafl3xzgk2yojul"}
{"type":"log","timestamp":1704977361738,"level":"debug","message":"Page request: GET (script) https://cdnjs.cloudflare.com/ajax/libs/Chart.js/2.7.2/Chart.min.js","meta":{"rootId":"xoq7xq8idv7pgba","id":"xoq7xq8idv7pgba"},"id":"7urje0rd7ibiaxi","previousOperationId":"aafl3xzgk2yojul"}
{"type":"log","timestamp":1704977361980,"level":"debug","message":"Page request finished: GET (stylesheet) 200 https://cdnjs.cloudflare.com/ajax/libs/metro/4.1.5/css/metro.min.css","meta":{"rootId":"xoq7xq8idv7pgba","id":"xoq7xq8idv7pgba"},"id":"p2wiqipdoz7dm2m","previousOperationId":"aafl3xzgk2yojul"}
{"type":"log","timestamp":1704977361980,"level":"debug","message":"Page request finished: GET (script) 200 https://cdnjs.cloudflare.com/ajax/libs/Chart.js/2.7.2/Chart.min.js","meta":{"rootId":"xoq7xq8idv7pgba","id":"xoq7xq8idv7pgba"},"id":"fswgbg71nlnkusn","previousOperationId":"aafl3xzgk2yojul"}
{"type":"log","timestamp":1704977362078,"level":"debug","message":"Running chrome with params {\"printBackground\":true,\"marginTop\":\"4cm\",\"marginRight\":\"1.5cm\",\"marginBottom\":\"1.5cm\",\"marginLeft\":\"1.5cm\",\"waitForJS\":false,\"timeout\":58445,\"margin\":{\"top\":\"4cm\",\"right\":\"1.5cm\",\"bottom\":\"1.5cm\",\"left\":\"1.5cm\"}}","meta":{"rootId":"xoq7xq8idv7pgba","id":"xoq7xq8idv7pgba"},"id":"90nszeqkeoqxlfa","previousOperationId":"aafl3xzgk2yojul"}
{"type":"operationEnd","operationId":"aafl3xzgk2yojul","timestamp":1704977362217,"id":"vlpsa5ry14qm04l","previousEventId":"iwbe57m5cebj9e3","previousOperationId":"aafl3xzgk2yojul"}
{"type":"log","timestamp":1704977362217,"level":"info","message":"pdf-utils is starting pdf processing","meta":{"rootId":"xoq7xq8idv7pgba","id":"xoq7xq8idv7pgba"},"id":"vxrxvnxrt9qw8ck","previousOperationId":"aafl3xzgk2yojul"}
{"type":"operationStart","subtype":"pdfUtils","name":"pdf utils","timestamp":1704977362408,"id":"5xn5g6kdhcaj4a4","previousEventId":"vlpsa5ry14qm04l","operationId":"ger1dwpyrsarifz","previousOperationId":"aafl3xzgk2yojul"}
{"type":"log","timestamp":1704977362408,"level":"debug","message":"pdf-utils detected 1 pdf operation(s) to process","meta":{"rootId":"xoq7xq8idv7pgba","id":"xoq7xq8idv7pgba"},"id":"otwaglk36dt96a4","previousOperationId":"ger1dwpyrsarifz"}
{"type":"log","timestamp":1704977362644,"level":"debug","message":"pdf-utils running pdf operation merge","meta":{"rootId":"xoq7xq8idv7pgba","id":"xoq7xq8idv7pgba"},"id":"banv1wsuy8k7l8p","previousOperationId":"ger1dwpyrsarifz"}
{"type":"operationStart","subtype":"pdfUtilsMerge","name":"pdf utils merge","previousOperationId":"ger1dwpyrsarifz","timestamp":1704977362644,"id":"0j8glkv3vbz9e0q","previousEventId":"5xn5g6kdhcaj4a4","operationId":"dcd2qikka2bqvag"}
{"type":"operationStart","subtype":"render","name":"orders-header","previousOperationId":"dcd2qikka2bqvag","timestamp":1704977362645,"id":"x5qkatdiz0rzdqs","previousEventId":"0j8glkv3vbz9e0q","operationId":"bwiypvvs8zkvhnr"}
{"type":"log","timestamp":1704977362645,"level":"info","message":"Starting rendering (child) request","meta":{"rootId":"xoq7xq8idv7pgba","id":"g17cuuocxdw14kb"},"id":"0t3jgnfc0y5c1y4","previousOperationId":"bwiypvvs8zkvhnr"}
{"type":"log","timestamp":1704977362645,"level":"info","message":"Rendering template { name: orders-header, recipe: chrome-pdf, engine: handlebars, preview: true }","meta":{"rootId":"xoq7xq8idv7pgba","id":"g17cuuocxdw14kb"},"id":"7mebb1s9b1kytp3","previousOperationId":"bwiypvvs8zkvhnr"}
{"type":"log","timestamp":1704977362650,"level":"debug","message":"Inline data specified.","meta":{"rootId":"xoq7xq8idv7pgba","id":"g17cuuocxdw14kb"},"id":"dmhc5aaf783prwm","previousOperationId":"bwiypvvs8zkvhnr"}
{"type":"log","timestamp":1704977362651,"level":"debug","message":"Base url not specified, skipping its injection.","meta":{"rootId":"xoq7xq8idv7pgba","id":"g17cuuocxdw14kb"},"id":"ehx440ouzxxqg0r","previousOperationId":"bwiypvvs8zkvhnr"}
{"type":"operationStart","subtype":"engine","name":"handlebars","timestamp":1704977362651,"id":"9f4xl830uzihne6","previousEventId":"x5qkatdiz0rzdqs","operationId":"xiza4vl05dti811","previousOperationId":"bwiypvvs8zkvhnr"}
{"type":"log","timestamp":1704977362651,"level":"debug","message":"Rendering engine handlebars","meta":{"rootId":"xoq7xq8idv7pgba","id":"g17cuuocxdw14kb"},"id":"t6z9s3lu8jnkwc1","previousOperationId":"xiza4vl05dti811"}
{"type":"operationEnd","operationId":"xiza4vl05dti811","timestamp":1704977362666,"id":"0k0apcogbxrekdd","previousEventId":"9f4xl830uzihne6","previousOperationId":"xiza4vl05dti811"}
{"type":"operationStart","subtype":"recipe","name":"chrome-pdf","timestamp":1704977362666,"id":"zqskpmp2gy2o21g","previousEventId":"0k0apcogbxrekdd","operationId":"g4ltcw8t9tauyyl","previousOperationId":"xiza4vl05dti811"}
{"type":"log","timestamp":1704977362666,"level":"debug","message":"Executing recipe chrome-pdf","meta":{"rootId":"xoq7xq8idv7pgba","id":"g17cuuocxdw14kb"},"id":"m8k6zxx4jr1mf7w","previousOperationId":"g4ltcw8t9tauyyl"}
{"type":"log","timestamp":1704977362668,"level":"debug","message":"Converting with chrome HeadlessChrome/117.0.5938.149 using chrome-pool strategy","meta":{"rootId":"xoq7xq8idv7pgba","id":"g17cuuocxdw14kb"},"id":"rj62hyqsh95l5va","previousOperationId":"g4ltcw8t9tauyyl"}
{"type":"log","timestamp":1704977362821,"level":"debug","message":"Page request: GET (document) file:///C:/Users/Javier/AppData/Local/Temp/jsreport/autocleanup/be43697f-e810-4103-a0d1-7c69cccf4f50-chrome-pdf.html","meta":{"rootId":"xoq7xq8idv7pgba","id":"g17cuuocxdw14kb"},"id":"8gqb3efdi4ub3x5","previousOperationId":"g4ltcw8t9tauyyl"}
{"type":"log","timestamp":1704977362830,"level":"debug","message":"Page request: GET (stylesheet) https://cdnjs.cloudflare.com/ajax/libs/metro/4.1.5/css/metro.min.css","meta":{"rootId":"xoq7xq8idv7pgba","id":"g17cuuocxdw14kb"},"id":"nc4jtunqknkt52v","previousOperationId":"g4ltcw8t9tauyyl"}
{"type":"log","timestamp":1704977362831,"level":"debug","message":"Page request finished: GET (document) 200 file:///C:/Users/Javier/AppData/Local/Temp/jsreport/autocleanup/be43697f-e810-4103-a0d1-7c69cccf4f50-chrome-pdf.html","meta":{"rootId":"xoq7xq8idv7pgba","id":"g17cuuocxdw14kb"},"id":"tsf1c7e9yct4c5m","previousOperationId":"g4ltcw8t9tauyyl"}
{"type":"log","timestamp":1704977362850,"level":"debug","message":"Page request finished: GET (stylesheet) 200 https://cdnjs.cloudflare.com/ajax/libs/metro/4.1.5/css/metro.min.css","meta":{"rootId":"xoq7xq8idv7pgba","id":"g17cuuocxdw14kb"},"id":"acb4k8tgcz8luf2","previousOperationId":"g4ltcw8t9tauyyl"}
{"type":"log","timestamp":1704977362868,"level":"debug","message":"Running chrome with params {\"printBackground\":true,\"marginTop\":\"1.5cm\",\"marginRight\":\"1.5cm\",\"marginLeft\":\"1.cm\",\"timeout\":57377,\"margin\":{\"top\":\"1.5cm\",\"right\":\"1.5cm\",\"left\":\"1.cm\"}}","meta":{"rootId":"xoq7xq8idv7pgba","id":"g17cuuocxdw14kb"},"id":"ivibfwv0shz6b4f","previousOperationId":"g4ltcw8t9tauyyl"}
{"type":"operationEnd","operationId":"g4ltcw8t9tauyyl","timestamp":1704977362915,"id":"le0hsjicexv37dv","previousEventId":"zqskpmp2gy2o21g","previousOperationId":"g4ltcw8t9tauyyl"}
{"type":"log","timestamp":1704977362915,"level":"debug","message":"Skipping storing report.","meta":{"rootId":"xoq7xq8idv7pgba","id":"g17cuuocxdw14kb"},"id":"fh12j84nqphzpnk","previousOperationId":"g4ltcw8t9tauyyl"}
{"type":"log","timestamp":1704977362915,"level":"info","message":"Rendering (child) request finished in 2871 ms","meta":{"rootId":"xoq7xq8idv7pgba","id":"g17cuuocxdw14kb"},"id":"23msi20w36xy4sx","previousOperationId":"g4ltcw8t9tauyyl"}
{"type":"operationEnd","subtype":"render","operationId":"bwiypvvs8zkvhnr","timestamp":1704977362915,"id":"0ipro4xwaxy3o5j","previousEventId":"le0hsjicexv37dv","previousOperationId":"g4ltcw8t9tauyyl"}
{"type":"operationEnd","operationId":"dcd2qikka2bqvag","timestamp":1704977362951,"id":"71hzakdgduqnrnp","previousEventId":"0j8glkv3vbz9e0q","previousOperationId":"dcd2qikka2bqvag"}
{"type":"log","timestamp":1704977362951,"level":"debug","message":"pdf-utils postproces start","meta":{"rootId":"xoq7xq8idv7pgba","id":"xoq7xq8idv7pgba"},"id":"h4uqscaeotd2s3l","previousOperationId":"dcd2qikka2bqvag"}
{"type":"log","timestamp":1704977362984,"level":"debug","message":"pdf-utils postproces end","meta":{"rootId":"xoq7xq8idv7pgba","id":"xoq7xq8idv7pgba"},"id":"4o83d314aqx2tam","previousOperationId":"dcd2qikka2bqvag"}
{"type":"operationEnd","operationId":"ger1dwpyrsarifz","timestamp":1704977362984,"id":"u82j0oezz6zilz1","previousEventId":"71hzakdgduqnrnp","previousOperationId":"dcd2qikka2bqvag"}
{"type":"log","timestamp":1704977362984,"level":"info","message":"pdf-utils pdf processing was finished","meta":{"rootId":"xoq7xq8idv7pgba","id":"xoq7xq8idv7pgba"},"id":"9648k8jcno2qpij","previousOperationId":"ger1dwpyrsarifz"}
{"type":"log","timestamp":1704977362984,"level":"debug","message":"Skipping storing report.","meta":{"rootId":"xoq7xq8idv7pgba","id":"xoq7xq8idv7pgba"},"id":"7gsey0lwfgoeq5d","previousOperationId":"ger1dwpyrsarifz"}
{"type":"log","timestamp":1704977362984,"level":"info","message":"Rendering request 34 finished in 2940 ms","meta":{"rootId":"xoq7xq8idv7pgba","id":"xoq7xq8idv7pgba"},"id":"3n3biwgioxwm4ed","previousOperationId":"ger1dwpyrsarifz"}
{"type":"operationEnd","subtype":"render","operationId":"06q3oebvao3jqad","timestamp":1704977362984,"id":"2l53ju2nhsvpu4b","previousEventId":"u82j0oezz6zilz1","previousOperationId":"ger1dwpyrsarifz"}
{"type":"operationEnd","doDiffs":false,"previousEventId":"zakj54b5t45x1v9","previousOperationId":"as5sh7wozuf7ick","operationId":"as5sh7wozuf7ick","timestamp":1704977362999,"id":"3i6036wrk7vu5zp"}
