{"type":"operationStart","subtype":"profile","data":{"_id":"K0TZdj7uEXA98l24","timestamp":"2024-01-11T12:52:06.984Z","state":"queued","mode":"standard","creationDate":"2024-01-11T12:52:06.986Z","modificationDate":"2024-01-11T12:52:06.986Z","shortid":"VC2KpwT","$entitySet":"profiles"},"doDiffs":false,"timestamp":1704977526985,"id":"psx0m7ck3ua21eg","previousOperationId":null,"operationId":"1wcdovwuhb2cj9c"}
{"type":"log","level":"info","message":"Render request 35 queued for execution and waiting for available worker","previousOperationId":"1wcdovwuhb2cj9c","timestamp":1704977526985,"id":"i30wnwdjxh9giod"}
{"type":"operationStart","subtype":"render","name":"orders-main","previousOperationId":"1wcdovwuhb2cj9c","timestamp":1704977526993,"id":"gvb26t5j5xbioe3","previousEventId":"psx0m7ck3ua21eg","operationId":"1542iilyzhzv2qy"}
{"type":"log","timestamp":1704977526993,"level":"info","message":"Starting rendering request 35","meta":{"rootId":"yb9fkwy2ivx7rzg","id":"yb9fkwy2ivx7rzg"},"id":"7iyc1qb94139o1c","previousOperationId":"1542iilyzhzv2qy"}
{"type":"log","timestamp":1704977526993,"level":"info","message":"Rendering template { name: orders-main, recipe: chrome-pdf, engine: handlebars, preview: true }","meta":{"rootId":"yb9fkwy2ivx7rzg","id":"yb9fkwy2ivx7rzg"},"id":"y13fcoafmhh1g60","previousOperationId":"1542iilyzhzv2qy"}
{"type":"log","timestamp":1704977526994,"level":"debug","message":"Data item not defined for this template.","meta":{"rootId":"yb9fkwy2ivx7rzg","id":"yb9fkwy2ivx7rzg"},"id":"llkpc38l2fjzv49","previousOperationId":"1542iilyzhzv2qy"}
{"type":"log","timestamp":1704977526995,"level":"debug","message":"Executing script orders-script (beforeRender)","meta":{"rootId":"yb9fkwy2ivx7rzg","id":"yb9fkwy2ivx7rzg"},"id":"fo2buz8wd3sc2w3","previousOperationId":"1542iilyzhzv2qy"}
{"type":"operationStart","subtype":"scriptsBeforeRender","name":"scripts beforeRender","timestamp":1704977527010,"id":"gcsksh1z7ii141x","previousEventId":"gvb26t5j5xbioe3","operationId":"60f7wpadgfl40o0","previousOperationId":"1542iilyzhzv2qy"}
{"type":"operationStart","subtype":"script","name":"scripts orders-script","previousOperationId":"60f7wpadgfl40o0","timestamp":1704977527010,"id":"6c02jergczupzaw","previousEventId":"gcsksh1z7ii141x","operationId":"cp1d8jbgeo1m3tz"}
{"type":"log","timestamp":1704977528589,"level":"debug","message":"(console:log) aaaaaaaaaaaaaaaaaaaaaaaaaaaaaaaaaaa","meta":{"userLevel":true,"rootId":"yb9fkwy2ivx7rzg","id":"yb9fkwy2ivx7rzg"},"id":"nd5lcj1jjvvaors","previousOperationId":"cp1d8jbgeo1m3tz"}
{"type":"operationEnd","operationId":"cp1d8jbgeo1m3tz","timestamp":1704977528589,"id":"qdg5v30d6ggz6hj","previousEventId":"gvb26t5j5xbioe3","previousOperationId":"1542iilyzhzv2qy"}
{"type":"operationEnd","operationId":"60f7wpadgfl40o0","timestamp":1704977528589,"id":"92ryq60ucqvoolq","previousEventId":"qdg5v30d6ggz6hj","previousOperationId":"1542iilyzhzv2qy"}
{"type":"log","timestamp":1704977528589,"level":"debug","message":"Base url not specified, skipping its injection.","meta":{"rootId":"yb9fkwy2ivx7rzg","id":"yb9fkwy2ivx7rzg"},"id":"w8qs5z3jpr6zq58","previousOperationId":"60f7wpadgfl40o0"}
{"type":"operationStart","subtype":"engine","name":"handlebars","timestamp":1704977528589,"id":"c36l47fl1nhhep6","previousEventId":"92ryq60ucqvoolq","operationId":"hra5pwb4e9rzlyr","previousOperationId":"60f7wpadgfl40o0"}
{"type":"log","timestamp":1704977528589,"level":"debug","message":"Rendering engine handlebars","meta":{"rootId":"yb9fkwy2ivx7rzg","id":"yb9fkwy2ivx7rzg"},"id":"0axev5o66g6uo4h","previousOperationId":"hra5pwb4e9rzlyr"}
{"type":"log","timestamp":1704977528598,"level":"debug","message":"(console:log) Pdf utils adding group field, value: \"France\"","meta":{"userLevel":true,"rootId":"yb9fkwy2ivx7rzg","id":"yb9fkwy2ivx7rzg"},"id":"x5xe33uzgmz49yh","previousOperationId":"hra5pwb4e9rzlyr"}
{"type":"log","timestamp":1704977528598,"level":"debug","message":"(console:log) Pdf utils adding group field, value: \"Germany\"","meta":{"userLevel":true,"rootId":"yb9fkwy2ivx7rzg","id":"yb9fkwy2ivx7rzg"},"id":"cmvp0go00g3n3k2","previousOperationId":"hra5pwb4e9rzlyr"}
{"type":"operationEnd","operationId":"hra5pwb4e9rzlyr","timestamp":1704977528599,"id":"l93xkektza9dmq2","previousEventId":"c36l47fl1nhhep6","previousOperationId":"hra5pwb4e9rzlyr"}
{"type":"operationStart","subtype":"recipe","name":"chrome-pdf","timestamp":1704977528599,"id":"hzpi7iob2hqcujd","previousEventId":"l93xkektza9dmq2","operationId":"2f9rsiotk8zqp9y","previousOperationId":"hra5pwb4e9rzlyr"}
{"type":"log","timestamp":1704977528599,"level":"debug","message":"Executing recipe chrome-pdf","meta":{"rootId":"yb9fkwy2ivx7rzg","id":"yb9fkwy2ivx7rzg"},"id":"kg0m3267qlprqvj","previousOperationId":"2f9rsiotk8zqp9y"}
{"type":"log","timestamp":1704977528601,"level":"debug","message":"Converting with chrome HeadlessChrome/117.0.5938.149 using chrome-pool strategy","meta":{"rootId":"yb9fkwy2ivx7rzg","id":"yb9fkwy2ivx7rzg"},"id":"9vq3pqqax76uido","previousOperationId":"2f9rsiotk8zqp9y"}
{"type":"log","timestamp":1704977528675,"level":"debug","message":"Page request: GET (document) file:///C:/Users/Javier/AppData/Local/Temp/jsreport/autocleanup/ff438d52-23e3-4cae-9f42-ad80ca0edd73-chrome-pdf.html","meta":{"rootId":"yb9fkwy2ivx7rzg","id":"yb9fkwy2ivx7rzg"},"id":"qoz740f2cl85r9p","previousOperationId":"2f9rsiotk8zqp9y"}
{"type":"log","timestamp":1704977528714,"level":"debug","message":"Page request: GET (stylesheet) https://cdnjs.cloudflare.com/ajax/libs/metro/4.1.5/css/metro.min.css","meta":{"rootId":"yb9fkwy2ivx7rzg","id":"yb9fkwy2ivx7rzg"},"id":"n1fnkuj8pp1k5ep","previousOperationId":"2f9rsiotk8zqp9y"}
{"type":"log","timestamp":1704977528714,"level":"debug","message":"Page request: GET (script) https://cdnjs.cloudflare.com/ajax/libs/Chart.js/2.7.2/Chart.min.js","meta":{"rootId":"yb9fkwy2ivx7rzg","id":"yb9fkwy2ivx7rzg"},"id":"ko5sq61j0fp6xra","previousOperationId":"2f9rsiotk8zqp9y"}
{"type":"log","timestamp":1704977528714,"level":"debug","message":"Page request finished: GET (document) 200 file:///C:/Users/Javier/AppData/Local/Temp/jsreport/autocleanup/ff438d52-23e3-4cae-9f42-ad80ca0edd73-chrome-pdf.html","meta":{"rootId":"yb9fkwy2ivx7rzg","id":"yb9fkwy2ivx7rzg"},"id":"grj9ukcg2mfo0za","previousOperationId":"2f9rsiotk8zqp9y"}
{"type":"log","timestamp":1704977528730,"level":"debug","message":"Page request finished: GET (stylesheet) 200 https://cdnjs.cloudflare.com/ajax/libs/metro/4.1.5/css/metro.min.css","meta":{"rootId":"yb9fkwy2ivx7rzg","id":"yb9fkwy2ivx7rzg"},"id":"07dmtpe1ds9ygln","previousOperationId":"2f9rsiotk8zqp9y"}
{"type":"log","timestamp":1704977528730,"level":"debug","message":"Page request finished: GET (script) 200 https://cdnjs.cloudflare.com/ajax/libs/Chart.js/2.7.2/Chart.min.js","meta":{"rootId":"yb9fkwy2ivx7rzg","id":"yb9fkwy2ivx7rzg"},"id":"h06vxzxj6zz2ue7","previousOperationId":"2f9rsiotk8zqp9y"}
{"type":"log","timestamp":1704977528790,"level":"debug","message":"Running chrome with params {\"printBackground\":true,\"marginTop\":\"4cm\",\"marginRight\":\"1.5cm\",\"marginBottom\":\"1.5cm\",\"marginLeft\":\"1.5cm\",\"waitForJS\":false,\"timeout\":58383,\"margin\":{\"top\":\"4cm\",\"right\":\"1.5cm\",\"bottom\":\"1.5cm\",\"left\":\"1.5cm\"}}","meta":{"rootId":"yb9fkwy2ivx7rzg","id":"yb9fkwy2ivx7rzg"},"id":"1esb1wzyjgk0pun","previousOperationId":"2f9rsiotk8zqp9y"}
{"type":"operationEnd","operationId":"2f9rsiotk8zqp9y","timestamp":1704977528917,"id":"vucpma2278d3ggz","previousEventId":"hzpi7iob2hqcujd","previousOperationId":"2f9rsiotk8zqp9y"}
{"type":"log","timestamp":1704977528917,"level":"info","message":"pdf-utils is starting pdf processing","meta":{"rootId":"yb9fkwy2ivx7rzg","id":"yb9fkwy2ivx7rzg"},"id":"c7wgpn0upn2vxkn","previousOperationId":"2f9rsiotk8zqp9y"}
{"type":"operationStart","subtype":"pdfUtils","name":"pdf utils","timestamp":1704977528918,"id":"ckmvntvhrp57bwc","previousEventId":"vucpma2278d3ggz","operationId":"pz7y27wqdszbwvs","previousOperationId":"2f9rsiotk8zqp9y"}
{"type":"log","timestamp":1704977528918,"level":"debug","message":"pdf-utils detected 1 pdf operation(s) to process","meta":{"rootId":"yb9fkwy2ivx7rzg","id":"yb9fkwy2ivx7rzg"},"id":"eifbrg0ili4hnza","previousOperationId":"pz7y27wqdszbwvs"}
{"type":"log","timestamp":1704977528985,"level":"debug","message":"pdf-utils running pdf operation merge","meta":{"rootId":"yb9fkwy2ivx7rzg","id":"yb9fkwy2ivx7rzg"},"id":"z1th3t2axj9mskh","previousOperationId":"pz7y27wqdszbwvs"}
{"type":"operationStart","subtype":"pdfUtilsMerge","name":"pdf utils merge","previousOperationId":"pz7y27wqdszbwvs","timestamp":1704977528985,"id":"wkxhbc7065c71eg","previousEventId":"ckmvntvhrp57bwc","operationId":"1a3nj3aye8t569f"}
{"type":"operationStart","subtype":"render","name":"orders-header","previousOperationId":"1a3nj3aye8t569f","timestamp":1704977528986,"id":"h45ql3muuxnjfeq","previousEventId":"wkxhbc7065c71eg","operationId":"fv6wsawt4kqco45"}
{"type":"log","timestamp":1704977528986,"level":"info","message":"Starting rendering (child) request","meta":{"rootId":"yb9fkwy2ivx7rzg","id":"rgsglx4j8a5a7hm"},"id":"gqr9hz5sug95mxo","previousOperationId":"fv6wsawt4kqco45"}
{"type":"log","timestamp":1704977528986,"level":"info","message":"Rendering template { name: orders-header, recipe: chrome-pdf, engine: handlebars, preview: true }","meta":{"rootId":"yb9fkwy2ivx7rzg","id":"rgsglx4j8a5a7hm"},"id":"5co1te05avy1u6o","previousOperationId":"fv6wsawt4kqco45"}
{"type":"log","timestamp":1704977528987,"level":"debug","message":"Inline data specified.","meta":{"rootId":"yb9fkwy2ivx7rzg","id":"rgsglx4j8a5a7hm"},"id":"bz46teil4z31jyi","previousOperationId":"fv6wsawt4kqco45"}
{"type":"log","timestamp":1704977528988,"level":"debug","message":"Base url not specified, skipping its injection.","meta":{"rootId":"yb9fkwy2ivx7rzg","id":"rgsglx4j8a5a7hm"},"id":"wndon2suqzjak49","previousOperationId":"fv6wsawt4kqco45"}
{"type":"operationStart","subtype":"engine","name":"handlebars","timestamp":1704977528988,"id":"9hgt9zvvaayzjid","previousEventId":"h45ql3muuxnjfeq","operationId":"x1ogoqr0kvpreha","previousOperationId":"fv6wsawt4kqco45"}
{"type":"log","timestamp":1704977528988,"level":"debug","message":"Rendering engine handlebars","meta":{"rootId":"yb9fkwy2ivx7rzg","id":"rgsglx4j8a5a7hm"},"id":"k1eh29yp6nqgvxo","previousOperationId":"x1ogoqr0kvpreha"}
{"type":"operationEnd","operationId":"x1ogoqr0kvpreha","timestamp":1704977529001,"id":"c7f9ti7rlz63mvj","previousEventId":"9hgt9zvvaayzjid","previousOperationId":"x1ogoqr0kvpreha"}
{"type":"operationStart","subtype":"recipe","name":"chrome-pdf","timestamp":1704977529001,"id":"uy04lvxgxw9f7pb","previousEventId":"c7f9ti7rlz63mvj","operationId":"01mbdx3jhdis10x","previousOperationId":"x1ogoqr0kvpreha"}
{"type":"log","timestamp":1704977529001,"level":"debug","message":"Executing recipe chrome-pdf","meta":{"rootId":"yb9fkwy2ivx7rzg","id":"rgsglx4j8a5a7hm"},"id":"azu74vpse2anpp5","previousOperationId":"01mbdx3jhdis10x"}
{"type":"log","timestamp":1704977529004,"level":"debug","message":"Converting with chrome HeadlessChrome/117.0.5938.149 using chrome-pool strategy","meta":{"rootId":"yb9fkwy2ivx7rzg","id":"rgsglx4j8a5a7hm"},"id":"y6jpm44x79dv9yn","previousOperationId":"01mbdx3jhdis10x"}
{"type":"log","timestamp":1704977529074,"level":"debug","message":"Page request: GET (document) file:///C:/Users/Javier/AppData/Local/Temp/jsreport/autocleanup/96c8595c-4846-4057-86a4-a4ec3c284a50-chrome-pdf.html","meta":{"rootId":"yb9fkwy2ivx7rzg","id":"rgsglx4j8a5a7hm"},"id":"3sq7w4bplwcfeb7","previousOperationId":"01mbdx3jhdis10x"}
{"type":"log","timestamp":1704977529082,"level":"debug","message":"Page request: GET (stylesheet) https://cdnjs.cloudflare.com/ajax/libs/metro/4.1.5/css/metro.min.css","meta":{"rootId":"yb9fkwy2ivx7rzg","id":"rgsglx4j8a5a7hm"},"id":"7a2wvxpyiue85an","previousOperationId":"01mbdx3jhdis10x"}
{"type":"log","timestamp":1704977529082,"level":"debug","message":"Page request finished: GET (document) 200 file:///C:/Users/Javier/AppData/Local/Temp/jsreport/autocleanup/96c8595c-4846-4057-86a4-a4ec3c284a50-chrome-pdf.html","meta":{"rootId":"yb9fkwy2ivx7rzg","id":"rgsglx4j8a5a7hm"},"id":"t95lmmui8x2m6dw","previousOperationId":"01mbdx3jhdis10x"}
{"type":"log","timestamp":1704977529100,"level":"debug","message":"Page request finished: GET (stylesheet) 200 https://cdnjs.cloudflare.com/ajax/libs/metro/4.1.5/css/metro.min.css","meta":{"rootId":"yb9fkwy2ivx7rzg","id":"rgsglx4j8a5a7hm"},"id":"43rbmtb1ln46ste","previousOperationId":"01mbdx3jhdis10x"}
{"type":"log","timestamp":1704977529117,"level":"debug","message":"Running chrome with params {\"printBackground\":true,\"marginTop\":\"1.5cm\",\"marginRight\":\"1.5cm\",\"marginLeft\":\"1.cm\",\"timeout\":57981,\"margin\":{\"top\":\"1.5cm\",\"right\":\"1.5cm\",\"left\":\"1.cm\"}}","meta":{"rootId":"yb9fkwy2ivx7rzg","id":"rgsglx4j8a5a7hm"},"id":"1uwpcybfjommj21","previousOperationId":"01mbdx3jhdis10x"}
{"type":"operationEnd","operationId":"01mbdx3jhdis10x","timestamp":1704977529151,"id":"cr5tpovxj9j0kg2","previousEventId":"uy04lvxgxw9f7pb","previousOperationId":"01mbdx3jhdis10x"}
{"type":"log","timestamp":1704977529151,"level":"debug","message":"Skipping storing report.","meta":{"rootId":"yb9fkwy2ivx7rzg","id":"rgsglx4j8a5a7hm"},"id":"z1fh0y0eo0nbos1","previousOperationId":"01mbdx3jhdis10x"}
{"type":"log","timestamp":1704977529151,"level":"info","message":"Rendering (child) request finished in 2167 ms","meta":{"rootId":"yb9fkwy2ivx7rzg","id":"rgsglx4j8a5a7hm"},"id":"7jfhu6e5comuopm","previousOperationId":"01mbdx3jhdis10x"}
{"type":"operationEnd","subtype":"render","operationId":"fv6wsawt4kqco45","timestamp":1704977529151,"id":"rzduskp625h2u22","previousEventId":"cr5tpovxj9j0kg2","previousOperationId":"01mbdx3jhdis10x"}
{"type":"operationEnd","operationId":"1a3nj3aye8t569f","timestamp":1704977529173,"id":"cociwsx7ydzec1g","previousEventId":"wkxhbc7065c71eg","previousOperationId":"1a3nj3aye8t569f"}
{"type":"log","timestamp":1704977529173,"level":"debug","message":"pdf-utils postproces start","meta":{"rootId":"yb9fkwy2ivx7rzg","id":"yb9fkwy2ivx7rzg"},"id":"un8swbonf20e062","previousOperationId":"1a3nj3aye8t569f"}
{"type":"log","timestamp":1704977529203,"level":"debug","message":"pdf-utils postproces end","meta":{"rootId":"yb9fkwy2ivx7rzg","id":"yb9fkwy2ivx7rzg"},"id":"ljv80dsekt71mpz","previousOperationId":"1a3nj3aye8t569f"}
{"type":"operationEnd","operationId":"pz7y27wqdszbwvs","timestamp":1704977529203,"id":"m6dmluab6xwac04","previousEventId":"cociwsx7ydzec1g","previousOperationId":"1a3nj3aye8t569f"}
{"type":"log","timestamp":1704977529203,"level":"info","message":"pdf-utils pdf processing was finished","meta":{"rootId":"yb9fkwy2ivx7rzg","id":"yb9fkwy2ivx7rzg"},"id":"7d6tyf55rx6bbzj","previousOperationId":"pz7y27wqdszbwvs"}
{"type":"log","timestamp":1704977529203,"level":"debug","message":"Skipping storing report.","meta":{"rootId":"yb9fkwy2ivx7rzg","id":"yb9fkwy2ivx7rzg"},"id":"078uet6u59cxggt","previousOperationId":"pz7y27wqdszbwvs"}
{"type":"log","timestamp":1704977529203,"level":"info","message":"Rendering request 35 finished in 2219 ms","meta":{"rootId":"yb9fkwy2ivx7rzg","id":"yb9fkwy2ivx7rzg"},"id":"k53cn7mc3go37yn","previousOperationId":"pz7y27wqdszbwvs"}
{"type":"operationEnd","subtype":"render","operationId":"1542iilyzhzv2qy","timestamp":1704977529203,"id":"wvk1du0jgzjvpe5","previousEventId":"m6dmluab6xwac04","previousOperationId":"pz7y27wqdszbwvs"}
{"type":"operationEnd","doDiffs":false,"previousEventId":"psx0m7ck3ua21eg","previousOperationId":"1wcdovwuhb2cj9c","operationId":"1wcdovwuhb2cj9c","timestamp":1704977529211,"id":"5j62qvag9k0d3cy"}
