{"type":"operationStart","subtype":"profile","data":{"_id":"Svf37s6w6d7Yrxmg","timestamp":"2024-01-11T15:11:36.428Z","state":"queued","mode":"standard","creationDate":"2024-01-11T15:11:36.431Z","modificationDate":"2024-01-11T15:11:36.431Z","shortid":"tF4bPyD","$entitySet":"profiles"},"doDiffs":false,"timestamp":1704985896430,"id":"ax3yvt5tbejdrwk","previousOperationId":null,"operationId":"p467qawh6ry5c8x"}
{"type":"log","level":"info","message":"Render request 1 queued for execution and waiting for available worker","previousOperationId":"p467qawh6ry5c8x","timestamp":1704985896430,"id":"rx4g3qvoquka4s3"}
{"type":"operationStart","subtype":"render","name":"orders-main","previousOperationId":"p467qawh6ry5c8x","timestamp":1704985896451,"id":"xhtsx3n7znq455s","previousEventId":"ax3yvt5tbejdrwk","operationId":"pk30djbg4l4cpv7"}
{"type":"log","timestamp":1704985896452,"level":"info","message":"Starting rendering request 1","meta":{"rootId":"yrdh02e3bnkcatn","id":"yrdh02e3bnkcatn"},"id":"m0xoba4ujdotyka","previousOperationId":"pk30djbg4l4cpv7"}
{"type":"log","timestamp":1704985896452,"level":"info","message":"Rendering template { name: orders-main, recipe: chrome-pdf, engine: handlebars, preview: false }","meta":{"rootId":"yrdh02e3bnkcatn","id":"yrdh02e3bnkcatn"},"id":"zpbr7ho0cyymkx4","previousOperationId":"pk30djbg4l4cpv7"}
{"type":"log","timestamp":1704985896455,"level":"debug","message":"Inline data specified.","meta":{"rootId":"yrdh02e3bnkcatn","id":"yrdh02e3bnkcatn"},"id":"0n1hbbslo921ab2","previousOperationId":"pk30djbg4l4cpv7"}
{"type":"log","timestamp":1704985896458,"level":"debug","message":"Executing script orders-script (beforeRender)","meta":{"rootId":"yrdh02e3bnkcatn","id":"yrdh02e3bnkcatn"},"id":"pkp7dbf3awiwp2b","previousOperationId":"pk30djbg4l4cpv7"}
{"type":"operationStart","subtype":"scriptsBeforeRender","name":"scripts beforeRender","timestamp":1704985896730,"id":"776slf138i9iqdl","previousEventId":"xhtsx3n7znq455s","operationId":"ve09w2sejlko93x","previousOperationId":"pk30djbg4l4cpv7"}
{"type":"operationStart","subtype":"script","name":"scripts orders-script","previousOperationId":"ve09w2sejlko93x","timestamp":1704985896730,"id":"xxgnu1pu3ezn4ak","previousEventId":"776slf138i9iqdl","operationId":"i0uy9xc45nscyh5"}
{"type":"operationEnd","operationId":"i0uy9xc45nscyh5","timestamp":1704985898590,"id":"gjxjxiwk0r4dvgd","previousEventId":"xhtsx3n7znq455s","previousOperationId":"pk30djbg4l4cpv7"}
{"type":"operationEnd","operationId":"ve09w2sejlko93x","timestamp":1704985898590,"id":"9in4qhghpfrs3jo","previousEventId":"gjxjxiwk0r4dvgd","previousOperationId":"pk30djbg4l4cpv7"}
{"type":"log","timestamp":1704985898590,"level":"debug","message":"Base url not specified, skipping its injection.","meta":{"rootId":"yrdh02e3bnkcatn","id":"yrdh02e3bnkcatn"},"id":"yrfbqb8g246mlc2","previousOperationId":"ve09w2sejlko93x"}
{"type":"operationStart","subtype":"engine","name":"handlebars","timestamp":1704985898591,"id":"l20p8brd0teeteq","previousEventId":"9in4qhghpfrs3jo","operationId":"x671jm90e6x8qjo","previousOperationId":"ve09w2sejlko93x"}
{"type":"log","timestamp":1704985898591,"level":"debug","message":"Rendering engine handlebars","meta":{"rootId":"yrdh02e3bnkcatn","id":"yrdh02e3bnkcatn"},"id":"f6pglwjy8illw9n","previousOperationId":"x671jm90e6x8qjo"}
{"type":"log","timestamp":1704985898855,"level":"debug","message":"(console:log) Pdf utils adding group field, value: \"France\"","meta":{"userLevel":true,"rootId":"yrdh02e3bnkcatn","id":"yrdh02e3bnkcatn"},"id":"ar1jk1u0mu58d95","previousOperationId":"x671jm90e6x8qjo"}
{"type":"log","timestamp":1704985898855,"level":"debug","message":"(console:log) Pdf utils adding group field, value: \"Germany\"","meta":{"userLevel":true,"rootId":"yrdh02e3bnkcatn","id":"yrdh02e3bnkcatn"},"id":"w3gbpqnl20zcoan","previousOperationId":"x671jm90e6x8qjo"}
{"type":"operationEnd","operationId":"x671jm90e6x8qjo","timestamp":1704985898855,"id":"3uz21zitx1jtsf6","previousEventId":"l20p8brd0teeteq","previousOperationId":"x671jm90e6x8qjo"}
{"type":"operationStart","subtype":"recipe","name":"chrome-pdf","timestamp":1704985898856,"id":"35evdjns5j41dtn","previousEventId":"3uz21zitx1jtsf6","operationId":"d9gzolnhlkh9dgb","previousOperationId":"x671jm90e6x8qjo"}
{"type":"log","timestamp":1704985898856,"level":"debug","message":"Executing recipe chrome-pdf","meta":{"rootId":"yrdh02e3bnkcatn","id":"yrdh02e3bnkcatn"},"id":"fus71yc1n99q3fw","previousOperationId":"d9gzolnhlkh9dgb"}
{"type":"log","timestamp":1704985899341,"level":"debug","message":"Converting with chrome HeadlessChrome/117.0.5938.149 using chrome-pool strategy","meta":{"rootId":"yrdh02e3bnkcatn","id":"yrdh02e3bnkcatn"},"id":"iit0lmqc5g22t7m","previousOperationId":"d9gzolnhlkh9dgb"}
{"type":"log","timestamp":1704985900215,"level":"debug","message":"Page request: GET (document) file:///C:/Users/Javier/AppData/Local/Temp/jsreport/autocleanup/cc853215-2b09-4678-9eb6-d19f95089c02-chrome-pdf.html","meta":{"rootId":"yrdh02e3bnkcatn","id":"yrdh02e3bnkcatn"},"id":"l4ljrcp71pr6444","previousOperationId":"d9gzolnhlkh9dgb"}
{"type":"log","timestamp":1704985900247,"level":"debug","message":"Page request: GET (stylesheet) https://cdnjs.cloudflare.com/ajax/libs/metro/4.1.5/css/metro.min.css","meta":{"rootId":"yrdh02e3bnkcatn","id":"yrdh02e3bnkcatn"},"id":"3h7i8rprc2hjrek","previousOperationId":"d9gzolnhlkh9dgb"}
{"type":"log","timestamp":1704985900247,"level":"debug","message":"Page request: GET (script) https://cdnjs.cloudflare.com/ajax/libs/Chart.js/2.7.2/Chart.min.js","meta":{"rootId":"yrdh02e3bnkcatn","id":"yrdh02e3bnkcatn"},"id":"x1bta0bd2ulboy6","previousOperationId":"d9gzolnhlkh9dgb"}
{"type":"log","timestamp":1704985900248,"level":"debug","message":"Page request finished: GET (document) 200 file:///C:/Users/Javier/AppData/Local/Temp/jsreport/autocleanup/cc853215-2b09-4678-9eb6-d19f95089c02-chrome-pdf.html","meta":{"rootId":"yrdh02e3bnkcatn","id":"yrdh02e3bnkcatn"},"id":"dfrj1edjec8c0ep","previousOperationId":"d9gzolnhlkh9dgb"}
{"type":"log","timestamp":1704985902880,"level":"debug","message":"Page request finished: GET (script) 200 https://cdnjs.cloudflare.com/ajax/libs/Chart.js/2.7.2/Chart.min.js","meta":{"rootId":"yrdh02e3bnkcatn","id":"yrdh02e3bnkcatn"},"id":"0umg5nwyugyfvnk","previousOperationId":"d9gzolnhlkh9dgb"}
{"type":"log","timestamp":1704985902899,"level":"debug","message":"Page request finished: GET (stylesheet) 200 https://cdnjs.cloudflare.com/ajax/libs/metro/4.1.5/css/metro.min.css","meta":{"rootId":"yrdh02e3bnkcatn","id":"yrdh02e3bnkcatn"},"id":"8idynu0tse51osz","previousOperationId":"d9gzolnhlkh9dgb"}
{"type":"log","timestamp":1704985902950,"level":"debug","message":"Running chrome with params {\"printBackground\":true,\"marginTop\":\"4cm\",\"marginRight\":\"1.5cm\",\"marginBottom\":\"1.5cm\",\"marginLeft\":\"1.5cm\",\"waitForJS\":false,\"timeout\":57249,\"margin\":{\"top\":\"4cm\",\"right\":\"1.5cm\",\"bottom\":\"1.5cm\",\"left\":\"1.5cm\"}}","meta":{"rootId":"yrdh02e3bnkcatn","id":"yrdh02e3bnkcatn"},"id":"gw975l2nppx7ytq","previousOperationId":"d9gzolnhlkh9dgb"}
{"type":"operationEnd","operationId":"d9gzolnhlkh9dgb","timestamp":1704985903126,"id":"ot3vk8k5sm06i8f","previousEventId":"35evdjns5j41dtn","previousOperationId":"d9gzolnhlkh9dgb"}
{"type":"log","timestamp":1704985903127,"level":"info","message":"pdf-utils is starting pdf processing","meta":{"rootId":"yrdh02e3bnkcatn","id":"yrdh02e3bnkcatn"},"id":"y9sdzqru9t96mvt","previousOperationId":"d9gzolnhlkh9dgb"}
{"type":"operationStart","subtype":"pdfUtils","name":"pdf utils","timestamp":1704985903329,"id":"tu7qx2fv95i6s9c","previousEventId":"ot3vk8k5sm06i8f","operationId":"c7hz7cbadkrq1ps","previousOperationId":"d9gzolnhlkh9dgb"}
{"type":"log","timestamp":1704985903329,"level":"debug","message":"pdf-utils detected 1 pdf operation(s) to process","meta":{"rootId":"yrdh02e3bnkcatn","id":"yrdh02e3bnkcatn"},"id":"yfzk5srva519zt8","previousOperationId":"c7hz7cbadkrq1ps"}
{"type":"log","timestamp":1704985903585,"level":"debug","message":"pdf-utils running pdf operation merge","meta":{"rootId":"yrdh02e3bnkcatn","id":"yrdh02e3bnkcatn"},"id":"1rxq2w1kiiooesv","previousOperationId":"c7hz7cbadkrq1ps"}
{"type":"operationStart","subtype":"pdfUtilsMerge","name":"pdf utils merge","previousOperationId":"c7hz7cbadkrq1ps","timestamp":1704985903585,"id":"muy1e103d4cl7fa","previousEventId":"tu7qx2fv95i6s9c","operationId":"pxww6sw0c9kn063"}
{"type":"operationStart","subtype":"render","name":"orders-header","previousOperationId":"pxww6sw0c9kn063","timestamp":1704985903589,"id":"0b2qdtf6cv5qtfl","previousEventId":"muy1e103d4cl7fa","operationId":"loto28m67jt4vno"}
{"type":"log","timestamp":1704985903590,"level":"info","message":"Starting rendering (child) request","meta":{"rootId":"yrdh02e3bnkcatn","id":"avswrioscjgauih"},"id":"zgop6okmt1f3bjz","previousOperationId":"loto28m67jt4vno"}
{"type":"log","timestamp":1704985903590,"level":"info","message":"Rendering template { name: orders-header, recipe: chrome-pdf, engine: handlebars, preview: false }","meta":{"rootId":"yrdh02e3bnkcatn","id":"avswrioscjgauih"},"id":"ivu45tsm67y1zld","previousOperationId":"loto28m67jt4vno"}
{"type":"log","timestamp":1704985903593,"level":"debug","message":"Inline data specified.","meta":{"rootId":"yrdh02e3bnkcatn","id":"avswrioscjgauih"},"id":"3gak9vm053m5sgf","previousOperationId":"loto28m67jt4vno"}
{"type":"log","timestamp":1704985903600,"level":"debug","message":"Base url not specified, skipping its injection.","meta":{"rootId":"yrdh02e3bnkcatn","id":"avswrioscjgauih"},"id":"hu352khpakwufk6","previousOperationId":"loto28m67jt4vno"}
{"type":"operationStart","subtype":"engine","name":"handlebars","timestamp":1704985903600,"id":"r8fxezi9jrat11l","previousEventId":"0b2qdtf6cv5qtfl","operationId":"ed2h9jt3skswmjg","previousOperationId":"loto28m67jt4vno"}
{"type":"log","timestamp":1704985903600,"level":"debug","message":"Rendering engine handlebars","meta":{"rootId":"yrdh02e3bnkcatn","id":"avswrioscjgauih"},"id":"vkr64h4yj4txgzo","previousOperationId":"ed2h9jt3skswmjg"}
{"type":"operationEnd","operationId":"ed2h9jt3skswmjg","timestamp":1704985903651,"id":"g5liik7h8ap7mlp","previousEventId":"r8fxezi9jrat11l","previousOperationId":"ed2h9jt3skswmjg"}
{"type":"operationStart","subtype":"recipe","name":"chrome-pdf","timestamp":1704985903652,"id":"2ib12l9jyzbavtp","previousEventId":"g5liik7h8ap7mlp","operationId":"lcf0wmj8tsl217e","previousOperationId":"ed2h9jt3skswmjg"}
{"type":"log","timestamp":1704985903652,"level":"debug","message":"Executing recipe chrome-pdf","meta":{"rootId":"yrdh02e3bnkcatn","id":"avswrioscjgauih"},"id":"uw8u9qnvahgbmg6","previousOperationId":"lcf0wmj8tsl217e"}
{"type":"log","timestamp":1704985903654,"level":"debug","message":"Converting with chrome HeadlessChrome/117.0.5938.149 using chrome-pool strategy","meta":{"rootId":"yrdh02e3bnkcatn","id":"avswrioscjgauih"},"id":"aqewrmry4d6mj32","previousOperationId":"lcf0wmj8tsl217e"}
{"type":"log","timestamp":1704985903732,"level":"debug","message":"Page request: GET (document) file:///C:/Users/Javier/AppData/Local/Temp/jsreport/autocleanup/09610200-782c-4f79-86dc-846fa43b2d5d-chrome-pdf.html","meta":{"rootId":"yrdh02e3bnkcatn","id":"avswrioscjgauih"},"id":"awah5dyaesd6slb","previousOperationId":"lcf0wmj8tsl217e"}
{"type":"log","timestamp":1704985903748,"level":"debug","message":"Page request: GET (stylesheet) https://cdnjs.cloudflare.com/ajax/libs/metro/4.1.5/css/metro.min.css","meta":{"rootId":"yrdh02e3bnkcatn","id":"avswrioscjgauih"},"id":"39iocjkmiogt61p","previousOperationId":"lcf0wmj8tsl217e"}
{"type":"log","timestamp":1704985903748,"level":"debug","message":"Page request finished: GET (document) 200 file:///C:/Users/Javier/AppData/Local/Temp/jsreport/autocleanup/09610200-782c-4f79-86dc-846fa43b2d5d-chrome-pdf.html","meta":{"rootId":"yrdh02e3bnkcatn","id":"avswrioscjgauih"},"id":"4syux2h8bwmloma","previousOperationId":"lcf0wmj8tsl217e"}
{"type":"log","timestamp":1704985903764,"level":"debug","message":"Page request finished: GET (stylesheet) 200 https://cdnjs.cloudflare.com/ajax/libs/metro/4.1.5/css/metro.min.css","meta":{"rootId":"yrdh02e3bnkcatn","id":"avswrioscjgauih"},"id":"taf6vdn9fd438cj","previousOperationId":"lcf0wmj8tsl217e"}
{"type":"log","timestamp":1704985903779,"level":"debug","message":"Running chrome with params {\"printBackground\":true,\"marginTop\":\"1.5cm\",\"marginRight\":\"1.5cm\",\"marginLeft\":\"1.cm\",\"timeout\":52775,\"margin\":{\"top\":\"1.5cm\",\"right\":\"1.5cm\",\"left\":\"1.cm\"}}","meta":{"rootId":"yrdh02e3bnkcatn","id":"avswrioscjgauih"},"id":"dgp9gmspre418gf","previousOperationId":"lcf0wmj8tsl217e"}
{"type":"operationEnd","operationId":"lcf0wmj8tsl217e","timestamp":1704985903815,"id":"zl41g6xkl5ny0km","previousEventId":"2ib12l9jyzbavtp","previousOperationId":"lcf0wmj8tsl217e"}
{"type":"log","timestamp":1704985903815,"level":"debug","message":"Skipping storing report.","meta":{"rootId":"yrdh02e3bnkcatn","id":"avswrioscjgauih"},"id":"l5keydp5bjn95fe","previousOperationId":"lcf0wmj8tsl217e"}
{"type":"log","timestamp":1704985903815,"level":"info","message":"Rendering (child) request finished in 7387 ms","meta":{"rootId":"yrdh02e3bnkcatn","id":"avswrioscjgauih"},"id":"9sm4ndelowdt9r6","previousOperationId":"lcf0wmj8tsl217e"}
{"type":"operationEnd","subtype":"render","operationId":"loto28m67jt4vno","timestamp":1704985903815,"id":"obfr8jnjw9homw6","previousEventId":"zl41g6xkl5ny0km","previousOperationId":"lcf0wmj8tsl217e"}
{"type":"operationEnd","operationId":"pxww6sw0c9kn063","timestamp":1704985903843,"id":"33fisnllths34hk","previousEventId":"muy1e103d4cl7fa","previousOperationId":"pxww6sw0c9kn063"}
{"type":"log","timestamp":1704985903843,"level":"debug","message":"pdf-utils postproces start","meta":{"rootId":"yrdh02e3bnkcatn","id":"yrdh02e3bnkcatn"},"id":"konz7vzyzrx3lq5","previousOperationId":"pxww6sw0c9kn063"}
{"type":"log","timestamp":1704985903875,"level":"debug","message":"pdf-utils postproces end","meta":{"rootId":"yrdh02e3bnkcatn","id":"yrdh02e3bnkcatn"},"id":"gul57nbpk671cy4","previousOperationId":"pxww6sw0c9kn063"}
{"type":"operationEnd","operationId":"c7hz7cbadkrq1ps","timestamp":1704985903875,"id":"n9oyey7tro8zus6","previousEventId":"33fisnllths34hk","previousOperationId":"pxww6sw0c9kn063"}
{"type":"log","timestamp":1704985903875,"level":"info","message":"pdf-utils pdf processing was finished","meta":{"rootId":"yrdh02e3bnkcatn","id":"yrdh02e3bnkcatn"},"id":"5clktz4yw20rb5i","previousOperationId":"c7hz7cbadkrq1ps"}
{"type":"log","timestamp":1704985903875,"level":"debug","message":"Skipping storing report.","meta":{"rootId":"yrdh02e3bnkcatn","id":"yrdh02e3bnkcatn"},"id":"2yhca6djhopom8x","previousOperationId":"c7hz7cbadkrq1ps"}
{"type":"log","timestamp":1704985903875,"level":"info","message":"Rendering request 1 finished in 7447 ms","meta":{"rootId":"yrdh02e3bnkcatn","id":"yrdh02e3bnkcatn"},"id":"fiwwvqf4d7e8tey","previousOperationId":"c7hz7cbadkrq1ps"}
{"type":"operationEnd","subtype":"render","operationId":"pk30djbg4l4cpv7","timestamp":1704985903875,"id":"7nn42dffpjdhrfi","previousEventId":"n9oyey7tro8zus6","previousOperationId":"c7hz7cbadkrq1ps"}
{"type":"operationEnd","doDiffs":false,"previousEventId":"ax3yvt5tbejdrwk","previousOperationId":"p467qawh6ry5c8x","operationId":"p467qawh6ry5c8x","timestamp":1704985903881,"id":"408175tgw1yk2l2"}
