{"type":"operationStart","subtype":"profile","data":{"_id":"JEwGxSSV57QZ8PUF","timestamp":"2024-01-10T20:35:25.121Z","state":"queued","mode":"standard","creationDate":"2024-01-10T20:35:25.122Z","modificationDate":"2024-01-10T20:35:25.122Z","shortid":"LjBszX1","$entitySet":"profiles"},"doDiffs":false,"timestamp":1704918925122,"id":"sn67qch7ydnai1t","previousOperationId":null,"operationId":"pf2f4qj3noy8up8"}
{"type":"log","level":"info","message":"Render request 4 queued for execution and waiting for available worker","previousOperationId":"pf2f4qj3noy8up8","timestamp":1704918925122,"id":"bj2vu5be9m0em9l"}
{"type":"operationStart","subtype":"render","name":"anonymous","previousOperationId":"pf2f4qj3noy8up8","timestamp":1704918925128,"id":"gzzo8tikomo6uuo","previousEventId":"sn67qch7ydnai1t","operationId":"z90ow8nm63k4cxo"}
{"type":"log","timestamp":1704918925128,"level":"info","message":"Starting rendering request 4","meta":{"rootId":"327r6vg3o1zsihm","id":"327r6vg3o1zsihm"},"id":"317owjdqv44vx4m","previousOperationId":"z90ow8nm63k4cxo"}
{"type":"log","timestamp":1704918925128,"level":"info","message":"Rendering anonymous template { recipe: chrome-pdf, engine: handlebars }","meta":{"rootId":"327r6vg3o1zsihm","id":"327r6vg3o1zsihm"},"id":"deciejbfmaalkqs","previousOperationId":"z90ow8nm63k4cxo"}
{"type":"log","timestamp":1704918925128,"level":"debug","message":"Inline data specified.","meta":{"rootId":"327r6vg3o1zsihm","id":"327r6vg3o1zsihm"},"id":"lkyhf7499pjqdte","previousOperationId":"z90ow8nm63k4cxo"}
{"type":"log","timestamp":1704918925129,"level":"debug","message":"Base url not specified, skipping its injection.","meta":{"rootId":"327r6vg3o1zsihm","id":"327r6vg3o1zsihm"},"id":"y568atl1ku8h96j","previousOperationId":"z90ow8nm63k4cxo"}
{"type":"operationStart","subtype":"engine","name":"handlebars","timestamp":1704918925130,"id":"s8n080ix8zzsoaj","previousEventId":"gzzo8tikomo6uuo","operationId":"bdbugkrknajjhnb","previousOperationId":"z90ow8nm63k4cxo"}
{"type":"log","timestamp":1704918925130,"level":"debug","message":"Rendering engine handlebars","meta":{"rootId":"327r6vg3o1zsihm","id":"327r6vg3o1zsihm"},"id":"36vb80xei1a78at","previousOperationId":"bdbugkrknajjhnb"}
{"type":"operationEnd","operationId":"bdbugkrknajjhnb","timestamp":1704918925138,"id":"zgdmocmoycg3eax","previousEventId":"s8n080ix8zzsoaj","previousOperationId":"bdbugkrknajjhnb"}
{"type":"operationStart","subtype":"recipe","name":"chrome-pdf","timestamp":1704918925139,"id":"chavbpn2q0f6kdz","previousEventId":"zgdmocmoycg3eax","operationId":"a18ktucjqbk7qes","previousOperationId":"bdbugkrknajjhnb"}
{"type":"log","timestamp":1704918925139,"level":"debug","message":"Executing recipe chrome-pdf","meta":{"rootId":"327r6vg3o1zsihm","id":"327r6vg3o1zsihm"},"id":"7ypncu93a8acxrl","previousOperationId":"a18ktucjqbk7qes"}
{"type":"log","timestamp":1704918925141,"level":"debug","message":"Converting with chrome HeadlessChrome/117.0.5938.149 using chrome-pool strategy","meta":{"rootId":"327r6vg3o1zsihm","id":"327r6vg3o1zsihm"},"id":"ivwzdfqesa5xaug","previousOperationId":"a18ktucjqbk7qes"}
{"type":"log","timestamp":1704918925214,"level":"debug","message":"Page request: GET (document) file:///C:/Users/Javier/AppData/Local/Temp/jsreport/autocleanup/18d4a7f1-06d2-4be4-9cd6-aed193a7a98d-chrome-pdf.html","meta":{"rootId":"327r6vg3o1zsihm","id":"327r6vg3o1zsihm"},"id":"bcx20jk5atzksb0","previousOperationId":"a18ktucjqbk7qes"}
{"type":"log","timestamp":1704918925220,"level":"debug","message":"Page request finished: GET (document) 200 file:///C:/Users/Javier/AppData/Local/Temp/jsreport/autocleanup/18d4a7f1-06d2-4be4-9cd6-aed193a7a98d-chrome-pdf.html","meta":{"rootId":"327r6vg3o1zsihm","id":"327r6vg3o1zsihm"},"id":"n46e3xxw2bi37zw","previousOperationId":"a18ktucjqbk7qes"}
{"type":"log","timestamp":1704918925225,"level":"debug","message":"Running chrome with params {\"timeout\":59981,\"margin\":{},\"printBackground\":true}","meta":{"rootId":"327r6vg3o1zsihm","id":"327r6vg3o1zsihm"},"id":"zgy9rlhs59a0naz","previousOperationId":"a18ktucjqbk7qes"}
{"type":"operationEnd","operationId":"a18ktucjqbk7qes","timestamp":1704918925244,"id":"6sppefkiv30uexo","previousEventId":"chavbpn2q0f6kdz","previousOperationId":"a18ktucjqbk7qes"}
{"type":"log","timestamp":1704918925244,"level":"debug","message":"Skipping storing report.","meta":{"rootId":"327r6vg3o1zsihm","id":"327r6vg3o1zsihm"},"id":"7r3dhtn3jgirijx","previousOperationId":"a18ktucjqbk7qes"}
{"type":"log","timestamp":1704918925244,"level":"info","message":"Rendering request 4 finished in 123 ms","meta":{"rootId":"327r6vg3o1zsihm","id":"327r6vg3o1zsihm"},"id":"uuvcr39q2z688ah","previousOperationId":"a18ktucjqbk7qes"}
{"type":"operationEnd","subtype":"render","operationId":"z90ow8nm63k4cxo","timestamp":1704918925244,"id":"kervx0yrjvrlnjh","previousEventId":"6sppefkiv30uexo","previousOperationId":"a18ktucjqbk7qes"}
{"type":"operationEnd","doDiffs":false,"previousEventId":"sn67qch7ydnai1t","previousOperationId":"pf2f4qj3noy8up8","operationId":"pf2f4qj3noy8up8","timestamp":1704918925246,"id":"7ldfy3xq4z2dq6e"}
