{"type":"operationStart","subtype":"profile","data":{"_id":"Tenr8ybqcwayKdrJ","timestamp":"2024-01-10T20:09:05.213Z","state":"queued","mode":"standard","creationDate":"2024-01-10T20:09:05.214Z","modificationDate":"2024-01-10T20:09:05.214Z","shortid":"Rwf5I1J","$entitySet":"profiles"},"doDiffs":false,"timestamp":1704917345214,"id":"pyx4zb1xbuknumc","previousOperationId":null,"operationId":"dwoi022g5qprfbr"}
{"type":"log","level":"info","message":"Render request 8 queued for execution and waiting for available worker","previousOperationId":"dwoi022g5qprfbr","timestamp":1704917345214,"id":"xvfctbyyntdek5b"}
{"type":"operationStart","subtype":"render","name":"anonymous","previousOperationId":"dwoi022g5qprfbr","timestamp":1704917345220,"id":"0a5u8xb0ddce5rc","previousEventId":"pyx4zb1xbuknumc","operationId":"2it4daqtnana6dl"}
{"type":"log","timestamp":1704917345220,"level":"info","message":"Starting rendering request 8","meta":{"rootId":"87c7ejvhqq8bzrz","id":"87c7ejvhqq8bzrz"},"id":"c5scrdkrkppq192","previousOperationId":"2it4daqtnana6dl"}
{"type":"log","timestamp":1704917345220,"level":"info","message":"Rendering anonymous template { recipe: chrome-pdf, engine: handlebars }","meta":{"rootId":"87c7ejvhqq8bzrz","id":"87c7ejvhqq8bzrz"},"id":"vg4ypo5bpvqgobv","previousOperationId":"2it4daqtnana6dl"}
{"type":"log","timestamp":1704917345220,"level":"debug","message":"Inline data specified.","meta":{"rootId":"87c7ejvhqq8bzrz","id":"87c7ejvhqq8bzrz"},"id":"f9rnvncx477ho9u","previousOperationId":"2it4daqtnana6dl"}
{"type":"log","timestamp":1704917345220,"level":"debug","message":"Base url not specified, skipping its injection.","meta":{"rootId":"87c7ejvhqq8bzrz","id":"87c7ejvhqq8bzrz"},"id":"kmbm5wzt04pcwkx","previousOperationId":"2it4daqtnana6dl"}
{"type":"operationStart","subtype":"engine","name":"handlebars","timestamp":1704917345221,"id":"1kjzv4m8a30k9at","previousEventId":"0a5u8xb0ddce5rc","operationId":"uawi6ebdv5c3vt8","previousOperationId":"2it4daqtnana6dl"}
{"type":"log","timestamp":1704917345221,"level":"debug","message":"Rendering engine handlebars","meta":{"rootId":"87c7ejvhqq8bzrz","id":"87c7ejvhqq8bzrz"},"id":"jz9960an70g79ja","previousOperationId":"uawi6ebdv5c3vt8"}
{"type":"operationEnd","operationId":"uawi6ebdv5c3vt8","timestamp":1704917345229,"id":"h1ty0atztkxz2or","previousEventId":"1kjzv4m8a30k9at","previousOperationId":"uawi6ebdv5c3vt8"}
{"type":"operationStart","subtype":"recipe","name":"chrome-pdf","timestamp":1704917345229,"id":"zvf3usbdl70slxe","previousEventId":"h1ty0atztkxz2or","operationId":"56ezw7m37vsiobo","previousOperationId":"uawi6ebdv5c3vt8"}
{"type":"log","timestamp":1704917345229,"level":"debug","message":"Executing recipe chrome-pdf","meta":{"rootId":"87c7ejvhqq8bzrz","id":"87c7ejvhqq8bzrz"},"id":"gfm0cd78lmvadfr","previousOperationId":"56ezw7m37vsiobo"}
{"type":"log","timestamp":1704917345231,"level":"debug","message":"Converting with chrome HeadlessChrome/117.0.5938.149 using chrome-pool strategy","meta":{"rootId":"87c7ejvhqq8bzrz","id":"87c7ejvhqq8bzrz"},"id":"ze05pmnjqz4gpf5","previousOperationId":"56ezw7m37vsiobo"}
{"type":"log","timestamp":1704917345306,"level":"debug","message":"Page request: GET (document) file:///C:/Users/Javier/AppData/Local/Temp/jsreport/autocleanup/a277a06d-26a8-45e8-8ebb-8a213e2f4f2d-chrome-pdf.html","meta":{"rootId":"87c7ejvhqq8bzrz","id":"87c7ejvhqq8bzrz"},"id":"zuhoilbx0fysgc4","previousOperationId":"56ezw7m37vsiobo"}
{"type":"log","timestamp":1704917345320,"level":"debug","message":"Page request finished: GET (document) 200 file:///C:/Users/Javier/AppData/Local/Temp/jsreport/autocleanup/a277a06d-26a8-45e8-8ebb-8a213e2f4f2d-chrome-pdf.html","meta":{"rootId":"87c7ejvhqq8bzrz","id":"87c7ejvhqq8bzrz"},"id":"e6rirwa7xytjcrs","previousOperationId":"56ezw7m37vsiobo"}
{"type":"log","timestamp":1704917345325,"level":"debug","message":"Running chrome with params {\"timeout\":59982,\"margin\":{},\"printBackground\":true}","meta":{"rootId":"87c7ejvhqq8bzrz","id":"87c7ejvhqq8bzrz"},"id":"m7k55wox8n1s7az","previousOperationId":"56ezw7m37vsiobo"}
{"type":"operationEnd","operationId":"56ezw7m37vsiobo","timestamp":1704917345342,"id":"kreejf2ibiykkgy","previousEventId":"zvf3usbdl70slxe","previousOperationId":"56ezw7m37vsiobo"}
{"type":"log","timestamp":1704917345342,"level":"debug","message":"Skipping storing report.","meta":{"rootId":"87c7ejvhqq8bzrz","id":"87c7ejvhqq8bzrz"},"id":"j0sutey2xv27mmd","previousOperationId":"56ezw7m37vsiobo"}
{"type":"log","timestamp":1704917345342,"level":"info","message":"Rendering request 8 finished in 130 ms","meta":{"rootId":"87c7ejvhqq8bzrz","id":"87c7ejvhqq8bzrz"},"id":"gb9esup5uiuqhz6","previousOperationId":"56ezw7m37vsiobo"}
{"type":"operationEnd","subtype":"render","operationId":"2it4daqtnana6dl","timestamp":1704917345342,"id":"7aw8g9w0lx7cb9e","previousEventId":"kreejf2ibiykkgy","previousOperationId":"56ezw7m37vsiobo"}
{"type":"operationEnd","doDiffs":false,"previousEventId":"pyx4zb1xbuknumc","previousOperationId":"dwoi022g5qprfbr","operationId":"dwoi022g5qprfbr","timestamp":1704917345346,"id":"gxrv7qj07kan804"}
