{"type":"operationStart","subtype":"profile","data":{"_id":"nj7bgYRddEEGqRW2","timestamp":"2024-01-10T20:33:37.960Z","state":"queued","mode":"standard","creationDate":"2024-01-10T20:33:37.962Z","modificationDate":"2024-01-10T20:33:37.962Z","shortid":"w7wYjZI","$entitySet":"profiles"},"doDiffs":false,"timestamp":1704918817962,"id":"3upa75p6wlc6ywq","previousOperationId":null,"operationId":"2r5h779r4k8eras"}
{"type":"log","level":"info","message":"Render request 3 queued for execution and waiting for available worker","previousOperationId":"2r5h779r4k8eras","timestamp":1704918817962,"id":"un2dq7x4bzlc7w4"}
{"type":"operationStart","subtype":"render","name":"anonymous","previousOperationId":"2r5h779r4k8eras","timestamp":1704918817967,"id":"zm6v4hepi94ykhw","previousEventId":"3upa75p6wlc6ywq","operationId":"mh1liaias1s07l3"}
{"type":"log","timestamp":1704918817968,"level":"info","message":"Starting rendering request 3","meta":{"rootId":"if7um4ld324as52","id":"if7um4ld324as52"},"id":"f1z4d8f91dldjbi","previousOperationId":"mh1liaias1s07l3"}
{"type":"log","timestamp":1704918817968,"level":"info","message":"Rendering anonymous template { recipe: chrome-pdf, engine: handlebars }","meta":{"rootId":"if7um4ld324as52","id":"if7um4ld324as52"},"id":"vl96rsser9pq7p4","previousOperationId":"mh1liaias1s07l3"}
{"type":"log","timestamp":1704918817968,"level":"debug","message":"Inline data specified.","meta":{"rootId":"if7um4ld324as52","id":"if7um4ld324as52"},"id":"azyyfsyi8m6xytj","previousOperationId":"mh1liaias1s07l3"}
{"type":"log","timestamp":1704918817969,"level":"debug","message":"Base url not specified, skipping its injection.","meta":{"rootId":"if7um4ld324as52","id":"if7um4ld324as52"},"id":"wviioxlipo1mx2r","previousOperationId":"mh1liaias1s07l3"}
{"type":"operationStart","subtype":"engine","name":"handlebars","timestamp":1704918817970,"id":"ht6nw4cf9zq5rxo","previousEventId":"zm6v4hepi94ykhw","operationId":"zkb028jq20qo3eg","previousOperationId":"mh1liaias1s07l3"}
{"type":"log","timestamp":1704918817970,"level":"debug","message":"Rendering engine handlebars","meta":{"rootId":"if7um4ld324as52","id":"if7um4ld324as52"},"id":"ze3ten84j3g1yp2","previousOperationId":"zkb028jq20qo3eg"}
{"type":"operationEnd","operationId":"zkb028jq20qo3eg","timestamp":1704918817977,"id":"979hjnnz4xyunwd","previousEventId":"ht6nw4cf9zq5rxo","previousOperationId":"zkb028jq20qo3eg"}
{"type":"operationStart","subtype":"recipe","name":"chrome-pdf","timestamp":1704918817977,"id":"bqfmosuspo68usq","previousEventId":"979hjnnz4xyunwd","operationId":"otbf6bz7rmz31v4","previousOperationId":"zkb028jq20qo3eg"}
{"type":"log","timestamp":1704918817977,"level":"debug","message":"Executing recipe chrome-pdf","meta":{"rootId":"if7um4ld324as52","id":"if7um4ld324as52"},"id":"rkileabidbehwc8","previousOperationId":"otbf6bz7rmz31v4"}
{"type":"log","timestamp":1704918817979,"level":"debug","message":"Converting with chrome HeadlessChrome/117.0.5938.149 using chrome-pool strategy","meta":{"rootId":"if7um4ld324as52","id":"if7um4ld324as52"},"id":"kjdpf6u4xgpjpg0","previousOperationId":"otbf6bz7rmz31v4"}
{"type":"log","timestamp":1704918818057,"level":"debug","message":"Page request: GET (document) file:///C:/Users/Javier/AppData/Local/Temp/jsreport/autocleanup/206cf63b-0ee3-444e-b0b4-899ad43197c0-chrome-pdf.html","meta":{"rootId":"if7um4ld324as52","id":"if7um4ld324as52"},"id":"f7zhazlma8yzt09","previousOperationId":"otbf6bz7rmz31v4"}
{"type":"log","timestamp":1704918818064,"level":"debug","message":"Page request finished: GET (document) 200 file:///C:/Users/Javier/AppData/Local/Temp/jsreport/autocleanup/206cf63b-0ee3-444e-b0b4-899ad43197c0-chrome-pdf.html","meta":{"rootId":"if7um4ld324as52","id":"if7um4ld324as52"},"id":"nbu9bq4pr9q379d","previousOperationId":"otbf6bz7rmz31v4"}
{"type":"log","timestamp":1704918818069,"level":"debug","message":"Running chrome with params {\"timeout\":59982,\"margin\":{},\"printBackground\":true}","meta":{"rootId":"if7um4ld324as52","id":"if7um4ld324as52"},"id":"1uj355mragrc2yu","previousOperationId":"otbf6bz7rmz31v4"}
{"type":"operationEnd","operationId":"otbf6bz7rmz31v4","timestamp":1704918818087,"id":"q3mytg3x5ewhh9u","previousEventId":"bqfmosuspo68usq","previousOperationId":"otbf6bz7rmz31v4"}
{"type":"log","timestamp":1704918818087,"level":"debug","message":"Skipping storing report.","meta":{"rootId":"if7um4ld324as52","id":"if7um4ld324as52"},"id":"i6gm8dbl8ehuc7l","previousOperationId":"otbf6bz7rmz31v4"}
{"type":"log","timestamp":1704918818087,"level":"info","message":"Rendering request 3 finished in 127 ms","meta":{"rootId":"if7um4ld324as52","id":"if7um4ld324as52"},"id":"nxdwxu1xs5ay243","previousOperationId":"otbf6bz7rmz31v4"}
{"type":"operationEnd","subtype":"render","operationId":"mh1liaias1s07l3","timestamp":1704918818087,"id":"qizrxff9y4twg3b","previousEventId":"q3mytg3x5ewhh9u","previousOperationId":"otbf6bz7rmz31v4"}
{"type":"operationEnd","doDiffs":false,"previousEventId":"3upa75p6wlc6ywq","previousOperationId":"2r5h779r4k8eras","operationId":"2r5h779r4k8eras","timestamp":1704918818091,"id":"4sy7j1c9g3py106"}
