{"type":"operationStart","subtype":"profile","data":{"_id":"mvOzRyrx5UZFkXHL","timestamp":"2024-01-11T13:00:04.450Z","state":"queued","mode":"standard","creationDate":"2024-01-11T13:00:04.451Z","modificationDate":"2024-01-11T13:00:04.451Z","shortid":"F_rZ1SW","$entitySet":"profiles"},"doDiffs":false,"timestamp":1704978004451,"id":"dwl9tb15emybd5c","previousOperationId":null,"operationId":"ogf8zujhepq11mc"}
{"type":"log","level":"info","message":"Render request 43 queued for execution and waiting for available worker","previousOperationId":"ogf8zujhepq11mc","timestamp":1704978004451,"id":"1qr0xfh1we90m95"}
{"type":"operationStart","subtype":"render","name":"anonymous","previousOperationId":"ogf8zujhepq11mc","timestamp":1704978004456,"id":"i67oon2uhfagaem","previousEventId":"dwl9tb15emybd5c","operationId":"nz00i8qy492kkmn"}
{"type":"log","timestamp":1704978004456,"level":"info","message":"Starting rendering request 43","meta":{"rootId":"mlmbm1igx39b8ve","id":"mlmbm1igx39b8ve"},"id":"m3v3za9dphxue1o","previousOperationId":"nz00i8qy492kkmn"}
{"type":"log","timestamp":1704978004456,"level":"info","message":"Rendering anonymous template { recipe: chrome-pdf, engine: handlebars }","meta":{"rootId":"mlmbm1igx39b8ve","id":"mlmbm1igx39b8ve"},"id":"l551xvl0qxjikmm","previousOperationId":"nz00i8qy492kkmn"}
{"type":"log","timestamp":1704978004456,"level":"debug","message":"Inline data specified.","meta":{"rootId":"mlmbm1igx39b8ve","id":"mlmbm1igx39b8ve"},"id":"wjmb8cnc8bo499v","previousOperationId":"nz00i8qy492kkmn"}
{"type":"log","timestamp":1704978004456,"level":"debug","message":"Base url not specified, skipping its injection.","meta":{"rootId":"mlmbm1igx39b8ve","id":"mlmbm1igx39b8ve"},"id":"9a0r74na5p9z1su","previousOperationId":"nz00i8qy492kkmn"}
{"type":"operationStart","subtype":"engine","name":"handlebars","timestamp":1704978004457,"id":"ybyhjf91jsyrn0y","previousEventId":"i67oon2uhfagaem","operationId":"0iu8dd42icnrz7f","previousOperationId":"nz00i8qy492kkmn"}
{"type":"log","timestamp":1704978004457,"level":"debug","message":"Rendering engine handlebars","meta":{"rootId":"mlmbm1igx39b8ve","id":"mlmbm1igx39b8ve"},"id":"p29yu7zqlus8lzt","previousOperationId":"0iu8dd42icnrz7f"}
{"type":"operationEnd","operationId":"0iu8dd42icnrz7f","timestamp":1704978004461,"id":"imnaxwag1mqthdl","previousEventId":"ybyhjf91jsyrn0y","previousOperationId":"0iu8dd42icnrz7f"}
{"type":"operationStart","subtype":"recipe","name":"chrome-pdf","timestamp":1704978004461,"id":"kdlzsi44wgdyhya","previousEventId":"imnaxwag1mqthdl","operationId":"ntusix0p9i8pslz","previousOperationId":"0iu8dd42icnrz7f"}
{"type":"log","timestamp":1704978004461,"level":"debug","message":"Executing recipe chrome-pdf","meta":{"rootId":"mlmbm1igx39b8ve","id":"mlmbm1igx39b8ve"},"id":"fhrtskio25n2wy0","previousOperationId":"ntusix0p9i8pslz"}
{"type":"log","timestamp":1704978004463,"level":"debug","message":"Converting with chrome HeadlessChrome/117.0.5938.149 using chrome-pool strategy","meta":{"rootId":"mlmbm1igx39b8ve","id":"mlmbm1igx39b8ve"},"id":"7l5hct77tj1j544","previousOperationId":"ntusix0p9i8pslz"}
{"type":"log","timestamp":1704978004535,"level":"debug","message":"Page request: GET (document) file:///C:/Users/Javier/AppData/Local/Temp/jsreport/autocleanup/439cd2e8-c45d-4520-9ab1-ca7f33118bce-chrome-pdf.html","meta":{"rootId":"mlmbm1igx39b8ve","id":"mlmbm1igx39b8ve"},"id":"0yvnn8b0cvhrqox","previousOperationId":"ntusix0p9i8pslz"}
{"type":"log","timestamp":1704978004546,"level":"debug","message":"Page request finished: GET (document) 200 file:///C:/Users/Javier/AppData/Local/Temp/jsreport/autocleanup/439cd2e8-c45d-4520-9ab1-ca7f33118bce-chrome-pdf.html","meta":{"rootId":"mlmbm1igx39b8ve","id":"mlmbm1igx39b8ve"},"id":"r9v0zwvbizaka0w","previousOperationId":"ntusix0p9i8pslz"}
{"type":"log","timestamp":1704978004550,"level":"debug","message":"Running chrome with params {\"timeout\":59988,\"margin\":{},\"printBackground\":true}","meta":{"rootId":"mlmbm1igx39b8ve","id":"mlmbm1igx39b8ve"},"id":"j12n0upqv62u20g","previousOperationId":"ntusix0p9i8pslz"}
{"type":"operationEnd","operationId":"ntusix0p9i8pslz","timestamp":1704978004569,"id":"9eb0vh3hh8voxjf","previousEventId":"kdlzsi44wgdyhya","previousOperationId":"ntusix0p9i8pslz"}
{"type":"log","timestamp":1704978004569,"level":"debug","message":"Skipping storing report.","meta":{"rootId":"mlmbm1igx39b8ve","id":"mlmbm1igx39b8ve"},"id":"i3ih33e5a6ezvkc","previousOperationId":"ntusix0p9i8pslz"}
{"type":"log","timestamp":1704978004569,"level":"info","message":"Rendering request 43 finished in 119 ms","meta":{"rootId":"mlmbm1igx39b8ve","id":"mlmbm1igx39b8ve"},"id":"hc5dm9c3z9km5dj","previousOperationId":"ntusix0p9i8pslz"}
{"type":"operationEnd","subtype":"render","operationId":"nz00i8qy492kkmn","timestamp":1704978004569,"id":"y53gejv2ri39qdb","previousEventId":"9eb0vh3hh8voxjf","previousOperationId":"ntusix0p9i8pslz"}
{"type":"operationEnd","doDiffs":false,"previousEventId":"dwl9tb15emybd5c","previousOperationId":"ogf8zujhepq11mc","operationId":"ogf8zujhepq11mc","timestamp":1704978004570,"id":"5n5f94qg9h4mfmy"}
