{"type":"operationStart","subtype":"profile","data":{"_id":"1jYZTafQGKq8sXfb","timestamp":"2024-01-10T20:22:00.723Z","state":"queued","mode":"standard","creationDate":"2024-01-10T20:22:00.725Z","modificationDate":"2024-01-10T20:22:00.725Z","shortid":"f8Oa0qi","$entitySet":"profiles"},"doDiffs":false,"timestamp":1704918120724,"id":"lay8pkyvymz15fc","previousOperationId":null,"operationId":"w96dxumbfx6wihc"}
{"type":"log","level":"info","message":"Render request 1 queued for execution and waiting for available worker","previousOperationId":"w96dxumbfx6wihc","timestamp":1704918120724,"id":"b616cujeggwtqi5"}
{"type":"operationStart","subtype":"render","name":"anonymous","previousOperationId":"w96dxumbfx6wihc","timestamp":1704918120766,"id":"3y6bc7x2oiy6wb4","previousEventId":"lay8pkyvymz15fc","operationId":"jl2x3gzvlxwg6vu"}
{"type":"log","timestamp":1704918120767,"level":"info","message":"Starting rendering request 1","meta":{"rootId":"rzx7inyfap3lot4","id":"rzx7inyfap3lot4"},"id":"uq594sv9cowqz2k","previousOperationId":"jl2x3gzvlxwg6vu"}
{"type":"log","timestamp":1704918120768,"level":"info","message":"Rendering anonymous template { recipe: chrome-pdf, engine: handlebars }","meta":{"rootId":"rzx7inyfap3lot4","id":"rzx7inyfap3lot4"},"id":"ckgkjapuyztuhv3","previousOperationId":"jl2x3gzvlxwg6vu"}
{"type":"log","timestamp":1704918120768,"level":"debug","message":"Inline data specified.","meta":{"rootId":"rzx7inyfap3lot4","id":"rzx7inyfap3lot4"},"id":"73mdlx8lrtk423v","previousOperationId":"jl2x3gzvlxwg6vu"}
{"type":"log","timestamp":1704918120770,"level":"debug","message":"Base url not specified, skipping its injection.","meta":{"rootId":"rzx7inyfap3lot4","id":"rzx7inyfap3lot4"},"id":"aslalyx4atb6nn4","previousOperationId":"jl2x3gzvlxwg6vu"}
{"type":"operationStart","subtype":"engine","name":"handlebars","timestamp":1704918120771,"id":"7hr7cxea0w4lmx2","previousEventId":"3y6bc7x2oiy6wb4","operationId":"yc13364vtqa5uax","previousOperationId":"jl2x3gzvlxwg6vu"}
{"type":"log","timestamp":1704918120771,"level":"debug","message":"Rendering engine handlebars","meta":{"rootId":"rzx7inyfap3lot4","id":"rzx7inyfap3lot4"},"id":"tb6fi0pfz3q8z6u","previousOperationId":"yc13364vtqa5uax"}
{"type":"operationEnd","operationId":"yc13364vtqa5uax","timestamp":1704918121193,"id":"6pjo4b5k5hr6eiu","previousEventId":"7hr7cxea0w4lmx2","previousOperationId":"yc13364vtqa5uax"}
{"type":"operationStart","subtype":"recipe","name":"chrome-pdf","timestamp":1704918121193,"id":"p27qs7yl8rocyct","previousEventId":"6pjo4b5k5hr6eiu","operationId":"6xb5qwthi8wjgfd","previousOperationId":"yc13364vtqa5uax"}
{"type":"log","timestamp":1704918121193,"level":"debug","message":"Executing recipe chrome-pdf","meta":{"rootId":"rzx7inyfap3lot4","id":"rzx7inyfap3lot4"},"id":"4glt9cdn9lki8hw","previousOperationId":"6xb5qwthi8wjgfd"}
{"type":"log","timestamp":1704918121726,"level":"debug","message":"Converting with chrome HeadlessChrome/117.0.5938.149 using chrome-pool strategy","meta":{"rootId":"rzx7inyfap3lot4","id":"rzx7inyfap3lot4"},"id":"wtmk7v7omn114db","previousOperationId":"6xb5qwthi8wjgfd"}
{"type":"log","timestamp":1704918122637,"level":"debug","message":"Page request: GET (document) file:///C:/Users/Javier/AppData/Local/Temp/jsreport/autocleanup/126cdf6a-e365-4e4f-8a07-0f3e054e970e-chrome-pdf.html","meta":{"rootId":"rzx7inyfap3lot4","id":"rzx7inyfap3lot4"},"id":"x9xgdidhbvkpr9q","previousOperationId":"6xb5qwthi8wjgfd"}
{"type":"log","timestamp":1704918122655,"level":"debug","message":"Page request finished: GET (document) 200 file:///C:/Users/Javier/AppData/Local/Temp/jsreport/autocleanup/126cdf6a-e365-4e4f-8a07-0f3e054e970e-chrome-pdf.html","meta":{"rootId":"rzx7inyfap3lot4","id":"rzx7inyfap3lot4"},"id":"6cnt3v2uq1zli08","previousOperationId":"6xb5qwthi8wjgfd"}
{"type":"log","timestamp":1704918122659,"level":"debug","message":"Running chrome with params {\"timeout\":59179,\"margin\":{},\"printBackground\":true}","meta":{"rootId":"rzx7inyfap3lot4","id":"rzx7inyfap3lot4"},"id":"ksl01xg4roy2djh","previousOperationId":"6xb5qwthi8wjgfd"}
{"type":"operationEnd","operationId":"6xb5qwthi8wjgfd","timestamp":1704918122679,"id":"sikbx9bzh0s5lgy","previousEventId":"p27qs7yl8rocyct","previousOperationId":"6xb5qwthi8wjgfd"}
{"type":"log","timestamp":1704918122680,"level":"debug","message":"Skipping storing report.","meta":{"rootId":"rzx7inyfap3lot4","id":"rzx7inyfap3lot4"},"id":"s1vsro36kfajzvy","previousOperationId":"6xb5qwthi8wjgfd"}
{"type":"log","timestamp":1704918122680,"level":"info","message":"Rendering request 1 finished in 1958 ms","meta":{"rootId":"rzx7inyfap3lot4","id":"rzx7inyfap3lot4"},"id":"4gm1hbp95tb3ebs","previousOperationId":"6xb5qwthi8wjgfd"}
{"type":"operationEnd","subtype":"render","operationId":"jl2x3gzvlxwg6vu","timestamp":1704918122680,"id":"acfd0msgturgnwv","previousEventId":"sikbx9bzh0s5lgy","previousOperationId":"6xb5qwthi8wjgfd"}
{"type":"operationEnd","doDiffs":false,"previousEventId":"lay8pkyvymz15fc","previousOperationId":"w96dxumbfx6wihc","operationId":"w96dxumbfx6wihc","timestamp":1704918122684,"id":"51ca2d5j2sw9zor"}
