{"type":"operationStart","subtype":"profile","data":{"_id":"gtCSn1JL25AHUEcj","timestamp":"2024-01-10T20:27:04.262Z","state":"queued","mode":"standard","creationDate":"2024-01-10T20:27:04.263Z","modificationDate":"2024-01-10T20:27:04.263Z","shortid":"f0DPJop","$entitySet":"profiles"},"doDiffs":false,"timestamp":1704918424263,"id":"s081tm6b2cv64bi","previousOperationId":null,"operationId":"581uzt8u66guyq8"}
{"type":"log","level":"info","message":"Render request 2 queued for execution and waiting for available worker","previousOperationId":"581uzt8u66guyq8","timestamp":1704918424263,"id":"5i93v7griut94k7"}
{"type":"operationStart","subtype":"render","name":"anonymous","previousOperationId":"581uzt8u66guyq8","timestamp":1704918424275,"id":"o8xas1qocr4st17","previousEventId":"s081tm6b2cv64bi","operationId":"z22wnkhzrbpf2w1"}
{"type":"log","timestamp":1704918424277,"level":"info","message":"Starting rendering request 2","meta":{"rootId":"zd8g0ecfe0nzxg5","id":"zd8g0ecfe0nzxg5"},"id":"ufwfl0pjntxqz29","previousOperationId":"z22wnkhzrbpf2w1"}
{"type":"log","timestamp":1704918424277,"level":"info","message":"Rendering anonymous template { recipe: chrome-pdf, engine: handlebars }","meta":{"rootId":"zd8g0ecfe0nzxg5","id":"zd8g0ecfe0nzxg5"},"id":"xsoh6gxqno03zw0","previousOperationId":"z22wnkhzrbpf2w1"}
{"type":"log","timestamp":1704918424278,"level":"debug","message":"Inline data specified.","meta":{"rootId":"zd8g0ecfe0nzxg5","id":"zd8g0ecfe0nzxg5"},"id":"oiso0z80twlv8tt","previousOperationId":"z22wnkhzrbpf2w1"}
{"type":"log","timestamp":1704918424280,"level":"debug","message":"Base url not specified, skipping its injection.","meta":{"rootId":"zd8g0ecfe0nzxg5","id":"zd8g0ecfe0nzxg5"},"id":"pg4t1kpq79coo6y","previousOperationId":"z22wnkhzrbpf2w1"}
{"type":"operationStart","subtype":"engine","name":"handlebars","timestamp":1704918424282,"id":"7o00xk1734psn2h","previousEventId":"o8xas1qocr4st17","operationId":"qqeyulw7cn50282","previousOperationId":"z22wnkhzrbpf2w1"}
{"type":"log","timestamp":1704918424282,"level":"debug","message":"Rendering engine handlebars","meta":{"rootId":"zd8g0ecfe0nzxg5","id":"zd8g0ecfe0nzxg5"},"id":"nkvm0o4goef589b","previousOperationId":"qqeyulw7cn50282"}
{"type":"operationEnd","operationId":"qqeyulw7cn50282","timestamp":1704918424735,"id":"5txn38c6wlskzva","previousEventId":"7o00xk1734psn2h","previousOperationId":"qqeyulw7cn50282"}
{"type":"operationStart","subtype":"recipe","name":"chrome-pdf","timestamp":1704918424736,"id":"67hw21le3hsqoix","previousEventId":"5txn38c6wlskzva","operationId":"8dbnk88lro00q7u","previousOperationId":"qqeyulw7cn50282"}
{"type":"log","timestamp":1704918424736,"level":"debug","message":"Executing recipe chrome-pdf","meta":{"rootId":"zd8g0ecfe0nzxg5","id":"zd8g0ecfe0nzxg5"},"id":"si3ca3766h2sl4m","previousOperationId":"8dbnk88lro00q7u"}
{"type":"log","timestamp":1704918425330,"level":"debug","message":"Converting with chrome HeadlessChrome/117.0.5938.149 using chrome-pool strategy","meta":{"rootId":"zd8g0ecfe0nzxg5","id":"zd8g0ecfe0nzxg5"},"id":"v3gtenpvsirm073","previousOperationId":"8dbnk88lro00q7u"}
{"type":"log","timestamp":1704918425495,"level":"debug","message":"Page request: GET (document) file:///C:/Users/Javier/AppData/Local/Temp/jsreport/autocleanup/f39a1456-e7eb-403f-89b7-08b088c4a27a-chrome-pdf.html","meta":{"rootId":"zd8g0ecfe0nzxg5","id":"zd8g0ecfe0nzxg5"},"id":"jc08g292691lxxt","previousOperationId":"8dbnk88lro00q7u"}
{"type":"log","timestamp":1704918425502,"level":"debug","message":"Page request finished: GET (document) 200 file:///C:/Users/Javier/AppData/Local/Temp/jsreport/autocleanup/f39a1456-e7eb-403f-89b7-08b088c4a27a-chrome-pdf.html","meta":{"rootId":"zd8g0ecfe0nzxg5","id":"zd8g0ecfe0nzxg5"},"id":"d85ixqvsn6wtr7b","previousOperationId":"8dbnk88lro00q7u"}
{"type":"log","timestamp":1704918425507,"level":"debug","message":"Running chrome with params {\"timeout\":59125,\"margin\":{},\"printBackground\":true}","meta":{"rootId":"zd8g0ecfe0nzxg5","id":"zd8g0ecfe0nzxg5"},"id":"99gy9vsdw3bsppr","previousOperationId":"8dbnk88lro00q7u"}
{"type":"operationEnd","operationId":"8dbnk88lro00q7u","timestamp":1704918425526,"id":"ohqae7twya46c6h","previousEventId":"67hw21le3hsqoix","previousOperationId":"8dbnk88lro00q7u"}
{"type":"log","timestamp":1704918425527,"level":"debug","message":"Skipping storing report.","meta":{"rootId":"zd8g0ecfe0nzxg5","id":"zd8g0ecfe0nzxg5"},"id":"fp9611whrfgkxr6","previousOperationId":"8dbnk88lro00q7u"}
{"type":"log","timestamp":1704918425527,"level":"info","message":"Rendering request 2 finished in 1266 ms","meta":{"rootId":"zd8g0ecfe0nzxg5","id":"zd8g0ecfe0nzxg5"},"id":"6ubvv6shu7n6p8t","previousOperationId":"8dbnk88lro00q7u"}
{"type":"operationEnd","subtype":"render","operationId":"z22wnkhzrbpf2w1","timestamp":1704918425527,"id":"07ucx7y19muvnh9","previousEventId":"ohqae7twya46c6h","previousOperationId":"8dbnk88lro00q7u"}
{"type":"operationEnd","doDiffs":false,"previousEventId":"s081tm6b2cv64bi","previousOperationId":"581uzt8u66guyq8","operationId":"581uzt8u66guyq8","timestamp":1704918425530,"id":"avnlfymovlprjwq"}
