{"type":"operationStart","subtype":"profile","data":{"_id":"Svrju3nUTrA01KmM","timestamp":"2024-01-11T15:22:18.322Z","state":"queued","mode":"standard","creationDate":"2024-01-11T15:22:18.324Z","modificationDate":"2024-01-11T15:22:18.324Z","shortid":"v0G1XSj","$entitySet":"profiles"},"doDiffs":false,"timestamp":1704986538323,"id":"ty9xg273chsjgrl","previousOperationId":null,"operationId":"nz58mdjkthws7pt"}
{"type":"log","level":"info","message":"Render request 5 queued for execution and waiting for available worker","previousOperationId":"nz58mdjkthws7pt","timestamp":1704986538323,"id":"gxd47iqiali016s"}
{"type":"operationStart","subtype":"render","name":"AveragePunctuation","previousOperationId":"nz58mdjkthws7pt","timestamp":1704986538329,"id":"y0a211bbi5mgjla","previousEventId":"ty9xg273chsjgrl","operationId":"dtfyjj009grs6ai"}
{"type":"log","timestamp":1704986538329,"level":"info","message":"Starting rendering request 5","meta":{"rootId":"45t3cbrh87naug1","id":"45t3cbrh87naug1"},"id":"oiia4djlkmksm3q","previousOperationId":"dtfyjj009grs6ai"}
{"type":"log","timestamp":1704986538329,"level":"info","message":"Rendering template { name: AveragePunctuation, recipe: chrome-pdf, engine: handlebars, preview: false }","meta":{"rootId":"45t3cbrh87naug1","id":"45t3cbrh87naug1"},"id":"cligqqex0ac66mi","previousOperationId":"dtfyjj009grs6ai"}
{"type":"log","timestamp":1704986538329,"level":"debug","message":"Inline data specified.","meta":{"rootId":"45t3cbrh87naug1","id":"45t3cbrh87naug1"},"id":"396icfv47agt1fa","previousOperationId":"dtfyjj009grs6ai"}
{"type":"log","timestamp":1704986538330,"level":"debug","message":"Base url not specified, skipping its injection.","meta":{"rootId":"45t3cbrh87naug1","id":"45t3cbrh87naug1"},"id":"xjnat4p5djwq0tj","previousOperationId":"dtfyjj009grs6ai"}
{"type":"operationStart","subtype":"engine","name":"handlebars","timestamp":1704986538330,"id":"cydv8q40recbqn8","previousEventId":"y0a211bbi5mgjla","operationId":"8z0rasntvzg242i","previousOperationId":"dtfyjj009grs6ai"}
{"type":"log","timestamp":1704986538330,"level":"debug","message":"Rendering engine handlebars","meta":{"rootId":"45t3cbrh87naug1","id":"45t3cbrh87naug1"},"id":"syi0wo4ai72jn04","previousOperationId":"8z0rasntvzg242i"}
{"type":"operationEnd","operationId":"8z0rasntvzg242i","timestamp":1704986538336,"id":"57wf14zuwd03laf","previousEventId":"cydv8q40recbqn8","previousOperationId":"8z0rasntvzg242i"}
{"type":"operationStart","subtype":"recipe","name":"chrome-pdf","timestamp":1704986538336,"id":"txs6rmh8i5ueopu","previousEventId":"57wf14zuwd03laf","operationId":"39emu6r2yu4ci3e","previousOperationId":"8z0rasntvzg242i"}
{"type":"log","timestamp":1704986538336,"level":"debug","message":"Executing recipe chrome-pdf","meta":{"rootId":"45t3cbrh87naug1","id":"45t3cbrh87naug1"},"id":"qb2l3s0wwa6njvp","previousOperationId":"39emu6r2yu4ci3e"}
{"type":"log","timestamp":1704986538337,"level":"debug","message":"Converting with chrome HeadlessChrome/117.0.5938.149 using chrome-pool strategy","meta":{"rootId":"45t3cbrh87naug1","id":"45t3cbrh87naug1"},"id":"35r6a6u4iz0h81t","previousOperationId":"39emu6r2yu4ci3e"}
{"type":"log","timestamp":1704986538406,"level":"debug","message":"Page request: GET (document) file:///C:/Users/Javier/AppData/Local/Temp/jsreport/autocleanup/8f4da7f4-7a39-48f7-ab5a-2c80c9007818-chrome-pdf.html","meta":{"rootId":"45t3cbrh87naug1","id":"45t3cbrh87naug1"},"id":"1muey5gkncl560u","previousOperationId":"39emu6r2yu4ci3e"}
{"type":"log","timestamp":1704986538411,"level":"debug","message":"Page request finished: GET (document) 200 file:///C:/Users/Javier/AppData/Local/Temp/jsreport/autocleanup/8f4da7f4-7a39-48f7-ab5a-2c80c9007818-chrome-pdf.html","meta":{"rootId":"45t3cbrh87naug1","id":"45t3cbrh87naug1"},"id":"ob4r8629g2umh17","previousOperationId":"39emu6r2yu4ci3e"}
{"type":"log","timestamp":1704986538414,"level":"debug","message":"Running chrome with params {\"printBackground\":true,\"timeout\":59985,\"margin\":{}}","meta":{"rootId":"45t3cbrh87naug1","id":"45t3cbrh87naug1"},"id":"c21777nbdiqoc3b","previousOperationId":"39emu6r2yu4ci3e"}
{"type":"operationEnd","operationId":"39emu6r2yu4ci3e","timestamp":1704986538426,"id":"5woqtcif4tkjwzt","previousEventId":"txs6rmh8i5ueopu","previousOperationId":"39emu6r2yu4ci3e"}
{"type":"log","timestamp":1704986538426,"level":"debug","message":"Skipping storing report.","meta":{"rootId":"45t3cbrh87naug1","id":"45t3cbrh87naug1"},"id":"j0fl9v6va8m341e","previousOperationId":"39emu6r2yu4ci3e"}
{"type":"log","timestamp":1704986538426,"level":"info","message":"Rendering request 5 finished in 104 ms","meta":{"rootId":"45t3cbrh87naug1","id":"45t3cbrh87naug1"},"id":"pefo81k4jp9e8ex","previousOperationId":"39emu6r2yu4ci3e"}
{"type":"operationEnd","subtype":"render","operationId":"dtfyjj009grs6ai","timestamp":1704986538426,"id":"fxmuqhzc8lla8t2","previousEventId":"5woqtcif4tkjwzt","previousOperationId":"39emu6r2yu4ci3e"}
{"type":"operationEnd","doDiffs":false,"previousEventId":"ty9xg273chsjgrl","previousOperationId":"nz58mdjkthws7pt","operationId":"nz58mdjkthws7pt","timestamp":1704986538430,"id":"lvswj0zdwocwlln"}
