{"type":"operationStart","subtype":"profile","data":{"_id":"wD3eZyWcG6H6N0sc","timestamp":"2024-01-08T20:04:09.246Z","state":"queued","mode":"standard","creationDate":"2024-01-08T20:04:09.247Z","modificationDate":"2024-01-08T20:04:09.247Z","shortid":"vwTD0ru","$entitySet":"profiles"},"doDiffs":false,"timestamp":1704744249247,"id":"1l5irdv6pcuqj26","previousOperationId":null,"operationId":"6o1l52gp9r54hrw"}
{"type":"log","level":"info","message":"Render request 4 queued for execution and waiting for available worker","previousOperationId":"6o1l52gp9r54hrw","timestamp":1704744249247,"id":"4yanqjflh3yevn8"}
{"type":"operationStart","subtype":"render","name":"AveragePunctuation","previousOperationId":"6o1l52gp9r54hrw","timestamp":1704744249257,"id":"q2pu5rv8umqg3z0","previousEventId":"1l5irdv6pcuqj26","operationId":"1nksevnclgxajds"}
{"type":"log","timestamp":1704744249257,"level":"info","message":"Starting rendering request 4","meta":{"rootId":"4mj57l2aa5s6w4l","id":"4mj57l2aa5s6w4l"},"id":"flm8zubx2r9ayjn","previousOperationId":"1nksevnclgxajds"}
{"type":"log","timestamp":1704744249257,"level":"info","message":"Rendering template { name: AveragePunctuation, recipe: chrome-pdf, engine: handlebars, preview: true }","meta":{"rootId":"4mj57l2aa5s6w4l","id":"4mj57l2aa5s6w4l"},"id":"9302g0b6pl9dkfc","previousOperationId":"1nksevnclgxajds"}
{"type":"log","timestamp":1704744249258,"level":"debug","message":"Adding sample data J_sWWEmNH","meta":{"rootId":"4mj57l2aa5s6w4l","id":"4mj57l2aa5s6w4l"},"id":"gahy5m72uv2t3ue","previousOperationId":"1nksevnclgxajds"}
{"type":"log","timestamp":1704744249260,"level":"debug","message":"Base url not specified, skipping its injection.","meta":{"rootId":"4mj57l2aa5s6w4l","id":"4mj57l2aa5s6w4l"},"id":"kta0bqgqkwlb2nz","previousOperationId":"1nksevnclgxajds"}
{"type":"operationStart","subtype":"engine","name":"handlebars","timestamp":1704744249260,"id":"pnhf31a4wn5dml3","previousEventId":"q2pu5rv8umqg3z0","operationId":"fxj3lj2tlb0o0ie","previousOperationId":"1nksevnclgxajds"}
{"type":"log","timestamp":1704744249260,"level":"debug","message":"Rendering engine handlebars","meta":{"rootId":"4mj57l2aa5s6w4l","id":"4mj57l2aa5s6w4l"},"id":"6yeog1tqc0yrnu5","previousOperationId":"fxj3lj2tlb0o0ie"}
{"type":"operationEnd","operationId":"fxj3lj2tlb0o0ie","timestamp":1704744249432,"id":"yab2r71nx0nmc0r","previousEventId":"pnhf31a4wn5dml3","previousOperationId":"fxj3lj2tlb0o0ie"}
{"type":"operationStart","subtype":"recipe","name":"chrome-pdf","timestamp":1704744249433,"id":"jj63fppvai35g17","previousEventId":"yab2r71nx0nmc0r","operationId":"0nz1qxr8vjy9epi","previousOperationId":"fxj3lj2tlb0o0ie"}
{"type":"log","timestamp":1704744249433,"level":"debug","message":"Executing recipe chrome-pdf","meta":{"rootId":"4mj57l2aa5s6w4l","id":"4mj57l2aa5s6w4l"},"id":"phlvs0kukinxc4w","previousOperationId":"0nz1qxr8vjy9epi"}
{"type":"log","timestamp":1704744249442,"level":"debug","message":"Converting with chrome HeadlessChrome/117.0.5938.149 using chrome-pool strategy","meta":{"rootId":"4mj57l2aa5s6w4l","id":"4mj57l2aa5s6w4l"},"id":"hd2tlsk55a7io4k","previousOperationId":"0nz1qxr8vjy9epi"}
{"type":"log","timestamp":1704744249531,"level":"debug","message":"Page request: GET (document) file:///C:/Users/Javier/AppData/Local/Temp/jsreport/autocleanup/59e0acc1-e35d-40fe-9b41-76adce3c7539-chrome-pdf.html","meta":{"rootId":"4mj57l2aa5s6w4l","id":"4mj57l2aa5s6w4l"},"id":"o04savtfumnisr8","previousOperationId":"0nz1qxr8vjy9epi"}
{"type":"log","timestamp":1704744249539,"level":"debug","message":"Page request finished: GET (document) 200 file:///C:/Users/Javier/AppData/Local/Temp/jsreport/autocleanup/59e0acc1-e35d-40fe-9b41-76adce3c7539-chrome-pdf.html","meta":{"rootId":"4mj57l2aa5s6w4l","id":"4mj57l2aa5s6w4l"},"id":"n0n9yetiedq13aj","previousOperationId":"0nz1qxr8vjy9epi"}
{"type":"log","timestamp":1704744249542,"level":"debug","message":"Running chrome with params {\"printBackground\":true,\"timeout\":59807,\"margin\":{}}","meta":{"rootId":"4mj57l2aa5s6w4l","id":"4mj57l2aa5s6w4l"},"id":"osxh2p37c6v7efl","previousOperationId":"0nz1qxr8vjy9epi"}
{"type":"operationEnd","operationId":"0nz1qxr8vjy9epi","timestamp":1704744249549,"id":"n01sil15vynbmyi","previousEventId":"jj63fppvai35g17","previousOperationId":"0nz1qxr8vjy9epi"}
{"type":"log","timestamp":1704744249550,"level":"debug","message":"Skipping storing report.","meta":{"rootId":"4mj57l2aa5s6w4l","id":"4mj57l2aa5s6w4l"},"id":"cr5g0yq2ofix3y7","previousOperationId":"0nz1qxr8vjy9epi"}
{"type":"log","timestamp":1704744249550,"level":"info","message":"Rendering request 4 finished in 304 ms","meta":{"rootId":"4mj57l2aa5s6w4l","id":"4mj57l2aa5s6w4l"},"id":"8njc19jm1ugj9cp","previousOperationId":"0nz1qxr8vjy9epi"}
{"type":"operationEnd","subtype":"render","operationId":"1nksevnclgxajds","timestamp":1704744249550,"id":"84lmekvdebg7tbt","previousEventId":"n01sil15vynbmyi","previousOperationId":"0nz1qxr8vjy9epi"}
{"type":"operationEnd","doDiffs":false,"previousEventId":"1l5irdv6pcuqj26","previousOperationId":"6o1l52gp9r54hrw","operationId":"6o1l52gp9r54hrw","timestamp":1704744249587,"id":"7cltc676g0u0tx2"}
