{"type":"operationStart","subtype":"profile","data":{"_id":"xbxzD9QxRTTEq3iv","timestamp":"2024-01-11T13:08:10.653Z","state":"queued","mode":"standard","creationDate":"2024-01-11T13:08:10.655Z","modificationDate":"2024-01-11T13:08:10.655Z","shortid":"S-sI1NA","$entitySet":"profiles"},"doDiffs":false,"timestamp":1704978490654,"id":"d3ryialqpvyawa7","previousOperationId":null,"operationId":"gnk556d086ol16w"}
{"type":"log","level":"info","message":"Render request 47 queued for execution and waiting for available worker","previousOperationId":"gnk556d086ol16w","timestamp":1704978490654,"id":"k66478ackv2i1rp"}
{"type":"operationStart","subtype":"render","name":"AveragePunctuation","previousOperationId":"gnk556d086ol16w","timestamp":1704978490659,"id":"s0enzfd64vusivf","previousEventId":"d3ryialqpvyawa7","operationId":"7m81bzjh3o8gblv"}
{"type":"log","timestamp":1704978490659,"level":"info","message":"Starting rendering request 47","meta":{"rootId":"5xibcrqai02tniw","id":"5xibcrqai02tniw"},"id":"l44r9wifi7zwigi","previousOperationId":"7m81bzjh3o8gblv"}
{"type":"log","timestamp":1704978490659,"level":"info","message":"Rendering template { name: AveragePunctuation, recipe: chrome-pdf, engine: handlebars, preview: false }","meta":{"rootId":"5xibcrqai02tniw","id":"5xibcrqai02tniw"},"id":"968k14cldhtj5ts","previousOperationId":"7m81bzjh3o8gblv"}
{"type":"log","timestamp":1704978490659,"level":"debug","message":"Inline data specified.","meta":{"rootId":"5xibcrqai02tniw","id":"5xibcrqai02tniw"},"id":"ascwgj1llnd07wh","previousOperationId":"7m81bzjh3o8gblv"}
{"type":"log","timestamp":1704978490660,"level":"debug","message":"Base url not specified, skipping its injection.","meta":{"rootId":"5xibcrqai02tniw","id":"5xibcrqai02tniw"},"id":"ze3n17bnbe3a6cs","previousOperationId":"7m81bzjh3o8gblv"}
{"type":"operationStart","subtype":"engine","name":"handlebars","timestamp":1704978490660,"id":"9jkrih2e4fairfe","previousEventId":"s0enzfd64vusivf","operationId":"i9rsgr8zpp1d9tp","previousOperationId":"7m81bzjh3o8gblv"}
{"type":"log","timestamp":1704978490660,"level":"debug","message":"Rendering engine handlebars","meta":{"rootId":"5xibcrqai02tniw","id":"5xibcrqai02tniw"},"id":"0o8lmidpmx9zfn2","previousOperationId":"i9rsgr8zpp1d9tp"}
{"type":"operationEnd","operationId":"i9rsgr8zpp1d9tp","timestamp":1704978490665,"id":"5qkl4iryq0vqb3y","previousEventId":"9jkrih2e4fairfe","previousOperationId":"i9rsgr8zpp1d9tp"}
{"type":"operationStart","subtype":"recipe","name":"chrome-pdf","timestamp":1704978490666,"id":"uh3shj7f3xfuwiz","previousEventId":"5qkl4iryq0vqb3y","operationId":"ghms9uvoc1oljg7","previousOperationId":"i9rsgr8zpp1d9tp"}
{"type":"log","timestamp":1704978490666,"level":"debug","message":"Executing recipe chrome-pdf","meta":{"rootId":"5xibcrqai02tniw","id":"5xibcrqai02tniw"},"id":"uzjx889c1y6eq5e","previousOperationId":"ghms9uvoc1oljg7"}
{"type":"log","timestamp":1704978490667,"level":"debug","message":"Converting with chrome HeadlessChrome/117.0.5938.149 using chrome-pool strategy","meta":{"rootId":"5xibcrqai02tniw","id":"5xibcrqai02tniw"},"id":"tmoqf1mugyhq1xe","previousOperationId":"ghms9uvoc1oljg7"}
{"type":"log","timestamp":1704978490734,"level":"debug","message":"Page request: GET (document) file:///C:/Users/Javier/AppData/Local/Temp/jsreport/autocleanup/e87fa726-b5af-4c14-9e20-2f0fe01e8a5d-chrome-pdf.html","meta":{"rootId":"5xibcrqai02tniw","id":"5xibcrqai02tniw"},"id":"9y1gm3f3eijdrgp","previousOperationId":"ghms9uvoc1oljg7"}
{"type":"log","timestamp":1704978490747,"level":"debug","message":"Page request finished: GET (document) 200 file:///C:/Users/Javier/AppData/Local/Temp/jsreport/autocleanup/e87fa726-b5af-4c14-9e20-2f0fe01e8a5d-chrome-pdf.html","meta":{"rootId":"5xibcrqai02tniw","id":"5xibcrqai02tniw"},"id":"fs65wen9h1u96of","previousOperationId":"ghms9uvoc1oljg7"}
{"type":"log","timestamp":1704978490750,"level":"debug","message":"Running chrome with params {\"printBackground\":true,\"timeout\":59987,\"margin\":{}}","meta":{"rootId":"5xibcrqai02tniw","id":"5xibcrqai02tniw"},"id":"gevzcpqjshwgi0w","previousOperationId":"ghms9uvoc1oljg7"}
{"type":"operationEnd","operationId":"ghms9uvoc1oljg7","timestamp":1704978490762,"id":"lqyiee5dre1sk6x","previousEventId":"uh3shj7f3xfuwiz","previousOperationId":"ghms9uvoc1oljg7"}
{"type":"log","timestamp":1704978490762,"level":"debug","message":"Skipping storing report.","meta":{"rootId":"5xibcrqai02tniw","id":"5xibcrqai02tniw"},"id":"bt5dsvndbf1cy17","previousOperationId":"ghms9uvoc1oljg7"}
{"type":"log","timestamp":1704978490762,"level":"info","message":"Rendering request 47 finished in 109 ms","meta":{"rootId":"5xibcrqai02tniw","id":"5xibcrqai02tniw"},"id":"qvfsy6vzxcco5wr","previousOperationId":"ghms9uvoc1oljg7"}
{"type":"operationEnd","subtype":"render","operationId":"7m81bzjh3o8gblv","timestamp":1704978490762,"id":"nxmoa7munraqdua","previousEventId":"lqyiee5dre1sk6x","previousOperationId":"ghms9uvoc1oljg7"}
{"type":"operationEnd","doDiffs":false,"previousEventId":"d3ryialqpvyawa7","previousOperationId":"gnk556d086ol16w","operationId":"gnk556d086ol16w","timestamp":1704978490765,"id":"zq4nk1ihc9vrwxo"}
