{"type":"operationStart","subtype":"profile","data":{"_id":"udEvicMM2vYwzC1K","timestamp":"2024-01-11T15:22:15.132Z","state":"queued","mode":"standard","creationDate":"2024-01-11T15:22:15.134Z","modificationDate":"2024-01-11T15:22:15.134Z","shortid":"gmuH8O4","$entitySet":"profiles"},"doDiffs":false,"timestamp":1704986535134,"id":"6o1ibnw3dvr4m1z","previousOperationId":null,"operationId":"4eik60hecnow8g5"}
{"type":"log","level":"info","message":"Render request 4 queued for execution and waiting for available worker","previousOperationId":"4eik60hecnow8g5","timestamp":1704986535134,"id":"f68sne1ggkiabbk"}
{"type":"operationStart","subtype":"render","name":"AveragePunctuation","previousOperationId":"4eik60hecnow8g5","timestamp":1704986535139,"id":"7hygu6o7jwp09pc","previousEventId":"6o1ibnw3dvr4m1z","operationId":"i34ikfxlgwggk1w"}
{"type":"log","timestamp":1704986535139,"level":"info","message":"Starting rendering request 4","meta":{"rootId":"6ft7360ijci6v1o","id":"6ft7360ijci6v1o"},"id":"gwgb1o5z2w9gq7h","previousOperationId":"i34ikfxlgwggk1w"}
{"type":"log","timestamp":1704986535139,"level":"info","message":"Rendering template { name: AveragePunctuation, recipe: chrome-pdf, engine: handlebars, preview: false }","meta":{"rootId":"6ft7360ijci6v1o","id":"6ft7360ijci6v1o"},"id":"04lk0uioioauedr","previousOperationId":"i34ikfxlgwggk1w"}
{"type":"log","timestamp":1704986535140,"level":"debug","message":"Inline data specified.","meta":{"rootId":"6ft7360ijci6v1o","id":"6ft7360ijci6v1o"},"id":"4z86rm7a369az13","previousOperationId":"i34ikfxlgwggk1w"}
{"type":"log","timestamp":1704986535141,"level":"debug","message":"Base url not specified, skipping its injection.","meta":{"rootId":"6ft7360ijci6v1o","id":"6ft7360ijci6v1o"},"id":"5ev2zhvhuuokcqg","previousOperationId":"i34ikfxlgwggk1w"}
{"type":"operationStart","subtype":"engine","name":"handlebars","timestamp":1704986535141,"id":"1tzjr97sxqusumx","previousEventId":"7hygu6o7jwp09pc","operationId":"8vzl2n8lp8wr861","previousOperationId":"i34ikfxlgwggk1w"}
{"type":"log","timestamp":1704986535141,"level":"debug","message":"Rendering engine handlebars","meta":{"rootId":"6ft7360ijci6v1o","id":"6ft7360ijci6v1o"},"id":"vjwh3zwe1wermnd","previousOperationId":"8vzl2n8lp8wr861"}
{"type":"operationEnd","operationId":"8vzl2n8lp8wr861","timestamp":1704986535148,"id":"pbd0jygw6lq7xl4","previousEventId":"1tzjr97sxqusumx","previousOperationId":"8vzl2n8lp8wr861"}
{"type":"operationStart","subtype":"recipe","name":"chrome-pdf","timestamp":1704986535148,"id":"wmqnih19bzwksjv","previousEventId":"pbd0jygw6lq7xl4","operationId":"7q55vj0z8y0i8wy","previousOperationId":"8vzl2n8lp8wr861"}
{"type":"log","timestamp":1704986535148,"level":"debug","message":"Executing recipe chrome-pdf","meta":{"rootId":"6ft7360ijci6v1o","id":"6ft7360ijci6v1o"},"id":"dfcrgjshgq789pp","previousOperationId":"7q55vj0z8y0i8wy"}
{"type":"log","timestamp":1704986535150,"level":"debug","message":"Converting with chrome HeadlessChrome/117.0.5938.149 using chrome-pool strategy","meta":{"rootId":"6ft7360ijci6v1o","id":"6ft7360ijci6v1o"},"id":"y5rfy7vtw9u8adg","previousOperationId":"7q55vj0z8y0i8wy"}
{"type":"log","timestamp":1704986535215,"level":"debug","message":"Page request: GET (document) file:///C:/Users/Javier/AppData/Local/Temp/jsreport/autocleanup/86fdd410-b4ee-41bd-9074-85c271b61bb6-chrome-pdf.html","meta":{"rootId":"6ft7360ijci6v1o","id":"6ft7360ijci6v1o"},"id":"yptxaioqxu0jpj5","previousOperationId":"7q55vj0z8y0i8wy"}
{"type":"log","timestamp":1704986535229,"level":"debug","message":"Page request finished: GET (document) 200 file:///C:/Users/Javier/AppData/Local/Temp/jsreport/autocleanup/86fdd410-b4ee-41bd-9074-85c271b61bb6-chrome-pdf.html","meta":{"rootId":"6ft7360ijci6v1o","id":"6ft7360ijci6v1o"},"id":"392v9zqbqlrlgie","previousOperationId":"7q55vj0z8y0i8wy"}
{"type":"log","timestamp":1704986535232,"level":"debug","message":"Running chrome with params {\"printBackground\":true,\"timeout\":59983,\"margin\":{}}","meta":{"rootId":"6ft7360ijci6v1o","id":"6ft7360ijci6v1o"},"id":"oz1jf9cvbcmj45h","previousOperationId":"7q55vj0z8y0i8wy"}
{"type":"operationEnd","operationId":"7q55vj0z8y0i8wy","timestamp":1704986535243,"id":"r1qo93v7iuz1ck9","previousEventId":"wmqnih19bzwksjv","previousOperationId":"7q55vj0z8y0i8wy"}
{"type":"log","timestamp":1704986535243,"level":"debug","message":"Skipping storing report.","meta":{"rootId":"6ft7360ijci6v1o","id":"6ft7360ijci6v1o"},"id":"w4t9774e4d7lkdp","previousOperationId":"7q55vj0z8y0i8wy"}
{"type":"log","timestamp":1704986535243,"level":"info","message":"Rendering request 4 finished in 111 ms","meta":{"rootId":"6ft7360ijci6v1o","id":"6ft7360ijci6v1o"},"id":"7oh2it1zcwk08zn","previousOperationId":"7q55vj0z8y0i8wy"}
{"type":"operationEnd","subtype":"render","operationId":"i34ikfxlgwggk1w","timestamp":1704986535243,"id":"l9s4jfsszn7i1t3","previousEventId":"r1qo93v7iuz1ck9","previousOperationId":"7q55vj0z8y0i8wy"}
{"type":"operationEnd","doDiffs":false,"previousEventId":"6o1ibnw3dvr4m1z","previousOperationId":"4eik60hecnow8g5","operationId":"4eik60hecnow8g5","timestamp":1704986535247,"id":"f3g64pj187xwd12"}
