{"type":"operationStart","subtype":"profile","data":{"_id":"dlpjaS1AaWJFMfPR","timestamp":"2024-01-08T20:06:57.671Z","state":"queued","mode":"standard","creationDate":"2024-01-08T20:06:57.673Z","modificationDate":"2024-01-08T20:06:57.673Z","shortid":"48L4RvR","$entitySet":"profiles"},"doDiffs":false,"timestamp":1704744417672,"id":"7cmqrzrvygs3wz8","previousOperationId":null,"operationId":"oswxrd5pqytflgg"}
{"type":"log","level":"info","message":"Render request 7 queued for execution and waiting for available worker","previousOperationId":"oswxrd5pqytflgg","timestamp":1704744417672,"id":"3tqxgfcnme6g8eh"}
{"type":"operationStart","subtype":"render","name":"AveragePunctuation","previousOperationId":"oswxrd5pqytflgg","timestamp":1704744417682,"id":"kjsh2wmik43ftwt","previousEventId":"7cmqrzrvygs3wz8","operationId":"y6kkzb9v4b2zg5m"}
{"type":"log","timestamp":1704744417683,"level":"info","message":"Starting rendering request 7","meta":{"rootId":"6s1joda4f6208k1","id":"6s1joda4f6208k1"},"id":"utlve3tzolri1dh","previousOperationId":"y6kkzb9v4b2zg5m"}
{"type":"log","timestamp":1704744417683,"level":"info","message":"Rendering template { name: AveragePunctuation, recipe: chrome-pdf, engine: handlebars, preview: true }","meta":{"rootId":"6s1joda4f6208k1","id":"6s1joda4f6208k1"},"id":"skd6158x54qb7k5","previousOperationId":"y6kkzb9v4b2zg5m"}
{"type":"log","timestamp":1704744417684,"level":"debug","message":"Inline data specified.","meta":{"rootId":"6s1joda4f6208k1","id":"6s1joda4f6208k1"},"id":"1njgegjym2gls7i","previousOperationId":"y6kkzb9v4b2zg5m"}
{"type":"log","timestamp":1704744417686,"level":"debug","message":"Base url not specified, skipping its injection.","meta":{"rootId":"6s1joda4f6208k1","id":"6s1joda4f6208k1"},"id":"sva1u8seaxz7e9k","previousOperationId":"y6kkzb9v4b2zg5m"}
{"type":"operationStart","subtype":"engine","name":"handlebars","timestamp":1704744417686,"id":"cl6welh7qnaubz1","previousEventId":"kjsh2wmik43ftwt","operationId":"gy6ane8wpzril9z","previousOperationId":"y6kkzb9v4b2zg5m"}
{"type":"log","timestamp":1704744417686,"level":"debug","message":"Rendering engine handlebars","meta":{"rootId":"6s1joda4f6208k1","id":"6s1joda4f6208k1"},"id":"r2oi1b3ud3xb39l","previousOperationId":"gy6ane8wpzril9z"}
{"type":"operationEnd","operationId":"gy6ane8wpzril9z","timestamp":1704744417708,"id":"qfe5tq0givty2ea","previousEventId":"cl6welh7qnaubz1","previousOperationId":"gy6ane8wpzril9z"}
{"type":"operationStart","subtype":"recipe","name":"chrome-pdf","timestamp":1704744417709,"id":"79xoxbaplh5rp78","previousEventId":"qfe5tq0givty2ea","operationId":"xf0f0sct6zr9ns3","previousOperationId":"gy6ane8wpzril9z"}
{"type":"log","timestamp":1704744417709,"level":"debug","message":"Executing recipe chrome-pdf","meta":{"rootId":"6s1joda4f6208k1","id":"6s1joda4f6208k1"},"id":"saka079c1p5gvv5","previousOperationId":"xf0f0sct6zr9ns3"}
{"type":"log","timestamp":1704744417712,"level":"debug","message":"Converting with chrome HeadlessChrome/117.0.5938.149 using chrome-pool strategy","meta":{"rootId":"6s1joda4f6208k1","id":"6s1joda4f6208k1"},"id":"tb40di1vui3glhs","previousOperationId":"xf0f0sct6zr9ns3"}
{"type":"log","timestamp":1704744417823,"level":"debug","message":"Page request: GET (document) file:///C:/Users/Javier/AppData/Local/Temp/jsreport/autocleanup/dc10990e-a6f3-4f57-9259-dbf19735a067-chrome-pdf.html","meta":{"rootId":"6s1joda4f6208k1","id":"6s1joda4f6208k1"},"id":"s09kf0e5u64rp8r","previousOperationId":"xf0f0sct6zr9ns3"}
{"type":"log","timestamp":1704744417834,"level":"debug","message":"Page request finished: GET (document) 200 file:///C:/Users/Javier/AppData/Local/Temp/jsreport/autocleanup/dc10990e-a6f3-4f57-9259-dbf19735a067-chrome-pdf.html","meta":{"rootId":"6s1joda4f6208k1","id":"6s1joda4f6208k1"},"id":"1nh6qd3utfksmo0","previousOperationId":"xf0f0sct6zr9ns3"}
{"type":"log","timestamp":1704744417839,"level":"debug","message":"Running chrome with params {\"printBackground\":true,\"timeout\":59960,\"margin\":{}}","meta":{"rootId":"6s1joda4f6208k1","id":"6s1joda4f6208k1"},"id":"5wf3f7efneppvst","previousOperationId":"xf0f0sct6zr9ns3"}
{"type":"operationEnd","operationId":"xf0f0sct6zr9ns3","timestamp":1704744417853,"id":"h50hc2edgrurqaj","previousEventId":"79xoxbaplh5rp78","previousOperationId":"xf0f0sct6zr9ns3"}
{"type":"log","timestamp":1704744417853,"level":"debug","message":"Skipping storing report.","meta":{"rootId":"6s1joda4f6208k1","id":"6s1joda4f6208k1"},"id":"nyc6isd99wnm9j2","previousOperationId":"xf0f0sct6zr9ns3"}
{"type":"log","timestamp":1704744417853,"level":"info","message":"Rendering request 7 finished in 182 ms","meta":{"rootId":"6s1joda4f6208k1","id":"6s1joda4f6208k1"},"id":"szuxt08qunjegss","previousOperationId":"xf0f0sct6zr9ns3"}
{"type":"operationEnd","subtype":"render","operationId":"y6kkzb9v4b2zg5m","timestamp":1704744417853,"id":"g5e2abd4j0wf976","previousEventId":"h50hc2edgrurqaj","previousOperationId":"xf0f0sct6zr9ns3"}
{"type":"operationEnd","doDiffs":false,"previousEventId":"7cmqrzrvygs3wz8","previousOperationId":"oswxrd5pqytflgg","operationId":"oswxrd5pqytflgg","timestamp":1704744417861,"id":"ibe5ik3ta5jkln7"}
