{"type":"operationStart","subtype":"profile","data":{"_id":"1kFY9ukBOQuQgw11","timestamp":"2024-01-11T13:46:42.647Z","state":"queued","mode":"standard","creationDate":"2024-01-11T13:46:42.648Z","modificationDate":"2024-01-11T13:46:42.648Z","shortid":"oSrqPrF","$entitySet":"profiles"},"doDiffs":false,"timestamp":1704980802648,"id":"tbwf3glojiji1kv","previousOperationId":null,"operationId":"eh5m6x5bm772na7"}
{"type":"log","level":"info","message":"Render request 48 queued for execution and waiting for available worker","previousOperationId":"eh5m6x5bm772na7","timestamp":1704980802648,"id":"5vkv9ku9xg72ps7"}
{"type":"operationStart","subtype":"render","name":"AveragePunctuation","previousOperationId":"eh5m6x5bm772na7","timestamp":1704980802654,"id":"2rjhw143akes64f","previousEventId":"tbwf3glojiji1kv","operationId":"x7ffhitxpwfswmj"}
{"type":"log","timestamp":1704980802654,"level":"info","message":"Starting rendering request 48","meta":{"rootId":"8t4tv75gyx05uoy","id":"8t4tv75gyx05uoy"},"id":"p4lv43vf48nbh8w","previousOperationId":"x7ffhitxpwfswmj"}
{"type":"log","timestamp":1704980802654,"level":"info","message":"Rendering template { name: AveragePunctuation, recipe: chrome-pdf, engine: handlebars, preview: false }","meta":{"rootId":"8t4tv75gyx05uoy","id":"8t4tv75gyx05uoy"},"id":"vfk79h8pryfhcnf","previousOperationId":"x7ffhitxpwfswmj"}
{"type":"log","timestamp":1704980802655,"level":"debug","message":"Inline data specified.","meta":{"rootId":"8t4tv75gyx05uoy","id":"8t4tv75gyx05uoy"},"id":"tteyov5dhwncm7j","previousOperationId":"x7ffhitxpwfswmj"}
{"type":"log","timestamp":1704980802658,"level":"debug","message":"Base url not specified, skipping its injection.","meta":{"rootId":"8t4tv75gyx05uoy","id":"8t4tv75gyx05uoy"},"id":"qngdylrmiox8380","previousOperationId":"x7ffhitxpwfswmj"}
{"type":"operationStart","subtype":"engine","name":"handlebars","timestamp":1704980802658,"id":"ndrry5zod3beztw","previousEventId":"2rjhw143akes64f","operationId":"2ianmzsdl52r9a4","previousOperationId":"x7ffhitxpwfswmj"}
{"type":"log","timestamp":1704980802658,"level":"debug","message":"Rendering engine handlebars","meta":{"rootId":"8t4tv75gyx05uoy","id":"8t4tv75gyx05uoy"},"id":"33oeqc6e12zhe3q","previousOperationId":"2ianmzsdl52r9a4"}
{"type":"operationEnd","operationId":"2ianmzsdl52r9a4","timestamp":1704980802667,"id":"4g25zp6h3musgnr","previousEventId":"ndrry5zod3beztw","previousOperationId":"2ianmzsdl52r9a4"}
{"type":"operationStart","subtype":"recipe","name":"chrome-pdf","timestamp":1704980802668,"id":"ocrzvh19tazwi15","previousEventId":"4g25zp6h3musgnr","operationId":"52qqwbjuena3lgx","previousOperationId":"2ianmzsdl52r9a4"}
{"type":"log","timestamp":1704980802668,"level":"debug","message":"Executing recipe chrome-pdf","meta":{"rootId":"8t4tv75gyx05uoy","id":"8t4tv75gyx05uoy"},"id":"nveskq85e33k5sm","previousOperationId":"52qqwbjuena3lgx"}
{"type":"log","timestamp":1704980802670,"level":"debug","message":"Converting with chrome HeadlessChrome/117.0.5938.149 using chrome-pool strategy","meta":{"rootId":"8t4tv75gyx05uoy","id":"8t4tv75gyx05uoy"},"id":"jervcllax99d2nx","previousOperationId":"52qqwbjuena3lgx"}
{"type":"log","timestamp":1704980802746,"level":"debug","message":"Page request: GET (document) file:///C:/Users/Javier/AppData/Local/Temp/jsreport/autocleanup/d64d7302-300b-45eb-a9fc-359ff4031965-chrome-pdf.html","meta":{"rootId":"8t4tv75gyx05uoy","id":"8t4tv75gyx05uoy"},"id":"5qbw950g9mvqh18","previousOperationId":"52qqwbjuena3lgx"}
{"type":"log","timestamp":1704980802752,"level":"debug","message":"Page request finished: GET (document) 200 file:///C:/Users/Javier/AppData/Local/Temp/jsreport/autocleanup/d64d7302-300b-45eb-a9fc-359ff4031965-chrome-pdf.html","meta":{"rootId":"8t4tv75gyx05uoy","id":"8t4tv75gyx05uoy"},"id":"7petavvmd5c4xbf","previousOperationId":"52qqwbjuena3lgx"}
{"type":"log","timestamp":1704980802756,"level":"debug","message":"Running chrome with params {\"printBackground\":true,\"timeout\":59978,\"margin\":{}}","meta":{"rootId":"8t4tv75gyx05uoy","id":"8t4tv75gyx05uoy"},"id":"s41pqx6atf1mcro","previousOperationId":"52qqwbjuena3lgx"}
{"type":"operationEnd","operationId":"52qqwbjuena3lgx","timestamp":1704980802767,"id":"sv1h0qqw6voytjx","previousEventId":"ocrzvh19tazwi15","previousOperationId":"52qqwbjuena3lgx"}
{"type":"log","timestamp":1704980802767,"level":"debug","message":"Skipping storing report.","meta":{"rootId":"8t4tv75gyx05uoy","id":"8t4tv75gyx05uoy"},"id":"pbyzhq7biktu5pt","previousOperationId":"52qqwbjuena3lgx"}
{"type":"log","timestamp":1704980802767,"level":"info","message":"Rendering request 48 finished in 120 ms","meta":{"rootId":"8t4tv75gyx05uoy","id":"8t4tv75gyx05uoy"},"id":"zaystyyb2vn143i","previousOperationId":"52qqwbjuena3lgx"}
{"type":"operationEnd","subtype":"render","operationId":"x7ffhitxpwfswmj","timestamp":1704980802767,"id":"eugjhikd2vv6y5u","previousEventId":"sv1h0qqw6voytjx","previousOperationId":"52qqwbjuena3lgx"}
{"type":"operationEnd","doDiffs":false,"previousEventId":"tbwf3glojiji1kv","previousOperationId":"eh5m6x5bm772na7","operationId":"eh5m6x5bm772na7","timestamp":1704980802768,"id":"bltf6ejbk5ggdw0"}
