{"type":"operationStart","subtype":"profile","data":{"_id":"If8lTlMcOlnpgwf6","timestamp":"2024-01-08T20:05:42.671Z","state":"queued","mode":"standard","creationDate":"2024-01-08T20:05:42.673Z","modificationDate":"2024-01-08T20:05:42.673Z","shortid":"cp8BCzv","$entitySet":"profiles"},"doDiffs":false,"timestamp":1704744342672,"id":"4kfa4nte2q2yto2","previousOperationId":null,"operationId":"81hfwojio0o4mfs"}
{"type":"log","level":"info","message":"Render request 6 queued for execution and waiting for available worker","previousOperationId":"81hfwojio0o4mfs","timestamp":1704744342672,"id":"tht09z26mrvrtpe"}
{"type":"operationStart","subtype":"render","name":"AveragePunctuation","previousOperationId":"81hfwojio0o4mfs","timestamp":1704744342678,"id":"osgg9ibr7k9zfkl","previousEventId":"4kfa4nte2q2yto2","operationId":"ttmuf0jkqmrskuc"}
{"type":"log","timestamp":1704744342678,"level":"info","message":"Starting rendering request 6","meta":{"rootId":"8ur5vngxjg5uc7o","id":"8ur5vngxjg5uc7o"},"id":"n1pkc0ayuzdg802","previousOperationId":"ttmuf0jkqmrskuc"}
{"type":"log","timestamp":1704744342678,"level":"info","message":"Rendering template { name: AveragePunctuation, recipe: chrome-pdf, engine: handlebars, preview: false }","meta":{"rootId":"8ur5vngxjg5uc7o","id":"8ur5vngxjg5uc7o"},"id":"p278x7wd2gg48tf","previousOperationId":"ttmuf0jkqmrskuc"}
{"type":"log","timestamp":1704744342680,"level":"debug","message":"Adding sample data J_sWWEmNH","meta":{"rootId":"8ur5vngxjg5uc7o","id":"8ur5vngxjg5uc7o"},"id":"ar4b0k9oxirfz21","previousOperationId":"ttmuf0jkqmrskuc"}
{"type":"log","timestamp":1704744342683,"level":"debug","message":"Base url not specified, skipping its injection.","meta":{"rootId":"8ur5vngxjg5uc7o","id":"8ur5vngxjg5uc7o"},"id":"9coh5lrtjkprpu6","previousOperationId":"ttmuf0jkqmrskuc"}
{"type":"operationStart","subtype":"engine","name":"handlebars","timestamp":1704744342683,"id":"gtwsdhj4xnrvaix","previousEventId":"osgg9ibr7k9zfkl","operationId":"hmm0jreo42h69hz","previousOperationId":"ttmuf0jkqmrskuc"}
{"type":"log","timestamp":1704744342683,"level":"debug","message":"Rendering engine handlebars","meta":{"rootId":"8ur5vngxjg5uc7o","id":"8ur5vngxjg5uc7o"},"id":"fnq2ln37te9k2dn","previousOperationId":"hmm0jreo42h69hz"}
{"type":"operationEnd","operationId":"hmm0jreo42h69hz","timestamp":1704744342708,"id":"dsspc8g5zylbdxf","previousEventId":"gtwsdhj4xnrvaix","previousOperationId":"hmm0jreo42h69hz"}
{"type":"operationStart","subtype":"recipe","name":"chrome-pdf","timestamp":1704744342709,"id":"bgtt28hxkqqfieh","previousEventId":"dsspc8g5zylbdxf","operationId":"b29ge9crzjf431o","previousOperationId":"hmm0jreo42h69hz"}
{"type":"log","timestamp":1704744342709,"level":"debug","message":"Executing recipe chrome-pdf","meta":{"rootId":"8ur5vngxjg5uc7o","id":"8ur5vngxjg5uc7o"},"id":"wphtirkcwqeu7kn","previousOperationId":"b29ge9crzjf431o"}
{"type":"log","timestamp":1704744342712,"level":"debug","message":"Converting with chrome HeadlessChrome/117.0.5938.149 using chrome-pool strategy","meta":{"rootId":"8ur5vngxjg5uc7o","id":"8ur5vngxjg5uc7o"},"id":"p8p5ypw1yxn122f","previousOperationId":"b29ge9crzjf431o"}
{"type":"log","timestamp":1704744342801,"level":"debug","message":"Page request: GET (document) file:///C:/Users/Javier/AppData/Local/Temp/jsreport/autocleanup/6726b711-ceec-4076-b97b-8add0fde6a91-chrome-pdf.html","meta":{"rootId":"8ur5vngxjg5uc7o","id":"8ur5vngxjg5uc7o"},"id":"r25epfwao8aa1no","previousOperationId":"b29ge9crzjf431o"}
{"type":"log","timestamp":1704744342809,"level":"debug","message":"Page request finished: GET (document) 200 file:///C:/Users/Javier/AppData/Local/Temp/jsreport/autocleanup/6726b711-ceec-4076-b97b-8add0fde6a91-chrome-pdf.html","meta":{"rootId":"8ur5vngxjg5uc7o","id":"8ur5vngxjg5uc7o"},"id":"50g0rqo2xqm6zf1","previousOperationId":"b29ge9crzjf431o"}
{"type":"log","timestamp":1704744342813,"level":"debug","message":"Running chrome with params {\"printBackground\":true,\"timeout\":59959,\"margin\":{}}","meta":{"rootId":"8ur5vngxjg5uc7o","id":"8ur5vngxjg5uc7o"},"id":"05tcmgx30ceu687","previousOperationId":"b29ge9crzjf431o"}
{"type":"operationEnd","operationId":"b29ge9crzjf431o","timestamp":1704744342824,"id":"wug364n0iv56hz3","previousEventId":"bgtt28hxkqqfieh","previousOperationId":"b29ge9crzjf431o"}
{"type":"log","timestamp":1704744342824,"level":"debug","message":"Skipping storing report.","meta":{"rootId":"8ur5vngxjg5uc7o","id":"8ur5vngxjg5uc7o"},"id":"e1spfzcuzlj784v","previousOperationId":"b29ge9crzjf431o"}
{"type":"log","timestamp":1704744342824,"level":"info","message":"Rendering request 6 finished in 154 ms","meta":{"rootId":"8ur5vngxjg5uc7o","id":"8ur5vngxjg5uc7o"},"id":"h7ml2ljj47fr6np","previousOperationId":"b29ge9crzjf431o"}
{"type":"operationEnd","subtype":"render","operationId":"ttmuf0jkqmrskuc","timestamp":1704744342824,"id":"8f9qnuk8i62gvje","previousEventId":"wug364n0iv56hz3","previousOperationId":"b29ge9crzjf431o"}
{"type":"operationEnd","doDiffs":false,"previousEventId":"4kfa4nte2q2yto2","previousOperationId":"81hfwojio0o4mfs","operationId":"81hfwojio0o4mfs","timestamp":1704744342828,"id":"pzhd79wpubobtq8"}
