{"type":"operationStart","subtype":"profile","data":{"_id":"thYDuKUftqDlO3dK","timestamp":"2024-01-08T20:04:38.131Z","state":"queued","mode":"standard","creationDate":"2024-01-08T20:04:38.133Z","modificationDate":"2024-01-08T20:04:38.133Z","shortid":"LgY6JsI","$entitySet":"profiles"},"doDiffs":false,"timestamp":1704744278132,"id":"wllxspk73rzllnk","previousOperationId":null,"operationId":"fui0k1o4p2ipkin"}
{"type":"log","level":"info","message":"Render request 5 queued for execution and waiting for available worker","previousOperationId":"fui0k1o4p2ipkin","timestamp":1704744278132,"id":"e3bhbxfy549uiee"}
{"type":"operationStart","subtype":"render","name":"AveragePunctuation","previousOperationId":"fui0k1o4p2ipkin","timestamp":1704744278140,"id":"c9qosq4syr5hwnt","previousEventId":"wllxspk73rzllnk","operationId":"aa359fdr8xkhlzq"}
{"type":"log","timestamp":1704744278140,"level":"info","message":"Starting rendering request 5","meta":{"rootId":"fn3tlqlmnmnh1k9","id":"fn3tlqlmnmnh1k9"},"id":"65x0zbjihq20vs0","previousOperationId":"aa359fdr8xkhlzq"}
{"type":"log","timestamp":1704744278140,"level":"info","message":"Rendering template { name: AveragePunctuation, recipe: chrome-pdf, engine: handlebars, preview: true }","meta":{"rootId":"fn3tlqlmnmnh1k9","id":"fn3tlqlmnmnh1k9"},"id":"9h8xpzpxkkf42x7","previousOperationId":"aa359fdr8xkhlzq"}
{"type":"log","timestamp":1704744278141,"level":"debug","message":"Adding sample data J_sWWEmNH","meta":{"rootId":"fn3tlqlmnmnh1k9","id":"fn3tlqlmnmnh1k9"},"id":"ayiz6zaf7182xs4","previousOperationId":"aa359fdr8xkhlzq"}
{"type":"log","timestamp":1704744278143,"level":"debug","message":"Base url not specified, skipping its injection.","meta":{"rootId":"fn3tlqlmnmnh1k9","id":"fn3tlqlmnmnh1k9"},"id":"zi2e724d5qkukn8","previousOperationId":"aa359fdr8xkhlzq"}
{"type":"operationStart","subtype":"engine","name":"handlebars","timestamp":1704744278143,"id":"ug5px6r5n91g4gq","previousEventId":"c9qosq4syr5hwnt","operationId":"5gfy8z1r5l14p9w","previousOperationId":"aa359fdr8xkhlzq"}
{"type":"log","timestamp":1704744278143,"level":"debug","message":"Rendering engine handlebars","meta":{"rootId":"fn3tlqlmnmnh1k9","id":"fn3tlqlmnmnh1k9"},"id":"sig91knv916w8nt","previousOperationId":"5gfy8z1r5l14p9w"}
{"type":"operationEnd","operationId":"5gfy8z1r5l14p9w","timestamp":1704744278381,"id":"uuj9jn7ej46jen0","previousEventId":"ug5px6r5n91g4gq","previousOperationId":"5gfy8z1r5l14p9w"}
{"type":"operationStart","subtype":"recipe","name":"chrome-pdf","timestamp":1704744278382,"id":"tr46n3hruu5tu5o","previousEventId":"uuj9jn7ej46jen0","operationId":"vqb0ydbjjkoouka","previousOperationId":"5gfy8z1r5l14p9w"}
{"type":"log","timestamp":1704744278382,"level":"debug","message":"Executing recipe chrome-pdf","meta":{"rootId":"fn3tlqlmnmnh1k9","id":"fn3tlqlmnmnh1k9"},"id":"q0pe6zucbxyuu60","previousOperationId":"vqb0ydbjjkoouka"}
{"type":"log","timestamp":1704744278384,"level":"debug","message":"Converting with chrome HeadlessChrome/117.0.5938.149 using chrome-pool strategy","meta":{"rootId":"fn3tlqlmnmnh1k9","id":"fn3tlqlmnmnh1k9"},"id":"ry34dc7eby01ld0","previousOperationId":"vqb0ydbjjkoouka"}
{"type":"log","timestamp":1704744278473,"level":"debug","message":"Page request: GET (document) file:///C:/Users/Javier/AppData/Local/Temp/jsreport/autocleanup/ad936a4a-8999-4798-8264-e9c9005a4b4d-chrome-pdf.html","meta":{"rootId":"fn3tlqlmnmnh1k9","id":"fn3tlqlmnmnh1k9"},"id":"ouynvqdgugvmbtj","previousOperationId":"vqb0ydbjjkoouka"}
{"type":"log","timestamp":1704744278491,"level":"debug","message":"Page request finished: GET (document) 200 file:///C:/Users/Javier/AppData/Local/Temp/jsreport/autocleanup/ad936a4a-8999-4798-8264-e9c9005a4b4d-chrome-pdf.html","meta":{"rootId":"fn3tlqlmnmnh1k9","id":"fn3tlqlmnmnh1k9"},"id":"ose5qrerc9s4qjc","previousOperationId":"vqb0ydbjjkoouka"}
{"type":"log","timestamp":1704744278495,"level":"debug","message":"Running chrome with params {\"printBackground\":true,\"timeout\":59748,\"margin\":{}}","meta":{"rootId":"fn3tlqlmnmnh1k9","id":"fn3tlqlmnmnh1k9"},"id":"lk6jufhhgc39hn2","previousOperationId":"vqb0ydbjjkoouka"}
{"type":"operationEnd","operationId":"vqb0ydbjjkoouka","timestamp":1704744278511,"id":"ihyl2f4tozeh85f","previousEventId":"tr46n3hruu5tu5o","previousOperationId":"vqb0ydbjjkoouka"}
{"type":"log","timestamp":1704744278511,"level":"debug","message":"Skipping storing report.","meta":{"rootId":"fn3tlqlmnmnh1k9","id":"fn3tlqlmnmnh1k9"},"id":"gwykzc3r87zjdrf","previousOperationId":"vqb0ydbjjkoouka"}
{"type":"log","timestamp":1704744278511,"level":"info","message":"Rendering request 5 finished in 380 ms","meta":{"rootId":"fn3tlqlmnmnh1k9","id":"fn3tlqlmnmnh1k9"},"id":"km5ydkizwv4n5dw","previousOperationId":"vqb0ydbjjkoouka"}
{"type":"operationEnd","subtype":"render","operationId":"aa359fdr8xkhlzq","timestamp":1704744278511,"id":"hm61mtdddghiwn5","previousEventId":"ihyl2f4tozeh85f","previousOperationId":"vqb0ydbjjkoouka"}
{"type":"operationEnd","doDiffs":false,"previousEventId":"wllxspk73rzllnk","previousOperationId":"fui0k1o4p2ipkin","operationId":"fui0k1o4p2ipkin","timestamp":1704744278521,"id":"xf4b2yx15ppj16b"}
