{"type":"operationStart","subtype":"profile","data":{"_id":"6azl5cHGfbsoV1xm","timestamp":"2024-01-08T20:28:17.459Z","state":"queued","mode":"standard","creationDate":"2024-01-08T20:28:17.461Z","modificationDate":"2024-01-08T20:28:17.461Z","shortid":"Rz7slJr","$entitySet":"profiles"},"doDiffs":false,"timestamp":1704745697460,"id":"l8a5hf8p3cttsk6","previousOperationId":null,"operationId":"2ka1i25br0pw8zk"}
{"type":"log","level":"info","message":"Render request 8 queued for execution and waiting for available worker","previousOperationId":"2ka1i25br0pw8zk","timestamp":1704745697460,"id":"ukglztb2gor4gcv"}
{"type":"operationStart","subtype":"render","name":"AveragePunctuation","previousOperationId":"2ka1i25br0pw8zk","timestamp":1704745697471,"id":"3xp48ei4fku6722","previousEventId":"l8a5hf8p3cttsk6","operationId":"tt9r7tp7qsgcttj"}
{"type":"log","timestamp":1704745697471,"level":"info","message":"Starting rendering request 8","meta":{"rootId":"qy8dapwkuurhdff","id":"qy8dapwkuurhdff"},"id":"rwago7f628mgxwn","previousOperationId":"tt9r7tp7qsgcttj"}
{"type":"log","timestamp":1704745697471,"level":"info","message":"Rendering template { name: AveragePunctuation, recipe: chrome-pdf, engine: handlebars, preview: true }","meta":{"rootId":"qy8dapwkuurhdff","id":"qy8dapwkuurhdff"},"id":"ptxzhpxvfukpcmh","previousOperationId":"tt9r7tp7qsgcttj"}
{"type":"log","timestamp":1704745697472,"level":"debug","message":"Inline data specified.","meta":{"rootId":"qy8dapwkuurhdff","id":"qy8dapwkuurhdff"},"id":"pcmk25x6k5temt1","previousOperationId":"tt9r7tp7qsgcttj"}
{"type":"log","timestamp":1704745697474,"level":"debug","message":"Base url not specified, skipping its injection.","meta":{"rootId":"qy8dapwkuurhdff","id":"qy8dapwkuurhdff"},"id":"4h6jommn99nfrhk","previousOperationId":"tt9r7tp7qsgcttj"}
{"type":"operationStart","subtype":"engine","name":"handlebars","timestamp":1704745697474,"id":"qq0rrjajupzhlm3","previousEventId":"3xp48ei4fku6722","operationId":"nyry2rdto417cuv","previousOperationId":"tt9r7tp7qsgcttj"}
{"type":"log","timestamp":1704745697474,"level":"debug","message":"Rendering engine handlebars","meta":{"rootId":"qy8dapwkuurhdff","id":"qy8dapwkuurhdff"},"id":"aldw9ja4fjgrkz0","previousOperationId":"nyry2rdto417cuv"}
{"type":"operationEnd","operationId":"nyry2rdto417cuv","timestamp":1704745697497,"id":"6mps83dphgz6yv3","previousEventId":"qq0rrjajupzhlm3","previousOperationId":"nyry2rdto417cuv"}
{"type":"operationStart","subtype":"recipe","name":"chrome-pdf","timestamp":1704745697497,"id":"5b9wu68p9mg2sih","previousEventId":"6mps83dphgz6yv3","operationId":"pghne9o6k2v7qfp","previousOperationId":"nyry2rdto417cuv"}
{"type":"log","timestamp":1704745697498,"level":"debug","message":"Executing recipe chrome-pdf","meta":{"rootId":"qy8dapwkuurhdff","id":"qy8dapwkuurhdff"},"id":"9bkqd36ii0u1d2t","previousOperationId":"pghne9o6k2v7qfp"}
{"type":"log","timestamp":1704745697525,"level":"debug","message":"Converting with chrome HeadlessChrome/117.0.5938.149 using chrome-pool strategy","meta":{"rootId":"qy8dapwkuurhdff","id":"qy8dapwkuurhdff"},"id":"qu2xakc2h9oy35z","previousOperationId":"pghne9o6k2v7qfp"}
{"type":"log","timestamp":1704745697623,"level":"debug","message":"Page request: GET (document) file:///C:/Users/Javier/AppData/Local/Temp/jsreport/autocleanup/e4fb71a6-364d-48e4-a4c1-a7f39b178f52-chrome-pdf.html","meta":{"rootId":"qy8dapwkuurhdff","id":"qy8dapwkuurhdff"},"id":"7bc0uwyh1unwpzr","previousOperationId":"pghne9o6k2v7qfp"}
{"type":"log","timestamp":1704745697639,"level":"debug","message":"Page request finished: GET (document) 200 file:///C:/Users/Javier/AppData/Local/Temp/jsreport/autocleanup/e4fb71a6-364d-48e4-a4c1-a7f39b178f52-chrome-pdf.html","meta":{"rootId":"qy8dapwkuurhdff","id":"qy8dapwkuurhdff"},"id":"pvgq4gnpsqxlvo0","previousOperationId":"pghne9o6k2v7qfp"}
{"type":"log","timestamp":1704745697643,"level":"debug","message":"Running chrome with params {\"printBackground\":true,\"timeout\":59944,\"margin\":{}}","meta":{"rootId":"qy8dapwkuurhdff","id":"qy8dapwkuurhdff"},"id":"l8qqsdy0ksby9rd","previousOperationId":"pghne9o6k2v7qfp"}
{"type":"operationEnd","operationId":"pghne9o6k2v7qfp","timestamp":1704745697658,"id":"f7jlg1bqioft0qt","previousEventId":"5b9wu68p9mg2sih","previousOperationId":"pghne9o6k2v7qfp"}
{"type":"log","timestamp":1704745697658,"level":"debug","message":"Skipping storing report.","meta":{"rootId":"qy8dapwkuurhdff","id":"qy8dapwkuurhdff"},"id":"fzaxrpm9h3qjjhk","previousOperationId":"pghne9o6k2v7qfp"}
{"type":"log","timestamp":1704745697658,"level":"info","message":"Rendering request 8 finished in 199 ms","meta":{"rootId":"qy8dapwkuurhdff","id":"qy8dapwkuurhdff"},"id":"9tc8prgu649ih62","previousOperationId":"pghne9o6k2v7qfp"}
{"type":"operationEnd","subtype":"render","operationId":"tt9r7tp7qsgcttj","timestamp":1704745697658,"id":"30dtdyyhp3ccirn","previousEventId":"f7jlg1bqioft0qt","previousOperationId":"pghne9o6k2v7qfp"}
{"type":"operationEnd","doDiffs":false,"previousEventId":"l8a5hf8p3cttsk6","previousOperationId":"2ka1i25br0pw8zk","operationId":"2ka1i25br0pw8zk","timestamp":1704745697667,"id":"m48xj3wmii1hs2u"}
