{"type":"operationStart","subtype":"profile","data":{"_id":"NmsyNGxib50xFpch","timestamp":"2024-01-11T15:22:00.209Z","state":"queued","mode":"standard","creationDate":"2024-01-11T15:22:00.211Z","modificationDate":"2024-01-11T15:22:00.211Z","shortid":"K5aNmNZ","$entitySet":"profiles"},"doDiffs":false,"timestamp":1704986520210,"id":"z6cr34yfpzecuib","previousOperationId":null,"operationId":"fj7g403sbwqays6"}
{"type":"log","level":"info","message":"Render request 3 queued for execution and waiting for available worker","previousOperationId":"fj7g403sbwqays6","timestamp":1704986520211,"id":"yjkf4ncn8ecfmlf"}
{"type":"operationStart","subtype":"render","name":"AveragePunctuation","previousOperationId":"fj7g403sbwqays6","timestamp":1704986520220,"id":"5qm4k4ylx8yp88o","previousEventId":"z6cr34yfpzecuib","operationId":"dscersmvvacrlg3"}
{"type":"log","timestamp":1704986520220,"level":"info","message":"Starting rendering request 3","meta":{"rootId":"u8087upwut1e6ki","id":"u8087upwut1e6ki"},"id":"u13onsnyyjezn3x","previousOperationId":"dscersmvvacrlg3"}
{"type":"log","timestamp":1704986520220,"level":"info","message":"Rendering template { name: AveragePunctuation, recipe: chrome-pdf, engine: handlebars, preview: true }","meta":{"rootId":"u8087upwut1e6ki","id":"u8087upwut1e6ki"},"id":"8nuj3jfntbbdhl2","previousOperationId":"dscersmvvacrlg3"}
{"type":"log","timestamp":1704986520221,"level":"debug","message":"Adding sample data J_sWWEmNH","meta":{"rootId":"u8087upwut1e6ki","id":"u8087upwut1e6ki"},"id":"374k0agnrjf3v4p","previousOperationId":"dscersmvvacrlg3"}
{"type":"log","timestamp":1704986520222,"level":"debug","message":"Base url not specified, skipping its injection.","meta":{"rootId":"u8087upwut1e6ki","id":"u8087upwut1e6ki"},"id":"xv9sqhxu4vx3g7k","previousOperationId":"dscersmvvacrlg3"}
{"type":"operationStart","subtype":"engine","name":"handlebars","timestamp":1704986520223,"id":"g4vtp8l1kuyixca","previousEventId":"5qm4k4ylx8yp88o","operationId":"a6xq78jwxaxaqpb","previousOperationId":"dscersmvvacrlg3"}
{"type":"log","timestamp":1704986520223,"level":"debug","message":"Rendering engine handlebars","meta":{"rootId":"u8087upwut1e6ki","id":"u8087upwut1e6ki"},"id":"akyp1b7ho20xchy","previousOperationId":"a6xq78jwxaxaqpb"}
{"type":"operationEnd","operationId":"a6xq78jwxaxaqpb","timestamp":1704986520234,"id":"7jrsmkx18u2z2n3","previousEventId":"g4vtp8l1kuyixca","previousOperationId":"a6xq78jwxaxaqpb"}
{"type":"operationStart","subtype":"recipe","name":"chrome-pdf","timestamp":1704986520234,"id":"b1jcmdiinbi5clq","previousEventId":"7jrsmkx18u2z2n3","operationId":"i8ipvd0xdo3zspp","previousOperationId":"a6xq78jwxaxaqpb"}
{"type":"log","timestamp":1704986520234,"level":"debug","message":"Executing recipe chrome-pdf","meta":{"rootId":"u8087upwut1e6ki","id":"u8087upwut1e6ki"},"id":"03igmx086gsa9s5","previousOperationId":"i8ipvd0xdo3zspp"}
{"type":"log","timestamp":1704986520237,"level":"debug","message":"Converting with chrome HeadlessChrome/117.0.5938.149 using chrome-pool strategy","meta":{"rootId":"u8087upwut1e6ki","id":"u8087upwut1e6ki"},"id":"gjheb2czth9aft4","previousOperationId":"i8ipvd0xdo3zspp"}
{"type":"log","timestamp":1704986520326,"level":"debug","message":"Page request: GET (document) file:///C:/Users/Javier/AppData/Local/Temp/jsreport/autocleanup/d25fc9b9-3ee8-433b-b031-49542e63fe5b-chrome-pdf.html","meta":{"rootId":"u8087upwut1e6ki","id":"u8087upwut1e6ki"},"id":"esdv1mzq41ytko2","previousOperationId":"i8ipvd0xdo3zspp"}
{"type":"log","timestamp":1704986520341,"level":"debug","message":"Page request finished: GET (document) 200 file:///C:/Users/Javier/AppData/Local/Temp/jsreport/autocleanup/d25fc9b9-3ee8-433b-b031-49542e63fe5b-chrome-pdf.html","meta":{"rootId":"u8087upwut1e6ki","id":"u8087upwut1e6ki"},"id":"d9wz7k3y7oy0rsl","previousOperationId":"i8ipvd0xdo3zspp"}
{"type":"log","timestamp":1704986520344,"level":"debug","message":"Running chrome with params {\"printBackground\":true,\"timeout\":59974,\"margin\":{}}","meta":{"rootId":"u8087upwut1e6ki","id":"u8087upwut1e6ki"},"id":"xfdmhgyyu7um73i","previousOperationId":"i8ipvd0xdo3zspp"}
{"type":"operationEnd","operationId":"i8ipvd0xdo3zspp","timestamp":1704986520356,"id":"1w85ua0anwvrwqo","previousEventId":"b1jcmdiinbi5clq","previousOperationId":"i8ipvd0xdo3zspp"}
{"type":"log","timestamp":1704986520356,"level":"debug","message":"Skipping storing report.","meta":{"rootId":"u8087upwut1e6ki","id":"u8087upwut1e6ki"},"id":"0ny08axhalg237j","previousOperationId":"i8ipvd0xdo3zspp"}
{"type":"log","timestamp":1704986520356,"level":"info","message":"Rendering request 3 finished in 147 ms","meta":{"rootId":"u8087upwut1e6ki","id":"u8087upwut1e6ki"},"id":"3oxd0kbhbsgx5i4","previousOperationId":"i8ipvd0xdo3zspp"}
{"type":"operationEnd","subtype":"render","operationId":"dscersmvvacrlg3","timestamp":1704986520357,"id":"o78hdad3uj0iu83","previousEventId":"1w85ua0anwvrwqo","previousOperationId":"i8ipvd0xdo3zspp"}
{"type":"operationEnd","doDiffs":false,"previousEventId":"z6cr34yfpzecuib","previousOperationId":"fj7g403sbwqays6","operationId":"fj7g403sbwqays6","timestamp":1704986520363,"id":"mbtjf0z7pl7gufo"}
