{"type":"operationStart","subtype":"profile","data":{"_id":"Pc3mgEyPf1UUq8LI","timestamp":"2024-01-11T12:48:14.713Z","state":"queued","mode":"standard","creationDate":"2024-01-11T12:48:14.715Z","modificationDate":"2024-01-11T12:48:14.715Z","shortid":"7oY-w4W","$entitySet":"profiles"},"doDiffs":false,"timestamp":1704977294715,"id":"db7y7rlr6uf6bsr","previousOperationId":null,"operationId":"xxrcdh8ivijbsuf"}
{"type":"log","level":"info","message":"Render request 33 queued for execution and waiting for available worker","previousOperationId":"xxrcdh8ivijbsuf","timestamp":1704977294715,"id":"01nxxcvq98zv288"}
{"type":"operationStart","subtype":"render","name":"AveragePunctuation","previousOperationId":"xxrcdh8ivijbsuf","timestamp":1704977294723,"id":"ygvtyg6a8nyp9wm","previousEventId":"db7y7rlr6uf6bsr","operationId":"01beoejwkln6kko"}
{"type":"log","timestamp":1704977294723,"level":"info","message":"Starting rendering request 33","meta":{"rootId":"ughgalbblecuiax","id":"ughgalbblecuiax"},"id":"h2rm2c502rkpnxt","previousOperationId":"01beoejwkln6kko"}
{"type":"log","timestamp":1704977294723,"level":"info","message":"Rendering template { name: AveragePunctuation, recipe: chrome-pdf, engine: handlebars, preview: true }","meta":{"rootId":"ughgalbblecuiax","id":"ughgalbblecuiax"},"id":"1aqbguvyz0vd3we","previousOperationId":"01beoejwkln6kko"}
{"type":"log","timestamp":1704977294724,"level":"debug","message":"Inline data specified.","meta":{"rootId":"ughgalbblecuiax","id":"ughgalbblecuiax"},"id":"zu6y77xmpc7ycmn","previousOperationId":"01beoejwkln6kko"}
{"type":"log","timestamp":1704977294725,"level":"debug","message":"Base url not specified, skipping its injection.","meta":{"rootId":"ughgalbblecuiax","id":"ughgalbblecuiax"},"id":"gfbm5c9yauy0uqq","previousOperationId":"01beoejwkln6kko"}
{"type":"operationStart","subtype":"engine","name":"handlebars","timestamp":1704977294725,"id":"o9zsxph1msoobra","previousEventId":"ygvtyg6a8nyp9wm","operationId":"4ahayw9c8hfte9o","previousOperationId":"01beoejwkln6kko"}
{"type":"log","timestamp":1704977294725,"level":"debug","message":"Rendering engine handlebars","meta":{"rootId":"ughgalbblecuiax","id":"ughgalbblecuiax"},"id":"6e1eppvzdy7s2tv","previousOperationId":"4ahayw9c8hfte9o"}
{"type":"operationEnd","operationId":"4ahayw9c8hfte9o","timestamp":1704977294739,"id":"k0ky4d0dibhy168","previousEventId":"o9zsxph1msoobra","previousOperationId":"4ahayw9c8hfte9o"}
{"type":"operationStart","subtype":"recipe","name":"chrome-pdf","timestamp":1704977294739,"id":"zhibuehjm8v3aoe","previousEventId":"k0ky4d0dibhy168","operationId":"sg95s8ogbg6x1dv","previousOperationId":"4ahayw9c8hfte9o"}
{"type":"log","timestamp":1704977294740,"level":"debug","message":"Executing recipe chrome-pdf","meta":{"rootId":"ughgalbblecuiax","id":"ughgalbblecuiax"},"id":"liyqvjno5jmk7hq","previousOperationId":"sg95s8ogbg6x1dv"}
{"type":"log","timestamp":1704977294742,"level":"debug","message":"Converting with chrome HeadlessChrome/117.0.5938.149 using chrome-pool strategy","meta":{"rootId":"ughgalbblecuiax","id":"ughgalbblecuiax"},"id":"6162lqjvv1du633","previousOperationId":"sg95s8ogbg6x1dv"}
{"type":"log","timestamp":1704977294852,"level":"debug","message":"Page request: GET (document) file:///C:/Users/Javier/AppData/Local/Temp/jsreport/autocleanup/f8f46035-fa6d-4768-902b-b47fec65b7d4-chrome-pdf.html","meta":{"rootId":"ughgalbblecuiax","id":"ughgalbblecuiax"},"id":"vzu02i7host9qfm","previousOperationId":"sg95s8ogbg6x1dv"}
{"type":"log","timestamp":1704977294870,"level":"debug","message":"Page request finished: GET (document) 200 file:///C:/Users/Javier/AppData/Local/Temp/jsreport/autocleanup/f8f46035-fa6d-4768-902b-b47fec65b7d4-chrome-pdf.html","meta":{"rootId":"ughgalbblecuiax","id":"ughgalbblecuiax"},"id":"pxt3mhtas1jd6ld","previousOperationId":"sg95s8ogbg6x1dv"}
{"type":"log","timestamp":1704977294874,"level":"debug","message":"Running chrome with params {\"printBackground\":true,\"timeout\":59972,\"margin\":{}}","meta":{"rootId":"ughgalbblecuiax","id":"ughgalbblecuiax"},"id":"l8f1ojh69oav9cf","previousOperationId":"sg95s8ogbg6x1dv"}
{"type":"operationEnd","operationId":"sg95s8ogbg6x1dv","timestamp":1704977294888,"id":"me3790boh7v0ka9","previousEventId":"zhibuehjm8v3aoe","previousOperationId":"sg95s8ogbg6x1dv"}
{"type":"log","timestamp":1704977294888,"level":"debug","message":"Skipping storing report.","meta":{"rootId":"ughgalbblecuiax","id":"ughgalbblecuiax"},"id":"uv0wuozskognzqd","previousOperationId":"sg95s8ogbg6x1dv"}
{"type":"log","timestamp":1704977294888,"level":"info","message":"Rendering request 33 finished in 175 ms","meta":{"rootId":"ughgalbblecuiax","id":"ughgalbblecuiax"},"id":"qm8bbu9gdfr00qo","previousOperationId":"sg95s8ogbg6x1dv"}
{"type":"operationEnd","subtype":"render","operationId":"01beoejwkln6kko","timestamp":1704977294888,"id":"7hzaejst4lk7wlu","previousEventId":"me3790boh7v0ka9","previousOperationId":"sg95s8ogbg6x1dv"}
{"type":"operationEnd","doDiffs":false,"previousEventId":"db7y7rlr6uf6bsr","previousOperationId":"xxrcdh8ivijbsuf","operationId":"xxrcdh8ivijbsuf","timestamp":1704977294897,"id":"juv7s5esndlx2ax"}
