{"type":"operationStart","subtype":"profile","data":{"_id":"VZc5nin0wpO5zTeO","timestamp":"2024-01-11T12:47:24.701Z","state":"queued","mode":"standard","creationDate":"2024-01-11T12:47:24.703Z","modificationDate":"2024-01-11T12:47:24.703Z","shortid":"gm5EWxK","$entitySet":"profiles"},"doDiffs":false,"timestamp":1704977244702,"id":"vjgg0tnenx9ne0o","previousOperationId":null,"operationId":"ovbp7lhp1og10y8"}
{"type":"log","level":"info","message":"Render request 31 queued for execution and waiting for available worker","previousOperationId":"ovbp7lhp1og10y8","timestamp":1704977244703,"id":"0f12wlljpee6q3g"}
{"type":"operationStart","subtype":"render","name":"sales-main","previousOperationId":"ovbp7lhp1og10y8","timestamp":1704977244713,"id":"kmmov942p79b9ly","previousEventId":"vjgg0tnenx9ne0o","operationId":"9stm2r5yw2ei4ea"}
{"type":"log","timestamp":1704977244713,"level":"info","message":"Starting rendering request 31","meta":{"rootId":"u6sv68s2buuus9b","id":"u6sv68s2buuus9b"},"id":"c15l5k9j32uvkor","previousOperationId":"9stm2r5yw2ei4ea"}
{"type":"log","timestamp":1704977244713,"level":"info","message":"Rendering template { name: sales-main, recipe: html-to-xlsx, engine: handlebars, preview: true }","meta":{"rootId":"u6sv68s2buuus9b","id":"u6sv68s2buuus9b"},"id":"2ph3v2pk0b9xhpn","previousOperationId":"9stm2r5yw2ei4ea"}
{"type":"log","timestamp":1704977244714,"level":"debug","message":"Inline data specified.","meta":{"rootId":"u6sv68s2buuus9b","id":"u6sv68s2buuus9b"},"id":"5kyt15c3fd8rf2c","previousOperationId":"9stm2r5yw2ei4ea"}
{"type":"log","timestamp":1704977244716,"level":"debug","message":"Base url not specified, skipping its injection.","meta":{"rootId":"u6sv68s2buuus9b","id":"u6sv68s2buuus9b"},"id":"ys99gbwppfw0ezd","previousOperationId":"9stm2r5yw2ei4ea"}
{"type":"operationStart","subtype":"engine","name":"handlebars","timestamp":1704977244716,"id":"c1n3cyj9w2pglcw","previousEventId":"kmmov942p79b9ly","operationId":"jn7mek5zosgrrl4","previousOperationId":"9stm2r5yw2ei4ea"}
{"type":"log","timestamp":1704977244716,"level":"debug","message":"Rendering engine handlebars","meta":{"rootId":"u6sv68s2buuus9b","id":"u6sv68s2buuus9b"},"id":"h6kg56pmaq6hd2s","previousOperationId":"jn7mek5zosgrrl4"}
{"type":"operationEnd","operationId":"jn7mek5zosgrrl4","timestamp":1704977244765,"id":"bq3r85ye4zuem89","previousEventId":"c1n3cyj9w2pglcw","previousOperationId":"jn7mek5zosgrrl4"}
{"type":"operationStart","subtype":"recipe","name":"html-to-xlsx","timestamp":1704977244765,"id":"8reuhntxobsfbbz","previousEventId":"bq3r85ye4zuem89","operationId":"avy673nhlusk56s","previousOperationId":"jn7mek5zosgrrl4"}
{"type":"log","timestamp":1704977244765,"level":"debug","message":"Executing recipe html-to-xlsx","meta":{"rootId":"u6sv68s2buuus9b","id":"u6sv68s2buuus9b"},"id":"jj8t51wsw0uwovv","previousOperationId":"avy673nhlusk56s"}
{"type":"log","timestamp":1704977245483,"level":"info","message":"html-to-xlsx generation is starting","meta":{"rootId":"u6sv68s2buuus9b","id":"u6sv68s2buuus9b"},"id":"utqfcyrhhxqfgth","previousOperationId":"avy673nhlusk56s"}
{"type":"log","timestamp":1704977246349,"level":"info","message":"html-to-xlsx generation was finished","meta":{"rootId":"u6sv68s2buuus9b","id":"u6sv68s2buuus9b"},"id":"ztfysoluv6oedit","previousOperationId":"avy673nhlusk56s"}
{"type":"log","timestamp":1704977246392,"level":"debug","message":"preparing office preview","meta":{"rootId":"u6sv68s2buuus9b","id":"u6sv68s2buuus9b"},"id":"ylvfw9ywiliezss","previousOperationId":"avy673nhlusk56s"}
{"type":"operationEnd","operationId":"avy673nhlusk56s","timestamp":1704977246639,"id":"j12vzf7pkk3hafj","previousEventId":"8reuhntxobsfbbz","previousOperationId":"avy673nhlusk56s"}
{"type":"log","timestamp":1704977246639,"level":"debug","message":"Skipping storing report.","meta":{"rootId":"u6sv68s2buuus9b","id":"u6sv68s2buuus9b"},"id":"tjo6lbm3ii6h2on","previousOperationId":"avy673nhlusk56s"}
{"type":"log","timestamp":1704977246639,"level":"info","message":"Rendering request 31 finished in 1938 ms","meta":{"rootId":"u6sv68s2buuus9b","id":"u6sv68s2buuus9b"},"id":"ezvu1fzlekt9da1","previousOperationId":"avy673nhlusk56s"}
{"type":"operationEnd","subtype":"render","operationId":"9stm2r5yw2ei4ea","timestamp":1704977246639,"id":"vwjl836swocep2j","previousEventId":"j12vzf7pkk3hafj","previousOperationId":"avy673nhlusk56s"}
{"type":"operationEnd","doDiffs":false,"previousEventId":"vjgg0tnenx9ne0o","previousOperationId":"ovbp7lhp1og10y8","operationId":"ovbp7lhp1og10y8","timestamp":1704977246642,"id":"bi73rywig9akfnx"}
