{"type":"operationStart","subtype":"profile","data":{"_id":"8XwaICH1hE4mg8nD","timestamp":"2024-01-11T12:47:59.526Z","state":"queued","mode":"standard","creationDate":"2024-01-11T12:47:59.528Z","modificationDate":"2024-01-11T12:47:59.528Z","shortid":"LqGmBto","$entitySet":"profiles"},"doDiffs":false,"timestamp":1704977279527,"id":"3iforjxtbweefob","previousOperationId":null,"operationId":"mbdhmbidw2wo9ir"}
{"type":"log","level":"info","message":"Render request 32 queued for execution and waiting for available worker","previousOperationId":"mbdhmbidw2wo9ir","timestamp":1704977279527,"id":"w7voyys4p2kmiys"}
{"type":"operationStart","subtype":"render","name":"sales-main","previousOperationId":"mbdhmbidw2wo9ir","timestamp":1704977279536,"id":"f0db13yd4x6poy2","previousEventId":"3iforjxtbweefob","operationId":"oxo0hs66hurxblh"}
{"type":"log","timestamp":1704977279536,"level":"info","message":"Starting rendering request 32","meta":{"rootId":"wzvs42713bzxba8","id":"wzvs42713bzxba8"},"id":"evbd88ktpwtd9q3","previousOperationId":"oxo0hs66hurxblh"}
{"type":"log","timestamp":1704977279536,"level":"info","message":"Rendering template { name: sales-main, recipe: html-to-xlsx, engine: handlebars, preview: true }","meta":{"rootId":"wzvs42713bzxba8","id":"wzvs42713bzxba8"},"id":"ku98nl1636nb2sy","previousOperationId":"oxo0hs66hurxblh"}
{"type":"log","timestamp":1704977279537,"level":"debug","message":"Inline data specified.","meta":{"rootId":"wzvs42713bzxba8","id":"wzvs42713bzxba8"},"id":"12ez0haog4gjtl4","previousOperationId":"oxo0hs66hurxblh"}
{"type":"log","timestamp":1704977279539,"level":"debug","message":"Base url not specified, skipping its injection.","meta":{"rootId":"wzvs42713bzxba8","id":"wzvs42713bzxba8"},"id":"0ycufletxllbnf5","previousOperationId":"oxo0hs66hurxblh"}
{"type":"operationStart","subtype":"engine","name":"handlebars","timestamp":1704977279539,"id":"s3ooejlshccc39p","previousEventId":"f0db13yd4x6poy2","operationId":"v7f5oi2xrou8inn","previousOperationId":"oxo0hs66hurxblh"}
{"type":"log","timestamp":1704977279540,"level":"debug","message":"Rendering engine handlebars","meta":{"rootId":"wzvs42713bzxba8","id":"wzvs42713bzxba8"},"id":"m1zq5lghqmrbx69","previousOperationId":"v7f5oi2xrou8inn"}
{"type":"operationEnd","operationId":"v7f5oi2xrou8inn","timestamp":1704977279605,"id":"bjy0c8l0jdzk38z","previousEventId":"s3ooejlshccc39p","previousOperationId":"v7f5oi2xrou8inn"}
{"type":"operationStart","subtype":"recipe","name":"html-to-xlsx","timestamp":1704977279605,"id":"7w8b4bcr2kep4be","previousEventId":"bjy0c8l0jdzk38z","operationId":"ersusjsycx3885c","previousOperationId":"v7f5oi2xrou8inn"}
{"type":"log","timestamp":1704977279605,"level":"debug","message":"Executing recipe html-to-xlsx","meta":{"rootId":"wzvs42713bzxba8","id":"wzvs42713bzxba8"},"id":"z7lglebns3j4fht","previousOperationId":"ersusjsycx3885c"}
{"type":"log","timestamp":1704977280090,"level":"info","message":"html-to-xlsx generation is starting","meta":{"rootId":"wzvs42713bzxba8","id":"wzvs42713bzxba8"},"id":"n65sstejwded085","previousOperationId":"ersusjsycx3885c"}
{"type":"log","timestamp":1704977281597,"level":"info","message":"html-to-xlsx generation was finished","meta":{"rootId":"wzvs42713bzxba8","id":"wzvs42713bzxba8"},"id":"v9pwkw5fp0zpg4t","previousOperationId":"ersusjsycx3885c"}
{"type":"log","timestamp":1704977281634,"level":"debug","message":"preparing office preview","meta":{"rootId":"wzvs42713bzxba8","id":"wzvs42713bzxba8"},"id":"sr9yvai7338q9p2","previousOperationId":"ersusjsycx3885c"}
{"type":"operationEnd","operationId":"ersusjsycx3885c","timestamp":1704977281832,"id":"386nl4t1nnzk7yb","previousEventId":"7w8b4bcr2kep4be","previousOperationId":"ersusjsycx3885c"}
{"type":"log","timestamp":1704977281833,"level":"debug","message":"Skipping storing report.","meta":{"rootId":"wzvs42713bzxba8","id":"wzvs42713bzxba8"},"id":"b9swm8on3q1vjnq","previousOperationId":"ersusjsycx3885c"}
{"type":"log","timestamp":1704977281833,"level":"info","message":"Rendering request 32 finished in 2307 ms","meta":{"rootId":"wzvs42713bzxba8","id":"wzvs42713bzxba8"},"id":"gy30bzej0rsrs89","previousOperationId":"ersusjsycx3885c"}
{"type":"operationEnd","subtype":"render","operationId":"oxo0hs66hurxblh","timestamp":1704977281833,"id":"5b9or07xt7qwzec","previousEventId":"386nl4t1nnzk7yb","previousOperationId":"ersusjsycx3885c"}
{"type":"operationEnd","doDiffs":false,"previousEventId":"3iforjxtbweefob","previousOperationId":"mbdhmbidw2wo9ir","operationId":"mbdhmbidw2wo9ir","timestamp":1704977281835,"id":"gcinke71m3l19wp"}
