{"type":"operationStart","subtype":"profile","data":{"_id":"qOJpM7BDvtgUcPaB","timestamp":"2024-01-11T19:22:41.515Z","state":"queued","mode":"standard","creationDate":"2024-01-11T19:22:41.516Z","modificationDate":"2024-01-11T19:22:41.516Z","shortid":"CbBd3Y7","$entitySet":"profiles"},"doDiffs":false,"timestamp":1705000961515,"id":"gh993s2y537kw80","previousOperationId":null,"operationId":"9o7sj19xzpub767"}
{"type":"log","level":"info","message":"Render request 13 queued for execution and waiting for available worker","previousOperationId":"9o7sj19xzpub767","timestamp":1705000961515,"id":"n40shyo40fm3coc"}
{"type":"operationStart","subtype":"render","name":"AveragePunctuation","previousOperationId":"9o7sj19xzpub767","timestamp":1705000961520,"id":"3hrm7mfk3rsnrx3","previousEventId":"gh993s2y537kw80","operationId":"dxg5j86yl1nelbq"}
{"type":"log","timestamp":1705000961520,"level":"info","message":"Starting rendering request 13","meta":{"rootId":"01974xmes4ztuvl","id":"01974xmes4ztuvl"},"id":"vryhj0s2n6kcbsm","previousOperationId":"dxg5j86yl1nelbq"}
{"type":"log","timestamp":1705000961520,"level":"info","message":"Rendering template { name: AveragePunctuation, recipe: chrome-pdf, engine: handlebars, preview: false }","meta":{"rootId":"01974xmes4ztuvl","id":"01974xmes4ztuvl"},"id":"05rasttg1q2ki3i","previousOperationId":"dxg5j86yl1nelbq"}
{"type":"log","timestamp":1705000961521,"level":"debug","message":"Inline data specified.","meta":{"rootId":"01974xmes4ztuvl","id":"01974xmes4ztuvl"},"id":"h62u7mcc16995rr","previousOperationId":"dxg5j86yl1nelbq"}
{"type":"log","timestamp":1705000961523,"level":"debug","message":"Executing script AveragePunctuation-script (beforeRender)","meta":{"rootId":"01974xmes4ztuvl","id":"01974xmes4ztuvl"},"id":"gb8ug9zlj3jdpka","previousOperationId":"dxg5j86yl1nelbq"}
{"type":"operationStart","subtype":"scriptsBeforeRender","name":"scripts beforeRender","timestamp":1705000961537,"id":"wpjd1nj56g0o1ri","previousEventId":"3hrm7mfk3rsnrx3","operationId":"hybs0zmvihu3e4y","previousOperationId":"dxg5j86yl1nelbq"}
{"type":"operationStart","subtype":"script","name":"scripts AveragePunctuation-script","previousOperationId":"hybs0zmvihu3e4y","timestamp":1705000961537,"id":"rwpv3qy89rc34he","previousEventId":"wpjd1nj56g0o1ri","operationId":"kumk1jimmycn4eg"}
{"type":"operationEnd","operationId":"kumk1jimmycn4eg","timestamp":1705000961552,"id":"i2gmxp1fjatpy2r","previousEventId":"3hrm7mfk3rsnrx3","previousOperationId":"dxg5j86yl1nelbq"}
{"type":"operationEnd","operationId":"hybs0zmvihu3e4y","timestamp":1705000961553,"id":"8z3mo6hl38bgc6e","previousEventId":"i2gmxp1fjatpy2r","previousOperationId":"dxg5j86yl1nelbq"}
{"type":"log","timestamp":1705000961553,"level":"debug","message":"Base url not specified, skipping its injection.","meta":{"rootId":"01974xmes4ztuvl","id":"01974xmes4ztuvl"},"id":"iuyc5tegxf56d8a","previousOperationId":"hybs0zmvihu3e4y"}
{"type":"operationStart","subtype":"engine","name":"handlebars","timestamp":1705000961553,"id":"fhfkd1hrf7urkn2","previousEventId":"8z3mo6hl38bgc6e","operationId":"5rho7k1mrvz3kj0","previousOperationId":"hybs0zmvihu3e4y"}
{"type":"log","timestamp":1705000961553,"level":"debug","message":"Rendering engine handlebars","meta":{"rootId":"01974xmes4ztuvl","id":"01974xmes4ztuvl"},"id":"dwm7dt4inus3ywe","previousOperationId":"5rho7k1mrvz3kj0"}
{"type":"operationEnd","operationId":"5rho7k1mrvz3kj0","timestamp":1705000961560,"id":"j4imqwch1af9g32","previousEventId":"fhfkd1hrf7urkn2","previousOperationId":"5rho7k1mrvz3kj0"}
{"type":"operationStart","subtype":"recipe","name":"chrome-pdf","timestamp":1705000961560,"id":"0s6mo775658xatc","previousEventId":"j4imqwch1af9g32","operationId":"bv3w6nvw4sxb98o","previousOperationId":"5rho7k1mrvz3kj0"}
{"type":"log","timestamp":1705000961560,"level":"debug","message":"Executing recipe chrome-pdf","meta":{"rootId":"01974xmes4ztuvl","id":"01974xmes4ztuvl"},"id":"j3p9l92jm9s9dm3","previousOperationId":"bv3w6nvw4sxb98o"}
{"type":"log","timestamp":1705000961562,"level":"debug","message":"Converting with chrome HeadlessChrome/117.0.5938.149 using chrome-pool strategy","meta":{"rootId":"01974xmes4ztuvl","id":"01974xmes4ztuvl"},"id":"p63ps1j4neerubh","previousOperationId":"bv3w6nvw4sxb98o"}
{"type":"log","timestamp":1705000961638,"level":"debug","message":"Page request: GET (document) file:///C:/Users/Javier/AppData/Local/Temp/jsreport/autocleanup/21f453c3-248b-4ac1-b974-3fb59f0b3a79-chrome-pdf.html","meta":{"rootId":"01974xmes4ztuvl","id":"01974xmes4ztuvl"},"id":"iz2waecpdf7p2rs","previousOperationId":"bv3w6nvw4sxb98o"}
{"type":"log","timestamp":1705000961645,"level":"debug","message":"Page request finished: GET (document) 200 file:///C:/Users/Javier/AppData/Local/Temp/jsreport/autocleanup/21f453c3-248b-4ac1-b974-3fb59f0b3a79-chrome-pdf.html","meta":{"rootId":"01974xmes4ztuvl","id":"01974xmes4ztuvl"},"id":"n2gj68uoq0gntip","previousOperationId":"bv3w6nvw4sxb98o"}
{"type":"log","timestamp":1705000961648,"level":"debug","message":"Running chrome with params {\"printBackground\":true,\"timeout\":59953,\"margin\":{}}","meta":{"rootId":"01974xmes4ztuvl","id":"01974xmes4ztuvl"},"id":"5sir5mvpxjz8lf4","previousOperationId":"bv3w6nvw4sxb98o"}
{"type":"operationEnd","operationId":"bv3w6nvw4sxb98o","timestamp":1705000961659,"id":"vmj7d0gir4o09nh","previousEventId":"0s6mo775658xatc","previousOperationId":"bv3w6nvw4sxb98o"}
{"type":"log","timestamp":1705000961659,"level":"debug","message":"Skipping storing report.","meta":{"rootId":"01974xmes4ztuvl","id":"01974xmes4ztuvl"},"id":"rm30o7tw6uqel63","previousOperationId":"bv3w6nvw4sxb98o"}
{"type":"log","timestamp":1705000961660,"level":"info","message":"Rendering request 13 finished in 146 ms","meta":{"rootId":"01974xmes4ztuvl","id":"01974xmes4ztuvl"},"id":"6dk3wdjtvxjc6d4","previousOperationId":"bv3w6nvw4sxb98o"}
{"type":"operationEnd","subtype":"render","operationId":"dxg5j86yl1nelbq","timestamp":1705000961660,"id":"1wcma108tslh4ag","previousEventId":"vmj7d0gir4o09nh","previousOperationId":"bv3w6nvw4sxb98o"}
{"type":"operationEnd","doDiffs":false,"previousEventId":"gh993s2y537kw80","previousOperationId":"9o7sj19xzpub767","operationId":"9o7sj19xzpub767","timestamp":1705000961664,"id":"dguu4qco34p3vm2"}
