{"type":"operationStart","subtype":"profile","data":{"_id":"sTN7jmuJaMXZ7ZZm","timestamp":"2024-01-13T14:40:19.568Z","state":"queued","mode":"standard","creationDate":"2024-01-13T14:40:19.569Z","modificationDate":"2024-01-13T14:40:19.569Z","shortid":"zzpFTue","$entitySet":"profiles"},"doDiffs":false,"timestamp":1705156819568,"id":"dkxa565zb0d2un8","previousOperationId":null,"operationId":"pg6d0vofb8cpgp2"}
{"type":"log","level":"info","message":"Render request 54 queued for execution and waiting for available worker","previousOperationId":"pg6d0vofb8cpgp2","timestamp":1705156819568,"id":"c3v9ftenvetajwb"}
{"type":"operationStart","subtype":"render","name":"AveragePunctuation","previousOperationId":"pg6d0vofb8cpgp2","timestamp":1705156819573,"id":"xvlnk70k774xggu","previousEventId":"dkxa565zb0d2un8","operationId":"jytemssmwr7uo5q"}
{"type":"log","timestamp":1705156819573,"level":"info","message":"Starting rendering request 54","meta":{"rootId":"03pklntnxqii9y4","id":"03pklntnxqii9y4"},"id":"kkgfp4famiwyyq2","previousOperationId":"jytemssmwr7uo5q"}
{"type":"log","timestamp":1705156819573,"level":"info","message":"Rendering template { name: AveragePunctuation, recipe: chrome-pdf, engine: handlebars, preview: false }","meta":{"rootId":"03pklntnxqii9y4","id":"03pklntnxqii9y4"},"id":"x78iwbislwb8wuw","previousOperationId":"jytemssmwr7uo5q"}
{"type":"log","timestamp":1705156819574,"level":"debug","message":"Inline data specified.","meta":{"rootId":"03pklntnxqii9y4","id":"03pklntnxqii9y4"},"id":"z11d0auq43yldmt","previousOperationId":"jytemssmwr7uo5q"}
{"type":"log","timestamp":1705156819575,"level":"debug","message":"Executing script AveragePunctuation-script (beforeRender)","meta":{"rootId":"03pklntnxqii9y4","id":"03pklntnxqii9y4"},"id":"e9ccfirj0a59iew","previousOperationId":"jytemssmwr7uo5q"}
{"type":"operationStart","subtype":"scriptsBeforeRender","name":"scripts beforeRender","timestamp":1705156819590,"id":"vr0hvh48ghq4iky","previousEventId":"xvlnk70k774xggu","operationId":"gsx0wm0o3tjunzp","previousOperationId":"jytemssmwr7uo5q"}
{"type":"operationStart","subtype":"script","name":"scripts AveragePunctuation-script","previousOperationId":"gsx0wm0o3tjunzp","timestamp":1705156819590,"id":"57mg4xtnbh1qiu4","previousEventId":"vr0hvh48ghq4iky","operationId":"8v7dirmznhhclvl"}
{"type":"operationEnd","operationId":"8v7dirmznhhclvl","timestamp":1705156819602,"id":"fqdjwwioce792nt","previousEventId":"xvlnk70k774xggu","previousOperationId":"jytemssmwr7uo5q"}
{"type":"operationEnd","operationId":"gsx0wm0o3tjunzp","timestamp":1705156819602,"id":"s9vcs73uttr3l18","previousEventId":"fqdjwwioce792nt","previousOperationId":"jytemssmwr7uo5q"}
{"type":"log","timestamp":1705156819602,"level":"debug","message":"Base url not specified, skipping its injection.","meta":{"rootId":"03pklntnxqii9y4","id":"03pklntnxqii9y4"},"id":"y56xb9boa49qsq8","previousOperationId":"gsx0wm0o3tjunzp"}
{"type":"operationStart","subtype":"engine","name":"handlebars","timestamp":1705156819602,"id":"r7axft6mxa0fnu5","previousEventId":"s9vcs73uttr3l18","operationId":"exhugvvpf3konit","previousOperationId":"gsx0wm0o3tjunzp"}
{"type":"log","timestamp":1705156819602,"level":"debug","message":"Rendering engine handlebars","meta":{"rootId":"03pklntnxqii9y4","id":"03pklntnxqii9y4"},"id":"fqan0i466jciwta","previousOperationId":"exhugvvpf3konit"}
{"type":"operationEnd","operationId":"exhugvvpf3konit","timestamp":1705156819611,"id":"3iwiyma8xykc7kc","previousEventId":"r7axft6mxa0fnu5","previousOperationId":"exhugvvpf3konit"}
{"type":"operationStart","subtype":"recipe","name":"chrome-pdf","timestamp":1705156819611,"id":"fj6o01lb8iz9voc","previousEventId":"3iwiyma8xykc7kc","operationId":"q9jb9mpq6evv3bm","previousOperationId":"exhugvvpf3konit"}
{"type":"log","timestamp":1705156819611,"level":"debug","message":"Executing recipe chrome-pdf","meta":{"rootId":"03pklntnxqii9y4","id":"03pklntnxqii9y4"},"id":"m57ls42hwzo7cxd","previousOperationId":"q9jb9mpq6evv3bm"}
{"type":"log","timestamp":1705156819613,"level":"debug","message":"Converting with chrome HeadlessChrome/117.0.5938.149 using chrome-pool strategy","meta":{"rootId":"03pklntnxqii9y4","id":"03pklntnxqii9y4"},"id":"zoh8ugpz17q2hpl","previousOperationId":"q9jb9mpq6evv3bm"}
{"type":"log","timestamp":1705156819683,"level":"debug","message":"Page request: GET (document) file:///C:/Users/Javier/AppData/Local/Temp/jsreport/autocleanup/a0a5451b-ef4e-474a-bc56-578701241e45-chrome-pdf.html","meta":{"rootId":"03pklntnxqii9y4","id":"03pklntnxqii9y4"},"id":"i82ysixsh26f845","previousOperationId":"q9jb9mpq6evv3bm"}
{"type":"log","timestamp":1705156819720,"level":"debug","message":"Page request: GET (stylesheet) https://cdnjs.cloudflare.com/ajax/libs/metro/4.1.5/css/metro.min.css","meta":{"rootId":"03pklntnxqii9y4","id":"03pklntnxqii9y4"},"id":"zc593x1nkjgfp1l","previousOperationId":"q9jb9mpq6evv3bm"}
{"type":"log","timestamp":1705156819720,"level":"debug","message":"Page request: GET (script) https://cdnjs.cloudflare.com/ajax/libs/Chart.js/2.7.2/Chart.min.js","meta":{"rootId":"03pklntnxqii9y4","id":"03pklntnxqii9y4"},"id":"bxqjf4amrcdupwl","previousOperationId":"q9jb9mpq6evv3bm"}
{"type":"log","timestamp":1705156819721,"level":"debug","message":"Page request finished: GET (document) 200 file:///C:/Users/Javier/AppData/Local/Temp/jsreport/autocleanup/a0a5451b-ef4e-474a-bc56-578701241e45-chrome-pdf.html","meta":{"rootId":"03pklntnxqii9y4","id":"03pklntnxqii9y4"},"id":"9hkoeyqm5u11907","previousOperationId":"q9jb9mpq6evv3bm"}
{"type":"log","timestamp":1705156819725,"level":"debug","message":"Page request finished: GET (script) 200 https://cdnjs.cloudflare.com/ajax/libs/Chart.js/2.7.2/Chart.min.js","meta":{"rootId":"03pklntnxqii9y4","id":"03pklntnxqii9y4"},"id":"9ortzz82911fvl5","previousOperationId":"q9jb9mpq6evv3bm"}
{"type":"log","timestamp":1705156819735,"level":"debug","message":"Page request finished: GET (stylesheet) 200 https://cdnjs.cloudflare.com/ajax/libs/metro/4.1.5/css/metro.min.css","meta":{"rootId":"03pklntnxqii9y4","id":"03pklntnxqii9y4"},"id":"4k5ykdaum8j7d1j","previousOperationId":"q9jb9mpq6evv3bm"}
{"type":"log","timestamp":1705156819790,"level":"debug","message":"Running chrome with params {\"printBackground\":true,\"timeout\":59956,\"margin\":{}}","meta":{"rootId":"03pklntnxqii9y4","id":"03pklntnxqii9y4"},"id":"gqo3r8jer61u4w4","previousOperationId":"q9jb9mpq6evv3bm"}
{"type":"operationEnd","operationId":"q9jb9mpq6evv3bm","timestamp":1705156819883,"id":"aib7a5o58ehvgrl","previousEventId":"fj6o01lb8iz9voc","previousOperationId":"q9jb9mpq6evv3bm"}
{"type":"log","timestamp":1705156819883,"level":"debug","message":"Skipping storing report.","meta":{"rootId":"03pklntnxqii9y4","id":"03pklntnxqii9y4"},"id":"pa99tgr0b1zcf3z","previousOperationId":"q9jb9mpq6evv3bm"}
{"type":"log","timestamp":1705156819883,"level":"info","message":"Rendering request 54 finished in 315 ms","meta":{"rootId":"03pklntnxqii9y4","id":"03pklntnxqii9y4"},"id":"bx7cgpftd1p5s1q","previousOperationId":"q9jb9mpq6evv3bm"}
{"type":"operationEnd","subtype":"render","operationId":"jytemssmwr7uo5q","timestamp":1705156819883,"id":"rtrfcsz6nd265t9","previousEventId":"aib7a5o58ehvgrl","previousOperationId":"q9jb9mpq6evv3bm"}
{"type":"operationEnd","doDiffs":false,"previousEventId":"dkxa565zb0d2un8","previousOperationId":"pg6d0vofb8cpgp2","operationId":"pg6d0vofb8cpgp2","timestamp":1705156819884,"id":"bqf9l9mqhj0v2rx"}
