{"type":"operationStart","subtype":"profile","data":{"_id":"ReRszbbzPkeYWL7c","timestamp":"2024-01-15T10:43:07.420Z","state":"queued","mode":"standard","creationDate":"2024-01-15T10:43:07.426Z","modificationDate":"2024-01-15T10:43:07.426Z","shortid":"6Mw0RYG","$entitySet":"profiles"},"doDiffs":false,"timestamp":1705315387423,"id":"zt0se56x3f72l7j","previousOperationId":null,"operationId":"l4z8fyvtwlsvo8r"}
{"type":"log","level":"info","message":"Render request 1 queued for execution and waiting for available worker","previousOperationId":"l4z8fyvtwlsvo8r","timestamp":1705315387423,"id":"hw4f195boehf85h"}
{"type":"operationStart","subtype":"render","name":"AveragePunctuation","previousOperationId":"l4z8fyvtwlsvo8r","timestamp":1705315387469,"id":"l937jtgrg5ffgrm","previousEventId":"zt0se56x3f72l7j","operationId":"0yu2ox1f13phid0"}
{"type":"log","timestamp":1705315387474,"level":"info","message":"Starting rendering request 1","meta":{"rootId":"0ay4q98tw5rv6mx","id":"0ay4q98tw5rv6mx"},"id":"xnlxev74knykl3q","previousOperationId":"0yu2ox1f13phid0"}
{"type":"log","timestamp":1705315387475,"level":"info","message":"Rendering template { name: AveragePunctuation, recipe: chrome-pdf, engine: handlebars, preview: false }","meta":{"rootId":"0ay4q98tw5rv6mx","id":"0ay4q98tw5rv6mx"},"id":"rfq76v7zvvgbzep","previousOperationId":"0yu2ox1f13phid0"}
{"type":"log","timestamp":1705315387481,"level":"debug","message":"Inline data specified.","meta":{"rootId":"0ay4q98tw5rv6mx","id":"0ay4q98tw5rv6mx"},"id":"5cinf62n5vy5221","previousOperationId":"0yu2ox1f13phid0"}
{"type":"log","timestamp":1705315387487,"level":"debug","message":"Executing script AveragePunctuation-script (beforeRender)","meta":{"rootId":"0ay4q98tw5rv6mx","id":"0ay4q98tw5rv6mx"},"id":"ls54h6zec2lkucm","previousOperationId":"0yu2ox1f13phid0"}
{"type":"operationStart","subtype":"scriptsBeforeRender","name":"scripts beforeRender","timestamp":1705315387959,"id":"nrijgcdyou72bzl","previousEventId":"l937jtgrg5ffgrm","operationId":"se8zdmmitofvvt3","previousOperationId":"0yu2ox1f13phid0"}
{"type":"operationStart","subtype":"script","name":"scripts AveragePunctuation-script","previousOperationId":"se8zdmmitofvvt3","timestamp":1705315387959,"id":"bq7ruxpe4hqhec3","previousEventId":"nrijgcdyou72bzl","operationId":"j2faxvj2k9m9e8i"}
{"type":"operationEnd","operationId":"j2faxvj2k9m9e8i","timestamp":1705315388004,"id":"f0tlm832c70qb9v","previousEventId":"l937jtgrg5ffgrm","previousOperationId":"0yu2ox1f13phid0"}
{"type":"operationEnd","operationId":"se8zdmmitofvvt3","timestamp":1705315388004,"id":"7r4v9sinqesf0t2","previousEventId":"f0tlm832c70qb9v","previousOperationId":"0yu2ox1f13phid0"}
{"type":"log","timestamp":1705315388004,"level":"debug","message":"Base url not specified, skipping its injection.","meta":{"rootId":"0ay4q98tw5rv6mx","id":"0ay4q98tw5rv6mx"},"id":"1tw7656ufhtyd8e","previousOperationId":"se8zdmmitofvvt3"}
{"type":"operationStart","subtype":"engine","name":"handlebars","timestamp":1705315388004,"id":"pw3vgpl3ah5iv5o","previousEventId":"7r4v9sinqesf0t2","operationId":"4lcehfenjk3jjbg","previousOperationId":"se8zdmmitofvvt3"}
{"type":"log","timestamp":1705315388004,"level":"debug","message":"Rendering engine handlebars","meta":{"rootId":"0ay4q98tw5rv6mx","id":"0ay4q98tw5rv6mx"},"id":"o6k2yx9xzrit9jh","previousOperationId":"4lcehfenjk3jjbg"}
{"type":"operationEnd","operationId":"4lcehfenjk3jjbg","timestamp":1705315388402,"id":"fhwckrlvuxe5k1x","previousEventId":"pw3vgpl3ah5iv5o","previousOperationId":"4lcehfenjk3jjbg"}
{"type":"operationStart","subtype":"recipe","name":"chrome-pdf","timestamp":1705315388402,"id":"x1dlpbh6vp6jc2j","previousEventId":"fhwckrlvuxe5k1x","operationId":"ieq7dltq3fgryp2","previousOperationId":"4lcehfenjk3jjbg"}
{"type":"log","timestamp":1705315388402,"level":"debug","message":"Executing recipe chrome-pdf","meta":{"rootId":"0ay4q98tw5rv6mx","id":"0ay4q98tw5rv6mx"},"id":"2swisx3kioxnuez","previousOperationId":"ieq7dltq3fgryp2"}
{"type":"log","timestamp":1705315389753,"level":"debug","message":"Converting with chrome HeadlessChrome/117.0.5938.149 using chrome-pool strategy","meta":{"rootId":"0ay4q98tw5rv6mx","id":"0ay4q98tw5rv6mx"},"id":"l50j4z7ksffcahf","previousOperationId":"ieq7dltq3fgryp2"}
{"type":"log","timestamp":1705315390517,"level":"debug","message":"Page request: GET (document) file:///C:/Users/Javier/AppData/Local/Temp/jsreport/autocleanup/c6ca3b5b-4d7c-4df9-bbf5-d0b4cf0015ea-chrome-pdf.html","meta":{"rootId":"0ay4q98tw5rv6mx","id":"0ay4q98tw5rv6mx"},"id":"7gvke8i93hf8xjb","previousOperationId":"ieq7dltq3fgryp2"}
{"type":"log","timestamp":1705315390563,"level":"debug","message":"Page request: GET (stylesheet) https://cdnjs.cloudflare.com/ajax/libs/metro/4.1.5/css/metro.min.css","meta":{"rootId":"0ay4q98tw5rv6mx","id":"0ay4q98tw5rv6mx"},"id":"0bvhprwwv0p3t60","previousOperationId":"ieq7dltq3fgryp2"}
{"type":"log","timestamp":1705315390563,"level":"debug","message":"Page request: GET (script) https://cdnjs.cloudflare.com/ajax/libs/Chart.js/2.7.2/Chart.min.js","meta":{"rootId":"0ay4q98tw5rv6mx","id":"0ay4q98tw5rv6mx"},"id":"mlmfb5pp57smsm6","previousOperationId":"ieq7dltq3fgryp2"}
{"type":"log","timestamp":1705315390563,"level":"debug","message":"Page request finished: GET (document) 200 file:///C:/Users/Javier/AppData/Local/Temp/jsreport/autocleanup/c6ca3b5b-4d7c-4df9-bbf5-d0b4cf0015ea-chrome-pdf.html","meta":{"rootId":"0ay4q98tw5rv6mx","id":"0ay4q98tw5rv6mx"},"id":"frdkdnh20n7zkds","previousOperationId":"ieq7dltq3fgryp2"}
{"type":"log","timestamp":1705315390782,"level":"debug","message":"Page request finished: GET (stylesheet) 200 https://cdnjs.cloudflare.com/ajax/libs/metro/4.1.5/css/metro.min.css","meta":{"rootId":"0ay4q98tw5rv6mx","id":"0ay4q98tw5rv6mx"},"id":"fcg4f978wnsxhth","previousOperationId":"ieq7dltq3fgryp2"}
{"type":"log","timestamp":1705315390782,"level":"debug","message":"Page request finished: GET (script) 200 https://cdnjs.cloudflare.com/ajax/libs/Chart.js/2.7.2/Chart.min.js","meta":{"rootId":"0ay4q98tw5rv6mx","id":"0ay4q98tw5rv6mx"},"id":"jrpi1hqkhc3vvsr","previousOperationId":"ieq7dltq3fgryp2"}
{"type":"log","timestamp":1705315390855,"level":"debug","message":"Running chrome with params {\"printBackground\":true,\"timeout\":58661,\"margin\":{}}","meta":{"rootId":"0ay4q98tw5rv6mx","id":"0ay4q98tw5rv6mx"},"id":"kwtz8ezpxozzodt","previousOperationId":"ieq7dltq3fgryp2"}
{"type":"operationEnd","operationId":"ieq7dltq3fgryp2","timestamp":1705315390978,"id":"dfdzp0149iaihbp","previousEventId":"x1dlpbh6vp6jc2j","previousOperationId":"ieq7dltq3fgryp2"}
{"type":"log","timestamp":1705315390979,"level":"debug","message":"Skipping storing report.","meta":{"rootId":"0ay4q98tw5rv6mx","id":"0ay4q98tw5rv6mx"},"id":"r8dlyf1fxrz99z3","previousOperationId":"ieq7dltq3fgryp2"}
{"type":"log","timestamp":1705315390979,"level":"info","message":"Rendering request 1 finished in 3559 ms","meta":{"rootId":"0ay4q98tw5rv6mx","id":"0ay4q98tw5rv6mx"},"id":"xo8yku85jj45ekt","previousOperationId":"ieq7dltq3fgryp2"}
{"type":"operationEnd","subtype":"render","operationId":"0yu2ox1f13phid0","timestamp":1705315390979,"id":"33i5sgqtpygxc0l","previousEventId":"dfdzp0149iaihbp","previousOperationId":"ieq7dltq3fgryp2"}
{"type":"operationEnd","doDiffs":false,"previousEventId":"zt0se56x3f72l7j","previousOperationId":"l4z8fyvtwlsvo8r","operationId":"l4z8fyvtwlsvo8r","timestamp":1705315390983,"id":"i6u13odthhzrfvo"}
