{"type":"operationStart","subtype":"profile","data":{"_id":"jDme5y5TYivUblJh","timestamp":"2024-01-13T19:03:06.006Z","state":"queued","mode":"standard","creationDate":"2024-01-13T19:03:06.008Z","modificationDate":"2024-01-13T19:03:06.008Z","shortid":"yC-d2Z6","$entitySet":"profiles"},"doDiffs":false,"timestamp":1705172586008,"id":"opw9skpf7zip2vv","previousOperationId":null,"operationId":"kbn2ue01rd6km7m"}
{"type":"log","level":"info","message":"Render request 2 queued for execution and waiting for available worker","previousOperationId":"kbn2ue01rd6km7m","timestamp":1705172586008,"id":"k0brtp65xusckz5"}
{"type":"operationStart","subtype":"render","name":"AveragePunctuation","previousOperationId":"kbn2ue01rd6km7m","timestamp":1705172586015,"id":"osmk209pqj09nk1","previousEventId":"opw9skpf7zip2vv","operationId":"jkanrjfq8ryox9c"}
{"type":"log","timestamp":1705172586017,"level":"info","message":"Starting rendering request 2","meta":{"rootId":"0hdsfvsa6vf098m","id":"0hdsfvsa6vf098m"},"id":"1fegep4mv48ksob","previousOperationId":"jkanrjfq8ryox9c"}
{"type":"log","timestamp":1705172586017,"level":"info","message":"Rendering template { name: AveragePunctuation, recipe: chrome-pdf, engine: handlebars, preview: false }","meta":{"rootId":"0hdsfvsa6vf098m","id":"0hdsfvsa6vf098m"},"id":"2joqfbkb0z6cq0e","previousOperationId":"jkanrjfq8ryox9c"}
{"type":"log","timestamp":1705172586019,"level":"debug","message":"Inline data specified.","meta":{"rootId":"0hdsfvsa6vf098m","id":"0hdsfvsa6vf098m"},"id":"pjm4mou6brkb1d2","previousOperationId":"jkanrjfq8ryox9c"}
{"type":"log","timestamp":1705172586022,"level":"debug","message":"Executing script AveragePunctuation-script (beforeRender)","meta":{"rootId":"0hdsfvsa6vf098m","id":"0hdsfvsa6vf098m"},"id":"u7ofp5d24tj2pj5","previousOperationId":"jkanrjfq8ryox9c"}
{"type":"operationStart","subtype":"scriptsBeforeRender","name":"scripts beforeRender","timestamp":1705172586356,"id":"faoyl9dlx2nksr0","previousEventId":"osmk209pqj09nk1","operationId":"1qwhz749ccivn5b","previousOperationId":"jkanrjfq8ryox9c"}
{"type":"operationStart","subtype":"script","name":"scripts AveragePunctuation-script","previousOperationId":"1qwhz749ccivn5b","timestamp":1705172586356,"id":"rh7vd9v8mnnnr61","previousEventId":"faoyl9dlx2nksr0","operationId":"1twaguum5l054bo"}
{"type":"operationEnd","operationId":"1twaguum5l054bo","timestamp":1705172586388,"id":"mo3myna5vurl9bb","previousEventId":"osmk209pqj09nk1","previousOperationId":"jkanrjfq8ryox9c"}
{"type":"operationEnd","operationId":"1qwhz749ccivn5b","timestamp":1705172586388,"id":"u99cyw35i6n03tm","previousEventId":"mo3myna5vurl9bb","previousOperationId":"jkanrjfq8ryox9c"}
{"type":"log","timestamp":1705172586388,"level":"debug","message":"Base url not specified, skipping its injection.","meta":{"rootId":"0hdsfvsa6vf098m","id":"0hdsfvsa6vf098m"},"id":"xef68my0ivb73sf","previousOperationId":"1qwhz749ccivn5b"}
{"type":"operationStart","subtype":"engine","name":"handlebars","timestamp":1705172586389,"id":"0lny2f89ymbj7g7","previousEventId":"u99cyw35i6n03tm","operationId":"dz8oibye8j020ab","previousOperationId":"1qwhz749ccivn5b"}
{"type":"log","timestamp":1705172586389,"level":"debug","message":"Rendering engine handlebars","meta":{"rootId":"0hdsfvsa6vf098m","id":"0hdsfvsa6vf098m"},"id":"l9sjpbcqxfv6m69","previousOperationId":"dz8oibye8j020ab"}
{"type":"operationEnd","operationId":"dz8oibye8j020ab","timestamp":1705172586680,"id":"315h34bxxr5hjmb","previousEventId":"0lny2f89ymbj7g7","previousOperationId":"dz8oibye8j020ab"}
{"type":"operationStart","subtype":"recipe","name":"chrome-pdf","timestamp":1705172586681,"id":"ognjm5b3sky9itg","previousEventId":"315h34bxxr5hjmb","operationId":"eberom1xampticy","previousOperationId":"dz8oibye8j020ab"}
{"type":"log","timestamp":1705172586681,"level":"debug","message":"Executing recipe chrome-pdf","meta":{"rootId":"0hdsfvsa6vf098m","id":"0hdsfvsa6vf098m"},"id":"u7en2ksrd9geluv","previousOperationId":"eberom1xampticy"}
{"type":"log","timestamp":1705172587388,"level":"debug","message":"Converting with chrome HeadlessChrome/117.0.5938.149 using chrome-pool strategy","meta":{"rootId":"0hdsfvsa6vf098m","id":"0hdsfvsa6vf098m"},"id":"ac99ytjg7k3vo1k","previousOperationId":"eberom1xampticy"}
{"type":"log","timestamp":1705172587605,"level":"debug","message":"Page request: GET (document) file:///C:/Users/Javier/AppData/Local/Temp/jsreport/autocleanup/eea5e6d1-13b2-4252-a52a-a63580b9f6e8-chrome-pdf.html","meta":{"rootId":"0hdsfvsa6vf098m","id":"0hdsfvsa6vf098m"},"id":"e2ahzwpodsk7nqh","previousOperationId":"eberom1xampticy"}
{"type":"log","timestamp":1705172587657,"level":"debug","message":"Page request: GET (stylesheet) https://cdnjs.cloudflare.com/ajax/libs/metro/4.1.5/css/metro.min.css","meta":{"rootId":"0hdsfvsa6vf098m","id":"0hdsfvsa6vf098m"},"id":"b1cqnng1jxthgdi","previousOperationId":"eberom1xampticy"}
{"type":"log","timestamp":1705172587657,"level":"debug","message":"Page request: GET (script) https://cdnjs.cloudflare.com/ajax/libs/Chart.js/2.7.2/Chart.min.js","meta":{"rootId":"0hdsfvsa6vf098m","id":"0hdsfvsa6vf098m"},"id":"42qcafg6235ocuc","previousOperationId":"eberom1xampticy"}
{"type":"log","timestamp":1705172587658,"level":"debug","message":"Page request finished: GET (document) 200 file:///C:/Users/Javier/AppData/Local/Temp/jsreport/autocleanup/eea5e6d1-13b2-4252-a52a-a63580b9f6e8-chrome-pdf.html","meta":{"rootId":"0hdsfvsa6vf098m","id":"0hdsfvsa6vf098m"},"id":"hqpywaqa1z4te8c","previousOperationId":"eberom1xampticy"}
{"type":"log","timestamp":1705172587884,"level":"debug","message":"Page request finished: GET (stylesheet) 200 https://cdnjs.cloudflare.com/ajax/libs/metro/4.1.5/css/metro.min.css","meta":{"rootId":"0hdsfvsa6vf098m","id":"0hdsfvsa6vf098m"},"id":"layu9w3elk8bsmk","previousOperationId":"eberom1xampticy"}
{"type":"log","timestamp":1705172587892,"level":"debug","message":"Page request finished: GET (script) 200 https://cdnjs.cloudflare.com/ajax/libs/Chart.js/2.7.2/Chart.min.js","meta":{"rootId":"0hdsfvsa6vf098m","id":"0hdsfvsa6vf098m"},"id":"i1uortm1b2moau4","previousOperationId":"eberom1xampticy"}
{"type":"log","timestamp":1705172587980,"level":"debug","message":"Running chrome with params {\"printBackground\":true,\"timeout\":58832,\"margin\":{}}","meta":{"rootId":"0hdsfvsa6vf098m","id":"0hdsfvsa6vf098m"},"id":"chfxrgykxcrnvgz","previousOperationId":"eberom1xampticy"}
{"type":"operationEnd","operationId":"eberom1xampticy","timestamp":1705172588094,"id":"vq7gya2cqe1w7dj","previousEventId":"ognjm5b3sky9itg","previousOperationId":"eberom1xampticy"}
{"type":"log","timestamp":1705172588095,"level":"debug","message":"Skipping storing report.","meta":{"rootId":"0hdsfvsa6vf098m","id":"0hdsfvsa6vf098m"},"id":"nyr35r63lgnrtv3","previousOperationId":"eberom1xampticy"}
{"type":"log","timestamp":1705172588095,"level":"info","message":"Rendering request 2 finished in 2089 ms","meta":{"rootId":"0hdsfvsa6vf098m","id":"0hdsfvsa6vf098m"},"id":"0wmaebftbqxj73o","previousOperationId":"eberom1xampticy"}
{"type":"operationEnd","subtype":"render","operationId":"jkanrjfq8ryox9c","timestamp":1705172588096,"id":"u8k5umo1vc0936m","previousEventId":"vq7gya2cqe1w7dj","previousOperationId":"eberom1xampticy"}
{"type":"operationEnd","doDiffs":false,"previousEventId":"opw9skpf7zip2vv","previousOperationId":"kbn2ue01rd6km7m","operationId":"kbn2ue01rd6km7m","timestamp":1705172588098,"id":"jkdbg55ny0n3zkg"}
