{"type":"operationStart","subtype":"profile","data":{"_id":"M6YetHDP51OkwjOd","timestamp":"2024-01-13T22:28:36.601Z","state":"queued","mode":"standard","creationDate":"2024-01-13T22:28:36.602Z","modificationDate":"2024-01-13T22:28:36.602Z","shortid":"wKg1nf5","$entitySet":"profiles"},"doDiffs":false,"timestamp":1705184916601,"id":"zbgev7c3brueszz","previousOperationId":null,"operationId":"vladr2co59dnqii"}
{"type":"log","level":"info","message":"Render request 13 queued for execution and waiting for available worker","previousOperationId":"vladr2co59dnqii","timestamp":1705184916601,"id":"jkollz8hncclp9d"}
{"type":"operationStart","subtype":"render","name":"AveragePunctuation","previousOperationId":"vladr2co59dnqii","timestamp":1705184916607,"id":"slt87kkvj3iihx1","previousEventId":"zbgev7c3brueszz","operationId":"20zhu5gtbz73oy8"}
{"type":"log","timestamp":1705184916607,"level":"info","message":"Starting rendering request 13","meta":{"rootId":"15dncfcseqbxwjq","id":"15dncfcseqbxwjq"},"id":"rpe6hzuiihjji99","previousOperationId":"20zhu5gtbz73oy8"}
{"type":"log","timestamp":1705184916608,"level":"info","message":"Rendering template { name: AveragePunctuation, recipe: chrome-pdf, engine: handlebars, preview: false }","meta":{"rootId":"15dncfcseqbxwjq","id":"15dncfcseqbxwjq"},"id":"wbv6mzttzh4qe5z","previousOperationId":"20zhu5gtbz73oy8"}
{"type":"log","timestamp":1705184916608,"level":"debug","message":"Inline data specified.","meta":{"rootId":"15dncfcseqbxwjq","id":"15dncfcseqbxwjq"},"id":"dpvpvl6o9j5ql1z","previousOperationId":"20zhu5gtbz73oy8"}
{"type":"log","timestamp":1705184916611,"level":"debug","message":"Executing script AveragePunctuation-script (beforeRender)","meta":{"rootId":"15dncfcseqbxwjq","id":"15dncfcseqbxwjq"},"id":"jjim05s0ej71stt","previousOperationId":"20zhu5gtbz73oy8"}
{"type":"operationStart","subtype":"scriptsBeforeRender","name":"scripts beforeRender","timestamp":1705184916630,"id":"xsbdmcmslnrxmzf","previousEventId":"slt87kkvj3iihx1","operationId":"k5chcb5a1q8ik88","previousOperationId":"20zhu5gtbz73oy8"}
{"type":"operationStart","subtype":"script","name":"scripts AveragePunctuation-script","previousOperationId":"k5chcb5a1q8ik88","timestamp":1705184916630,"id":"6dxew6xcejwx308","previousEventId":"xsbdmcmslnrxmzf","operationId":"3iq80x61m7q28uy"}
{"type":"operationEnd","operationId":"3iq80x61m7q28uy","timestamp":1705184916646,"id":"yipjsve3k2ogt68","previousEventId":"slt87kkvj3iihx1","previousOperationId":"20zhu5gtbz73oy8"}
{"type":"operationEnd","operationId":"k5chcb5a1q8ik88","timestamp":1705184916646,"id":"xvb5chxh7o56jyr","previousEventId":"yipjsve3k2ogt68","previousOperationId":"20zhu5gtbz73oy8"}
{"type":"log","timestamp":1705184916646,"level":"debug","message":"Base url not specified, skipping its injection.","meta":{"rootId":"15dncfcseqbxwjq","id":"15dncfcseqbxwjq"},"id":"mnsnwzo907y2zl4","previousOperationId":"k5chcb5a1q8ik88"}
{"type":"operationStart","subtype":"engine","name":"handlebars","timestamp":1705184916646,"id":"g8y17jccyou9tks","previousEventId":"xvb5chxh7o56jyr","operationId":"er58fplbz1aqwz4","previousOperationId":"k5chcb5a1q8ik88"}
{"type":"log","timestamp":1705184916646,"level":"debug","message":"Rendering engine handlebars","meta":{"rootId":"15dncfcseqbxwjq","id":"15dncfcseqbxwjq"},"id":"lx23yof5nad5asb","previousOperationId":"er58fplbz1aqwz4"}
{"type":"operationEnd","operationId":"er58fplbz1aqwz4","timestamp":1705184916653,"id":"5car12mjwsnw0xt","previousEventId":"g8y17jccyou9tks","previousOperationId":"er58fplbz1aqwz4"}
{"type":"operationStart","subtype":"recipe","name":"chrome-pdf","timestamp":1705184916653,"id":"bsljna2oazfpb40","previousEventId":"5car12mjwsnw0xt","operationId":"uuntszjq0fy9gyr","previousOperationId":"er58fplbz1aqwz4"}
{"type":"log","timestamp":1705184916653,"level":"debug","message":"Executing recipe chrome-pdf","meta":{"rootId":"15dncfcseqbxwjq","id":"15dncfcseqbxwjq"},"id":"4pi0n6biudpax31","previousOperationId":"uuntszjq0fy9gyr"}
{"type":"log","timestamp":1705184916656,"level":"debug","message":"Converting with chrome HeadlessChrome/117.0.5938.149 using chrome-pool strategy","meta":{"rootId":"15dncfcseqbxwjq","id":"15dncfcseqbxwjq"},"id":"70270u5lw1y24wx","previousOperationId":"uuntszjq0fy9gyr"}
{"type":"log","timestamp":1705184916731,"level":"debug","message":"Page request: GET (document) file:///C:/Users/Javier/AppData/Local/Temp/jsreport/autocleanup/766fe122-0af3-4d7d-85ec-37ade0d897a9-chrome-pdf.html","meta":{"rootId":"15dncfcseqbxwjq","id":"15dncfcseqbxwjq"},"id":"ijaaz9zloqjjtmx","previousOperationId":"uuntszjq0fy9gyr"}
{"type":"log","timestamp":1705184916771,"level":"debug","message":"Page request: GET (stylesheet) https://cdnjs.cloudflare.com/ajax/libs/metro/4.1.5/css/metro.min.css","meta":{"rootId":"15dncfcseqbxwjq","id":"15dncfcseqbxwjq"},"id":"4tcqu6v42wa1i85","previousOperationId":"uuntszjq0fy9gyr"}
{"type":"log","timestamp":1705184916771,"level":"debug","message":"Page request: GET (script) https://cdnjs.cloudflare.com/ajax/libs/Chart.js/2.7.2/Chart.min.js","meta":{"rootId":"15dncfcseqbxwjq","id":"15dncfcseqbxwjq"},"id":"hmjyzqnspnfv7qv","previousOperationId":"uuntszjq0fy9gyr"}
{"type":"log","timestamp":1705184916772,"level":"debug","message":"Page request finished: GET (document) 200 file:///C:/Users/Javier/AppData/Local/Temp/jsreport/autocleanup/766fe122-0af3-4d7d-85ec-37ade0d897a9-chrome-pdf.html","meta":{"rootId":"15dncfcseqbxwjq","id":"15dncfcseqbxwjq"},"id":"9ntuwoq2vf0m576","previousOperationId":"uuntszjq0fy9gyr"}
{"type":"log","timestamp":1705184916775,"level":"debug","message":"Page request finished: GET (script) 200 https://cdnjs.cloudflare.com/ajax/libs/Chart.js/2.7.2/Chart.min.js","meta":{"rootId":"15dncfcseqbxwjq","id":"15dncfcseqbxwjq"},"id":"zo0hos3dqxkqx7o","previousOperationId":"uuntszjq0fy9gyr"}
{"type":"log","timestamp":1705184916785,"level":"debug","message":"Page request finished: GET (stylesheet) 200 https://cdnjs.cloudflare.com/ajax/libs/metro/4.1.5/css/metro.min.css","meta":{"rootId":"15dncfcseqbxwjq","id":"15dncfcseqbxwjq"},"id":"nc7a86bbgtru3lm","previousOperationId":"uuntszjq0fy9gyr"}
{"type":"log","timestamp":1705184916837,"level":"debug","message":"Running chrome with params {\"printBackground\":true,\"timeout\":59946,\"margin\":{}}","meta":{"rootId":"15dncfcseqbxwjq","id":"15dncfcseqbxwjq"},"id":"mjzcf1lzt5wevfm","previousOperationId":"uuntszjq0fy9gyr"}
{"type":"operationEnd","operationId":"uuntszjq0fy9gyr","timestamp":1705184916933,"id":"dg0o63sbhkvfdpl","previousEventId":"bsljna2oazfpb40","previousOperationId":"uuntszjq0fy9gyr"}
{"type":"log","timestamp":1705184916933,"level":"debug","message":"Skipping storing report.","meta":{"rootId":"15dncfcseqbxwjq","id":"15dncfcseqbxwjq"},"id":"zjgplp7e09ccnm8","previousOperationId":"uuntszjq0fy9gyr"}
{"type":"log","timestamp":1705184916933,"level":"info","message":"Rendering request 13 finished in 332 ms","meta":{"rootId":"15dncfcseqbxwjq","id":"15dncfcseqbxwjq"},"id":"c5h3ul5emplqvuf","previousOperationId":"uuntszjq0fy9gyr"}
{"type":"operationEnd","subtype":"render","operationId":"20zhu5gtbz73oy8","timestamp":1705184916933,"id":"h29tysa2w09jgfs","previousEventId":"dg0o63sbhkvfdpl","previousOperationId":"uuntszjq0fy9gyr"}
{"type":"operationEnd","doDiffs":false,"previousEventId":"zbgev7c3brueszz","previousOperationId":"vladr2co59dnqii","operationId":"vladr2co59dnqii","timestamp":1705184916935,"id":"f9tbl00nfurd8q9"}
