{"type":"operationStart","subtype":"profile","data":{"_id":"L27CM1X8ECacCuTs","timestamp":"2024-01-14T00:05:14.924Z","state":"queued","mode":"standard","creationDate":"2024-01-14T00:05:14.927Z","modificationDate":"2024-01-14T00:05:14.927Z","shortid":"0dt8Vv_","$entitySet":"profiles"},"doDiffs":false,"timestamp":1705190714926,"id":"jbj2zzs9ezyvjoh","previousOperationId":null,"operationId":"xuzjnrnzla9rp6z"}
{"type":"log","level":"info","message":"Render request 9 queued for execution and waiting for available worker","previousOperationId":"xuzjnrnzla9rp6z","timestamp":1705190714926,"id":"jocbcg9tjakrhi0"}
{"type":"operationStart","subtype":"render","name":"AveragePunctuation","previousOperationId":"xuzjnrnzla9rp6z","timestamp":1705190714937,"id":"3j2aps22tpg8d6j","previousEventId":"jbj2zzs9ezyvjoh","operationId":"8jmpml1lm2lghts"}
{"type":"log","timestamp":1705190714937,"level":"info","message":"Starting rendering request 9","meta":{"rootId":"15ev0iwb84izpe8","id":"15ev0iwb84izpe8"},"id":"8gdpt2ulk60nko3","previousOperationId":"8jmpml1lm2lghts"}
{"type":"log","timestamp":1705190714937,"level":"info","message":"Rendering template { name: AveragePunctuation, recipe: chrome-pdf, engine: handlebars, preview: false }","meta":{"rootId":"15ev0iwb84izpe8","id":"15ev0iwb84izpe8"},"id":"hxezy5594jng5w1","previousOperationId":"8jmpml1lm2lghts"}
{"type":"log","timestamp":1705190714938,"level":"debug","message":"Inline data specified.","meta":{"rootId":"15ev0iwb84izpe8","id":"15ev0iwb84izpe8"},"id":"6r6qk74sue2psbz","previousOperationId":"8jmpml1lm2lghts"}
{"type":"log","timestamp":1705190714942,"level":"debug","message":"Executing script AveragePunctuation-script (beforeRender)","meta":{"rootId":"15ev0iwb84izpe8","id":"15ev0iwb84izpe8"},"id":"xeyfgxm3s1budfz","previousOperationId":"8jmpml1lm2lghts"}
{"type":"operationStart","subtype":"scriptsBeforeRender","name":"scripts beforeRender","timestamp":1705190714965,"id":"h040f7cl8evuxlj","previousEventId":"3j2aps22tpg8d6j","operationId":"7pyifyq41co5541","previousOperationId":"8jmpml1lm2lghts"}
{"type":"operationStart","subtype":"script","name":"scripts AveragePunctuation-script","previousOperationId":"7pyifyq41co5541","timestamp":1705190714965,"id":"k6so88u5mn8i0qp","previousEventId":"h040f7cl8evuxlj","operationId":"x77bmulp9b9o8cg"}
{"type":"operationEnd","operationId":"x77bmulp9b9o8cg","timestamp":1705190714982,"id":"x8ptrfxhbko25e5","previousEventId":"3j2aps22tpg8d6j","previousOperationId":"8jmpml1lm2lghts"}
{"type":"operationEnd","operationId":"7pyifyq41co5541","timestamp":1705190714982,"id":"98ejmox90ed0j9x","previousEventId":"x8ptrfxhbko25e5","previousOperationId":"8jmpml1lm2lghts"}
{"type":"log","timestamp":1705190714982,"level":"debug","message":"Base url not specified, skipping its injection.","meta":{"rootId":"15ev0iwb84izpe8","id":"15ev0iwb84izpe8"},"id":"otwlfvixa5urzce","previousOperationId":"7pyifyq41co5541"}
{"type":"operationStart","subtype":"engine","name":"handlebars","timestamp":1705190714983,"id":"oson7owbeuqj6d2","previousEventId":"98ejmox90ed0j9x","operationId":"svlvv6vrgnprkfu","previousOperationId":"7pyifyq41co5541"}
{"type":"log","timestamp":1705190714983,"level":"debug","message":"Rendering engine handlebars","meta":{"rootId":"15ev0iwb84izpe8","id":"15ev0iwb84izpe8"},"id":"t6uz0e6a7hwlnu6","previousOperationId":"svlvv6vrgnprkfu"}
{"type":"operationEnd","operationId":"svlvv6vrgnprkfu","timestamp":1705190714996,"id":"ps414y548zmrgre","previousEventId":"oson7owbeuqj6d2","previousOperationId":"svlvv6vrgnprkfu"}
{"type":"operationStart","subtype":"recipe","name":"chrome-pdf","timestamp":1705190714996,"id":"u5jc2kx5rokp4ko","previousEventId":"ps414y548zmrgre","operationId":"z7awrg3wagyzcpj","previousOperationId":"svlvv6vrgnprkfu"}
{"type":"log","timestamp":1705190714997,"level":"debug","message":"Executing recipe chrome-pdf","meta":{"rootId":"15ev0iwb84izpe8","id":"15ev0iwb84izpe8"},"id":"znhidpwd31y1wwr","previousOperationId":"z7awrg3wagyzcpj"}
{"type":"log","timestamp":1705190714999,"level":"debug","message":"Converting with chrome HeadlessChrome/117.0.5938.149 using chrome-pool strategy","meta":{"rootId":"15ev0iwb84izpe8","id":"15ev0iwb84izpe8"},"id":"joxcqyu7q4bdy5m","previousOperationId":"z7awrg3wagyzcpj"}
{"type":"log","timestamp":1705190715110,"level":"debug","message":"Page request: GET (document) file:///C:/Users/Javier/AppData/Local/Temp/jsreport/autocleanup/440dec0e-c8a9-4f86-9033-295e2ddaef6d-chrome-pdf.html","meta":{"rootId":"15ev0iwb84izpe8","id":"15ev0iwb84izpe8"},"id":"yoiumaz03dt7z00","previousOperationId":"z7awrg3wagyzcpj"}
{"type":"log","timestamp":1705190715164,"level":"debug","message":"Page request: GET (stylesheet) https://cdnjs.cloudflare.com/ajax/libs/metro/4.1.5/css/metro.min.css","meta":{"rootId":"15ev0iwb84izpe8","id":"15ev0iwb84izpe8"},"id":"a0ugb98z5lpkiw8","previousOperationId":"z7awrg3wagyzcpj"}
{"type":"log","timestamp":1705190715165,"level":"debug","message":"Page request finished: GET (document) 200 file:///C:/Users/Javier/AppData/Local/Temp/jsreport/autocleanup/440dec0e-c8a9-4f86-9033-295e2ddaef6d-chrome-pdf.html","meta":{"rootId":"15ev0iwb84izpe8","id":"15ev0iwb84izpe8"},"id":"tm5ojxgiyl3o7cb","previousOperationId":"z7awrg3wagyzcpj"}
{"type":"log","timestamp":1705190715165,"level":"debug","message":"Page request: GET (script) https://cdnjs.cloudflare.com/ajax/libs/Chart.js/2.7.2/Chart.min.js","meta":{"rootId":"15ev0iwb84izpe8","id":"15ev0iwb84izpe8"},"id":"pj7emr7dmry1xik","previousOperationId":"z7awrg3wagyzcpj"}
{"type":"log","timestamp":1705190715186,"level":"debug","message":"Page request finished: GET (stylesheet) 200 https://cdnjs.cloudflare.com/ajax/libs/metro/4.1.5/css/metro.min.css","meta":{"rootId":"15ev0iwb84izpe8","id":"15ev0iwb84izpe8"},"id":"kfal5mmwggm4es9","previousOperationId":"z7awrg3wagyzcpj"}
{"type":"log","timestamp":1705190715186,"level":"debug","message":"Page request finished: GET (script) 200 https://cdnjs.cloudflare.com/ajax/libs/Chart.js/2.7.2/Chart.min.js","meta":{"rootId":"15ev0iwb84izpe8","id":"15ev0iwb84izpe8"},"id":"nvb6llglqefxfd1","previousOperationId":"z7awrg3wagyzcpj"}
{"type":"log","timestamp":1705190715268,"level":"debug","message":"Running chrome with params {\"printBackground\":true,\"timeout\":59924,\"margin\":{}}","meta":{"rootId":"15ev0iwb84izpe8","id":"15ev0iwb84izpe8"},"id":"ok4fehnapce82nm","previousOperationId":"z7awrg3wagyzcpj"}
{"type":"operationEnd","operationId":"z7awrg3wagyzcpj","timestamp":1705190715370,"id":"91lztj7pc6l5e5i","previousEventId":"u5jc2kx5rokp4ko","previousOperationId":"z7awrg3wagyzcpj"}
{"type":"log","timestamp":1705190715370,"level":"debug","message":"Skipping storing report.","meta":{"rootId":"15ev0iwb84izpe8","id":"15ev0iwb84izpe8"},"id":"qt1upflas46rknz","previousOperationId":"z7awrg3wagyzcpj"}
{"type":"log","timestamp":1705190715370,"level":"info","message":"Rendering request 9 finished in 447 ms","meta":{"rootId":"15ev0iwb84izpe8","id":"15ev0iwb84izpe8"},"id":"2kk6jdpg4kre3u6","previousOperationId":"z7awrg3wagyzcpj"}
{"type":"operationEnd","subtype":"render","operationId":"8jmpml1lm2lghts","timestamp":1705190715370,"id":"jeamn4ie8lgs8pa","previousEventId":"91lztj7pc6l5e5i","previousOperationId":"z7awrg3wagyzcpj"}
{"type":"operationEnd","doDiffs":false,"previousEventId":"jbj2zzs9ezyvjoh","previousOperationId":"xuzjnrnzla9rp6z","operationId":"xuzjnrnzla9rp6z","timestamp":1705190715375,"id":"urxlt69go8en1e6"}
