{"type":"operationStart","subtype":"profile","data":{"_id":"056mOSmmqlmtoV3t","timestamp":"2024-01-13T22:33:29.514Z","state":"queued","mode":"standard","creationDate":"2024-01-13T22:33:29.516Z","modificationDate":"2024-01-13T22:33:29.516Z","shortid":"DXT4XX4","$entitySet":"profiles"},"doDiffs":false,"timestamp":1705185209515,"id":"q07lx3ixjoqqfm4","previousOperationId":null,"operationId":"8ftwt72uz28zajj"}
{"type":"log","level":"info","message":"Render request 20 queued for execution and waiting for available worker","previousOperationId":"8ftwt72uz28zajj","timestamp":1705185209515,"id":"isqlyno95bf9bn2"}
{"type":"operationStart","subtype":"render","name":"AveragePunctuation","previousOperationId":"8ftwt72uz28zajj","timestamp":1705185209524,"id":"o3w40jbf06zmzwi","previousEventId":"q07lx3ixjoqqfm4","operationId":"5qmykqntkwz712q"}
{"type":"log","timestamp":1705185209524,"level":"info","message":"Starting rendering request 20","meta":{"rootId":"16ntawzest1evkt","id":"16ntawzest1evkt"},"id":"fqda01rni8935xu","previousOperationId":"5qmykqntkwz712q"}
{"type":"log","timestamp":1705185209524,"level":"info","message":"Rendering template { name: AveragePunctuation, recipe: chrome-pdf, engine: handlebars, preview: false }","meta":{"rootId":"16ntawzest1evkt","id":"16ntawzest1evkt"},"id":"rbxuiafevgruo0w","previousOperationId":"5qmykqntkwz712q"}
{"type":"log","timestamp":1705185209525,"level":"debug","message":"Inline data specified.","meta":{"rootId":"16ntawzest1evkt","id":"16ntawzest1evkt"},"id":"2uoixwdh1w3es9k","previousOperationId":"5qmykqntkwz712q"}
{"type":"log","timestamp":1705185209530,"level":"debug","message":"Executing script AveragePunctuation-script (beforeRender)","meta":{"rootId":"16ntawzest1evkt","id":"16ntawzest1evkt"},"id":"rczjrpj132r9t4d","previousOperationId":"5qmykqntkwz712q"}
{"type":"operationStart","subtype":"scriptsBeforeRender","name":"scripts beforeRender","timestamp":1705185209549,"id":"q5qsxu9uk8qijat","previousEventId":"o3w40jbf06zmzwi","operationId":"daqey4hkao4d49f","previousOperationId":"5qmykqntkwz712q"}
{"type":"operationStart","subtype":"script","name":"scripts AveragePunctuation-script","previousOperationId":"daqey4hkao4d49f","timestamp":1705185209549,"id":"fe7164d6rgmdis3","previousEventId":"q5qsxu9uk8qijat","operationId":"35kn53mjqbs47c4"}
{"type":"operationEnd","operationId":"35kn53mjqbs47c4","timestamp":1705185209562,"id":"clggan9jghfgag4","previousEventId":"o3w40jbf06zmzwi","previousOperationId":"5qmykqntkwz712q"}
{"type":"operationEnd","operationId":"daqey4hkao4d49f","timestamp":1705185209562,"id":"q22qyozh20sm3tz","previousEventId":"clggan9jghfgag4","previousOperationId":"5qmykqntkwz712q"}
{"type":"log","timestamp":1705185209562,"level":"debug","message":"Base url not specified, skipping its injection.","meta":{"rootId":"16ntawzest1evkt","id":"16ntawzest1evkt"},"id":"otf6j38agjc5oni","previousOperationId":"daqey4hkao4d49f"}
{"type":"operationStart","subtype":"engine","name":"handlebars","timestamp":1705185209562,"id":"zu5m6d6gl1hobwn","previousEventId":"q22qyozh20sm3tz","operationId":"zz7kx4h1wzy8js4","previousOperationId":"daqey4hkao4d49f"}
{"type":"log","timestamp":1705185209562,"level":"debug","message":"Rendering engine handlebars","meta":{"rootId":"16ntawzest1evkt","id":"16ntawzest1evkt"},"id":"9bf8ngliiv7kiti","previousOperationId":"zz7kx4h1wzy8js4"}
{"type":"operationEnd","operationId":"zz7kx4h1wzy8js4","timestamp":1705185209570,"id":"ljycy8ofo8inbzs","previousEventId":"zu5m6d6gl1hobwn","previousOperationId":"zz7kx4h1wzy8js4"}
{"type":"operationStart","subtype":"recipe","name":"chrome-pdf","timestamp":1705185209570,"id":"0ifvfxw89oywwvw","previousEventId":"ljycy8ofo8inbzs","operationId":"rsrlysybln1026u","previousOperationId":"zz7kx4h1wzy8js4"}
{"type":"log","timestamp":1705185209570,"level":"debug","message":"Executing recipe chrome-pdf","meta":{"rootId":"16ntawzest1evkt","id":"16ntawzest1evkt"},"id":"6psiqitj4v4dwbj","previousOperationId":"rsrlysybln1026u"}
{"type":"log","timestamp":1705185209572,"level":"debug","message":"Converting with chrome HeadlessChrome/117.0.5938.149 using chrome-pool strategy","meta":{"rootId":"16ntawzest1evkt","id":"16ntawzest1evkt"},"id":"cobjtjx066oechg","previousOperationId":"rsrlysybln1026u"}
{"type":"log","timestamp":1705185209653,"level":"debug","message":"Page request: GET (document) file:///C:/Users/Javier/AppData/Local/Temp/jsreport/autocleanup/85933809-1592-4e1e-927b-3da59aa4be27-chrome-pdf.html","meta":{"rootId":"16ntawzest1evkt","id":"16ntawzest1evkt"},"id":"kc1vbl08md57uyn","previousOperationId":"rsrlysybln1026u"}
{"type":"log","timestamp":1705185209689,"level":"debug","message":"Page request: GET (stylesheet) https://cdnjs.cloudflare.com/ajax/libs/metro/4.1.5/css/metro.min.css","meta":{"rootId":"16ntawzest1evkt","id":"16ntawzest1evkt"},"id":"74k8qlfcnv0sw26","previousOperationId":"rsrlysybln1026u"}
{"type":"log","timestamp":1705185209689,"level":"debug","message":"Page request: GET (script) https://cdnjs.cloudflare.com/ajax/libs/Chart.js/2.7.2/Chart.min.js","meta":{"rootId":"16ntawzest1evkt","id":"16ntawzest1evkt"},"id":"zlre084z9azbe69","previousOperationId":"rsrlysybln1026u"}
{"type":"log","timestamp":1705185209689,"level":"debug","message":"Page request finished: GET (document) 200 file:///C:/Users/Javier/AppData/Local/Temp/jsreport/autocleanup/85933809-1592-4e1e-927b-3da59aa4be27-chrome-pdf.html","meta":{"rootId":"16ntawzest1evkt","id":"16ntawzest1evkt"},"id":"fxp8nkwow7v3jqz","previousOperationId":"rsrlysybln1026u"}
{"type":"log","timestamp":1705185209693,"level":"debug","message":"Page request finished: GET (script) 200 https://cdnjs.cloudflare.com/ajax/libs/Chart.js/2.7.2/Chart.min.js","meta":{"rootId":"16ntawzest1evkt","id":"16ntawzest1evkt"},"id":"1pkspqo8bvlc88h","previousOperationId":"rsrlysybln1026u"}
{"type":"log","timestamp":1705185209702,"level":"debug","message":"Page request finished: GET (stylesheet) 200 https://cdnjs.cloudflare.com/ajax/libs/metro/4.1.5/css/metro.min.css","meta":{"rootId":"16ntawzest1evkt","id":"16ntawzest1evkt"},"id":"7efex4ey3e3wivn","previousOperationId":"rsrlysybln1026u"}
{"type":"log","timestamp":1705185209758,"level":"debug","message":"Running chrome with params {\"printBackground\":true,\"timeout\":59943,\"margin\":{}}","meta":{"rootId":"16ntawzest1evkt","id":"16ntawzest1evkt"},"id":"7bxyvqppqeuihpt","previousOperationId":"rsrlysybln1026u"}
{"type":"operationEnd","operationId":"rsrlysybln1026u","timestamp":1705185209855,"id":"itw6go8ja65qvgd","previousEventId":"0ifvfxw89oywwvw","previousOperationId":"rsrlysybln1026u"}
{"type":"log","timestamp":1705185209855,"level":"debug","message":"Skipping storing report.","meta":{"rootId":"16ntawzest1evkt","id":"16ntawzest1evkt"},"id":"z1myp3icwsbrfr4","previousOperationId":"rsrlysybln1026u"}
{"type":"log","timestamp":1705185209855,"level":"info","message":"Rendering request 20 finished in 341 ms","meta":{"rootId":"16ntawzest1evkt","id":"16ntawzest1evkt"},"id":"y7pgsqo8a5pqgw3","previousOperationId":"rsrlysybln1026u"}
{"type":"operationEnd","subtype":"render","operationId":"5qmykqntkwz712q","timestamp":1705185209855,"id":"8nz3juba5go4bi6","previousEventId":"itw6go8ja65qvgd","previousOperationId":"rsrlysybln1026u"}
{"type":"operationEnd","doDiffs":false,"previousEventId":"q07lx3ixjoqqfm4","previousOperationId":"8ftwt72uz28zajj","operationId":"8ftwt72uz28zajj","timestamp":1705185209857,"id":"o62n2y3e7yz8c63"}
