{"type":"operationStart","subtype":"profile","data":{"_id":"QOJMCrsv08rM5M5H","timestamp":"2024-01-15T12:25:53.250Z","state":"queued","mode":"standard","creationDate":"2024-01-15T12:25:53.257Z","modificationDate":"2024-01-15T12:25:53.257Z","shortid":"3n6I-uP","$entitySet":"profiles"},"doDiffs":false,"timestamp":1705321553254,"id":"c8ujvd8d2rcrfp7","previousOperationId":null,"operationId":"14qgt12ftetd6pz"}
{"type":"log","level":"info","message":"Render request 2 queued for execution and waiting for available worker","previousOperationId":"14qgt12ftetd6pz","timestamp":1705321553254,"id":"m6ebp6fkpuifzxe"}
{"type":"operationStart","subtype":"render","name":"AveragePunctuation","previousOperationId":"14qgt12ftetd6pz","timestamp":1705321553284,"id":"8jl43jlo9jfom2r","previousEventId":"c8ujvd8d2rcrfp7","operationId":"mcphnwtq0j6yv7p"}
{"type":"log","timestamp":1705321553287,"level":"info","message":"Starting rendering request 2","meta":{"rootId":"1fq3ccsglgflwgq","id":"1fq3ccsglgflwgq"},"id":"go7f5cde8pp7vw8","previousOperationId":"mcphnwtq0j6yv7p"}
{"type":"log","timestamp":1705321553289,"level":"info","message":"Rendering template { name: AveragePunctuation, recipe: chrome-pdf, engine: handlebars, preview: false }","meta":{"rootId":"1fq3ccsglgflwgq","id":"1fq3ccsglgflwgq"},"id":"sqtde3dkryr9p9z","previousOperationId":"mcphnwtq0j6yv7p"}
{"type":"log","timestamp":1705321553300,"level":"debug","message":"Inline data specified.","meta":{"rootId":"1fq3ccsglgflwgq","id":"1fq3ccsglgflwgq"},"id":"8jy446uj48gguo0","previousOperationId":"mcphnwtq0j6yv7p"}
{"type":"log","timestamp":1705321553305,"level":"debug","message":"Executing script AveragePunctuation-script (beforeRender)","meta":{"rootId":"1fq3ccsglgflwgq","id":"1fq3ccsglgflwgq"},"id":"wu6ddfr5pkb9ya6","previousOperationId":"mcphnwtq0j6yv7p"}
{"type":"operationStart","subtype":"scriptsBeforeRender","name":"scripts beforeRender","timestamp":1705321553776,"id":"cjub3ws4d2lw31w","previousEventId":"8jl43jlo9jfom2r","operationId":"zhb3bv24psu3oub","previousOperationId":"mcphnwtq0j6yv7p"}
{"type":"operationStart","subtype":"script","name":"scripts AveragePunctuation-script","previousOperationId":"zhb3bv24psu3oub","timestamp":1705321553776,"id":"wm7f79pkbwkb032","previousEventId":"cjub3ws4d2lw31w","operationId":"r88ya65ax3locpb"}
{"type":"operationEnd","operationId":"r88ya65ax3locpb","timestamp":1705321553817,"id":"7rjrz4y0t34moat","previousEventId":"8jl43jlo9jfom2r","previousOperationId":"mcphnwtq0j6yv7p"}
{"type":"operationEnd","operationId":"zhb3bv24psu3oub","timestamp":1705321553817,"id":"hsbmeu84svt3xhi","previousEventId":"7rjrz4y0t34moat","previousOperationId":"mcphnwtq0j6yv7p"}
{"type":"log","timestamp":1705321553817,"level":"debug","message":"Base url not specified, skipping its injection.","meta":{"rootId":"1fq3ccsglgflwgq","id":"1fq3ccsglgflwgq"},"id":"62ffnpwfhh7lzee","previousOperationId":"zhb3bv24psu3oub"}
{"type":"operationStart","subtype":"engine","name":"handlebars","timestamp":1705321553818,"id":"wzojjkp50o7k5o2","previousEventId":"hsbmeu84svt3xhi","operationId":"u7ck9kyaeywyz98","previousOperationId":"zhb3bv24psu3oub"}
{"type":"log","timestamp":1705321553818,"level":"debug","message":"Rendering engine handlebars","meta":{"rootId":"1fq3ccsglgflwgq","id":"1fq3ccsglgflwgq"},"id":"jytghqmmd69ulco","previousOperationId":"u7ck9kyaeywyz98"}
{"type":"operationEnd","operationId":"u7ck9kyaeywyz98","timestamp":1705321554130,"id":"jgq2opj2a7mhxro","previousEventId":"wzojjkp50o7k5o2","previousOperationId":"u7ck9kyaeywyz98"}
{"type":"operationStart","subtype":"recipe","name":"chrome-pdf","timestamp":1705321554131,"id":"qrp3k1gu7ac6kma","previousEventId":"jgq2opj2a7mhxro","operationId":"4mdal8s1w5huzh6","previousOperationId":"u7ck9kyaeywyz98"}
{"type":"log","timestamp":1705321554131,"level":"debug","message":"Executing recipe chrome-pdf","meta":{"rootId":"1fq3ccsglgflwgq","id":"1fq3ccsglgflwgq"},"id":"w1vq0ol4gk90nnl","previousOperationId":"4mdal8s1w5huzh6"}
{"type":"log","timestamp":1705321554758,"level":"debug","message":"Converting with chrome HeadlessChrome/117.0.5938.149 using chrome-pool strategy","meta":{"rootId":"1fq3ccsglgflwgq","id":"1fq3ccsglgflwgq"},"id":"qi0vsn14rdqd16u","previousOperationId":"4mdal8s1w5huzh6"}
{"type":"log","timestamp":1705321554912,"level":"debug","message":"Page request: GET (document) file:///C:/Users/Javier/AppData/Local/Temp/jsreport/autocleanup/e99681e8-d278-42fa-87ef-a5f0a27805ec-chrome-pdf.html","meta":{"rootId":"1fq3ccsglgflwgq","id":"1fq3ccsglgflwgq"},"id":"d3bmdj4ij0x4kf1","previousOperationId":"4mdal8s1w5huzh6"}
{"type":"log","timestamp":1705321554956,"level":"debug","message":"Page request: GET (stylesheet) https://cdnjs.cloudflare.com/ajax/libs/metro/4.1.5/css/metro.min.css","meta":{"rootId":"1fq3ccsglgflwgq","id":"1fq3ccsglgflwgq"},"id":"nquseql955b3hr7","previousOperationId":"4mdal8s1w5huzh6"}
{"type":"log","timestamp":1705321554956,"level":"debug","message":"Page request: GET (script) https://cdnjs.cloudflare.com/ajax/libs/Chart.js/2.7.2/Chart.min.js","meta":{"rootId":"1fq3ccsglgflwgq","id":"1fq3ccsglgflwgq"},"id":"bxw29iqsdr8ezi8","previousOperationId":"4mdal8s1w5huzh6"}
{"type":"log","timestamp":1705321554957,"level":"debug","message":"Page request finished: GET (document) 200 file:///C:/Users/Javier/AppData/Local/Temp/jsreport/autocleanup/e99681e8-d278-42fa-87ef-a5f0a27805ec-chrome-pdf.html","meta":{"rootId":"1fq3ccsglgflwgq","id":"1fq3ccsglgflwgq"},"id":"fhaztvfwmhodz6a","previousOperationId":"4mdal8s1w5huzh6"}
{"type":"log","timestamp":1705321555169,"level":"debug","message":"Page request finished: GET (stylesheet) 200 https://cdnjs.cloudflare.com/ajax/libs/metro/4.1.5/css/metro.min.css","meta":{"rootId":"1fq3ccsglgflwgq","id":"1fq3ccsglgflwgq"},"id":"0uf020z1trud1kj","previousOperationId":"4mdal8s1w5huzh6"}
{"type":"log","timestamp":1705321555175,"level":"debug","message":"Page request finished: GET (script) 200 https://cdnjs.cloudflare.com/ajax/libs/Chart.js/2.7.2/Chart.min.js","meta":{"rootId":"1fq3ccsglgflwgq","id":"1fq3ccsglgflwgq"},"id":"yujhdh9xdm0wwfd","previousOperationId":"4mdal8s1w5huzh6"}
{"type":"log","timestamp":1705321555248,"level":"debug","message":"Running chrome with params {\"printBackground\":true,\"timeout\":58696,\"margin\":{}}","meta":{"rootId":"1fq3ccsglgflwgq","id":"1fq3ccsglgflwgq"},"id":"murstnhs1xgjl4u","previousOperationId":"4mdal8s1w5huzh6"}
{"type":"operationEnd","operationId":"4mdal8s1w5huzh6","timestamp":1705321555368,"id":"xyfl7cp9r2o47gl","previousEventId":"qrp3k1gu7ac6kma","previousOperationId":"4mdal8s1w5huzh6"}
{"type":"log","timestamp":1705321555369,"level":"debug","message":"Skipping storing report.","meta":{"rootId":"1fq3ccsglgflwgq","id":"1fq3ccsglgflwgq"},"id":"bhlhrvw7cm513la","previousOperationId":"4mdal8s1w5huzh6"}
{"type":"log","timestamp":1705321555369,"level":"info","message":"Rendering request 2 finished in 2122 ms","meta":{"rootId":"1fq3ccsglgflwgq","id":"1fq3ccsglgflwgq"},"id":"jdqbfzj4fgnj08t","previousOperationId":"4mdal8s1w5huzh6"}
{"type":"operationEnd","subtype":"render","operationId":"mcphnwtq0j6yv7p","timestamp":1705321555369,"id":"xyqk6vd6z8qzhdc","previousEventId":"xyfl7cp9r2o47gl","previousOperationId":"4mdal8s1w5huzh6"}
{"type":"operationEnd","doDiffs":false,"previousEventId":"c8ujvd8d2rcrfp7","previousOperationId":"14qgt12ftetd6pz","operationId":"14qgt12ftetd6pz","timestamp":1705321555374,"id":"lsvwz72vhw3oqyr"}
