{"type":"operationStart","subtype":"profile","data":{"_id":"jQOagJSBhQvCF6sT","timestamp":"2024-01-13T23:41:34.764Z","state":"queued","mode":"standard","creationDate":"2024-01-13T23:41:34.765Z","modificationDate":"2024-01-13T23:41:34.765Z","shortid":"d345epD","$entitySet":"profiles"},"doDiffs":false,"timestamp":1705189294765,"id":"arlff7m0alywkbq","previousOperationId":null,"operationId":"sh0b6e9l3ahnq62"}
{"type":"log","level":"info","message":"Render request 4 queued for execution and waiting for available worker","previousOperationId":"sh0b6e9l3ahnq62","timestamp":1705189294765,"id":"gvcnzdcczbyr90x"}
{"type":"operationStart","subtype":"render","name":"AveragePunctuation","previousOperationId":"sh0b6e9l3ahnq62","timestamp":1705189294771,"id":"y01pukqsxzkqv8s","previousEventId":"arlff7m0alywkbq","operationId":"zvyak6ne2ucm60g"}
{"type":"log","timestamp":1705189294772,"level":"info","message":"Starting rendering request 4","meta":{"rootId":"1lpack15wutaxqo","id":"1lpack15wutaxqo"},"id":"4winc5jnsigspia","previousOperationId":"zvyak6ne2ucm60g"}
{"type":"log","timestamp":1705189294772,"level":"info","message":"Rendering template { name: AveragePunctuation, recipe: chrome-pdf, engine: handlebars, preview: false }","meta":{"rootId":"1lpack15wutaxqo","id":"1lpack15wutaxqo"},"id":"bel4f3xwhitxlab","previousOperationId":"zvyak6ne2ucm60g"}
{"type":"log","timestamp":1705189294774,"level":"debug","message":"Inline data specified.","meta":{"rootId":"1lpack15wutaxqo","id":"1lpack15wutaxqo"},"id":"bt923brpo93duq2","previousOperationId":"zvyak6ne2ucm60g"}
{"type":"log","timestamp":1705189294776,"level":"debug","message":"Executing script AveragePunctuation-script (beforeRender)","meta":{"rootId":"1lpack15wutaxqo","id":"1lpack15wutaxqo"},"id":"qxzqzy9n8v1khxt","previousOperationId":"zvyak6ne2ucm60g"}
{"type":"operationStart","subtype":"scriptsBeforeRender","name":"scripts beforeRender","timestamp":1705189294820,"id":"8c3q2qzi0b1jtcw","previousEventId":"y01pukqsxzkqv8s","operationId":"fhvml7wbno8bxda","previousOperationId":"zvyak6ne2ucm60g"}
{"type":"operationStart","subtype":"script","name":"scripts AveragePunctuation-script","previousOperationId":"fhvml7wbno8bxda","timestamp":1705189294820,"id":"dc21cnm85z7b8v9","previousEventId":"8c3q2qzi0b1jtcw","operationId":"45p2gwjl0bhkbd6"}
{"type":"operationEnd","operationId":"45p2gwjl0bhkbd6","timestamp":1705189294844,"id":"59gdrawhz3euxoo","previousEventId":"y01pukqsxzkqv8s","previousOperationId":"zvyak6ne2ucm60g"}
{"type":"operationEnd","operationId":"fhvml7wbno8bxda","timestamp":1705189294844,"id":"jj4v854md2yx9cs","previousEventId":"59gdrawhz3euxoo","previousOperationId":"zvyak6ne2ucm60g"}
{"type":"log","timestamp":1705189294845,"level":"debug","message":"Base url not specified, skipping its injection.","meta":{"rootId":"1lpack15wutaxqo","id":"1lpack15wutaxqo"},"id":"who62oev3htw7dd","previousOperationId":"fhvml7wbno8bxda"}
{"type":"operationStart","subtype":"engine","name":"handlebars","timestamp":1705189294845,"id":"k9ot9y5hhru2eji","previousEventId":"jj4v854md2yx9cs","operationId":"nffxvfl2zidtpgl","previousOperationId":"fhvml7wbno8bxda"}
{"type":"log","timestamp":1705189294845,"level":"debug","message":"Rendering engine handlebars","meta":{"rootId":"1lpack15wutaxqo","id":"1lpack15wutaxqo"},"id":"vsmiodubukzyx9u","previousOperationId":"nffxvfl2zidtpgl"}
{"type":"operationEnd","operationId":"nffxvfl2zidtpgl","timestamp":1705189294861,"id":"z6lefb780yxh0t2","previousEventId":"k9ot9y5hhru2eji","previousOperationId":"nffxvfl2zidtpgl"}
{"type":"operationStart","subtype":"recipe","name":"chrome-pdf","timestamp":1705189294862,"id":"s5jpieucabq39ps","previousEventId":"z6lefb780yxh0t2","operationId":"dizawq2wcet7b5i","previousOperationId":"nffxvfl2zidtpgl"}
{"type":"log","timestamp":1705189294862,"level":"debug","message":"Executing recipe chrome-pdf","meta":{"rootId":"1lpack15wutaxqo","id":"1lpack15wutaxqo"},"id":"b97atvpqhculfwc","previousOperationId":"dizawq2wcet7b5i"}
{"type":"log","timestamp":1705189294864,"level":"debug","message":"Converting with chrome HeadlessChrome/117.0.5938.149 using chrome-pool strategy","meta":{"rootId":"1lpack15wutaxqo","id":"1lpack15wutaxqo"},"id":"ido63o2whb4xolm","previousOperationId":"dizawq2wcet7b5i"}
{"type":"log","timestamp":1705189294974,"level":"debug","message":"Page request: GET (document) file:///C:/Users/Javier/AppData/Local/Temp/jsreport/autocleanup/bf04e522-6e26-45ee-b119-2c201e3836fa-chrome-pdf.html","meta":{"rootId":"1lpack15wutaxqo","id":"1lpack15wutaxqo"},"id":"qdhvao4xfx7tvko","previousOperationId":"dizawq2wcet7b5i"}
{"type":"log","timestamp":1705189295016,"level":"debug","message":"Page request: GET (stylesheet) https://cdnjs.cloudflare.com/ajax/libs/metro/4.1.5/css/metro.min.css","meta":{"rootId":"1lpack15wutaxqo","id":"1lpack15wutaxqo"},"id":"nds77y8emuafrvo","previousOperationId":"dizawq2wcet7b5i"}
{"type":"log","timestamp":1705189295016,"level":"debug","message":"Page request: GET (script) https://cdnjs.cloudflare.com/ajax/libs/Chart.js/2.7.2/Chart.min.js","meta":{"rootId":"1lpack15wutaxqo","id":"1lpack15wutaxqo"},"id":"wormzxc1btxpi2o","previousOperationId":"dizawq2wcet7b5i"}
{"type":"log","timestamp":1705189295017,"level":"debug","message":"Page request finished: GET (document) 200 file:///C:/Users/Javier/AppData/Local/Temp/jsreport/autocleanup/bf04e522-6e26-45ee-b119-2c201e3836fa-chrome-pdf.html","meta":{"rootId":"1lpack15wutaxqo","id":"1lpack15wutaxqo"},"id":"nrrnb79duh975eu","previousOperationId":"dizawq2wcet7b5i"}
{"type":"log","timestamp":1705189295031,"level":"debug","message":"Page request finished: GET (stylesheet) 200 https://cdnjs.cloudflare.com/ajax/libs/metro/4.1.5/css/metro.min.css","meta":{"rootId":"1lpack15wutaxqo","id":"1lpack15wutaxqo"},"id":"hoxnnhygox8fn6q","previousOperationId":"dizawq2wcet7b5i"}
{"type":"log","timestamp":1705189295032,"level":"debug","message":"Page request finished: GET (script) 200 https://cdnjs.cloudflare.com/ajax/libs/Chart.js/2.7.2/Chart.min.js","meta":{"rootId":"1lpack15wutaxqo","id":"1lpack15wutaxqo"},"id":"bbjrs7ot86a3pmr","previousOperationId":"dizawq2wcet7b5i"}
{"type":"log","timestamp":1705189295102,"level":"debug","message":"Running chrome with params {\"printBackground\":true,\"timeout\":59901,\"margin\":{}}","meta":{"rootId":"1lpack15wutaxqo","id":"1lpack15wutaxqo"},"id":"n4azgpnj7nxwmwv","previousOperationId":"dizawq2wcet7b5i"}
{"type":"operationEnd","operationId":"dizawq2wcet7b5i","timestamp":1705189295197,"id":"33ucram3utlbkai","previousEventId":"s5jpieucabq39ps","previousOperationId":"dizawq2wcet7b5i"}
{"type":"log","timestamp":1705189295197,"level":"debug","message":"Skipping storing report.","meta":{"rootId":"1lpack15wutaxqo","id":"1lpack15wutaxqo"},"id":"8szjmoq2aj699kr","previousOperationId":"dizawq2wcet7b5i"}
{"type":"log","timestamp":1705189295197,"level":"info","message":"Rendering request 4 finished in 433 ms","meta":{"rootId":"1lpack15wutaxqo","id":"1lpack15wutaxqo"},"id":"yz63fdskomupcq2","previousOperationId":"dizawq2wcet7b5i"}
{"type":"operationEnd","subtype":"render","operationId":"zvyak6ne2ucm60g","timestamp":1705189295197,"id":"eg2uu2sgsfx6mnr","previousEventId":"33ucram3utlbkai","previousOperationId":"dizawq2wcet7b5i"}
{"type":"operationEnd","doDiffs":false,"previousEventId":"arlff7m0alywkbq","previousOperationId":"sh0b6e9l3ahnq62","operationId":"sh0b6e9l3ahnq62","timestamp":1705189295199,"id":"4nn9xnfvrp9ipau"}
