{"type":"operationStart","subtype":"profile","data":{"_id":"ky9J91SbySLJbjBg","timestamp":"2024-01-12T12:21:08.912Z","state":"queued","mode":"standard","creationDate":"2024-01-12T12:21:08.914Z","modificationDate":"2024-01-12T12:21:08.914Z","shortid":"2jcQ4jx","$entitySet":"profiles"},"doDiffs":false,"timestamp":1705062068913,"id":"071d6u6dk719ljf","previousOperationId":null,"operationId":"cafra1ytpk55wky"}
{"type":"log","level":"info","message":"Render request 34 queued for execution and waiting for available worker","previousOperationId":"cafra1ytpk55wky","timestamp":1705062068913,"id":"mm2xkvtw33ne0sr"}
{"type":"operationStart","subtype":"render","name":"AveragePunctuation","previousOperationId":"cafra1ytpk55wky","timestamp":1705062068923,"id":"eqhw8ph8n1fgiml","previousEventId":"071d6u6dk719ljf","operationId":"4wi5s2rytjsicit"}
{"type":"log","timestamp":1705062068923,"level":"info","message":"Starting rendering request 34","meta":{"rootId":"24ekrv4f9gpsth9","id":"24ekrv4f9gpsth9"},"id":"2rq4bto13je437v","previousOperationId":"4wi5s2rytjsicit"}
{"type":"log","timestamp":1705062068923,"level":"info","message":"Rendering template { name: AveragePunctuation, recipe: chrome-pdf, engine: handlebars, preview: false }","meta":{"rootId":"24ekrv4f9gpsth9","id":"24ekrv4f9gpsth9"},"id":"qixsixhm26w08w8","previousOperationId":"4wi5s2rytjsicit"}
{"type":"log","timestamp":1705062068924,"level":"debug","message":"Inline data specified.","meta":{"rootId":"24ekrv4f9gpsth9","id":"24ekrv4f9gpsth9"},"id":"56m1z3tcx8e3wbl","previousOperationId":"4wi5s2rytjsicit"}
{"type":"log","timestamp":1705062068926,"level":"debug","message":"Executing script AveragePunctuation-script (beforeRender)","meta":{"rootId":"24ekrv4f9gpsth9","id":"24ekrv4f9gpsth9"},"id":"vc21jo1rsvty3th","previousOperationId":"4wi5s2rytjsicit"}
{"type":"operationStart","subtype":"scriptsBeforeRender","name":"scripts beforeRender","timestamp":1705062068949,"id":"k5xyv1cw55htm3f","previousEventId":"eqhw8ph8n1fgiml","operationId":"egdl9965t8xu892","previousOperationId":"4wi5s2rytjsicit"}
{"type":"operationStart","subtype":"script","name":"scripts AveragePunctuation-script","previousOperationId":"egdl9965t8xu892","timestamp":1705062068949,"id":"84vat8i7kyfbqsm","previousEventId":"k5xyv1cw55htm3f","operationId":"v4cixho8inoouo9"}
{"type":"operationEnd","operationId":"v4cixho8inoouo9","timestamp":1705062068971,"id":"myzsqplu4k4peqv","previousEventId":"eqhw8ph8n1fgiml","previousOperationId":"4wi5s2rytjsicit"}
{"type":"operationEnd","operationId":"egdl9965t8xu892","timestamp":1705062068971,"id":"z5e8s67wnotwpwq","previousEventId":"myzsqplu4k4peqv","previousOperationId":"4wi5s2rytjsicit"}
{"type":"log","timestamp":1705062068971,"level":"debug","message":"Base url not specified, skipping its injection.","meta":{"rootId":"24ekrv4f9gpsth9","id":"24ekrv4f9gpsth9"},"id":"72thv27kcdj0trs","previousOperationId":"egdl9965t8xu892"}
{"type":"operationStart","subtype":"engine","name":"handlebars","timestamp":1705062068971,"id":"3868mr5v3mfu3fc","previousEventId":"z5e8s67wnotwpwq","operationId":"xkvnd7wsb5vr4qw","previousOperationId":"egdl9965t8xu892"}
{"type":"log","timestamp":1705062068971,"level":"debug","message":"Rendering engine handlebars","meta":{"rootId":"24ekrv4f9gpsth9","id":"24ekrv4f9gpsth9"},"id":"zndrhrxblg4xidn","previousOperationId":"xkvnd7wsb5vr4qw"}
{"type":"operationEnd","operationId":"xkvnd7wsb5vr4qw","timestamp":1705062068980,"id":"3m10fhh479axqcm","previousEventId":"3868mr5v3mfu3fc","previousOperationId":"xkvnd7wsb5vr4qw"}
{"type":"operationStart","subtype":"recipe","name":"chrome-pdf","timestamp":1705062068980,"id":"0n9xyi2obgxd1td","previousEventId":"3m10fhh479axqcm","operationId":"0xsj4yqbz0dbl2b","previousOperationId":"xkvnd7wsb5vr4qw"}
{"type":"log","timestamp":1705062068980,"level":"debug","message":"Executing recipe chrome-pdf","meta":{"rootId":"24ekrv4f9gpsth9","id":"24ekrv4f9gpsth9"},"id":"yyxq56zkzjkyzi9","previousOperationId":"0xsj4yqbz0dbl2b"}
{"type":"log","timestamp":1705062068982,"level":"debug","message":"Converting with chrome HeadlessChrome/117.0.5938.149 using chrome-pool strategy","meta":{"rootId":"24ekrv4f9gpsth9","id":"24ekrv4f9gpsth9"},"id":"eahfz3j3km8tw8v","previousOperationId":"0xsj4yqbz0dbl2b"}
{"type":"log","timestamp":1705062069098,"level":"debug","message":"Page request: GET (document) file:///C:/Users/Javier/AppData/Local/Temp/jsreport/autocleanup/06d70933-dc87-404b-944e-0afda1b90bdd-chrome-pdf.html","meta":{"rootId":"24ekrv4f9gpsth9","id":"24ekrv4f9gpsth9"},"id":"25ix09q5uj6hgyz","previousOperationId":"0xsj4yqbz0dbl2b"}
{"type":"log","timestamp":1705062069106,"level":"debug","message":"Page request finished: GET (document) 200 file:///C:/Users/Javier/AppData/Local/Temp/jsreport/autocleanup/06d70933-dc87-404b-944e-0afda1b90bdd-chrome-pdf.html","meta":{"rootId":"24ekrv4f9gpsth9","id":"24ekrv4f9gpsth9"},"id":"czuz77v287dt7db","previousOperationId":"0xsj4yqbz0dbl2b"}
{"type":"log","timestamp":1705062069117,"level":"debug","message":"Running chrome with params {\"printBackground\":true,\"timeout\":59931,\"margin\":{}}","meta":{"rootId":"24ekrv4f9gpsth9","id":"24ekrv4f9gpsth9"},"id":"7v03zmtuit5r3xc","previousOperationId":"0xsj4yqbz0dbl2b"}
{"type":"operationEnd","operationId":"0xsj4yqbz0dbl2b","timestamp":1705062069147,"id":"8cwcfqlc3uyknpu","previousEventId":"0n9xyi2obgxd1td","previousOperationId":"0xsj4yqbz0dbl2b"}
{"type":"log","timestamp":1705062069148,"level":"debug","message":"Skipping storing report.","meta":{"rootId":"24ekrv4f9gpsth9","id":"24ekrv4f9gpsth9"},"id":"yrtv06lgvou7bfw","previousOperationId":"0xsj4yqbz0dbl2b"}
{"type":"log","timestamp":1705062069148,"level":"info","message":"Rendering request 34 finished in 236 ms","meta":{"rootId":"24ekrv4f9gpsth9","id":"24ekrv4f9gpsth9"},"id":"3gcifwkymuetmv7","previousOperationId":"0xsj4yqbz0dbl2b"}
{"type":"operationEnd","subtype":"render","operationId":"4wi5s2rytjsicit","timestamp":1705062069149,"id":"4uz36anv62us1rp","previousEventId":"8cwcfqlc3uyknpu","previousOperationId":"0xsj4yqbz0dbl2b"}
{"type":"operationEnd","doDiffs":false,"previousEventId":"071d6u6dk719ljf","previousOperationId":"cafra1ytpk55wky","operationId":"cafra1ytpk55wky","timestamp":1705062069153,"id":"svenuvolfn2h2s8"}
