{"type":"operationStart","subtype":"profile","data":{"_id":"YW0UhzW52MP6IEkP","timestamp":"2024-01-13T22:19:29.247Z","state":"queued","mode":"standard","creationDate":"2024-01-13T22:19:29.248Z","modificationDate":"2024-01-13T22:19:29.248Z","shortid":"08JIgUN","$entitySet":"profiles"},"doDiffs":false,"timestamp":1705184369247,"id":"5zw32n7fgnv3yyq","previousOperationId":null,"operationId":"rn9wmae7idoqcji"}
{"type":"log","level":"info","message":"Render request 4 queued for execution and waiting for available worker","previousOperationId":"rn9wmae7idoqcji","timestamp":1705184369247,"id":"uwnjrkxnfoayhf0"}
{"type":"operationStart","subtype":"render","name":"AveragePunctuation","previousOperationId":"rn9wmae7idoqcji","timestamp":1705184369255,"id":"h3uzfwrknvrqxnd","previousEventId":"5zw32n7fgnv3yyq","operationId":"pfnfflqaukiv9ge"}
{"type":"log","timestamp":1705184369256,"level":"info","message":"Starting rendering request 4","meta":{"rootId":"26d236h5lpzey20","id":"26d236h5lpzey20"},"id":"r8vamotkugqf93v","previousOperationId":"pfnfflqaukiv9ge"}
{"type":"log","timestamp":1705184369257,"level":"info","message":"Rendering template { name: AveragePunctuation, recipe: chrome-pdf, engine: handlebars, preview: false }","meta":{"rootId":"26d236h5lpzey20","id":"26d236h5lpzey20"},"id":"s26hry50v92p827","previousOperationId":"pfnfflqaukiv9ge"}
{"type":"log","timestamp":1705184369258,"level":"debug","message":"Inline data specified.","meta":{"rootId":"26d236h5lpzey20","id":"26d236h5lpzey20"},"id":"uj4p2l4gwgz6tci","previousOperationId":"pfnfflqaukiv9ge"}
{"type":"log","timestamp":1705184369261,"level":"debug","message":"Executing script AveragePunctuation-script (beforeRender)","meta":{"rootId":"26d236h5lpzey20","id":"26d236h5lpzey20"},"id":"tsg1ieq6akp98am","previousOperationId":"pfnfflqaukiv9ge"}
{"type":"operationStart","subtype":"scriptsBeforeRender","name":"scripts beforeRender","timestamp":1705184369299,"id":"osky7d38m257gum","previousEventId":"h3uzfwrknvrqxnd","operationId":"ynzeshq74iw9fl5","previousOperationId":"pfnfflqaukiv9ge"}
{"type":"operationStart","subtype":"script","name":"scripts AveragePunctuation-script","previousOperationId":"ynzeshq74iw9fl5","timestamp":1705184369300,"id":"f95xmp1kzbdkiw6","previousEventId":"osky7d38m257gum","operationId":"ae2r9yoo4emam7d"}
{"type":"operationEnd","operationId":"ae2r9yoo4emam7d","timestamp":1705184369322,"id":"jb2u44l8zjj0n7l","previousEventId":"h3uzfwrknvrqxnd","previousOperationId":"pfnfflqaukiv9ge"}
{"type":"operationEnd","operationId":"ynzeshq74iw9fl5","timestamp":1705184369323,"id":"f0r1v8jvzl41ij8","previousEventId":"jb2u44l8zjj0n7l","previousOperationId":"pfnfflqaukiv9ge"}
{"type":"log","timestamp":1705184369323,"level":"debug","message":"Base url not specified, skipping its injection.","meta":{"rootId":"26d236h5lpzey20","id":"26d236h5lpzey20"},"id":"3wytn57odniarra","previousOperationId":"ynzeshq74iw9fl5"}
{"type":"operationStart","subtype":"engine","name":"handlebars","timestamp":1705184369323,"id":"gt9qv9zfrm6gco2","previousEventId":"f0r1v8jvzl41ij8","operationId":"6mc8czps099u15a","previousOperationId":"ynzeshq74iw9fl5"}
{"type":"log","timestamp":1705184369323,"level":"debug","message":"Rendering engine handlebars","meta":{"rootId":"26d236h5lpzey20","id":"26d236h5lpzey20"},"id":"ojwlnss9x5whyc9","previousOperationId":"6mc8czps099u15a"}
{"type":"operationEnd","operationId":"6mc8czps099u15a","timestamp":1705184369333,"id":"jtkaf7jdjnsys43","previousEventId":"gt9qv9zfrm6gco2","previousOperationId":"6mc8czps099u15a"}
{"type":"operationStart","subtype":"recipe","name":"chrome-pdf","timestamp":1705184369334,"id":"arxnqld34m5urej","previousEventId":"jtkaf7jdjnsys43","operationId":"lpaw66qzmhaasqj","previousOperationId":"6mc8czps099u15a"}
{"type":"log","timestamp":1705184369334,"level":"debug","message":"Executing recipe chrome-pdf","meta":{"rootId":"26d236h5lpzey20","id":"26d236h5lpzey20"},"id":"44afms8wqsxu00l","previousOperationId":"lpaw66qzmhaasqj"}
{"type":"log","timestamp":1705184369336,"level":"debug","message":"Converting with chrome HeadlessChrome/117.0.5938.149 using chrome-pool strategy","meta":{"rootId":"26d236h5lpzey20","id":"26d236h5lpzey20"},"id":"k8rd6ou0fmvmset","previousOperationId":"lpaw66qzmhaasqj"}
{"type":"log","timestamp":1705184369414,"level":"debug","message":"Page request: GET (document) file:///C:/Users/Javier/AppData/Local/Temp/jsreport/autocleanup/136bfacf-f392-4aa6-87ad-06c3f79b672c-chrome-pdf.html","meta":{"rootId":"26d236h5lpzey20","id":"26d236h5lpzey20"},"id":"8vsljq9c1wqptf0","previousOperationId":"lpaw66qzmhaasqj"}
{"type":"log","timestamp":1705184369494,"level":"debug","message":"Page request finished: GET (document) 200 file:///C:/Users/Javier/AppData/Local/Temp/jsreport/autocleanup/136bfacf-f392-4aa6-87ad-06c3f79b672c-chrome-pdf.html","meta":{"rootId":"26d236h5lpzey20","id":"26d236h5lpzey20"},"id":"y574zr2a5gyq2lt","previousOperationId":"lpaw66qzmhaasqj"}
{"type":"log","timestamp":1705184369494,"level":"debug","message":"Page request: GET (stylesheet) https://cdnjs.cloudflare.com/ajax/libs/metro/4.1.5/css/metro.min.css","meta":{"rootId":"26d236h5lpzey20","id":"26d236h5lpzey20"},"id":"ek0372tcs82xszn","previousOperationId":"lpaw66qzmhaasqj"}
{"type":"log","timestamp":1705184369495,"level":"debug","message":"Page request: GET (script) https://cdnjs.cloudflare.com/ajax/libs/Chart.js/2.7.2/Chart.min.js","meta":{"rootId":"26d236h5lpzey20","id":"26d236h5lpzey20"},"id":"d2awqruotou56g3","previousOperationId":"lpaw66qzmhaasqj"}
{"type":"log","timestamp":1705184369527,"level":"debug","message":"Page request finished: GET (stylesheet) 200 https://cdnjs.cloudflare.com/ajax/libs/metro/4.1.5/css/metro.min.css","meta":{"rootId":"26d236h5lpzey20","id":"26d236h5lpzey20"},"id":"zwjhmbj59sp23x4","previousOperationId":"lpaw66qzmhaasqj"}
{"type":"log","timestamp":1705184369527,"level":"debug","message":"Page request finished: GET (script) 200 https://cdnjs.cloudflare.com/ajax/libs/Chart.js/2.7.2/Chart.min.js","meta":{"rootId":"26d236h5lpzey20","id":"26d236h5lpzey20"},"id":"dhicccm4f3wtbur","previousOperationId":"lpaw66qzmhaasqj"}
{"type":"log","timestamp":1705184369637,"level":"debug","message":"Running chrome with params {\"printBackground\":true,\"timeout\":59911,\"margin\":{}}","meta":{"rootId":"26d236h5lpzey20","id":"26d236h5lpzey20"},"id":"xc1avum61y7l9xi","previousOperationId":"lpaw66qzmhaasqj"}
{"type":"operationEnd","operationId":"lpaw66qzmhaasqj","timestamp":1705184369732,"id":"n0ybirczpfzzgdq","previousEventId":"arxnqld34m5urej","previousOperationId":"lpaw66qzmhaasqj"}
{"type":"log","timestamp":1705184369732,"level":"debug","message":"Skipping storing report.","meta":{"rootId":"26d236h5lpzey20","id":"26d236h5lpzey20"},"id":"50c930do9f5liv9","previousOperationId":"lpaw66qzmhaasqj"}
{"type":"log","timestamp":1705184369732,"level":"info","message":"Rendering request 4 finished in 486 ms","meta":{"rootId":"26d236h5lpzey20","id":"26d236h5lpzey20"},"id":"8h390jpwl4vwwrb","previousOperationId":"lpaw66qzmhaasqj"}
{"type":"operationEnd","subtype":"render","operationId":"pfnfflqaukiv9ge","timestamp":1705184369732,"id":"irsjrh1zkuf81xp","previousEventId":"n0ybirczpfzzgdq","previousOperationId":"lpaw66qzmhaasqj"}
{"type":"operationEnd","doDiffs":false,"previousEventId":"5zw32n7fgnv3yyq","previousOperationId":"rn9wmae7idoqcji","operationId":"rn9wmae7idoqcji","timestamp":1705184369735,"id":"2uxxpgj5zga6lri"}
