{"type":"operationStart","subtype":"profile","data":{"_id":"sIWLu8YJ9bNKjaL9","timestamp":"2024-01-12T12:20:55.687Z","state":"queued","mode":"standard","creationDate":"2024-01-12T12:20:55.689Z","modificationDate":"2024-01-12T12:20:55.689Z","shortid":"wii7Yc1","$entitySet":"profiles"},"doDiffs":false,"timestamp":1705062055688,"id":"3teurqz7dhyxkar","previousOperationId":null,"operationId":"5oda9c1epvpg64o"}
{"type":"log","level":"info","message":"Render request 33 queued for execution and waiting for available worker","previousOperationId":"5oda9c1epvpg64o","timestamp":1705062055688,"id":"bgxndjlby912rqv"}
{"type":"operationStart","subtype":"render","name":"AveragePunctuation","previousOperationId":"5oda9c1epvpg64o","timestamp":1705062055706,"id":"wj343sfi8ls1vx1","previousEventId":"3teurqz7dhyxkar","operationId":"kx9qm6ywe0g7hxu"}
{"type":"log","timestamp":1705062055708,"level":"info","message":"Starting rendering request 33","meta":{"rootId":"28vfbqmwa1ihjor","id":"28vfbqmwa1ihjor"},"id":"qmdp4m5khqmg0qd","previousOperationId":"kx9qm6ywe0g7hxu"}
{"type":"log","timestamp":1705062055709,"level":"info","message":"Rendering template { name: AveragePunctuation, recipe: chrome-pdf, engine: handlebars, preview: false }","meta":{"rootId":"28vfbqmwa1ihjor","id":"28vfbqmwa1ihjor"},"id":"6ebeb8vjffu7j1p","previousOperationId":"kx9qm6ywe0g7hxu"}
{"type":"log","timestamp":1705062055710,"level":"debug","message":"Inline data specified.","meta":{"rootId":"28vfbqmwa1ihjor","id":"28vfbqmwa1ihjor"},"id":"9w5ej9971qpb5i8","previousOperationId":"kx9qm6ywe0g7hxu"}
{"type":"log","timestamp":1705062055714,"level":"debug","message":"Executing script AveragePunctuation-script (beforeRender)","meta":{"rootId":"28vfbqmwa1ihjor","id":"28vfbqmwa1ihjor"},"id":"f7c9w7q7zd2vxr9","previousOperationId":"kx9qm6ywe0g7hxu"}
{"type":"operationStart","subtype":"scriptsBeforeRender","name":"scripts beforeRender","timestamp":1705062055785,"id":"wgc32q85zfs217o","previousEventId":"wj343sfi8ls1vx1","operationId":"k4kdyw337n4ivgs","previousOperationId":"kx9qm6ywe0g7hxu"}
{"type":"operationStart","subtype":"script","name":"scripts AveragePunctuation-script","previousOperationId":"k4kdyw337n4ivgs","timestamp":1705062055785,"id":"rukw01gfxuehv9q","previousEventId":"wgc32q85zfs217o","operationId":"a3noux0nqc9iy3w"}
{"type":"operationEnd","operationId":"a3noux0nqc9iy3w","timestamp":1705062055817,"id":"ds7j6r5smnhlq5b","previousEventId":"wj343sfi8ls1vx1","previousOperationId":"kx9qm6ywe0g7hxu"}
{"type":"operationEnd","operationId":"k4kdyw337n4ivgs","timestamp":1705062055817,"id":"45oqp0qgh31nogt","previousEventId":"ds7j6r5smnhlq5b","previousOperationId":"kx9qm6ywe0g7hxu"}
{"type":"log","timestamp":1705062055817,"level":"debug","message":"Base url not specified, skipping its injection.","meta":{"rootId":"28vfbqmwa1ihjor","id":"28vfbqmwa1ihjor"},"id":"o6dyd1o6go9srp9","previousOperationId":"k4kdyw337n4ivgs"}
{"type":"operationStart","subtype":"engine","name":"handlebars","timestamp":1705062055817,"id":"ggtgwq4evcivmrq","previousEventId":"45oqp0qgh31nogt","operationId":"xlqbub5tspd93op","previousOperationId":"k4kdyw337n4ivgs"}
{"type":"log","timestamp":1705062055817,"level":"debug","message":"Rendering engine handlebars","meta":{"rootId":"28vfbqmwa1ihjor","id":"28vfbqmwa1ihjor"},"id":"hhuqoymz0m58fsa","previousOperationId":"xlqbub5tspd93op"}
{"type":"operationEnd","operationId":"xlqbub5tspd93op","timestamp":1705062055833,"id":"8xoeo4eykm92dt8","previousEventId":"ggtgwq4evcivmrq","previousOperationId":"xlqbub5tspd93op"}
{"type":"operationStart","subtype":"recipe","name":"chrome-pdf","timestamp":1705062055834,"id":"yjfc67ix1cw1haf","previousEventId":"8xoeo4eykm92dt8","operationId":"f50rgqb0dprh93m","previousOperationId":"xlqbub5tspd93op"}
{"type":"log","timestamp":1705062055834,"level":"debug","message":"Executing recipe chrome-pdf","meta":{"rootId":"28vfbqmwa1ihjor","id":"28vfbqmwa1ihjor"},"id":"v4fqkg3y03ye69t","previousOperationId":"f50rgqb0dprh93m"}
{"type":"log","timestamp":1705062056085,"level":"debug","message":"Converting with chrome HeadlessChrome/117.0.5938.149 using chrome-pool strategy","meta":{"rootId":"28vfbqmwa1ihjor","id":"28vfbqmwa1ihjor"},"id":"hg5rzsx36rdv7kn","previousOperationId":"f50rgqb0dprh93m"}
{"type":"log","timestamp":1705062056258,"level":"debug","message":"Page request: GET (document) file:///C:/Users/Javier/AppData/Local/Temp/jsreport/autocleanup/a47c733d-53ec-4c60-b474-b6a478909492-chrome-pdf.html","meta":{"rootId":"28vfbqmwa1ihjor","id":"28vfbqmwa1ihjor"},"id":"bpczg76mji6dp2c","previousOperationId":"f50rgqb0dprh93m"}
{"type":"log","timestamp":1705062056267,"level":"debug","message":"Page request finished: GET (document) 200 file:///C:/Users/Javier/AppData/Local/Temp/jsreport/autocleanup/a47c733d-53ec-4c60-b474-b6a478909492-chrome-pdf.html","meta":{"rootId":"28vfbqmwa1ihjor","id":"28vfbqmwa1ihjor"},"id":"24d81gafgk3nddw","previousOperationId":"f50rgqb0dprh93m"}
{"type":"log","timestamp":1705062056276,"level":"debug","message":"Running chrome with params {\"printBackground\":true,\"timeout\":59850,\"margin\":{}}","meta":{"rootId":"28vfbqmwa1ihjor","id":"28vfbqmwa1ihjor"},"id":"vlzvcuuhh0ow91x","previousOperationId":"f50rgqb0dprh93m"}
{"type":"operationEnd","operationId":"f50rgqb0dprh93m","timestamp":1705062056308,"id":"wqigqvp7y5p8ofm","previousEventId":"yjfc67ix1cw1haf","previousOperationId":"f50rgqb0dprh93m"}
{"type":"log","timestamp":1705062056308,"level":"debug","message":"Skipping storing report.","meta":{"rootId":"28vfbqmwa1ihjor","id":"28vfbqmwa1ihjor"},"id":"gaz09620su6xh02","previousOperationId":"f50rgqb0dprh93m"}
{"type":"log","timestamp":1705062056308,"level":"info","message":"Rendering request 33 finished in 621 ms","meta":{"rootId":"28vfbqmwa1ihjor","id":"28vfbqmwa1ihjor"},"id":"5h7hhr0hv9reaga","previousOperationId":"f50rgqb0dprh93m"}
{"type":"operationEnd","subtype":"render","operationId":"kx9qm6ywe0g7hxu","timestamp":1705062056309,"id":"s58b0kjvy4dn5uw","previousEventId":"wqigqvp7y5p8ofm","previousOperationId":"f50rgqb0dprh93m"}
{"type":"operationEnd","doDiffs":false,"previousEventId":"3teurqz7dhyxkar","previousOperationId":"5oda9c1epvpg64o","operationId":"5oda9c1epvpg64o","timestamp":1705062056313,"id":"zhiwi87xt6su0qd"}
