{"type":"operationStart","subtype":"profile","data":{"_id":"4yXikeV791XTKEnq","timestamp":"2024-01-13T14:30:23.141Z","state":"queued","mode":"standard","creationDate":"2024-01-13T14:30:23.143Z","modificationDate":"2024-01-13T14:30:23.143Z","shortid":"aydAPbj","$entitySet":"profiles"},"doDiffs":false,"timestamp":1705156223142,"id":"kbwkz0ace03d5w2","previousOperationId":null,"operationId":"8g3sfyfkcdaoizl"}
{"type":"log","level":"info","message":"Render request 46 queued for execution and waiting for available worker","previousOperationId":"8g3sfyfkcdaoizl","timestamp":1705156223142,"id":"64j9uh9bec7pz9q"}
{"type":"operationStart","subtype":"render","name":"AveragePunctuation","previousOperationId":"8g3sfyfkcdaoizl","timestamp":1705156223146,"id":"d132br13ph9kik6","previousEventId":"kbwkz0ace03d5w2","operationId":"99mtectja2v96g0"}
{"type":"log","timestamp":1705156223146,"level":"info","message":"Starting rendering request 46","meta":{"rootId":"29iuorblit9k9zd","id":"29iuorblit9k9zd"},"id":"etju6i0hnmtj2jx","previousOperationId":"99mtectja2v96g0"}
{"type":"log","timestamp":1705156223146,"level":"info","message":"Rendering template { name: AveragePunctuation, recipe: chrome-pdf, engine: handlebars, preview: false }","meta":{"rootId":"29iuorblit9k9zd","id":"29iuorblit9k9zd"},"id":"33mwjbz3w2msxup","previousOperationId":"99mtectja2v96g0"}
{"type":"log","timestamp":1705156223147,"level":"debug","message":"Inline data specified.","meta":{"rootId":"29iuorblit9k9zd","id":"29iuorblit9k9zd"},"id":"3vvhyunfvmw6e6w","previousOperationId":"99mtectja2v96g0"}
{"type":"log","timestamp":1705156223149,"level":"debug","message":"Executing script AveragePunctuation-script (beforeRender)","meta":{"rootId":"29iuorblit9k9zd","id":"29iuorblit9k9zd"},"id":"137tc4u7gmef82q","previousOperationId":"99mtectja2v96g0"}
{"type":"operationStart","subtype":"scriptsBeforeRender","name":"scripts beforeRender","timestamp":1705156223161,"id":"bfptg24yesjusuu","previousEventId":"d132br13ph9kik6","operationId":"t21qouulleuqb5w","previousOperationId":"99mtectja2v96g0"}
{"type":"operationStart","subtype":"script","name":"scripts AveragePunctuation-script","previousOperationId":"t21qouulleuqb5w","timestamp":1705156223161,"id":"r180p0wwhr0znwb","previousEventId":"bfptg24yesjusuu","operationId":"asavj17wh9zzbue"}
{"type":"operationEnd","operationId":"asavj17wh9zzbue","timestamp":1705156223171,"id":"wf1urca9aqr657d","previousEventId":"d132br13ph9kik6","previousOperationId":"99mtectja2v96g0"}
{"type":"operationEnd","operationId":"t21qouulleuqb5w","timestamp":1705156223171,"id":"d8q166eh0pw44tr","previousEventId":"wf1urca9aqr657d","previousOperationId":"99mtectja2v96g0"}
{"type":"log","timestamp":1705156223171,"level":"debug","message":"Base url not specified, skipping its injection.","meta":{"rootId":"29iuorblit9k9zd","id":"29iuorblit9k9zd"},"id":"uegdgfn1ytael5h","previousOperationId":"t21qouulleuqb5w"}
{"type":"operationStart","subtype":"engine","name":"handlebars","timestamp":1705156223171,"id":"svzqb62iuhufbh4","previousEventId":"d8q166eh0pw44tr","operationId":"wt38yacccmpygzc","previousOperationId":"t21qouulleuqb5w"}
{"type":"log","timestamp":1705156223171,"level":"debug","message":"Rendering engine handlebars","meta":{"rootId":"29iuorblit9k9zd","id":"29iuorblit9k9zd"},"id":"elhwd8e0jhn6srf","previousOperationId":"wt38yacccmpygzc"}
{"type":"operationEnd","operationId":"wt38yacccmpygzc","timestamp":1705156223179,"id":"n8mg9bzqsqowfqf","previousEventId":"svzqb62iuhufbh4","previousOperationId":"wt38yacccmpygzc"}
{"type":"operationStart","subtype":"recipe","name":"chrome-pdf","timestamp":1705156223179,"id":"z4kdwkb9r50ub8g","previousEventId":"n8mg9bzqsqowfqf","operationId":"o93ynzjv00xta89","previousOperationId":"wt38yacccmpygzc"}
{"type":"log","timestamp":1705156223179,"level":"debug","message":"Executing recipe chrome-pdf","meta":{"rootId":"29iuorblit9k9zd","id":"29iuorblit9k9zd"},"id":"yp1hd6cige3rdm3","previousOperationId":"o93ynzjv00xta89"}
{"type":"log","timestamp":1705156223181,"level":"debug","message":"Converting with chrome HeadlessChrome/117.0.5938.149 using chrome-pool strategy","meta":{"rootId":"29iuorblit9k9zd","id":"29iuorblit9k9zd"},"id":"aa2pt7wvy7qtvje","previousOperationId":"o93ynzjv00xta89"}
{"type":"log","timestamp":1705156223248,"level":"debug","message":"Page request: GET (document) file:///C:/Users/Javier/AppData/Local/Temp/jsreport/autocleanup/9fe648c0-eb71-4063-a731-104a5713702e-chrome-pdf.html","meta":{"rootId":"29iuorblit9k9zd","id":"29iuorblit9k9zd"},"id":"iys0ubypl4dyyvz","previousOperationId":"o93ynzjv00xta89"}
{"type":"log","timestamp":1705156223286,"level":"debug","message":"Page request: GET (stylesheet) https://cdnjs.cloudflare.com/ajax/libs/metro/4.1.5/css/metro.min.css","meta":{"rootId":"29iuorblit9k9zd","id":"29iuorblit9k9zd"},"id":"09wprybfupmniuj","previousOperationId":"o93ynzjv00xta89"}
{"type":"log","timestamp":1705156223286,"level":"debug","message":"Page request finished: GET (document) 200 file:///C:/Users/Javier/AppData/Local/Temp/jsreport/autocleanup/9fe648c0-eb71-4063-a731-104a5713702e-chrome-pdf.html","meta":{"rootId":"29iuorblit9k9zd","id":"29iuorblit9k9zd"},"id":"p4eqsv306n56yni","previousOperationId":"o93ynzjv00xta89"}
{"type":"log","timestamp":1705156223287,"level":"debug","message":"Page request: GET (script) https://cdnjs.cloudflare.com/ajax/libs/Chart.js/2.7.2/Chart.min.js","meta":{"rootId":"29iuorblit9k9zd","id":"29iuorblit9k9zd"},"id":"kzxrz17pzgkrhc2","previousOperationId":"o93ynzjv00xta89"}
{"type":"log","timestamp":1705156223301,"level":"debug","message":"Page request finished: GET (stylesheet) 200 https://cdnjs.cloudflare.com/ajax/libs/metro/4.1.5/css/metro.min.css","meta":{"rootId":"29iuorblit9k9zd","id":"29iuorblit9k9zd"},"id":"japv89zobxwnmqg","previousOperationId":"o93ynzjv00xta89"}
{"type":"log","timestamp":1705156223301,"level":"debug","message":"Page request finished: GET (script) 200 https://cdnjs.cloudflare.com/ajax/libs/Chart.js/2.7.2/Chart.min.js","meta":{"rootId":"29iuorblit9k9zd","id":"29iuorblit9k9zd"},"id":"kp4bawswzrwjycp","previousOperationId":"o93ynzjv00xta89"}
{"type":"log","timestamp":1705156223356,"level":"debug","message":"Running chrome with params {\"printBackground\":true,\"timeout\":59961,\"margin\":{}}","meta":{"rootId":"29iuorblit9k9zd","id":"29iuorblit9k9zd"},"id":"673k7y5n67narqa","previousOperationId":"o93ynzjv00xta89"}
{"type":"operationEnd","operationId":"o93ynzjv00xta89","timestamp":1705156223450,"id":"t66kpdq0l9x336y","previousEventId":"z4kdwkb9r50ub8g","previousOperationId":"o93ynzjv00xta89"}
{"type":"log","timestamp":1705156223450,"level":"debug","message":"Skipping storing report.","meta":{"rootId":"29iuorblit9k9zd","id":"29iuorblit9k9zd"},"id":"rxk22m9vqf5rwqd","previousOperationId":"o93ynzjv00xta89"}
{"type":"log","timestamp":1705156223450,"level":"info","message":"Rendering request 46 finished in 309 ms","meta":{"rootId":"29iuorblit9k9zd","id":"29iuorblit9k9zd"},"id":"f4dx5h7ffb1w6q9","previousOperationId":"o93ynzjv00xta89"}
{"type":"operationEnd","subtype":"render","operationId":"99mtectja2v96g0","timestamp":1705156223450,"id":"w66ylor2jh6zwl1","previousEventId":"t66kpdq0l9x336y","previousOperationId":"o93ynzjv00xta89"}
{"type":"operationEnd","doDiffs":false,"previousEventId":"kbwkz0ace03d5w2","previousOperationId":"8g3sfyfkcdaoizl","operationId":"8g3sfyfkcdaoizl","timestamp":1705156223451,"id":"bwr27tm4peyze6z"}
