{"type":"operationStart","subtype":"profile","data":{"_id":"4xpUO13r39xjEL5e","timestamp":"2024-01-13T23:33:36.179Z","state":"queued","mode":"standard","creationDate":"2024-01-13T23:33:36.183Z","modificationDate":"2024-01-13T23:33:36.183Z","shortid":"7TXtfRd","$entitySet":"profiles"},"doDiffs":false,"timestamp":1705188816181,"id":"erf0o65zowb3nff","previousOperationId":null,"operationId":"33sffhjqzz4v4jd"}
{"type":"log","level":"info","message":"Render request 1 queued for execution and waiting for available worker","previousOperationId":"33sffhjqzz4v4jd","timestamp":1705188816181,"id":"ejgh90nrqum66o6"}
{"type":"operationStart","subtype":"render","name":"AveragePunctuation","previousOperationId":"33sffhjqzz4v4jd","timestamp":1705188816206,"id":"8o41mm5fdns7mmr","previousEventId":"erf0o65zowb3nff","operationId":"anckycg0f85h0t0"}
{"type":"log","timestamp":1705188816206,"level":"info","message":"Starting rendering request 1","meta":{"rootId":"2fc5ya5r5ywpm3z","id":"2fc5ya5r5ywpm3z"},"id":"mv4pmf2o0pyxu06","previousOperationId":"anckycg0f85h0t0"}
{"type":"log","timestamp":1705188816207,"level":"info","message":"Rendering template { name: AveragePunctuation, recipe: chrome-pdf, engine: handlebars, preview: false }","meta":{"rootId":"2fc5ya5r5ywpm3z","id":"2fc5ya5r5ywpm3z"},"id":"whepkvkkt7e5112","previousOperationId":"anckycg0f85h0t0"}
{"type":"log","timestamp":1705188816209,"level":"debug","message":"Inline data specified.","meta":{"rootId":"2fc5ya5r5ywpm3z","id":"2fc5ya5r5ywpm3z"},"id":"95kwgtr976iwl4n","previousOperationId":"anckycg0f85h0t0"}
{"type":"log","timestamp":1705188816212,"level":"debug","message":"Executing script AveragePunctuation-script (beforeRender)","meta":{"rootId":"2fc5ya5r5ywpm3z","id":"2fc5ya5r5ywpm3z"},"id":"44e729de3nrlfsg","previousOperationId":"anckycg0f85h0t0"}
{"type":"operationStart","subtype":"scriptsBeforeRender","name":"scripts beforeRender","timestamp":1705188816516,"id":"56rrtc5rdqdfrzz","previousEventId":"8o41mm5fdns7mmr","operationId":"yjamttiibgkyat2","previousOperationId":"anckycg0f85h0t0"}
{"type":"operationStart","subtype":"script","name":"scripts AveragePunctuation-script","previousOperationId":"yjamttiibgkyat2","timestamp":1705188816516,"id":"ol2limf9t0atgzj","previousEventId":"56rrtc5rdqdfrzz","operationId":"iinybdxrp62e96q"}
{"type":"operationEnd","operationId":"iinybdxrp62e96q","timestamp":1705188816552,"id":"6w7vji96insbsry","previousEventId":"8o41mm5fdns7mmr","previousOperationId":"anckycg0f85h0t0"}
{"type":"operationEnd","operationId":"yjamttiibgkyat2","timestamp":1705188816552,"id":"ccrqvw52vj8yedq","previousEventId":"6w7vji96insbsry","previousOperationId":"anckycg0f85h0t0"}
{"type":"log","timestamp":1705188816552,"level":"debug","message":"Base url not specified, skipping its injection.","meta":{"rootId":"2fc5ya5r5ywpm3z","id":"2fc5ya5r5ywpm3z"},"id":"lfkqep2ptw5roth","previousOperationId":"yjamttiibgkyat2"}
{"type":"operationStart","subtype":"engine","name":"handlebars","timestamp":1705188816553,"id":"cdbunlylhsxm6de","previousEventId":"ccrqvw52vj8yedq","operationId":"lyj69oook5xp8oj","previousOperationId":"yjamttiibgkyat2"}
{"type":"log","timestamp":1705188816553,"level":"debug","message":"Rendering engine handlebars","meta":{"rootId":"2fc5ya5r5ywpm3z","id":"2fc5ya5r5ywpm3z"},"id":"nm9qf0gddgfuqru","previousOperationId":"lyj69oook5xp8oj"}
{"type":"operationEnd","operationId":"lyj69oook5xp8oj","timestamp":1705188816843,"id":"oz73r6snk9lm3a6","previousEventId":"cdbunlylhsxm6de","previousOperationId":"lyj69oook5xp8oj"}
{"type":"operationStart","subtype":"recipe","name":"chrome-pdf","timestamp":1705188816844,"id":"i9im3t2sv4k0yb2","previousEventId":"oz73r6snk9lm3a6","operationId":"3ut61paqfa35c6x","previousOperationId":"lyj69oook5xp8oj"}
{"type":"log","timestamp":1705188816844,"level":"debug","message":"Executing recipe chrome-pdf","meta":{"rootId":"2fc5ya5r5ywpm3z","id":"2fc5ya5r5ywpm3z"},"id":"yttu4szgmb1yk96","previousOperationId":"3ut61paqfa35c6x"}
{"type":"log","timestamp":1705188817444,"level":"debug","message":"Converting with chrome HeadlessChrome/117.0.5938.149 using chrome-pool strategy","meta":{"rootId":"2fc5ya5r5ywpm3z","id":"2fc5ya5r5ywpm3z"},"id":"18dwyahdcq5dwyy","previousOperationId":"3ut61paqfa35c6x"}
{"type":"log","timestamp":1705188817578,"level":"debug","message":"Page request: GET (document) file:///C:/Users/Javier/AppData/Local/Temp/jsreport/autocleanup/5b62be68-43e6-4cda-8a50-2974789ce8f9-chrome-pdf.html","meta":{"rootId":"2fc5ya5r5ywpm3z","id":"2fc5ya5r5ywpm3z"},"id":"u2bcravvhop0l8k","previousOperationId":"3ut61paqfa35c6x"}
{"type":"log","timestamp":1705188817616,"level":"debug","message":"Page request: GET (stylesheet) https://cdnjs.cloudflare.com/ajax/libs/metro/4.1.5/css/metro.min.css","meta":{"rootId":"2fc5ya5r5ywpm3z","id":"2fc5ya5r5ywpm3z"},"id":"mbi6no3xxnr0uue","previousOperationId":"3ut61paqfa35c6x"}
{"type":"log","timestamp":1705188817616,"level":"debug","message":"Page request finished: GET (document) 200 file:///C:/Users/Javier/AppData/Local/Temp/jsreport/autocleanup/5b62be68-43e6-4cda-8a50-2974789ce8f9-chrome-pdf.html","meta":{"rootId":"2fc5ya5r5ywpm3z","id":"2fc5ya5r5ywpm3z"},"id":"23lf1iu6v0mjq1o","previousOperationId":"3ut61paqfa35c6x"}
{"type":"log","timestamp":1705188817616,"level":"debug","message":"Page request: GET (script) https://cdnjs.cloudflare.com/ajax/libs/Chart.js/2.7.2/Chart.min.js","meta":{"rootId":"2fc5ya5r5ywpm3z","id":"2fc5ya5r5ywpm3z"},"id":"mkg8o8npdulvaev","previousOperationId":"3ut61paqfa35c6x"}
{"type":"log","timestamp":1705188817804,"level":"debug","message":"Page request finished: GET (stylesheet) 200 https://cdnjs.cloudflare.com/ajax/libs/metro/4.1.5/css/metro.min.css","meta":{"rootId":"2fc5ya5r5ywpm3z","id":"2fc5ya5r5ywpm3z"},"id":"ofxpcq7687i3zw9","previousOperationId":"3ut61paqfa35c6x"}
{"type":"log","timestamp":1705188817805,"level":"debug","message":"Page request finished: GET (script) 200 https://cdnjs.cloudflare.com/ajax/libs/Chart.js/2.7.2/Chart.min.js","meta":{"rootId":"2fc5ya5r5ywpm3z","id":"2fc5ya5r5ywpm3z"},"id":"360ycb466ti73bw","previousOperationId":"3ut61paqfa35c6x"}
{"type":"log","timestamp":1705188817867,"level":"debug","message":"Running chrome with params {\"printBackground\":true,\"timeout\":58916,\"margin\":{}}","meta":{"rootId":"2fc5ya5r5ywpm3z","id":"2fc5ya5r5ywpm3z"},"id":"bok5mn2uky9l6yl","previousOperationId":"3ut61paqfa35c6x"}
{"type":"operationEnd","operationId":"3ut61paqfa35c6x","timestamp":1705188817967,"id":"8ujpf37nptxg8yz","previousEventId":"i9im3t2sv4k0yb2","previousOperationId":"3ut61paqfa35c6x"}
{"type":"log","timestamp":1705188817967,"level":"debug","message":"Skipping storing report.","meta":{"rootId":"2fc5ya5r5ywpm3z","id":"2fc5ya5r5ywpm3z"},"id":"ucwtqt6okfnct9e","previousOperationId":"3ut61paqfa35c6x"}
{"type":"log","timestamp":1705188817967,"level":"info","message":"Rendering request 1 finished in 1789 ms","meta":{"rootId":"2fc5ya5r5ywpm3z","id":"2fc5ya5r5ywpm3z"},"id":"fej8lqscu7yylpa","previousOperationId":"3ut61paqfa35c6x"}
{"type":"operationEnd","subtype":"render","operationId":"anckycg0f85h0t0","timestamp":1705188817967,"id":"kstkf3hbpntg3ju","previousEventId":"8ujpf37nptxg8yz","previousOperationId":"3ut61paqfa35c6x"}
{"type":"operationEnd","doDiffs":false,"previousEventId":"erf0o65zowb3nff","previousOperationId":"33sffhjqzz4v4jd","operationId":"33sffhjqzz4v4jd","timestamp":1705188817970,"id":"lun8pc7o9d740pe"}
