{"type":"operationStart","subtype":"profile","data":{"_id":"HX6jOeMyCdmd0WrR","timestamp":"2024-01-13T19:24:25.370Z","state":"queued","mode":"standard","creationDate":"2024-01-13T19:24:25.371Z","modificationDate":"2024-01-13T19:24:25.371Z","shortid":"dZNOVJr","$entitySet":"profiles"},"doDiffs":false,"timestamp":1705173865370,"id":"sosroxr9fo5rrnn","previousOperationId":null,"operationId":"q3dd3lohawmg6qs"}
{"type":"log","level":"info","message":"Render request 14 queued for execution and waiting for available worker","previousOperationId":"q3dd3lohawmg6qs","timestamp":1705173865370,"id":"h246550ae8ua7or"}
{"type":"operationStart","subtype":"render","name":"AveragePunctuation","previousOperationId":"q3dd3lohawmg6qs","timestamp":1705173865377,"id":"c7n563q1mbkugtr","previousEventId":"sosroxr9fo5rrnn","operationId":"hcre41f4wev8mbh"}
{"type":"log","timestamp":1705173865378,"level":"info","message":"Starting rendering request 14","meta":{"rootId":"2ghfx5xbt75yrs2","id":"2ghfx5xbt75yrs2"},"id":"915g4bzugulr2il","previousOperationId":"hcre41f4wev8mbh"}
{"type":"log","timestamp":1705173865378,"level":"info","message":"Rendering template { name: AveragePunctuation, recipe: chrome-pdf, engine: handlebars, preview: false }","meta":{"rootId":"2ghfx5xbt75yrs2","id":"2ghfx5xbt75yrs2"},"id":"2pygyj1i162f1zy","previousOperationId":"hcre41f4wev8mbh"}
{"type":"log","timestamp":1705173865380,"level":"debug","message":"Inline data specified.","meta":{"rootId":"2ghfx5xbt75yrs2","id":"2ghfx5xbt75yrs2"},"id":"662kutxmjacrauy","previousOperationId":"hcre41f4wev8mbh"}
{"type":"log","timestamp":1705173865384,"level":"debug","message":"Executing script AveragePunctuation-script (beforeRender)","meta":{"rootId":"2ghfx5xbt75yrs2","id":"2ghfx5xbt75yrs2"},"id":"d6d5orc5s7zeop7","previousOperationId":"hcre41f4wev8mbh"}
{"type":"operationStart","subtype":"scriptsBeforeRender","name":"scripts beforeRender","timestamp":1705173865400,"id":"j8yeeffz34txmh3","previousEventId":"c7n563q1mbkugtr","operationId":"71z5joym0gl6scu","previousOperationId":"hcre41f4wev8mbh"}
{"type":"operationStart","subtype":"script","name":"scripts AveragePunctuation-script","previousOperationId":"71z5joym0gl6scu","timestamp":1705173865400,"id":"l27veo7ixys1shh","previousEventId":"j8yeeffz34txmh3","operationId":"qxccjuux27svvcr"}
{"type":"operationEnd","operationId":"qxccjuux27svvcr","timestamp":1705173865417,"id":"7aw2997m4rujq8e","previousEventId":"c7n563q1mbkugtr","previousOperationId":"hcre41f4wev8mbh"}
{"type":"operationEnd","operationId":"71z5joym0gl6scu","timestamp":1705173865418,"id":"gk7pxhoc9uh2797","previousEventId":"7aw2997m4rujq8e","previousOperationId":"hcre41f4wev8mbh"}
{"type":"log","timestamp":1705173865418,"level":"debug","message":"Base url not specified, skipping its injection.","meta":{"rootId":"2ghfx5xbt75yrs2","id":"2ghfx5xbt75yrs2"},"id":"ly8a3hq63cmolof","previousOperationId":"71z5joym0gl6scu"}
{"type":"operationStart","subtype":"engine","name":"handlebars","timestamp":1705173865418,"id":"yfgi9bbovwzcol0","previousEventId":"gk7pxhoc9uh2797","operationId":"y90mfmyu1m49r9p","previousOperationId":"71z5joym0gl6scu"}
{"type":"log","timestamp":1705173865418,"level":"debug","message":"Rendering engine handlebars","meta":{"rootId":"2ghfx5xbt75yrs2","id":"2ghfx5xbt75yrs2"},"id":"4c79zdjm2kaamxn","previousOperationId":"y90mfmyu1m49r9p"}
{"type":"operationEnd","operationId":"y90mfmyu1m49r9p","timestamp":1705173865457,"id":"lnh4twkan979z5f","previousEventId":"yfgi9bbovwzcol0","previousOperationId":"y90mfmyu1m49r9p"}
{"type":"operationStart","subtype":"recipe","name":"chrome-pdf","timestamp":1705173865458,"id":"7alfhywplqgq3bi","previousEventId":"lnh4twkan979z5f","operationId":"pinjjfjgbc8u4nx","previousOperationId":"y90mfmyu1m49r9p"}
{"type":"log","timestamp":1705173865458,"level":"debug","message":"Executing recipe chrome-pdf","meta":{"rootId":"2ghfx5xbt75yrs2","id":"2ghfx5xbt75yrs2"},"id":"c1oxt4t49xqk3sf","previousOperationId":"pinjjfjgbc8u4nx"}
{"type":"log","timestamp":1705173865461,"level":"debug","message":"Converting with chrome HeadlessChrome/117.0.5938.149 using chrome-pool strategy","meta":{"rootId":"2ghfx5xbt75yrs2","id":"2ghfx5xbt75yrs2"},"id":"s54rbrcsdku85nl","previousOperationId":"pinjjfjgbc8u4nx"}
{"type":"log","timestamp":1705173865671,"level":"debug","message":"Page request: GET (document) file:///C:/Users/Javier/AppData/Local/Temp/jsreport/autocleanup/2ffcf84d-5419-4a69-81bd-e62900b7f209-chrome-pdf.html","meta":{"rootId":"2ghfx5xbt75yrs2","id":"2ghfx5xbt75yrs2"},"id":"3uhhgtb5nlzpzh7","previousOperationId":"pinjjfjgbc8u4nx"}
{"type":"log","timestamp":1705173865736,"level":"debug","message":"Page request: GET (stylesheet) https://cdnjs.cloudflare.com/ajax/libs/metro/4.1.5/css/metro.min.css","meta":{"rootId":"2ghfx5xbt75yrs2","id":"2ghfx5xbt75yrs2"},"id":"p83q41d3jbwmwyu","previousOperationId":"pinjjfjgbc8u4nx"}
{"type":"log","timestamp":1705173865736,"level":"debug","message":"Page request: GET (script) https://cdnjs.cloudflare.com/ajax/libs/Chart.js/2.7.2/Chart.min.js","meta":{"rootId":"2ghfx5xbt75yrs2","id":"2ghfx5xbt75yrs2"},"id":"j6dy7pydhl9cjm6","previousOperationId":"pinjjfjgbc8u4nx"}
{"type":"log","timestamp":1705173865737,"level":"debug","message":"Page request finished: GET (document) 200 file:///C:/Users/Javier/AppData/Local/Temp/jsreport/autocleanup/2ffcf84d-5419-4a69-81bd-e62900b7f209-chrome-pdf.html","meta":{"rootId":"2ghfx5xbt75yrs2","id":"2ghfx5xbt75yrs2"},"id":"m8te7ez19j1g96a","previousOperationId":"pinjjfjgbc8u4nx"}
{"type":"log","timestamp":1705173865741,"level":"debug","message":"Page request finished: GET (script) 200 https://cdnjs.cloudflare.com/ajax/libs/Chart.js/2.7.2/Chart.min.js","meta":{"rootId":"2ghfx5xbt75yrs2","id":"2ghfx5xbt75yrs2"},"id":"ef4oyh6o0rormo4","previousOperationId":"pinjjfjgbc8u4nx"}
{"type":"log","timestamp":1705173865751,"level":"debug","message":"Page request finished: GET (stylesheet) 200 https://cdnjs.cloudflare.com/ajax/libs/metro/4.1.5/css/metro.min.css","meta":{"rootId":"2ghfx5xbt75yrs2","id":"2ghfx5xbt75yrs2"},"id":"8ajkwl8tkvrgawl","previousOperationId":"pinjjfjgbc8u4nx"}
{"type":"log","timestamp":1705173865807,"level":"debug","message":"Running chrome with params {\"printBackground\":true,\"timeout\":59910,\"margin\":{}}","meta":{"rootId":"2ghfx5xbt75yrs2","id":"2ghfx5xbt75yrs2"},"id":"vgkhj5sq1gna3s2","previousOperationId":"pinjjfjgbc8u4nx"}
{"type":"operationEnd","operationId":"pinjjfjgbc8u4nx","timestamp":1705173865903,"id":"hkg3sc3wd43976b","previousEventId":"7alfhywplqgq3bi","previousOperationId":"pinjjfjgbc8u4nx"}
{"type":"log","timestamp":1705173865903,"level":"debug","message":"Skipping storing report.","meta":{"rootId":"2ghfx5xbt75yrs2","id":"2ghfx5xbt75yrs2"},"id":"p99e38ad253p0lx","previousOperationId":"pinjjfjgbc8u4nx"}
{"type":"log","timestamp":1705173865903,"level":"info","message":"Rendering request 14 finished in 534 ms","meta":{"rootId":"2ghfx5xbt75yrs2","id":"2ghfx5xbt75yrs2"},"id":"k2rlhp1cq2r9afz","previousOperationId":"pinjjfjgbc8u4nx"}
{"type":"operationEnd","subtype":"render","operationId":"hcre41f4wev8mbh","timestamp":1705173865903,"id":"uz4cwzpql5hzvkw","previousEventId":"hkg3sc3wd43976b","previousOperationId":"pinjjfjgbc8u4nx"}
{"type":"operationEnd","doDiffs":false,"previousEventId":"sosroxr9fo5rrnn","previousOperationId":"q3dd3lohawmg6qs","operationId":"q3dd3lohawmg6qs","timestamp":1705173865905,"id":"7dk3j1533vocbnf"}
