{"type":"operationStart","subtype":"profile","data":{"_id":"AeHm7WhLOHJ1hVLS","timestamp":"2024-01-11T17:08:12.314Z","state":"queued","mode":"standard","creationDate":"2024-01-11T17:08:12.314Z","modificationDate":"2024-01-11T17:08:12.314Z","shortid":"5gQFka4","$entitySet":"profiles"},"doDiffs":false,"timestamp":1704992892314,"id":"j4agppy2guwgbpx","previousOperationId":null,"operationId":"kq3mgfiem5rq8ed"}
{"type":"log","level":"info","message":"Render request 18 queued for execution and waiting for available worker","previousOperationId":"kq3mgfiem5rq8ed","timestamp":1704992892314,"id":"a3zego1csl0vbt1"}
{"type":"operationStart","subtype":"render","name":"AveragePunctuation","previousOperationId":"kq3mgfiem5rq8ed","timestamp":1704992892320,"id":"vw0sye7nn093hwl","previousEventId":"j4agppy2guwgbpx","operationId":"pibvfmdbbwqmrsn"}
{"type":"log","timestamp":1704992892320,"level":"info","message":"Starting rendering request 18","meta":{"rootId":"2p4gr6uzzwcol0x","id":"2p4gr6uzzwcol0x"},"id":"7wkqlg20lf1cnu1","previousOperationId":"pibvfmdbbwqmrsn"}
{"type":"log","timestamp":1704992892320,"level":"info","message":"Rendering template { name: AveragePunctuation, recipe: chrome-pdf, engine: handlebars, preview: false }","meta":{"rootId":"2p4gr6uzzwcol0x","id":"2p4gr6uzzwcol0x"},"id":"8liw71lnuookrl8","previousOperationId":"pibvfmdbbwqmrsn"}
{"type":"log","timestamp":1704992892320,"level":"debug","message":"Inline data specified.","meta":{"rootId":"2p4gr6uzzwcol0x","id":"2p4gr6uzzwcol0x"},"id":"9lhqni8d5ika69s","previousOperationId":"pibvfmdbbwqmrsn"}
{"type":"log","timestamp":1704992892322,"level":"debug","message":"Executing script AveragePunctuation-script (beforeRender)","meta":{"rootId":"2p4gr6uzzwcol0x","id":"2p4gr6uzzwcol0x"},"id":"39djgabdb0wvdv9","previousOperationId":"pibvfmdbbwqmrsn"}
{"type":"operationStart","subtype":"scriptsBeforeRender","name":"scripts beforeRender","timestamp":1704992892337,"id":"hk1hdfkmrj2ygoo","previousEventId":"vw0sye7nn093hwl","operationId":"t2iqf8lv4vcsaau","previousOperationId":"pibvfmdbbwqmrsn"}
{"type":"operationStart","subtype":"script","name":"scripts AveragePunctuation-script","previousOperationId":"t2iqf8lv4vcsaau","timestamp":1704992892337,"id":"354vpf5ghzdqg9m","previousEventId":"hk1hdfkmrj2ygoo","operationId":"i0m53qmuhdfrcxs"}
{"type":"operationEnd","operationId":"i0m53qmuhdfrcxs","timestamp":1704992892352,"id":"me5tks8r6dj3ozz","previousEventId":"vw0sye7nn093hwl","previousOperationId":"pibvfmdbbwqmrsn"}
{"type":"operationEnd","operationId":"t2iqf8lv4vcsaau","timestamp":1704992892352,"id":"o2zrwgbd7pfeoi5","previousEventId":"me5tks8r6dj3ozz","previousOperationId":"pibvfmdbbwqmrsn"}
{"type":"log","timestamp":1704992892352,"level":"debug","message":"Base url not specified, skipping its injection.","meta":{"rootId":"2p4gr6uzzwcol0x","id":"2p4gr6uzzwcol0x"},"id":"7xwkg1rir1x8j77","previousOperationId":"t2iqf8lv4vcsaau"}
{"type":"operationStart","subtype":"engine","name":"handlebars","timestamp":1704992892353,"id":"cwz3tt1sq7olmxn","previousEventId":"o2zrwgbd7pfeoi5","operationId":"fih3xqes566xxa5","previousOperationId":"t2iqf8lv4vcsaau"}
{"type":"log","timestamp":1704992892353,"level":"debug","message":"Rendering engine handlebars","meta":{"rootId":"2p4gr6uzzwcol0x","id":"2p4gr6uzzwcol0x"},"id":"629ilglhw1nqs1z","previousOperationId":"fih3xqes566xxa5"}
{"type":"operationEnd","operationId":"fih3xqes566xxa5","timestamp":1704992892361,"id":"thcl92vavvse1nb","previousEventId":"cwz3tt1sq7olmxn","previousOperationId":"fih3xqes566xxa5"}
{"type":"operationStart","subtype":"recipe","name":"chrome-pdf","timestamp":1704992892362,"id":"bvfiuk312c2g9mr","previousEventId":"thcl92vavvse1nb","operationId":"9ea7rb6xaiwkyza","previousOperationId":"fih3xqes566xxa5"}
{"type":"log","timestamp":1704992892362,"level":"debug","message":"Executing recipe chrome-pdf","meta":{"rootId":"2p4gr6uzzwcol0x","id":"2p4gr6uzzwcol0x"},"id":"dt0o1z61yvx0cbt","previousOperationId":"9ea7rb6xaiwkyza"}
{"type":"log","timestamp":1704992892364,"level":"debug","message":"Converting with chrome HeadlessChrome/117.0.5938.149 using chrome-pool strategy","meta":{"rootId":"2p4gr6uzzwcol0x","id":"2p4gr6uzzwcol0x"},"id":"yp77vafnuqak1a7","previousOperationId":"9ea7rb6xaiwkyza"}
{"type":"log","timestamp":1704992892431,"level":"debug","message":"Page request: GET (document) file:///C:/Users/Javier/AppData/Local/Temp/jsreport/autocleanup/4c58d228-a35e-4019-a884-4f3536f0d944-chrome-pdf.html","meta":{"rootId":"2p4gr6uzzwcol0x","id":"2p4gr6uzzwcol0x"},"id":"1tw35yoj8xmdcc0","previousOperationId":"9ea7rb6xaiwkyza"}
{"type":"log","timestamp":1704992892442,"level":"debug","message":"Page request finished: GET (document) 200 file:///C:/Users/Javier/AppData/Local/Temp/jsreport/autocleanup/4c58d228-a35e-4019-a884-4f3536f0d944-chrome-pdf.html","meta":{"rootId":"2p4gr6uzzwcol0x","id":"2p4gr6uzzwcol0x"},"id":"x0kvgm27ohvy0es","previousOperationId":"9ea7rb6xaiwkyza"}
{"type":"log","timestamp":1704992892445,"level":"debug","message":"Running chrome with params {\"printBackground\":true,\"timeout\":59950,\"margin\":{}}","meta":{"rootId":"2p4gr6uzzwcol0x","id":"2p4gr6uzzwcol0x"},"id":"q4vpm1p8thdvdum","previousOperationId":"9ea7rb6xaiwkyza"}
{"type":"operationEnd","operationId":"9ea7rb6xaiwkyza","timestamp":1704992892454,"id":"8p24p6dkkh84z3i","previousEventId":"bvfiuk312c2g9mr","previousOperationId":"9ea7rb6xaiwkyza"}
{"type":"log","timestamp":1704992892454,"level":"debug","message":"Skipping storing report.","meta":{"rootId":"2p4gr6uzzwcol0x","id":"2p4gr6uzzwcol0x"},"id":"c64eafpmd7e7hec","previousOperationId":"9ea7rb6xaiwkyza"}
{"type":"log","timestamp":1704992892454,"level":"info","message":"Rendering request 18 finished in 141 ms","meta":{"rootId":"2p4gr6uzzwcol0x","id":"2p4gr6uzzwcol0x"},"id":"uk839crbltnlruu","previousOperationId":"9ea7rb6xaiwkyza"}
{"type":"operationEnd","subtype":"render","operationId":"pibvfmdbbwqmrsn","timestamp":1704992892454,"id":"85uzks732quv9cv","previousEventId":"8p24p6dkkh84z3i","previousOperationId":"9ea7rb6xaiwkyza"}
{"type":"operationEnd","doDiffs":false,"previousEventId":"j4agppy2guwgbpx","previousOperationId":"kq3mgfiem5rq8ed","operationId":"kq3mgfiem5rq8ed","timestamp":1704992892458,"id":"pzto3cfb01f7d89"}
