{"type":"operationStart","subtype":"profile","data":{"_id":"6wzvKBXBZNeQOrH1","timestamp":"2024-01-11T19:32:20.666Z","state":"queued","mode":"standard","creationDate":"2024-01-11T19:32:20.667Z","modificationDate":"2024-01-11T19:32:20.667Z","shortid":"DQ3gU3K","$entitySet":"profiles"},"doDiffs":false,"timestamp":1705001540666,"id":"xuv5mtomdhxut4c","previousOperationId":null,"operationId":"d25u113k3wlvvex"}
{"type":"log","level":"info","message":"Render request 24 queued for execution and waiting for available worker","previousOperationId":"d25u113k3wlvvex","timestamp":1705001540666,"id":"67kz8du1uekgloz"}
{"type":"operationStart","subtype":"render","name":"AveragePunctuation","previousOperationId":"d25u113k3wlvvex","timestamp":1705001540671,"id":"h4bgk1oqzqurpqh","previousEventId":"xuv5mtomdhxut4c","operationId":"4mvnrpuzpdbioep"}
{"type":"log","timestamp":1705001540671,"level":"info","message":"Starting rendering request 24","meta":{"rootId":"2ywoaw6l11h6qkk","id":"2ywoaw6l11h6qkk"},"id":"9ikh5k5l9nyz090","previousOperationId":"4mvnrpuzpdbioep"}
{"type":"log","timestamp":1705001540671,"level":"info","message":"Rendering template { name: AveragePunctuation, recipe: chrome-pdf, engine: handlebars, preview: false }","meta":{"rootId":"2ywoaw6l11h6qkk","id":"2ywoaw6l11h6qkk"},"id":"7su0jt7sl2difr6","previousOperationId":"4mvnrpuzpdbioep"}
{"type":"log","timestamp":1705001540672,"level":"debug","message":"Inline data specified.","meta":{"rootId":"2ywoaw6l11h6qkk","id":"2ywoaw6l11h6qkk"},"id":"n3bmjegliyvt0ia","previousOperationId":"4mvnrpuzpdbioep"}
{"type":"log","timestamp":1705001540673,"level":"debug","message":"Executing script AveragePunctuation-script (beforeRender)","meta":{"rootId":"2ywoaw6l11h6qkk","id":"2ywoaw6l11h6qkk"},"id":"mwu347w1ss279ms","previousOperationId":"4mvnrpuzpdbioep"}
{"type":"operationStart","subtype":"scriptsBeforeRender","name":"scripts beforeRender","timestamp":1705001540686,"id":"fnltzxsqc0li9p7","previousEventId":"h4bgk1oqzqurpqh","operationId":"mps6bc8m70cp2dk","previousOperationId":"4mvnrpuzpdbioep"}
{"type":"operationStart","subtype":"script","name":"scripts AveragePunctuation-script","previousOperationId":"mps6bc8m70cp2dk","timestamp":1705001540686,"id":"1gcqarpdb9a1s65","previousEventId":"fnltzxsqc0li9p7","operationId":"0tcgjg9570g2ngb"}
{"type":"operationEnd","operationId":"0tcgjg9570g2ngb","timestamp":1705001540701,"id":"wfbv6enecm8o0lw","previousEventId":"h4bgk1oqzqurpqh","previousOperationId":"4mvnrpuzpdbioep"}
{"type":"operationEnd","operationId":"mps6bc8m70cp2dk","timestamp":1705001540701,"id":"ufim3y1yxmb9k6v","previousEventId":"wfbv6enecm8o0lw","previousOperationId":"4mvnrpuzpdbioep"}
{"type":"log","timestamp":1705001540701,"level":"debug","message":"Base url not specified, skipping its injection.","meta":{"rootId":"2ywoaw6l11h6qkk","id":"2ywoaw6l11h6qkk"},"id":"g9kslr3yj0vx4zj","previousOperationId":"mps6bc8m70cp2dk"}
{"type":"operationStart","subtype":"engine","name":"handlebars","timestamp":1705001540701,"id":"tvk15v92k8sybdl","previousEventId":"ufim3y1yxmb9k6v","operationId":"1xwbhmj3fxsz73v","previousOperationId":"mps6bc8m70cp2dk"}
{"type":"log","timestamp":1705001540701,"level":"debug","message":"Rendering engine handlebars","meta":{"rootId":"2ywoaw6l11h6qkk","id":"2ywoaw6l11h6qkk"},"id":"pxsyxdnb0vm7jg8","previousOperationId":"1xwbhmj3fxsz73v"}
{"type":"operationEnd","operationId":"1xwbhmj3fxsz73v","timestamp":1705001540710,"id":"twnk4iecdnxlqt3","previousEventId":"tvk15v92k8sybdl","previousOperationId":"1xwbhmj3fxsz73v"}
{"type":"operationStart","subtype":"recipe","name":"chrome-pdf","timestamp":1705001540710,"id":"jf0q76j7hvah7xb","previousEventId":"twnk4iecdnxlqt3","operationId":"c838ra9tfc1fx0p","previousOperationId":"1xwbhmj3fxsz73v"}
{"type":"log","timestamp":1705001540710,"level":"debug","message":"Executing recipe chrome-pdf","meta":{"rootId":"2ywoaw6l11h6qkk","id":"2ywoaw6l11h6qkk"},"id":"bi8yiahxgmg6wvx","previousOperationId":"c838ra9tfc1fx0p"}
{"type":"log","timestamp":1705001540712,"level":"debug","message":"Converting with chrome HeadlessChrome/117.0.5938.149 using chrome-pool strategy","meta":{"rootId":"2ywoaw6l11h6qkk","id":"2ywoaw6l11h6qkk"},"id":"1rr214o1ady4c9j","previousOperationId":"c838ra9tfc1fx0p"}
{"type":"log","timestamp":1705001540801,"level":"debug","message":"Page request: GET (document) file:///C:/Users/Javier/AppData/Local/Temp/jsreport/autocleanup/a60ad504-3d89-49bd-bb71-6ede16f30f96-chrome-pdf.html","meta":{"rootId":"2ywoaw6l11h6qkk","id":"2ywoaw6l11h6qkk"},"id":"911joo8r8v6oxrx","previousOperationId":"c838ra9tfc1fx0p"}
{"type":"log","timestamp":1705001540807,"level":"debug","message":"Page request finished: GET (document) 200 file:///C:/Users/Javier/AppData/Local/Temp/jsreport/autocleanup/a60ad504-3d89-49bd-bb71-6ede16f30f96-chrome-pdf.html","meta":{"rootId":"2ywoaw6l11h6qkk","id":"2ywoaw6l11h6qkk"},"id":"zoviuk2odyk9kfy","previousOperationId":"c838ra9tfc1fx0p"}
{"type":"log","timestamp":1705001540811,"level":"debug","message":"Running chrome with params {\"printBackground\":true,\"timeout\":59954,\"margin\":{}}","meta":{"rootId":"2ywoaw6l11h6qkk","id":"2ywoaw6l11h6qkk"},"id":"b0i69tcuimqr6gm","previousOperationId":"c838ra9tfc1fx0p"}
{"type":"operationEnd","operationId":"c838ra9tfc1fx0p","timestamp":1705001540820,"id":"mvp0nxbrfw7tmex","previousEventId":"jf0q76j7hvah7xb","previousOperationId":"c838ra9tfc1fx0p"}
{"type":"log","timestamp":1705001540820,"level":"debug","message":"Skipping storing report.","meta":{"rootId":"2ywoaw6l11h6qkk","id":"2ywoaw6l11h6qkk"},"id":"z3jfsto6te1lpqm","previousOperationId":"c838ra9tfc1fx0p"}
{"type":"log","timestamp":1705001540821,"level":"info","message":"Rendering request 24 finished in 156 ms","meta":{"rootId":"2ywoaw6l11h6qkk","id":"2ywoaw6l11h6qkk"},"id":"590jnjzv06vaosw","previousOperationId":"c838ra9tfc1fx0p"}
{"type":"operationEnd","subtype":"render","operationId":"4mvnrpuzpdbioep","timestamp":1705001540821,"id":"63mwbzc4t1z6sou","previousEventId":"mvp0nxbrfw7tmex","previousOperationId":"c838ra9tfc1fx0p"}
{"type":"operationEnd","doDiffs":false,"previousEventId":"xuv5mtomdhxut4c","previousOperationId":"d25u113k3wlvvex","operationId":"d25u113k3wlvvex","timestamp":1705001540824,"id":"5a882evl5qwjb11"}
