{"type":"operationStart","subtype":"profile","data":{"_id":"IRxFWj2nWxT3bzTE","timestamp":"2024-01-13T14:28:44.854Z","state":"queued","mode":"standard","creationDate":"2024-01-13T14:28:44.855Z","modificationDate":"2024-01-13T14:28:44.855Z","shortid":"n_Z4fIw","$entitySet":"profiles"},"doDiffs":false,"timestamp":1705156124855,"id":"5z8hztn2mlj4h9f","previousOperationId":null,"operationId":"lc509ftewqhh074"}
{"type":"log","level":"info","message":"Render request 40 queued for execution and waiting for available worker","previousOperationId":"lc509ftewqhh074","timestamp":1705156124855,"id":"pb5t36zlx7yp643"}
{"type":"operationStart","subtype":"render","name":"AveragePunctuation","previousOperationId":"lc509ftewqhh074","timestamp":1705156124859,"id":"fjlvjb233o4923m","previousEventId":"5z8hztn2mlj4h9f","operationId":"i868n979rfwqphs"}
{"type":"log","timestamp":1705156124859,"level":"info","message":"Starting rendering request 40","meta":{"rootId":"32e9ccasq3fqg9g","id":"32e9ccasq3fqg9g"},"id":"601syafl9kwguow","previousOperationId":"i868n979rfwqphs"}
{"type":"log","timestamp":1705156124859,"level":"info","message":"Rendering template { name: AveragePunctuation, recipe: chrome-pdf, engine: handlebars, preview: false }","meta":{"rootId":"32e9ccasq3fqg9g","id":"32e9ccasq3fqg9g"},"id":"jcpzwv6u6yltzwa","previousOperationId":"i868n979rfwqphs"}
{"type":"log","timestamp":1705156124860,"level":"debug","message":"Inline data specified.","meta":{"rootId":"32e9ccasq3fqg9g","id":"32e9ccasq3fqg9g"},"id":"k7fyandbew5g8tg","previousOperationId":"i868n979rfwqphs"}
{"type":"log","timestamp":1705156124861,"level":"debug","message":"Executing script AveragePunctuation-script (beforeRender)","meta":{"rootId":"32e9ccasq3fqg9g","id":"32e9ccasq3fqg9g"},"id":"d89u7zwbr3lye91","previousOperationId":"i868n979rfwqphs"}
{"type":"operationStart","subtype":"scriptsBeforeRender","name":"scripts beforeRender","timestamp":1705156124875,"id":"piezaoh0f6bq87a","previousEventId":"fjlvjb233o4923m","operationId":"xd2hk3sg9dctnpv","previousOperationId":"i868n979rfwqphs"}
{"type":"operationStart","subtype":"script","name":"scripts AveragePunctuation-script","previousOperationId":"xd2hk3sg9dctnpv","timestamp":1705156124875,"id":"8zz0asp3ird81l6","previousEventId":"piezaoh0f6bq87a","operationId":"3okgvjx3cvutxxp"}
{"type":"operationEnd","operationId":"3okgvjx3cvutxxp","timestamp":1705156124886,"id":"douympcyen3s9jy","previousEventId":"fjlvjb233o4923m","previousOperationId":"i868n979rfwqphs"}
{"type":"operationEnd","operationId":"xd2hk3sg9dctnpv","timestamp":1705156124886,"id":"nwfwrby8sh4io8y","previousEventId":"douympcyen3s9jy","previousOperationId":"i868n979rfwqphs"}
{"type":"log","timestamp":1705156124886,"level":"debug","message":"Base url not specified, skipping its injection.","meta":{"rootId":"32e9ccasq3fqg9g","id":"32e9ccasq3fqg9g"},"id":"n82rp9et2k6vhfw","previousOperationId":"xd2hk3sg9dctnpv"}
{"type":"operationStart","subtype":"engine","name":"handlebars","timestamp":1705156124886,"id":"wgfprqhazsdj30p","previousEventId":"nwfwrby8sh4io8y","operationId":"aim24y3oxljegco","previousOperationId":"xd2hk3sg9dctnpv"}
{"type":"log","timestamp":1705156124886,"level":"debug","message":"Rendering engine handlebars","meta":{"rootId":"32e9ccasq3fqg9g","id":"32e9ccasq3fqg9g"},"id":"tslax0cjkksw8uv","previousOperationId":"aim24y3oxljegco"}
{"type":"operationEnd","operationId":"aim24y3oxljegco","timestamp":1705156124894,"id":"zdkj7zvf6198mqf","previousEventId":"wgfprqhazsdj30p","previousOperationId":"aim24y3oxljegco"}
{"type":"operationStart","subtype":"recipe","name":"chrome-pdf","timestamp":1705156124894,"id":"r0qkyll5rb8g3df","previousEventId":"zdkj7zvf6198mqf","operationId":"5r84fq0if1h3tw2","previousOperationId":"aim24y3oxljegco"}
{"type":"log","timestamp":1705156124894,"level":"debug","message":"Executing recipe chrome-pdf","meta":{"rootId":"32e9ccasq3fqg9g","id":"32e9ccasq3fqg9g"},"id":"gf60c1m3k76cts6","previousOperationId":"5r84fq0if1h3tw2"}
{"type":"log","timestamp":1705156124895,"level":"debug","message":"Converting with chrome HeadlessChrome/117.0.5938.149 using chrome-pool strategy","meta":{"rootId":"32e9ccasq3fqg9g","id":"32e9ccasq3fqg9g"},"id":"abpf00jycf3nhjd","previousOperationId":"5r84fq0if1h3tw2"}
{"type":"log","timestamp":1705156124979,"level":"debug","message":"Page request: GET (document) file:///C:/Users/Javier/AppData/Local/Temp/jsreport/autocleanup/023280f8-5a8f-4fef-90ed-3a2431fb3c78-chrome-pdf.html","meta":{"rootId":"32e9ccasq3fqg9g","id":"32e9ccasq3fqg9g"},"id":"4qfwxoutevo5acl","previousOperationId":"5r84fq0if1h3tw2"}
{"type":"log","timestamp":1705156125024,"level":"debug","message":"Page request: GET (stylesheet) https://cdnjs.cloudflare.com/ajax/libs/metro/4.1.5/css/metro.min.css","meta":{"rootId":"32e9ccasq3fqg9g","id":"32e9ccasq3fqg9g"},"id":"kgww6hqaqc5hkfn","previousOperationId":"5r84fq0if1h3tw2"}
{"type":"log","timestamp":1705156125024,"level":"debug","message":"Page request finished: GET (document) 200 file:///C:/Users/Javier/AppData/Local/Temp/jsreport/autocleanup/023280f8-5a8f-4fef-90ed-3a2431fb3c78-chrome-pdf.html","meta":{"rootId":"32e9ccasq3fqg9g","id":"32e9ccasq3fqg9g"},"id":"xf54cnvvkyw5y4z","previousOperationId":"5r84fq0if1h3tw2"}
{"type":"log","timestamp":1705156125024,"level":"debug","message":"Page request: GET (script) https://cdnjs.cloudflare.com/ajax/libs/Chart.js/2.7.2/Chart.min.js","meta":{"rootId":"32e9ccasq3fqg9g","id":"32e9ccasq3fqg9g"},"id":"cfbep1kbh69wnh0","previousOperationId":"5r84fq0if1h3tw2"}
{"type":"log","timestamp":1705156125028,"level":"debug","message":"Page request finished: GET (script) 200 https://cdnjs.cloudflare.com/ajax/libs/Chart.js/2.7.2/Chart.min.js","meta":{"rootId":"32e9ccasq3fqg9g","id":"32e9ccasq3fqg9g"},"id":"9w22hp4fpuqm9cg","previousOperationId":"5r84fq0if1h3tw2"}
{"type":"log","timestamp":1705156125039,"level":"debug","message":"Page request finished: GET (stylesheet) 200 https://cdnjs.cloudflare.com/ajax/libs/metro/4.1.5/css/metro.min.css","meta":{"rootId":"32e9ccasq3fqg9g","id":"32e9ccasq3fqg9g"},"id":"zn79pg0o9ecmnho","previousOperationId":"5r84fq0if1h3tw2"}
{"type":"log","timestamp":1705156125097,"level":"debug","message":"Running chrome with params {\"printBackground\":true,\"timeout\":59959,\"margin\":{}}","meta":{"rootId":"32e9ccasq3fqg9g","id":"32e9ccasq3fqg9g"},"id":"fsfn67gwhq3jimf","previousOperationId":"5r84fq0if1h3tw2"}
{"type":"operationEnd","operationId":"5r84fq0if1h3tw2","timestamp":1705156125206,"id":"492u8huhha25t0y","previousEventId":"r0qkyll5rb8g3df","previousOperationId":"5r84fq0if1h3tw2"}
{"type":"log","timestamp":1705156125206,"level":"debug","message":"Skipping storing report.","meta":{"rootId":"32e9ccasq3fqg9g","id":"32e9ccasq3fqg9g"},"id":"pbnvkn90ygtmjtv","previousOperationId":"5r84fq0if1h3tw2"}
{"type":"log","timestamp":1705156125207,"level":"info","message":"Rendering request 40 finished in 353 ms","meta":{"rootId":"32e9ccasq3fqg9g","id":"32e9ccasq3fqg9g"},"id":"baqwabekkigan2t","previousOperationId":"5r84fq0if1h3tw2"}
{"type":"operationEnd","subtype":"render","operationId":"i868n979rfwqphs","timestamp":1705156125207,"id":"mly7ulsx9tcw2x8","previousEventId":"492u8huhha25t0y","previousOperationId":"5r84fq0if1h3tw2"}
{"type":"operationEnd","doDiffs":false,"previousEventId":"5z8hztn2mlj4h9f","previousOperationId":"lc509ftewqhh074","operationId":"lc509ftewqhh074","timestamp":1705156125208,"id":"dr9wtkhhew8h3hn"}
