{"type":"operationStart","subtype":"profile","data":{"_id":"a1bJzLmmRR4Ms6s8","timestamp":"2024-01-11T15:57:46.977Z","state":"queued","mode":"standard","creationDate":"2024-01-11T15:57:46.978Z","modificationDate":"2024-01-11T15:57:46.978Z","shortid":"mZiRSK7","$entitySet":"profiles"},"doDiffs":false,"timestamp":1704988666978,"id":"2atww923hy7mqj1","previousOperationId":null,"operationId":"z8n9v1gjyxjoant"}
{"type":"log","level":"info","message":"Render request 11 queued for execution and waiting for available worker","previousOperationId":"z8n9v1gjyxjoant","timestamp":1704988666978,"id":"i19tg4d5dpln2sw"}
{"type":"operationStart","subtype":"render","name":"AveragePunctuation","previousOperationId":"z8n9v1gjyxjoant","timestamp":1704988666982,"id":"ve40qdsv6dl0vd0","previousEventId":"2atww923hy7mqj1","operationId":"lds8khvjx0nfpef"}
{"type":"log","timestamp":1704988666982,"level":"info","message":"Starting rendering request 11","meta":{"rootId":"3m6u6n0vacojeaz","id":"3m6u6n0vacojeaz"},"id":"gql0azvo8x5rbbt","previousOperationId":"lds8khvjx0nfpef"}
{"type":"log","timestamp":1704988666982,"level":"info","message":"Rendering template { name: AveragePunctuation, recipe: chrome-pdf, engine: handlebars, preview: false }","meta":{"rootId":"3m6u6n0vacojeaz","id":"3m6u6n0vacojeaz"},"id":"p6rf9f0e7ovjdfq","previousOperationId":"lds8khvjx0nfpef"}
{"type":"log","timestamp":1704988666983,"level":"debug","message":"Inline data specified.","meta":{"rootId":"3m6u6n0vacojeaz","id":"3m6u6n0vacojeaz"},"id":"6hiawqxtkg3mlc1","previousOperationId":"lds8khvjx0nfpef"}
{"type":"log","timestamp":1704988666986,"level":"debug","message":"Executing script AveragePunctuation-script (beforeRender)","meta":{"rootId":"3m6u6n0vacojeaz","id":"3m6u6n0vacojeaz"},"id":"zdihyoblbwd58kz","previousOperationId":"lds8khvjx0nfpef"}
{"type":"operationStart","subtype":"scriptsBeforeRender","name":"scripts beforeRender","timestamp":1704988666997,"id":"gsiy8zihqolsvbu","previousEventId":"ve40qdsv6dl0vd0","operationId":"dv3qzp4tywspoir","previousOperationId":"lds8khvjx0nfpef"}
{"type":"operationStart","subtype":"script","name":"scripts AveragePunctuation-script","previousOperationId":"dv3qzp4tywspoir","timestamp":1704988666997,"id":"yrqi5mf8vn3z779","previousEventId":"gsiy8zihqolsvbu","operationId":"19a4op3sumin1ij"}
{"type":"log","timestamp":1704988666997,"level":"debug","message":"(console:log) eyJhbGciOiJIUzI1NiIsInR5cCI6IkpXVCJ9.eyJpZCI6MSwidXNlcm5hbWUiOiJqYXZpZXIiLCJwYXNzd29yZCI6IiQyYSQxMCRPczNZd0ZMUFM5dlpiN2NWaXM0aldPWGg3RWY5Q2FRemVES3E3dUJoRlVBcmQxR0QxamNnUyIsInJvbGUiOiJhZG1pbiIsImlhdCI6MTcwNDkxMzc1MywiZXhwIjoxNzA1MDAwMTUzfQ.PX_g162jgYzTG4kvcdrxB4qAPZ81KnG2E2f_J1GNAtE","meta":{"userLevel":true,"rootId":"3m6u6n0vacojeaz","id":"3m6u6n0vacojeaz"},"id":"9243dlgyeeex4tb","previousOperationId":"19a4op3sumin1ij"}
{"type":"operationEnd","operationId":"19a4op3sumin1ij","timestamp":1704988666997,"id":"ys6lv6yk9dj85oa","previousEventId":"ve40qdsv6dl0vd0","previousOperationId":"lds8khvjx0nfpef"}
{"type":"operationEnd","operationId":"dv3qzp4tywspoir","timestamp":1704988666997,"id":"tsiifvsnv8h03bp","previousEventId":"ys6lv6yk9dj85oa","previousOperationId":"lds8khvjx0nfpef"}
{"type":"log","timestamp":1704988666997,"level":"debug","message":"Base url not specified, skipping its injection.","meta":{"rootId":"3m6u6n0vacojeaz","id":"3m6u6n0vacojeaz"},"id":"4kktiqihjtzvj7r","previousOperationId":"dv3qzp4tywspoir"}
{"type":"operationStart","subtype":"engine","name":"handlebars","timestamp":1704988666997,"id":"944vd1at4r4sk7a","previousEventId":"tsiifvsnv8h03bp","operationId":"rjvlm2er4h3ic9r","previousOperationId":"dv3qzp4tywspoir"}
{"type":"log","timestamp":1704988666997,"level":"debug","message":"Rendering engine handlebars","meta":{"rootId":"3m6u6n0vacojeaz","id":"3m6u6n0vacojeaz"},"id":"tmez7qd69vggtqm","previousOperationId":"rjvlm2er4h3ic9r"}
{"type":"operationEnd","operationId":"rjvlm2er4h3ic9r","timestamp":1704988667006,"id":"d29vsgq6mkuv9ap","previousEventId":"944vd1at4r4sk7a","previousOperationId":"rjvlm2er4h3ic9r"}
{"type":"operationStart","subtype":"recipe","name":"chrome-pdf","timestamp":1704988667006,"id":"dcj3u6l02dpev17","previousEventId":"d29vsgq6mkuv9ap","operationId":"y72bbvu55rc7sjh","previousOperationId":"rjvlm2er4h3ic9r"}
{"type":"log","timestamp":1704988667006,"level":"debug","message":"Executing recipe chrome-pdf","meta":{"rootId":"3m6u6n0vacojeaz","id":"3m6u6n0vacojeaz"},"id":"hoizdharand5kw4","previousOperationId":"y72bbvu55rc7sjh"}
{"type":"log","timestamp":1704988667008,"level":"debug","message":"Converting with chrome HeadlessChrome/117.0.5938.149 using chrome-pool strategy","meta":{"rootId":"3m6u6n0vacojeaz","id":"3m6u6n0vacojeaz"},"id":"b5ysb94r6kkow1w","previousOperationId":"y72bbvu55rc7sjh"}
{"type":"log","timestamp":1704988667089,"level":"debug","message":"Page request: GET (document) file:///C:/Users/Javier/AppData/Local/Temp/jsreport/autocleanup/d7459ae6-5628-468c-97f6-8af306ee7816-chrome-pdf.html","meta":{"rootId":"3m6u6n0vacojeaz","id":"3m6u6n0vacojeaz"},"id":"rikxo6y93q8dhkd","previousOperationId":"y72bbvu55rc7sjh"}
{"type":"log","timestamp":1704988667103,"level":"debug","message":"Page request finished: GET (document) 200 file:///C:/Users/Javier/AppData/Local/Temp/jsreport/autocleanup/d7459ae6-5628-468c-97f6-8af306ee7816-chrome-pdf.html","meta":{"rootId":"3m6u6n0vacojeaz","id":"3m6u6n0vacojeaz"},"id":"mgaasbxanblbg0w","previousOperationId":"y72bbvu55rc7sjh"}
{"type":"log","timestamp":1704988667106,"level":"debug","message":"Running chrome with params {\"printBackground\":true,\"timeout\":59970,\"margin\":{}}","meta":{"rootId":"3m6u6n0vacojeaz","id":"3m6u6n0vacojeaz"},"id":"mbjw0wus5mpui56","previousOperationId":"y72bbvu55rc7sjh"}
{"type":"operationEnd","operationId":"y72bbvu55rc7sjh","timestamp":1704988667119,"id":"md3duzjbz9a8zui","previousEventId":"dcj3u6l02dpev17","previousOperationId":"y72bbvu55rc7sjh"}
{"type":"log","timestamp":1704988667119,"level":"debug","message":"Skipping storing report.","meta":{"rootId":"3m6u6n0vacojeaz","id":"3m6u6n0vacojeaz"},"id":"1qus2r38l7xljey","previousOperationId":"y72bbvu55rc7sjh"}
{"type":"log","timestamp":1704988667119,"level":"info","message":"Rendering request 11 finished in 142 ms","meta":{"rootId":"3m6u6n0vacojeaz","id":"3m6u6n0vacojeaz"},"id":"hxd4tp8nc2hvlr0","previousOperationId":"y72bbvu55rc7sjh"}
{"type":"operationEnd","subtype":"render","operationId":"lds8khvjx0nfpef","timestamp":1704988667119,"id":"8mids2nr6serw2r","previousEventId":"md3duzjbz9a8zui","previousOperationId":"y72bbvu55rc7sjh"}
{"type":"operationEnd","doDiffs":false,"previousEventId":"2atww923hy7mqj1","previousOperationId":"z8n9v1gjyxjoant","operationId":"z8n9v1gjyxjoant","timestamp":1704988667124,"id":"vi36bf5isz3j8mb"}
