{"type":"operationStart","subtype":"profile","data":{"_id":"aCLvOwSf7f3STM9d","timestamp":"2024-01-13T23:42:44.651Z","state":"queued","mode":"standard","creationDate":"2024-01-13T23:42:44.652Z","modificationDate":"2024-01-13T23:42:44.652Z","shortid":"cE3RSnI","$entitySet":"profiles"},"doDiffs":false,"timestamp":1705189364651,"id":"gtupmaf56mfj9se","previousOperationId":null,"operationId":"dd8cl4owaiov9d3"}
{"type":"log","level":"info","message":"Render request 6 queued for execution and waiting for available worker","previousOperationId":"dd8cl4owaiov9d3","timestamp":1705189364651,"id":"c2wslkvudpl2rz6"}
{"type":"operationStart","subtype":"render","name":"AveragePunctuation","previousOperationId":"dd8cl4owaiov9d3","timestamp":1705189364657,"id":"8ftdeb839bzxgwl","previousEventId":"gtupmaf56mfj9se","operationId":"5wugph4ogukjojm"}
{"type":"log","timestamp":1705189364657,"level":"info","message":"Starting rendering request 6","meta":{"rootId":"3mbpj3gljux36sl","id":"3mbpj3gljux36sl"},"id":"6l01ax42gl5dwpu","previousOperationId":"5wugph4ogukjojm"}
{"type":"log","timestamp":1705189364657,"level":"info","message":"Rendering template { name: AveragePunctuation, recipe: chrome-pdf, engine: handlebars, preview: false }","meta":{"rootId":"3mbpj3gljux36sl","id":"3mbpj3gljux36sl"},"id":"mljy0llh7r9ajd8","previousOperationId":"5wugph4ogukjojm"}
{"type":"log","timestamp":1705189364658,"level":"debug","message":"Inline data specified.","meta":{"rootId":"3mbpj3gljux36sl","id":"3mbpj3gljux36sl"},"id":"ezt7l1vv0qubitk","previousOperationId":"5wugph4ogukjojm"}
{"type":"log","timestamp":1705189364660,"level":"debug","message":"Executing script AveragePunctuation-script (beforeRender)","meta":{"rootId":"3mbpj3gljux36sl","id":"3mbpj3gljux36sl"},"id":"y62jzta23huvdrs","previousOperationId":"5wugph4ogukjojm"}
{"type":"operationStart","subtype":"scriptsBeforeRender","name":"scripts beforeRender","timestamp":1705189364673,"id":"w21853263nj2x8g","previousEventId":"8ftdeb839bzxgwl","operationId":"v4x2pqry1668614","previousOperationId":"5wugph4ogukjojm"}
{"type":"operationStart","subtype":"script","name":"scripts AveragePunctuation-script","previousOperationId":"v4x2pqry1668614","timestamp":1705189364673,"id":"si5xmdhrpdu8ba1","previousEventId":"w21853263nj2x8g","operationId":"rvgh6ea319kzzqp"}
{"type":"operationEnd","operationId":"rvgh6ea319kzzqp","timestamp":1705189364687,"id":"v5c7mg3553y7ypg","previousEventId":"8ftdeb839bzxgwl","previousOperationId":"5wugph4ogukjojm"}
{"type":"operationEnd","operationId":"v4x2pqry1668614","timestamp":1705189364687,"id":"3sh5yl1r68ooulb","previousEventId":"v5c7mg3553y7ypg","previousOperationId":"5wugph4ogukjojm"}
{"type":"log","timestamp":1705189364687,"level":"debug","message":"Base url not specified, skipping its injection.","meta":{"rootId":"3mbpj3gljux36sl","id":"3mbpj3gljux36sl"},"id":"bd20qevfrz7bqd1","previousOperationId":"v4x2pqry1668614"}
{"type":"operationStart","subtype":"engine","name":"handlebars","timestamp":1705189364687,"id":"0jh08zlpdsqeop6","previousEventId":"3sh5yl1r68ooulb","operationId":"dbpmg3e0brmuc5u","previousOperationId":"v4x2pqry1668614"}
{"type":"log","timestamp":1705189364687,"level":"debug","message":"Rendering engine handlebars","meta":{"rootId":"3mbpj3gljux36sl","id":"3mbpj3gljux36sl"},"id":"9g18sdi1yqpho56","previousOperationId":"dbpmg3e0brmuc5u"}
{"type":"operationEnd","operationId":"dbpmg3e0brmuc5u","timestamp":1705189364693,"id":"t8944odczppo6k0","previousEventId":"0jh08zlpdsqeop6","previousOperationId":"dbpmg3e0brmuc5u"}
{"type":"operationStart","subtype":"recipe","name":"chrome-pdf","timestamp":1705189364693,"id":"xr05wn4yfw82f4h","previousEventId":"t8944odczppo6k0","operationId":"l19o0814xq3fq0n","previousOperationId":"dbpmg3e0brmuc5u"}
{"type":"log","timestamp":1705189364693,"level":"debug","message":"Executing recipe chrome-pdf","meta":{"rootId":"3mbpj3gljux36sl","id":"3mbpj3gljux36sl"},"id":"keu3zmio8n31enm","previousOperationId":"l19o0814xq3fq0n"}
{"type":"log","timestamp":1705189364695,"level":"debug","message":"Converting with chrome HeadlessChrome/117.0.5938.149 using chrome-pool strategy","meta":{"rootId":"3mbpj3gljux36sl","id":"3mbpj3gljux36sl"},"id":"6a7lte0wvlnor9j","previousOperationId":"l19o0814xq3fq0n"}
{"type":"log","timestamp":1705189364768,"level":"debug","message":"Page request: GET (document) file:///C:/Users/Javier/AppData/Local/Temp/jsreport/autocleanup/1b395e76-2e2f-47c4-9a0c-eacebd66ceec-chrome-pdf.html","meta":{"rootId":"3mbpj3gljux36sl","id":"3mbpj3gljux36sl"},"id":"xl77s11v3yuv4jt","previousOperationId":"l19o0814xq3fq0n"}
{"type":"log","timestamp":1705189364809,"level":"debug","message":"Page request: GET (stylesheet) https://cdnjs.cloudflare.com/ajax/libs/metro/4.1.5/css/metro.min.css","meta":{"rootId":"3mbpj3gljux36sl","id":"3mbpj3gljux36sl"},"id":"zsqoqxf9roi3pez","previousOperationId":"l19o0814xq3fq0n"}
{"type":"log","timestamp":1705189364809,"level":"debug","message":"Page request: GET (script) https://cdnjs.cloudflare.com/ajax/libs/Chart.js/2.7.2/Chart.min.js","meta":{"rootId":"3mbpj3gljux36sl","id":"3mbpj3gljux36sl"},"id":"rqbt8j4mv3tnn9w","previousOperationId":"l19o0814xq3fq0n"}
{"type":"log","timestamp":1705189364809,"level":"debug","message":"Page request finished: GET (document) 200 file:///C:/Users/Javier/AppData/Local/Temp/jsreport/autocleanup/1b395e76-2e2f-47c4-9a0c-eacebd66ceec-chrome-pdf.html","meta":{"rootId":"3mbpj3gljux36sl","id":"3mbpj3gljux36sl"},"id":"4b3ogstxn93tebs","previousOperationId":"l19o0814xq3fq0n"}
{"type":"log","timestamp":1705189364823,"level":"debug","message":"Page request finished: GET (stylesheet) 200 https://cdnjs.cloudflare.com/ajax/libs/metro/4.1.5/css/metro.min.css","meta":{"rootId":"3mbpj3gljux36sl","id":"3mbpj3gljux36sl"},"id":"pf1p6r5bpf92hqa","previousOperationId":"l19o0814xq3fq0n"}
{"type":"log","timestamp":1705189364824,"level":"debug","message":"Page request finished: GET (script) 200 https://cdnjs.cloudflare.com/ajax/libs/Chart.js/2.7.2/Chart.min.js","meta":{"rootId":"3mbpj3gljux36sl","id":"3mbpj3gljux36sl"},"id":"raaywsltkfcteto","previousOperationId":"l19o0814xq3fq0n"}
{"type":"log","timestamp":1705189364886,"level":"debug","message":"Running chrome with params {\"printBackground\":true,\"timeout\":59956,\"margin\":{}}","meta":{"rootId":"3mbpj3gljux36sl","id":"3mbpj3gljux36sl"},"id":"1ysxxmoiie5nm0t","previousOperationId":"l19o0814xq3fq0n"}
{"type":"operationEnd","operationId":"l19o0814xq3fq0n","timestamp":1705189364985,"id":"zhw4bb3u4xrxuhz","previousEventId":"xr05wn4yfw82f4h","previousOperationId":"l19o0814xq3fq0n"}
{"type":"log","timestamp":1705189364985,"level":"debug","message":"Skipping storing report.","meta":{"rootId":"3mbpj3gljux36sl","id":"3mbpj3gljux36sl"},"id":"m4o2nb2a5cd2s1l","previousOperationId":"l19o0814xq3fq0n"}
{"type":"log","timestamp":1705189364985,"level":"info","message":"Rendering request 6 finished in 335 ms","meta":{"rootId":"3mbpj3gljux36sl","id":"3mbpj3gljux36sl"},"id":"1pu850l05rd80br","previousOperationId":"l19o0814xq3fq0n"}
{"type":"operationEnd","subtype":"render","operationId":"5wugph4ogukjojm","timestamp":1705189364985,"id":"1sjhn8jvuir1d0a","previousEventId":"zhw4bb3u4xrxuhz","previousOperationId":"l19o0814xq3fq0n"}
{"type":"operationEnd","doDiffs":false,"previousEventId":"gtupmaf56mfj9se","previousOperationId":"dd8cl4owaiov9d3","operationId":"dd8cl4owaiov9d3","timestamp":1705189364987,"id":"z5jfuzhshc9mo7j"}
