{"type":"operationStart","subtype":"profile","data":{"_id":"EFD9CXV13aJmQiSe","timestamp":"2024-01-11T19:29:48.640Z","state":"queued","mode":"standard","creationDate":"2024-01-11T19:29:48.641Z","modificationDate":"2024-01-11T19:29:48.641Z","shortid":"PRmbETw","$entitySet":"profiles"},"doDiffs":false,"timestamp":1705001388640,"id":"k7vz594k62xfwxl","previousOperationId":null,"operationId":"39rf1valyubz6xa"}
{"type":"log","level":"info","message":"Render request 15 queued for execution and waiting for available worker","previousOperationId":"39rf1valyubz6xa","timestamp":1705001388640,"id":"eiqowazlj6ubksa"}
{"type":"operationStart","subtype":"render","name":"AveragePunctuation","previousOperationId":"39rf1valyubz6xa","timestamp":1705001388645,"id":"x6aky6kuae8vbxn","previousEventId":"k7vz594k62xfwxl","operationId":"7907fgxqzane4ei"}
{"type":"log","timestamp":1705001388645,"level":"info","message":"Starting rendering request 15","meta":{"rootId":"3nqw14sta5qn2hf","id":"3nqw14sta5qn2hf"},"id":"7c5udh1sol4n768","previousOperationId":"7907fgxqzane4ei"}
{"type":"log","timestamp":1705001388645,"level":"info","message":"Rendering template { name: AveragePunctuation, recipe: chrome-pdf, engine: handlebars, preview: false }","meta":{"rootId":"3nqw14sta5qn2hf","id":"3nqw14sta5qn2hf"},"id":"xz1za05ogr4k13l","previousOperationId":"7907fgxqzane4ei"}
{"type":"log","timestamp":1705001388646,"level":"debug","message":"Inline data specified.","meta":{"rootId":"3nqw14sta5qn2hf","id":"3nqw14sta5qn2hf"},"id":"8re5si44xphc2ms","previousOperationId":"7907fgxqzane4ei"}
{"type":"log","timestamp":1705001388647,"level":"debug","message":"Executing script AveragePunctuation-script (beforeRender)","meta":{"rootId":"3nqw14sta5qn2hf","id":"3nqw14sta5qn2hf"},"id":"vcw0ypxtfyjhr1i","previousOperationId":"7907fgxqzane4ei"}
{"type":"operationStart","subtype":"scriptsBeforeRender","name":"scripts beforeRender","timestamp":1705001388660,"id":"1qagidlf2ov6x79","previousEventId":"x6aky6kuae8vbxn","operationId":"jxx2y937dn7m4ng","previousOperationId":"7907fgxqzane4ei"}
{"type":"operationStart","subtype":"script","name":"scripts AveragePunctuation-script","previousOperationId":"jxx2y937dn7m4ng","timestamp":1705001388660,"id":"tnvc8br3slt9bjm","previousEventId":"1qagidlf2ov6x79","operationId":"l0g3qeh2x89kyob"}
{"type":"operationEnd","operationId":"l0g3qeh2x89kyob","timestamp":1705001388675,"id":"5ilhrbj9cuszp2a","previousEventId":"x6aky6kuae8vbxn","previousOperationId":"7907fgxqzane4ei"}
{"type":"operationEnd","operationId":"jxx2y937dn7m4ng","timestamp":1705001388675,"id":"enue5s6vcoumpou","previousEventId":"5ilhrbj9cuszp2a","previousOperationId":"7907fgxqzane4ei"}
{"type":"log","timestamp":1705001388675,"level":"debug","message":"Base url not specified, skipping its injection.","meta":{"rootId":"3nqw14sta5qn2hf","id":"3nqw14sta5qn2hf"},"id":"phyzkw1dp2ufjvr","previousOperationId":"jxx2y937dn7m4ng"}
{"type":"operationStart","subtype":"engine","name":"handlebars","timestamp":1705001388675,"id":"qxcczjn5twgoijq","previousEventId":"enue5s6vcoumpou","operationId":"6exahs8l07slzb4","previousOperationId":"jxx2y937dn7m4ng"}
{"type":"log","timestamp":1705001388675,"level":"debug","message":"Rendering engine handlebars","meta":{"rootId":"3nqw14sta5qn2hf","id":"3nqw14sta5qn2hf"},"id":"z6pcas5pjl01ilr","previousOperationId":"6exahs8l07slzb4"}
{"type":"operationEnd","operationId":"6exahs8l07slzb4","timestamp":1705001388681,"id":"g5g5dkxl7mql0mi","previousEventId":"qxcczjn5twgoijq","previousOperationId":"6exahs8l07slzb4"}
{"type":"operationStart","subtype":"recipe","name":"chrome-pdf","timestamp":1705001388681,"id":"mc8xthc3anxm8lw","previousEventId":"g5g5dkxl7mql0mi","operationId":"0636a1i2ifcwfn8","previousOperationId":"6exahs8l07slzb4"}
{"type":"log","timestamp":1705001388681,"level":"debug","message":"Executing recipe chrome-pdf","meta":{"rootId":"3nqw14sta5qn2hf","id":"3nqw14sta5qn2hf"},"id":"tspuee9hzsc47ca","previousOperationId":"0636a1i2ifcwfn8"}
{"type":"log","timestamp":1705001388684,"level":"debug","message":"Converting with chrome HeadlessChrome/117.0.5938.149 using chrome-pool strategy","meta":{"rootId":"3nqw14sta5qn2hf","id":"3nqw14sta5qn2hf"},"id":"p93yxkhmfy2ojdc","previousOperationId":"0636a1i2ifcwfn8"}
{"type":"log","timestamp":1705001388757,"level":"debug","message":"Page request: GET (document) file:///C:/Users/Javier/AppData/Local/Temp/jsreport/autocleanup/742ceb83-adc1-4538-8c37-bbbb479076a5-chrome-pdf.html","meta":{"rootId":"3nqw14sta5qn2hf","id":"3nqw14sta5qn2hf"},"id":"29d0sr4858h82l0","previousOperationId":"0636a1i2ifcwfn8"}
{"type":"log","timestamp":1705001388764,"level":"debug","message":"Page request finished: GET (document) 200 file:///C:/Users/Javier/AppData/Local/Temp/jsreport/autocleanup/742ceb83-adc1-4538-8c37-bbbb479076a5-chrome-pdf.html","meta":{"rootId":"3nqw14sta5qn2hf","id":"3nqw14sta5qn2hf"},"id":"60gzu3f2wq2fptm","previousOperationId":"0636a1i2ifcwfn8"}
{"type":"log","timestamp":1705001388767,"level":"debug","message":"Running chrome with params {\"printBackground\":true,\"timeout\":59956,\"margin\":{}}","meta":{"rootId":"3nqw14sta5qn2hf","id":"3nqw14sta5qn2hf"},"id":"y7141aw1l8ci4d0","previousOperationId":"0636a1i2ifcwfn8"}
{"type":"operationEnd","operationId":"0636a1i2ifcwfn8","timestamp":1705001388779,"id":"09hzxjlv88rkpti","previousEventId":"mc8xthc3anxm8lw","previousOperationId":"0636a1i2ifcwfn8"}
{"type":"log","timestamp":1705001388779,"level":"debug","message":"Skipping storing report.","meta":{"rootId":"3nqw14sta5qn2hf","id":"3nqw14sta5qn2hf"},"id":"oa0h2omcetwz5hh","previousOperationId":"0636a1i2ifcwfn8"}
{"type":"log","timestamp":1705001388779,"level":"info","message":"Rendering request 15 finished in 140 ms","meta":{"rootId":"3nqw14sta5qn2hf","id":"3nqw14sta5qn2hf"},"id":"9sjq3xzv83eq5hl","previousOperationId":"0636a1i2ifcwfn8"}
{"type":"operationEnd","subtype":"render","operationId":"7907fgxqzane4ei","timestamp":1705001388779,"id":"upetszx5gvh3kmd","previousEventId":"09hzxjlv88rkpti","previousOperationId":"0636a1i2ifcwfn8"}
{"type":"operationEnd","doDiffs":false,"previousEventId":"k7vz594k62xfwxl","previousOperationId":"39rf1valyubz6xa","operationId":"39rf1valyubz6xa","timestamp":1705001388785,"id":"6b8dfwne6x2xt7z"}
