{"type":"operationStart","subtype":"profile","data":{"_id":"yamexJ3UQBf68Fgm","timestamp":"2024-01-11T19:21:32.142Z","state":"queued","mode":"standard","creationDate":"2024-01-11T19:21:32.143Z","modificationDate":"2024-01-11T19:21:32.143Z","shortid":"1xyEq1r","$entitySet":"profiles"},"doDiffs":false,"timestamp":1705000892143,"id":"jy1cq0qyn8j0ppo","previousOperationId":null,"operationId":"uzkh7v8socd8xsp"}
{"type":"log","level":"info","message":"Render request 11 queued for execution and waiting for available worker","previousOperationId":"uzkh7v8socd8xsp","timestamp":1705000892143,"id":"oybhvq7qezmgpex"}
{"type":"operationStart","subtype":"render","name":"AveragePunctuation","previousOperationId":"uzkh7v8socd8xsp","timestamp":1705000892152,"id":"6dcz2htq1cjdvas","previousEventId":"jy1cq0qyn8j0ppo","operationId":"tvvhgbr067sfsqb"}
{"type":"log","timestamp":1705000892152,"level":"info","message":"Starting rendering request 11","meta":{"rootId":"3zf9b3lvd0b1qpv","id":"3zf9b3lvd0b1qpv"},"id":"k49oabjd3zcgsj1","previousOperationId":"tvvhgbr067sfsqb"}
{"type":"log","timestamp":1705000892153,"level":"info","message":"Rendering template { name: AveragePunctuation, recipe: chrome-pdf, engine: handlebars, preview: false }","meta":{"rootId":"3zf9b3lvd0b1qpv","id":"3zf9b3lvd0b1qpv"},"id":"xd463fch29cb2kz","previousOperationId":"tvvhgbr067sfsqb"}
{"type":"log","timestamp":1705000892155,"level":"debug","message":"Inline data specified.","meta":{"rootId":"3zf9b3lvd0b1qpv","id":"3zf9b3lvd0b1qpv"},"id":"v4397v0xtqvj2zj","previousOperationId":"tvvhgbr067sfsqb"}
{"type":"log","timestamp":1705000892189,"level":"debug","message":"Executing script AveragePunctuation-script (beforeRender)","meta":{"rootId":"3zf9b3lvd0b1qpv","id":"3zf9b3lvd0b1qpv"},"id":"30nxitq42mhamri","previousOperationId":"tvvhgbr067sfsqb"}
{"type":"operationStart","subtype":"scriptsBeforeRender","name":"scripts beforeRender","timestamp":1705000892255,"id":"dr1yzav0inlojxm","previousEventId":"6dcz2htq1cjdvas","operationId":"k7e43pt4yv0ft84","previousOperationId":"tvvhgbr067sfsqb"}
{"type":"operationStart","subtype":"script","name":"scripts AveragePunctuation-script","previousOperationId":"k7e43pt4yv0ft84","timestamp":1705000892255,"id":"pbmgh6s96uxthpr","previousEventId":"dr1yzav0inlojxm","operationId":"y3gv3bpdf9596t0"}
{"type":"operationEnd","operationId":"y3gv3bpdf9596t0","timestamp":1705000892285,"id":"ps0tkek482dgn4b","previousEventId":"6dcz2htq1cjdvas","previousOperationId":"tvvhgbr067sfsqb"}
{"type":"operationEnd","operationId":"k7e43pt4yv0ft84","timestamp":1705000892285,"id":"rvz5lbijru5n5s8","previousEventId":"ps0tkek482dgn4b","previousOperationId":"tvvhgbr067sfsqb"}
{"type":"log","timestamp":1705000892286,"level":"debug","message":"Base url not specified, skipping its injection.","meta":{"rootId":"3zf9b3lvd0b1qpv","id":"3zf9b3lvd0b1qpv"},"id":"l83a97tg43ua6t0","previousOperationId":"k7e43pt4yv0ft84"}
{"type":"operationStart","subtype":"engine","name":"handlebars","timestamp":1705000892286,"id":"apekj9cppe3trqm","previousEventId":"rvz5lbijru5n5s8","operationId":"zmvvvjxj1k1k6h6","previousOperationId":"k7e43pt4yv0ft84"}
{"type":"log","timestamp":1705000892286,"level":"debug","message":"Rendering engine handlebars","meta":{"rootId":"3zf9b3lvd0b1qpv","id":"3zf9b3lvd0b1qpv"},"id":"23iluhc23sxxvpa","previousOperationId":"zmvvvjxj1k1k6h6"}
{"type":"operationEnd","operationId":"zmvvvjxj1k1k6h6","timestamp":1705000892296,"id":"wopezmce5k53xba","previousEventId":"apekj9cppe3trqm","previousOperationId":"zmvvvjxj1k1k6h6"}
{"type":"operationStart","subtype":"recipe","name":"chrome-pdf","timestamp":1705000892296,"id":"sbpxmg2b6k94wab","previousEventId":"wopezmce5k53xba","operationId":"uzb7latxq0x09wg","previousOperationId":"zmvvvjxj1k1k6h6"}
{"type":"log","timestamp":1705000892296,"level":"debug","message":"Executing recipe chrome-pdf","meta":{"rootId":"3zf9b3lvd0b1qpv","id":"3zf9b3lvd0b1qpv"},"id":"vitjiutg73qeb22","previousOperationId":"uzb7latxq0x09wg"}
{"type":"log","timestamp":1705000892299,"level":"debug","message":"Converting with chrome HeadlessChrome/117.0.5938.149 using chrome-pool strategy","meta":{"rootId":"3zf9b3lvd0b1qpv","id":"3zf9b3lvd0b1qpv"},"id":"n7wfca0lfbt1lec","previousOperationId":"uzb7latxq0x09wg"}
{"type":"log","timestamp":1705000892380,"level":"debug","message":"Page request: GET (document) file:///C:/Users/Javier/AppData/Local/Temp/jsreport/autocleanup/7291147b-ff16-4617-a19a-6d2216b3589e-chrome-pdf.html","meta":{"rootId":"3zf9b3lvd0b1qpv","id":"3zf9b3lvd0b1qpv"},"id":"tc85jt0bxqhhofp","previousOperationId":"uzb7latxq0x09wg"}
{"type":"log","timestamp":1705000892387,"level":"debug","message":"Page request finished: GET (document) 200 file:///C:/Users/Javier/AppData/Local/Temp/jsreport/autocleanup/7291147b-ff16-4617-a19a-6d2216b3589e-chrome-pdf.html","meta":{"rootId":"3zf9b3lvd0b1qpv","id":"3zf9b3lvd0b1qpv"},"id":"bcy2wmm6xu6nptc","previousOperationId":"uzb7latxq0x09wg"}
{"type":"log","timestamp":1705000892391,"level":"debug","message":"Running chrome with params {\"printBackground\":true,\"timeout\":59845,\"margin\":{}}","meta":{"rootId":"3zf9b3lvd0b1qpv","id":"3zf9b3lvd0b1qpv"},"id":"jjxl1caeo82so7e","previousOperationId":"uzb7latxq0x09wg"}
{"type":"operationEnd","operationId":"uzb7latxq0x09wg","timestamp":1705000892405,"id":"2fzkwmkoz0d154v","previousEventId":"sbpxmg2b6k94wab","previousOperationId":"uzb7latxq0x09wg"}
{"type":"log","timestamp":1705000892405,"level":"debug","message":"Skipping storing report.","meta":{"rootId":"3zf9b3lvd0b1qpv","id":"3zf9b3lvd0b1qpv"},"id":"co5ap8ef6k5fezh","previousOperationId":"uzb7latxq0x09wg"}
{"type":"log","timestamp":1705000892405,"level":"info","message":"Rendering request 11 finished in 263 ms","meta":{"rootId":"3zf9b3lvd0b1qpv","id":"3zf9b3lvd0b1qpv"},"id":"xad2f87qcvafp5d","previousOperationId":"uzb7latxq0x09wg"}
{"type":"operationEnd","subtype":"render","operationId":"tvvhgbr067sfsqb","timestamp":1705000892405,"id":"8slwi24ye9x6ry0","previousEventId":"2fzkwmkoz0d154v","previousOperationId":"uzb7latxq0x09wg"}
{"type":"operationEnd","doDiffs":false,"previousEventId":"jy1cq0qyn8j0ppo","previousOperationId":"uzkh7v8socd8xsp","operationId":"uzkh7v8socd8xsp","timestamp":1705000892410,"id":"4cje0ht19yg7dhq"}
