{"type":"operationStart","subtype":"profile","data":{"_id":"SwHTs43toDW0MsKq","timestamp":"2024-01-11T19:30:19.996Z","state":"queued","mode":"standard","creationDate":"2024-01-11T19:30:19.997Z","modificationDate":"2024-01-11T19:30:19.997Z","shortid":"VW5EYg_","$entitySet":"profiles"},"doDiffs":false,"timestamp":1705001419997,"id":"jk949kt8jaye3ga","previousOperationId":null,"operationId":"kpeq8ebdhdjcg65"}
{"type":"log","level":"info","message":"Render request 17 queued for execution and waiting for available worker","previousOperationId":"kpeq8ebdhdjcg65","timestamp":1705001419997,"id":"xxjn0cpmc0mvil4"}
{"type":"operationStart","subtype":"render","name":"AveragePunctuation","previousOperationId":"kpeq8ebdhdjcg65","timestamp":1705001420002,"id":"ksnyxv082masomk","previousEventId":"jk949kt8jaye3ga","operationId":"f7o7psj2uibefwv"}
{"type":"log","timestamp":1705001420002,"level":"info","message":"Starting rendering request 17","meta":{"rootId":"4bowhrs7ozyzs89","id":"4bowhrs7ozyzs89"},"id":"zs5fx0a1wqzj377","previousOperationId":"f7o7psj2uibefwv"}
{"type":"log","timestamp":1705001420002,"level":"info","message":"Rendering template { name: AveragePunctuation, recipe: chrome-pdf, engine: handlebars, preview: false }","meta":{"rootId":"4bowhrs7ozyzs89","id":"4bowhrs7ozyzs89"},"id":"e4zvgsvh6827cc5","previousOperationId":"f7o7psj2uibefwv"}
{"type":"log","timestamp":1705001420003,"level":"debug","message":"Inline data specified.","meta":{"rootId":"4bowhrs7ozyzs89","id":"4bowhrs7ozyzs89"},"id":"b5yoes2xtu010rd","previousOperationId":"f7o7psj2uibefwv"}
{"type":"log","timestamp":1705001420004,"level":"debug","message":"Executing script AveragePunctuation-script (beforeRender)","meta":{"rootId":"4bowhrs7ozyzs89","id":"4bowhrs7ozyzs89"},"id":"lfkxeijn5sgq0q0","previousOperationId":"f7o7psj2uibefwv"}
{"type":"operationStart","subtype":"scriptsBeforeRender","name":"scripts beforeRender","timestamp":1705001420017,"id":"vbqxlv1sndoud7q","previousEventId":"ksnyxv082masomk","operationId":"u9uaqwprdi3159m","previousOperationId":"f7o7psj2uibefwv"}
{"type":"operationStart","subtype":"script","name":"scripts AveragePunctuation-script","previousOperationId":"u9uaqwprdi3159m","timestamp":1705001420017,"id":"s0h5rs6ky6nbzs3","previousEventId":"vbqxlv1sndoud7q","operationId":"ejrnoc9l4kirbrf"}
{"type":"operationEnd","operationId":"ejrnoc9l4kirbrf","timestamp":1705001420030,"id":"kct4m6z5tzc6p7t","previousEventId":"ksnyxv082masomk","previousOperationId":"f7o7psj2uibefwv"}
{"type":"operationEnd","operationId":"u9uaqwprdi3159m","timestamp":1705001420030,"id":"t22mof5rdmzhd0z","previousEventId":"kct4m6z5tzc6p7t","previousOperationId":"f7o7psj2uibefwv"}
{"type":"log","timestamp":1705001420030,"level":"debug","message":"Base url not specified, skipping its injection.","meta":{"rootId":"4bowhrs7ozyzs89","id":"4bowhrs7ozyzs89"},"id":"ftrng1kufd2qsmj","previousOperationId":"u9uaqwprdi3159m"}
{"type":"operationStart","subtype":"engine","name":"handlebars","timestamp":1705001420030,"id":"qmnisjq5bxrkxxv","previousEventId":"t22mof5rdmzhd0z","operationId":"iuvsxmhd0qmyj9e","previousOperationId":"u9uaqwprdi3159m"}
{"type":"log","timestamp":1705001420031,"level":"debug","message":"Rendering engine handlebars","meta":{"rootId":"4bowhrs7ozyzs89","id":"4bowhrs7ozyzs89"},"id":"zedmqzsroh5oiat","previousOperationId":"iuvsxmhd0qmyj9e"}
{"type":"operationEnd","operationId":"iuvsxmhd0qmyj9e","timestamp":1705001420037,"id":"ehqgq9ld6rd3m2t","previousEventId":"qmnisjq5bxrkxxv","previousOperationId":"iuvsxmhd0qmyj9e"}
{"type":"operationStart","subtype":"recipe","name":"chrome-pdf","timestamp":1705001420037,"id":"hj7tfx85jxwyhma","previousEventId":"ehqgq9ld6rd3m2t","operationId":"23ovimfcwwa8f4r","previousOperationId":"iuvsxmhd0qmyj9e"}
{"type":"log","timestamp":1705001420037,"level":"debug","message":"Executing recipe chrome-pdf","meta":{"rootId":"4bowhrs7ozyzs89","id":"4bowhrs7ozyzs89"},"id":"7c5068pymboh5cl","previousOperationId":"23ovimfcwwa8f4r"}
{"type":"log","timestamp":1705001420039,"level":"debug","message":"Converting with chrome HeadlessChrome/117.0.5938.149 using chrome-pool strategy","meta":{"rootId":"4bowhrs7ozyzs89","id":"4bowhrs7ozyzs89"},"id":"b1n7l2n4by668i5","previousOperationId":"23ovimfcwwa8f4r"}
{"type":"log","timestamp":1705001420115,"level":"debug","message":"Page request: GET (document) file:///C:/Users/Javier/AppData/Local/Temp/jsreport/autocleanup/f9359c86-cf59-4b79-8f07-6a7087ef7ce1-chrome-pdf.html","meta":{"rootId":"4bowhrs7ozyzs89","id":"4bowhrs7ozyzs89"},"id":"exvtnoc6fv9z1l8","previousOperationId":"23ovimfcwwa8f4r"}
{"type":"log","timestamp":1705001420122,"level":"debug","message":"Page request finished: GET (document) 200 file:///C:/Users/Javier/AppData/Local/Temp/jsreport/autocleanup/f9359c86-cf59-4b79-8f07-6a7087ef7ce1-chrome-pdf.html","meta":{"rootId":"4bowhrs7ozyzs89","id":"4bowhrs7ozyzs89"},"id":"lq2vst71zekg6eo","previousOperationId":"23ovimfcwwa8f4r"}
{"type":"log","timestamp":1705001420125,"level":"debug","message":"Running chrome with params {\"printBackground\":true,\"timeout\":59958,\"margin\":{}}","meta":{"rootId":"4bowhrs7ozyzs89","id":"4bowhrs7ozyzs89"},"id":"7oi5o7gqt25rlov","previousOperationId":"23ovimfcwwa8f4r"}
{"type":"operationEnd","operationId":"23ovimfcwwa8f4r","timestamp":1705001420137,"id":"ab80ajbeiw7g9yt","previousEventId":"hj7tfx85jxwyhma","previousOperationId":"23ovimfcwwa8f4r"}
{"type":"log","timestamp":1705001420137,"level":"debug","message":"Skipping storing report.","meta":{"rootId":"4bowhrs7ozyzs89","id":"4bowhrs7ozyzs89"},"id":"xz17skjch93hu8i","previousOperationId":"23ovimfcwwa8f4r"}
{"type":"log","timestamp":1705001420137,"level":"info","message":"Rendering request 17 finished in 141 ms","meta":{"rootId":"4bowhrs7ozyzs89","id":"4bowhrs7ozyzs89"},"id":"yzzv70t46f97wv0","previousOperationId":"23ovimfcwwa8f4r"}
{"type":"operationEnd","subtype":"render","operationId":"f7o7psj2uibefwv","timestamp":1705001420137,"id":"vfioioonwp11tal","previousEventId":"ab80ajbeiw7g9yt","previousOperationId":"23ovimfcwwa8f4r"}
{"type":"operationEnd","doDiffs":false,"previousEventId":"jk949kt8jaye3ga","previousOperationId":"kpeq8ebdhdjcg65","operationId":"kpeq8ebdhdjcg65","timestamp":1705001420142,"id":"6isw2ho6fn35dah"}
