{"type":"operationStart","subtype":"profile","data":{"_id":"HCqs5zgYjB65YgB0","timestamp":"2024-01-13T23:05:48.995Z","state":"queued","mode":"standard","creationDate":"2024-01-13T23:05:48.997Z","modificationDate":"2024-01-13T23:05:48.997Z","shortid":"z29-xF3","$entitySet":"profiles"},"doDiffs":false,"timestamp":1705187148996,"id":"70upc8fshggpphb","previousOperationId":null,"operationId":"oprsjggjafz6c1d"}
{"type":"log","level":"info","message":"Render request 11 queued for execution and waiting for available worker","previousOperationId":"oprsjggjafz6c1d","timestamp":1705187148996,"id":"07ep6b0ehi0bbpn"}
{"type":"operationStart","subtype":"render","name":"AveragePunctuation","previousOperationId":"oprsjggjafz6c1d","timestamp":1705187149001,"id":"hpvnk7gj5gxqy2e","previousEventId":"70upc8fshggpphb","operationId":"vap2d4mivzty5nz"}
{"type":"log","timestamp":1705187149001,"level":"info","message":"Starting rendering request 11","meta":{"rootId":"4efh503el0lflsu","id":"4efh503el0lflsu"},"id":"andovf1ryw673dv","previousOperationId":"vap2d4mivzty5nz"}
{"type":"log","timestamp":1705187149002,"level":"info","message":"Rendering template { name: AveragePunctuation, recipe: chrome-pdf, engine: handlebars, preview: false }","meta":{"rootId":"4efh503el0lflsu","id":"4efh503el0lflsu"},"id":"u2ohefa14x9ihhz","previousOperationId":"vap2d4mivzty5nz"}
{"type":"log","timestamp":1705187149002,"level":"debug","message":"Inline data specified.","meta":{"rootId":"4efh503el0lflsu","id":"4efh503el0lflsu"},"id":"j96kz664y2q5q5j","previousOperationId":"vap2d4mivzty5nz"}
{"type":"log","timestamp":1705187149004,"level":"debug","message":"Executing script AveragePunctuation-script (beforeRender)","meta":{"rootId":"4efh503el0lflsu","id":"4efh503el0lflsu"},"id":"jnzj7qgqlc9rwzn","previousOperationId":"vap2d4mivzty5nz"}
{"type":"operationStart","subtype":"scriptsBeforeRender","name":"scripts beforeRender","timestamp":1705187149020,"id":"rd0pbrjalugmou9","previousEventId":"hpvnk7gj5gxqy2e","operationId":"uizy9ws775xllka","previousOperationId":"vap2d4mivzty5nz"}
{"type":"operationStart","subtype":"script","name":"scripts AveragePunctuation-script","previousOperationId":"uizy9ws775xllka","timestamp":1705187149021,"id":"0ju1qc3tbmvttlt","previousEventId":"rd0pbrjalugmou9","operationId":"dvgbc1johwze76q"}
{"type":"operationEnd","operationId":"dvgbc1johwze76q","timestamp":1705187149037,"id":"dwlv827sj9n6s5q","previousEventId":"hpvnk7gj5gxqy2e","previousOperationId":"vap2d4mivzty5nz"}
{"type":"operationEnd","operationId":"uizy9ws775xllka","timestamp":1705187149037,"id":"aq96mqiw6ia15un","previousEventId":"dwlv827sj9n6s5q","previousOperationId":"vap2d4mivzty5nz"}
{"type":"log","timestamp":1705187149037,"level":"debug","message":"Base url not specified, skipping its injection.","meta":{"rootId":"4efh503el0lflsu","id":"4efh503el0lflsu"},"id":"n2i6c652rh3i7th","previousOperationId":"uizy9ws775xllka"}
{"type":"operationStart","subtype":"engine","name":"handlebars","timestamp":1705187149037,"id":"1pf00ww5ol636bp","previousEventId":"aq96mqiw6ia15un","operationId":"8xg5231k13ivyrz","previousOperationId":"uizy9ws775xllka"}
{"type":"log","timestamp":1705187149037,"level":"debug","message":"Rendering engine handlebars","meta":{"rootId":"4efh503el0lflsu","id":"4efh503el0lflsu"},"id":"fashp4f2o7t9psa","previousOperationId":"8xg5231k13ivyrz"}
{"type":"operationEnd","operationId":"8xg5231k13ivyrz","timestamp":1705187149045,"id":"kk59sei65sqorlq","previousEventId":"1pf00ww5ol636bp","previousOperationId":"8xg5231k13ivyrz"}
{"type":"operationStart","subtype":"recipe","name":"chrome-pdf","timestamp":1705187149045,"id":"68fbs3la6qsqlml","previousEventId":"kk59sei65sqorlq","operationId":"hu3i0g4bodafuca","previousOperationId":"8xg5231k13ivyrz"}
{"type":"log","timestamp":1705187149045,"level":"debug","message":"Executing recipe chrome-pdf","meta":{"rootId":"4efh503el0lflsu","id":"4efh503el0lflsu"},"id":"l6kcg5cqbtop48q","previousOperationId":"hu3i0g4bodafuca"}
{"type":"log","timestamp":1705187149048,"level":"debug","message":"Converting with chrome HeadlessChrome/117.0.5938.149 using chrome-pool strategy","meta":{"rootId":"4efh503el0lflsu","id":"4efh503el0lflsu"},"id":"znyqocmcxbf3bz9","previousOperationId":"hu3i0g4bodafuca"}
{"type":"log","timestamp":1705187149134,"level":"debug","message":"Page request: GET (document) file:///C:/Users/Javier/AppData/Local/Temp/jsreport/autocleanup/258843a9-33ea-4bf1-a938-87349c563018-chrome-pdf.html","meta":{"rootId":"4efh503el0lflsu","id":"4efh503el0lflsu"},"id":"v9nrkwlbthzwf9g","previousOperationId":"hu3i0g4bodafuca"}
{"type":"log","timestamp":1705187149181,"level":"debug","message":"Page request: GET (stylesheet) https://cdnjs.cloudflare.com/ajax/libs/metro/4.1.5/css/metro.min.css","meta":{"rootId":"4efh503el0lflsu","id":"4efh503el0lflsu"},"id":"121x5ne64grofca","previousOperationId":"hu3i0g4bodafuca"}
{"type":"log","timestamp":1705187149182,"level":"debug","message":"Page request finished: GET (document) 200 file:///C:/Users/Javier/AppData/Local/Temp/jsreport/autocleanup/258843a9-33ea-4bf1-a938-87349c563018-chrome-pdf.html","meta":{"rootId":"4efh503el0lflsu","id":"4efh503el0lflsu"},"id":"9g531we40wymlzb","previousOperationId":"hu3i0g4bodafuca"}
{"type":"log","timestamp":1705187149182,"level":"debug","message":"Page request: GET (script) https://cdnjs.cloudflare.com/ajax/libs/Chart.js/2.7.2/Chart.min.js","meta":{"rootId":"4efh503el0lflsu","id":"4efh503el0lflsu"},"id":"dbilw3wg3pnddzt","previousOperationId":"hu3i0g4bodafuca"}
{"type":"log","timestamp":1705187149197,"level":"debug","message":"Page request finished: GET (stylesheet) 200 https://cdnjs.cloudflare.com/ajax/libs/metro/4.1.5/css/metro.min.css","meta":{"rootId":"4efh503el0lflsu","id":"4efh503el0lflsu"},"id":"bs5aavzk4tespv3","previousOperationId":"hu3i0g4bodafuca"}
{"type":"log","timestamp":1705187149197,"level":"debug","message":"Page request finished: GET (script) 200 https://cdnjs.cloudflare.com/ajax/libs/Chart.js/2.7.2/Chart.min.js","meta":{"rootId":"4efh503el0lflsu","id":"4efh503el0lflsu"},"id":"5h8cuj0zkghbe7g","previousOperationId":"hu3i0g4bodafuca"}
{"type":"log","timestamp":1705187149253,"level":"debug","message":"Running chrome with params {\"printBackground\":true,\"timeout\":59949,\"margin\":{}}","meta":{"rootId":"4efh503el0lflsu","id":"4efh503el0lflsu"},"id":"z3cnfa2cx3ldtj9","previousOperationId":"hu3i0g4bodafuca"}
{"type":"operationEnd","operationId":"hu3i0g4bodafuca","timestamp":1705187149405,"id":"o4ebq851pw535pv","previousEventId":"68fbs3la6qsqlml","previousOperationId":"hu3i0g4bodafuca"}
{"type":"log","timestamp":1705187149406,"level":"debug","message":"Skipping storing report.","meta":{"rootId":"4efh503el0lflsu","id":"4efh503el0lflsu"},"id":"3kwohjcmkzpk7sk","previousOperationId":"hu3i0g4bodafuca"}
{"type":"log","timestamp":1705187149406,"level":"info","message":"Rendering request 11 finished in 411 ms","meta":{"rootId":"4efh503el0lflsu","id":"4efh503el0lflsu"},"id":"2kkzthc1zewszgw","previousOperationId":"hu3i0g4bodafuca"}
{"type":"operationEnd","subtype":"render","operationId":"vap2d4mivzty5nz","timestamp":1705187149406,"id":"mulahvfkv59ehml","previousEventId":"o4ebq851pw535pv","previousOperationId":"hu3i0g4bodafuca"}
{"type":"operationEnd","doDiffs":false,"previousEventId":"70upc8fshggpphb","previousOperationId":"oprsjggjafz6c1d","operationId":"oprsjggjafz6c1d","timestamp":1705187149418,"id":"tnpwo1mj7w6zrwv"}
