{"type":"operationStart","subtype":"profile","data":{"_id":"YI7Zbt3BPfd4sEiW","timestamp":"2024-01-11T17:05:53.227Z","state":"queued","mode":"standard","creationDate":"2024-01-11T17:05:53.228Z","modificationDate":"2024-01-11T17:05:53.228Z","shortid":"hPpOiQx","$entitySet":"profiles"},"doDiffs":false,"timestamp":1704992753228,"id":"sx6f2cybv3ojvv1","previousOperationId":null,"operationId":"brdo47x6z5ew3ej"}
{"type":"log","level":"info","message":"Render request 15 queued for execution and waiting for available worker","previousOperationId":"brdo47x6z5ew3ej","timestamp":1704992753228,"id":"prfd7w0qqya0xsy"}
{"type":"operationStart","subtype":"render","name":"AveragePunctuation","previousOperationId":"brdo47x6z5ew3ej","timestamp":1704992753233,"id":"pq4vq2o9btq2bso","previousEventId":"sx6f2cybv3ojvv1","operationId":"d83yw9uki4doe8d"}
{"type":"log","timestamp":1704992753233,"level":"info","message":"Starting rendering request 15","meta":{"rootId":"4flh3bwfj8jx8i0","id":"4flh3bwfj8jx8i0"},"id":"mw98r8pkph7u1yc","previousOperationId":"d83yw9uki4doe8d"}
{"type":"log","timestamp":1704992753233,"level":"info","message":"Rendering template { name: AveragePunctuation, recipe: chrome-pdf, engine: handlebars, preview: false }","meta":{"rootId":"4flh3bwfj8jx8i0","id":"4flh3bwfj8jx8i0"},"id":"8hrd0ny7bjiw03q","previousOperationId":"d83yw9uki4doe8d"}
{"type":"log","timestamp":1704992753233,"level":"debug","message":"Inline data specified.","meta":{"rootId":"4flh3bwfj8jx8i0","id":"4flh3bwfj8jx8i0"},"id":"kwreqizqdnne92g","previousOperationId":"d83yw9uki4doe8d"}
{"type":"log","timestamp":1704992753235,"level":"debug","message":"Executing script AveragePunctuation-script (beforeRender)","meta":{"rootId":"4flh3bwfj8jx8i0","id":"4flh3bwfj8jx8i0"},"id":"lba4z866mk8s82h","previousOperationId":"d83yw9uki4doe8d"}
{"type":"operationStart","subtype":"scriptsBeforeRender","name":"scripts beforeRender","timestamp":1704992753251,"id":"tyd636u48c21g87","previousEventId":"pq4vq2o9btq2bso","operationId":"ykfxrhc4xyu7azc","previousOperationId":"d83yw9uki4doe8d"}
{"type":"operationStart","subtype":"script","name":"scripts AveragePunctuation-script","previousOperationId":"ykfxrhc4xyu7azc","timestamp":1704992753251,"id":"n71hechsqvs8i7s","previousEventId":"tyd636u48c21g87","operationId":"7xzni4536h98uzj"}
{"type":"operationEnd","operationId":"7xzni4536h98uzj","timestamp":1704992753267,"id":"xdhn1vm5o0bz089","previousEventId":"pq4vq2o9btq2bso","previousOperationId":"d83yw9uki4doe8d"}
{"type":"operationEnd","operationId":"ykfxrhc4xyu7azc","timestamp":1704992753267,"id":"hcit1cajkfr6bpx","previousEventId":"xdhn1vm5o0bz089","previousOperationId":"d83yw9uki4doe8d"}
{"type":"log","timestamp":1704992753267,"level":"debug","message":"Base url not specified, skipping its injection.","meta":{"rootId":"4flh3bwfj8jx8i0","id":"4flh3bwfj8jx8i0"},"id":"mte0r5omupljhgm","previousOperationId":"ykfxrhc4xyu7azc"}
{"type":"operationStart","subtype":"engine","name":"handlebars","timestamp":1704992753267,"id":"j7a6t3ae15xpnsa","previousEventId":"hcit1cajkfr6bpx","operationId":"le9q0vpzmux4pau","previousOperationId":"ykfxrhc4xyu7azc"}
{"type":"log","timestamp":1704992753267,"level":"debug","message":"Rendering engine handlebars","meta":{"rootId":"4flh3bwfj8jx8i0","id":"4flh3bwfj8jx8i0"},"id":"6j5k2796o4g9vsq","previousOperationId":"le9q0vpzmux4pau"}
{"type":"operationEnd","operationId":"le9q0vpzmux4pau","timestamp":1704992753275,"id":"l0dz080bzzancmi","previousEventId":"j7a6t3ae15xpnsa","previousOperationId":"le9q0vpzmux4pau"}
{"type":"operationStart","subtype":"recipe","name":"chrome-pdf","timestamp":1704992753275,"id":"jbqlf6olxi89pci","previousEventId":"l0dz080bzzancmi","operationId":"sidrqghkty18ehq","previousOperationId":"le9q0vpzmux4pau"}
{"type":"log","timestamp":1704992753275,"level":"debug","message":"Executing recipe chrome-pdf","meta":{"rootId":"4flh3bwfj8jx8i0","id":"4flh3bwfj8jx8i0"},"id":"vth0go1kb8tawmd","previousOperationId":"sidrqghkty18ehq"}
{"type":"log","timestamp":1704992753276,"level":"debug","message":"Converting with chrome HeadlessChrome/117.0.5938.149 using chrome-pool strategy","meta":{"rootId":"4flh3bwfj8jx8i0","id":"4flh3bwfj8jx8i0"},"id":"k9n8zmck1lncf5r","previousOperationId":"sidrqghkty18ehq"}
{"type":"log","timestamp":1704992753349,"level":"debug","message":"Page request: GET (document) file:///C:/Users/Javier/AppData/Local/Temp/jsreport/autocleanup/88c8e95d-f144-46f7-a68a-90ca42446a7f-chrome-pdf.html","meta":{"rootId":"4flh3bwfj8jx8i0","id":"4flh3bwfj8jx8i0"},"id":"pjpushdrhfmg36h","previousOperationId":"sidrqghkty18ehq"}
{"type":"log","timestamp":1704992753360,"level":"debug","message":"Page request finished: GET (document) 200 file:///C:/Users/Javier/AppData/Local/Temp/jsreport/autocleanup/88c8e95d-f144-46f7-a68a-90ca42446a7f-chrome-pdf.html","meta":{"rootId":"4flh3bwfj8jx8i0","id":"4flh3bwfj8jx8i0"},"id":"81pckraof2oyg9x","previousOperationId":"sidrqghkty18ehq"}
{"type":"log","timestamp":1704992753366,"level":"debug","message":"Running chrome with params {\"printBackground\":true,\"timeout\":59951,\"margin\":{}}","meta":{"rootId":"4flh3bwfj8jx8i0","id":"4flh3bwfj8jx8i0"},"id":"har9s9jp3e0hd3w","previousOperationId":"sidrqghkty18ehq"}
{"type":"operationEnd","operationId":"sidrqghkty18ehq","timestamp":1704992753388,"id":"qd8vi4e0vpgivej","previousEventId":"jbqlf6olxi89pci","previousOperationId":"sidrqghkty18ehq"}
{"type":"log","timestamp":1704992753388,"level":"debug","message":"Skipping storing report.","meta":{"rootId":"4flh3bwfj8jx8i0","id":"4flh3bwfj8jx8i0"},"id":"5sd52srrm0p1hxb","previousOperationId":"sidrqghkty18ehq"}
{"type":"log","timestamp":1704992753388,"level":"info","message":"Rendering request 15 finished in 161 ms","meta":{"rootId":"4flh3bwfj8jx8i0","id":"4flh3bwfj8jx8i0"},"id":"i586l61rhmkt4sp","previousOperationId":"sidrqghkty18ehq"}
{"type":"operationEnd","subtype":"render","operationId":"d83yw9uki4doe8d","timestamp":1704992753389,"id":"oooe0e26kxjqay1","previousEventId":"qd8vi4e0vpgivej","previousOperationId":"sidrqghkty18ehq"}
{"type":"operationEnd","doDiffs":false,"previousEventId":"sx6f2cybv3ojvv1","previousOperationId":"brdo47x6z5ew3ej","operationId":"brdo47x6z5ew3ej","timestamp":1704992753392,"id":"w6rba9x37s8rp8y"}
