{"type":"operationStart","subtype":"profile","data":{"_id":"elFlhk3WPRgCkXYG","timestamp":"2024-01-11T15:45:19.633Z","state":"queued","mode":"standard","creationDate":"2024-01-11T15:45:19.636Z","modificationDate":"2024-01-11T15:45:19.636Z","shortid":"oKM8tio","$entitySet":"profiles"},"doDiffs":false,"timestamp":1704987919635,"id":"iyo5m5p9tuovpma","previousOperationId":null,"operationId":"nbyfcatnlpt0oq0"}
{"type":"log","level":"info","message":"Render request 4 queued for execution and waiting for available worker","previousOperationId":"nbyfcatnlpt0oq0","timestamp":1704987919635,"id":"ay82aklsodv4qrp"}
{"type":"operationStart","subtype":"render","name":"AveragePunctuation","previousOperationId":"nbyfcatnlpt0oq0","timestamp":1704987919644,"id":"xqayll8jhkccngk","previousEventId":"iyo5m5p9tuovpma","operationId":"ojz4fbjhtj8l68k"}
{"type":"log","timestamp":1704987919645,"level":"info","message":"Starting rendering request 4","meta":{"rootId":"4isipp3kk0njhym","id":"4isipp3kk0njhym"},"id":"s4pxubwat2hh0m1","previousOperationId":"ojz4fbjhtj8l68k"}
{"type":"log","timestamp":1704987919645,"level":"info","message":"Rendering template { name: AveragePunctuation, recipe: chrome-pdf, engine: handlebars, preview: true }","meta":{"rootId":"4isipp3kk0njhym","id":"4isipp3kk0njhym"},"id":"aus3pv8yzxx287c","previousOperationId":"ojz4fbjhtj8l68k"}
{"type":"log","timestamp":1704987919646,"level":"debug","message":"Data item not defined for this template.","meta":{"rootId":"4isipp3kk0njhym","id":"4isipp3kk0njhym"},"id":"vge0ky15gfvhjti","previousOperationId":"ojz4fbjhtj8l68k"}
{"type":"log","timestamp":1704987919649,"level":"debug","message":"Executing script AveragePunctuation-script (beforeRender)","meta":{"rootId":"4isipp3kk0njhym","id":"4isipp3kk0njhym"},"id":"zc2vrzjsb64ywoa","previousOperationId":"ojz4fbjhtj8l68k"}
{"type":"operationStart","subtype":"scriptsBeforeRender","name":"scripts beforeRender","timestamp":1704987919682,"id":"lnedo7e0lr529mz","previousEventId":"xqayll8jhkccngk","operationId":"h4e4d723hpcqwvb","previousOperationId":"ojz4fbjhtj8l68k"}
{"type":"operationStart","subtype":"script","name":"scripts AveragePunctuation-script","previousOperationId":"h4e4d723hpcqwvb","timestamp":1704987919682,"id":"hvjrws4fsxi8r49","previousEventId":"lnedo7e0lr529mz","operationId":"v5eyacu201xg3a7"}
{"type":"operationEnd","operationId":"v5eyacu201xg3a7","timestamp":1704987919712,"id":"3eco1xepnl0u6x4","previousEventId":"xqayll8jhkccngk","previousOperationId":"ojz4fbjhtj8l68k"}
{"type":"operationEnd","operationId":"h4e4d723hpcqwvb","timestamp":1704987919712,"id":"ykua218lwqjc75h","previousEventId":"3eco1xepnl0u6x4","previousOperationId":"ojz4fbjhtj8l68k"}
{"type":"log","timestamp":1704987919712,"level":"debug","message":"Base url not specified, skipping its injection.","meta":{"rootId":"4isipp3kk0njhym","id":"4isipp3kk0njhym"},"id":"0ms5k6l62nzk6k1","previousOperationId":"h4e4d723hpcqwvb"}
{"type":"operationStart","subtype":"engine","name":"handlebars","timestamp":1704987919713,"id":"52aag86c1ob5lg9","previousEventId":"ykua218lwqjc75h","operationId":"mdw9s6dh44elab6","previousOperationId":"h4e4d723hpcqwvb"}
{"type":"log","timestamp":1704987919713,"level":"debug","message":"Rendering engine handlebars","meta":{"rootId":"4isipp3kk0njhym","id":"4isipp3kk0njhym"},"id":"6wq76t041ml97d9","previousOperationId":"mdw9s6dh44elab6"}
{"type":"operationEnd","operationId":"mdw9s6dh44elab6","timestamp":1704987920078,"id":"qpnmb0qofiyxoe1","previousEventId":"52aag86c1ob5lg9","previousOperationId":"mdw9s6dh44elab6"}
{"type":"operationStart","subtype":"recipe","name":"chrome-pdf","timestamp":1704987920078,"id":"j336oumfi4virgy","previousEventId":"qpnmb0qofiyxoe1","operationId":"wr5sx940vcklzec","previousOperationId":"mdw9s6dh44elab6"}
{"type":"log","timestamp":1704987920078,"level":"debug","message":"Executing recipe chrome-pdf","meta":{"rootId":"4isipp3kk0njhym","id":"4isipp3kk0njhym"},"id":"ybrn4imj9fq9chb","previousOperationId":"wr5sx940vcklzec"}
{"type":"log","timestamp":1704987920871,"level":"debug","message":"Converting with chrome HeadlessChrome/117.0.5938.149 using chrome-pool strategy","meta":{"rootId":"4isipp3kk0njhym","id":"4isipp3kk0njhym"},"id":"utfm8atpwkdiasa","previousOperationId":"wr5sx940vcklzec"}
{"type":"log","timestamp":1704987921820,"level":"debug","message":"Page request: GET (document) file:///C:/Users/Javier/AppData/Local/Temp/jsreport/autocleanup/ebb81b28-603e-4a9c-9e29-d05ba47a9004-chrome-pdf.html","meta":{"rootId":"4isipp3kk0njhym","id":"4isipp3kk0njhym"},"id":"a8ya390hxfuz9jv","previousOperationId":"wr5sx940vcklzec"}
{"type":"log","timestamp":1704987921831,"level":"debug","message":"Page request finished: GET (document) 200 file:///C:/Users/Javier/AppData/Local/Temp/jsreport/autocleanup/ebb81b28-603e-4a9c-9e29-d05ba47a9004-chrome-pdf.html","meta":{"rootId":"4isipp3kk0njhym","id":"4isipp3kk0njhym"},"id":"u7c3dfyjla0rj8m","previousOperationId":"wr5sx940vcklzec"}
{"type":"log","timestamp":1704987921835,"level":"debug","message":"Running chrome with params {\"printBackground\":true,\"timeout\":59032,\"margin\":{}}","meta":{"rootId":"4isipp3kk0njhym","id":"4isipp3kk0njhym"},"id":"f26n3qihk43ft4z","previousOperationId":"wr5sx940vcklzec"}
{"type":"operationEnd","operationId":"wr5sx940vcklzec","timestamp":1704987921852,"id":"i9t60nvm9tqtkbe","previousEventId":"j336oumfi4virgy","previousOperationId":"wr5sx940vcklzec"}
{"type":"log","timestamp":1704987921853,"level":"debug","message":"Skipping storing report.","meta":{"rootId":"4isipp3kk0njhym","id":"4isipp3kk0njhym"},"id":"nkcz672q4po6o9h","previousOperationId":"wr5sx940vcklzec"}
{"type":"log","timestamp":1704987921854,"level":"info","message":"Rendering request 4 finished in 2221 ms","meta":{"rootId":"4isipp3kk0njhym","id":"4isipp3kk0njhym"},"id":"af8m8mgg8h5gh3u","previousOperationId":"wr5sx940vcklzec"}
{"type":"operationEnd","subtype":"render","operationId":"ojz4fbjhtj8l68k","timestamp":1704987921854,"id":"ztlhezjrpp3i2ti","previousEventId":"i9t60nvm9tqtkbe","previousOperationId":"wr5sx940vcklzec"}
{"type":"operationEnd","doDiffs":false,"previousEventId":"iyo5m5p9tuovpma","previousOperationId":"nbyfcatnlpt0oq0","operationId":"nbyfcatnlpt0oq0","timestamp":1704987921868,"id":"tv1pwscksjqzqrb"}
