{"type":"operationStart","subtype":"profile","data":{"_id":"ZfsAwojqqBaTXxte","timestamp":"2024-01-11T15:45:36.117Z","state":"queued","mode":"standard","creationDate":"2024-01-11T15:45:36.118Z","modificationDate":"2024-01-11T15:45:36.118Z","shortid":"j2YndJn","$entitySet":"profiles"},"doDiffs":false,"timestamp":1704987936117,"id":"pw06gy893wbsp6p","previousOperationId":null,"operationId":"jeweywnsyn7i9ou"}
{"type":"log","level":"info","message":"Render request 5 queued for execution and waiting for available worker","previousOperationId":"jeweywnsyn7i9ou","timestamp":1704987936117,"id":"hisbvcqrs7qazcr"}
{"type":"operationStart","subtype":"render","name":"AveragePunctuation","previousOperationId":"jeweywnsyn7i9ou","timestamp":1704987936125,"id":"1cletig6sxy0q38","previousEventId":"pw06gy893wbsp6p","operationId":"5qjhxvgi8alucae"}
{"type":"log","timestamp":1704987936125,"level":"info","message":"Starting rendering request 5","meta":{"rootId":"4l1ptv8fr2ivnu7","id":"4l1ptv8fr2ivnu7"},"id":"hc7paxqbdzxny1s","previousOperationId":"5qjhxvgi8alucae"}
{"type":"log","timestamp":1704987936125,"level":"info","message":"Rendering template { name: AveragePunctuation, recipe: chrome-pdf, engine: handlebars, preview: false }","meta":{"rootId":"4l1ptv8fr2ivnu7","id":"4l1ptv8fr2ivnu7"},"id":"vkrhdqrc29xxl9z","previousOperationId":"5qjhxvgi8alucae"}
{"type":"log","timestamp":1704987936126,"level":"debug","message":"Inline data specified.","meta":{"rootId":"4l1ptv8fr2ivnu7","id":"4l1ptv8fr2ivnu7"},"id":"kwy1p8jlxbtcrsu","previousOperationId":"5qjhxvgi8alucae"}
{"type":"log","timestamp":1704987936128,"level":"debug","message":"Executing script AveragePunctuation-script (beforeRender)","meta":{"rootId":"4l1ptv8fr2ivnu7","id":"4l1ptv8fr2ivnu7"},"id":"mmz9gx56swff3k0","previousOperationId":"5qjhxvgi8alucae"}
{"type":"operationStart","subtype":"scriptsBeforeRender","name":"scripts beforeRender","timestamp":1704987936162,"id":"s0p6ltc8yda1xfr","previousEventId":"1cletig6sxy0q38","operationId":"y593icycnw2i0hx","previousOperationId":"5qjhxvgi8alucae"}
{"type":"operationStart","subtype":"script","name":"scripts AveragePunctuation-script","previousOperationId":"y593icycnw2i0hx","timestamp":1704987936162,"id":"4wh28kh1o8rjxc7","previousEventId":"s0p6ltc8yda1xfr","operationId":"tbt2lewqklsujry"}
{"type":"operationEnd","operationId":"tbt2lewqklsujry","timestamp":1704987936168,"id":"8t6rhc32quq8egr","previousEventId":"1cletig6sxy0q38","previousOperationId":"5qjhxvgi8alucae"}
{"type":"operationEnd","operationId":"y593icycnw2i0hx","timestamp":1704987936168,"id":"g7y1qfzxnhap8cm","previousEventId":"8t6rhc32quq8egr","previousOperationId":"5qjhxvgi8alucae"}
{"type":"log","timestamp":1704987936168,"level":"debug","message":"Base url not specified, skipping its injection.","meta":{"rootId":"4l1ptv8fr2ivnu7","id":"4l1ptv8fr2ivnu7"},"id":"vt12lint9reg191","previousOperationId":"y593icycnw2i0hx"}
{"type":"operationStart","subtype":"engine","name":"handlebars","timestamp":1704987936168,"id":"06ayfbxmz4uaq5o","previousEventId":"g7y1qfzxnhap8cm","operationId":"6vfuywr2xqjrzns","previousOperationId":"y593icycnw2i0hx"}
{"type":"log","timestamp":1704987936169,"level":"debug","message":"Rendering engine handlebars","meta":{"rootId":"4l1ptv8fr2ivnu7","id":"4l1ptv8fr2ivnu7"},"id":"g3fzrsj051q6sta","previousOperationId":"6vfuywr2xqjrzns"}
{"type":"operationEnd","operationId":"6vfuywr2xqjrzns","timestamp":1704987936177,"id":"q9rdhsbjkpxst5g","previousEventId":"06ayfbxmz4uaq5o","previousOperationId":"6vfuywr2xqjrzns"}
{"type":"operationStart","subtype":"recipe","name":"chrome-pdf","timestamp":1704987936178,"id":"m3kdxrvz3px84u8","previousEventId":"q9rdhsbjkpxst5g","operationId":"65fr5fb35kxw4yr","previousOperationId":"6vfuywr2xqjrzns"}
{"type":"log","timestamp":1704987936178,"level":"debug","message":"Executing recipe chrome-pdf","meta":{"rootId":"4l1ptv8fr2ivnu7","id":"4l1ptv8fr2ivnu7"},"id":"yifb1vr1gds070a","previousOperationId":"65fr5fb35kxw4yr"}
{"type":"log","timestamp":1704987936180,"level":"debug","message":"Converting with chrome HeadlessChrome/117.0.5938.149 using chrome-pool strategy","meta":{"rootId":"4l1ptv8fr2ivnu7","id":"4l1ptv8fr2ivnu7"},"id":"u8gwaux3y946xoh","previousOperationId":"65fr5fb35kxw4yr"}
{"type":"log","timestamp":1704987936285,"level":"debug","message":"Page request: GET (document) file:///C:/Users/Javier/AppData/Local/Temp/jsreport/autocleanup/b24433a6-654a-4d18-a63e-834d600be6cb-chrome-pdf.html","meta":{"rootId":"4l1ptv8fr2ivnu7","id":"4l1ptv8fr2ivnu7"},"id":"14tvcqcb6me064w","previousOperationId":"65fr5fb35kxw4yr"}
{"type":"log","timestamp":1704987936300,"level":"debug","message":"Page request finished: GET (document) 200 file:///C:/Users/Javier/AppData/Local/Temp/jsreport/autocleanup/b24433a6-654a-4d18-a63e-834d600be6cb-chrome-pdf.html","meta":{"rootId":"4l1ptv8fr2ivnu7","id":"4l1ptv8fr2ivnu7"},"id":"7c98a8snqbyi173","previousOperationId":"65fr5fb35kxw4yr"}
{"type":"log","timestamp":1704987936305,"level":"debug","message":"Running chrome with params {\"printBackground\":true,\"timeout\":59937,\"margin\":{}}","meta":{"rootId":"4l1ptv8fr2ivnu7","id":"4l1ptv8fr2ivnu7"},"id":"ipjaqx0sssgd8ns","previousOperationId":"65fr5fb35kxw4yr"}
{"type":"operationEnd","operationId":"65fr5fb35kxw4yr","timestamp":1704987936317,"id":"t051o39pru23she","previousEventId":"m3kdxrvz3px84u8","previousOperationId":"65fr5fb35kxw4yr"}
{"type":"log","timestamp":1704987936317,"level":"debug","message":"Skipping storing report.","meta":{"rootId":"4l1ptv8fr2ivnu7","id":"4l1ptv8fr2ivnu7"},"id":"k5f0ibewwm7ezmf","previousOperationId":"65fr5fb35kxw4yr"}
{"type":"log","timestamp":1704987936317,"level":"info","message":"Rendering request 5 finished in 201 ms","meta":{"rootId":"4l1ptv8fr2ivnu7","id":"4l1ptv8fr2ivnu7"},"id":"tikldieb3h5d0ou","previousOperationId":"65fr5fb35kxw4yr"}
{"type":"operationEnd","subtype":"render","operationId":"5qjhxvgi8alucae","timestamp":1704987936317,"id":"4eztskdh4qhoyfa","previousEventId":"t051o39pru23she","previousOperationId":"65fr5fb35kxw4yr"}
{"type":"operationEnd","doDiffs":false,"previousEventId":"pw06gy893wbsp6p","previousOperationId":"jeweywnsyn7i9ou","operationId":"jeweywnsyn7i9ou","timestamp":1704987936322,"id":"p714ggf7c7cawk8"}
