{"type":"operationStart","subtype":"profile","data":{"_id":"HUAid4VTz0QQqkBQ","timestamp":"2024-01-13T22:33:13.228Z","state":"queued","mode":"standard","creationDate":"2024-01-13T22:33:13.229Z","modificationDate":"2024-01-13T22:33:13.229Z","shortid":"4m_XoPK","$entitySet":"profiles"},"doDiffs":false,"timestamp":1705185193229,"id":"p81k6io21brp0lh","previousOperationId":null,"operationId":"aje266mqwfginlx"}
{"type":"log","level":"info","message":"Render request 19 queued for execution and waiting for available worker","previousOperationId":"aje266mqwfginlx","timestamp":1705185193229,"id":"ut9ri4l05voof16"}
{"type":"operationStart","subtype":"render","name":"AveragePunctuation","previousOperationId":"aje266mqwfginlx","timestamp":1705185193237,"id":"lktetgfwzoqbvyl","previousEventId":"p81k6io21brp0lh","operationId":"j9x1ol8stoqcgm5"}
{"type":"log","timestamp":1705185193239,"level":"info","message":"Starting rendering request 19","meta":{"rootId":"4nfk05bi1041dcs","id":"4nfk05bi1041dcs"},"id":"m84j98lecqvalry","previousOperationId":"j9x1ol8stoqcgm5"}
{"type":"log","timestamp":1705185193240,"level":"info","message":"Rendering template { name: AveragePunctuation, recipe: chrome-pdf, engine: handlebars, preview: false }","meta":{"rootId":"4nfk05bi1041dcs","id":"4nfk05bi1041dcs"},"id":"sp7mj275w0h99db","previousOperationId":"j9x1ol8stoqcgm5"}
{"type":"log","timestamp":1705185193244,"level":"debug","message":"Inline data specified.","meta":{"rootId":"4nfk05bi1041dcs","id":"4nfk05bi1041dcs"},"id":"z3lyc9j5ln9rzzj","previousOperationId":"j9x1ol8stoqcgm5"}
{"type":"log","timestamp":1705185193248,"level":"debug","message":"Executing script AveragePunctuation-script (beforeRender)","meta":{"rootId":"4nfk05bi1041dcs","id":"4nfk05bi1041dcs"},"id":"6yr7pdceg8uqcy0","previousOperationId":"j9x1ol8stoqcgm5"}
{"type":"operationStart","subtype":"scriptsBeforeRender","name":"scripts beforeRender","timestamp":1705185193269,"id":"mt09yk2xraqngcj","previousEventId":"lktetgfwzoqbvyl","operationId":"mu6aaibwr0kozi4","previousOperationId":"j9x1ol8stoqcgm5"}
{"type":"operationStart","subtype":"script","name":"scripts AveragePunctuation-script","previousOperationId":"mu6aaibwr0kozi4","timestamp":1705185193269,"id":"3h47wka5islng6v","previousEventId":"mt09yk2xraqngcj","operationId":"umlnmhwkacxr6jf"}
{"type":"operationEnd","operationId":"umlnmhwkacxr6jf","timestamp":1705185193283,"id":"g3i7rlwixcyc811","previousEventId":"lktetgfwzoqbvyl","previousOperationId":"j9x1ol8stoqcgm5"}
{"type":"operationEnd","operationId":"mu6aaibwr0kozi4","timestamp":1705185193283,"id":"1g7c54oslld7hfu","previousEventId":"g3i7rlwixcyc811","previousOperationId":"j9x1ol8stoqcgm5"}
{"type":"log","timestamp":1705185193283,"level":"debug","message":"Base url not specified, skipping its injection.","meta":{"rootId":"4nfk05bi1041dcs","id":"4nfk05bi1041dcs"},"id":"39r634zbbk7ecwc","previousOperationId":"mu6aaibwr0kozi4"}
{"type":"operationStart","subtype":"engine","name":"handlebars","timestamp":1705185193283,"id":"wihxsb72mju2sau","previousEventId":"1g7c54oslld7hfu","operationId":"uh1vc00p0u1dyje","previousOperationId":"mu6aaibwr0kozi4"}
{"type":"log","timestamp":1705185193283,"level":"debug","message":"Rendering engine handlebars","meta":{"rootId":"4nfk05bi1041dcs","id":"4nfk05bi1041dcs"},"id":"ss3j2hn0rj1906x","previousOperationId":"uh1vc00p0u1dyje"}
{"type":"operationEnd","operationId":"uh1vc00p0u1dyje","timestamp":1705185193293,"id":"12ub8wn6t85v9nd","previousEventId":"wihxsb72mju2sau","previousOperationId":"uh1vc00p0u1dyje"}
{"type":"operationStart","subtype":"recipe","name":"chrome-pdf","timestamp":1705185193293,"id":"5cbpt3rh6nxf65w","previousEventId":"12ub8wn6t85v9nd","operationId":"aqyr6822x8p98b5","previousOperationId":"uh1vc00p0u1dyje"}
{"type":"log","timestamp":1705185193293,"level":"debug","message":"Executing recipe chrome-pdf","meta":{"rootId":"4nfk05bi1041dcs","id":"4nfk05bi1041dcs"},"id":"hsq3yd8391wjn34","previousOperationId":"aqyr6822x8p98b5"}
{"type":"log","timestamp":1705185193297,"level":"debug","message":"Converting with chrome HeadlessChrome/117.0.5938.149 using chrome-pool strategy","meta":{"rootId":"4nfk05bi1041dcs","id":"4nfk05bi1041dcs"},"id":"rep33egh6hrojs2","previousOperationId":"aqyr6822x8p98b5"}
{"type":"log","timestamp":1705185193380,"level":"debug","message":"Page request: GET (document) file:///C:/Users/Javier/AppData/Local/Temp/jsreport/autocleanup/36a250a1-5248-4ebf-843e-5a15cf7b907b-chrome-pdf.html","meta":{"rootId":"4nfk05bi1041dcs","id":"4nfk05bi1041dcs"},"id":"tc9yay413mbcakh","previousOperationId":"aqyr6822x8p98b5"}
{"type":"log","timestamp":1705185193419,"level":"debug","message":"Page request: GET (stylesheet) https://cdnjs.cloudflare.com/ajax/libs/metro/4.1.5/css/metro.min.css","meta":{"rootId":"4nfk05bi1041dcs","id":"4nfk05bi1041dcs"},"id":"ogirevk2e3k2aib","previousOperationId":"aqyr6822x8p98b5"}
{"type":"log","timestamp":1705185193419,"level":"debug","message":"Page request: GET (script) https://cdnjs.cloudflare.com/ajax/libs/Chart.js/2.7.2/Chart.min.js","meta":{"rootId":"4nfk05bi1041dcs","id":"4nfk05bi1041dcs"},"id":"o46xlf9oe60cxbl","previousOperationId":"aqyr6822x8p98b5"}
{"type":"log","timestamp":1705185193419,"level":"debug","message":"Page request finished: GET (document) 200 file:///C:/Users/Javier/AppData/Local/Temp/jsreport/autocleanup/36a250a1-5248-4ebf-843e-5a15cf7b907b-chrome-pdf.html","meta":{"rootId":"4nfk05bi1041dcs","id":"4nfk05bi1041dcs"},"id":"ax6aqzrqg779hf2","previousOperationId":"aqyr6822x8p98b5"}
{"type":"log","timestamp":1705185193424,"level":"debug","message":"Page request finished: GET (script) 200 https://cdnjs.cloudflare.com/ajax/libs/Chart.js/2.7.2/Chart.min.js","meta":{"rootId":"4nfk05bi1041dcs","id":"4nfk05bi1041dcs"},"id":"429omjihz9gg143","previousOperationId":"aqyr6822x8p98b5"}
{"type":"log","timestamp":1705185193436,"level":"debug","message":"Page request finished: GET (stylesheet) 200 https://cdnjs.cloudflare.com/ajax/libs/metro/4.1.5/css/metro.min.css","meta":{"rootId":"4nfk05bi1041dcs","id":"4nfk05bi1041dcs"},"id":"77h8sllni7lqin2","previousOperationId":"aqyr6822x8p98b5"}
{"type":"log","timestamp":1705185193492,"level":"debug","message":"Running chrome with params {\"printBackground\":true,\"timeout\":59932,\"margin\":{}}","meta":{"rootId":"4nfk05bi1041dcs","id":"4nfk05bi1041dcs"},"id":"j9oox9mf8mrwxps","previousOperationId":"aqyr6822x8p98b5"}
{"type":"operationEnd","operationId":"aqyr6822x8p98b5","timestamp":1705185193590,"id":"asizg70vs5qou7r","previousEventId":"5cbpt3rh6nxf65w","previousOperationId":"aqyr6822x8p98b5"}
{"type":"log","timestamp":1705185193590,"level":"debug","message":"Skipping storing report.","meta":{"rootId":"4nfk05bi1041dcs","id":"4nfk05bi1041dcs"},"id":"piasu183vntviz1","previousOperationId":"aqyr6822x8p98b5"}
{"type":"log","timestamp":1705185193590,"level":"info","message":"Rendering request 19 finished in 362 ms","meta":{"rootId":"4nfk05bi1041dcs","id":"4nfk05bi1041dcs"},"id":"0p9iwq83hcgolsd","previousOperationId":"aqyr6822x8p98b5"}
{"type":"operationEnd","subtype":"render","operationId":"j9x1ol8stoqcgm5","timestamp":1705185193590,"id":"dtg6cvqkbx5fa2u","previousEventId":"asizg70vs5qou7r","previousOperationId":"aqyr6822x8p98b5"}
{"type":"operationEnd","doDiffs":false,"previousEventId":"p81k6io21brp0lh","previousOperationId":"aje266mqwfginlx","operationId":"aje266mqwfginlx","timestamp":1705185193592,"id":"9wg1lgd717o4zo3"}
