{"type":"operationStart","subtype":"profile","data":{"_id":"wV2GxWFpz0FDfQxt","timestamp":"2024-01-13T13:58:40.798Z","state":"queued","mode":"standard","creationDate":"2024-01-13T13:58:40.799Z","modificationDate":"2024-01-13T13:58:40.799Z","shortid":"IUvqCFT","$entitySet":"profiles"},"doDiffs":false,"timestamp":1705154320799,"id":"xtvvngj4wg1zypa","previousOperationId":null,"operationId":"wjzuhyvcnh28f8o"}
{"type":"log","level":"info","message":"Render request 8 queued for execution and waiting for available worker","previousOperationId":"wjzuhyvcnh28f8o","timestamp":1705154320799,"id":"gvv3d91y2lsn4vo"}
{"type":"operationStart","subtype":"render","name":"AveragePunctuation","previousOperationId":"wjzuhyvcnh28f8o","timestamp":1705154320805,"id":"jnl99f0bwlfuoqr","previousEventId":"xtvvngj4wg1zypa","operationId":"ch4difvt666r51f"}
{"type":"log","timestamp":1705154320805,"level":"info","message":"Starting rendering request 8","meta":{"rootId":"4qw7rnl51cku54y","id":"4qw7rnl51cku54y"},"id":"frz377d4d44n1us","previousOperationId":"ch4difvt666r51f"}
{"type":"log","timestamp":1705154320805,"level":"info","message":"Rendering template { name: AveragePunctuation, recipe: chrome-pdf, engine: handlebars, preview: false }","meta":{"rootId":"4qw7rnl51cku54y","id":"4qw7rnl51cku54y"},"id":"3w486ooij65l2r0","previousOperationId":"ch4difvt666r51f"}
{"type":"log","timestamp":1705154320806,"level":"debug","message":"Inline data specified.","meta":{"rootId":"4qw7rnl51cku54y","id":"4qw7rnl51cku54y"},"id":"nb8wnb6vi013h7s","previousOperationId":"ch4difvt666r51f"}
{"type":"log","timestamp":1705154320808,"level":"debug","message":"Executing script AveragePunctuation-script (beforeRender)","meta":{"rootId":"4qw7rnl51cku54y","id":"4qw7rnl51cku54y"},"id":"qy0rqinmu6v8obm","previousOperationId":"ch4difvt666r51f"}
{"type":"operationStart","subtype":"scriptsBeforeRender","name":"scripts beforeRender","timestamp":1705154320822,"id":"94pxa9nulmh3y43","previousEventId":"jnl99f0bwlfuoqr","operationId":"m9hdg4a84a9wzjn","previousOperationId":"ch4difvt666r51f"}
{"type":"operationStart","subtype":"script","name":"scripts AveragePunctuation-script","previousOperationId":"m9hdg4a84a9wzjn","timestamp":1705154320822,"id":"r3pdw4txs81imir","previousEventId":"94pxa9nulmh3y43","operationId":"q4cq8amoxamsu0x"}
{"type":"operationEnd","operationId":"q4cq8amoxamsu0x","timestamp":1705154320833,"id":"vp60cqjmcdmgi9k","previousEventId":"jnl99f0bwlfuoqr","previousOperationId":"ch4difvt666r51f"}
{"type":"operationEnd","operationId":"m9hdg4a84a9wzjn","timestamp":1705154320833,"id":"n38p7rab6g8gq89","previousEventId":"vp60cqjmcdmgi9k","previousOperationId":"ch4difvt666r51f"}
{"type":"log","timestamp":1705154320833,"level":"debug","message":"Base url not specified, skipping its injection.","meta":{"rootId":"4qw7rnl51cku54y","id":"4qw7rnl51cku54y"},"id":"e1g3z8yc3ion0sx","previousOperationId":"m9hdg4a84a9wzjn"}
{"type":"operationStart","subtype":"engine","name":"handlebars","timestamp":1705154320833,"id":"k7ey4sblvij0tjl","previousEventId":"n38p7rab6g8gq89","operationId":"tgy0vyb5zdf2ur6","previousOperationId":"m9hdg4a84a9wzjn"}
{"type":"log","timestamp":1705154320833,"level":"debug","message":"Rendering engine handlebars","meta":{"rootId":"4qw7rnl51cku54y","id":"4qw7rnl51cku54y"},"id":"doeddzkjotbbowc","previousOperationId":"tgy0vyb5zdf2ur6"}
{"type":"operationEnd","operationId":"tgy0vyb5zdf2ur6","timestamp":1705154320843,"id":"dzg8qi8sovl04qb","previousEventId":"k7ey4sblvij0tjl","previousOperationId":"tgy0vyb5zdf2ur6"}
{"type":"operationStart","subtype":"recipe","name":"chrome-pdf","timestamp":1705154320843,"id":"qfr4d96o8qgc04d","previousEventId":"dzg8qi8sovl04qb","operationId":"wn8g7n7y4ztgbq2","previousOperationId":"tgy0vyb5zdf2ur6"}
{"type":"log","timestamp":1705154320843,"level":"debug","message":"Executing recipe chrome-pdf","meta":{"rootId":"4qw7rnl51cku54y","id":"4qw7rnl51cku54y"},"id":"fqgazcfpbgrqnk5","previousOperationId":"wn8g7n7y4ztgbq2"}
{"type":"log","timestamp":1705154320846,"level":"debug","message":"Converting with chrome HeadlessChrome/117.0.5938.149 using chrome-pool strategy","meta":{"rootId":"4qw7rnl51cku54y","id":"4qw7rnl51cku54y"},"id":"n7x2tgvtn1xi49v","previousOperationId":"wn8g7n7y4ztgbq2"}
{"type":"log","timestamp":1705154320912,"level":"debug","message":"Page request: GET (document) file:///C:/Users/Javier/AppData/Local/Temp/jsreport/autocleanup/76cdf127-5e5f-475a-8261-b36c4b6d40ff-chrome-pdf.html","meta":{"rootId":"4qw7rnl51cku54y","id":"4qw7rnl51cku54y"},"id":"d3lpe3mw17zyj8o","previousOperationId":"wn8g7n7y4ztgbq2"}
{"type":"log","timestamp":1705154320966,"level":"debug","message":"Page request: GET (stylesheet) https://cdnjs.cloudflare.com/ajax/libs/metro/4.1.5/css/metro.min.css","meta":{"rootId":"4qw7rnl51cku54y","id":"4qw7rnl51cku54y"},"id":"noqllhd3bbilbcx","previousOperationId":"wn8g7n7y4ztgbq2"}
{"type":"log","timestamp":1705154320967,"level":"debug","message":"Page request: GET (script) https://cdnjs.cloudflare.com/ajax/libs/Chart.js/2.7.2/Chart.min.js","meta":{"rootId":"4qw7rnl51cku54y","id":"4qw7rnl51cku54y"},"id":"t4dqbqzcyr4t0tt","previousOperationId":"wn8g7n7y4ztgbq2"}
{"type":"log","timestamp":1705154320967,"level":"debug","message":"Page request finished: GET (document) 200 file:///C:/Users/Javier/AppData/Local/Temp/jsreport/autocleanup/76cdf127-5e5f-475a-8261-b36c4b6d40ff-chrome-pdf.html","meta":{"rootId":"4qw7rnl51cku54y","id":"4qw7rnl51cku54y"},"id":"5zuigeyu7a5gbh3","previousOperationId":"wn8g7n7y4ztgbq2"}
{"type":"log","timestamp":1705154320981,"level":"debug","message":"Page request finished: GET (stylesheet) 200 https://cdnjs.cloudflare.com/ajax/libs/metro/4.1.5/css/metro.min.css","meta":{"rootId":"4qw7rnl51cku54y","id":"4qw7rnl51cku54y"},"id":"s94hho3493e046q","previousOperationId":"wn8g7n7y4ztgbq2"}
{"type":"log","timestamp":1705154320981,"level":"debug","message":"Page request finished: GET (script) 200 https://cdnjs.cloudflare.com/ajax/libs/Chart.js/2.7.2/Chart.min.js","meta":{"rootId":"4qw7rnl51cku54y","id":"4qw7rnl51cku54y"},"id":"8cbv17hfxeimf9b","previousOperationId":"wn8g7n7y4ztgbq2"}
{"type":"log","timestamp":1705154321039,"level":"debug","message":"Running chrome with params {\"printBackground\":true,\"timeout\":59953,\"margin\":{}}","meta":{"rootId":"4qw7rnl51cku54y","id":"4qw7rnl51cku54y"},"id":"okpt8ie0mk1i349","previousOperationId":"wn8g7n7y4ztgbq2"}
{"type":"operationEnd","operationId":"wn8g7n7y4ztgbq2","timestamp":1705154321119,"id":"vqdmx0j4apta9s7","previousEventId":"qfr4d96o8qgc04d","previousOperationId":"wn8g7n7y4ztgbq2"}
{"type":"log","timestamp":1705154321120,"level":"debug","message":"Skipping storing report.","meta":{"rootId":"4qw7rnl51cku54y","id":"4qw7rnl51cku54y"},"id":"nrwc5u53li7ut2a","previousOperationId":"wn8g7n7y4ztgbq2"}
{"type":"log","timestamp":1705154321120,"level":"info","message":"Rendering request 8 finished in 322 ms","meta":{"rootId":"4qw7rnl51cku54y","id":"4qw7rnl51cku54y"},"id":"y55mzvk54x7ee48","previousOperationId":"wn8g7n7y4ztgbq2"}
{"type":"operationEnd","subtype":"render","operationId":"ch4difvt666r51f","timestamp":1705154321120,"id":"r7d92qokyk8r6g9","previousEventId":"vqdmx0j4apta9s7","previousOperationId":"wn8g7n7y4ztgbq2"}
{"type":"operationEnd","doDiffs":false,"previousEventId":"xtvvngj4wg1zypa","previousOperationId":"wjzuhyvcnh28f8o","operationId":"wjzuhyvcnh28f8o","timestamp":1705154321122,"id":"cejqmdora5bvpsh"}
