{"type":"operationStart","subtype":"profile","data":{"_id":"N1cWKl8DO9T8gbES","timestamp":"2024-01-13T14:24:38.595Z","state":"queued","mode":"standard","creationDate":"2024-01-13T14:24:38.596Z","modificationDate":"2024-01-13T14:24:38.596Z","shortid":"BpbqwWQ","$entitySet":"profiles"},"doDiffs":false,"timestamp":1705155878595,"id":"rpmnuvroec3sgw8","previousOperationId":null,"operationId":"vsasmat5vcreavq"}
{"type":"log","level":"info","message":"Render request 25 queued for execution and waiting for available worker","previousOperationId":"vsasmat5vcreavq","timestamp":1705155878595,"id":"tx16jeixx6ybiom"}
{"type":"operationStart","subtype":"render","name":"AveragePunctuation","previousOperationId":"vsasmat5vcreavq","timestamp":1705155878600,"id":"adj3v8mkxg6yp8r","previousEventId":"rpmnuvroec3sgw8","operationId":"qo27hgdgn00yk8z"}
{"type":"log","timestamp":1705155878600,"level":"info","message":"Starting rendering request 25","meta":{"rootId":"4rc7axjet3wvk27","id":"4rc7axjet3wvk27"},"id":"u29eyti1lfdjlxt","previousOperationId":"qo27hgdgn00yk8z"}
{"type":"log","timestamp":1705155878600,"level":"info","message":"Rendering template { name: AveragePunctuation, recipe: chrome-pdf, engine: handlebars, preview: false }","meta":{"rootId":"4rc7axjet3wvk27","id":"4rc7axjet3wvk27"},"id":"nu3tceqk5dktco8","previousOperationId":"qo27hgdgn00yk8z"}
{"type":"log","timestamp":1705155878602,"level":"debug","message":"Inline data specified.","meta":{"rootId":"4rc7axjet3wvk27","id":"4rc7axjet3wvk27"},"id":"422sv67hqc01vyb","previousOperationId":"qo27hgdgn00yk8z"}
{"type":"log","timestamp":1705155878603,"level":"debug","message":"Executing script AveragePunctuation-script (beforeRender)","meta":{"rootId":"4rc7axjet3wvk27","id":"4rc7axjet3wvk27"},"id":"9eqel0kbsssmr9w","previousOperationId":"qo27hgdgn00yk8z"}
{"type":"operationStart","subtype":"scriptsBeforeRender","name":"scripts beforeRender","timestamp":1705155878617,"id":"blxt40i6q7v9x3r","previousEventId":"adj3v8mkxg6yp8r","operationId":"z8m83prmy5p8dr0","previousOperationId":"qo27hgdgn00yk8z"}
{"type":"operationStart","subtype":"script","name":"scripts AveragePunctuation-script","previousOperationId":"z8m83prmy5p8dr0","timestamp":1705155878617,"id":"nzjihnrlipk7bzy","previousEventId":"blxt40i6q7v9x3r","operationId":"2xs5glh0r4cn0b3"}
{"type":"operationEnd","operationId":"2xs5glh0r4cn0b3","timestamp":1705155878630,"id":"rgxs2a0rdnexku5","previousEventId":"adj3v8mkxg6yp8r","previousOperationId":"qo27hgdgn00yk8z"}
{"type":"operationEnd","operationId":"z8m83prmy5p8dr0","timestamp":1705155878630,"id":"tz7xk4b0injftfs","previousEventId":"rgxs2a0rdnexku5","previousOperationId":"qo27hgdgn00yk8z"}
{"type":"log","timestamp":1705155878630,"level":"debug","message":"Base url not specified, skipping its injection.","meta":{"rootId":"4rc7axjet3wvk27","id":"4rc7axjet3wvk27"},"id":"tgcifacdi2kbyng","previousOperationId":"z8m83prmy5p8dr0"}
{"type":"operationStart","subtype":"engine","name":"handlebars","timestamp":1705155878630,"id":"xtmsh5x8zr3cnxx","previousEventId":"tz7xk4b0injftfs","operationId":"knmc4vdvu7gw8za","previousOperationId":"z8m83prmy5p8dr0"}
{"type":"log","timestamp":1705155878630,"level":"debug","message":"Rendering engine handlebars","meta":{"rootId":"4rc7axjet3wvk27","id":"4rc7axjet3wvk27"},"id":"k1scdqkid1w20jm","previousOperationId":"knmc4vdvu7gw8za"}
{"type":"operationEnd","operationId":"knmc4vdvu7gw8za","timestamp":1705155878641,"id":"dflfjglh4y99nsu","previousEventId":"xtmsh5x8zr3cnxx","previousOperationId":"knmc4vdvu7gw8za"}
{"type":"operationStart","subtype":"recipe","name":"chrome-pdf","timestamp":1705155878641,"id":"89kc57axzeo41tv","previousEventId":"dflfjglh4y99nsu","operationId":"vzqlqnr8og0nsa9","previousOperationId":"knmc4vdvu7gw8za"}
{"type":"log","timestamp":1705155878641,"level":"debug","message":"Executing recipe chrome-pdf","meta":{"rootId":"4rc7axjet3wvk27","id":"4rc7axjet3wvk27"},"id":"5in3qgj4vkniajm","previousOperationId":"vzqlqnr8og0nsa9"}
{"type":"log","timestamp":1705155878643,"level":"debug","message":"Converting with chrome HeadlessChrome/117.0.5938.149 using chrome-pool strategy","meta":{"rootId":"4rc7axjet3wvk27","id":"4rc7axjet3wvk27"},"id":"9crom3be86y76mu","previousOperationId":"vzqlqnr8og0nsa9"}
{"type":"log","timestamp":1705155878726,"level":"debug","message":"Page request: GET (document) file:///C:/Users/Javier/AppData/Local/Temp/jsreport/autocleanup/ce53f4bf-8d7c-4f68-a5da-7bc1f74124d6-chrome-pdf.html","meta":{"rootId":"4rc7axjet3wvk27","id":"4rc7axjet3wvk27"},"id":"fhoxxcvy4xo8zru","previousOperationId":"vzqlqnr8og0nsa9"}
{"type":"log","timestamp":1705155878770,"level":"debug","message":"Page request: GET (stylesheet) https://cdnjs.cloudflare.com/ajax/libs/metro/4.1.5/css/metro.min.css","meta":{"rootId":"4rc7axjet3wvk27","id":"4rc7axjet3wvk27"},"id":"ygtifg6px3839jf","previousOperationId":"vzqlqnr8og0nsa9"}
{"type":"log","timestamp":1705155878770,"level":"debug","message":"Page request: GET (script) https://cdnjs.cloudflare.com/ajax/libs/Chart.js/2.7.2/Chart.min.js","meta":{"rootId":"4rc7axjet3wvk27","id":"4rc7axjet3wvk27"},"id":"6jz9nwni5ssm1ow","previousOperationId":"vzqlqnr8og0nsa9"}
{"type":"log","timestamp":1705155878770,"level":"debug","message":"Page request finished: GET (document) 200 file:///C:/Users/Javier/AppData/Local/Temp/jsreport/autocleanup/ce53f4bf-8d7c-4f68-a5da-7bc1f74124d6-chrome-pdf.html","meta":{"rootId":"4rc7axjet3wvk27","id":"4rc7axjet3wvk27"},"id":"7z7w7xngikxh1jd","previousOperationId":"vzqlqnr8og0nsa9"}
{"type":"log","timestamp":1705155878776,"level":"debug","message":"Page request finished: GET (script) 200 https://cdnjs.cloudflare.com/ajax/libs/Chart.js/2.7.2/Chart.min.js","meta":{"rootId":"4rc7axjet3wvk27","id":"4rc7axjet3wvk27"},"id":"b1pjqexgrrv8sea","previousOperationId":"vzqlqnr8og0nsa9"}
{"type":"log","timestamp":1705155878786,"level":"debug","message":"Page request finished: GET (stylesheet) 200 https://cdnjs.cloudflare.com/ajax/libs/metro/4.1.5/css/metro.min.css","meta":{"rootId":"4rc7axjet3wvk27","id":"4rc7axjet3wvk27"},"id":"xhbfqxf3r679gn4","previousOperationId":"vzqlqnr8og0nsa9"}
{"type":"log","timestamp":1705155878866,"level":"debug","message":"Running chrome with params {\"printBackground\":true,\"timeout\":59953,\"margin\":{}}","meta":{"rootId":"4rc7axjet3wvk27","id":"4rc7axjet3wvk27"},"id":"ly7ufj8tizeiwuf","previousOperationId":"vzqlqnr8og0nsa9"}
{"type":"operationEnd","operationId":"vzqlqnr8og0nsa9","timestamp":1705155878979,"id":"luzjo1cy8e9u5ub","previousEventId":"89kc57axzeo41tv","previousOperationId":"vzqlqnr8og0nsa9"}
{"type":"log","timestamp":1705155878979,"level":"debug","message":"Skipping storing report.","meta":{"rootId":"4rc7axjet3wvk27","id":"4rc7axjet3wvk27"},"id":"z86b08zzg7q0g91","previousOperationId":"vzqlqnr8og0nsa9"}
{"type":"log","timestamp":1705155878979,"level":"info","message":"Rendering request 25 finished in 384 ms","meta":{"rootId":"4rc7axjet3wvk27","id":"4rc7axjet3wvk27"},"id":"ny64my998pu1onl","previousOperationId":"vzqlqnr8og0nsa9"}
{"type":"operationEnd","subtype":"render","operationId":"qo27hgdgn00yk8z","timestamp":1705155878979,"id":"414kxwzvyyi5axm","previousEventId":"luzjo1cy8e9u5ub","previousOperationId":"vzqlqnr8og0nsa9"}
{"type":"operationEnd","doDiffs":false,"previousEventId":"rpmnuvroec3sgw8","previousOperationId":"vsasmat5vcreavq","operationId":"vsasmat5vcreavq","timestamp":1705155878981,"id":"80n1jo7s90ly1hm"}
