{"type":"operationStart","subtype":"profile","data":{"_id":"UtH3htHfgQN9d0bD","timestamp":"2024-01-13T19:24:49.445Z","state":"queued","mode":"standard","creationDate":"2024-01-13T19:24:49.447Z","modificationDate":"2024-01-13T19:24:49.447Z","shortid":"RZDDLnN","$entitySet":"profiles"},"doDiffs":false,"timestamp":1705173889446,"id":"6v7yuflt23bjrvg","previousOperationId":null,"operationId":"ju620chcqal1hhg"}
{"type":"log","level":"info","message":"Render request 15 queued for execution and waiting for available worker","previousOperationId":"ju620chcqal1hhg","timestamp":1705173889446,"id":"mn1tyroce2v7bre"}
{"type":"operationStart","subtype":"render","name":"AveragePunctuation","previousOperationId":"ju620chcqal1hhg","timestamp":1705173889454,"id":"tzo660rmz1vj81t","previousEventId":"6v7yuflt23bjrvg","operationId":"6vth68fkjgsr7cf"}
{"type":"log","timestamp":1705173889454,"level":"info","message":"Starting rendering request 15","meta":{"rootId":"5ackpqafnluhqea","id":"5ackpqafnluhqea"},"id":"u3wpg1u2mar3rzq","previousOperationId":"6vth68fkjgsr7cf"}
{"type":"log","timestamp":1705173889454,"level":"info","message":"Rendering template { name: AveragePunctuation, recipe: chrome-pdf, engine: handlebars, preview: false }","meta":{"rootId":"5ackpqafnluhqea","id":"5ackpqafnluhqea"},"id":"fg0450kbsd4kj9i","previousOperationId":"6vth68fkjgsr7cf"}
{"type":"log","timestamp":1705173889456,"level":"debug","message":"Inline data specified.","meta":{"rootId":"5ackpqafnluhqea","id":"5ackpqafnluhqea"},"id":"q95tpt4hmsdzl6t","previousOperationId":"6vth68fkjgsr7cf"}
{"type":"log","timestamp":1705173889459,"level":"debug","message":"Executing script AveragePunctuation-script (beforeRender)","meta":{"rootId":"5ackpqafnluhqea","id":"5ackpqafnluhqea"},"id":"56w8g15o2qgqdt5","previousOperationId":"6vth68fkjgsr7cf"}
{"type":"operationStart","subtype":"scriptsBeforeRender","name":"scripts beforeRender","timestamp":1705173889476,"id":"uq1w38gzgqwl4kz","previousEventId":"tzo660rmz1vj81t","operationId":"rwhsbzvngnyo2ep","previousOperationId":"6vth68fkjgsr7cf"}
{"type":"operationStart","subtype":"script","name":"scripts AveragePunctuation-script","previousOperationId":"rwhsbzvngnyo2ep","timestamp":1705173889476,"id":"hunpbf59yl3jcej","previousEventId":"uq1w38gzgqwl4kz","operationId":"yghhhwmkd3s2nf8"}
{"type":"operationEnd","operationId":"yghhhwmkd3s2nf8","timestamp":1705173889496,"id":"whi0rq4llstk8w4","previousEventId":"tzo660rmz1vj81t","previousOperationId":"6vth68fkjgsr7cf"}
{"type":"operationEnd","operationId":"rwhsbzvngnyo2ep","timestamp":1705173889496,"id":"haka4fl3o74s4ap","previousEventId":"whi0rq4llstk8w4","previousOperationId":"6vth68fkjgsr7cf"}
{"type":"log","timestamp":1705173889496,"level":"debug","message":"Base url not specified, skipping its injection.","meta":{"rootId":"5ackpqafnluhqea","id":"5ackpqafnluhqea"},"id":"od29ocmgbkq0xzm","previousOperationId":"rwhsbzvngnyo2ep"}
{"type":"operationStart","subtype":"engine","name":"handlebars","timestamp":1705173889496,"id":"ew7wujuuif0rlwq","previousEventId":"haka4fl3o74s4ap","operationId":"v2zqwdiwhslxstv","previousOperationId":"rwhsbzvngnyo2ep"}
{"type":"log","timestamp":1705173889496,"level":"debug","message":"Rendering engine handlebars","meta":{"rootId":"5ackpqafnluhqea","id":"5ackpqafnluhqea"},"id":"p8z0pa7clwy4ydz","previousOperationId":"v2zqwdiwhslxstv"}
{"type":"operationEnd","operationId":"v2zqwdiwhslxstv","timestamp":1705173889519,"id":"bssfbx94view3i1","previousEventId":"ew7wujuuif0rlwq","previousOperationId":"v2zqwdiwhslxstv"}
{"type":"operationStart","subtype":"recipe","name":"chrome-pdf","timestamp":1705173889519,"id":"7h7glsewlnwah6u","previousEventId":"bssfbx94view3i1","operationId":"l51d27ybl6904wa","previousOperationId":"v2zqwdiwhslxstv"}
{"type":"log","timestamp":1705173889519,"level":"debug","message":"Executing recipe chrome-pdf","meta":{"rootId":"5ackpqafnluhqea","id":"5ackpqafnluhqea"},"id":"jcy7k1adsexnc3m","previousOperationId":"l51d27ybl6904wa"}
{"type":"log","timestamp":1705173889522,"level":"debug","message":"Converting with chrome HeadlessChrome/117.0.5938.149 using chrome-pool strategy","meta":{"rootId":"5ackpqafnluhqea","id":"5ackpqafnluhqea"},"id":"1q0dtqwgs6smm8j","previousOperationId":"l51d27ybl6904wa"}
{"type":"log","timestamp":1705173889664,"level":"debug","message":"Page request: GET (document) file:///C:/Users/Javier/AppData/Local/Temp/jsreport/autocleanup/9a2263d4-78eb-4664-ab8b-c9d03330e0b4-chrome-pdf.html","meta":{"rootId":"5ackpqafnluhqea","id":"5ackpqafnluhqea"},"id":"u7y35dk51yul6ff","previousOperationId":"l51d27ybl6904wa"}
{"type":"log","timestamp":1705173889740,"level":"debug","message":"Page request: GET (stylesheet) https://cdnjs.cloudflare.com/ajax/libs/metro/4.1.5/css/metro.min.css","meta":{"rootId":"5ackpqafnluhqea","id":"5ackpqafnluhqea"},"id":"ms1sfcvoa8jz80e","previousOperationId":"l51d27ybl6904wa"}
{"type":"log","timestamp":1705173889741,"level":"debug","message":"Page request: GET (script) https://cdnjs.cloudflare.com/ajax/libs/Chart.js/2.7.2/Chart.min.js","meta":{"rootId":"5ackpqafnluhqea","id":"5ackpqafnluhqea"},"id":"8rqj8djj9ony3p6","previousOperationId":"l51d27ybl6904wa"}
{"type":"log","timestamp":1705173889744,"level":"debug","message":"Page request finished: GET (document) 200 file:///C:/Users/Javier/AppData/Local/Temp/jsreport/autocleanup/9a2263d4-78eb-4664-ab8b-c9d03330e0b4-chrome-pdf.html","meta":{"rootId":"5ackpqafnluhqea","id":"5ackpqafnluhqea"},"id":"lon90iyzzh7w2xl","previousOperationId":"l51d27ybl6904wa"}
{"type":"log","timestamp":1705173889768,"level":"debug","message":"Page request finished: GET (stylesheet) 200 https://cdnjs.cloudflare.com/ajax/libs/metro/4.1.5/css/metro.min.css","meta":{"rootId":"5ackpqafnluhqea","id":"5ackpqafnluhqea"},"id":"e4cucxc48vgdeou","previousOperationId":"l51d27ybl6904wa"}
{"type":"log","timestamp":1705173889769,"level":"debug","message":"Page request finished: GET (script) 200 https://cdnjs.cloudflare.com/ajax/libs/Chart.js/2.7.2/Chart.min.js","meta":{"rootId":"5ackpqafnluhqea","id":"5ackpqafnluhqea"},"id":"34y2hksi348pnvd","previousOperationId":"l51d27ybl6904wa"}
{"type":"log","timestamp":1705173889837,"level":"debug","message":"Running chrome with params {\"printBackground\":true,\"timeout\":59925,\"margin\":{}}","meta":{"rootId":"5ackpqafnluhqea","id":"5ackpqafnluhqea"},"id":"31z0mwmyvqjk75m","previousOperationId":"l51d27ybl6904wa"}
{"type":"operationEnd","operationId":"l51d27ybl6904wa","timestamp":1705173889934,"id":"0wj6ovbcwfoe5fb","previousEventId":"7h7glsewlnwah6u","previousOperationId":"l51d27ybl6904wa"}
{"type":"log","timestamp":1705173889934,"level":"debug","message":"Skipping storing report.","meta":{"rootId":"5ackpqafnluhqea","id":"5ackpqafnluhqea"},"id":"r6brp8qhiqgiou2","previousOperationId":"l51d27ybl6904wa"}
{"type":"log","timestamp":1705173889934,"level":"info","message":"Rendering request 15 finished in 489 ms","meta":{"rootId":"5ackpqafnluhqea","id":"5ackpqafnluhqea"},"id":"quglz3aouq0a81g","previousOperationId":"l51d27ybl6904wa"}
{"type":"operationEnd","subtype":"render","operationId":"6vth68fkjgsr7cf","timestamp":1705173889934,"id":"7fq8ter5rbejtcd","previousEventId":"0wj6ovbcwfoe5fb","previousOperationId":"l51d27ybl6904wa"}
{"type":"operationEnd","doDiffs":false,"previousEventId":"6v7yuflt23bjrvg","previousOperationId":"ju620chcqal1hhg","operationId":"ju620chcqal1hhg","timestamp":1705173889935,"id":"jyq6176zdk0pukm"}
