{"type":"operationStart","subtype":"profile","data":{"_id":"PTN2hzESP2DKFfqM","timestamp":"2024-01-13T23:15:24.521Z","state":"queued","mode":"standard","creationDate":"2024-01-13T23:15:24.523Z","modificationDate":"2024-01-13T23:15:24.523Z","shortid":"Xn5rugt","$entitySet":"profiles"},"doDiffs":false,"timestamp":1705187724522,"id":"5hvrj5k7uku2vfv","previousOperationId":null,"operationId":"3gupm9xq9oujwct"}
{"type":"log","level":"info","message":"Render request 4 queued for execution and waiting for available worker","previousOperationId":"3gupm9xq9oujwct","timestamp":1705187724523,"id":"6x6ds24gfqzxr5r"}
{"type":"operationStart","subtype":"render","name":"AveragePunctuation","previousOperationId":"3gupm9xq9oujwct","timestamp":1705187724528,"id":"uza5avtj6lecz7c","previousEventId":"5hvrj5k7uku2vfv","operationId":"3j60yu1l8yanlpv"}
{"type":"log","timestamp":1705187724528,"level":"info","message":"Starting rendering request 4","meta":{"rootId":"5h3rmdmztvx1jb4","id":"5h3rmdmztvx1jb4"},"id":"tpp83h3emzqzu9s","previousOperationId":"3j60yu1l8yanlpv"}
{"type":"log","timestamp":1705187724529,"level":"info","message":"Rendering template { name: AveragePunctuation, recipe: chrome-pdf, engine: handlebars, preview: false }","meta":{"rootId":"5h3rmdmztvx1jb4","id":"5h3rmdmztvx1jb4"},"id":"3mlvltiki3lh930","previousOperationId":"3j60yu1l8yanlpv"}
{"type":"log","timestamp":1705187724530,"level":"debug","message":"Inline data specified.","meta":{"rootId":"5h3rmdmztvx1jb4","id":"5h3rmdmztvx1jb4"},"id":"2yaa6lnl3j4f5k1","previousOperationId":"3j60yu1l8yanlpv"}
{"type":"log","timestamp":1705187724533,"level":"debug","message":"Executing script AveragePunctuation-script (beforeRender)","meta":{"rootId":"5h3rmdmztvx1jb4","id":"5h3rmdmztvx1jb4"},"id":"a541l5cnupvbmae","previousOperationId":"3j60yu1l8yanlpv"}
{"type":"operationStart","subtype":"scriptsBeforeRender","name":"scripts beforeRender","timestamp":1705187724569,"id":"6rr2e5lz6k02d6k","previousEventId":"uza5avtj6lecz7c","operationId":"bkwrisotlz76j8g","previousOperationId":"3j60yu1l8yanlpv"}
{"type":"operationStart","subtype":"script","name":"scripts AveragePunctuation-script","previousOperationId":"bkwrisotlz76j8g","timestamp":1705187724569,"id":"448u7mph1l5wk5l","previousEventId":"6rr2e5lz6k02d6k","operationId":"4mldl0rdl7eoyov"}
{"type":"operationEnd","operationId":"4mldl0rdl7eoyov","timestamp":1705187724594,"id":"9hxgcwqgvw5yd2n","previousEventId":"uza5avtj6lecz7c","previousOperationId":"3j60yu1l8yanlpv"}
{"type":"operationEnd","operationId":"bkwrisotlz76j8g","timestamp":1705187724594,"id":"wu55m7b3dib9uq6","previousEventId":"9hxgcwqgvw5yd2n","previousOperationId":"3j60yu1l8yanlpv"}
{"type":"log","timestamp":1705187724594,"level":"debug","message":"Base url not specified, skipping its injection.","meta":{"rootId":"5h3rmdmztvx1jb4","id":"5h3rmdmztvx1jb4"},"id":"3cyqlg3smm7uwj6","previousOperationId":"bkwrisotlz76j8g"}
{"type":"operationStart","subtype":"engine","name":"handlebars","timestamp":1705187724594,"id":"nsgphtdbvomik8m","previousEventId":"wu55m7b3dib9uq6","operationId":"99qwvpqni09w59t","previousOperationId":"bkwrisotlz76j8g"}
{"type":"log","timestamp":1705187724594,"level":"debug","message":"Rendering engine handlebars","meta":{"rootId":"5h3rmdmztvx1jb4","id":"5h3rmdmztvx1jb4"},"id":"p9w90hkl6j3y7dv","previousOperationId":"99qwvpqni09w59t"}
{"type":"operationEnd","operationId":"99qwvpqni09w59t","timestamp":1705187724605,"id":"02z7qwrwldbkjg7","previousEventId":"nsgphtdbvomik8m","previousOperationId":"99qwvpqni09w59t"}
{"type":"operationStart","subtype":"recipe","name":"chrome-pdf","timestamp":1705187724605,"id":"9kzvk998sa2i2hb","previousEventId":"02z7qwrwldbkjg7","operationId":"1squ1wbpgijwskp","previousOperationId":"99qwvpqni09w59t"}
{"type":"log","timestamp":1705187724605,"level":"debug","message":"Executing recipe chrome-pdf","meta":{"rootId":"5h3rmdmztvx1jb4","id":"5h3rmdmztvx1jb4"},"id":"2b169qre1x3ippm","previousOperationId":"1squ1wbpgijwskp"}
{"type":"log","timestamp":1705187724608,"level":"debug","message":"Converting with chrome HeadlessChrome/117.0.5938.149 using chrome-pool strategy","meta":{"rootId":"5h3rmdmztvx1jb4","id":"5h3rmdmztvx1jb4"},"id":"9trz8p664fg1b6w","previousOperationId":"1squ1wbpgijwskp"}
{"type":"log","timestamp":1705187724698,"level":"debug","message":"Page request: GET (document) file:///C:/Users/Javier/AppData/Local/Temp/jsreport/autocleanup/28f1636d-eee3-418b-8f5f-9c8a4dc6f3ce-chrome-pdf.html","meta":{"rootId":"5h3rmdmztvx1jb4","id":"5h3rmdmztvx1jb4"},"id":"3wljlba3eoaoz9i","previousOperationId":"1squ1wbpgijwskp"}
{"type":"log","timestamp":1705187724741,"level":"debug","message":"Page request: GET (stylesheet) https://cdnjs.cloudflare.com/ajax/libs/metro/4.1.5/css/metro.min.css","meta":{"rootId":"5h3rmdmztvx1jb4","id":"5h3rmdmztvx1jb4"},"id":"zq489kr88mgt6e1","previousOperationId":"1squ1wbpgijwskp"}
{"type":"log","timestamp":1705187724741,"level":"debug","message":"Page request: GET (script) https://cdnjs.cloudflare.com/ajax/libs/Chart.js/2.7.2/Chart.min.js","meta":{"rootId":"5h3rmdmztvx1jb4","id":"5h3rmdmztvx1jb4"},"id":"qjzhb2hol1eroyz","previousOperationId":"1squ1wbpgijwskp"}
{"type":"log","timestamp":1705187724741,"level":"debug","message":"Page request finished: GET (document) 200 file:///C:/Users/Javier/AppData/Local/Temp/jsreport/autocleanup/28f1636d-eee3-418b-8f5f-9c8a4dc6f3ce-chrome-pdf.html","meta":{"rootId":"5h3rmdmztvx1jb4","id":"5h3rmdmztvx1jb4"},"id":"x0d364xl61ie0oc","previousOperationId":"1squ1wbpgijwskp"}
{"type":"log","timestamp":1705187724756,"level":"debug","message":"Page request finished: GET (stylesheet) 200 https://cdnjs.cloudflare.com/ajax/libs/metro/4.1.5/css/metro.min.css","meta":{"rootId":"5h3rmdmztvx1jb4","id":"5h3rmdmztvx1jb4"},"id":"122x98nfldlimv4","previousOperationId":"1squ1wbpgijwskp"}
{"type":"log","timestamp":1705187724757,"level":"debug","message":"Page request finished: GET (script) 200 https://cdnjs.cloudflare.com/ajax/libs/Chart.js/2.7.2/Chart.min.js","meta":{"rootId":"5h3rmdmztvx1jb4","id":"5h3rmdmztvx1jb4"},"id":"tqmloj43erlcuew","previousOperationId":"1squ1wbpgijwskp"}
{"type":"log","timestamp":1705187724836,"level":"debug","message":"Running chrome with params {\"printBackground\":true,\"timeout\":59915,\"margin\":{}}","meta":{"rootId":"5h3rmdmztvx1jb4","id":"5h3rmdmztvx1jb4"},"id":"pb3vg0uxxa140ea","previousOperationId":"1squ1wbpgijwskp"}
{"type":"operationEnd","operationId":"1squ1wbpgijwskp","timestamp":1705187724942,"id":"jszq6dgh3mcchvg","previousEventId":"9kzvk998sa2i2hb","previousOperationId":"1squ1wbpgijwskp"}
{"type":"log","timestamp":1705187724942,"level":"debug","message":"Skipping storing report.","meta":{"rootId":"5h3rmdmztvx1jb4","id":"5h3rmdmztvx1jb4"},"id":"kn9dy7uy8rpzqyr","previousOperationId":"1squ1wbpgijwskp"}
{"type":"log","timestamp":1705187724942,"level":"info","message":"Rendering request 4 finished in 421 ms","meta":{"rootId":"5h3rmdmztvx1jb4","id":"5h3rmdmztvx1jb4"},"id":"4ike4rg1nzm41we","previousOperationId":"1squ1wbpgijwskp"}
{"type":"operationEnd","subtype":"render","operationId":"3j60yu1l8yanlpv","timestamp":1705187724942,"id":"zhg490qxyf56pnr","previousEventId":"jszq6dgh3mcchvg","previousOperationId":"1squ1wbpgijwskp"}
{"type":"operationEnd","doDiffs":false,"previousEventId":"5hvrj5k7uku2vfv","previousOperationId":"3gupm9xq9oujwct","operationId":"3gupm9xq9oujwct","timestamp":1705187724944,"id":"x9nr731dq7kn31l"}
