{"type":"operationStart","subtype":"profile","data":{"_id":"T8OCo4Hj1gVTEu2k","timestamp":"2024-01-11T19:19:41.640Z","state":"queued","mode":"standard","creationDate":"2024-01-11T19:19:41.641Z","modificationDate":"2024-01-11T19:19:41.641Z","shortid":"4odCvUa","$entitySet":"profiles"},"doDiffs":false,"timestamp":1705000781640,"id":"rm1ukdvtmeuheiz","previousOperationId":null,"operationId":"7f2gt8l5pbd4h2n"}
{"type":"log","level":"info","message":"Render request 5 queued for execution and waiting for available worker","previousOperationId":"7f2gt8l5pbd4h2n","timestamp":1705000781640,"id":"256enuuu64p3doa"}
{"type":"operationStart","subtype":"render","name":"AveragePunctuation","previousOperationId":"7f2gt8l5pbd4h2n","timestamp":1705000825732,"id":"nfzhl8ajbh4lwgo","previousEventId":"rm1ukdvtmeuheiz","operationId":"6jvfjlircwil52b"}
{"type":"log","timestamp":1705000825732,"level":"info","message":"Starting rendering request 5","meta":{"rootId":"5jay88p29x4jy0g","id":"5jay88p29x4jy0g"},"id":"1nmt0kxdifqm9ah","previousOperationId":"6jvfjlircwil52b"}
{"type":"log","timestamp":1705000825733,"level":"info","message":"Rendering template { name: AveragePunctuation, recipe: chrome-pdf, engine: handlebars, preview: false }","meta":{"rootId":"5jay88p29x4jy0g","id":"5jay88p29x4jy0g"},"id":"3dkjwxz37jw9cy8","previousOperationId":"6jvfjlircwil52b"}
{"type":"log","timestamp":1705000825734,"level":"debug","message":"Inline data specified.","meta":{"rootId":"5jay88p29x4jy0g","id":"5jay88p29x4jy0g"},"id":"6zgrgyn7f38uyoz","previousOperationId":"6jvfjlircwil52b"}
{"type":"log","timestamp":1705000825736,"level":"debug","message":"Executing script AveragePunctuation-script (beforeRender)","meta":{"rootId":"5jay88p29x4jy0g","id":"5jay88p29x4jy0g"},"id":"ym1pgqof4hkn377","previousOperationId":"6jvfjlircwil52b"}
{"type":"operationStart","subtype":"scriptsBeforeRender","name":"scripts beforeRender","timestamp":1705000826014,"id":"3r27h61kndsoat0","previousEventId":"nfzhl8ajbh4lwgo","operationId":"63e7mqpgjdd1pna","previousOperationId":"6jvfjlircwil52b"}
{"type":"operationStart","subtype":"script","name":"scripts AveragePunctuation-script","previousOperationId":"63e7mqpgjdd1pna","timestamp":1705000826014,"id":"dngcpxmaa981c36","previousEventId":"3r27h61kndsoat0","operationId":"cnletm7qa8qg13y"}
{"type":"operationEnd","operationId":"cnletm7qa8qg13y","timestamp":1705000826073,"id":"yp9hbozei25tgr8","previousEventId":"nfzhl8ajbh4lwgo","previousOperationId":"6jvfjlircwil52b"}
{"type":"operationEnd","operationId":"63e7mqpgjdd1pna","timestamp":1705000826073,"id":"l8d4371ls4plnqk","previousEventId":"yp9hbozei25tgr8","previousOperationId":"6jvfjlircwil52b"}
{"type":"log","timestamp":1705000826073,"level":"debug","message":"Base url not specified, skipping its injection.","meta":{"rootId":"5jay88p29x4jy0g","id":"5jay88p29x4jy0g"},"id":"bwx62psnqugdyoh","previousOperationId":"63e7mqpgjdd1pna"}
{"type":"operationStart","subtype":"engine","name":"handlebars","timestamp":1705000826074,"id":"t6r4ve3fuq65y98","previousEventId":"l8d4371ls4plnqk","operationId":"cnyeyswieu7kv20","previousOperationId":"63e7mqpgjdd1pna"}
{"type":"log","timestamp":1705000826074,"level":"debug","message":"Rendering engine handlebars","meta":{"rootId":"5jay88p29x4jy0g","id":"5jay88p29x4jy0g"},"id":"remh4jtpf5vkkze","previousOperationId":"cnyeyswieu7kv20"}
{"type":"operationEnd","operationId":"cnyeyswieu7kv20","timestamp":1705000826376,"id":"uamqtqsme9j2x2s","previousEventId":"t6r4ve3fuq65y98","previousOperationId":"cnyeyswieu7kv20"}
{"type":"operationStart","subtype":"recipe","name":"chrome-pdf","timestamp":1705000826377,"id":"8ktrryt9i55yno2","previousEventId":"uamqtqsme9j2x2s","operationId":"yit518u3nvtbxc2","previousOperationId":"cnyeyswieu7kv20"}
{"type":"log","timestamp":1705000826377,"level":"debug","message":"Executing recipe chrome-pdf","meta":{"rootId":"5jay88p29x4jy0g","id":"5jay88p29x4jy0g"},"id":"iwandom6wo8r1n1","previousOperationId":"yit518u3nvtbxc2"}
{"type":"log","timestamp":1705000827969,"level":"debug","message":"Converting with chrome HeadlessChrome/117.0.5938.149 using chrome-pool strategy","meta":{"rootId":"5jay88p29x4jy0g","id":"5jay88p29x4jy0g"},"id":"xi2dre0ygaom8o6","previousOperationId":"yit518u3nvtbxc2"}
{"type":"log","timestamp":1705000829124,"level":"debug","message":"Page request: GET (document) file:///C:/Users/Javier/AppData/Local/Temp/jsreport/autocleanup/605da32e-46e6-43e1-8e2b-e045f148a572-chrome-pdf.html","meta":{"rootId":"5jay88p29x4jy0g","id":"5jay88p29x4jy0g"},"id":"y7sr3kmzzfbr9fr","previousOperationId":"yit518u3nvtbxc2"}
{"type":"log","timestamp":1705000829135,"level":"debug","message":"Page request finished: GET (document) 200 file:///C:/Users/Javier/AppData/Local/Temp/jsreport/autocleanup/605da32e-46e6-43e1-8e2b-e045f148a572-chrome-pdf.html","meta":{"rootId":"5jay88p29x4jy0g","id":"5jay88p29x4jy0g"},"id":"yd6fxqqhngrfjbe","previousOperationId":"yit518u3nvtbxc2"}
{"type":"log","timestamp":1705000829138,"level":"debug","message":"Running chrome with params {\"printBackground\":true,\"timeout\":14876,\"margin\":{}}","meta":{"rootId":"5jay88p29x4jy0g","id":"5jay88p29x4jy0g"},"id":"99gjdhp4hrz0vko","previousOperationId":"yit518u3nvtbxc2"}
{"type":"operationEnd","operationId":"yit518u3nvtbxc2","timestamp":1705000829150,"id":"6ogtstvtknfqbdv","previousEventId":"8ktrryt9i55yno2","previousOperationId":"yit518u3nvtbxc2"}
{"type":"log","timestamp":1705000829151,"level":"debug","message":"Skipping storing report.","meta":{"rootId":"5jay88p29x4jy0g","id":"5jay88p29x4jy0g"},"id":"u61d9riapx25lqh","previousOperationId":"yit518u3nvtbxc2"}
{"type":"log","timestamp":1705000829151,"level":"info","message":"Rendering request 5 finished in 47512 ms","meta":{"rootId":"5jay88p29x4jy0g","id":"5jay88p29x4jy0g"},"id":"al39fas7mtts3ye","previousOperationId":"yit518u3nvtbxc2"}
{"type":"operationEnd","subtype":"render","operationId":"6jvfjlircwil52b","timestamp":1705000829151,"id":"oichi0y602crfoq","previousEventId":"6ogtstvtknfqbdv","previousOperationId":"yit518u3nvtbxc2"}
{"type":"operationEnd","doDiffs":false,"previousEventId":"rm1ukdvtmeuheiz","previousOperationId":"7f2gt8l5pbd4h2n","operationId":"7f2gt8l5pbd4h2n","timestamp":1705000829155,"id":"di59lsu5gqt8i33"}
