{"type":"operationStart","subtype":"profile","data":{"_id":"d5VKSrM3x0jMVBQS","timestamp":"2024-01-13T14:25:17.416Z","state":"queued","mode":"standard","creationDate":"2024-01-13T14:25:17.417Z","modificationDate":"2024-01-13T14:25:17.417Z","shortid":"tpNFGrk","$entitySet":"profiles"},"doDiffs":false,"timestamp":1705155917417,"id":"9hzgh5n2muu15dw","previousOperationId":null,"operationId":"z3tvgyvihi8yjpn"}
{"type":"log","level":"info","message":"Render request 28 queued for execution and waiting for available worker","previousOperationId":"z3tvgyvihi8yjpn","timestamp":1705155917417,"id":"p5zde4kdm2dzqir"}
{"type":"operationStart","subtype":"render","name":"AveragePunctuation","previousOperationId":"z3tvgyvihi8yjpn","timestamp":1705155917424,"id":"wqesahf1p2799c3","previousEventId":"9hzgh5n2muu15dw","operationId":"aod4hj7ubfiiodq"}
{"type":"log","timestamp":1705155917424,"level":"info","message":"Starting rendering request 28","meta":{"rootId":"5mflr7o0s1qhfto","id":"5mflr7o0s1qhfto"},"id":"g6765vg8p7yib5w","previousOperationId":"aod4hj7ubfiiodq"}
{"type":"log","timestamp":1705155917424,"level":"info","message":"Rendering template { name: AveragePunctuation, recipe: chrome-pdf, engine: handlebars, preview: false }","meta":{"rootId":"5mflr7o0s1qhfto","id":"5mflr7o0s1qhfto"},"id":"b013ge35hec4yvl","previousOperationId":"aod4hj7ubfiiodq"}
{"type":"log","timestamp":1705155917425,"level":"debug","message":"Inline data specified.","meta":{"rootId":"5mflr7o0s1qhfto","id":"5mflr7o0s1qhfto"},"id":"btcl47ugzfj4zal","previousOperationId":"aod4hj7ubfiiodq"}
{"type":"log","timestamp":1705155917427,"level":"debug","message":"Executing script AveragePunctuation-script (beforeRender)","meta":{"rootId":"5mflr7o0s1qhfto","id":"5mflr7o0s1qhfto"},"id":"dzvf0cu65qnkifu","previousOperationId":"aod4hj7ubfiiodq"}
{"type":"operationStart","subtype":"scriptsBeforeRender","name":"scripts beforeRender","timestamp":1705155917445,"id":"azjkmwpk30sm1jw","previousEventId":"wqesahf1p2799c3","operationId":"cjcyc7dg3btkzpe","previousOperationId":"aod4hj7ubfiiodq"}
{"type":"operationStart","subtype":"script","name":"scripts AveragePunctuation-script","previousOperationId":"cjcyc7dg3btkzpe","timestamp":1705155917445,"id":"qs4cszid8bxgilw","previousEventId":"azjkmwpk30sm1jw","operationId":"hbeqmfgvrs3k29l"}
{"type":"operationEnd","operationId":"hbeqmfgvrs3k29l","timestamp":1705155917459,"id":"h5neqn9m6qn5azh","previousEventId":"wqesahf1p2799c3","previousOperationId":"aod4hj7ubfiiodq"}
{"type":"operationEnd","operationId":"cjcyc7dg3btkzpe","timestamp":1705155917459,"id":"8j6h444x8mbjvd8","previousEventId":"h5neqn9m6qn5azh","previousOperationId":"aod4hj7ubfiiodq"}
{"type":"log","timestamp":1705155917459,"level":"debug","message":"Base url not specified, skipping its injection.","meta":{"rootId":"5mflr7o0s1qhfto","id":"5mflr7o0s1qhfto"},"id":"oqnboi1xhdmxz0c","previousOperationId":"cjcyc7dg3btkzpe"}
{"type":"operationStart","subtype":"engine","name":"handlebars","timestamp":1705155917460,"id":"3db0brua07yw94t","previousEventId":"8j6h444x8mbjvd8","operationId":"ybk602ijudn2ten","previousOperationId":"cjcyc7dg3btkzpe"}
{"type":"log","timestamp":1705155917460,"level":"debug","message":"Rendering engine handlebars","meta":{"rootId":"5mflr7o0s1qhfto","id":"5mflr7o0s1qhfto"},"id":"pkmbp2p9u1tgjm7","previousOperationId":"ybk602ijudn2ten"}
{"type":"operationEnd","operationId":"ybk602ijudn2ten","timestamp":1705155917475,"id":"7flhgx2e2gv9zxe","previousEventId":"3db0brua07yw94t","previousOperationId":"ybk602ijudn2ten"}
{"type":"operationStart","subtype":"recipe","name":"chrome-pdf","timestamp":1705155917475,"id":"zxgqe3bqtm3gmf8","previousEventId":"7flhgx2e2gv9zxe","operationId":"0fptecvcajtsykj","previousOperationId":"ybk602ijudn2ten"}
{"type":"log","timestamp":1705155917475,"level":"debug","message":"Executing recipe chrome-pdf","meta":{"rootId":"5mflr7o0s1qhfto","id":"5mflr7o0s1qhfto"},"id":"bsjhm6sseld1uel","previousOperationId":"0fptecvcajtsykj"}
{"type":"log","timestamp":1705155917478,"level":"debug","message":"Converting with chrome HeadlessChrome/117.0.5938.149 using chrome-pool strategy","meta":{"rootId":"5mflr7o0s1qhfto","id":"5mflr7o0s1qhfto"},"id":"3kxv7hhmef5ww4e","previousOperationId":"0fptecvcajtsykj"}
{"type":"log","timestamp":1705155917569,"level":"debug","message":"Page request: GET (document) file:///C:/Users/Javier/AppData/Local/Temp/jsreport/autocleanup/e3ee5fb6-5585-42a1-afd0-aaf9d993e795-chrome-pdf.html","meta":{"rootId":"5mflr7o0s1qhfto","id":"5mflr7o0s1qhfto"},"id":"ep3z7o772j7xoqk","previousOperationId":"0fptecvcajtsykj"}
{"type":"log","timestamp":1705155917612,"level":"debug","message":"Page request: GET (stylesheet) https://cdnjs.cloudflare.com/ajax/libs/metro/4.1.5/css/metro.min.css","meta":{"rootId":"5mflr7o0s1qhfto","id":"5mflr7o0s1qhfto"},"id":"ea7phymt77p4p26","previousOperationId":"0fptecvcajtsykj"}
{"type":"log","timestamp":1705155917613,"level":"debug","message":"Page request: GET (script) https://cdnjs.cloudflare.com/ajax/libs/Chart.js/2.7.2/Chart.min.js","meta":{"rootId":"5mflr7o0s1qhfto","id":"5mflr7o0s1qhfto"},"id":"e2q9ge5wuiygzji","previousOperationId":"0fptecvcajtsykj"}
{"type":"log","timestamp":1705155917613,"level":"debug","message":"Page request finished: GET (document) 200 file:///C:/Users/Javier/AppData/Local/Temp/jsreport/autocleanup/e3ee5fb6-5585-42a1-afd0-aaf9d993e795-chrome-pdf.html","meta":{"rootId":"5mflr7o0s1qhfto","id":"5mflr7o0s1qhfto"},"id":"p2ngl5yz9l5xc59","previousOperationId":"0fptecvcajtsykj"}
{"type":"log","timestamp":1705155917627,"level":"debug","message":"Page request finished: GET (stylesheet) 200 https://cdnjs.cloudflare.com/ajax/libs/metro/4.1.5/css/metro.min.css","meta":{"rootId":"5mflr7o0s1qhfto","id":"5mflr7o0s1qhfto"},"id":"jqluny757avlg4k","previousOperationId":"0fptecvcajtsykj"}
{"type":"log","timestamp":1705155917627,"level":"debug","message":"Page request finished: GET (script) 200 https://cdnjs.cloudflare.com/ajax/libs/Chart.js/2.7.2/Chart.min.js","meta":{"rootId":"5mflr7o0s1qhfto","id":"5mflr7o0s1qhfto"},"id":"94payo2xsej3grb","previousOperationId":"0fptecvcajtsykj"}
{"type":"log","timestamp":1705155917688,"level":"debug","message":"Running chrome with params {\"printBackground\":true,\"timeout\":59939,\"margin\":{}}","meta":{"rootId":"5mflr7o0s1qhfto","id":"5mflr7o0s1qhfto"},"id":"r5xuu4ucpz85d5u","previousOperationId":"0fptecvcajtsykj"}
{"type":"operationEnd","operationId":"0fptecvcajtsykj","timestamp":1705155917794,"id":"kdwjg6q1kcdy0jo","previousEventId":"zxgqe3bqtm3gmf8","previousOperationId":"0fptecvcajtsykj"}
{"type":"log","timestamp":1705155917794,"level":"debug","message":"Skipping storing report.","meta":{"rootId":"5mflr7o0s1qhfto","id":"5mflr7o0s1qhfto"},"id":"d38s11xslr93z73","previousOperationId":"0fptecvcajtsykj"}
{"type":"log","timestamp":1705155917794,"level":"info","message":"Rendering request 28 finished in 378 ms","meta":{"rootId":"5mflr7o0s1qhfto","id":"5mflr7o0s1qhfto"},"id":"efbtq5nfh8vayu9","previousOperationId":"0fptecvcajtsykj"}
{"type":"operationEnd","subtype":"render","operationId":"aod4hj7ubfiiodq","timestamp":1705155917794,"id":"qal4g9bzmso9dzh","previousEventId":"kdwjg6q1kcdy0jo","previousOperationId":"0fptecvcajtsykj"}
{"type":"operationEnd","doDiffs":false,"previousEventId":"9hzgh5n2muu15dw","previousOperationId":"z3tvgyvihi8yjpn","operationId":"z3tvgyvihi8yjpn","timestamp":1705155917796,"id":"gi1c5ov53rp6nbe"}
