{"type":"operationStart","subtype":"profile","data":{"_id":"D0STK2eXYPxqXyQm","timestamp":"2024-01-13T14:29:11.381Z","state":"queued","mode":"standard","creationDate":"2024-01-13T14:29:11.382Z","modificationDate":"2024-01-13T14:29:11.382Z","shortid":"pKMiop_","$entitySet":"profiles"},"doDiffs":false,"timestamp":1705156151382,"id":"9npxbx0w4wqkfg7","previousOperationId":null,"operationId":"4b9s26odllarabe"}
{"type":"log","level":"info","message":"Render request 42 queued for execution and waiting for available worker","previousOperationId":"4b9s26odllarabe","timestamp":1705156151382,"id":"zrqronqo0wyy5ec"}
{"type":"operationStart","subtype":"render","name":"AveragePunctuation","previousOperationId":"4b9s26odllarabe","timestamp":1705156151386,"id":"ilyd1phsmfth94s","previousEventId":"9npxbx0w4wqkfg7","operationId":"30mqyqrefepdc7f"}
{"type":"log","timestamp":1705156151386,"level":"info","message":"Starting rendering request 42","meta":{"rootId":"5nei2rmu2lap7fe","id":"5nei2rmu2lap7fe"},"id":"8hr7x6qd0j1mbrm","previousOperationId":"30mqyqrefepdc7f"}
{"type":"log","timestamp":1705156151386,"level":"info","message":"Rendering template { name: AveragePunctuation, recipe: chrome-pdf, engine: handlebars, preview: false }","meta":{"rootId":"5nei2rmu2lap7fe","id":"5nei2rmu2lap7fe"},"id":"9quxebvfnyjicgp","previousOperationId":"30mqyqrefepdc7f"}
{"type":"log","timestamp":1705156151387,"level":"debug","message":"Inline data specified.","meta":{"rootId":"5nei2rmu2lap7fe","id":"5nei2rmu2lap7fe"},"id":"5vatek678y82a0s","previousOperationId":"30mqyqrefepdc7f"}
{"type":"log","timestamp":1705156151390,"level":"debug","message":"Executing script AveragePunctuation-script (beforeRender)","meta":{"rootId":"5nei2rmu2lap7fe","id":"5nei2rmu2lap7fe"},"id":"8igs3vp17zfkdif","previousOperationId":"30mqyqrefepdc7f"}
{"type":"operationStart","subtype":"scriptsBeforeRender","name":"scripts beforeRender","timestamp":1705156151405,"id":"gu91r45zzxpd2mi","previousEventId":"ilyd1phsmfth94s","operationId":"smrvkbq01a4zqrd","previousOperationId":"30mqyqrefepdc7f"}
{"type":"operationStart","subtype":"script","name":"scripts AveragePunctuation-script","previousOperationId":"smrvkbq01a4zqrd","timestamp":1705156151405,"id":"gyuu4pomt3tdsdx","previousEventId":"gu91r45zzxpd2mi","operationId":"06bswmosy97i0n5"}
{"type":"operationEnd","operationId":"06bswmosy97i0n5","timestamp":1705156151423,"id":"u946a81nff9do47","previousEventId":"ilyd1phsmfth94s","previousOperationId":"30mqyqrefepdc7f"}
{"type":"operationEnd","operationId":"smrvkbq01a4zqrd","timestamp":1705156151423,"id":"u8bkl7boqc3waja","previousEventId":"u946a81nff9do47","previousOperationId":"30mqyqrefepdc7f"}
{"type":"log","timestamp":1705156151423,"level":"debug","message":"Base url not specified, skipping its injection.","meta":{"rootId":"5nei2rmu2lap7fe","id":"5nei2rmu2lap7fe"},"id":"nrd5e6zsuyqjuo3","previousOperationId":"smrvkbq01a4zqrd"}
{"type":"operationStart","subtype":"engine","name":"handlebars","timestamp":1705156151423,"id":"icnkmw32uepui1n","previousEventId":"u8bkl7boqc3waja","operationId":"1qib4anuoug3y1n","previousOperationId":"smrvkbq01a4zqrd"}
{"type":"log","timestamp":1705156151423,"level":"debug","message":"Rendering engine handlebars","meta":{"rootId":"5nei2rmu2lap7fe","id":"5nei2rmu2lap7fe"},"id":"3tkhku2d70lt5qc","previousOperationId":"1qib4anuoug3y1n"}
{"type":"operationEnd","operationId":"1qib4anuoug3y1n","timestamp":1705156151433,"id":"u4sltmmn52cd1ny","previousEventId":"icnkmw32uepui1n","previousOperationId":"1qib4anuoug3y1n"}
{"type":"operationStart","subtype":"recipe","name":"chrome-pdf","timestamp":1705156151433,"id":"0w76seti5soawuc","previousEventId":"u4sltmmn52cd1ny","operationId":"0y7cq0ovtifly6t","previousOperationId":"1qib4anuoug3y1n"}
{"type":"log","timestamp":1705156151433,"level":"debug","message":"Executing recipe chrome-pdf","meta":{"rootId":"5nei2rmu2lap7fe","id":"5nei2rmu2lap7fe"},"id":"c3f476lo45uc01f","previousOperationId":"0y7cq0ovtifly6t"}
{"type":"log","timestamp":1705156151436,"level":"debug","message":"Converting with chrome HeadlessChrome/117.0.5938.149 using chrome-pool strategy","meta":{"rootId":"5nei2rmu2lap7fe","id":"5nei2rmu2lap7fe"},"id":"m8rtqinybou9ue7","previousOperationId":"0y7cq0ovtifly6t"}
{"type":"log","timestamp":1705156151503,"level":"debug","message":"Page request: GET (document) file:///C:/Users/Javier/AppData/Local/Temp/jsreport/autocleanup/9299a0c3-7478-4ebd-84af-bf6ca3abff47-chrome-pdf.html","meta":{"rootId":"5nei2rmu2lap7fe","id":"5nei2rmu2lap7fe"},"id":"w7eaw13sisoglvj","previousOperationId":"0y7cq0ovtifly6t"}
{"type":"log","timestamp":1705156151540,"level":"debug","message":"Page request: GET (stylesheet) https://cdnjs.cloudflare.com/ajax/libs/metro/4.1.5/css/metro.min.css","meta":{"rootId":"5nei2rmu2lap7fe","id":"5nei2rmu2lap7fe"},"id":"htsnqm8rm7wd9wk","previousOperationId":"0y7cq0ovtifly6t"}
{"type":"log","timestamp":1705156151541,"level":"debug","message":"Page request: GET (script) https://cdnjs.cloudflare.com/ajax/libs/Chart.js/2.7.2/Chart.min.js","meta":{"rootId":"5nei2rmu2lap7fe","id":"5nei2rmu2lap7fe"},"id":"ccvswt65fzhmduf","previousOperationId":"0y7cq0ovtifly6t"}
{"type":"log","timestamp":1705156151541,"level":"debug","message":"Page request finished: GET (document) 200 file:///C:/Users/Javier/AppData/Local/Temp/jsreport/autocleanup/9299a0c3-7478-4ebd-84af-bf6ca3abff47-chrome-pdf.html","meta":{"rootId":"5nei2rmu2lap7fe","id":"5nei2rmu2lap7fe"},"id":"09zxzqtmjs2uznf","previousOperationId":"0y7cq0ovtifly6t"}
{"type":"log","timestamp":1705156151545,"level":"debug","message":"Page request finished: GET (script) 200 https://cdnjs.cloudflare.com/ajax/libs/Chart.js/2.7.2/Chart.min.js","meta":{"rootId":"5nei2rmu2lap7fe","id":"5nei2rmu2lap7fe"},"id":"kalvqpuuluizwpq","previousOperationId":"0y7cq0ovtifly6t"}
{"type":"log","timestamp":1705156151555,"level":"debug","message":"Page request finished: GET (stylesheet) 200 https://cdnjs.cloudflare.com/ajax/libs/metro/4.1.5/css/metro.min.css","meta":{"rootId":"5nei2rmu2lap7fe","id":"5nei2rmu2lap7fe"},"id":"bkyxyyu9cs0zae4","previousOperationId":"0y7cq0ovtifly6t"}
{"type":"log","timestamp":1705156151610,"level":"debug","message":"Running chrome with params {\"printBackground\":true,\"timeout\":59946,\"margin\":{}}","meta":{"rootId":"5nei2rmu2lap7fe","id":"5nei2rmu2lap7fe"},"id":"o25r6rwros9h4cd","previousOperationId":"0y7cq0ovtifly6t"}
{"type":"operationEnd","operationId":"0y7cq0ovtifly6t","timestamp":1705156151701,"id":"mpvz7v21iwhgf18","previousEventId":"0w76seti5soawuc","previousOperationId":"0y7cq0ovtifly6t"}
{"type":"log","timestamp":1705156151702,"level":"debug","message":"Skipping storing report.","meta":{"rootId":"5nei2rmu2lap7fe","id":"5nei2rmu2lap7fe"},"id":"04xfmh06pue1vsa","previousOperationId":"0y7cq0ovtifly6t"}
{"type":"log","timestamp":1705156151702,"level":"info","message":"Rendering request 42 finished in 321 ms","meta":{"rootId":"5nei2rmu2lap7fe","id":"5nei2rmu2lap7fe"},"id":"2m7kxx3uus4eqrp","previousOperationId":"0y7cq0ovtifly6t"}
{"type":"operationEnd","subtype":"render","operationId":"30mqyqrefepdc7f","timestamp":1705156151702,"id":"jtbrrm2xba14kw6","previousEventId":"mpvz7v21iwhgf18","previousOperationId":"0y7cq0ovtifly6t"}
{"type":"operationEnd","doDiffs":false,"previousEventId":"9npxbx0w4wqkfg7","previousOperationId":"4b9s26odllarabe","operationId":"4b9s26odllarabe","timestamp":1705156151703,"id":"5s1jrr3v6kxq6nf"}
