{"type":"operationStart","subtype":"profile","data":{"_id":"X8GbY20vdFJ6VGNI","timestamp":"2024-01-11T19:38:18.486Z","state":"queued","mode":"standard","creationDate":"2024-01-11T19:38:18.487Z","modificationDate":"2024-01-11T19:38:18.487Z","shortid":"HnmG168","$entitySet":"profiles"},"doDiffs":false,"timestamp":1705001898486,"id":"4cmspujfq9hgpj2","previousOperationId":null,"operationId":"mw8eztkkpdrjl7t"}
{"type":"log","level":"info","message":"Render request 28 queued for execution and waiting for available worker","previousOperationId":"mw8eztkkpdrjl7t","timestamp":1705001898486,"id":"e0qaw22967vdy1a"}
{"type":"operationStart","subtype":"render","name":"AveragePunctuation","previousOperationId":"mw8eztkkpdrjl7t","timestamp":1705001898491,"id":"gmgw5v0nx02ye0a","previousEventId":"4cmspujfq9hgpj2","operationId":"hti3yhl8s4o8kgl"}
{"type":"log","timestamp":1705001898491,"level":"info","message":"Starting rendering request 28","meta":{"rootId":"5q30d4i9lxlq3bh","id":"5q30d4i9lxlq3bh"},"id":"tfa0jng0pktybpt","previousOperationId":"hti3yhl8s4o8kgl"}
{"type":"log","timestamp":1705001898491,"level":"info","message":"Rendering template { name: AveragePunctuation, recipe: chrome-pdf, engine: handlebars, preview: false }","meta":{"rootId":"5q30d4i9lxlq3bh","id":"5q30d4i9lxlq3bh"},"id":"1iklp1qhahl26vb","previousOperationId":"hti3yhl8s4o8kgl"}
{"type":"log","timestamp":1705001898492,"level":"debug","message":"Inline data specified.","meta":{"rootId":"5q30d4i9lxlq3bh","id":"5q30d4i9lxlq3bh"},"id":"3rh4dvyk83bn7wj","previousOperationId":"hti3yhl8s4o8kgl"}
{"type":"log","timestamp":1705001898494,"level":"debug","message":"Executing script AveragePunctuation-script (beforeRender)","meta":{"rootId":"5q30d4i9lxlq3bh","id":"5q30d4i9lxlq3bh"},"id":"xrjtz21cj2gbala","previousOperationId":"hti3yhl8s4o8kgl"}
{"type":"operationStart","subtype":"scriptsBeforeRender","name":"scripts beforeRender","timestamp":1705001898506,"id":"hhterm6wkb38slh","previousEventId":"gmgw5v0nx02ye0a","operationId":"ytwlxa2sawaqeq1","previousOperationId":"hti3yhl8s4o8kgl"}
{"type":"operationStart","subtype":"script","name":"scripts AveragePunctuation-script","previousOperationId":"ytwlxa2sawaqeq1","timestamp":1705001898506,"id":"3sivqo4nyoqcu04","previousEventId":"hhterm6wkb38slh","operationId":"15iysc0lt2b0tkr"}
{"type":"operationEnd","operationId":"15iysc0lt2b0tkr","timestamp":1705001898517,"id":"ulod8f26qco4eol","previousEventId":"gmgw5v0nx02ye0a","previousOperationId":"hti3yhl8s4o8kgl"}
{"type":"operationEnd","operationId":"ytwlxa2sawaqeq1","timestamp":1705001898517,"id":"bux7ryuagaawmnz","previousEventId":"ulod8f26qco4eol","previousOperationId":"hti3yhl8s4o8kgl"}
{"type":"log","timestamp":1705001898517,"level":"debug","message":"Base url not specified, skipping its injection.","meta":{"rootId":"5q30d4i9lxlq3bh","id":"5q30d4i9lxlq3bh"},"id":"b5bi9ei4tqs2l3q","previousOperationId":"ytwlxa2sawaqeq1"}
{"type":"operationStart","subtype":"engine","name":"handlebars","timestamp":1705001898517,"id":"5sv3hp2qpv94xcf","previousEventId":"bux7ryuagaawmnz","operationId":"dons1k6dv0cmuyl","previousOperationId":"ytwlxa2sawaqeq1"}
{"type":"log","timestamp":1705001898517,"level":"debug","message":"Rendering engine handlebars","meta":{"rootId":"5q30d4i9lxlq3bh","id":"5q30d4i9lxlq3bh"},"id":"3mf1geuccf3b8nc","previousOperationId":"dons1k6dv0cmuyl"}
{"type":"operationEnd","operationId":"dons1k6dv0cmuyl","timestamp":1705001898522,"id":"w21ac7y0rfmrqef","previousEventId":"5sv3hp2qpv94xcf","previousOperationId":"dons1k6dv0cmuyl"}
{"type":"operationStart","subtype":"recipe","name":"chrome-pdf","timestamp":1705001898522,"id":"3ksn7tdiact55ps","previousEventId":"w21ac7y0rfmrqef","operationId":"hn554uxpfpdr2ny","previousOperationId":"dons1k6dv0cmuyl"}
{"type":"log","timestamp":1705001898522,"level":"debug","message":"Executing recipe chrome-pdf","meta":{"rootId":"5q30d4i9lxlq3bh","id":"5q30d4i9lxlq3bh"},"id":"nkhhcri49ellsog","previousOperationId":"hn554uxpfpdr2ny"}
{"type":"log","timestamp":1705001898523,"level":"debug","message":"Converting with chrome HeadlessChrome/117.0.5938.149 using chrome-pool strategy","meta":{"rootId":"5q30d4i9lxlq3bh","id":"5q30d4i9lxlq3bh"},"id":"82n7yhz1utam2bo","previousOperationId":"hn554uxpfpdr2ny"}
{"type":"log","timestamp":1705001898601,"level":"debug","message":"Page request: GET (document) file:///C:/Users/Javier/AppData/Local/Temp/jsreport/autocleanup/dd89052c-ce35-4b2b-adf0-5d831050fa34-chrome-pdf.html","meta":{"rootId":"5q30d4i9lxlq3bh","id":"5q30d4i9lxlq3bh"},"id":"evwswqo076s9q51","previousOperationId":"hn554uxpfpdr2ny"}
{"type":"log","timestamp":1705001898613,"level":"debug","message":"Page request finished: GET (document) 200 file:///C:/Users/Javier/AppData/Local/Temp/jsreport/autocleanup/dd89052c-ce35-4b2b-adf0-5d831050fa34-chrome-pdf.html","meta":{"rootId":"5q30d4i9lxlq3bh","id":"5q30d4i9lxlq3bh"},"id":"72mu7cswnuq6wqc","previousOperationId":"hn554uxpfpdr2ny"}
{"type":"log","timestamp":1705001898617,"level":"debug","message":"Running chrome with params {\"printBackground\":true,\"timeout\":59963,\"margin\":{}}","meta":{"rootId":"5q30d4i9lxlq3bh","id":"5q30d4i9lxlq3bh"},"id":"de06k8mftx9iksw","previousOperationId":"hn554uxpfpdr2ny"}
{"type":"operationEnd","operationId":"hn554uxpfpdr2ny","timestamp":1705001898632,"id":"uvwt9hfz24ntb7t","previousEventId":"3ksn7tdiact55ps","previousOperationId":"hn554uxpfpdr2ny"}
{"type":"log","timestamp":1705001898632,"level":"debug","message":"Skipping storing report.","meta":{"rootId":"5q30d4i9lxlq3bh","id":"5q30d4i9lxlq3bh"},"id":"zw40ahjps2j2sjw","previousOperationId":"hn554uxpfpdr2ny"}
{"type":"log","timestamp":1705001898632,"level":"info","message":"Rendering request 28 finished in 146 ms","meta":{"rootId":"5q30d4i9lxlq3bh","id":"5q30d4i9lxlq3bh"},"id":"fbue7fyyydq4cwk","previousOperationId":"hn554uxpfpdr2ny"}
{"type":"operationEnd","subtype":"render","operationId":"hti3yhl8s4o8kgl","timestamp":1705001898632,"id":"hk5jfutz75fuu2j","previousEventId":"uvwt9hfz24ntb7t","previousOperationId":"hn554uxpfpdr2ny"}
{"type":"operationEnd","doDiffs":false,"previousEventId":"4cmspujfq9hgpj2","previousOperationId":"mw8eztkkpdrjl7t","operationId":"mw8eztkkpdrjl7t","timestamp":1705001898638,"id":"ipeajk6jcv7jaqn"}
