{"type":"operationStart","subtype":"profile","data":{"_id":"MQojQDkveLcv6giW","timestamp":"2024-01-13T22:26:32.452Z","state":"queued","mode":"standard","creationDate":"2024-01-13T22:26:32.453Z","modificationDate":"2024-01-13T22:26:32.453Z","shortid":"iCSWRJb","$entitySet":"profiles"},"doDiffs":false,"timestamp":1705184792453,"id":"o7kqnirmio507k7","previousOperationId":null,"operationId":"z2s8o3i2tjodnmo"}
{"type":"log","level":"info","message":"Render request 10 queued for execution and waiting for available worker","previousOperationId":"z2s8o3i2tjodnmo","timestamp":1705184792453,"id":"vg88gp48z58hp2h"}
{"type":"operationStart","subtype":"render","name":"AveragePunctuation","previousOperationId":"z2s8o3i2tjodnmo","timestamp":1705184792459,"id":"y5lx71g6g5lk9fg","previousEventId":"o7kqnirmio507k7","operationId":"ku0ets1icl6f6yh"}
{"type":"log","timestamp":1705184792459,"level":"info","message":"Starting rendering request 10","meta":{"rootId":"5qvlpcy0l1qt9po","id":"5qvlpcy0l1qt9po"},"id":"flamt1v7xqls07m","previousOperationId":"ku0ets1icl6f6yh"}
{"type":"log","timestamp":1705184792459,"level":"info","message":"Rendering template { name: AveragePunctuation, recipe: chrome-pdf, engine: handlebars, preview: false }","meta":{"rootId":"5qvlpcy0l1qt9po","id":"5qvlpcy0l1qt9po"},"id":"h6ifcf4gyj8i1vh","previousOperationId":"ku0ets1icl6f6yh"}
{"type":"log","timestamp":1705184792460,"level":"debug","message":"Inline data specified.","meta":{"rootId":"5qvlpcy0l1qt9po","id":"5qvlpcy0l1qt9po"},"id":"m0fxfau78d6gaxe","previousOperationId":"ku0ets1icl6f6yh"}
{"type":"log","timestamp":1705184792463,"level":"debug","message":"Executing script AveragePunctuation-script (beforeRender)","meta":{"rootId":"5qvlpcy0l1qt9po","id":"5qvlpcy0l1qt9po"},"id":"yp99cdeuf4phq1i","previousOperationId":"ku0ets1icl6f6yh"}
{"type":"operationStart","subtype":"scriptsBeforeRender","name":"scripts beforeRender","timestamp":1705184792480,"id":"veidc8w06i9xpz8","previousEventId":"y5lx71g6g5lk9fg","operationId":"u5xyaocclcnvt85","previousOperationId":"ku0ets1icl6f6yh"}
{"type":"operationStart","subtype":"script","name":"scripts AveragePunctuation-script","previousOperationId":"u5xyaocclcnvt85","timestamp":1705184792480,"id":"ijtt2ua3czsoskw","previousEventId":"veidc8w06i9xpz8","operationId":"03c0xntjafmsm2e"}
{"type":"operationEnd","operationId":"03c0xntjafmsm2e","timestamp":1705184792497,"id":"xmdcbefjlg9reyh","previousEventId":"y5lx71g6g5lk9fg","previousOperationId":"ku0ets1icl6f6yh"}
{"type":"operationEnd","operationId":"u5xyaocclcnvt85","timestamp":1705184792497,"id":"tt7a8rv4t6jkpjw","previousEventId":"xmdcbefjlg9reyh","previousOperationId":"ku0ets1icl6f6yh"}
{"type":"log","timestamp":1705184792497,"level":"debug","message":"Base url not specified, skipping its injection.","meta":{"rootId":"5qvlpcy0l1qt9po","id":"5qvlpcy0l1qt9po"},"id":"40tkn13qe4wki8i","previousOperationId":"u5xyaocclcnvt85"}
{"type":"operationStart","subtype":"engine","name":"handlebars","timestamp":1705184792497,"id":"5olhdeuhczjgzo4","previousEventId":"tt7a8rv4t6jkpjw","operationId":"jjvoulicdsmhjjx","previousOperationId":"u5xyaocclcnvt85"}
{"type":"log","timestamp":1705184792497,"level":"debug","message":"Rendering engine handlebars","meta":{"rootId":"5qvlpcy0l1qt9po","id":"5qvlpcy0l1qt9po"},"id":"m6ym92xirvoo2f9","previousOperationId":"jjvoulicdsmhjjx"}
{"type":"operationEnd","operationId":"jjvoulicdsmhjjx","timestamp":1705184792505,"id":"2lxmdm7wixo4lbt","previousEventId":"5olhdeuhczjgzo4","previousOperationId":"jjvoulicdsmhjjx"}
{"type":"operationStart","subtype":"recipe","name":"chrome-pdf","timestamp":1705184792505,"id":"kvg26muxx5ehiwo","previousEventId":"2lxmdm7wixo4lbt","operationId":"wqb5nkk10zs7h9r","previousOperationId":"jjvoulicdsmhjjx"}
{"type":"log","timestamp":1705184792505,"level":"debug","message":"Executing recipe chrome-pdf","meta":{"rootId":"5qvlpcy0l1qt9po","id":"5qvlpcy0l1qt9po"},"id":"29jaazn0st5yhux","previousOperationId":"wqb5nkk10zs7h9r"}
{"type":"log","timestamp":1705184792506,"level":"debug","message":"Converting with chrome HeadlessChrome/117.0.5938.149 using chrome-pool strategy","meta":{"rootId":"5qvlpcy0l1qt9po","id":"5qvlpcy0l1qt9po"},"id":"pshocg3slpptyzv","previousOperationId":"wqb5nkk10zs7h9r"}
{"type":"log","timestamp":1705184792598,"level":"debug","message":"Page request: GET (document) file:///C:/Users/Javier/AppData/Local/Temp/jsreport/autocleanup/2daff214-4300-4cb2-adfd-dc0ecceae8c0-chrome-pdf.html","meta":{"rootId":"5qvlpcy0l1qt9po","id":"5qvlpcy0l1qt9po"},"id":"lb3t0j2ixjomv21","previousOperationId":"wqb5nkk10zs7h9r"}
{"type":"log","timestamp":1705184792648,"level":"debug","message":"Page request: GET (stylesheet) https://cdnjs.cloudflare.com/ajax/libs/metro/4.1.5/css/metro.min.css","meta":{"rootId":"5qvlpcy0l1qt9po","id":"5qvlpcy0l1qt9po"},"id":"0b9qtxzcdid5xoc","previousOperationId":"wqb5nkk10zs7h9r"}
{"type":"log","timestamp":1705184792650,"level":"debug","message":"Page request: GET (script) https://cdnjs.cloudflare.com/ajax/libs/Chart.js/2.7.2/Chart.min.js","meta":{"rootId":"5qvlpcy0l1qt9po","id":"5qvlpcy0l1qt9po"},"id":"jjfj7t2az7vw7wr","previousOperationId":"wqb5nkk10zs7h9r"}
{"type":"log","timestamp":1705184792650,"level":"debug","message":"Page request finished: GET (document) 200 file:///C:/Users/Javier/AppData/Local/Temp/jsreport/autocleanup/2daff214-4300-4cb2-adfd-dc0ecceae8c0-chrome-pdf.html","meta":{"rootId":"5qvlpcy0l1qt9po","id":"5qvlpcy0l1qt9po"},"id":"3vesp6j7mu39a5u","previousOperationId":"wqb5nkk10zs7h9r"}
{"type":"log","timestamp":1705184792655,"level":"debug","message":"Page request finished: GET (script) 200 https://cdnjs.cloudflare.com/ajax/libs/Chart.js/2.7.2/Chart.min.js","meta":{"rootId":"5qvlpcy0l1qt9po","id":"5qvlpcy0l1qt9po"},"id":"4c8uu7ttb2i4gje","previousOperationId":"wqb5nkk10zs7h9r"}
{"type":"log","timestamp":1705184792667,"level":"debug","message":"Page request finished: GET (stylesheet) 200 https://cdnjs.cloudflare.com/ajax/libs/metro/4.1.5/css/metro.min.css","meta":{"rootId":"5qvlpcy0l1qt9po","id":"5qvlpcy0l1qt9po"},"id":"ilnlahiw4p0qaz6","previousOperationId":"wqb5nkk10zs7h9r"}
{"type":"log","timestamp":1705184792733,"level":"debug","message":"Running chrome with params {\"printBackground\":true,\"timeout\":59946,\"margin\":{}}","meta":{"rootId":"5qvlpcy0l1qt9po","id":"5qvlpcy0l1qt9po"},"id":"ar8acnd3btitjkh","previousOperationId":"wqb5nkk10zs7h9r"}
{"type":"operationEnd","operationId":"wqb5nkk10zs7h9r","timestamp":1705184792836,"id":"0jnna5w03g2fooc","previousEventId":"kvg26muxx5ehiwo","previousOperationId":"wqb5nkk10zs7h9r"}
{"type":"log","timestamp":1705184792836,"level":"debug","message":"Skipping storing report.","meta":{"rootId":"5qvlpcy0l1qt9po","id":"5qvlpcy0l1qt9po"},"id":"uwx2jo4oukvb74p","previousOperationId":"wqb5nkk10zs7h9r"}
{"type":"log","timestamp":1705184792836,"level":"info","message":"Rendering request 10 finished in 384 ms","meta":{"rootId":"5qvlpcy0l1qt9po","id":"5qvlpcy0l1qt9po"},"id":"8ht3e62uz2pvqoo","previousOperationId":"wqb5nkk10zs7h9r"}
{"type":"operationEnd","subtype":"render","operationId":"ku0ets1icl6f6yh","timestamp":1705184792836,"id":"g88fxh2z1a65wbd","previousEventId":"0jnna5w03g2fooc","previousOperationId":"wqb5nkk10zs7h9r"}
{"type":"operationEnd","doDiffs":false,"previousEventId":"o7kqnirmio507k7","previousOperationId":"z2s8o3i2tjodnmo","operationId":"z2s8o3i2tjodnmo","timestamp":1705184792838,"id":"uicsp8je73uey22"}
