{"type":"operationStart","subtype":"profile","data":{"_id":"fA0MPN5HMATbWUJy","timestamp":"2024-01-11T15:44:36.758Z","state":"queued","mode":"standard","creationDate":"2024-01-11T15:44:36.759Z","modificationDate":"2024-01-11T15:44:36.759Z","shortid":"n0r8_2b","$entitySet":"profiles"},"doDiffs":false,"timestamp":1704987876759,"id":"ppc0bfcgls1onw6","previousOperationId":null,"operationId":"lib10ve6138xvt6"}
{"type":"log","level":"info","message":"Render request 3 queued for execution and waiting for available worker","previousOperationId":"lib10ve6138xvt6","timestamp":1704987876759,"id":"u3dcdh98bzt28qz"}
{"type":"operationStart","subtype":"render","name":"AveragePunctuation","previousOperationId":"lib10ve6138xvt6","timestamp":1704987876770,"id":"eqv8h1og0g76zwr","previousEventId":"ppc0bfcgls1onw6","operationId":"npf22vldft16f0k"}
{"type":"log","timestamp":1704987876770,"level":"info","message":"Starting rendering request 3","meta":{"rootId":"62d1cdipk7v4zuj","id":"62d1cdipk7v4zuj"},"id":"ctqprbgd3yfq4de","previousOperationId":"npf22vldft16f0k"}
{"type":"log","timestamp":1704987876771,"level":"info","message":"Rendering template { name: AveragePunctuation, recipe: chrome-pdf, engine: handlebars, preview: true }","meta":{"rootId":"62d1cdipk7v4zuj","id":"62d1cdipk7v4zuj"},"id":"xvi6eacz0qxy1iz","previousOperationId":"npf22vldft16f0k"}
{"type":"log","timestamp":1704987876772,"level":"debug","message":"Data item not defined for this template.","meta":{"rootId":"62d1cdipk7v4zuj","id":"62d1cdipk7v4zuj"},"id":"vy4ircvi5m5cerq","previousOperationId":"npf22vldft16f0k"}
{"type":"log","timestamp":1704987876776,"level":"debug","message":"Executing script AveragePunctuation-script (beforeRender)","meta":{"rootId":"62d1cdipk7v4zuj","id":"62d1cdipk7v4zuj"},"id":"x3zwqmp273slgc0","previousOperationId":"npf22vldft16f0k"}
{"type":"operationStart","subtype":"scriptsBeforeRender","name":"scripts beforeRender","timestamp":1704987876823,"id":"14wpnfm2xb9auim","previousEventId":"eqv8h1og0g76zwr","operationId":"1bq78n5c400h1hh","previousOperationId":"npf22vldft16f0k"}
{"type":"operationStart","subtype":"script","name":"scripts AveragePunctuation-script","previousOperationId":"1bq78n5c400h1hh","timestamp":1704987876824,"id":"2gakb9qzmd6huzl","previousEventId":"14wpnfm2xb9auim","operationId":"9b9etsn78ahs8lw"}
{"type":"operationEnd","operationId":"9b9etsn78ahs8lw","timestamp":1704987876888,"id":"38diudzp1zd73i9","previousEventId":"eqv8h1og0g76zwr","previousOperationId":"npf22vldft16f0k"}
{"type":"operationEnd","operationId":"1bq78n5c400h1hh","timestamp":1704987876888,"id":"wu5kx4emyog1gys","previousEventId":"38diudzp1zd73i9","previousOperationId":"npf22vldft16f0k"}
{"type":"log","timestamp":1704987876888,"level":"debug","message":"Base url not specified, skipping its injection.","meta":{"rootId":"62d1cdipk7v4zuj","id":"62d1cdipk7v4zuj"},"id":"u1lx7q4fmkvmj84","previousOperationId":"1bq78n5c400h1hh"}
{"type":"operationStart","subtype":"engine","name":"handlebars","timestamp":1704987876889,"id":"wo5gyt2ad79g4wm","previousEventId":"wu5kx4emyog1gys","operationId":"srncbcpu5q5kk09","previousOperationId":"1bq78n5c400h1hh"}
{"type":"log","timestamp":1704987876889,"level":"debug","message":"Rendering engine handlebars","meta":{"rootId":"62d1cdipk7v4zuj","id":"62d1cdipk7v4zuj"},"id":"80dodi0ywci1np6","previousOperationId":"srncbcpu5q5kk09"}
{"type":"operationEnd","operationId":"srncbcpu5q5kk09","timestamp":1704987877520,"id":"mgwwd82mbth63bs","previousEventId":"wo5gyt2ad79g4wm","previousOperationId":"srncbcpu5q5kk09"}
{"type":"operationStart","subtype":"recipe","name":"chrome-pdf","timestamp":1704987877521,"id":"2d33dvrqq5v7nko","previousEventId":"mgwwd82mbth63bs","operationId":"lpc7uovxzm6yclj","previousOperationId":"srncbcpu5q5kk09"}
{"type":"log","timestamp":1704987877521,"level":"debug","message":"Executing recipe chrome-pdf","meta":{"rootId":"62d1cdipk7v4zuj","id":"62d1cdipk7v4zuj"},"id":"47vp3md61ghqrhp","previousOperationId":"lpc7uovxzm6yclj"}
{"type":"log","timestamp":1704987880278,"level":"debug","message":"Converting with chrome HeadlessChrome/117.0.5938.149 using chrome-pool strategy","meta":{"rootId":"62d1cdipk7v4zuj","id":"62d1cdipk7v4zuj"},"id":"161sgi0ld435dug","previousOperationId":"lpc7uovxzm6yclj"}
{"type":"log","timestamp":1704987881711,"level":"debug","message":"Page request: GET (document) file:///C:/Users/Javier/AppData/Local/Temp/jsreport/autocleanup/3906f146-0ce0-4b04-ac65-3408b4ad3cce-chrome-pdf.html","meta":{"rootId":"62d1cdipk7v4zuj","id":"62d1cdipk7v4zuj"},"id":"bbh8zzcnzzjsqxy","previousOperationId":"lpc7uovxzm6yclj"}
{"type":"log","timestamp":1704987881744,"level":"debug","message":"Page request finished: GET (document) 200 file:///C:/Users/Javier/AppData/Local/Temp/jsreport/autocleanup/3906f146-0ce0-4b04-ac65-3408b4ad3cce-chrome-pdf.html","meta":{"rootId":"62d1cdipk7v4zuj","id":"62d1cdipk7v4zuj"},"id":"pe5jfundyt0jkuq","previousOperationId":"lpc7uovxzm6yclj"}
{"type":"log","timestamp":1704987881749,"level":"debug","message":"Running chrome with params {\"printBackground\":true,\"timeout\":58622,\"margin\":{}}","meta":{"rootId":"62d1cdipk7v4zuj","id":"62d1cdipk7v4zuj"},"id":"vm57p2pi23mf8hl","previousOperationId":"lpc7uovxzm6yclj"}
{"type":"operationEnd","operationId":"lpc7uovxzm6yclj","timestamp":1704987881779,"id":"j1hov4bpagwaxij","previousEventId":"2d33dvrqq5v7nko","previousOperationId":"lpc7uovxzm6yclj"}
{"type":"log","timestamp":1704987881780,"level":"debug","message":"Skipping storing report.","meta":{"rootId":"62d1cdipk7v4zuj","id":"62d1cdipk7v4zuj"},"id":"swcnhsbsmgjihgh","previousOperationId":"lpc7uovxzm6yclj"}
{"type":"log","timestamp":1704987881780,"level":"info","message":"Rendering request 3 finished in 5022 ms","meta":{"rootId":"62d1cdipk7v4zuj","id":"62d1cdipk7v4zuj"},"id":"dxt7vggmt7uxoa7","previousOperationId":"lpc7uovxzm6yclj"}
{"type":"operationEnd","subtype":"render","operationId":"npf22vldft16f0k","timestamp":1704987881780,"id":"pb9o1gjay0ex9yb","previousEventId":"j1hov4bpagwaxij","previousOperationId":"lpc7uovxzm6yclj"}
{"type":"operationEnd","doDiffs":false,"previousEventId":"ppc0bfcgls1onw6","previousOperationId":"lib10ve6138xvt6","operationId":"lib10ve6138xvt6","timestamp":1704987881791,"id":"x1vd4t230cevvlw"}
