{"type":"operationStart","subtype":"profile","data":{"_id":"YcyHFIVIN6tKjA4I","timestamp":"2024-01-13T19:15:39.993Z","state":"queued","mode":"standard","creationDate":"2024-01-13T19:15:39.994Z","modificationDate":"2024-01-13T19:15:39.994Z","shortid":"MwwsVWa","$entitySet":"profiles"},"doDiffs":false,"timestamp":1705173339994,"id":"r84iwfeypab22u6","previousOperationId":null,"operationId":"0rol97k88buvuao"}
{"type":"log","level":"info","message":"Render request 10 queued for execution and waiting for available worker","previousOperationId":"0rol97k88buvuao","timestamp":1705173339994,"id":"jis0gmexmrcnuoj"}
{"type":"operationStart","subtype":"render","name":"AveragePunctuation","previousOperationId":"0rol97k88buvuao","timestamp":1705173339998,"id":"t2qb7lri2q245w4","previousEventId":"r84iwfeypab22u6","operationId":"o6g0sgkgwr8p4hu"}
{"type":"log","timestamp":1705173339998,"level":"info","message":"Starting rendering request 10","meta":{"rootId":"66ejvkks7ygvtbm","id":"66ejvkks7ygvtbm"},"id":"ax0gpuc8svpoxsk","previousOperationId":"o6g0sgkgwr8p4hu"}
{"type":"log","timestamp":1705173339998,"level":"info","message":"Rendering template { name: AveragePunctuation, recipe: chrome-pdf, engine: handlebars, preview: false }","meta":{"rootId":"66ejvkks7ygvtbm","id":"66ejvkks7ygvtbm"},"id":"chjrr8ytuoe0dm6","previousOperationId":"o6g0sgkgwr8p4hu"}
{"type":"log","timestamp":1705173339999,"level":"debug","message":"Inline data specified.","meta":{"rootId":"66ejvkks7ygvtbm","id":"66ejvkks7ygvtbm"},"id":"ory05f5108h0bif","previousOperationId":"o6g0sgkgwr8p4hu"}
{"type":"log","timestamp":1705173340001,"level":"debug","message":"Executing script AveragePunctuation-script (beforeRender)","meta":{"rootId":"66ejvkks7ygvtbm","id":"66ejvkks7ygvtbm"},"id":"qgnlj3wv9o1wv1c","previousOperationId":"o6g0sgkgwr8p4hu"}
{"type":"operationStart","subtype":"scriptsBeforeRender","name":"scripts beforeRender","timestamp":1705173340014,"id":"j2s3lucoixir0pt","previousEventId":"t2qb7lri2q245w4","operationId":"y9uyk8a06bg5wfo","previousOperationId":"o6g0sgkgwr8p4hu"}
{"type":"operationStart","subtype":"script","name":"scripts AveragePunctuation-script","previousOperationId":"y9uyk8a06bg5wfo","timestamp":1705173340014,"id":"v01qoah963m90dk","previousEventId":"j2s3lucoixir0pt","operationId":"kuzgku0p0ziwc7y"}
{"type":"operationEnd","operationId":"kuzgku0p0ziwc7y","timestamp":1705173340022,"id":"0j6fj83u3b42iu6","previousEventId":"t2qb7lri2q245w4","previousOperationId":"o6g0sgkgwr8p4hu"}
{"type":"operationEnd","operationId":"y9uyk8a06bg5wfo","timestamp":1705173340022,"id":"ozuqx63z0rob6ae","previousEventId":"0j6fj83u3b42iu6","previousOperationId":"o6g0sgkgwr8p4hu"}
{"type":"log","timestamp":1705173340022,"level":"debug","message":"Base url not specified, skipping its injection.","meta":{"rootId":"66ejvkks7ygvtbm","id":"66ejvkks7ygvtbm"},"id":"jn3xv7ofu6hs9tx","previousOperationId":"y9uyk8a06bg5wfo"}
{"type":"operationStart","subtype":"engine","name":"handlebars","timestamp":1705173340023,"id":"qlgu7x3bpxveune","previousEventId":"ozuqx63z0rob6ae","operationId":"m541gh6k2k9sg13","previousOperationId":"y9uyk8a06bg5wfo"}
{"type":"log","timestamp":1705173340023,"level":"debug","message":"Rendering engine handlebars","meta":{"rootId":"66ejvkks7ygvtbm","id":"66ejvkks7ygvtbm"},"id":"s7fkmgkvnc6emcw","previousOperationId":"m541gh6k2k9sg13"}
{"type":"operationEnd","operationId":"m541gh6k2k9sg13","timestamp":1705173340028,"id":"le80ubvn8uj0mry","previousEventId":"qlgu7x3bpxveune","previousOperationId":"m541gh6k2k9sg13"}
{"type":"operationStart","subtype":"recipe","name":"chrome-pdf","timestamp":1705173340028,"id":"x9t0tdgb7nbfxer","previousEventId":"le80ubvn8uj0mry","operationId":"o84c7qwqv9xsnc6","previousOperationId":"m541gh6k2k9sg13"}
{"type":"log","timestamp":1705173340028,"level":"debug","message":"Executing recipe chrome-pdf","meta":{"rootId":"66ejvkks7ygvtbm","id":"66ejvkks7ygvtbm"},"id":"cf3hfoy3uqpyrcf","previousOperationId":"o84c7qwqv9xsnc6"}
{"type":"log","timestamp":1705173340030,"level":"debug","message":"Converting with chrome HeadlessChrome/117.0.5938.149 using chrome-pool strategy","meta":{"rootId":"66ejvkks7ygvtbm","id":"66ejvkks7ygvtbm"},"id":"gaahn8envlg27zr","previousOperationId":"o84c7qwqv9xsnc6"}
{"type":"log","timestamp":1705173340096,"level":"debug","message":"Page request: GET (document) file:///C:/Users/Javier/AppData/Local/Temp/jsreport/autocleanup/066c1dc9-7400-47e8-b2f2-318dc5367aa8-chrome-pdf.html","meta":{"rootId":"66ejvkks7ygvtbm","id":"66ejvkks7ygvtbm"},"id":"997zlx21h4fe2zq","previousOperationId":"o84c7qwqv9xsnc6"}
{"type":"log","timestamp":1705173340129,"level":"debug","message":"Page request: GET (stylesheet) https://cdnjs.cloudflare.com/ajax/libs/metro/4.1.5/css/metro.min.css","meta":{"rootId":"66ejvkks7ygvtbm","id":"66ejvkks7ygvtbm"},"id":"fho78if651zwow7","previousOperationId":"o84c7qwqv9xsnc6"}
{"type":"log","timestamp":1705173340130,"level":"debug","message":"Page request: GET (script) https://cdnjs.cloudflare.com/ajax/libs/Chart.js/2.7.2/Chart.min.js","meta":{"rootId":"66ejvkks7ygvtbm","id":"66ejvkks7ygvtbm"},"id":"yq39q5hp55tt84o","previousOperationId":"o84c7qwqv9xsnc6"}
{"type":"log","timestamp":1705173340130,"level":"debug","message":"Page request finished: GET (document) 200 file:///C:/Users/Javier/AppData/Local/Temp/jsreport/autocleanup/066c1dc9-7400-47e8-b2f2-318dc5367aa8-chrome-pdf.html","meta":{"rootId":"66ejvkks7ygvtbm","id":"66ejvkks7ygvtbm"},"id":"im4dovztoz7z8vi","previousOperationId":"o84c7qwqv9xsnc6"}
{"type":"log","timestamp":1705173340134,"level":"debug","message":"Page request finished: GET (script) 200 https://cdnjs.cloudflare.com/ajax/libs/Chart.js/2.7.2/Chart.min.js","meta":{"rootId":"66ejvkks7ygvtbm","id":"66ejvkks7ygvtbm"},"id":"8msftepc73i3gfx","previousOperationId":"o84c7qwqv9xsnc6"}
{"type":"log","timestamp":1705173340143,"level":"debug","message":"Page request finished: GET (stylesheet) 200 https://cdnjs.cloudflare.com/ajax/libs/metro/4.1.5/css/metro.min.css","meta":{"rootId":"66ejvkks7ygvtbm","id":"66ejvkks7ygvtbm"},"id":"dlzj9ka05hp4qpa","previousOperationId":"o84c7qwqv9xsnc6"}
{"type":"log","timestamp":1705173340203,"level":"debug","message":"Running chrome with params {\"printBackground\":true,\"timeout\":59964,\"margin\":{}}","meta":{"rootId":"66ejvkks7ygvtbm","id":"66ejvkks7ygvtbm"},"id":"vjac2vu9karp14m","previousOperationId":"o84c7qwqv9xsnc6"}
{"type":"operationEnd","operationId":"o84c7qwqv9xsnc6","timestamp":1705173340294,"id":"m1ya7r2cbmz1uki","previousEventId":"x9t0tdgb7nbfxer","previousOperationId":"o84c7qwqv9xsnc6"}
{"type":"log","timestamp":1705173340294,"level":"debug","message":"Skipping storing report.","meta":{"rootId":"66ejvkks7ygvtbm","id":"66ejvkks7ygvtbm"},"id":"w0vhzlr34qes8e6","previousOperationId":"o84c7qwqv9xsnc6"}
{"type":"log","timestamp":1705173340294,"level":"info","message":"Rendering request 10 finished in 301 ms","meta":{"rootId":"66ejvkks7ygvtbm","id":"66ejvkks7ygvtbm"},"id":"cdvgf5n589i6tfy","previousOperationId":"o84c7qwqv9xsnc6"}
{"type":"operationEnd","subtype":"render","operationId":"o6g0sgkgwr8p4hu","timestamp":1705173340294,"id":"oadvmy4rmqbly3n","previousEventId":"m1ya7r2cbmz1uki","previousOperationId":"o84c7qwqv9xsnc6"}
{"type":"operationEnd","doDiffs":false,"previousEventId":"r84iwfeypab22u6","previousOperationId":"0rol97k88buvuao","operationId":"0rol97k88buvuao","timestamp":1705173340295,"id":"kzfxkkmwmx61y78"}
