{"type":"operationStart","subtype":"profile","data":{"_id":"pZQmuMUBkftHHLqZ","timestamp":"2024-01-13T14:24:50.611Z","state":"queued","mode":"standard","creationDate":"2024-01-13T14:24:50.612Z","modificationDate":"2024-01-13T14:24:50.612Z","shortid":"Sc__Mfp","$entitySet":"profiles"},"doDiffs":false,"timestamp":1705155890611,"id":"rtabzxe178f3v6f","previousOperationId":null,"operationId":"mm7sxt2ihjua69x"}
{"type":"log","level":"info","message":"Render request 26 queued for execution and waiting for available worker","previousOperationId":"mm7sxt2ihjua69x","timestamp":1705155890611,"id":"559078l638wlkhg"}
{"type":"operationStart","subtype":"render","name":"AveragePunctuation","previousOperationId":"mm7sxt2ihjua69x","timestamp":1705155890616,"id":"xi8m88dr61jv7l5","previousEventId":"rtabzxe178f3v6f","operationId":"33qsha1nyoix93c"}
{"type":"log","timestamp":1705155890616,"level":"info","message":"Starting rendering request 26","meta":{"rootId":"6855n9q4lbhgdgf","id":"6855n9q4lbhgdgf"},"id":"rs6t74xay4vufa2","previousOperationId":"33qsha1nyoix93c"}
{"type":"log","timestamp":1705155890616,"level":"info","message":"Rendering template { name: AveragePunctuation, recipe: chrome-pdf, engine: handlebars, preview: false }","meta":{"rootId":"6855n9q4lbhgdgf","id":"6855n9q4lbhgdgf"},"id":"qzdl27kkkagvrll","previousOperationId":"33qsha1nyoix93c"}
{"type":"log","timestamp":1705155890617,"level":"debug","message":"Inline data specified.","meta":{"rootId":"6855n9q4lbhgdgf","id":"6855n9q4lbhgdgf"},"id":"fg0qydapc3as68r","previousOperationId":"33qsha1nyoix93c"}
{"type":"log","timestamp":1705155890618,"level":"debug","message":"Executing script AveragePunctuation-script (beforeRender)","meta":{"rootId":"6855n9q4lbhgdgf","id":"6855n9q4lbhgdgf"},"id":"k7muv203g43s6j8","previousOperationId":"33qsha1nyoix93c"}
{"type":"operationStart","subtype":"scriptsBeforeRender","name":"scripts beforeRender","timestamp":1705155890632,"id":"pow31wlnocvyw11","previousEventId":"xi8m88dr61jv7l5","operationId":"yu5y7qgc2af1ivp","previousOperationId":"33qsha1nyoix93c"}
{"type":"operationStart","subtype":"script","name":"scripts AveragePunctuation-script","previousOperationId":"yu5y7qgc2af1ivp","timestamp":1705155890632,"id":"135n0pjc9znl5ws","previousEventId":"pow31wlnocvyw11","operationId":"ipf971sk78vbaty"}
{"type":"operationEnd","operationId":"ipf971sk78vbaty","timestamp":1705155890648,"id":"yo516qy0k68cn14","previousEventId":"xi8m88dr61jv7l5","previousOperationId":"33qsha1nyoix93c"}
{"type":"operationEnd","operationId":"yu5y7qgc2af1ivp","timestamp":1705155890648,"id":"p03e2et46acqor8","previousEventId":"yo516qy0k68cn14","previousOperationId":"33qsha1nyoix93c"}
{"type":"log","timestamp":1705155890648,"level":"debug","message":"Base url not specified, skipping its injection.","meta":{"rootId":"6855n9q4lbhgdgf","id":"6855n9q4lbhgdgf"},"id":"wtrz1qb3hlcnydf","previousOperationId":"yu5y7qgc2af1ivp"}
{"type":"operationStart","subtype":"engine","name":"handlebars","timestamp":1705155890648,"id":"2tz7qoenrscb3a4","previousEventId":"p03e2et46acqor8","operationId":"5j1nelhs36z9gv1","previousOperationId":"yu5y7qgc2af1ivp"}
{"type":"log","timestamp":1705155890648,"level":"debug","message":"Rendering engine handlebars","meta":{"rootId":"6855n9q4lbhgdgf","id":"6855n9q4lbhgdgf"},"id":"66xfqhbeuqk499w","previousOperationId":"5j1nelhs36z9gv1"}
{"type":"operationEnd","operationId":"5j1nelhs36z9gv1","timestamp":1705155890660,"id":"gw0qdh3e026rd5e","previousEventId":"2tz7qoenrscb3a4","previousOperationId":"5j1nelhs36z9gv1"}
{"type":"operationStart","subtype":"recipe","name":"chrome-pdf","timestamp":1705155890661,"id":"7y8eaqkuaj2m3vs","previousEventId":"gw0qdh3e026rd5e","operationId":"72pewzwgafn4l2i","previousOperationId":"5j1nelhs36z9gv1"}
{"type":"log","timestamp":1705155890661,"level":"debug","message":"Executing recipe chrome-pdf","meta":{"rootId":"6855n9q4lbhgdgf","id":"6855n9q4lbhgdgf"},"id":"fxx6ynl02w2sgpx","previousOperationId":"72pewzwgafn4l2i"}
{"type":"log","timestamp":1705155890667,"level":"debug","message":"Converting with chrome HeadlessChrome/117.0.5938.149 using chrome-pool strategy","meta":{"rootId":"6855n9q4lbhgdgf","id":"6855n9q4lbhgdgf"},"id":"ue16ga10uv44y4q","previousOperationId":"72pewzwgafn4l2i"}
{"type":"log","timestamp":1705155890771,"level":"debug","message":"Page request: GET (document) file:///C:/Users/Javier/AppData/Local/Temp/jsreport/autocleanup/43170b43-39a5-4b5d-87d1-8395b7263bde-chrome-pdf.html","meta":{"rootId":"6855n9q4lbhgdgf","id":"6855n9q4lbhgdgf"},"id":"wk7nzjzuh0f10s1","previousOperationId":"72pewzwgafn4l2i"}
{"type":"log","timestamp":1705155890815,"level":"debug","message":"Page request: GET (stylesheet) https://cdnjs.cloudflare.com/ajax/libs/metro/4.1.5/css/metro.min.css","meta":{"rootId":"6855n9q4lbhgdgf","id":"6855n9q4lbhgdgf"},"id":"urq7gsj50ua25og","previousOperationId":"72pewzwgafn4l2i"}
{"type":"log","timestamp":1705155890816,"level":"debug","message":"Page request: GET (script) https://cdnjs.cloudflare.com/ajax/libs/Chart.js/2.7.2/Chart.min.js","meta":{"rootId":"6855n9q4lbhgdgf","id":"6855n9q4lbhgdgf"},"id":"7jtrs4ef5fi7lsd","previousOperationId":"72pewzwgafn4l2i"}
{"type":"log","timestamp":1705155890816,"level":"debug","message":"Page request finished: GET (document) 200 file:///C:/Users/Javier/AppData/Local/Temp/jsreport/autocleanup/43170b43-39a5-4b5d-87d1-8395b7263bde-chrome-pdf.html","meta":{"rootId":"6855n9q4lbhgdgf","id":"6855n9q4lbhgdgf"},"id":"h0ujsybvqlfoel7","previousOperationId":"72pewzwgafn4l2i"}
{"type":"log","timestamp":1705155890820,"level":"debug","message":"Page request finished: GET (script) 200 https://cdnjs.cloudflare.com/ajax/libs/Chart.js/2.7.2/Chart.min.js","meta":{"rootId":"6855n9q4lbhgdgf","id":"6855n9q4lbhgdgf"},"id":"mjqaxsqwvxfcpyk","previousOperationId":"72pewzwgafn4l2i"}
{"type":"log","timestamp":1705155890831,"level":"debug","message":"Page request finished: GET (stylesheet) 200 https://cdnjs.cloudflare.com/ajax/libs/metro/4.1.5/css/metro.min.css","meta":{"rootId":"6855n9q4lbhgdgf","id":"6855n9q4lbhgdgf"},"id":"ztnys5elea4i27v","previousOperationId":"72pewzwgafn4l2i"}
{"type":"log","timestamp":1705155890889,"level":"debug","message":"Running chrome with params {\"printBackground\":true,\"timeout\":59944,\"margin\":{}}","meta":{"rootId":"6855n9q4lbhgdgf","id":"6855n9q4lbhgdgf"},"id":"d1pazh1hzex0tbg","previousOperationId":"72pewzwgafn4l2i"}
{"type":"operationEnd","operationId":"72pewzwgafn4l2i","timestamp":1705155891007,"id":"6mv0z22n52pt5bs","previousEventId":"7y8eaqkuaj2m3vs","previousOperationId":"72pewzwgafn4l2i"}
{"type":"log","timestamp":1705155891007,"level":"debug","message":"Skipping storing report.","meta":{"rootId":"6855n9q4lbhgdgf","id":"6855n9q4lbhgdgf"},"id":"w8aji7rhilbxuqz","previousOperationId":"72pewzwgafn4l2i"}
{"type":"log","timestamp":1705155891007,"level":"info","message":"Rendering request 26 finished in 396 ms","meta":{"rootId":"6855n9q4lbhgdgf","id":"6855n9q4lbhgdgf"},"id":"d4xpw1q5dealvog","previousOperationId":"72pewzwgafn4l2i"}
{"type":"operationEnd","subtype":"render","operationId":"33qsha1nyoix93c","timestamp":1705155891007,"id":"hpfp2j4jjr43r2u","previousEventId":"6mv0z22n52pt5bs","previousOperationId":"72pewzwgafn4l2i"}
{"type":"operationEnd","doDiffs":false,"previousEventId":"rtabzxe178f3v6f","previousOperationId":"mm7sxt2ihjua69x","operationId":"mm7sxt2ihjua69x","timestamp":1705155891009,"id":"pto4ka4rfxit59r"}
