{"type":"operationStart","subtype":"profile","data":{"_id":"QsMqHGJasfzjTRbw","timestamp":"2024-01-11T16:54:00.984Z","state":"queued","mode":"standard","creationDate":"2024-01-11T16:54:00.985Z","modificationDate":"2024-01-11T16:54:00.985Z","shortid":"4R06mei","$entitySet":"profiles"},"doDiffs":false,"timestamp":1704992040985,"id":"m5fp7c3d0p9rn65","previousOperationId":null,"operationId":"ng13996vanvo4ch"}
{"type":"log","level":"info","message":"Render request 13 queued for execution and waiting for available worker","previousOperationId":"ng13996vanvo4ch","timestamp":1704992040985,"id":"fssz85clr1488bu"}
{"type":"operationStart","subtype":"render","name":"AveragePunctuation","previousOperationId":"ng13996vanvo4ch","timestamp":1704992040990,"id":"3zsjbgpg5jqa5g9","previousEventId":"m5fp7c3d0p9rn65","operationId":"bpo7oxby4m1qp31"}
{"type":"log","timestamp":1704992040990,"level":"info","message":"Starting rendering request 13","meta":{"rootId":"6awl3z0eh4ekf4k","id":"6awl3z0eh4ekf4k"},"id":"xqhv68exc72m35h","previousOperationId":"bpo7oxby4m1qp31"}
{"type":"log","timestamp":1704992040991,"level":"info","message":"Rendering template { name: AveragePunctuation, recipe: chrome-pdf, engine: handlebars, preview: false }","meta":{"rootId":"6awl3z0eh4ekf4k","id":"6awl3z0eh4ekf4k"},"id":"x9calfx5jfimde4","previousOperationId":"bpo7oxby4m1qp31"}
{"type":"log","timestamp":1704992040991,"level":"debug","message":"Inline data specified.","meta":{"rootId":"6awl3z0eh4ekf4k","id":"6awl3z0eh4ekf4k"},"id":"urtwh9ejfcl22m8","previousOperationId":"bpo7oxby4m1qp31"}
{"type":"log","timestamp":1704992040992,"level":"debug","message":"Executing script AveragePunctuation-script (beforeRender)","meta":{"rootId":"6awl3z0eh4ekf4k","id":"6awl3z0eh4ekf4k"},"id":"w707m8ppghrnuy9","previousOperationId":"bpo7oxby4m1qp31"}
{"type":"operationStart","subtype":"scriptsBeforeRender","name":"scripts beforeRender","timestamp":1704992041009,"id":"zzzux0k93kmr3e2","previousEventId":"3zsjbgpg5jqa5g9","operationId":"zdqeuggvr5msrs7","previousOperationId":"bpo7oxby4m1qp31"}
{"type":"operationStart","subtype":"script","name":"scripts AveragePunctuation-script","previousOperationId":"zdqeuggvr5msrs7","timestamp":1704992041009,"id":"up6gxr1meqiwsbu","previousEventId":"zzzux0k93kmr3e2","operationId":"84wa7dosw9l11ye"}
{"type":"operationEnd","operationId":"84wa7dosw9l11ye","timestamp":1704992041026,"id":"bfocssh3n6hgz6p","previousEventId":"3zsjbgpg5jqa5g9","previousOperationId":"bpo7oxby4m1qp31"}
{"type":"operationEnd","operationId":"zdqeuggvr5msrs7","timestamp":1704992041026,"id":"ju6iro9ks5kos8u","previousEventId":"bfocssh3n6hgz6p","previousOperationId":"bpo7oxby4m1qp31"}
{"type":"log","timestamp":1704992041026,"level":"debug","message":"Base url not specified, skipping its injection.","meta":{"rootId":"6awl3z0eh4ekf4k","id":"6awl3z0eh4ekf4k"},"id":"1lihvvku72m8pkd","previousOperationId":"zdqeuggvr5msrs7"}
{"type":"operationStart","subtype":"engine","name":"handlebars","timestamp":1704992041026,"id":"keh0089uk6lvag8","previousEventId":"ju6iro9ks5kos8u","operationId":"bdcid08594lgk3m","previousOperationId":"zdqeuggvr5msrs7"}
{"type":"log","timestamp":1704992041026,"level":"debug","message":"Rendering engine handlebars","meta":{"rootId":"6awl3z0eh4ekf4k","id":"6awl3z0eh4ekf4k"},"id":"hms163bh9kyf549","previousOperationId":"bdcid08594lgk3m"}
{"type":"operationEnd","operationId":"bdcid08594lgk3m","timestamp":1704992041033,"id":"wokaxg3prgewunf","previousEventId":"keh0089uk6lvag8","previousOperationId":"bdcid08594lgk3m"}
{"type":"operationStart","subtype":"recipe","name":"chrome-pdf","timestamp":1704992041033,"id":"us923wkrjspevsk","previousEventId":"wokaxg3prgewunf","operationId":"ni00n5yx5qgkhkq","previousOperationId":"bdcid08594lgk3m"}
{"type":"log","timestamp":1704992041034,"level":"debug","message":"Executing recipe chrome-pdf","meta":{"rootId":"6awl3z0eh4ekf4k","id":"6awl3z0eh4ekf4k"},"id":"7i12yewzaal645r","previousOperationId":"ni00n5yx5qgkhkq"}
{"type":"log","timestamp":1704992041035,"level":"debug","message":"Converting with chrome HeadlessChrome/117.0.5938.149 using chrome-pool strategy","meta":{"rootId":"6awl3z0eh4ekf4k","id":"6awl3z0eh4ekf4k"},"id":"q0ptiudri957lpr","previousOperationId":"ni00n5yx5qgkhkq"}
{"type":"log","timestamp":1704992041106,"level":"debug","message":"Page request: GET (document) file:///C:/Users/Javier/AppData/Local/Temp/jsreport/autocleanup/64506aa6-420a-4475-a675-4df0880458a8-chrome-pdf.html","meta":{"rootId":"6awl3z0eh4ekf4k","id":"6awl3z0eh4ekf4k"},"id":"s068ghtqj6v3ppn","previousOperationId":"ni00n5yx5qgkhkq"}
{"type":"log","timestamp":1704992041116,"level":"debug","message":"Page request finished: GET (document) 200 file:///C:/Users/Javier/AppData/Local/Temp/jsreport/autocleanup/64506aa6-420a-4475-a675-4df0880458a8-chrome-pdf.html","meta":{"rootId":"6awl3z0eh4ekf4k","id":"6awl3z0eh4ekf4k"},"id":"5h5hwkffwehyzr1","previousOperationId":"ni00n5yx5qgkhkq"}
{"type":"log","timestamp":1704992041119,"level":"debug","message":"Running chrome with params {\"printBackground\":true,\"timeout\":59949,\"margin\":{}}","meta":{"rootId":"6awl3z0eh4ekf4k","id":"6awl3z0eh4ekf4k"},"id":"8o7yxes4r216qgq","previousOperationId":"ni00n5yx5qgkhkq"}
{"type":"operationEnd","operationId":"ni00n5yx5qgkhkq","timestamp":1704992041129,"id":"r40r5a7rhrv0idu","previousEventId":"us923wkrjspevsk","previousOperationId":"ni00n5yx5qgkhkq"}
{"type":"log","timestamp":1704992041129,"level":"debug","message":"Skipping storing report.","meta":{"rootId":"6awl3z0eh4ekf4k","id":"6awl3z0eh4ekf4k"},"id":"4tmr2wignh45na6","previousOperationId":"ni00n5yx5qgkhkq"}
{"type":"log","timestamp":1704992041129,"level":"info","message":"Rendering request 13 finished in 145 ms","meta":{"rootId":"6awl3z0eh4ekf4k","id":"6awl3z0eh4ekf4k"},"id":"e8wmlrvqfpuw8y3","previousOperationId":"ni00n5yx5qgkhkq"}
{"type":"operationEnd","subtype":"render","operationId":"bpo7oxby4m1qp31","timestamp":1704992041129,"id":"sdjg7d7wi2fgopa","previousEventId":"r40r5a7rhrv0idu","previousOperationId":"ni00n5yx5qgkhkq"}
{"type":"operationEnd","doDiffs":false,"previousEventId":"m5fp7c3d0p9rn65","previousOperationId":"ng13996vanvo4ch","operationId":"ng13996vanvo4ch","timestamp":1704992041133,"id":"4058vilwpuu8r4b"}
