{"type":"operationStart","subtype":"profile","data":{"_id":"iTbbyJxo4LOcOKS7","timestamp":"2024-01-14T00:06:19.611Z","state":"queued","mode":"standard","creationDate":"2024-01-14T00:06:19.612Z","modificationDate":"2024-01-14T00:06:19.612Z","shortid":"6Z-8-OQ","$entitySet":"profiles"},"doDiffs":false,"timestamp":1705190779612,"id":"1fmr85h6qxeofcv","previousOperationId":null,"operationId":"6aqbpvb59h2dn3w"}
{"type":"log","level":"info","message":"Render request 10 queued for execution and waiting for available worker","previousOperationId":"6aqbpvb59h2dn3w","timestamp":1705190779612,"id":"qtgykkwcpf0bkdo"}
{"type":"operationStart","subtype":"render","name":"AveragePunctuation","previousOperationId":"6aqbpvb59h2dn3w","timestamp":1705190779619,"id":"lrmp9b1ny8sowr5","previousEventId":"1fmr85h6qxeofcv","operationId":"uan9giyort8c3qn"}
{"type":"log","timestamp":1705190779619,"level":"info","message":"Starting rendering request 10","meta":{"rootId":"6jljo81bbxgwts5","id":"6jljo81bbxgwts5"},"id":"454gb41vaeij0nn","previousOperationId":"uan9giyort8c3qn"}
{"type":"log","timestamp":1705190779619,"level":"info","message":"Rendering template { name: AveragePunctuation, recipe: chrome-pdf, engine: handlebars, preview: false }","meta":{"rootId":"6jljo81bbxgwts5","id":"6jljo81bbxgwts5"},"id":"wfp1ec4m0jkxq92","previousOperationId":"uan9giyort8c3qn"}
{"type":"log","timestamp":1705190779620,"level":"debug","message":"Inline data specified.","meta":{"rootId":"6jljo81bbxgwts5","id":"6jljo81bbxgwts5"},"id":"plyaqfeo55hwgdu","previousOperationId":"uan9giyort8c3qn"}
{"type":"log","timestamp":1705190779623,"level":"debug","message":"Executing script AveragePunctuation-script (beforeRender)","meta":{"rootId":"6jljo81bbxgwts5","id":"6jljo81bbxgwts5"},"id":"9fnnm0f5gwae8q1","previousOperationId":"uan9giyort8c3qn"}
{"type":"operationStart","subtype":"scriptsBeforeRender","name":"scripts beforeRender","timestamp":1705190779643,"id":"xqn6tvyk0sech52","previousEventId":"lrmp9b1ny8sowr5","operationId":"jr39af8meqmu7w1","previousOperationId":"uan9giyort8c3qn"}
{"type":"operationStart","subtype":"script","name":"scripts AveragePunctuation-script","previousOperationId":"jr39af8meqmu7w1","timestamp":1705190779643,"id":"xrrvq4nhrtuw7e6","previousEventId":"xqn6tvyk0sech52","operationId":"f077hzsk6j1pqzz"}
{"type":"operationEnd","operationId":"f077hzsk6j1pqzz","timestamp":1705190779656,"id":"q31nobkc9et2pqs","previousEventId":"lrmp9b1ny8sowr5","previousOperationId":"uan9giyort8c3qn"}
{"type":"operationEnd","operationId":"jr39af8meqmu7w1","timestamp":1705190779656,"id":"o8whf1bfd2gfsfg","previousEventId":"q31nobkc9et2pqs","previousOperationId":"uan9giyort8c3qn"}
{"type":"log","timestamp":1705190779656,"level":"debug","message":"Base url not specified, skipping its injection.","meta":{"rootId":"6jljo81bbxgwts5","id":"6jljo81bbxgwts5"},"id":"yjizpgw9eectjq3","previousOperationId":"jr39af8meqmu7w1"}
{"type":"operationStart","subtype":"engine","name":"handlebars","timestamp":1705190779657,"id":"r2zgnxr3n2vfst2","previousEventId":"o8whf1bfd2gfsfg","operationId":"c2vit378sls9466","previousOperationId":"jr39af8meqmu7w1"}
{"type":"log","timestamp":1705190779657,"level":"debug","message":"Rendering engine handlebars","meta":{"rootId":"6jljo81bbxgwts5","id":"6jljo81bbxgwts5"},"id":"6oxwefp2a1v08a5","previousOperationId":"c2vit378sls9466"}
{"type":"operationEnd","operationId":"c2vit378sls9466","timestamp":1705190779666,"id":"s0hihpy3q9eqknk","previousEventId":"r2zgnxr3n2vfst2","previousOperationId":"c2vit378sls9466"}
{"type":"operationStart","subtype":"recipe","name":"chrome-pdf","timestamp":1705190779666,"id":"shelyrjgxcfh9fw","previousEventId":"s0hihpy3q9eqknk","operationId":"yyuinkzsr3sj3ap","previousOperationId":"c2vit378sls9466"}
{"type":"log","timestamp":1705190779666,"level":"debug","message":"Executing recipe chrome-pdf","meta":{"rootId":"6jljo81bbxgwts5","id":"6jljo81bbxgwts5"},"id":"ouxmfi2wtf5dss4","previousOperationId":"yyuinkzsr3sj3ap"}
{"type":"log","timestamp":1705190779667,"level":"debug","message":"Converting with chrome HeadlessChrome/117.0.5938.149 using chrome-pool strategy","meta":{"rootId":"6jljo81bbxgwts5","id":"6jljo81bbxgwts5"},"id":"krfk6d2o0iv9au1","previousOperationId":"yyuinkzsr3sj3ap"}
{"type":"log","timestamp":1705190779759,"level":"debug","message":"Page request: GET (document) file:///C:/Users/Javier/AppData/Local/Temp/jsreport/autocleanup/f56d86dd-cfbe-4f3e-bbd2-c414527253d0-chrome-pdf.html","meta":{"rootId":"6jljo81bbxgwts5","id":"6jljo81bbxgwts5"},"id":"b1memip6rulgst6","previousOperationId":"yyuinkzsr3sj3ap"}
{"type":"log","timestamp":1705190779813,"level":"debug","message":"Page request: GET (stylesheet) https://cdnjs.cloudflare.com/ajax/libs/metro/4.1.5/css/metro.min.css","meta":{"rootId":"6jljo81bbxgwts5","id":"6jljo81bbxgwts5"},"id":"3r080k2nnfbp7pe","previousOperationId":"yyuinkzsr3sj3ap"}
{"type":"log","timestamp":1705190779813,"level":"debug","message":"Page request: GET (script) https://cdnjs.cloudflare.com/ajax/libs/Chart.js/2.7.2/Chart.min.js","meta":{"rootId":"6jljo81bbxgwts5","id":"6jljo81bbxgwts5"},"id":"0v85ve7sz312z9q","previousOperationId":"yyuinkzsr3sj3ap"}
{"type":"log","timestamp":1705190779814,"level":"debug","message":"Page request finished: GET (document) 200 file:///C:/Users/Javier/AppData/Local/Temp/jsreport/autocleanup/f56d86dd-cfbe-4f3e-bbd2-c414527253d0-chrome-pdf.html","meta":{"rootId":"6jljo81bbxgwts5","id":"6jljo81bbxgwts5"},"id":"tl4y5b26lcfelji","previousOperationId":"yyuinkzsr3sj3ap"}
{"type":"log","timestamp":1705190779832,"level":"debug","message":"Page request finished: GET (stylesheet) 200 https://cdnjs.cloudflare.com/ajax/libs/metro/4.1.5/css/metro.min.css","meta":{"rootId":"6jljo81bbxgwts5","id":"6jljo81bbxgwts5"},"id":"z1a2wl1xr8n7a03","previousOperationId":"yyuinkzsr3sj3ap"}
{"type":"log","timestamp":1705190779832,"level":"debug","message":"Page request finished: GET (script) 200 https://cdnjs.cloudflare.com/ajax/libs/Chart.js/2.7.2/Chart.min.js","meta":{"rootId":"6jljo81bbxgwts5","id":"6jljo81bbxgwts5"},"id":"qypug1x1zm51tbw","previousOperationId":"yyuinkzsr3sj3ap"}
{"type":"log","timestamp":1705190779899,"level":"debug","message":"Running chrome with params {\"printBackground\":true,\"timeout\":59943,\"margin\":{}}","meta":{"rootId":"6jljo81bbxgwts5","id":"6jljo81bbxgwts5"},"id":"ctyfqf0p5dswmi6","previousOperationId":"yyuinkzsr3sj3ap"}
{"type":"operationEnd","operationId":"yyuinkzsr3sj3ap","timestamp":1705190780015,"id":"a7pt8sf8jdjcg3l","previousEventId":"shelyrjgxcfh9fw","previousOperationId":"yyuinkzsr3sj3ap"}
{"type":"log","timestamp":1705190780016,"level":"debug","message":"Skipping storing report.","meta":{"rootId":"6jljo81bbxgwts5","id":"6jljo81bbxgwts5"},"id":"42ee2tnmi4w2x0e","previousOperationId":"yyuinkzsr3sj3ap"}
{"type":"log","timestamp":1705190780016,"level":"info","message":"Rendering request 10 finished in 406 ms","meta":{"rootId":"6jljo81bbxgwts5","id":"6jljo81bbxgwts5"},"id":"8hllem69ah54wz4","previousOperationId":"yyuinkzsr3sj3ap"}
{"type":"operationEnd","subtype":"render","operationId":"uan9giyort8c3qn","timestamp":1705190780016,"id":"nbrde63a18ug3nc","previousEventId":"a7pt8sf8jdjcg3l","previousOperationId":"yyuinkzsr3sj3ap"}
{"type":"operationEnd","doDiffs":false,"previousEventId":"1fmr85h6qxeofcv","previousOperationId":"6aqbpvb59h2dn3w","operationId":"6aqbpvb59h2dn3w","timestamp":1705190780019,"id":"hfkhfxvihz9dewk"}
