{"type":"operationStart","subtype":"profile","data":{"_id":"HhJOJro2fAuwtzru","timestamp":"2024-01-11T19:30:26.250Z","state":"queued","mode":"standard","creationDate":"2024-01-11T19:30:26.251Z","modificationDate":"2024-01-11T19:30:26.251Z","shortid":"K1SwpkS","$entitySet":"profiles"},"doDiffs":false,"timestamp":1705001426251,"id":"mxqg0ud9n7hd027","previousOperationId":null,"operationId":"v7jvbkosprcdwn9"}
{"type":"log","level":"info","message":"Render request 18 queued for execution and waiting for available worker","previousOperationId":"v7jvbkosprcdwn9","timestamp":1705001426251,"id":"aaotuaq4wd22y8q"}
{"type":"operationStart","subtype":"render","name":"AveragePunctuation","previousOperationId":"v7jvbkosprcdwn9","timestamp":1705001426256,"id":"2nzziq4ybvorwko","previousEventId":"mxqg0ud9n7hd027","operationId":"uonyqz41nf0era7"}
{"type":"log","timestamp":1705001426256,"level":"info","message":"Starting rendering request 18","meta":{"rootId":"6njdey72n5mh2q3","id":"6njdey72n5mh2q3"},"id":"9xldyzr640b9m2a","previousOperationId":"uonyqz41nf0era7"}
{"type":"log","timestamp":1705001426256,"level":"info","message":"Rendering template { name: AveragePunctuation, recipe: chrome-pdf, engine: handlebars, preview: false }","meta":{"rootId":"6njdey72n5mh2q3","id":"6njdey72n5mh2q3"},"id":"fhkkxy4d8d2ugqh","previousOperationId":"uonyqz41nf0era7"}
{"type":"log","timestamp":1705001426257,"level":"debug","message":"Inline data specified.","meta":{"rootId":"6njdey72n5mh2q3","id":"6njdey72n5mh2q3"},"id":"yebcalv374vxbxq","previousOperationId":"uonyqz41nf0era7"}
{"type":"log","timestamp":1705001426258,"level":"debug","message":"Executing script AveragePunctuation-script (beforeRender)","meta":{"rootId":"6njdey72n5mh2q3","id":"6njdey72n5mh2q3"},"id":"o536qfh9yvjvl1e","previousOperationId":"uonyqz41nf0era7"}
{"type":"operationStart","subtype":"scriptsBeforeRender","name":"scripts beforeRender","timestamp":1705001426274,"id":"c73yntzilswxrhk","previousEventId":"2nzziq4ybvorwko","operationId":"qwgl2t6dxujs91n","previousOperationId":"uonyqz41nf0era7"}
{"type":"operationStart","subtype":"script","name":"scripts AveragePunctuation-script","previousOperationId":"qwgl2t6dxujs91n","timestamp":1705001426274,"id":"2qg7u2rqvqfd8i2","previousEventId":"c73yntzilswxrhk","operationId":"w1yce3qwfpai2k6"}
{"type":"operationEnd","operationId":"w1yce3qwfpai2k6","timestamp":1705001426285,"id":"f1mvsy4bfmzwvr1","previousEventId":"2nzziq4ybvorwko","previousOperationId":"uonyqz41nf0era7"}
{"type":"operationEnd","operationId":"qwgl2t6dxujs91n","timestamp":1705001426285,"id":"8pg21d6qfnjhhi1","previousEventId":"f1mvsy4bfmzwvr1","previousOperationId":"uonyqz41nf0era7"}
{"type":"log","timestamp":1705001426285,"level":"debug","message":"Base url not specified, skipping its injection.","meta":{"rootId":"6njdey72n5mh2q3","id":"6njdey72n5mh2q3"},"id":"9268ssq03rsr4k5","previousOperationId":"qwgl2t6dxujs91n"}
{"type":"operationStart","subtype":"engine","name":"handlebars","timestamp":1705001426285,"id":"xijxkm4gjk0x6qf","previousEventId":"8pg21d6qfnjhhi1","operationId":"8mh5prjolryv6za","previousOperationId":"qwgl2t6dxujs91n"}
{"type":"log","timestamp":1705001426285,"level":"debug","message":"Rendering engine handlebars","meta":{"rootId":"6njdey72n5mh2q3","id":"6njdey72n5mh2q3"},"id":"el2ryd5eorciff6","previousOperationId":"8mh5prjolryv6za"}
{"type":"operationEnd","operationId":"8mh5prjolryv6za","timestamp":1705001426291,"id":"0mhe2fce29s4o4g","previousEventId":"xijxkm4gjk0x6qf","previousOperationId":"8mh5prjolryv6za"}
{"type":"operationStart","subtype":"recipe","name":"chrome-pdf","timestamp":1705001426291,"id":"3vobldplh3vv81j","previousEventId":"0mhe2fce29s4o4g","operationId":"sewxl1rdvnf9sfi","previousOperationId":"8mh5prjolryv6za"}
{"type":"log","timestamp":1705001426291,"level":"debug","message":"Executing recipe chrome-pdf","meta":{"rootId":"6njdey72n5mh2q3","id":"6njdey72n5mh2q3"},"id":"wcnm4ckkpe2xc4j","previousOperationId":"sewxl1rdvnf9sfi"}
{"type":"log","timestamp":1705001426293,"level":"debug","message":"Converting with chrome HeadlessChrome/117.0.5938.149 using chrome-pool strategy","meta":{"rootId":"6njdey72n5mh2q3","id":"6njdey72n5mh2q3"},"id":"rpr3e1huq6fnsvb","previousOperationId":"sewxl1rdvnf9sfi"}
{"type":"log","timestamp":1705001426369,"level":"debug","message":"Page request: GET (document) file:///C:/Users/Javier/AppData/Local/Temp/jsreport/autocleanup/9474ade5-578e-4aa3-9e7b-e69ebc2d2415-chrome-pdf.html","meta":{"rootId":"6njdey72n5mh2q3","id":"6njdey72n5mh2q3"},"id":"lc07q71yrk51c0q","previousOperationId":"sewxl1rdvnf9sfi"}
{"type":"log","timestamp":1705001426375,"level":"debug","message":"Page request finished: GET (document) 200 file:///C:/Users/Javier/AppData/Local/Temp/jsreport/autocleanup/9474ade5-578e-4aa3-9e7b-e69ebc2d2415-chrome-pdf.html","meta":{"rootId":"6njdey72n5mh2q3","id":"6njdey72n5mh2q3"},"id":"hc4n7h5xi245rj1","previousOperationId":"sewxl1rdvnf9sfi"}
{"type":"log","timestamp":1705001426378,"level":"debug","message":"Running chrome with params {\"printBackground\":true,\"timeout\":59958,\"margin\":{}}","meta":{"rootId":"6njdey72n5mh2q3","id":"6njdey72n5mh2q3"},"id":"ydgkz4xkuap65px","previousOperationId":"sewxl1rdvnf9sfi"}
{"type":"operationEnd","operationId":"sewxl1rdvnf9sfi","timestamp":1705001426389,"id":"kahtrvcnd2c0blh","previousEventId":"3vobldplh3vv81j","previousOperationId":"sewxl1rdvnf9sfi"}
{"type":"log","timestamp":1705001426389,"level":"debug","message":"Skipping storing report.","meta":{"rootId":"6njdey72n5mh2q3","id":"6njdey72n5mh2q3"},"id":"2twglxxf1zjw1w6","previousOperationId":"sewxl1rdvnf9sfi"}
{"type":"log","timestamp":1705001426390,"level":"info","message":"Rendering request 18 finished in 140 ms","meta":{"rootId":"6njdey72n5mh2q3","id":"6njdey72n5mh2q3"},"id":"1k200s9bt7yu4iw","previousOperationId":"sewxl1rdvnf9sfi"}
{"type":"operationEnd","subtype":"render","operationId":"uonyqz41nf0era7","timestamp":1705001426390,"id":"tr9hlzxgyvaq4la","previousEventId":"kahtrvcnd2c0blh","previousOperationId":"sewxl1rdvnf9sfi"}
{"type":"operationEnd","doDiffs":false,"previousEventId":"mxqg0ud9n7hd027","previousOperationId":"v7jvbkosprcdwn9","operationId":"v7jvbkosprcdwn9","timestamp":1705001426394,"id":"21n3l2gw8dy064u"}
