{"type":"operationStart","subtype":"profile","data":{"_id":"9pwHaZ04bceOJg12","timestamp":"2024-01-11T19:32:04.996Z","state":"queued","mode":"standard","creationDate":"2024-01-11T19:32:04.997Z","modificationDate":"2024-01-11T19:32:04.997Z","shortid":"Fu-ac2W","$entitySet":"profiles"},"doDiffs":false,"timestamp":1705001524997,"id":"vd4trghd90nhu2x","previousOperationId":null,"operationId":"hpj7cb7jgv3x6mc"}
{"type":"log","level":"info","message":"Render request 23 queued for execution and waiting for available worker","previousOperationId":"hpj7cb7jgv3x6mc","timestamp":1705001524997,"id":"hsn82naayip6kc2"}
{"type":"operationStart","subtype":"render","name":"AveragePunctuation","previousOperationId":"hpj7cb7jgv3x6mc","timestamp":1705001525001,"id":"t6erkt7q9uwr0fb","previousEventId":"vd4trghd90nhu2x","operationId":"nnimj6kl5j8fw0q"}
{"type":"log","timestamp":1705001525001,"level":"info","message":"Starting rendering request 23","meta":{"rootId":"6tev1axm9yhu65m","id":"6tev1axm9yhu65m"},"id":"95ey4s5tmo6z6z3","previousOperationId":"nnimj6kl5j8fw0q"}
{"type":"log","timestamp":1705001525001,"level":"info","message":"Rendering template { name: AveragePunctuation, recipe: chrome-pdf, engine: handlebars, preview: false }","meta":{"rootId":"6tev1axm9yhu65m","id":"6tev1axm9yhu65m"},"id":"hci5ktpeostkgmr","previousOperationId":"nnimj6kl5j8fw0q"}
{"type":"log","timestamp":1705001525002,"level":"debug","message":"Inline data specified.","meta":{"rootId":"6tev1axm9yhu65m","id":"6tev1axm9yhu65m"},"id":"xq08rx3etbs7e7e","previousOperationId":"nnimj6kl5j8fw0q"}
{"type":"log","timestamp":1705001525004,"level":"debug","message":"Executing script AveragePunctuation-script (beforeRender)","meta":{"rootId":"6tev1axm9yhu65m","id":"6tev1axm9yhu65m"},"id":"f2eotgqzvf5p1fm","previousOperationId":"nnimj6kl5j8fw0q"}
{"type":"operationStart","subtype":"scriptsBeforeRender","name":"scripts beforeRender","timestamp":1705001525017,"id":"a5ct6re14qr81yz","previousEventId":"t6erkt7q9uwr0fb","operationId":"9q1gp5hmedi49e5","previousOperationId":"nnimj6kl5j8fw0q"}
{"type":"operationStart","subtype":"script","name":"scripts AveragePunctuation-script","previousOperationId":"9q1gp5hmedi49e5","timestamp":1705001525017,"id":"1df49fasovopz1h","previousEventId":"a5ct6re14qr81yz","operationId":"e2wwnau8dp6qzz0"}
{"type":"operationEnd","operationId":"e2wwnau8dp6qzz0","timestamp":1705001525028,"id":"yiys0bx6azpe40w","previousEventId":"t6erkt7q9uwr0fb","previousOperationId":"nnimj6kl5j8fw0q"}
{"type":"operationEnd","operationId":"9q1gp5hmedi49e5","timestamp":1705001525028,"id":"xpsqcpiyj2yg14h","previousEventId":"yiys0bx6azpe40w","previousOperationId":"nnimj6kl5j8fw0q"}
{"type":"log","timestamp":1705001525028,"level":"debug","message":"Base url not specified, skipping its injection.","meta":{"rootId":"6tev1axm9yhu65m","id":"6tev1axm9yhu65m"},"id":"36l3gsnqujldxb5","previousOperationId":"9q1gp5hmedi49e5"}
{"type":"operationStart","subtype":"engine","name":"handlebars","timestamp":1705001525028,"id":"mwwd6i9hz7w1wzf","previousEventId":"xpsqcpiyj2yg14h","operationId":"2yzjvwdk59jkzgv","previousOperationId":"9q1gp5hmedi49e5"}
{"type":"log","timestamp":1705001525028,"level":"debug","message":"Rendering engine handlebars","meta":{"rootId":"6tev1axm9yhu65m","id":"6tev1axm9yhu65m"},"id":"t9578fxg2rl3sv8","previousOperationId":"2yzjvwdk59jkzgv"}
{"type":"operationEnd","operationId":"2yzjvwdk59jkzgv","timestamp":1705001525034,"id":"48qaxdg60hbv0k1","previousEventId":"mwwd6i9hz7w1wzf","previousOperationId":"2yzjvwdk59jkzgv"}
{"type":"operationStart","subtype":"recipe","name":"chrome-pdf","timestamp":1705001525034,"id":"su4bdxr3dqm83zs","previousEventId":"48qaxdg60hbv0k1","operationId":"igxywlxxd2x6ohg","previousOperationId":"2yzjvwdk59jkzgv"}
{"type":"log","timestamp":1705001525034,"level":"debug","message":"Executing recipe chrome-pdf","meta":{"rootId":"6tev1axm9yhu65m","id":"6tev1axm9yhu65m"},"id":"lmpal1aeh9s8kqp","previousOperationId":"igxywlxxd2x6ohg"}
{"type":"log","timestamp":1705001525035,"level":"debug","message":"Converting with chrome HeadlessChrome/117.0.5938.149 using chrome-pool strategy","meta":{"rootId":"6tev1axm9yhu65m","id":"6tev1axm9yhu65m"},"id":"ky9uzhr3a0pusis","previousOperationId":"igxywlxxd2x6ohg"}
{"type":"log","timestamp":1705001525114,"level":"debug","message":"Page request: GET (document) file:///C:/Users/Javier/AppData/Local/Temp/jsreport/autocleanup/a2e21126-9b54-4de4-a56e-a1cc3c2fb442-chrome-pdf.html","meta":{"rootId":"6tev1axm9yhu65m","id":"6tev1axm9yhu65m"},"id":"frgd91q4gw12la5","previousOperationId":"igxywlxxd2x6ohg"}
{"type":"log","timestamp":1705001525121,"level":"debug","message":"Page request finished: GET (document) 200 file:///C:/Users/Javier/AppData/Local/Temp/jsreport/autocleanup/a2e21126-9b54-4de4-a56e-a1cc3c2fb442-chrome-pdf.html","meta":{"rootId":"6tev1axm9yhu65m","id":"6tev1axm9yhu65m"},"id":"p0k2g4vouuqwlxd","previousOperationId":"igxywlxxd2x6ohg"}
{"type":"log","timestamp":1705001525124,"level":"debug","message":"Running chrome with params {\"printBackground\":true,\"timeout\":59961,\"margin\":{}}","meta":{"rootId":"6tev1axm9yhu65m","id":"6tev1axm9yhu65m"},"id":"64ap1kpsr5g7x4r","previousOperationId":"igxywlxxd2x6ohg"}
{"type":"operationEnd","operationId":"igxywlxxd2x6ohg","timestamp":1705001525134,"id":"lv1zb9vtpo2nxj4","previousEventId":"su4bdxr3dqm83zs","previousOperationId":"igxywlxxd2x6ohg"}
{"type":"log","timestamp":1705001525134,"level":"debug","message":"Skipping storing report.","meta":{"rootId":"6tev1axm9yhu65m","id":"6tev1axm9yhu65m"},"id":"1e4buns34evn7tq","previousOperationId":"igxywlxxd2x6ohg"}
{"type":"log","timestamp":1705001525134,"level":"info","message":"Rendering request 23 finished in 138 ms","meta":{"rootId":"6tev1axm9yhu65m","id":"6tev1axm9yhu65m"},"id":"59vgrxg1fzk2xlu","previousOperationId":"igxywlxxd2x6ohg"}
{"type":"operationEnd","subtype":"render","operationId":"nnimj6kl5j8fw0q","timestamp":1705001525134,"id":"b875q7zpyspuhhh","previousEventId":"lv1zb9vtpo2nxj4","previousOperationId":"igxywlxxd2x6ohg"}
{"type":"operationEnd","doDiffs":false,"previousEventId":"vd4trghd90nhu2x","previousOperationId":"hpj7cb7jgv3x6mc","operationId":"hpj7cb7jgv3x6mc","timestamp":1705001525138,"id":"fa1hs0g8qxpjcea"}
