{"type":"operationStart","subtype":"profile","data":{"_id":"zFrDnxDzMVL54Hp5","timestamp":"2024-01-13T22:39:30.029Z","state":"queued","mode":"standard","creationDate":"2024-01-13T22:39:30.031Z","modificationDate":"2024-01-13T22:39:30.031Z","shortid":"G7iiss4","$entitySet":"profiles"},"doDiffs":false,"timestamp":1705185570030,"id":"oqqjb74vqmsydgn","previousOperationId":null,"operationId":"rax1jvi9t1tei8a"}
{"type":"log","level":"info","message":"Render request 23 queued for execution and waiting for available worker","previousOperationId":"rax1jvi9t1tei8a","timestamp":1705185570030,"id":"vj9lfzhabo8vxhc"}
{"type":"operationStart","subtype":"render","name":"AveragePunctuation","previousOperationId":"rax1jvi9t1tei8a","timestamp":1705185570038,"id":"jxbryzgscwlt4ga","previousEventId":"oqqjb74vqmsydgn","operationId":"8sddbvrsya84bwg"}
{"type":"log","timestamp":1705185570039,"level":"info","message":"Starting rendering request 23","meta":{"rootId":"6u9m1y4eo5afeu8","id":"6u9m1y4eo5afeu8"},"id":"cjnysf98hlm7175","previousOperationId":"8sddbvrsya84bwg"}
{"type":"log","timestamp":1705185570039,"level":"info","message":"Rendering template { name: AveragePunctuation, recipe: chrome-pdf, engine: handlebars, preview: false }","meta":{"rootId":"6u9m1y4eo5afeu8","id":"6u9m1y4eo5afeu8"},"id":"qium0cyhdo7ulku","previousOperationId":"8sddbvrsya84bwg"}
{"type":"log","timestamp":1705185570039,"level":"debug","message":"Inline data specified.","meta":{"rootId":"6u9m1y4eo5afeu8","id":"6u9m1y4eo5afeu8"},"id":"i58acwo77y2pdm3","previousOperationId":"8sddbvrsya84bwg"}
{"type":"log","timestamp":1705185570041,"level":"debug","message":"Executing script AveragePunctuation-script (beforeRender)","meta":{"rootId":"6u9m1y4eo5afeu8","id":"6u9m1y4eo5afeu8"},"id":"zsd8tz6cbnks7ug","previousOperationId":"8sddbvrsya84bwg"}
{"type":"operationStart","subtype":"scriptsBeforeRender","name":"scripts beforeRender","timestamp":1705185570058,"id":"s0p6wnc8nru3323","previousEventId":"jxbryzgscwlt4ga","operationId":"eyab0118a9md31g","previousOperationId":"8sddbvrsya84bwg"}
{"type":"operationStart","subtype":"script","name":"scripts AveragePunctuation-script","previousOperationId":"eyab0118a9md31g","timestamp":1705185570059,"id":"rwf0vp33o9wdj0f","previousEventId":"s0p6wnc8nru3323","operationId":"g3k7tt6j22on416"}
{"type":"operationEnd","operationId":"g3k7tt6j22on416","timestamp":1705185570069,"id":"tbk5uuwtw1rf8ki","previousEventId":"jxbryzgscwlt4ga","previousOperationId":"8sddbvrsya84bwg"}
{"type":"operationEnd","operationId":"eyab0118a9md31g","timestamp":1705185570069,"id":"zys6kt409yvk2xu","previousEventId":"tbk5uuwtw1rf8ki","previousOperationId":"8sddbvrsya84bwg"}
{"type":"log","timestamp":1705185570069,"level":"debug","message":"Base url not specified, skipping its injection.","meta":{"rootId":"6u9m1y4eo5afeu8","id":"6u9m1y4eo5afeu8"},"id":"sv3jc0nrtshmigu","previousOperationId":"eyab0118a9md31g"}
{"type":"operationStart","subtype":"engine","name":"handlebars","timestamp":1705185570070,"id":"tobcneb4c2i21uf","previousEventId":"zys6kt409yvk2xu","operationId":"l588ac0p1y57kv7","previousOperationId":"eyab0118a9md31g"}
{"type":"log","timestamp":1705185570070,"level":"debug","message":"Rendering engine handlebars","meta":{"rootId":"6u9m1y4eo5afeu8","id":"6u9m1y4eo5afeu8"},"id":"1m2mk02ea59l4lb","previousOperationId":"l588ac0p1y57kv7"}
{"type":"operationEnd","operationId":"l588ac0p1y57kv7","timestamp":1705185570075,"id":"crrilqmzywzesdw","previousEventId":"tobcneb4c2i21uf","previousOperationId":"l588ac0p1y57kv7"}
{"type":"operationStart","subtype":"recipe","name":"chrome-pdf","timestamp":1705185570076,"id":"zvn22gajhff9hrc","previousEventId":"crrilqmzywzesdw","operationId":"a85kbb0cyrqtr94","previousOperationId":"l588ac0p1y57kv7"}
{"type":"log","timestamp":1705185570076,"level":"debug","message":"Executing recipe chrome-pdf","meta":{"rootId":"6u9m1y4eo5afeu8","id":"6u9m1y4eo5afeu8"},"id":"tvdp1u76fgohhv7","previousOperationId":"a85kbb0cyrqtr94"}
{"type":"log","timestamp":1705185570078,"level":"debug","message":"Converting with chrome HeadlessChrome/117.0.5938.149 using chrome-pool strategy","meta":{"rootId":"6u9m1y4eo5afeu8","id":"6u9m1y4eo5afeu8"},"id":"thd09ghk0efit47","previousOperationId":"a85kbb0cyrqtr94"}
{"type":"log","timestamp":1705185570147,"level":"debug","message":"Page request: GET (document) file:///C:/Users/Javier/AppData/Local/Temp/jsreport/autocleanup/073231ca-9a97-4959-ad64-8a4950c8e17b-chrome-pdf.html","meta":{"rootId":"6u9m1y4eo5afeu8","id":"6u9m1y4eo5afeu8"},"id":"l5php87lxgx9egi","previousOperationId":"a85kbb0cyrqtr94"}
{"type":"log","timestamp":1705185570182,"level":"debug","message":"Page request: GET (stylesheet) https://cdnjs.cloudflare.com/ajax/libs/metro/4.1.5/css/metro.min.css","meta":{"rootId":"6u9m1y4eo5afeu8","id":"6u9m1y4eo5afeu8"},"id":"c4keo9qpbd8sf9p","previousOperationId":"a85kbb0cyrqtr94"}
{"type":"log","timestamp":1705185570182,"level":"debug","message":"Page request: GET (script) https://cdnjs.cloudflare.com/ajax/libs/Chart.js/2.7.2/Chart.min.js","meta":{"rootId":"6u9m1y4eo5afeu8","id":"6u9m1y4eo5afeu8"},"id":"64oyb8i9p3jos10","previousOperationId":"a85kbb0cyrqtr94"}
{"type":"log","timestamp":1705185570183,"level":"debug","message":"Page request finished: GET (document) 200 file:///C:/Users/Javier/AppData/Local/Temp/jsreport/autocleanup/073231ca-9a97-4959-ad64-8a4950c8e17b-chrome-pdf.html","meta":{"rootId":"6u9m1y4eo5afeu8","id":"6u9m1y4eo5afeu8"},"id":"aset2vs7jgfzd7z","previousOperationId":"a85kbb0cyrqtr94"}
{"type":"log","timestamp":1705185570186,"level":"debug","message":"Page request finished: GET (script) 200 https://cdnjs.cloudflare.com/ajax/libs/Chart.js/2.7.2/Chart.min.js","meta":{"rootId":"6u9m1y4eo5afeu8","id":"6u9m1y4eo5afeu8"},"id":"ew72njnvqsknfyr","previousOperationId":"a85kbb0cyrqtr94"}
{"type":"log","timestamp":1705185570195,"level":"debug","message":"Page request finished: GET (stylesheet) 200 https://cdnjs.cloudflare.com/ajax/libs/metro/4.1.5/css/metro.min.css","meta":{"rootId":"6u9m1y4eo5afeu8","id":"6u9m1y4eo5afeu8"},"id":"b79w5sxxnyzhmru","previousOperationId":"a85kbb0cyrqtr94"}
{"type":"log","timestamp":1705185570250,"level":"debug","message":"Running chrome with params {\"printBackground\":true,\"timeout\":59951,\"margin\":{}}","meta":{"rootId":"6u9m1y4eo5afeu8","id":"6u9m1y4eo5afeu8"},"id":"xqhp8yolw5li9r9","previousOperationId":"a85kbb0cyrqtr94"}
{"type":"operationEnd","operationId":"a85kbb0cyrqtr94","timestamp":1705185570407,"id":"u7g17v3ikh2bmvc","previousEventId":"zvn22gajhff9hrc","previousOperationId":"a85kbb0cyrqtr94"}
{"type":"log","timestamp":1705185570407,"level":"debug","message":"Skipping storing report.","meta":{"rootId":"6u9m1y4eo5afeu8","id":"6u9m1y4eo5afeu8"},"id":"zpa82za1vczdqze","previousOperationId":"a85kbb0cyrqtr94"}
{"type":"log","timestamp":1705185570407,"level":"info","message":"Rendering request 23 finished in 378 ms","meta":{"rootId":"6u9m1y4eo5afeu8","id":"6u9m1y4eo5afeu8"},"id":"0f7mr80s3bf95rx","previousOperationId":"a85kbb0cyrqtr94"}
{"type":"operationEnd","subtype":"render","operationId":"8sddbvrsya84bwg","timestamp":1705185570407,"id":"jwo3lanpfdmxbi1","previousEventId":"u7g17v3ikh2bmvc","previousOperationId":"a85kbb0cyrqtr94"}
{"type":"operationEnd","doDiffs":false,"previousEventId":"oqqjb74vqmsydgn","previousOperationId":"rax1jvi9t1tei8a","operationId":"rax1jvi9t1tei8a","timestamp":1705185570409,"id":"7w0u2x0rqkoqp7n"}
