{"type":"operationStart","subtype":"profile","data":{"_id":"LCex1KbhWAUrCkcB","timestamp":"2024-01-13T22:27:46.252Z","state":"queued","mode":"standard","creationDate":"2024-01-13T22:27:46.254Z","modificationDate":"2024-01-13T22:27:46.254Z","shortid":"_8i61Vh","$entitySet":"profiles"},"doDiffs":false,"timestamp":1705184866253,"id":"m66qzuqfxwt1qj7","previousOperationId":null,"operationId":"cr4w38yeddv4m9g"}
{"type":"log","level":"info","message":"Render request 12 queued for execution and waiting for available worker","previousOperationId":"cr4w38yeddv4m9g","timestamp":1705184866253,"id":"wctx3nassjytt0z"}
{"type":"operationStart","subtype":"render","name":"AveragePunctuation","previousOperationId":"cr4w38yeddv4m9g","timestamp":1705184866260,"id":"zlbz68n4y6ezdnm","previousEventId":"m66qzuqfxwt1qj7","operationId":"tprae8bniva8yog"}
{"type":"log","timestamp":1705184866260,"level":"info","message":"Starting rendering request 12","meta":{"rootId":"7e3hftvmcmke93n","id":"7e3hftvmcmke93n"},"id":"i2wnchf93kco0ea","previousOperationId":"tprae8bniva8yog"}
{"type":"log","timestamp":1705184866260,"level":"info","message":"Rendering template { name: AveragePunctuation, recipe: chrome-pdf, engine: handlebars, preview: false }","meta":{"rootId":"7e3hftvmcmke93n","id":"7e3hftvmcmke93n"},"id":"korz2sel45600ih","previousOperationId":"tprae8bniva8yog"}
{"type":"log","timestamp":1705184866261,"level":"debug","message":"Inline data specified.","meta":{"rootId":"7e3hftvmcmke93n","id":"7e3hftvmcmke93n"},"id":"vn8fnlt9384s913","previousOperationId":"tprae8bniva8yog"}
{"type":"log","timestamp":1705184866264,"level":"debug","message":"Executing script AveragePunctuation-script (beforeRender)","meta":{"rootId":"7e3hftvmcmke93n","id":"7e3hftvmcmke93n"},"id":"eqaz9pnrex35nna","previousOperationId":"tprae8bniva8yog"}
{"type":"operationStart","subtype":"scriptsBeforeRender","name":"scripts beforeRender","timestamp":1705184866309,"id":"uwegvarx52utz09","previousEventId":"zlbz68n4y6ezdnm","operationId":"3l9h1ndelsamknc","previousOperationId":"tprae8bniva8yog"}
{"type":"operationStart","subtype":"script","name":"scripts AveragePunctuation-script","previousOperationId":"3l9h1ndelsamknc","timestamp":1705184866309,"id":"xh817sdvs0ikp0q","previousEventId":"uwegvarx52utz09","operationId":"v2nd63me7slvdqs"}
{"type":"operationEnd","operationId":"v2nd63me7slvdqs","timestamp":1705184866324,"id":"s8772zpxi30j7pc","previousEventId":"zlbz68n4y6ezdnm","previousOperationId":"tprae8bniva8yog"}
{"type":"operationEnd","operationId":"3l9h1ndelsamknc","timestamp":1705184866324,"id":"abeukpppztj3dqk","previousEventId":"s8772zpxi30j7pc","previousOperationId":"tprae8bniva8yog"}
{"type":"log","timestamp":1705184866324,"level":"debug","message":"Base url not specified, skipping its injection.","meta":{"rootId":"7e3hftvmcmke93n","id":"7e3hftvmcmke93n"},"id":"iebjdsalwncmov9","previousOperationId":"3l9h1ndelsamknc"}
{"type":"operationStart","subtype":"engine","name":"handlebars","timestamp":1705184866325,"id":"d485kb71xjrv4fa","previousEventId":"abeukpppztj3dqk","operationId":"r88k5yuhb1baqsq","previousOperationId":"3l9h1ndelsamknc"}
{"type":"log","timestamp":1705184866325,"level":"debug","message":"Rendering engine handlebars","meta":{"rootId":"7e3hftvmcmke93n","id":"7e3hftvmcmke93n"},"id":"x5ztawyudbbms9e","previousOperationId":"r88k5yuhb1baqsq"}
{"type":"operationEnd","operationId":"r88k5yuhb1baqsq","timestamp":1705184866337,"id":"n8d5lyqgk6i9jq0","previousEventId":"d485kb71xjrv4fa","previousOperationId":"r88k5yuhb1baqsq"}
{"type":"operationStart","subtype":"recipe","name":"chrome-pdf","timestamp":1705184866338,"id":"clpyuafbpknc301","previousEventId":"n8d5lyqgk6i9jq0","operationId":"vldngervk4nlklc","previousOperationId":"r88k5yuhb1baqsq"}
{"type":"log","timestamp":1705184866338,"level":"debug","message":"Executing recipe chrome-pdf","meta":{"rootId":"7e3hftvmcmke93n","id":"7e3hftvmcmke93n"},"id":"47dv0pqpn4qs6v8","previousOperationId":"vldngervk4nlklc"}
{"type":"log","timestamp":1705184866342,"level":"debug","message":"Converting with chrome HeadlessChrome/117.0.5938.149 using chrome-pool strategy","meta":{"rootId":"7e3hftvmcmke93n","id":"7e3hftvmcmke93n"},"id":"aunn5cyr768gzxg","previousOperationId":"vldngervk4nlklc"}
{"type":"log","timestamp":1705184866436,"level":"debug","message":"Page request: GET (document) file:///C:/Users/Javier/AppData/Local/Temp/jsreport/autocleanup/b207c0b1-6e59-46dd-90f6-0bc5a4678b56-chrome-pdf.html","meta":{"rootId":"7e3hftvmcmke93n","id":"7e3hftvmcmke93n"},"id":"abqxqvlbols1n48","previousOperationId":"vldngervk4nlklc"}
{"type":"log","timestamp":1705184866484,"level":"debug","message":"Page request: GET (stylesheet) https://cdnjs.cloudflare.com/ajax/libs/metro/4.1.5/css/metro.min.css","meta":{"rootId":"7e3hftvmcmke93n","id":"7e3hftvmcmke93n"},"id":"1v3ty8tny33c9u9","previousOperationId":"vldngervk4nlklc"}
{"type":"log","timestamp":1705184866484,"level":"debug","message":"Page request: GET (script) https://cdnjs.cloudflare.com/ajax/libs/Chart.js/2.7.2/Chart.min.js","meta":{"rootId":"7e3hftvmcmke93n","id":"7e3hftvmcmke93n"},"id":"blerm41saoyirst","previousOperationId":"vldngervk4nlklc"}
{"type":"log","timestamp":1705184866485,"level":"debug","message":"Page request finished: GET (document) 200 file:///C:/Users/Javier/AppData/Local/Temp/jsreport/autocleanup/b207c0b1-6e59-46dd-90f6-0bc5a4678b56-chrome-pdf.html","meta":{"rootId":"7e3hftvmcmke93n","id":"7e3hftvmcmke93n"},"id":"gvidjswxjnhxr24","previousOperationId":"vldngervk4nlklc"}
{"type":"log","timestamp":1705184866501,"level":"debug","message":"Page request finished: GET (stylesheet) 200 https://cdnjs.cloudflare.com/ajax/libs/metro/4.1.5/css/metro.min.css","meta":{"rootId":"7e3hftvmcmke93n","id":"7e3hftvmcmke93n"},"id":"znvi4o9jb2e1vsd","previousOperationId":"vldngervk4nlklc"}
{"type":"log","timestamp":1705184866501,"level":"debug","message":"Page request finished: GET (script) 200 https://cdnjs.cloudflare.com/ajax/libs/Chart.js/2.7.2/Chart.min.js","meta":{"rootId":"7e3hftvmcmke93n","id":"7e3hftvmcmke93n"},"id":"2xj93wu624w3gk1","previousOperationId":"vldngervk4nlklc"}
{"type":"log","timestamp":1705184866564,"level":"debug","message":"Running chrome with params {\"printBackground\":true,\"timeout\":59912,\"margin\":{}}","meta":{"rootId":"7e3hftvmcmke93n","id":"7e3hftvmcmke93n"},"id":"iwhnr2ny3xue1n6","previousOperationId":"vldngervk4nlklc"}
{"type":"operationEnd","operationId":"vldngervk4nlklc","timestamp":1705184866666,"id":"rvjrhrldo7geu7x","previousEventId":"clpyuafbpknc301","previousOperationId":"vldngervk4nlklc"}
{"type":"log","timestamp":1705184866666,"level":"debug","message":"Skipping storing report.","meta":{"rootId":"7e3hftvmcmke93n","id":"7e3hftvmcmke93n"},"id":"t78vsm933oh8kwe","previousOperationId":"vldngervk4nlklc"}
{"type":"log","timestamp":1705184866666,"level":"info","message":"Rendering request 12 finished in 414 ms","meta":{"rootId":"7e3hftvmcmke93n","id":"7e3hftvmcmke93n"},"id":"bjuwqmqw0cfzbyc","previousOperationId":"vldngervk4nlklc"}
{"type":"operationEnd","subtype":"render","operationId":"tprae8bniva8yog","timestamp":1705184866666,"id":"59jrnaazf3u4mpt","previousEventId":"rvjrhrldo7geu7x","previousOperationId":"vldngervk4nlklc"}
{"type":"operationEnd","doDiffs":false,"previousEventId":"m66qzuqfxwt1qj7","previousOperationId":"cr4w38yeddv4m9g","operationId":"cr4w38yeddv4m9g","timestamp":1705184866668,"id":"36ul5k3am5yjm99"}
