{"type":"operationStart","subtype":"profile","data":{"_id":"hYJD7HYpsB8q6A6Q","timestamp":"2024-01-11T15:58:14.954Z","state":"queued","mode":"standard","creationDate":"2024-01-11T15:58:14.955Z","modificationDate":"2024-01-11T15:58:14.955Z","shortid":"m8tksVA","$entitySet":"profiles"},"doDiffs":false,"timestamp":1704988694954,"id":"dz41venw4mcind9","previousOperationId":null,"operationId":"bnxo64ovrz0hctm"}
{"type":"log","level":"info","message":"Render request 12 queued for execution and waiting for available worker","previousOperationId":"bnxo64ovrz0hctm","timestamp":1704988694954,"id":"7lxr2n31g80aeub"}
{"type":"operationStart","subtype":"render","name":"AveragePunctuation","previousOperationId":"bnxo64ovrz0hctm","timestamp":1704988694964,"id":"iv8pwggw5nj3rmx","previousEventId":"dz41venw4mcind9","operationId":"mjh6quyzh88somw"}
{"type":"log","timestamp":1704988694965,"level":"info","message":"Starting rendering request 12","meta":{"rootId":"7hb531cp7nz5awj","id":"7hb531cp7nz5awj"},"id":"hl2ow5rum4x4lqq","previousOperationId":"mjh6quyzh88somw"}
{"type":"log","timestamp":1704988694965,"level":"info","message":"Rendering template { name: AveragePunctuation, recipe: chrome-pdf, engine: handlebars, preview: false }","meta":{"rootId":"7hb531cp7nz5awj","id":"7hb531cp7nz5awj"},"id":"k80ad8fphd0pfg9","previousOperationId":"mjh6quyzh88somw"}
{"type":"log","timestamp":1704988694966,"level":"debug","message":"Inline data specified.","meta":{"rootId":"7hb531cp7nz5awj","id":"7hb531cp7nz5awj"},"id":"s6l35vu4lyzl8d1","previousOperationId":"mjh6quyzh88somw"}
{"type":"log","timestamp":1704988694973,"level":"debug","message":"Executing script AveragePunctuation-script (beforeRender)","meta":{"rootId":"7hb531cp7nz5awj","id":"7hb531cp7nz5awj"},"id":"824b9ltt8lb4w2h","previousOperationId":"mjh6quyzh88somw"}
{"type":"operationStart","subtype":"scriptsBeforeRender","name":"scripts beforeRender","timestamp":1704988694998,"id":"8ld2omktgs5lxbe","previousEventId":"iv8pwggw5nj3rmx","operationId":"6tctovoidbork9n","previousOperationId":"mjh6quyzh88somw"}
{"type":"operationStart","subtype":"script","name":"scripts AveragePunctuation-script","previousOperationId":"6tctovoidbork9n","timestamp":1704988694998,"id":"vbvw9cyb0tktzkv","previousEventId":"8ld2omktgs5lxbe","operationId":"15ctoddclqwchap"}
{"type":"operationEnd","operationId":"15ctoddclqwchap","timestamp":1704988694999,"id":"gorwsa49us2p795","previousEventId":"iv8pwggw5nj3rmx","previousOperationId":"mjh6quyzh88somw"}
{"type":"operationEnd","operationId":"6tctovoidbork9n","timestamp":1704988694999,"id":"6g8df91txvtkhfz","previousEventId":"gorwsa49us2p795","previousOperationId":"mjh6quyzh88somw"}
{"type":"log","timestamp":1704988694999,"level":"debug","message":"Base url not specified, skipping its injection.","meta":{"rootId":"7hb531cp7nz5awj","id":"7hb531cp7nz5awj"},"id":"zu44bkcdpjkrapp","previousOperationId":"6tctovoidbork9n"}
{"type":"operationStart","subtype":"engine","name":"handlebars","timestamp":1704988694999,"id":"tnkslzhwbduyjug","previousEventId":"6g8df91txvtkhfz","operationId":"tb7fwboolmvx2ye","previousOperationId":"6tctovoidbork9n"}
{"type":"log","timestamp":1704988694999,"level":"debug","message":"Rendering engine handlebars","meta":{"rootId":"7hb531cp7nz5awj","id":"7hb531cp7nz5awj"},"id":"870en03fxgobbul","previousOperationId":"tb7fwboolmvx2ye"}
{"type":"operationEnd","operationId":"tb7fwboolmvx2ye","timestamp":1704988695011,"id":"nb3x4i36r7qktms","previousEventId":"tnkslzhwbduyjug","previousOperationId":"tb7fwboolmvx2ye"}
{"type":"operationStart","subtype":"recipe","name":"chrome-pdf","timestamp":1704988695011,"id":"eykqxkeyc4wrt6x","previousEventId":"nb3x4i36r7qktms","operationId":"3zmwmzqjfs6ja2d","previousOperationId":"tb7fwboolmvx2ye"}
{"type":"log","timestamp":1704988695011,"level":"debug","message":"Executing recipe chrome-pdf","meta":{"rootId":"7hb531cp7nz5awj","id":"7hb531cp7nz5awj"},"id":"7vigrtt3630qak7","previousOperationId":"3zmwmzqjfs6ja2d"}
{"type":"log","timestamp":1704988695013,"level":"debug","message":"Converting with chrome HeadlessChrome/117.0.5938.149 using chrome-pool strategy","meta":{"rootId":"7hb531cp7nz5awj","id":"7hb531cp7nz5awj"},"id":"9oi2t8e4mysbizs","previousOperationId":"3zmwmzqjfs6ja2d"}
{"type":"log","timestamp":1704988695094,"level":"debug","message":"Page request: GET (document) file:///C:/Users/Javier/AppData/Local/Temp/jsreport/autocleanup/88afd20d-8d18-4216-9123-f3435ee49dde-chrome-pdf.html","meta":{"rootId":"7hb531cp7nz5awj","id":"7hb531cp7nz5awj"},"id":"rx7hvlt5tcy1lzd","previousOperationId":"3zmwmzqjfs6ja2d"}
{"type":"log","timestamp":1704988695108,"level":"debug","message":"Page request finished: GET (document) 200 file:///C:/Users/Javier/AppData/Local/Temp/jsreport/autocleanup/88afd20d-8d18-4216-9123-f3435ee49dde-chrome-pdf.html","meta":{"rootId":"7hb531cp7nz5awj","id":"7hb531cp7nz5awj"},"id":"0y2cddy1fa1oybi","previousOperationId":"3zmwmzqjfs6ja2d"}
{"type":"log","timestamp":1704988695119,"level":"debug","message":"Running chrome with params {\"printBackground\":true,\"timeout\":59942,\"margin\":{}}","meta":{"rootId":"7hb531cp7nz5awj","id":"7hb531cp7nz5awj"},"id":"dg236vkztv63e68","previousOperationId":"3zmwmzqjfs6ja2d"}
{"type":"operationEnd","operationId":"3zmwmzqjfs6ja2d","timestamp":1704988695162,"id":"asn0noc71dnkvkw","previousEventId":"eykqxkeyc4wrt6x","previousOperationId":"3zmwmzqjfs6ja2d"}
{"type":"log","timestamp":1704988695162,"level":"debug","message":"Skipping storing report.","meta":{"rootId":"7hb531cp7nz5awj","id":"7hb531cp7nz5awj"},"id":"l1jebnmxne8vobw","previousOperationId":"3zmwmzqjfs6ja2d"}
{"type":"log","timestamp":1704988695162,"level":"info","message":"Rendering request 12 finished in 208 ms","meta":{"rootId":"7hb531cp7nz5awj","id":"7hb531cp7nz5awj"},"id":"bps8gp99jjs2j2p","previousOperationId":"3zmwmzqjfs6ja2d"}
{"type":"operationEnd","subtype":"render","operationId":"mjh6quyzh88somw","timestamp":1704988695162,"id":"qa8qcnbgrorxkcm","previousEventId":"asn0noc71dnkvkw","previousOperationId":"3zmwmzqjfs6ja2d"}
{"type":"operationEnd","doDiffs":false,"previousEventId":"dz41venw4mcind9","previousOperationId":"bnxo64ovrz0hctm","operationId":"bnxo64ovrz0hctm","timestamp":1704988695164,"id":"air0h841jrh8zc7"}
