{"type":"operationStart","subtype":"profile","data":{"_id":"6S8oE20ZzHhXHcGq","timestamp":"2024-01-14T14:42:02.514Z","state":"queued","mode":"standard","creationDate":"2024-01-14T14:42:02.516Z","modificationDate":"2024-01-14T14:42:02.516Z","shortid":"LWLaqTf","$entitySet":"profiles"},"doDiffs":false,"timestamp":1705243322515,"id":"fyiytju7nz3eowf","previousOperationId":null,"operationId":"ujh84wjv10929e8"}
{"type":"log","level":"info","message":"Render request 2 queued for execution and waiting for available worker","previousOperationId":"ujh84wjv10929e8","timestamp":1705243322515,"id":"ojc29y2r0s0uzzd"}
{"type":"operationStart","subtype":"render","name":"AveragePunctuation","previousOperationId":"ujh84wjv10929e8","timestamp":1705243322526,"id":"lcets7xlz3eyfwb","previousEventId":"fyiytju7nz3eowf","operationId":"zlbscli6d674pm2"}
{"type":"log","timestamp":1705243322527,"level":"info","message":"Starting rendering request 2","meta":{"rootId":"7hjm10n5yzq3omo","id":"7hjm10n5yzq3omo"},"id":"dreqgj248q205ui","previousOperationId":"zlbscli6d674pm2"}
{"type":"log","timestamp":1705243322527,"level":"info","message":"Rendering template { name: AveragePunctuation, recipe: chrome-pdf, engine: handlebars, preview: false }","meta":{"rootId":"7hjm10n5yzq3omo","id":"7hjm10n5yzq3omo"},"id":"2jx9iedzx9jf72l","previousOperationId":"zlbscli6d674pm2"}
{"type":"log","timestamp":1705243322529,"level":"debug","message":"Inline data specified.","meta":{"rootId":"7hjm10n5yzq3omo","id":"7hjm10n5yzq3omo"},"id":"y6u6d5edyqqda0f","previousOperationId":"zlbscli6d674pm2"}
{"type":"log","timestamp":1705243322534,"level":"debug","message":"Executing script AveragePunctuation-script (beforeRender)","meta":{"rootId":"7hjm10n5yzq3omo","id":"7hjm10n5yzq3omo"},"id":"2j445nzh2v4862u","previousOperationId":"zlbscli6d674pm2"}
{"type":"operationStart","subtype":"scriptsBeforeRender","name":"scripts beforeRender","timestamp":1705243322923,"id":"hxgl7xl53lc8lit","previousEventId":"lcets7xlz3eyfwb","operationId":"dpkw3kv6a8cmyy3","previousOperationId":"zlbscli6d674pm2"}
{"type":"operationStart","subtype":"script","name":"scripts AveragePunctuation-script","previousOperationId":"dpkw3kv6a8cmyy3","timestamp":1705243322923,"id":"bgq0ofjwmr0bq32","previousEventId":"hxgl7xl53lc8lit","operationId":"1gfw9hl41mj7g0z"}
{"type":"operationEnd","operationId":"1gfw9hl41mj7g0z","timestamp":1705243322957,"id":"lb8ygk6uo03i8d9","previousEventId":"lcets7xlz3eyfwb","previousOperationId":"zlbscli6d674pm2"}
{"type":"operationEnd","operationId":"dpkw3kv6a8cmyy3","timestamp":1705243322957,"id":"n9wxouqduozbxiw","previousEventId":"lb8ygk6uo03i8d9","previousOperationId":"zlbscli6d674pm2"}
{"type":"log","timestamp":1705243322957,"level":"debug","message":"Base url not specified, skipping its injection.","meta":{"rootId":"7hjm10n5yzq3omo","id":"7hjm10n5yzq3omo"},"id":"veh07g1d5xjf4xa","previousOperationId":"dpkw3kv6a8cmyy3"}
{"type":"operationStart","subtype":"engine","name":"handlebars","timestamp":1705243322958,"id":"5al0m5h48v5u932","previousEventId":"n9wxouqduozbxiw","operationId":"tbazgrv7i92crsu","previousOperationId":"dpkw3kv6a8cmyy3"}
{"type":"log","timestamp":1705243322958,"level":"debug","message":"Rendering engine handlebars","meta":{"rootId":"7hjm10n5yzq3omo","id":"7hjm10n5yzq3omo"},"id":"nojcmzldy8rbou3","previousOperationId":"tbazgrv7i92crsu"}
{"type":"operationEnd","operationId":"tbazgrv7i92crsu","timestamp":1705243323292,"id":"lh139lbellcuc0w","previousEventId":"5al0m5h48v5u932","previousOperationId":"tbazgrv7i92crsu"}
{"type":"operationStart","subtype":"recipe","name":"chrome-pdf","timestamp":1705243323294,"id":"vxp0vwrhedf1zhl","previousEventId":"lh139lbellcuc0w","operationId":"9rxjv53o7m5gw8x","previousOperationId":"tbazgrv7i92crsu"}
{"type":"log","timestamp":1705243323294,"level":"debug","message":"Executing recipe chrome-pdf","meta":{"rootId":"7hjm10n5yzq3omo","id":"7hjm10n5yzq3omo"},"id":"79bjvztkylc2mwj","previousOperationId":"9rxjv53o7m5gw8x"}
{"type":"log","timestamp":1705243324241,"level":"debug","message":"Converting with chrome HeadlessChrome/117.0.5938.149 using chrome-pool strategy","meta":{"rootId":"7hjm10n5yzq3omo","id":"7hjm10n5yzq3omo"},"id":"czszpz3ck1uvq5t","previousOperationId":"9rxjv53o7m5gw8x"}
{"type":"log","timestamp":1705243325181,"level":"debug","message":"Page request: GET (document) file:///C:/Users/Javier/AppData/Local/Temp/jsreport/autocleanup/e291b8d3-77b5-4568-8b46-020b7bf3bb34-chrome-pdf.html","meta":{"rootId":"7hjm10n5yzq3omo","id":"7hjm10n5yzq3omo"},"id":"x8b3jb8s26qbdu8","previousOperationId":"9rxjv53o7m5gw8x"}
{"type":"log","timestamp":1705243325231,"level":"debug","message":"Page request: GET (stylesheet) https://cdnjs.cloudflare.com/ajax/libs/metro/4.1.5/css/metro.min.css","meta":{"rootId":"7hjm10n5yzq3omo","id":"7hjm10n5yzq3omo"},"id":"ocrxnkpu5g7rq22","previousOperationId":"9rxjv53o7m5gw8x"}
{"type":"log","timestamp":1705243325231,"level":"debug","message":"Page request: GET (script) https://cdnjs.cloudflare.com/ajax/libs/Chart.js/2.7.2/Chart.min.js","meta":{"rootId":"7hjm10n5yzq3omo","id":"7hjm10n5yzq3omo"},"id":"w8ek5nn20pofv3k","previousOperationId":"9rxjv53o7m5gw8x"}
{"type":"log","timestamp":1705243325232,"level":"debug","message":"Page request finished: GET (document) 200 file:///C:/Users/Javier/AppData/Local/Temp/jsreport/autocleanup/e291b8d3-77b5-4568-8b46-020b7bf3bb34-chrome-pdf.html","meta":{"rootId":"7hjm10n5yzq3omo","id":"7hjm10n5yzq3omo"},"id":"8fy5waif1nz4cvw","previousOperationId":"9rxjv53o7m5gw8x"}
{"type":"log","timestamp":1705243325437,"level":"debug","message":"Page request finished: GET (stylesheet) 200 https://cdnjs.cloudflare.com/ajax/libs/metro/4.1.5/css/metro.min.css","meta":{"rootId":"7hjm10n5yzq3omo","id":"7hjm10n5yzq3omo"},"id":"4z2i3qd9lwtwcf3","previousOperationId":"9rxjv53o7m5gw8x"}
{"type":"log","timestamp":1705243325443,"level":"debug","message":"Page request finished: GET (script) 200 https://cdnjs.cloudflare.com/ajax/libs/Chart.js/2.7.2/Chart.min.js","meta":{"rootId":"7hjm10n5yzq3omo","id":"7hjm10n5yzq3omo"},"id":"mnmrrhx8jm3xn2e","previousOperationId":"9rxjv53o7m5gw8x"}
{"type":"log","timestamp":1705243325540,"level":"debug","message":"Running chrome with params {\"printBackground\":true,\"timeout\":58432,\"margin\":{}}","meta":{"rootId":"7hjm10n5yzq3omo","id":"7hjm10n5yzq3omo"},"id":"fhntr0995gsbq10","previousOperationId":"9rxjv53o7m5gw8x"}
{"type":"operationEnd","operationId":"9rxjv53o7m5gw8x","timestamp":1705243325661,"id":"c14b1k95grn2bnr","previousEventId":"vxp0vwrhedf1zhl","previousOperationId":"9rxjv53o7m5gw8x"}
{"type":"log","timestamp":1705243325662,"level":"debug","message":"Skipping storing report.","meta":{"rootId":"7hjm10n5yzq3omo","id":"7hjm10n5yzq3omo"},"id":"2aesznntdqhqwv6","previousOperationId":"9rxjv53o7m5gw8x"}
{"type":"log","timestamp":1705243325662,"level":"info","message":"Rendering request 2 finished in 3148 ms","meta":{"rootId":"7hjm10n5yzq3omo","id":"7hjm10n5yzq3omo"},"id":"z9g6myfz40gz2jq","previousOperationId":"9rxjv53o7m5gw8x"}
{"type":"operationEnd","subtype":"render","operationId":"zlbscli6d674pm2","timestamp":1705243325662,"id":"r1fwfjz66nbyute","previousEventId":"c14b1k95grn2bnr","previousOperationId":"9rxjv53o7m5gw8x"}
{"type":"operationEnd","doDiffs":false,"previousEventId":"fyiytju7nz3eowf","previousOperationId":"ujh84wjv10929e8","operationId":"ujh84wjv10929e8","timestamp":1705243325665,"id":"2vcws26uhbim1rj"}
