{"type":"operationStart","subtype":"profile","data":{"_id":"A9RgvJ88UYmKPSLQ","timestamp":"2024-01-11T15:23:26.973Z","state":"queued","mode":"standard","creationDate":"2024-01-11T15:23:26.975Z","modificationDate":"2024-01-11T15:23:26.975Z","shortid":"HB6BZRi","$entitySet":"profiles"},"doDiffs":false,"timestamp":1704986606974,"id":"q06ot2j6i2cnq79","previousOperationId":null,"operationId":"8e6jf7ni70p7sxt"}
{"type":"log","level":"info","message":"Render request 6 queued for execution and waiting for available worker","previousOperationId":"8e6jf7ni70p7sxt","timestamp":1704986606974,"id":"4phxebeuuuh9ts7"}
{"type":"operationStart","subtype":"render","name":"AveragePunctuation","previousOperationId":"8e6jf7ni70p7sxt","timestamp":1704986606980,"id":"31qkokdw1b13ljh","previousEventId":"q06ot2j6i2cnq79","operationId":"e8fn2bod527i7s9"}
{"type":"log","timestamp":1704986606980,"level":"info","message":"Starting rendering request 6","meta":{"rootId":"7hsh9znf4spvpu4","id":"7hsh9znf4spvpu4"},"id":"emson50bmontazr","previousOperationId":"e8fn2bod527i7s9"}
{"type":"log","timestamp":1704986606980,"level":"info","message":"Rendering template { name: AveragePunctuation, recipe: chrome-pdf, engine: handlebars, preview: false }","meta":{"rootId":"7hsh9znf4spvpu4","id":"7hsh9znf4spvpu4"},"id":"0it5yr5lcg4bw2x","previousOperationId":"e8fn2bod527i7s9"}
{"type":"log","timestamp":1704986606981,"level":"debug","message":"Inline data specified.","meta":{"rootId":"7hsh9znf4spvpu4","id":"7hsh9znf4spvpu4"},"id":"ipxafkuct2p2xqf","previousOperationId":"e8fn2bod527i7s9"}
{"type":"log","timestamp":1704986606983,"level":"debug","message":"Executing script AveragePunctuation-script (beforeRender)","meta":{"rootId":"7hsh9znf4spvpu4","id":"7hsh9znf4spvpu4"},"id":"g33g6zbm9rg0j79","previousOperationId":"e8fn2bod527i7s9"}
{"type":"operationStart","subtype":"scriptsBeforeRender","name":"scripts beforeRender","timestamp":1704986606991,"id":"iafkwyz5f8ga9wt","previousEventId":"31qkokdw1b13ljh","operationId":"63vl6wxo1wjixah","previousOperationId":"e8fn2bod527i7s9"}
{"type":"operationStart","subtype":"script","name":"scripts AveragePunctuation-script","previousOperationId":"63vl6wxo1wjixah","timestamp":1704986606991,"id":"waj54fwbn66v2qd","previousEventId":"iafkwyz5f8ga9wt","operationId":"4ifcuv70woslkov"}
{"type":"operationEnd","operationId":"4ifcuv70woslkov","timestamp":1704986606991,"id":"d5y932q73t04qqo","previousEventId":"31qkokdw1b13ljh","previousOperationId":"e8fn2bod527i7s9"}
{"type":"operationEnd","operationId":"63vl6wxo1wjixah","timestamp":1704986606991,"id":"p2pjscmln1y5y7r","previousEventId":"d5y932q73t04qqo","previousOperationId":"e8fn2bod527i7s9"}
{"type":"log","timestamp":1704986606991,"level":"debug","message":"Base url not specified, skipping its injection.","meta":{"rootId":"7hsh9znf4spvpu4","id":"7hsh9znf4spvpu4"},"id":"oqseogknq2q7dxe","previousOperationId":"63vl6wxo1wjixah"}
{"type":"operationStart","subtype":"engine","name":"handlebars","timestamp":1704986606992,"id":"c365gwlidu0sshz","previousEventId":"p2pjscmln1y5y7r","operationId":"irwu4gy4vfcl2ql","previousOperationId":"63vl6wxo1wjixah"}
{"type":"log","timestamp":1704986606992,"level":"debug","message":"Rendering engine handlebars","meta":{"rootId":"7hsh9znf4spvpu4","id":"7hsh9znf4spvpu4"},"id":"phrtp5lpsuv8lbl","previousOperationId":"irwu4gy4vfcl2ql"}
{"type":"operationEnd","operationId":"irwu4gy4vfcl2ql","timestamp":1704986606997,"id":"6ay8hrakn52e1bn","previousEventId":"c365gwlidu0sshz","previousOperationId":"irwu4gy4vfcl2ql"}
{"type":"operationStart","subtype":"recipe","name":"chrome-pdf","timestamp":1704986606997,"id":"bc91f0a6yd7w1zs","previousEventId":"6ay8hrakn52e1bn","operationId":"bl7ddmjzsbe93qo","previousOperationId":"irwu4gy4vfcl2ql"}
{"type":"log","timestamp":1704986606997,"level":"debug","message":"Executing recipe chrome-pdf","meta":{"rootId":"7hsh9znf4spvpu4","id":"7hsh9znf4spvpu4"},"id":"7srarh9ejv8ryzt","previousOperationId":"bl7ddmjzsbe93qo"}
{"type":"log","timestamp":1704986606998,"level":"debug","message":"Converting with chrome HeadlessChrome/117.0.5938.149 using chrome-pool strategy","meta":{"rootId":"7hsh9znf4spvpu4","id":"7hsh9znf4spvpu4"},"id":"3x67u748yhrt7pz","previousOperationId":"bl7ddmjzsbe93qo"}
{"type":"log","timestamp":1704986607078,"level":"debug","message":"Page request: GET (document) file:///C:/Users/Javier/AppData/Local/Temp/jsreport/autocleanup/3d89d94c-1137-4eee-a5ba-4f9d6497896d-chrome-pdf.html","meta":{"rootId":"7hsh9znf4spvpu4","id":"7hsh9znf4spvpu4"},"id":"je5ghnr6n7ma025","previousOperationId":"bl7ddmjzsbe93qo"}
{"type":"log","timestamp":1704986607085,"level":"debug","message":"Page request finished: GET (document) 200 file:///C:/Users/Javier/AppData/Local/Temp/jsreport/autocleanup/3d89d94c-1137-4eee-a5ba-4f9d6497896d-chrome-pdf.html","meta":{"rootId":"7hsh9znf4spvpu4","id":"7hsh9znf4spvpu4"},"id":"01xkzjuzyllec7y","previousOperationId":"bl7ddmjzsbe93qo"}
{"type":"log","timestamp":1704986607089,"level":"debug","message":"Running chrome with params {\"printBackground\":true,\"timeout\":59975,\"margin\":{}}","meta":{"rootId":"7hsh9znf4spvpu4","id":"7hsh9znf4spvpu4"},"id":"c93cbg0izbjq7vd","previousOperationId":"bl7ddmjzsbe93qo"}
{"type":"operationEnd","operationId":"bl7ddmjzsbe93qo","timestamp":1704986607102,"id":"4q57ts2sxeald3g","previousEventId":"bc91f0a6yd7w1zs","previousOperationId":"bl7ddmjzsbe93qo"}
{"type":"log","timestamp":1704986607103,"level":"debug","message":"Skipping storing report.","meta":{"rootId":"7hsh9znf4spvpu4","id":"7hsh9znf4spvpu4"},"id":"am3vulgfb294vu9","previousOperationId":"bl7ddmjzsbe93qo"}
{"type":"log","timestamp":1704986607103,"level":"info","message":"Rendering request 6 finished in 130 ms","meta":{"rootId":"7hsh9znf4spvpu4","id":"7hsh9znf4spvpu4"},"id":"ieihu52ft7gfdxp","previousOperationId":"bl7ddmjzsbe93qo"}
{"type":"operationEnd","subtype":"render","operationId":"e8fn2bod527i7s9","timestamp":1704986607103,"id":"02r6od1nrwrvr1z","previousEventId":"4q57ts2sxeald3g","previousOperationId":"bl7ddmjzsbe93qo"}
{"type":"operationEnd","doDiffs":false,"previousEventId":"q06ot2j6i2cnq79","previousOperationId":"8e6jf7ni70p7sxt","operationId":"8e6jf7ni70p7sxt","timestamp":1704986607107,"id":"390lrqaaof0xiv9"}
