{"type":"operationStart","subtype":"profile","data":{"_id":"AhMORX8hNbwNlOtL","timestamp":"2024-01-13T18:44:12.842Z","state":"queued","mode":"standard","creationDate":"2024-01-13T18:44:12.843Z","modificationDate":"2024-01-13T18:44:12.843Z","shortid":"v5mDX3x","$entitySet":"profiles"},"doDiffs":false,"timestamp":1705171452843,"id":"q30wj09h8pc5qv3","previousOperationId":null,"operationId":"xuur0sxbcvw6n9y"}
{"type":"log","level":"info","message":"Render request 72 queued for execution and waiting for available worker","previousOperationId":"xuur0sxbcvw6n9y","timestamp":1705171452843,"id":"t99see3i42hjjvp"}
{"type":"operationStart","subtype":"render","name":"AveragePunctuation","previousOperationId":"xuur0sxbcvw6n9y","timestamp":1705171452850,"id":"mv837dfmr966dz3","previousEventId":"q30wj09h8pc5qv3","operationId":"xdfk2s69xg58s6t"}
{"type":"log","timestamp":1705171452850,"level":"info","message":"Starting rendering request 72","meta":{"rootId":"7iccro5tpg8r80r","id":"7iccro5tpg8r80r"},"id":"bimk5cu32j6oggn","previousOperationId":"xdfk2s69xg58s6t"}
{"type":"log","timestamp":1705171452850,"level":"info","message":"Rendering template { name: AveragePunctuation, recipe: chrome-pdf, engine: handlebars, preview: false }","meta":{"rootId":"7iccro5tpg8r80r","id":"7iccro5tpg8r80r"},"id":"2o2j5p523tc8buj","previousOperationId":"xdfk2s69xg58s6t"}
{"type":"log","timestamp":1705171452852,"level":"debug","message":"Inline data specified.","meta":{"rootId":"7iccro5tpg8r80r","id":"7iccro5tpg8r80r"},"id":"dzi8yg5jsbzirqd","previousOperationId":"xdfk2s69xg58s6t"}
{"type":"log","timestamp":1705171452855,"level":"debug","message":"Executing script AveragePunctuation-script (beforeRender)","meta":{"rootId":"7iccro5tpg8r80r","id":"7iccro5tpg8r80r"},"id":"1p5fpa0pt3sc6he","previousOperationId":"xdfk2s69xg58s6t"}
{"type":"operationStart","subtype":"scriptsBeforeRender","name":"scripts beforeRender","timestamp":1705171452876,"id":"atof5pyjzc5y9m2","previousEventId":"mv837dfmr966dz3","operationId":"epopxlixg091ikj","previousOperationId":"xdfk2s69xg58s6t"}
{"type":"operationStart","subtype":"script","name":"scripts AveragePunctuation-script","previousOperationId":"epopxlixg091ikj","timestamp":1705171452876,"id":"hi2ya498mj2kwhe","previousEventId":"atof5pyjzc5y9m2","operationId":"wokd08y1w53raqo"}
{"type":"operationEnd","operationId":"wokd08y1w53raqo","timestamp":1705171452889,"id":"30b2z44dyjbegjg","previousEventId":"mv837dfmr966dz3","previousOperationId":"xdfk2s69xg58s6t"}
{"type":"operationEnd","operationId":"epopxlixg091ikj","timestamp":1705171452889,"id":"dx8m6r6hquoa1j3","previousEventId":"30b2z44dyjbegjg","previousOperationId":"xdfk2s69xg58s6t"}
{"type":"log","timestamp":1705171452889,"level":"debug","message":"Base url not specified, skipping its injection.","meta":{"rootId":"7iccro5tpg8r80r","id":"7iccro5tpg8r80r"},"id":"jrc40splx1njp2y","previousOperationId":"epopxlixg091ikj"}
{"type":"operationStart","subtype":"engine","name":"handlebars","timestamp":1705171452889,"id":"zpcfdl21pmmty91","previousEventId":"dx8m6r6hquoa1j3","operationId":"uz0lpe5sk6oc462","previousOperationId":"epopxlixg091ikj"}
{"type":"log","timestamp":1705171452889,"level":"debug","message":"Rendering engine handlebars","meta":{"rootId":"7iccro5tpg8r80r","id":"7iccro5tpg8r80r"},"id":"hzhuxgqwkg9xjb0","previousOperationId":"uz0lpe5sk6oc462"}
{"type":"operationEnd","operationId":"uz0lpe5sk6oc462","timestamp":1705171452909,"id":"1x9bbrdlfa6zn8e","previousEventId":"zpcfdl21pmmty91","previousOperationId":"uz0lpe5sk6oc462"}
{"type":"operationStart","subtype":"recipe","name":"chrome-pdf","timestamp":1705171452910,"id":"wmtg3p856cs6di1","previousEventId":"1x9bbrdlfa6zn8e","operationId":"bm2shdunfyhh2be","previousOperationId":"uz0lpe5sk6oc462"}
{"type":"log","timestamp":1705171452910,"level":"debug","message":"Executing recipe chrome-pdf","meta":{"rootId":"7iccro5tpg8r80r","id":"7iccro5tpg8r80r"},"id":"jpcd39k0w6z48m2","previousOperationId":"bm2shdunfyhh2be"}
{"type":"log","timestamp":1705171452914,"level":"debug","message":"Converting with chrome HeadlessChrome/117.0.5938.149 using chrome-pool strategy","meta":{"rootId":"7iccro5tpg8r80r","id":"7iccro5tpg8r80r"},"id":"9g7jfmidyogdcuy","previousOperationId":"bm2shdunfyhh2be"}
{"type":"log","timestamp":1705171453003,"level":"debug","message":"Page request: GET (document) file:///C:/Users/Javier/AppData/Local/Temp/jsreport/autocleanup/6b89bb82-6f5e-406c-ad3c-b7bee039db14-chrome-pdf.html","meta":{"rootId":"7iccro5tpg8r80r","id":"7iccro5tpg8r80r"},"id":"srk6l5u19e6k7wc","previousOperationId":"bm2shdunfyhh2be"}
{"type":"log","timestamp":1705171453046,"level":"debug","message":"Page request: GET (stylesheet) https://cdnjs.cloudflare.com/ajax/libs/metro/4.1.5/css/metro.min.css","meta":{"rootId":"7iccro5tpg8r80r","id":"7iccro5tpg8r80r"},"id":"0qcy6ymjr4cn253","previousOperationId":"bm2shdunfyhh2be"}
{"type":"log","timestamp":1705171453047,"level":"debug","message":"Page request: GET (script) https://cdnjs.cloudflare.com/ajax/libs/Chart.js/2.7.2/Chart.min.js","meta":{"rootId":"7iccro5tpg8r80r","id":"7iccro5tpg8r80r"},"id":"ihqayd7zcqspler","previousOperationId":"bm2shdunfyhh2be"}
{"type":"log","timestamp":1705171453048,"level":"debug","message":"Page request finished: GET (document) 200 file:///C:/Users/Javier/AppData/Local/Temp/jsreport/autocleanup/6b89bb82-6f5e-406c-ad3c-b7bee039db14-chrome-pdf.html","meta":{"rootId":"7iccro5tpg8r80r","id":"7iccro5tpg8r80r"},"id":"ywscdhjda6fen37","previousOperationId":"bm2shdunfyhh2be"}
{"type":"log","timestamp":1705171453051,"level":"debug","message":"Page request finished: GET (script) 200 https://cdnjs.cloudflare.com/ajax/libs/Chart.js/2.7.2/Chart.min.js","meta":{"rootId":"7iccro5tpg8r80r","id":"7iccro5tpg8r80r"},"id":"8c9yxrpceuu9ob9","previousOperationId":"bm2shdunfyhh2be"}
{"type":"log","timestamp":1705171453063,"level":"debug","message":"Page request finished: GET (stylesheet) 200 https://cdnjs.cloudflare.com/ajax/libs/metro/4.1.5/css/metro.min.css","meta":{"rootId":"7iccro5tpg8r80r","id":"7iccro5tpg8r80r"},"id":"oybrctk5m8y40dh","previousOperationId":"bm2shdunfyhh2be"}
{"type":"log","timestamp":1705171453123,"level":"debug","message":"Running chrome with params {\"printBackground\":true,\"timeout\":59930,\"margin\":{}}","meta":{"rootId":"7iccro5tpg8r80r","id":"7iccro5tpg8r80r"},"id":"pza9jrje1uask97","previousOperationId":"bm2shdunfyhh2be"}
{"type":"operationEnd","operationId":"bm2shdunfyhh2be","timestamp":1705171453222,"id":"l3smiv56eae19cq","previousEventId":"wmtg3p856cs6di1","previousOperationId":"bm2shdunfyhh2be"}
{"type":"log","timestamp":1705171453222,"level":"debug","message":"Skipping storing report.","meta":{"rootId":"7iccro5tpg8r80r","id":"7iccro5tpg8r80r"},"id":"kav29yftzard3t4","previousOperationId":"bm2shdunfyhh2be"}
{"type":"log","timestamp":1705171453222,"level":"info","message":"Rendering request 72 finished in 380 ms","meta":{"rootId":"7iccro5tpg8r80r","id":"7iccro5tpg8r80r"},"id":"azrzku3724ha8xs","previousOperationId":"bm2shdunfyhh2be"}
{"type":"operationEnd","subtype":"render","operationId":"xdfk2s69xg58s6t","timestamp":1705171453222,"id":"kbrm64kpm4rlbxz","previousEventId":"l3smiv56eae19cq","previousOperationId":"bm2shdunfyhh2be"}
{"type":"operationEnd","doDiffs":false,"previousEventId":"q30wj09h8pc5qv3","previousOperationId":"xuur0sxbcvw6n9y","operationId":"xuur0sxbcvw6n9y","timestamp":1705171453224,"id":"xzqy2dnenr9aava"}
