{"type":"operationStart","subtype":"profile","data":{"_id":"3ze5WGYC4LFcZzsb","timestamp":"2024-01-13T23:11:01.926Z","state":"queued","mode":"standard","creationDate":"2024-01-13T23:11:01.928Z","modificationDate":"2024-01-13T23:11:01.928Z","shortid":"K12sVNj","$entitySet":"profiles"},"doDiffs":false,"timestamp":1705187461927,"id":"pklalohra03j85o","previousOperationId":null,"operationId":"sahnh4y8y24u3ke"}
{"type":"log","level":"info","message":"Render request 2 queued for execution and waiting for available worker","previousOperationId":"sahnh4y8y24u3ke","timestamp":1705187461927,"id":"9eafo8ewutv6wes"}
{"type":"operationStart","subtype":"render","name":"AveragePunctuation","previousOperationId":"sahnh4y8y24u3ke","timestamp":1705187461936,"id":"e0pipwdpdgcvspo","previousEventId":"pklalohra03j85o","operationId":"j76950mds8r8lfd"}
{"type":"log","timestamp":1705187461937,"level":"info","message":"Starting rendering request 2","meta":{"rootId":"7p57trboqqenaus","id":"7p57trboqqenaus"},"id":"o8q9qrh2emlor2o","previousOperationId":"j76950mds8r8lfd"}
{"type":"log","timestamp":1705187461938,"level":"info","message":"Rendering template { name: AveragePunctuation, recipe: chrome-pdf, engine: handlebars, preview: false }","meta":{"rootId":"7p57trboqqenaus","id":"7p57trboqqenaus"},"id":"ntmwhy37tb5u7hl","previousOperationId":"j76950mds8r8lfd"}
{"type":"log","timestamp":1705187461940,"level":"debug","message":"Inline data specified.","meta":{"rootId":"7p57trboqqenaus","id":"7p57trboqqenaus"},"id":"q3u1tybeb8rtqjh","previousOperationId":"j76950mds8r8lfd"}
{"type":"log","timestamp":1705187461943,"level":"debug","message":"Executing script AveragePunctuation-script (beforeRender)","meta":{"rootId":"7p57trboqqenaus","id":"7p57trboqqenaus"},"id":"sl4hs9ebs7hi6e1","previousOperationId":"j76950mds8r8lfd"}
{"type":"operationStart","subtype":"scriptsBeforeRender","name":"scripts beforeRender","timestamp":1705187462316,"id":"pq59hw0xeds2t4n","previousEventId":"e0pipwdpdgcvspo","operationId":"hz8c48d2qxkxmyd","previousOperationId":"j76950mds8r8lfd"}
{"type":"operationStart","subtype":"script","name":"scripts AveragePunctuation-script","previousOperationId":"hz8c48d2qxkxmyd","timestamp":1705187462316,"id":"vup4x3670tlyb6q","previousEventId":"pq59hw0xeds2t4n","operationId":"0jk5w4debwmk8sc"}
{"type":"operationEnd","operationId":"0jk5w4debwmk8sc","timestamp":1705187462348,"id":"02vsmp9lcjp7od0","previousEventId":"e0pipwdpdgcvspo","previousOperationId":"j76950mds8r8lfd"}
{"type":"operationEnd","operationId":"hz8c48d2qxkxmyd","timestamp":1705187462348,"id":"uykbpqsqe4g6gg9","previousEventId":"02vsmp9lcjp7od0","previousOperationId":"j76950mds8r8lfd"}
{"type":"log","timestamp":1705187462348,"level":"debug","message":"Base url not specified, skipping its injection.","meta":{"rootId":"7p57trboqqenaus","id":"7p57trboqqenaus"},"id":"mdjwm04faxbuo9b","previousOperationId":"hz8c48d2qxkxmyd"}
{"type":"operationStart","subtype":"engine","name":"handlebars","timestamp":1705187462349,"id":"uhgzl9qmgvpk6cc","previousEventId":"uykbpqsqe4g6gg9","operationId":"arvaushb2cajr6e","previousOperationId":"hz8c48d2qxkxmyd"}
{"type":"log","timestamp":1705187462349,"level":"debug","message":"Rendering engine handlebars","meta":{"rootId":"7p57trboqqenaus","id":"7p57trboqqenaus"},"id":"0815dawy3xb85k6","previousOperationId":"arvaushb2cajr6e"}
{"type":"operationEnd","operationId":"arvaushb2cajr6e","timestamp":1705187462584,"id":"99hsebyv1sbdasd","previousEventId":"uhgzl9qmgvpk6cc","previousOperationId":"arvaushb2cajr6e"}
{"type":"operationStart","subtype":"recipe","name":"chrome-pdf","timestamp":1705187462584,"id":"lgbmpg6pczc9m1z","previousEventId":"99hsebyv1sbdasd","operationId":"jxsdv2jbd6ng99b","previousOperationId":"arvaushb2cajr6e"}
{"type":"log","timestamp":1705187462584,"level":"debug","message":"Executing recipe chrome-pdf","meta":{"rootId":"7p57trboqqenaus","id":"7p57trboqqenaus"},"id":"1l7d5s77bqea0wn","previousOperationId":"jxsdv2jbd6ng99b"}
{"type":"log","timestamp":1705187463071,"level":"debug","message":"Converting with chrome HeadlessChrome/117.0.5938.149 using chrome-pool strategy","meta":{"rootId":"7p57trboqqenaus","id":"7p57trboqqenaus"},"id":"eizjhiy2p13vpgy","previousOperationId":"jxsdv2jbd6ng99b"}
{"type":"log","timestamp":1705187463188,"level":"debug","message":"Page request: GET (document) file:///C:/Users/Javier/AppData/Local/Temp/jsreport/autocleanup/d8c01e37-7b2f-415d-a8af-f2680e98aba3-chrome-pdf.html","meta":{"rootId":"7p57trboqqenaus","id":"7p57trboqqenaus"},"id":"89zxbl67pn7dcqm","previousOperationId":"jxsdv2jbd6ng99b"}
{"type":"log","timestamp":1705187463223,"level":"debug","message":"Page request: GET (stylesheet) https://cdnjs.cloudflare.com/ajax/libs/metro/4.1.5/css/metro.min.css","meta":{"rootId":"7p57trboqqenaus","id":"7p57trboqqenaus"},"id":"ka2r4cy0wcm3jkk","previousOperationId":"jxsdv2jbd6ng99b"}
{"type":"log","timestamp":1705187463223,"level":"debug","message":"Page request: GET (script) https://cdnjs.cloudflare.com/ajax/libs/Chart.js/2.7.2/Chart.min.js","meta":{"rootId":"7p57trboqqenaus","id":"7p57trboqqenaus"},"id":"er9p2uyg9zgnjkv","previousOperationId":"jxsdv2jbd6ng99b"}
{"type":"log","timestamp":1705187463224,"level":"debug","message":"Page request finished: GET (document) 200 file:///C:/Users/Javier/AppData/Local/Temp/jsreport/autocleanup/d8c01e37-7b2f-415d-a8af-f2680e98aba3-chrome-pdf.html","meta":{"rootId":"7p57trboqqenaus","id":"7p57trboqqenaus"},"id":"wiq3cxnrhh4mrgy","previousOperationId":"jxsdv2jbd6ng99b"}
{"type":"log","timestamp":1705187463378,"level":"debug","message":"Page request finished: GET (stylesheet) 200 https://cdnjs.cloudflare.com/ajax/libs/metro/4.1.5/css/metro.min.css","meta":{"rootId":"7p57trboqqenaus","id":"7p57trboqqenaus"},"id":"osoayehrh1xif5n","previousOperationId":"jxsdv2jbd6ng99b"}
{"type":"log","timestamp":1705187463378,"level":"debug","message":"Page request finished: GET (script) 200 https://cdnjs.cloudflare.com/ajax/libs/Chart.js/2.7.2/Chart.min.js","meta":{"rootId":"7p57trboqqenaus","id":"7p57trboqqenaus"},"id":"3n2xdulfke7r941","previousOperationId":"jxsdv2jbd6ng99b"}
{"type":"log","timestamp":1705187463434,"level":"debug","message":"Running chrome with params {\"printBackground\":true,\"timeout\":59011,\"margin\":{}}","meta":{"rootId":"7p57trboqqenaus","id":"7p57trboqqenaus"},"id":"uy8kiuxi4xv9tbh","previousOperationId":"jxsdv2jbd6ng99b"}
{"type":"operationEnd","operationId":"jxsdv2jbd6ng99b","timestamp":1705187463532,"id":"b4h97fd0j5io65k","previousEventId":"lgbmpg6pczc9m1z","previousOperationId":"jxsdv2jbd6ng99b"}
{"type":"log","timestamp":1705187463533,"level":"debug","message":"Skipping storing report.","meta":{"rootId":"7p57trboqqenaus","id":"7p57trboqqenaus"},"id":"apr5ukpoanagu4x","previousOperationId":"jxsdv2jbd6ng99b"}
{"type":"log","timestamp":1705187463533,"level":"info","message":"Rendering request 2 finished in 1607 ms","meta":{"rootId":"7p57trboqqenaus","id":"7p57trboqqenaus"},"id":"dz470ni6eteguna","previousOperationId":"jxsdv2jbd6ng99b"}
{"type":"operationEnd","subtype":"render","operationId":"j76950mds8r8lfd","timestamp":1705187463533,"id":"91tjld1n1xi2ogp","previousEventId":"b4h97fd0j5io65k","previousOperationId":"jxsdv2jbd6ng99b"}
{"type":"operationEnd","doDiffs":false,"previousEventId":"pklalohra03j85o","previousOperationId":"sahnh4y8y24u3ke","operationId":"sahnh4y8y24u3ke","timestamp":1705187463535,"id":"evqve5nc4r4454o"}
