{"type":"operationStart","subtype":"profile","data":{"_id":"pPXo8N4oTX9RKSRg","timestamp":"2024-01-13T16:58:27.670Z","state":"queued","mode":"standard","creationDate":"2024-01-13T16:58:27.671Z","modificationDate":"2024-01-13T16:58:27.671Z","shortid":"GGXJoSW","$entitySet":"profiles"},"doDiffs":false,"timestamp":1705165107671,"id":"zqvqz6qyqrbgnt3","previousOperationId":null,"operationId":"y0z9ngflzaz3ff6"}
{"type":"log","level":"info","message":"Render request 62 queued for execution and waiting for available worker","previousOperationId":"y0z9ngflzaz3ff6","timestamp":1705165107671,"id":"vgrfzmjghjqnbsf"}
{"type":"operationStart","subtype":"render","name":"AveragePunctuation","previousOperationId":"y0z9ngflzaz3ff6","timestamp":1705165107676,"id":"kd58ui9i5arqnid","previousEventId":"zqvqz6qyqrbgnt3","operationId":"0gnem3o8x58u6qw"}
{"type":"log","timestamp":1705165107676,"level":"info","message":"Starting rendering request 62","meta":{"rootId":"824lg6bohvzy03u","id":"824lg6bohvzy03u"},"id":"vgtt37x5y2bw1eo","previousOperationId":"0gnem3o8x58u6qw"}
{"type":"log","timestamp":1705165107676,"level":"info","message":"Rendering template { name: AveragePunctuation, recipe: chrome-pdf, engine: handlebars, preview: false }","meta":{"rootId":"824lg6bohvzy03u","id":"824lg6bohvzy03u"},"id":"w0d4mtofullb6qt","previousOperationId":"0gnem3o8x58u6qw"}
{"type":"log","timestamp":1705165107677,"level":"debug","message":"Inline data specified.","meta":{"rootId":"824lg6bohvzy03u","id":"824lg6bohvzy03u"},"id":"t9frrcp5huhj0sj","previousOperationId":"0gnem3o8x58u6qw"}
{"type":"log","timestamp":1705165107678,"level":"debug","message":"Executing script AveragePunctuation-script (beforeRender)","meta":{"rootId":"824lg6bohvzy03u","id":"824lg6bohvzy03u"},"id":"5keb1jnxvlyhxk5","previousOperationId":"0gnem3o8x58u6qw"}
{"type":"operationStart","subtype":"scriptsBeforeRender","name":"scripts beforeRender","timestamp":1705165107692,"id":"vgysxhun9qu8oyi","previousEventId":"kd58ui9i5arqnid","operationId":"m7hpy6ltowuude2","previousOperationId":"0gnem3o8x58u6qw"}
{"type":"operationStart","subtype":"script","name":"scripts AveragePunctuation-script","previousOperationId":"m7hpy6ltowuude2","timestamp":1705165107692,"id":"jeauya83l8cbdo0","previousEventId":"vgysxhun9qu8oyi","operationId":"uios9px5sys4xto"}
{"type":"operationEnd","operationId":"uios9px5sys4xto","timestamp":1705165107704,"id":"xx8w7g9amn5t8dx","previousEventId":"kd58ui9i5arqnid","previousOperationId":"0gnem3o8x58u6qw"}
{"type":"operationEnd","operationId":"m7hpy6ltowuude2","timestamp":1705165107704,"id":"fqio2ql37eaky4h","previousEventId":"xx8w7g9amn5t8dx","previousOperationId":"0gnem3o8x58u6qw"}
{"type":"log","timestamp":1705165107704,"level":"debug","message":"Base url not specified, skipping its injection.","meta":{"rootId":"824lg6bohvzy03u","id":"824lg6bohvzy03u"},"id":"0jk6knsc11g00k7","previousOperationId":"m7hpy6ltowuude2"}
{"type":"operationStart","subtype":"engine","name":"handlebars","timestamp":1705165107704,"id":"pomkeei9nlup6n7","previousEventId":"fqio2ql37eaky4h","operationId":"me5rvwiqfrbfbht","previousOperationId":"m7hpy6ltowuude2"}
{"type":"log","timestamp":1705165107704,"level":"debug","message":"Rendering engine handlebars","meta":{"rootId":"824lg6bohvzy03u","id":"824lg6bohvzy03u"},"id":"zr7n3rqfx5qkznh","previousOperationId":"me5rvwiqfrbfbht"}
{"type":"operationEnd","operationId":"me5rvwiqfrbfbht","timestamp":1705165107710,"id":"0lboy977hw165mh","previousEventId":"pomkeei9nlup6n7","previousOperationId":"me5rvwiqfrbfbht"}
{"type":"operationStart","subtype":"recipe","name":"chrome-pdf","timestamp":1705165107710,"id":"5bws7utflsnrpu9","previousEventId":"0lboy977hw165mh","operationId":"u6mkelj9fvpatlt","previousOperationId":"me5rvwiqfrbfbht"}
{"type":"log","timestamp":1705165107710,"level":"debug","message":"Executing recipe chrome-pdf","meta":{"rootId":"824lg6bohvzy03u","id":"824lg6bohvzy03u"},"id":"96g3r9zfuk3cc5f","previousOperationId":"u6mkelj9fvpatlt"}
{"type":"log","timestamp":1705165107715,"level":"debug","message":"Converting with chrome HeadlessChrome/117.0.5938.149 using chrome-pool strategy","meta":{"rootId":"824lg6bohvzy03u","id":"824lg6bohvzy03u"},"id":"y2ad9y8iuk40hqj","previousOperationId":"u6mkelj9fvpatlt"}
{"type":"log","timestamp":1705165107790,"level":"debug","message":"Page request: GET (document) file:///C:/Users/Javier/AppData/Local/Temp/jsreport/autocleanup/b8e50e86-06d1-4279-82f4-3a5d554accdd-chrome-pdf.html","meta":{"rootId":"824lg6bohvzy03u","id":"824lg6bohvzy03u"},"id":"z1f0a4sbtshlv5o","previousOperationId":"u6mkelj9fvpatlt"}
{"type":"log","timestamp":1705165107829,"level":"debug","message":"Page request: GET (stylesheet) https://cdnjs.cloudflare.com/ajax/libs/metro/4.1.5/css/metro.min.css","meta":{"rootId":"824lg6bohvzy03u","id":"824lg6bohvzy03u"},"id":"gkuo4q0c7mnfkkm","previousOperationId":"u6mkelj9fvpatlt"}
{"type":"log","timestamp":1705165107829,"level":"debug","message":"Page request finished: GET (document) 200 file:///C:/Users/Javier/AppData/Local/Temp/jsreport/autocleanup/b8e50e86-06d1-4279-82f4-3a5d554accdd-chrome-pdf.html","meta":{"rootId":"824lg6bohvzy03u","id":"824lg6bohvzy03u"},"id":"k4mgrszrqw3u76h","previousOperationId":"u6mkelj9fvpatlt"}
{"type":"log","timestamp":1705165107829,"level":"debug","message":"Page request: GET (script) https://cdnjs.cloudflare.com/ajax/libs/Chart.js/2.7.2/Chart.min.js","meta":{"rootId":"824lg6bohvzy03u","id":"824lg6bohvzy03u"},"id":"7bc1673y14aeb8k","previousOperationId":"u6mkelj9fvpatlt"}
{"type":"log","timestamp":1705165107833,"level":"debug","message":"Page request finished: GET (script) 200 https://cdnjs.cloudflare.com/ajax/libs/Chart.js/2.7.2/Chart.min.js","meta":{"rootId":"824lg6bohvzy03u","id":"824lg6bohvzy03u"},"id":"13y57jv9wsn97gu","previousOperationId":"u6mkelj9fvpatlt"}
{"type":"log","timestamp":1705165107844,"level":"debug","message":"Page request finished: GET (stylesheet) 200 https://cdnjs.cloudflare.com/ajax/libs/metro/4.1.5/css/metro.min.css","meta":{"rootId":"824lg6bohvzy03u","id":"824lg6bohvzy03u"},"id":"dkqym5kgjnb6kmo","previousOperationId":"u6mkelj9fvpatlt"}
{"type":"log","timestamp":1705165107902,"level":"debug","message":"Running chrome with params {\"printBackground\":true,\"timeout\":59956,\"margin\":{}}","meta":{"rootId":"824lg6bohvzy03u","id":"824lg6bohvzy03u"},"id":"8pit0bodvi8irzd","previousOperationId":"u6mkelj9fvpatlt"}
{"type":"operationEnd","operationId":"u6mkelj9fvpatlt","timestamp":1705165107999,"id":"n569gunu0pjex62","previousEventId":"5bws7utflsnrpu9","previousOperationId":"u6mkelj9fvpatlt"}
{"type":"log","timestamp":1705165107999,"level":"debug","message":"Skipping storing report.","meta":{"rootId":"824lg6bohvzy03u","id":"824lg6bohvzy03u"},"id":"jmay9qtugspj14l","previousOperationId":"u6mkelj9fvpatlt"}
{"type":"log","timestamp":1705165107999,"level":"info","message":"Rendering request 62 finished in 329 ms","meta":{"rootId":"824lg6bohvzy03u","id":"824lg6bohvzy03u"},"id":"2rkq9wmcfdzhokw","previousOperationId":"u6mkelj9fvpatlt"}
{"type":"operationEnd","subtype":"render","operationId":"0gnem3o8x58u6qw","timestamp":1705165107999,"id":"d3aa5eaxxfd0bdq","previousEventId":"n569gunu0pjex62","previousOperationId":"u6mkelj9fvpatlt"}
{"type":"operationEnd","doDiffs":false,"previousEventId":"zqvqz6qyqrbgnt3","previousOperationId":"y0z9ngflzaz3ff6","operationId":"y0z9ngflzaz3ff6","timestamp":1705165108002,"id":"p433zsv508mpyta"}
