{"type":"operationStart","subtype":"profile","data":{"_id":"Spn4M4sHTRwrKoU3","timestamp":"2024-01-11T19:21:02.212Z","state":"queued","mode":"standard","creationDate":"2024-01-11T19:21:02.213Z","modificationDate":"2024-01-11T19:21:02.213Z","shortid":"R1vA1v_","$entitySet":"profiles"},"doDiffs":false,"timestamp":1705000862213,"id":"75v9cwrgxxn9gah","previousOperationId":null,"operationId":"quxypgfley07zp4"}
{"type":"log","level":"info","message":"Render request 10 queued for execution and waiting for available worker","previousOperationId":"quxypgfley07zp4","timestamp":1705000862213,"id":"lc6fgwhr415kq5r"}
{"type":"operationStart","subtype":"render","name":"AveragePunctuation","previousOperationId":"quxypgfley07zp4","timestamp":1705000862219,"id":"snaavxtm1pfzu4g","previousEventId":"75v9cwrgxxn9gah","operationId":"bi0zv9ynxf9yj1u"}
{"type":"log","timestamp":1705000862219,"level":"info","message":"Starting rendering request 10","meta":{"rootId":"85iff6feez8647q","id":"85iff6feez8647q"},"id":"bxcevxwtsyqrhd1","previousOperationId":"bi0zv9ynxf9yj1u"}
{"type":"log","timestamp":1705000862219,"level":"info","message":"Rendering template { name: AveragePunctuation, recipe: chrome-pdf, engine: handlebars, preview: false }","meta":{"rootId":"85iff6feez8647q","id":"85iff6feez8647q"},"id":"hg50qh6f0bli64g","previousOperationId":"bi0zv9ynxf9yj1u"}
{"type":"log","timestamp":1705000862220,"level":"debug","message":"Inline data specified.","meta":{"rootId":"85iff6feez8647q","id":"85iff6feez8647q"},"id":"0dfvlo5yey9po57","previousOperationId":"bi0zv9ynxf9yj1u"}
{"type":"log","timestamp":1705000862223,"level":"debug","message":"Executing script AveragePunctuation-script (beforeRender)","meta":{"rootId":"85iff6feez8647q","id":"85iff6feez8647q"},"id":"gppyqocwlwqjqfq","previousOperationId":"bi0zv9ynxf9yj1u"}
{"type":"operationStart","subtype":"scriptsBeforeRender","name":"scripts beforeRender","timestamp":1705000862246,"id":"es6awfdrbmftwyr","previousEventId":"snaavxtm1pfzu4g","operationId":"9m2bb7uzfao79ny","previousOperationId":"bi0zv9ynxf9yj1u"}
{"type":"operationStart","subtype":"script","name":"scripts AveragePunctuation-script","previousOperationId":"9m2bb7uzfao79ny","timestamp":1705000862246,"id":"yrecpyb47y5m2kv","previousEventId":"es6awfdrbmftwyr","operationId":"96xdwydclw2cdcr"}
{"type":"operationEnd","operationId":"96xdwydclw2cdcr","timestamp":1705000862261,"id":"fv6f6myurecfszr","previousEventId":"snaavxtm1pfzu4g","previousOperationId":"bi0zv9ynxf9yj1u"}
{"type":"operationEnd","operationId":"9m2bb7uzfao79ny","timestamp":1705000862261,"id":"xpops8r076flbad","previousEventId":"fv6f6myurecfszr","previousOperationId":"bi0zv9ynxf9yj1u"}
{"type":"log","timestamp":1705000862261,"level":"debug","message":"Base url not specified, skipping its injection.","meta":{"rootId":"85iff6feez8647q","id":"85iff6feez8647q"},"id":"i7lui3v1x17hm0h","previousOperationId":"9m2bb7uzfao79ny"}
{"type":"operationStart","subtype":"engine","name":"handlebars","timestamp":1705000862261,"id":"xs0fo54io8z61ti","previousEventId":"xpops8r076flbad","operationId":"cqfu8hap2tj2qdg","previousOperationId":"9m2bb7uzfao79ny"}
{"type":"log","timestamp":1705000862261,"level":"debug","message":"Rendering engine handlebars","meta":{"rootId":"85iff6feez8647q","id":"85iff6feez8647q"},"id":"oomve5mohxbng00","previousOperationId":"cqfu8hap2tj2qdg"}
{"type":"operationEnd","operationId":"cqfu8hap2tj2qdg","timestamp":1705000862269,"id":"a6am9omvczwnfrw","previousEventId":"xs0fo54io8z61ti","previousOperationId":"cqfu8hap2tj2qdg"}
{"type":"operationStart","subtype":"recipe","name":"chrome-pdf","timestamp":1705000862269,"id":"bll2rqeizza91yt","previousEventId":"a6am9omvczwnfrw","operationId":"xvgzf2ltr6u0etc","previousOperationId":"cqfu8hap2tj2qdg"}
{"type":"log","timestamp":1705000862269,"level":"debug","message":"Executing recipe chrome-pdf","meta":{"rootId":"85iff6feez8647q","id":"85iff6feez8647q"},"id":"9jp6d8jch5ln5oo","previousOperationId":"xvgzf2ltr6u0etc"}
{"type":"log","timestamp":1705000862271,"level":"debug","message":"Converting with chrome HeadlessChrome/117.0.5938.149 using chrome-pool strategy","meta":{"rootId":"85iff6feez8647q","id":"85iff6feez8647q"},"id":"8gf95xukqe0s7ny","previousOperationId":"xvgzf2ltr6u0etc"}
{"type":"log","timestamp":1705000862338,"level":"debug","message":"Page request: GET (document) file:///C:/Users/Javier/AppData/Local/Temp/jsreport/autocleanup/c0794a88-c31e-4786-96f3-901da58f2971-chrome-pdf.html","meta":{"rootId":"85iff6feez8647q","id":"85iff6feez8647q"},"id":"nq1rzpsvd15iw1q","previousOperationId":"xvgzf2ltr6u0etc"}
{"type":"log","timestamp":1705000862344,"level":"debug","message":"Page request finished: GET (document) 200 file:///C:/Users/Javier/AppData/Local/Temp/jsreport/autocleanup/c0794a88-c31e-4786-96f3-901da58f2971-chrome-pdf.html","meta":{"rootId":"85iff6feez8647q","id":"85iff6feez8647q"},"id":"pdpfsvwb1ectzab","previousOperationId":"xvgzf2ltr6u0etc"}
{"type":"log","timestamp":1705000862347,"level":"debug","message":"Running chrome with params {\"printBackground\":true,\"timeout\":59942,\"margin\":{}}","meta":{"rootId":"85iff6feez8647q","id":"85iff6feez8647q"},"id":"350dgnwrs9ldy9b","previousOperationId":"xvgzf2ltr6u0etc"}
{"type":"operationEnd","operationId":"xvgzf2ltr6u0etc","timestamp":1705000862357,"id":"6cfdzuhl9gf4lej","previousEventId":"bll2rqeizza91yt","previousOperationId":"xvgzf2ltr6u0etc"}
{"type":"log","timestamp":1705000862357,"level":"debug","message":"Skipping storing report.","meta":{"rootId":"85iff6feez8647q","id":"85iff6feez8647q"},"id":"icjdq61yqlwcmu5","previousOperationId":"xvgzf2ltr6u0etc"}
{"type":"log","timestamp":1705000862357,"level":"info","message":"Rendering request 10 finished in 145 ms","meta":{"rootId":"85iff6feez8647q","id":"85iff6feez8647q"},"id":"kg0ffysjev76gxk","previousOperationId":"xvgzf2ltr6u0etc"}
{"type":"operationEnd","subtype":"render","operationId":"bi0zv9ynxf9yj1u","timestamp":1705000862357,"id":"c7w3a8gmyb8nln2","previousEventId":"6cfdzuhl9gf4lej","previousOperationId":"xvgzf2ltr6u0etc"}
{"type":"operationEnd","doDiffs":false,"previousEventId":"75v9cwrgxxn9gah","previousOperationId":"quxypgfley07zp4","operationId":"quxypgfley07zp4","timestamp":1705000862363,"id":"8rku8j310uqj4is"}
