{"type":"operationStart","subtype":"profile","data":{"_id":"bgO07oeDcgGBjF8l","timestamp":"2024-01-13T16:59:17.922Z","state":"queued","mode":"standard","creationDate":"2024-01-13T16:59:17.923Z","modificationDate":"2024-01-13T16:59:17.923Z","shortid":"rVLcyVL","$entitySet":"profiles"},"doDiffs":false,"timestamp":1705165157923,"id":"zg3gi3o7hhmnzde","previousOperationId":null,"operationId":"smc5eevw2uoj17e"}
{"type":"log","level":"info","message":"Render request 64 queued for execution and waiting for available worker","previousOperationId":"smc5eevw2uoj17e","timestamp":1705165157923,"id":"by649t1vyceo784"}
{"type":"operationStart","subtype":"render","name":"AveragePunctuation","previousOperationId":"smc5eevw2uoj17e","timestamp":1705165157928,"id":"clhv5diy2ycfwul","previousEventId":"zg3gi3o7hhmnzde","operationId":"al6g29kioft8qei"}
{"type":"log","timestamp":1705165157928,"level":"info","message":"Starting rendering request 64","meta":{"rootId":"866kabdg0hnsyol","id":"866kabdg0hnsyol"},"id":"mlqxieiwy7iv6ju","previousOperationId":"al6g29kioft8qei"}
{"type":"log","timestamp":1705165157928,"level":"info","message":"Rendering template { name: AveragePunctuation, recipe: chrome-pdf, engine: handlebars, preview: false }","meta":{"rootId":"866kabdg0hnsyol","id":"866kabdg0hnsyol"},"id":"tzv9180z1b8wqvn","previousOperationId":"al6g29kioft8qei"}
{"type":"log","timestamp":1705165157929,"level":"debug","message":"Inline data specified.","meta":{"rootId":"866kabdg0hnsyol","id":"866kabdg0hnsyol"},"id":"zd54hswmt9newub","previousOperationId":"al6g29kioft8qei"}
{"type":"log","timestamp":1705165157930,"level":"debug","message":"Executing script AveragePunctuation-script (beforeRender)","meta":{"rootId":"866kabdg0hnsyol","id":"866kabdg0hnsyol"},"id":"8u1sbhyedxd9paq","previousOperationId":"al6g29kioft8qei"}
{"type":"operationStart","subtype":"scriptsBeforeRender","name":"scripts beforeRender","timestamp":1705165157949,"id":"s6z5n8adbifbq41","previousEventId":"clhv5diy2ycfwul","operationId":"kpjzbh898f60js8","previousOperationId":"al6g29kioft8qei"}
{"type":"operationStart","subtype":"script","name":"scripts AveragePunctuation-script","previousOperationId":"kpjzbh898f60js8","timestamp":1705165157949,"id":"8t5ll0xt3yafklv","previousEventId":"s6z5n8adbifbq41","operationId":"7fmhuhb0atgxndz"}
{"type":"operationEnd","operationId":"7fmhuhb0atgxndz","timestamp":1705165157961,"id":"4lr89z6oma9w1ih","previousEventId":"clhv5diy2ycfwul","previousOperationId":"al6g29kioft8qei"}
{"type":"operationEnd","operationId":"kpjzbh898f60js8","timestamp":1705165157961,"id":"eg6r2re8sixg9rx","previousEventId":"4lr89z6oma9w1ih","previousOperationId":"al6g29kioft8qei"}
{"type":"log","timestamp":1705165157961,"level":"debug","message":"Base url not specified, skipping its injection.","meta":{"rootId":"866kabdg0hnsyol","id":"866kabdg0hnsyol"},"id":"dcy05153gv1zi6x","previousOperationId":"kpjzbh898f60js8"}
{"type":"operationStart","subtype":"engine","name":"handlebars","timestamp":1705165157961,"id":"tuivhebzoy2k78t","previousEventId":"eg6r2re8sixg9rx","operationId":"s1enoz6h2yu031p","previousOperationId":"kpjzbh898f60js8"}
{"type":"log","timestamp":1705165157961,"level":"debug","message":"Rendering engine handlebars","meta":{"rootId":"866kabdg0hnsyol","id":"866kabdg0hnsyol"},"id":"shgi106niebpc0m","previousOperationId":"s1enoz6h2yu031p"}
{"type":"operationEnd","operationId":"s1enoz6h2yu031p","timestamp":1705165157969,"id":"5wwpyw3pjds1mdo","previousEventId":"tuivhebzoy2k78t","previousOperationId":"s1enoz6h2yu031p"}
{"type":"operationStart","subtype":"recipe","name":"chrome-pdf","timestamp":1705165157969,"id":"udjo1ljrcnwe1fg","previousEventId":"5wwpyw3pjds1mdo","operationId":"uy9dh9buh33n1uf","previousOperationId":"s1enoz6h2yu031p"}
{"type":"log","timestamp":1705165157969,"level":"debug","message":"Executing recipe chrome-pdf","meta":{"rootId":"866kabdg0hnsyol","id":"866kabdg0hnsyol"},"id":"btzf8xbr8mec10y","previousOperationId":"uy9dh9buh33n1uf"}
{"type":"log","timestamp":1705165157972,"level":"debug","message":"Converting with chrome HeadlessChrome/117.0.5938.149 using chrome-pool strategy","meta":{"rootId":"866kabdg0hnsyol","id":"866kabdg0hnsyol"},"id":"9cddydoeiy5az3t","previousOperationId":"uy9dh9buh33n1uf"}
{"type":"log","timestamp":1705165158040,"level":"debug","message":"Page request: GET (document) file:///C:/Users/Javier/AppData/Local/Temp/jsreport/autocleanup/a520d03a-3b6e-45ea-aafe-58c4bc127a53-chrome-pdf.html","meta":{"rootId":"866kabdg0hnsyol","id":"866kabdg0hnsyol"},"id":"nicly0qcnnfilu6","previousOperationId":"uy9dh9buh33n1uf"}
{"type":"log","timestamp":1705165158074,"level":"debug","message":"Page request: GET (stylesheet) https://cdnjs.cloudflare.com/ajax/libs/metro/4.1.5/css/metro.min.css","meta":{"rootId":"866kabdg0hnsyol","id":"866kabdg0hnsyol"},"id":"eqyng29yyh0hwbq","previousOperationId":"uy9dh9buh33n1uf"}
{"type":"log","timestamp":1705165158074,"level":"debug","message":"Page request: GET (script) https://cdnjs.cloudflare.com/ajax/libs/Chart.js/2.7.2/Chart.min.js","meta":{"rootId":"866kabdg0hnsyol","id":"866kabdg0hnsyol"},"id":"l851w27p6dvcd60","previousOperationId":"uy9dh9buh33n1uf"}
{"type":"log","timestamp":1705165158074,"level":"debug","message":"Page request finished: GET (document) 200 file:///C:/Users/Javier/AppData/Local/Temp/jsreport/autocleanup/a520d03a-3b6e-45ea-aafe-58c4bc127a53-chrome-pdf.html","meta":{"rootId":"866kabdg0hnsyol","id":"866kabdg0hnsyol"},"id":"is9swsk4enkkf8p","previousOperationId":"uy9dh9buh33n1uf"}
{"type":"log","timestamp":1705165158078,"level":"debug","message":"Page request finished: GET (script) 200 https://cdnjs.cloudflare.com/ajax/libs/Chart.js/2.7.2/Chart.min.js","meta":{"rootId":"866kabdg0hnsyol","id":"866kabdg0hnsyol"},"id":"npiu146hz34fok1","previousOperationId":"uy9dh9buh33n1uf"}
{"type":"log","timestamp":1705165158087,"level":"debug","message":"Page request finished: GET (stylesheet) 200 https://cdnjs.cloudflare.com/ajax/libs/metro/4.1.5/css/metro.min.css","meta":{"rootId":"866kabdg0hnsyol","id":"866kabdg0hnsyol"},"id":"1k2iffvgfrwpf77","previousOperationId":"uy9dh9buh33n1uf"}
{"type":"log","timestamp":1705165158148,"level":"debug","message":"Running chrome with params {\"printBackground\":true,\"timeout\":59952,\"margin\":{}}","meta":{"rootId":"866kabdg0hnsyol","id":"866kabdg0hnsyol"},"id":"03ia3g0zyp08wr3","previousOperationId":"uy9dh9buh33n1uf"}
{"type":"operationEnd","operationId":"uy9dh9buh33n1uf","timestamp":1705165158246,"id":"rkl81fmhuroqvak","previousEventId":"udjo1ljrcnwe1fg","previousOperationId":"uy9dh9buh33n1uf"}
{"type":"log","timestamp":1705165158246,"level":"debug","message":"Skipping storing report.","meta":{"rootId":"866kabdg0hnsyol","id":"866kabdg0hnsyol"},"id":"vvey3diezz0wg04","previousOperationId":"uy9dh9buh33n1uf"}
{"type":"log","timestamp":1705165158247,"level":"info","message":"Rendering request 64 finished in 325 ms","meta":{"rootId":"866kabdg0hnsyol","id":"866kabdg0hnsyol"},"id":"zd0bbwnp5xuw8ue","previousOperationId":"uy9dh9buh33n1uf"}
{"type":"operationEnd","subtype":"render","operationId":"al6g29kioft8qei","timestamp":1705165158247,"id":"brk6l3h7zilv1ah","previousEventId":"rkl81fmhuroqvak","previousOperationId":"uy9dh9buh33n1uf"}
{"type":"operationEnd","doDiffs":false,"previousEventId":"zg3gi3o7hhmnzde","previousOperationId":"smc5eevw2uoj17e","operationId":"smc5eevw2uoj17e","timestamp":1705165158248,"id":"yadzypjzpx8janh"}
