{"type":"operationStart","subtype":"profile","data":{"_id":"ZAFYGiTDCOOgS69s","timestamp":"2024-01-11T17:10:30.445Z","state":"queued","mode":"standard","creationDate":"2024-01-11T17:10:30.446Z","modificationDate":"2024-01-11T17:10:30.446Z","shortid":"a0Los89","$entitySet":"profiles"},"doDiffs":false,"timestamp":1704993030446,"id":"bcj4m4sapzlfpin","previousOperationId":null,"operationId":"ygexhgda31adpos"}
{"type":"log","level":"info","message":"Render request 23 queued for execution and waiting for available worker","previousOperationId":"ygexhgda31adpos","timestamp":1704993030446,"id":"fpctymn8gvz9o5i"}
{"type":"operationStart","subtype":"render","name":"AveragePunctuation","previousOperationId":"ygexhgda31adpos","timestamp":1704993030450,"id":"48xmcouey8elwr7","previousEventId":"bcj4m4sapzlfpin","operationId":"1u3wxznnuxy4g6g"}
{"type":"log","timestamp":1704993030450,"level":"info","message":"Starting rendering request 23","meta":{"rootId":"86wu1ntwsw33a2m","id":"86wu1ntwsw33a2m"},"id":"vrf3efxmnnu79au","previousOperationId":"1u3wxznnuxy4g6g"}
{"type":"log","timestamp":1704993030450,"level":"info","message":"Rendering template { name: AveragePunctuation, recipe: chrome-pdf, engine: handlebars, preview: false }","meta":{"rootId":"86wu1ntwsw33a2m","id":"86wu1ntwsw33a2m"},"id":"10wpdrvfjwgfgoy","previousOperationId":"1u3wxznnuxy4g6g"}
{"type":"log","timestamp":1704993030451,"level":"debug","message":"Inline data specified.","meta":{"rootId":"86wu1ntwsw33a2m","id":"86wu1ntwsw33a2m"},"id":"kjploqlt5ccdrp1","previousOperationId":"1u3wxznnuxy4g6g"}
{"type":"log","timestamp":1704993030453,"level":"debug","message":"Executing script AveragePunctuation-script (beforeRender)","meta":{"rootId":"86wu1ntwsw33a2m","id":"86wu1ntwsw33a2m"},"id":"9j6gszb0eikzf4y","previousOperationId":"1u3wxznnuxy4g6g"}
{"type":"operationStart","subtype":"scriptsBeforeRender","name":"scripts beforeRender","timestamp":1704993030468,"id":"xly7fkfrl90ell0","previousEventId":"48xmcouey8elwr7","operationId":"kzw5x9kjn2l26tf","previousOperationId":"1u3wxznnuxy4g6g"}
{"type":"operationStart","subtype":"script","name":"scripts AveragePunctuation-script","previousOperationId":"kzw5x9kjn2l26tf","timestamp":1704993030468,"id":"deuaxo6asj3i6a2","previousEventId":"xly7fkfrl90ell0","operationId":"yk1pract2c3d4qw"}
{"type":"operationEnd","operationId":"yk1pract2c3d4qw","timestamp":1704993030484,"id":"5bvznebzto9th08","previousEventId":"48xmcouey8elwr7","previousOperationId":"1u3wxznnuxy4g6g"}
{"type":"operationEnd","operationId":"kzw5x9kjn2l26tf","timestamp":1704993030485,"id":"qcinqloqr91i0ek","previousEventId":"5bvznebzto9th08","previousOperationId":"1u3wxznnuxy4g6g"}
{"type":"log","timestamp":1704993030485,"level":"debug","message":"Base url not specified, skipping its injection.","meta":{"rootId":"86wu1ntwsw33a2m","id":"86wu1ntwsw33a2m"},"id":"7wf4igomfirzuxl","previousOperationId":"kzw5x9kjn2l26tf"}
{"type":"operationStart","subtype":"engine","name":"handlebars","timestamp":1704993030485,"id":"q61x6if9ub13kdq","previousEventId":"qcinqloqr91i0ek","operationId":"u1gt28rju7a0ul5","previousOperationId":"kzw5x9kjn2l26tf"}
{"type":"log","timestamp":1704993030485,"level":"debug","message":"Rendering engine handlebars","meta":{"rootId":"86wu1ntwsw33a2m","id":"86wu1ntwsw33a2m"},"id":"mrallk1snjtlfaq","previousOperationId":"u1gt28rju7a0ul5"}
{"type":"operationEnd","operationId":"u1gt28rju7a0ul5","timestamp":1704993030492,"id":"dx4m7p0ho5ch8ei","previousEventId":"q61x6if9ub13kdq","previousOperationId":"u1gt28rju7a0ul5"}
{"type":"operationStart","subtype":"recipe","name":"chrome-pdf","timestamp":1704993030492,"id":"pwxppljjxsjufv4","previousEventId":"dx4m7p0ho5ch8ei","operationId":"0i7zyp175vndhoe","previousOperationId":"u1gt28rju7a0ul5"}
{"type":"log","timestamp":1704993030492,"level":"debug","message":"Executing recipe chrome-pdf","meta":{"rootId":"86wu1ntwsw33a2m","id":"86wu1ntwsw33a2m"},"id":"r0hdga8yoma0i5e","previousOperationId":"0i7zyp175vndhoe"}
{"type":"log","timestamp":1704993030493,"level":"debug","message":"Converting with chrome HeadlessChrome/117.0.5938.149 using chrome-pool strategy","meta":{"rootId":"86wu1ntwsw33a2m","id":"86wu1ntwsw33a2m"},"id":"juu9otdcp2ybxrb","previousOperationId":"0i7zyp175vndhoe"}
{"type":"log","timestamp":1704993030562,"level":"debug","message":"Page request: GET (document) file:///C:/Users/Javier/AppData/Local/Temp/jsreport/autocleanup/3771e5cd-3193-41ae-8742-0357fc8be153-chrome-pdf.html","meta":{"rootId":"86wu1ntwsw33a2m","id":"86wu1ntwsw33a2m"},"id":"9gxaw9xx0zdxslh","previousOperationId":"0i7zyp175vndhoe"}
{"type":"log","timestamp":1704993030572,"level":"debug","message":"Page request finished: GET (document) 200 file:///C:/Users/Javier/AppData/Local/Temp/jsreport/autocleanup/3771e5cd-3193-41ae-8742-0357fc8be153-chrome-pdf.html","meta":{"rootId":"86wu1ntwsw33a2m","id":"86wu1ntwsw33a2m"},"id":"9lb8k37h362obu6","previousOperationId":"0i7zyp175vndhoe"}
{"type":"log","timestamp":1704993030575,"level":"debug","message":"Running chrome with params {\"printBackground\":true,\"timeout\":59952,\"margin\":{}}","meta":{"rootId":"86wu1ntwsw33a2m","id":"86wu1ntwsw33a2m"},"id":"2ll2vlunw5cb3pr","previousOperationId":"0i7zyp175vndhoe"}
{"type":"operationEnd","operationId":"0i7zyp175vndhoe","timestamp":1704993030585,"id":"5vptmvuvxad1ahx","previousEventId":"pwxppljjxsjufv4","previousOperationId":"0i7zyp175vndhoe"}
{"type":"log","timestamp":1704993030585,"level":"debug","message":"Skipping storing report.","meta":{"rootId":"86wu1ntwsw33a2m","id":"86wu1ntwsw33a2m"},"id":"cup7ebni9umynyc","previousOperationId":"0i7zyp175vndhoe"}
{"type":"log","timestamp":1704993030585,"level":"info","message":"Rendering request 23 finished in 140 ms","meta":{"rootId":"86wu1ntwsw33a2m","id":"86wu1ntwsw33a2m"},"id":"7k51ht5ab3r9ufm","previousOperationId":"0i7zyp175vndhoe"}
{"type":"operationEnd","subtype":"render","operationId":"1u3wxznnuxy4g6g","timestamp":1704993030585,"id":"bc7pzgvrtlps1ds","previousEventId":"5vptmvuvxad1ahx","previousOperationId":"0i7zyp175vndhoe"}
{"type":"operationEnd","doDiffs":false,"previousEventId":"bcj4m4sapzlfpin","previousOperationId":"ygexhgda31adpos","operationId":"ygexhgda31adpos","timestamp":1704993030588,"id":"xm46vt3hwko7sq8"}
