{"type":"operationStart","subtype":"profile","data":{"_id":"zw494QRFYpyMcmb1","timestamp":"2024-01-11T16:02:09.667Z","state":"queued","mode":"standard","creationDate":"2024-01-11T16:02:09.668Z","modificationDate":"2024-01-11T16:02:09.668Z","shortid":"B3S_iWv","$entitySet":"profiles"},"doDiffs":false,"timestamp":1704988929668,"id":"b021ndapezdqw26","previousOperationId":null,"operationId":"ef16wgyp0exhvas"}
{"type":"log","level":"info","message":"Render request 16 queued for execution and waiting for available worker","previousOperationId":"ef16wgyp0exhvas","timestamp":1704988929668,"id":"8op6v0efwe5f9di"}
{"type":"operationStart","subtype":"render","name":"AveragePunctuation","previousOperationId":"ef16wgyp0exhvas","timestamp":1704988929674,"id":"sa2qek30haukfpl","previousEventId":"b021ndapezdqw26","operationId":"p0mc30gmmlpzwai"}
{"type":"log","timestamp":1704988929674,"level":"info","message":"Starting rendering request 16","meta":{"rootId":"8beedh6uu2n7ifh","id":"8beedh6uu2n7ifh"},"id":"zlw37k88bfudzfq","previousOperationId":"p0mc30gmmlpzwai"}
{"type":"log","timestamp":1704988929674,"level":"info","message":"Rendering template { name: AveragePunctuation, recipe: chrome-pdf, engine: handlebars, preview: false }","meta":{"rootId":"8beedh6uu2n7ifh","id":"8beedh6uu2n7ifh"},"id":"h23bb1ueak8qhh8","previousOperationId":"p0mc30gmmlpzwai"}
{"type":"log","timestamp":1704988929675,"level":"debug","message":"Inline data specified.","meta":{"rootId":"8beedh6uu2n7ifh","id":"8beedh6uu2n7ifh"},"id":"0h39yc96jdmg4x0","previousOperationId":"p0mc30gmmlpzwai"}
{"type":"log","timestamp":1704988929677,"level":"debug","message":"Executing script AveragePunctuation-script (beforeRender)","meta":{"rootId":"8beedh6uu2n7ifh","id":"8beedh6uu2n7ifh"},"id":"mws5emd02vioq19","previousOperationId":"p0mc30gmmlpzwai"}
{"type":"operationStart","subtype":"scriptsBeforeRender","name":"scripts beforeRender","timestamp":1704988929689,"id":"em2ar39apfxlak4","previousEventId":"sa2qek30haukfpl","operationId":"06vn12c84a180it","previousOperationId":"p0mc30gmmlpzwai"}
{"type":"operationStart","subtype":"script","name":"scripts AveragePunctuation-script","previousOperationId":"06vn12c84a180it","timestamp":1704988929689,"id":"k5c1iipzqf6n3pm","previousEventId":"em2ar39apfxlak4","operationId":"df7u7zq8ak07zod"}
{"type":"operationEnd","operationId":"df7u7zq8ak07zod","timestamp":1704988929690,"id":"5pjdttu7yrw1x9a","previousEventId":"sa2qek30haukfpl","previousOperationId":"p0mc30gmmlpzwai"}
{"type":"operationEnd","operationId":"06vn12c84a180it","timestamp":1704988929690,"id":"xk32c6wcuf58rfr","previousEventId":"5pjdttu7yrw1x9a","previousOperationId":"p0mc30gmmlpzwai"}
{"type":"log","timestamp":1704988929690,"level":"debug","message":"Base url not specified, skipping its injection.","meta":{"rootId":"8beedh6uu2n7ifh","id":"8beedh6uu2n7ifh"},"id":"em7wfdk60fi5b07","previousOperationId":"06vn12c84a180it"}
{"type":"operationStart","subtype":"engine","name":"handlebars","timestamp":1704988929690,"id":"8mclttjkhf8dwh3","previousEventId":"xk32c6wcuf58rfr","operationId":"js97nk8d0e0lrms","previousOperationId":"06vn12c84a180it"}
{"type":"log","timestamp":1704988929690,"level":"debug","message":"Rendering engine handlebars","meta":{"rootId":"8beedh6uu2n7ifh","id":"8beedh6uu2n7ifh"},"id":"r5fv4jv370hy50g","previousOperationId":"js97nk8d0e0lrms"}
{"type":"operationEnd","operationId":"js97nk8d0e0lrms","timestamp":1704988929697,"id":"gv39pbg6w3scrhk","previousEventId":"8mclttjkhf8dwh3","previousOperationId":"js97nk8d0e0lrms"}
{"type":"operationStart","subtype":"recipe","name":"chrome-pdf","timestamp":1704988929697,"id":"qsctm6p9w8f4ky6","previousEventId":"gv39pbg6w3scrhk","operationId":"hfi2bwogxen2q9b","previousOperationId":"js97nk8d0e0lrms"}
{"type":"log","timestamp":1704988929697,"level":"debug","message":"Executing recipe chrome-pdf","meta":{"rootId":"8beedh6uu2n7ifh","id":"8beedh6uu2n7ifh"},"id":"drn5lo00asvrch8","previousOperationId":"hfi2bwogxen2q9b"}
{"type":"log","timestamp":1704988929699,"level":"debug","message":"Converting with chrome HeadlessChrome/117.0.5938.149 using chrome-pool strategy","meta":{"rootId":"8beedh6uu2n7ifh","id":"8beedh6uu2n7ifh"},"id":"o7dykfxn834d3xd","previousOperationId":"hfi2bwogxen2q9b"}
{"type":"log","timestamp":1704988929786,"level":"debug","message":"Page request: GET (document) file:///C:/Users/Javier/AppData/Local/Temp/jsreport/autocleanup/0118d96c-6340-4ad2-8343-a4a4c32d4f42-chrome-pdf.html","meta":{"rootId":"8beedh6uu2n7ifh","id":"8beedh6uu2n7ifh"},"id":"heeugzo3t35nr4a","previousOperationId":"hfi2bwogxen2q9b"}
{"type":"log","timestamp":1704988929798,"level":"debug","message":"Page request finished: GET (document) 200 file:///C:/Users/Javier/AppData/Local/Temp/jsreport/autocleanup/0118d96c-6340-4ad2-8343-a4a4c32d4f42-chrome-pdf.html","meta":{"rootId":"8beedh6uu2n7ifh","id":"8beedh6uu2n7ifh"},"id":"7tb4p1ru8dt7ofc","previousOperationId":"hfi2bwogxen2q9b"}
{"type":"log","timestamp":1704988929802,"level":"debug","message":"Running chrome with params {\"printBackground\":true,\"timeout\":59968,\"margin\":{}}","meta":{"rootId":"8beedh6uu2n7ifh","id":"8beedh6uu2n7ifh"},"id":"5wzspc5344bssvt","previousOperationId":"hfi2bwogxen2q9b"}
{"type":"operationEnd","operationId":"hfi2bwogxen2q9b","timestamp":1704988929814,"id":"v55ocr3vd5wtc1o","previousEventId":"qsctm6p9w8f4ky6","previousOperationId":"hfi2bwogxen2q9b"}
{"type":"log","timestamp":1704988929814,"level":"debug","message":"Skipping storing report.","meta":{"rootId":"8beedh6uu2n7ifh","id":"8beedh6uu2n7ifh"},"id":"p28d4varlckjlu6","previousOperationId":"hfi2bwogxen2q9b"}
{"type":"log","timestamp":1704988929815,"level":"info","message":"Rendering request 16 finished in 149 ms","meta":{"rootId":"8beedh6uu2n7ifh","id":"8beedh6uu2n7ifh"},"id":"5tkxnquemscel7w","previousOperationId":"hfi2bwogxen2q9b"}
{"type":"operationEnd","subtype":"render","operationId":"p0mc30gmmlpzwai","timestamp":1704988929815,"id":"4f1p7ahv0n8k7g9","previousEventId":"v55ocr3vd5wtc1o","previousOperationId":"hfi2bwogxen2q9b"}
{"type":"operationEnd","doDiffs":false,"previousEventId":"b021ndapezdqw26","previousOperationId":"ef16wgyp0exhvas","operationId":"ef16wgyp0exhvas","timestamp":1704988929816,"id":"4bgn305agogcm6d"}
