{"type":"operationStart","subtype":"profile","data":{"_id":"NLn11nc3voMw7R3w","timestamp":"2024-01-13T13:47:33.189Z","state":"queued","mode":"standard","creationDate":"2024-01-13T13:47:33.191Z","modificationDate":"2024-01-13T13:47:33.191Z","shortid":"7_iegy0","$entitySet":"profiles"},"doDiffs":false,"timestamp":1705153653190,"id":"wnsh7uve7q3y65y","previousOperationId":null,"operationId":"yroa6wxcir6gwxn"}
{"type":"log","level":"info","message":"Render request 3 queued for execution and waiting for available worker","previousOperationId":"yroa6wxcir6gwxn","timestamp":1705153653190,"id":"ms4eevu5y96uh4y"}
{"type":"operationStart","subtype":"render","name":"AveragePunctuation","previousOperationId":"yroa6wxcir6gwxn","timestamp":1705153653196,"id":"mkla66lnquy13ls","previousEventId":"wnsh7uve7q3y65y","operationId":"yhebkzdal5p9ywi"}
{"type":"log","timestamp":1705153653196,"level":"info","message":"Starting rendering request 3","meta":{"rootId":"8eg1eo0ojia57mg","id":"8eg1eo0ojia57mg"},"id":"1hijbed9a09zrta","previousOperationId":"yhebkzdal5p9ywi"}
{"type":"log","timestamp":1705153653196,"level":"info","message":"Rendering template { name: AveragePunctuation, recipe: chrome-pdf, engine: handlebars, preview: false }","meta":{"rootId":"8eg1eo0ojia57mg","id":"8eg1eo0ojia57mg"},"id":"w41suyth1flng5r","previousOperationId":"yhebkzdal5p9ywi"}
{"type":"log","timestamp":1705153653197,"level":"debug","message":"Inline data specified.","meta":{"rootId":"8eg1eo0ojia57mg","id":"8eg1eo0ojia57mg"},"id":"z9yko9szp86lsq0","previousOperationId":"yhebkzdal5p9ywi"}
{"type":"log","timestamp":1705153653198,"level":"debug","message":"Executing script AveragePunctuation-script (beforeRender)","meta":{"rootId":"8eg1eo0ojia57mg","id":"8eg1eo0ojia57mg"},"id":"mol4jszoqxrhdec","previousOperationId":"yhebkzdal5p9ywi"}
{"type":"operationStart","subtype":"scriptsBeforeRender","name":"scripts beforeRender","timestamp":1705153653228,"id":"5qtwk39d4on8o5l","previousEventId":"mkla66lnquy13ls","operationId":"wxm8515xmeodsyb","previousOperationId":"yhebkzdal5p9ywi"}
{"type":"operationStart","subtype":"script","name":"scripts AveragePunctuation-script","previousOperationId":"wxm8515xmeodsyb","timestamp":1705153653228,"id":"vyvjepgblgn2ocb","previousEventId":"5qtwk39d4on8o5l","operationId":"6ie22ttczdwdpz5"}
{"type":"operationEnd","operationId":"6ie22ttczdwdpz5","timestamp":1705153653268,"id":"iemgn4jdswkzypl","previousEventId":"mkla66lnquy13ls","previousOperationId":"yhebkzdal5p9ywi"}
{"type":"operationEnd","operationId":"wxm8515xmeodsyb","timestamp":1705153653268,"id":"iixw7wg3bwo9k4g","previousEventId":"iemgn4jdswkzypl","previousOperationId":"yhebkzdal5p9ywi"}
{"type":"log","timestamp":1705153653268,"level":"debug","message":"Base url not specified, skipping its injection.","meta":{"rootId":"8eg1eo0ojia57mg","id":"8eg1eo0ojia57mg"},"id":"htuoe2cy3ld5oac","previousOperationId":"wxm8515xmeodsyb"}
{"type":"operationStart","subtype":"engine","name":"handlebars","timestamp":1705153653269,"id":"y88dngia522m8pv","previousEventId":"iixw7wg3bwo9k4g","operationId":"q9kx7ejg8fa4lqa","previousOperationId":"wxm8515xmeodsyb"}
{"type":"log","timestamp":1705153653269,"level":"debug","message":"Rendering engine handlebars","meta":{"rootId":"8eg1eo0ojia57mg","id":"8eg1eo0ojia57mg"},"id":"wrvrjpe3q29sgfb","previousOperationId":"q9kx7ejg8fa4lqa"}
{"type":"operationEnd","operationId":"q9kx7ejg8fa4lqa","timestamp":1705153653532,"id":"o9rp8i7c1p9gfnw","previousEventId":"y88dngia522m8pv","previousOperationId":"q9kx7ejg8fa4lqa"}
{"type":"operationStart","subtype":"recipe","name":"chrome-pdf","timestamp":1705153653533,"id":"kcoszpgdg07908g","previousEventId":"o9rp8i7c1p9gfnw","operationId":"04yxw8ct95spit2","previousOperationId":"q9kx7ejg8fa4lqa"}
{"type":"log","timestamp":1705153653533,"level":"debug","message":"Executing recipe chrome-pdf","meta":{"rootId":"8eg1eo0ojia57mg","id":"8eg1eo0ojia57mg"},"id":"bv8ix6g0kq1553s","previousOperationId":"04yxw8ct95spit2"}
{"type":"log","timestamp":1705153654067,"level":"debug","message":"Converting with chrome HeadlessChrome/117.0.5938.149 using chrome-pool strategy","meta":{"rootId":"8eg1eo0ojia57mg","id":"8eg1eo0ojia57mg"},"id":"5l1wq498a5nkarj","previousOperationId":"04yxw8ct95spit2"}
{"type":"log","timestamp":1705153654267,"level":"debug","message":"Page request: GET (document) file:///C:/Users/Javier/AppData/Local/Temp/jsreport/autocleanup/3749367a-741d-4bcc-9c53-1b738afb1ed9-chrome-pdf.html","meta":{"rootId":"8eg1eo0ojia57mg","id":"8eg1eo0ojia57mg"},"id":"7kdjdpwo2no5zz9","previousOperationId":"04yxw8ct95spit2"}
{"type":"log","timestamp":1705153654275,"level":"debug","message":"Page request finished: GET (document) 200 file:///C:/Users/Javier/AppData/Local/Temp/jsreport/autocleanup/3749367a-741d-4bcc-9c53-1b738afb1ed9-chrome-pdf.html","meta":{"rootId":"8eg1eo0ojia57mg","id":"8eg1eo0ojia57mg"},"id":"wz0w0nkpdynlgkj","previousOperationId":"04yxw8ct95spit2"}
{"type":"log","timestamp":1705153654285,"level":"debug","message":"Running chrome with params {\"printBackground\":true,\"timeout\":59297,\"margin\":{}}","meta":{"rootId":"8eg1eo0ojia57mg","id":"8eg1eo0ojia57mg"},"id":"pe6wxpxk5pjwauz","previousOperationId":"04yxw8ct95spit2"}
{"type":"operationEnd","operationId":"04yxw8ct95spit2","timestamp":1705153654324,"id":"wr3g8rndz65o2p8","previousEventId":"kcoszpgdg07908g","previousOperationId":"04yxw8ct95spit2"}
{"type":"log","timestamp":1705153654325,"level":"debug","message":"Skipping storing report.","meta":{"rootId":"8eg1eo0ojia57mg","id":"8eg1eo0ojia57mg"},"id":"z84yfotpgbm3llp","previousOperationId":"04yxw8ct95spit2"}
{"type":"log","timestamp":1705153654325,"level":"info","message":"Rendering request 3 finished in 1136 ms","meta":{"rootId":"8eg1eo0ojia57mg","id":"8eg1eo0ojia57mg"},"id":"qd90k74w3883bgq","previousOperationId":"04yxw8ct95spit2"}
{"type":"operationEnd","subtype":"render","operationId":"yhebkzdal5p9ywi","timestamp":1705153654325,"id":"xxzyx1k87hl2632","previousEventId":"wr3g8rndz65o2p8","previousOperationId":"04yxw8ct95spit2"}
{"type":"operationEnd","doDiffs":false,"previousEventId":"wnsh7uve7q3y65y","previousOperationId":"yroa6wxcir6gwxn","operationId":"yroa6wxcir6gwxn","timestamp":1705153654327,"id":"ar8xzrn1o45e102"}
