{"type":"operationStart","subtype":"profile","data":{"_id":"ixSSlZqkyALSktq3","timestamp":"2024-01-15T12:45:04.975Z","state":"queued","mode":"standard","creationDate":"2024-01-15T12:45:04.980Z","modificationDate":"2024-01-15T12:45:04.980Z","shortid":"xMa6Qgf","$entitySet":"profiles"},"doDiffs":false,"timestamp":1705322704977,"id":"5t62hp2pebzjp93","previousOperationId":null,"operationId":"wy2ji91gliskphr"}
{"type":"log","level":"info","message":"Render request 3 queued for execution and waiting for available worker","previousOperationId":"wy2ji91gliskphr","timestamp":1705322704977,"id":"f5l2geucegkiigj"}
{"type":"operationStart","subtype":"render","name":"AveragePunctuation","previousOperationId":"wy2ji91gliskphr","timestamp":1705322705007,"id":"g12rygtzz9dpsk4","previousEventId":"5t62hp2pebzjp93","operationId":"x9rj54bqket532y"}
{"type":"log","timestamp":1705322705010,"level":"info","message":"Starting rendering request 3","meta":{"rootId":"8kgp5i0saf5pfuy","id":"8kgp5i0saf5pfuy"},"id":"t3f2tjojzxsg45d","previousOperationId":"x9rj54bqket532y"}
{"type":"log","timestamp":1705322705012,"level":"info","message":"Rendering template { name: AveragePunctuation, recipe: chrome-pdf, engine: handlebars, preview: false }","meta":{"rootId":"8kgp5i0saf5pfuy","id":"8kgp5i0saf5pfuy"},"id":"ajbqdt97g84jx96","previousOperationId":"x9rj54bqket532y"}
{"type":"log","timestamp":1705322705017,"level":"debug","message":"Inline data specified.","meta":{"rootId":"8kgp5i0saf5pfuy","id":"8kgp5i0saf5pfuy"},"id":"u70k7lbjikk3xc0","previousOperationId":"x9rj54bqket532y"}
{"type":"log","timestamp":1705322705031,"level":"debug","message":"Executing script AveragePunctuation-script (beforeRender)","meta":{"rootId":"8kgp5i0saf5pfuy","id":"8kgp5i0saf5pfuy"},"id":"ty4s74trj4cmywk","previousOperationId":"x9rj54bqket532y"}
{"type":"operationStart","subtype":"scriptsBeforeRender","name":"scripts beforeRender","timestamp":1705322705094,"id":"6dqej11jf51dnmd","previousEventId":"g12rygtzz9dpsk4","operationId":"pcutbcslr3uae4q","previousOperationId":"x9rj54bqket532y"}
{"type":"operationStart","subtype":"script","name":"scripts AveragePunctuation-script","previousOperationId":"pcutbcslr3uae4q","timestamp":1705322705094,"id":"pkrws2jocqwkgz9","previousEventId":"6dqej11jf51dnmd","operationId":"y3ualxqicyk8b5m"}
{"type":"operationEnd","operationId":"y3ualxqicyk8b5m","timestamp":1705322705133,"id":"roofq3aujnc37bm","previousEventId":"g12rygtzz9dpsk4","previousOperationId":"x9rj54bqket532y"}
{"type":"operationEnd","operationId":"pcutbcslr3uae4q","timestamp":1705322705133,"id":"vfusiskh3tjhmb8","previousEventId":"roofq3aujnc37bm","previousOperationId":"x9rj54bqket532y"}
{"type":"log","timestamp":1705322705133,"level":"debug","message":"Base url not specified, skipping its injection.","meta":{"rootId":"8kgp5i0saf5pfuy","id":"8kgp5i0saf5pfuy"},"id":"845hy4mj27bny74","previousOperationId":"pcutbcslr3uae4q"}
{"type":"operationStart","subtype":"engine","name":"handlebars","timestamp":1705322705134,"id":"afv8q0j7ed6fg56","previousEventId":"vfusiskh3tjhmb8","operationId":"iggc2rkcwj8ytbc","previousOperationId":"pcutbcslr3uae4q"}
{"type":"log","timestamp":1705322705134,"level":"debug","message":"Rendering engine handlebars","meta":{"rootId":"8kgp5i0saf5pfuy","id":"8kgp5i0saf5pfuy"},"id":"c09jm1or2j1jllo","previousOperationId":"iggc2rkcwj8ytbc"}
{"type":"operationEnd","operationId":"iggc2rkcwj8ytbc","timestamp":1705322705162,"id":"k1kqcdxm8lkkysg","previousEventId":"afv8q0j7ed6fg56","previousOperationId":"iggc2rkcwj8ytbc"}
{"type":"operationStart","subtype":"recipe","name":"chrome-pdf","timestamp":1705322705164,"id":"ou3sv2lrctlqjuf","previousEventId":"k1kqcdxm8lkkysg","operationId":"oikdfhy41ld0z20","previousOperationId":"iggc2rkcwj8ytbc"}
{"type":"log","timestamp":1705322705164,"level":"debug","message":"Executing recipe chrome-pdf","meta":{"rootId":"8kgp5i0saf5pfuy","id":"8kgp5i0saf5pfuy"},"id":"sxpwrfva0wqfh0t","previousOperationId":"oikdfhy41ld0z20"}
{"type":"log","timestamp":1705322705167,"level":"debug","message":"Converting with chrome HeadlessChrome/117.0.5938.149 using chrome-pool strategy","meta":{"rootId":"8kgp5i0saf5pfuy","id":"8kgp5i0saf5pfuy"},"id":"xo57trrmteq8aij","previousOperationId":"oikdfhy41ld0z20"}
{"type":"log","timestamp":1705322705272,"level":"debug","message":"Page request: GET (document) file:///C:/Users/Javier/AppData/Local/Temp/jsreport/autocleanup/10089510-05ac-46a0-a973-1245e3c82d82-chrome-pdf.html","meta":{"rootId":"8kgp5i0saf5pfuy","id":"8kgp5i0saf5pfuy"},"id":"o99rz4g3s26br7t","previousOperationId":"oikdfhy41ld0z20"}
{"type":"log","timestamp":1705322705322,"level":"debug","message":"Page request: GET (stylesheet) https://cdnjs.cloudflare.com/ajax/libs/metro/4.1.5/css/metro.min.css","meta":{"rootId":"8kgp5i0saf5pfuy","id":"8kgp5i0saf5pfuy"},"id":"f8owvcjjc8jgyti","previousOperationId":"oikdfhy41ld0z20"}
{"type":"log","timestamp":1705322705323,"level":"debug","message":"Page request: GET (script) https://cdnjs.cloudflare.com/ajax/libs/Chart.js/2.7.2/Chart.min.js","meta":{"rootId":"8kgp5i0saf5pfuy","id":"8kgp5i0saf5pfuy"},"id":"e87my4m4zjlsyia","previousOperationId":"oikdfhy41ld0z20"}
{"type":"log","timestamp":1705322705323,"level":"debug","message":"Page request finished: GET (document) 200 file:///C:/Users/Javier/AppData/Local/Temp/jsreport/autocleanup/10089510-05ac-46a0-a973-1245e3c82d82-chrome-pdf.html","meta":{"rootId":"8kgp5i0saf5pfuy","id":"8kgp5i0saf5pfuy"},"id":"q6oobw56kd0l3hg","previousOperationId":"oikdfhy41ld0z20"}
{"type":"log","timestamp":1705322705339,"level":"debug","message":"Page request finished: GET (stylesheet) 200 https://cdnjs.cloudflare.com/ajax/libs/metro/4.1.5/css/metro.min.css","meta":{"rootId":"8kgp5i0saf5pfuy","id":"8kgp5i0saf5pfuy"},"id":"m3obozu2okcny6t","previousOperationId":"oikdfhy41ld0z20"}
{"type":"log","timestamp":1705322705339,"level":"debug","message":"Page request finished: GET (script) 200 https://cdnjs.cloudflare.com/ajax/libs/Chart.js/2.7.2/Chart.min.js","meta":{"rootId":"8kgp5i0saf5pfuy","id":"8kgp5i0saf5pfuy"},"id":"2tvdojpzi0j7tp2","previousOperationId":"oikdfhy41ld0z20"}
{"type":"log","timestamp":1705322705408,"level":"debug","message":"Running chrome with params {\"printBackground\":true,\"timeout\":59809,\"margin\":{}}","meta":{"rootId":"8kgp5i0saf5pfuy","id":"8kgp5i0saf5pfuy"},"id":"qr0cjh16w3kj54w","previousOperationId":"oikdfhy41ld0z20"}
{"type":"operationEnd","operationId":"oikdfhy41ld0z20","timestamp":1705322705509,"id":"tsb40jpg3kpj0pw","previousEventId":"ou3sv2lrctlqjuf","previousOperationId":"oikdfhy41ld0z20"}
{"type":"log","timestamp":1705322705509,"level":"debug","message":"Skipping storing report.","meta":{"rootId":"8kgp5i0saf5pfuy","id":"8kgp5i0saf5pfuy"},"id":"1nx6r7pu052dt81","previousOperationId":"oikdfhy41ld0z20"}
{"type":"log","timestamp":1705322705509,"level":"info","message":"Rendering request 3 finished in 534 ms","meta":{"rootId":"8kgp5i0saf5pfuy","id":"8kgp5i0saf5pfuy"},"id":"9th6rsf0yq0s8ih","previousOperationId":"oikdfhy41ld0z20"}
{"type":"operationEnd","subtype":"render","operationId":"x9rj54bqket532y","timestamp":1705322705509,"id":"ebh4ii7ceyzlc8x","previousEventId":"tsb40jpg3kpj0pw","previousOperationId":"oikdfhy41ld0z20"}
{"type":"operationEnd","doDiffs":false,"previousEventId":"5t62hp2pebzjp93","previousOperationId":"wy2ji91gliskphr","operationId":"wy2ji91gliskphr","timestamp":1705322705512,"id":"nqfz80qwtdc7ajf"}
