{"type":"operationStart","subtype":"profile","data":{"_id":"vK3fUBqUNzT3VVcO","timestamp":"2024-01-13T14:19:01.660Z","state":"queued","mode":"standard","creationDate":"2024-01-13T14:19:01.661Z","modificationDate":"2024-01-13T14:19:01.661Z","shortid":"UVs1tjt","$entitySet":"profiles"},"doDiffs":false,"timestamp":1705155541661,"id":"b2j97s2wxndwvrm","previousOperationId":null,"operationId":"nwxo64u064fpig2"}
{"type":"log","level":"info","message":"Render request 18 queued for execution and waiting for available worker","previousOperationId":"nwxo64u064fpig2","timestamp":1705155541661,"id":"6rbzqkl02bupinn"}
{"type":"operationStart","subtype":"render","name":"AveragePunctuation","previousOperationId":"nwxo64u064fpig2","timestamp":1705155541667,"id":"x1pwo1gvc390gn1","previousEventId":"b2j97s2wxndwvrm","operationId":"lwwpwnzla8znewa"}
{"type":"log","timestamp":1705155541667,"level":"info","message":"Starting rendering request 18","meta":{"rootId":"8kw817x0d06pxpk","id":"8kw817x0d06pxpk"},"id":"tye1cheylaa1ljy","previousOperationId":"lwwpwnzla8znewa"}
{"type":"log","timestamp":1705155541667,"level":"info","message":"Rendering template { name: AveragePunctuation, recipe: chrome-pdf, engine: handlebars, preview: false }","meta":{"rootId":"8kw817x0d06pxpk","id":"8kw817x0d06pxpk"},"id":"5urrjohwgui8alq","previousOperationId":"lwwpwnzla8znewa"}
{"type":"log","timestamp":1705155541667,"level":"debug","message":"Inline data specified.","meta":{"rootId":"8kw817x0d06pxpk","id":"8kw817x0d06pxpk"},"id":"ad5hz08e8af03es","previousOperationId":"lwwpwnzla8znewa"}
{"type":"log","timestamp":1705155541669,"level":"debug","message":"Executing script AveragePunctuation-script (beforeRender)","meta":{"rootId":"8kw817x0d06pxpk","id":"8kw817x0d06pxpk"},"id":"0uox4kdv7y3af24","previousOperationId":"lwwpwnzla8znewa"}
{"type":"operationStart","subtype":"scriptsBeforeRender","name":"scripts beforeRender","timestamp":1705155541684,"id":"vh2r28t23jzb77o","previousEventId":"x1pwo1gvc390gn1","operationId":"houe88m5dacfbjz","previousOperationId":"lwwpwnzla8znewa"}
{"type":"operationStart","subtype":"script","name":"scripts AveragePunctuation-script","previousOperationId":"houe88m5dacfbjz","timestamp":1705155541684,"id":"5dmtc5r9ohkqhab","previousEventId":"vh2r28t23jzb77o","operationId":"xcyzhboou7vrytw"}
{"type":"operationEnd","operationId":"xcyzhboou7vrytw","timestamp":1705155541695,"id":"tysj32c13tczixt","previousEventId":"x1pwo1gvc390gn1","previousOperationId":"lwwpwnzla8znewa"}
{"type":"operationEnd","operationId":"houe88m5dacfbjz","timestamp":1705155541695,"id":"ui0wrjvdctilm8u","previousEventId":"tysj32c13tczixt","previousOperationId":"lwwpwnzla8znewa"}
{"type":"log","timestamp":1705155541695,"level":"debug","message":"Base url not specified, skipping its injection.","meta":{"rootId":"8kw817x0d06pxpk","id":"8kw817x0d06pxpk"},"id":"vv1iympzgkk89r3","previousOperationId":"houe88m5dacfbjz"}
{"type":"operationStart","subtype":"engine","name":"handlebars","timestamp":1705155541696,"id":"t4kgstymn0plc57","previousEventId":"ui0wrjvdctilm8u","operationId":"amjqzlzad4gtm1t","previousOperationId":"houe88m5dacfbjz"}
{"type":"log","timestamp":1705155541696,"level":"debug","message":"Rendering engine handlebars","meta":{"rootId":"8kw817x0d06pxpk","id":"8kw817x0d06pxpk"},"id":"nf0l3j03rux6yom","previousOperationId":"amjqzlzad4gtm1t"}
{"type":"operationEnd","operationId":"amjqzlzad4gtm1t","timestamp":1705155541707,"id":"gh7429ge4fm5r6i","previousEventId":"t4kgstymn0plc57","previousOperationId":"amjqzlzad4gtm1t"}
{"type":"operationStart","subtype":"recipe","name":"chrome-pdf","timestamp":1705155541708,"id":"tfyfhp24amoytgq","previousEventId":"gh7429ge4fm5r6i","operationId":"i4slig7b3ppg1f5","previousOperationId":"amjqzlzad4gtm1t"}
{"type":"log","timestamp":1705155541708,"level":"debug","message":"Executing recipe chrome-pdf","meta":{"rootId":"8kw817x0d06pxpk","id":"8kw817x0d06pxpk"},"id":"k70nglgu73k010k","previousOperationId":"i4slig7b3ppg1f5"}
{"type":"log","timestamp":1705155541709,"level":"debug","message":"Converting with chrome HeadlessChrome/117.0.5938.149 using chrome-pool strategy","meta":{"rootId":"8kw817x0d06pxpk","id":"8kw817x0d06pxpk"},"id":"szd00pg40b1qwjh","previousOperationId":"i4slig7b3ppg1f5"}
{"type":"log","timestamp":1705155541794,"level":"debug","message":"Page request: GET (document) file:///C:/Users/Javier/AppData/Local/Temp/jsreport/autocleanup/ec8bd18b-e523-43ed-8edd-e7600489f322-chrome-pdf.html","meta":{"rootId":"8kw817x0d06pxpk","id":"8kw817x0d06pxpk"},"id":"c5fk7dgtdz26tvz","previousOperationId":"i4slig7b3ppg1f5"}
{"type":"log","timestamp":1705155541836,"level":"debug","message":"Page request: GET (stylesheet) https://cdnjs.cloudflare.com/ajax/libs/metro/4.1.5/css/metro.min.css","meta":{"rootId":"8kw817x0d06pxpk","id":"8kw817x0d06pxpk"},"id":"4f1b6dye0taokbi","previousOperationId":"i4slig7b3ppg1f5"}
{"type":"log","timestamp":1705155541837,"level":"debug","message":"Page request: GET (script) https://cdnjs.cloudflare.com/ajax/libs/Chart.js/2.7.2/Chart.min.js","meta":{"rootId":"8kw817x0d06pxpk","id":"8kw817x0d06pxpk"},"id":"waehzuapwuer6vc","previousOperationId":"i4slig7b3ppg1f5"}
{"type":"log","timestamp":1705155541837,"level":"debug","message":"Page request finished: GET (document) 200 file:///C:/Users/Javier/AppData/Local/Temp/jsreport/autocleanup/ec8bd18b-e523-43ed-8edd-e7600489f322-chrome-pdf.html","meta":{"rootId":"8kw817x0d06pxpk","id":"8kw817x0d06pxpk"},"id":"71ez988d2xouk93","previousOperationId":"i4slig7b3ppg1f5"}
{"type":"log","timestamp":1705155541846,"level":"debug","message":"Page request finished: GET (script) 200 https://cdnjs.cloudflare.com/ajax/libs/Chart.js/2.7.2/Chart.min.js","meta":{"rootId":"8kw817x0d06pxpk","id":"8kw817x0d06pxpk"},"id":"1tntv6iammdnhqz","previousOperationId":"i4slig7b3ppg1f5"}
{"type":"log","timestamp":1705155541856,"level":"debug","message":"Page request finished: GET (stylesheet) 200 https://cdnjs.cloudflare.com/ajax/libs/metro/4.1.5/css/metro.min.css","meta":{"rootId":"8kw817x0d06pxpk","id":"8kw817x0d06pxpk"},"id":"nmuzfo8yn72le3y","previousOperationId":"i4slig7b3ppg1f5"}
{"type":"log","timestamp":1705155541922,"level":"debug","message":"Running chrome with params {\"printBackground\":true,\"timeout\":59951,\"margin\":{}}","meta":{"rootId":"8kw817x0d06pxpk","id":"8kw817x0d06pxpk"},"id":"2f8cetpo52vgoos","previousOperationId":"i4slig7b3ppg1f5"}
{"type":"operationEnd","operationId":"i4slig7b3ppg1f5","timestamp":1705155542033,"id":"hgcydcverc1lax2","previousEventId":"tfyfhp24amoytgq","previousOperationId":"i4slig7b3ppg1f5"}
{"type":"log","timestamp":1705155542033,"level":"debug","message":"Skipping storing report.","meta":{"rootId":"8kw817x0d06pxpk","id":"8kw817x0d06pxpk"},"id":"j9s7t7plppkymd1","previousOperationId":"i4slig7b3ppg1f5"}
{"type":"log","timestamp":1705155542033,"level":"info","message":"Rendering request 18 finished in 373 ms","meta":{"rootId":"8kw817x0d06pxpk","id":"8kw817x0d06pxpk"},"id":"u4m9dg4ucb3ie2p","previousOperationId":"i4slig7b3ppg1f5"}
{"type":"operationEnd","subtype":"render","operationId":"lwwpwnzla8znewa","timestamp":1705155542033,"id":"r8bignccs3l8j0e","previousEventId":"hgcydcverc1lax2","previousOperationId":"i4slig7b3ppg1f5"}
{"type":"operationEnd","doDiffs":false,"previousEventId":"b2j97s2wxndwvrm","previousOperationId":"nwxo64u064fpig2","operationId":"nwxo64u064fpig2","timestamp":1705155542035,"id":"6k3n9k7ryw0on5t"}
