{"type":"operationStart","subtype":"profile","data":{"_id":"HrjUB7SscXDteSG4","timestamp":"2024-01-13T16:57:01.107Z","state":"queued","mode":"standard","creationDate":"2024-01-13T16:57:01.108Z","modificationDate":"2024-01-13T16:57:01.108Z","shortid":"ZTIFBB1","$entitySet":"profiles"},"doDiffs":false,"timestamp":1705165021108,"id":"jbxww07hizejff6","previousOperationId":null,"operationId":"f4eo1y93kcqu1y0"}
{"type":"log","level":"info","message":"Render request 60 queued for execution and waiting for available worker","previousOperationId":"f4eo1y93kcqu1y0","timestamp":1705165021108,"id":"tes87n515cpkho0"}
{"type":"operationStart","subtype":"render","name":"AveragePunctuation","previousOperationId":"f4eo1y93kcqu1y0","timestamp":1705165021113,"id":"97jlim7izjohn04","previousEventId":"jbxww07hizejff6","operationId":"u3qbba9aindnvc0"}
{"type":"log","timestamp":1705165021113,"level":"info","message":"Starting rendering request 60","meta":{"rootId":"8o44t0w2f9gsome","id":"8o44t0w2f9gsome"},"id":"cw2txifv0bxl7nw","previousOperationId":"u3qbba9aindnvc0"}
{"type":"log","timestamp":1705165021113,"level":"info","message":"Rendering template { name: AveragePunctuation, recipe: chrome-pdf, engine: handlebars, preview: false }","meta":{"rootId":"8o44t0w2f9gsome","id":"8o44t0w2f9gsome"},"id":"86qr6y5jsxw5jfy","previousOperationId":"u3qbba9aindnvc0"}
{"type":"log","timestamp":1705165021114,"level":"debug","message":"Inline data specified.","meta":{"rootId":"8o44t0w2f9gsome","id":"8o44t0w2f9gsome"},"id":"3shl69ujbaevlcz","previousOperationId":"u3qbba9aindnvc0"}
{"type":"log","timestamp":1705165021116,"level":"debug","message":"Executing script AveragePunctuation-script (beforeRender)","meta":{"rootId":"8o44t0w2f9gsome","id":"8o44t0w2f9gsome"},"id":"f2ebtmca4ux7p7i","previousOperationId":"u3qbba9aindnvc0"}
{"type":"operationStart","subtype":"scriptsBeforeRender","name":"scripts beforeRender","timestamp":1705165021130,"id":"93f8ic6mmg6ok8i","previousEventId":"97jlim7izjohn04","operationId":"58w2ovdpvxcm8ou","previousOperationId":"u3qbba9aindnvc0"}
{"type":"operationStart","subtype":"script","name":"scripts AveragePunctuation-script","previousOperationId":"58w2ovdpvxcm8ou","timestamp":1705165021130,"id":"h2os6kbyhbc71xg","previousEventId":"93f8ic6mmg6ok8i","operationId":"0hu3ipu4gx2gil6"}
{"type":"operationEnd","operationId":"0hu3ipu4gx2gil6","timestamp":1705165021140,"id":"298x6z4915bzn0e","previousEventId":"97jlim7izjohn04","previousOperationId":"u3qbba9aindnvc0"}
{"type":"operationEnd","operationId":"58w2ovdpvxcm8ou","timestamp":1705165021140,"id":"i2ceiq7iob2ukbs","previousEventId":"298x6z4915bzn0e","previousOperationId":"u3qbba9aindnvc0"}
{"type":"log","timestamp":1705165021141,"level":"debug","message":"Base url not specified, skipping its injection.","meta":{"rootId":"8o44t0w2f9gsome","id":"8o44t0w2f9gsome"},"id":"ju2a3jn0kyp25xw","previousOperationId":"58w2ovdpvxcm8ou"}
{"type":"operationStart","subtype":"engine","name":"handlebars","timestamp":1705165021141,"id":"7yhp028vtygxbf6","previousEventId":"i2ceiq7iob2ukbs","operationId":"3hsad11rxs2gjyl","previousOperationId":"58w2ovdpvxcm8ou"}
{"type":"log","timestamp":1705165021141,"level":"debug","message":"Rendering engine handlebars","meta":{"rootId":"8o44t0w2f9gsome","id":"8o44t0w2f9gsome"},"id":"o2izg3ame7fd1xx","previousOperationId":"3hsad11rxs2gjyl"}
{"type":"operationEnd","operationId":"3hsad11rxs2gjyl","timestamp":1705165021149,"id":"4sowr2xekobz3f0","previousEventId":"7yhp028vtygxbf6","previousOperationId":"3hsad11rxs2gjyl"}
{"type":"operationStart","subtype":"recipe","name":"chrome-pdf","timestamp":1705165021149,"id":"ddrxkpy7m2wkt2i","previousEventId":"4sowr2xekobz3f0","operationId":"kkh0glnx6osl39j","previousOperationId":"3hsad11rxs2gjyl"}
{"type":"log","timestamp":1705165021149,"level":"debug","message":"Executing recipe chrome-pdf","meta":{"rootId":"8o44t0w2f9gsome","id":"8o44t0w2f9gsome"},"id":"1tefsgqvbyu5arr","previousOperationId":"kkh0glnx6osl39j"}
{"type":"log","timestamp":1705165021151,"level":"debug","message":"Converting with chrome HeadlessChrome/117.0.5938.149 using chrome-pool strategy","meta":{"rootId":"8o44t0w2f9gsome","id":"8o44t0w2f9gsome"},"id":"jxlxxnmx5m7aijq","previousOperationId":"kkh0glnx6osl39j"}
{"type":"log","timestamp":1705165021234,"level":"debug","message":"Page request: GET (document) file:///C:/Users/Javier/AppData/Local/Temp/jsreport/autocleanup/86b11c7a-6fca-4035-a3e9-71d5dfb1f6db-chrome-pdf.html","meta":{"rootId":"8o44t0w2f9gsome","id":"8o44t0w2f9gsome"},"id":"42ewl6j4qerw4rs","previousOperationId":"kkh0glnx6osl39j"}
{"type":"log","timestamp":1705165021282,"level":"debug","message":"Page request: GET (stylesheet) https://cdnjs.cloudflare.com/ajax/libs/metro/4.1.5/css/metro.min.css","meta":{"rootId":"8o44t0w2f9gsome","id":"8o44t0w2f9gsome"},"id":"qfzephxkspqy5aq","previousOperationId":"kkh0glnx6osl39j"}
{"type":"log","timestamp":1705165021284,"level":"debug","message":"Page request: GET (script) https://cdnjs.cloudflare.com/ajax/libs/Chart.js/2.7.2/Chart.min.js","meta":{"rootId":"8o44t0w2f9gsome","id":"8o44t0w2f9gsome"},"id":"5uxk0j26fij07sw","previousOperationId":"kkh0glnx6osl39j"}
{"type":"log","timestamp":1705165021284,"level":"debug","message":"Page request finished: GET (document) 200 file:///C:/Users/Javier/AppData/Local/Temp/jsreport/autocleanup/86b11c7a-6fca-4035-a3e9-71d5dfb1f6db-chrome-pdf.html","meta":{"rootId":"8o44t0w2f9gsome","id":"8o44t0w2f9gsome"},"id":"s9c22n75i145plv","previousOperationId":"kkh0glnx6osl39j"}
{"type":"log","timestamp":1705165021300,"level":"debug","message":"Page request finished: GET (stylesheet) 200 https://cdnjs.cloudflare.com/ajax/libs/metro/4.1.5/css/metro.min.css","meta":{"rootId":"8o44t0w2f9gsome","id":"8o44t0w2f9gsome"},"id":"aurfa8deqhojfpb","previousOperationId":"kkh0glnx6osl39j"}
{"type":"log","timestamp":1705165021301,"level":"debug","message":"Page request finished: GET (script) 200 https://cdnjs.cloudflare.com/ajax/libs/Chart.js/2.7.2/Chart.min.js","meta":{"rootId":"8o44t0w2f9gsome","id":"8o44t0w2f9gsome"},"id":"1dmp7qir8c0xkqs","previousOperationId":"kkh0glnx6osl39j"}
{"type":"log","timestamp":1705165021360,"level":"debug","message":"Running chrome with params {\"printBackground\":true,\"timeout\":59956,\"margin\":{}}","meta":{"rootId":"8o44t0w2f9gsome","id":"8o44t0w2f9gsome"},"id":"4vp6zs8mf9s0r2c","previousOperationId":"kkh0glnx6osl39j"}
{"type":"operationEnd","operationId":"kkh0glnx6osl39j","timestamp":1705165021455,"id":"na3lnnaftgq6fff","previousEventId":"ddrxkpy7m2wkt2i","previousOperationId":"kkh0glnx6osl39j"}
{"type":"log","timestamp":1705165021455,"level":"debug","message":"Skipping storing report.","meta":{"rootId":"8o44t0w2f9gsome","id":"8o44t0w2f9gsome"},"id":"q11wlnigp9tzdjf","previousOperationId":"kkh0glnx6osl39j"}
{"type":"log","timestamp":1705165021455,"level":"info","message":"Rendering request 60 finished in 349 ms","meta":{"rootId":"8o44t0w2f9gsome","id":"8o44t0w2f9gsome"},"id":"w8bgoyzn3u7qelk","previousOperationId":"kkh0glnx6osl39j"}
{"type":"operationEnd","subtype":"render","operationId":"u3qbba9aindnvc0","timestamp":1705165021455,"id":"v84nud05uupe44b","previousEventId":"na3lnnaftgq6fff","previousOperationId":"kkh0glnx6osl39j"}
{"type":"operationEnd","doDiffs":false,"previousEventId":"jbxww07hizejff6","previousOperationId":"f4eo1y93kcqu1y0","operationId":"f4eo1y93kcqu1y0","timestamp":1705165021457,"id":"g88roolwvttimdu"}
