{"type":"operationStart","subtype":"profile","data":{"_id":"iLcPPQBdcmqkUQT3","timestamp":"2024-01-13T22:41:43.777Z","state":"queued","mode":"standard","creationDate":"2024-01-13T22:41:43.779Z","modificationDate":"2024-01-13T22:41:43.779Z","shortid":"nnzda4V","$entitySet":"profiles"},"doDiffs":false,"timestamp":1705185703778,"id":"4l5kq8re9jyml6s","previousOperationId":null,"operationId":"ooos6ou6tk6a5yi"}
{"type":"log","level":"info","message":"Render request 26 queued for execution and waiting for available worker","previousOperationId":"ooos6ou6tk6a5yi","timestamp":1705185703778,"id":"dvihr6fnwdw9jqa"}
{"type":"operationStart","subtype":"render","name":"AveragePunctuation","previousOperationId":"ooos6ou6tk6a5yi","timestamp":1705185703788,"id":"h7uzmdr77b0nrbb","previousEventId":"4l5kq8re9jyml6s","operationId":"as54yd8m1ghbnw7"}
{"type":"log","timestamp":1705185703788,"level":"info","message":"Starting rendering request 26","meta":{"rootId":"8r7hygwmq457a1z","id":"8r7hygwmq457a1z"},"id":"a6bbie6gdocedds","previousOperationId":"as54yd8m1ghbnw7"}
{"type":"log","timestamp":1705185703788,"level":"info","message":"Rendering template { name: AveragePunctuation, recipe: chrome-pdf, engine: handlebars, preview: false }","meta":{"rootId":"8r7hygwmq457a1z","id":"8r7hygwmq457a1z"},"id":"144kbi0usit5452","previousOperationId":"as54yd8m1ghbnw7"}
{"type":"log","timestamp":1705185703789,"level":"debug","message":"Inline data specified.","meta":{"rootId":"8r7hygwmq457a1z","id":"8r7hygwmq457a1z"},"id":"me5tavtb1uftknn","previousOperationId":"as54yd8m1ghbnw7"}
{"type":"log","timestamp":1705185703794,"level":"debug","message":"Executing script AveragePunctuation-script (beforeRender)","meta":{"rootId":"8r7hygwmq457a1z","id":"8r7hygwmq457a1z"},"id":"4f5q8oxgz7wmmlr","previousOperationId":"as54yd8m1ghbnw7"}
{"type":"operationStart","subtype":"scriptsBeforeRender","name":"scripts beforeRender","timestamp":1705185703819,"id":"kv5e02r4vnijylb","previousEventId":"h7uzmdr77b0nrbb","operationId":"6qmk1vac8veuf4c","previousOperationId":"as54yd8m1ghbnw7"}
{"type":"operationStart","subtype":"script","name":"scripts AveragePunctuation-script","previousOperationId":"6qmk1vac8veuf4c","timestamp":1705185703819,"id":"zxurjpmehuflter","previousEventId":"kv5e02r4vnijylb","operationId":"txwo6hngwmjo95y"}
{"type":"operationEnd","operationId":"txwo6hngwmjo95y","timestamp":1705185703835,"id":"v8ixmz4c1hbki3b","previousEventId":"h7uzmdr77b0nrbb","previousOperationId":"as54yd8m1ghbnw7"}
{"type":"operationEnd","operationId":"6qmk1vac8veuf4c","timestamp":1705185703835,"id":"vexjdlv4e5yk5nc","previousEventId":"v8ixmz4c1hbki3b","previousOperationId":"as54yd8m1ghbnw7"}
{"type":"log","timestamp":1705185703835,"level":"debug","message":"Base url not specified, skipping its injection.","meta":{"rootId":"8r7hygwmq457a1z","id":"8r7hygwmq457a1z"},"id":"86cncsv7t8ex7ae","previousOperationId":"6qmk1vac8veuf4c"}
{"type":"operationStart","subtype":"engine","name":"handlebars","timestamp":1705185703835,"id":"wnopflcnymcra3g","previousEventId":"vexjdlv4e5yk5nc","operationId":"punnja3b858av40","previousOperationId":"6qmk1vac8veuf4c"}
{"type":"log","timestamp":1705185703835,"level":"debug","message":"Rendering engine handlebars","meta":{"rootId":"8r7hygwmq457a1z","id":"8r7hygwmq457a1z"},"id":"2fuz3jir49dquqa","previousOperationId":"punnja3b858av40"}
{"type":"operationEnd","operationId":"punnja3b858av40","timestamp":1705185703841,"id":"iuel7pl72lg2wrs","previousEventId":"wnopflcnymcra3g","previousOperationId":"punnja3b858av40"}
{"type":"operationStart","subtype":"recipe","name":"chrome-pdf","timestamp":1705185703841,"id":"pjwv3htbabbobv0","previousEventId":"iuel7pl72lg2wrs","operationId":"nc7o2dsq1wwhwzv","previousOperationId":"punnja3b858av40"}
{"type":"log","timestamp":1705185703841,"level":"debug","message":"Executing recipe chrome-pdf","meta":{"rootId":"8r7hygwmq457a1z","id":"8r7hygwmq457a1z"},"id":"fpijm93wcktj3b0","previousOperationId":"nc7o2dsq1wwhwzv"}
{"type":"log","timestamp":1705185703843,"level":"debug","message":"Converting with chrome HeadlessChrome/117.0.5938.149 using chrome-pool strategy","meta":{"rootId":"8r7hygwmq457a1z","id":"8r7hygwmq457a1z"},"id":"fu5n2rnsw8muq0r","previousOperationId":"nc7o2dsq1wwhwzv"}
{"type":"log","timestamp":1705185703926,"level":"debug","message":"Page request: GET (document) file:///C:/Users/Javier/AppData/Local/Temp/jsreport/autocleanup/f6a12c80-1887-44ff-beed-784236ae8fd2-chrome-pdf.html","meta":{"rootId":"8r7hygwmq457a1z","id":"8r7hygwmq457a1z"},"id":"bf8u9emt8u74kii","previousOperationId":"nc7o2dsq1wwhwzv"}
{"type":"log","timestamp":1705185703967,"level":"debug","message":"Page request: GET (stylesheet) https://cdnjs.cloudflare.com/ajax/libs/metro/4.1.5/css/metro.min.css","meta":{"rootId":"8r7hygwmq457a1z","id":"8r7hygwmq457a1z"},"id":"szffx2hbl2hpsso","previousOperationId":"nc7o2dsq1wwhwzv"}
{"type":"log","timestamp":1705185703968,"level":"debug","message":"Page request: GET (script) https://cdnjs.cloudflare.com/ajax/libs/Chart.js/2.7.2/Chart.min.js","meta":{"rootId":"8r7hygwmq457a1z","id":"8r7hygwmq457a1z"},"id":"e29oxhhl11eu9qa","previousOperationId":"nc7o2dsq1wwhwzv"}
{"type":"log","timestamp":1705185703968,"level":"debug","message":"Page request finished: GET (document) 200 file:///C:/Users/Javier/AppData/Local/Temp/jsreport/autocleanup/f6a12c80-1887-44ff-beed-784236ae8fd2-chrome-pdf.html","meta":{"rootId":"8r7hygwmq457a1z","id":"8r7hygwmq457a1z"},"id":"txutc5ymdo627fh","previousOperationId":"nc7o2dsq1wwhwzv"}
{"type":"log","timestamp":1705185703971,"level":"debug","message":"Page request finished: GET (script) 200 https://cdnjs.cloudflare.com/ajax/libs/Chart.js/2.7.2/Chart.min.js","meta":{"rootId":"8r7hygwmq457a1z","id":"8r7hygwmq457a1z"},"id":"0s5ictgjyx75vv3","previousOperationId":"nc7o2dsq1wwhwzv"}
{"type":"log","timestamp":1705185703984,"level":"debug","message":"Page request finished: GET (stylesheet) 200 https://cdnjs.cloudflare.com/ajax/libs/metro/4.1.5/css/metro.min.css","meta":{"rootId":"8r7hygwmq457a1z","id":"8r7hygwmq457a1z"},"id":"wyg456sl2cuyffm","previousOperationId":"nc7o2dsq1wwhwzv"}
{"type":"log","timestamp":1705185704051,"level":"debug","message":"Running chrome with params {\"printBackground\":true,\"timeout\":59934,\"margin\":{}}","meta":{"rootId":"8r7hygwmq457a1z","id":"8r7hygwmq457a1z"},"id":"z23rlin4o1d1rpe","previousOperationId":"nc7o2dsq1wwhwzv"}
{"type":"operationEnd","operationId":"nc7o2dsq1wwhwzv","timestamp":1705185704157,"id":"41j4566mom43oam","previousEventId":"pjwv3htbabbobv0","previousOperationId":"nc7o2dsq1wwhwzv"}
{"type":"log","timestamp":1705185704157,"level":"debug","message":"Skipping storing report.","meta":{"rootId":"8r7hygwmq457a1z","id":"8r7hygwmq457a1z"},"id":"evdw5zwi7jbv5xl","previousOperationId":"nc7o2dsq1wwhwzv"}
{"type":"log","timestamp":1705185704157,"level":"info","message":"Rendering request 26 finished in 380 ms","meta":{"rootId":"8r7hygwmq457a1z","id":"8r7hygwmq457a1z"},"id":"p4ggs1c380a3ynd","previousOperationId":"nc7o2dsq1wwhwzv"}
{"type":"operationEnd","subtype":"render","operationId":"as54yd8m1ghbnw7","timestamp":1705185704157,"id":"puwsimmaecaforu","previousEventId":"41j4566mom43oam","previousOperationId":"nc7o2dsq1wwhwzv"}
{"type":"operationEnd","doDiffs":false,"previousEventId":"4l5kq8re9jyml6s","previousOperationId":"ooos6ou6tk6a5yi","operationId":"ooos6ou6tk6a5yi","timestamp":1705185704159,"id":"2o5fboeoi5kpu1z"}
