{"type":"operationStart","subtype":"profile","data":{"_id":"gd5zCsI503WC3iVl","timestamp":"2024-01-11T19:20:10.026Z","state":"queued","mode":"standard","creationDate":"2024-01-11T19:20:10.028Z","modificationDate":"2024-01-11T19:20:10.028Z","shortid":"xZS_G7A","$entitySet":"profiles"},"doDiffs":false,"timestamp":1705000810027,"id":"ckjk1zv0xygbsyj","previousOperationId":null,"operationId":"cr496u6fgkehrkc"}
{"type":"log","level":"info","message":"Render request 7 queued for execution and waiting for available worker","previousOperationId":"cr496u6fgkehrkc","timestamp":1705000810027,"id":"5gyodd61p8fegfl"}
{"type":"operationStart","subtype":"render","name":"AveragePunctuation","previousOperationId":"cr496u6fgkehrkc","timestamp":1705000829296,"id":"5ls9xo1je7pqmhv","previousEventId":"ckjk1zv0xygbsyj","operationId":"2q2st65ca11adi9"}
{"type":"log","timestamp":1705000829296,"level":"info","message":"Starting rendering request 7","meta":{"rootId":"8uqvthqyyfzsguq","id":"8uqvthqyyfzsguq"},"id":"rf3wh23ibgxhv3y","previousOperationId":"2q2st65ca11adi9"}
{"type":"log","timestamp":1705000829296,"level":"info","message":"Rendering template { name: AveragePunctuation, recipe: chrome-pdf, engine: handlebars, preview: false }","meta":{"rootId":"8uqvthqyyfzsguq","id":"8uqvthqyyfzsguq"},"id":"717p16mijceouo9","previousOperationId":"2q2st65ca11adi9"}
{"type":"log","timestamp":1705000829298,"level":"debug","message":"Inline data specified.","meta":{"rootId":"8uqvthqyyfzsguq","id":"8uqvthqyyfzsguq"},"id":"gtk1538ef2k37ai","previousOperationId":"2q2st65ca11adi9"}
{"type":"log","timestamp":1705000829300,"level":"debug","message":"Executing script AveragePunctuation-script (beforeRender)","meta":{"rootId":"8uqvthqyyfzsguq","id":"8uqvthqyyfzsguq"},"id":"xvt8nxlxn5bdb5f","previousOperationId":"2q2st65ca11adi9"}
{"type":"operationStart","subtype":"scriptsBeforeRender","name":"scripts beforeRender","timestamp":1705000829315,"id":"a57afpixibdvdv2","previousEventId":"5ls9xo1je7pqmhv","operationId":"oi6lje1vo8c2yu7","previousOperationId":"2q2st65ca11adi9"}
{"type":"operationStart","subtype":"script","name":"scripts AveragePunctuation-script","previousOperationId":"oi6lje1vo8c2yu7","timestamp":1705000829315,"id":"5vupwdr1rpvcv3j","previousEventId":"a57afpixibdvdv2","operationId":"wfnoyyy9a2zkbgq"}
{"type":"operationEnd","operationId":"wfnoyyy9a2zkbgq","timestamp":1705000829330,"id":"gu9102k2u3kiqx5","previousEventId":"5ls9xo1je7pqmhv","previousOperationId":"2q2st65ca11adi9"}
{"type":"operationEnd","operationId":"oi6lje1vo8c2yu7","timestamp":1705000829330,"id":"3nwm9iyjw6wsw0l","previousEventId":"gu9102k2u3kiqx5","previousOperationId":"2q2st65ca11adi9"}
{"type":"log","timestamp":1705000829330,"level":"debug","message":"Base url not specified, skipping its injection.","meta":{"rootId":"8uqvthqyyfzsguq","id":"8uqvthqyyfzsguq"},"id":"hwcjfj1tcx7d0ou","previousOperationId":"oi6lje1vo8c2yu7"}
{"type":"operationStart","subtype":"engine","name":"handlebars","timestamp":1705000829330,"id":"5fztg7inwlqxbho","previousEventId":"3nwm9iyjw6wsw0l","operationId":"l1vjab19at3yzyz","previousOperationId":"oi6lje1vo8c2yu7"}
{"type":"log","timestamp":1705000829330,"level":"debug","message":"Rendering engine handlebars","meta":{"rootId":"8uqvthqyyfzsguq","id":"8uqvthqyyfzsguq"},"id":"tao17634yuesy71","previousOperationId":"l1vjab19at3yzyz"}
{"type":"operationEnd","operationId":"l1vjab19at3yzyz","timestamp":1705000829337,"id":"mfz1vxni58om1wo","previousEventId":"5fztg7inwlqxbho","previousOperationId":"l1vjab19at3yzyz"}
{"type":"operationStart","subtype":"recipe","name":"chrome-pdf","timestamp":1705000829337,"id":"7u0bjh2pv78ku7m","previousEventId":"mfz1vxni58om1wo","operationId":"mwytx7zze5l9gk0","previousOperationId":"l1vjab19at3yzyz"}
{"type":"log","timestamp":1705000829337,"level":"debug","message":"Executing recipe chrome-pdf","meta":{"rootId":"8uqvthqyyfzsguq","id":"8uqvthqyyfzsguq"},"id":"0ua8u70l3tfummf","previousOperationId":"mwytx7zze5l9gk0"}
{"type":"log","timestamp":1705000829339,"level":"debug","message":"Converting with chrome HeadlessChrome/117.0.5938.149 using chrome-pool strategy","meta":{"rootId":"8uqvthqyyfzsguq","id":"8uqvthqyyfzsguq"},"id":"vf8j0la6ykk1efz","previousOperationId":"mwytx7zze5l9gk0"}
{"type":"log","timestamp":1705000829411,"level":"debug","message":"Page request: GET (document) file:///C:/Users/Javier/AppData/Local/Temp/jsreport/autocleanup/f2309b89-a5e2-4e7b-90e5-65a179115b02-chrome-pdf.html","meta":{"rootId":"8uqvthqyyfzsguq","id":"8uqvthqyyfzsguq"},"id":"sd88dqts1cmwis0","previousOperationId":"mwytx7zze5l9gk0"}
{"type":"log","timestamp":1705000829417,"level":"debug","message":"Page request finished: GET (document) 200 file:///C:/Users/Javier/AppData/Local/Temp/jsreport/autocleanup/f2309b89-a5e2-4e7b-90e5-65a179115b02-chrome-pdf.html","meta":{"rootId":"8uqvthqyyfzsguq","id":"8uqvthqyyfzsguq"},"id":"xbwuhb3oieh6d9o","previousOperationId":"mwytx7zze5l9gk0"}
{"type":"log","timestamp":1705000829421,"level":"debug","message":"Running chrome with params {\"printBackground\":true,\"timeout\":40688,\"margin\":{}}","meta":{"rootId":"8uqvthqyyfzsguq","id":"8uqvthqyyfzsguq"},"id":"zdh0bqeawb7ldia","previousOperationId":"mwytx7zze5l9gk0"}
{"type":"operationEnd","operationId":"mwytx7zze5l9gk0","timestamp":1705000829431,"id":"kygmmr0wvkc3cif","previousEventId":"7u0bjh2pv78ku7m","previousOperationId":"mwytx7zze5l9gk0"}
{"type":"log","timestamp":1705000829431,"level":"debug","message":"Skipping storing report.","meta":{"rootId":"8uqvthqyyfzsguq","id":"8uqvthqyyfzsguq"},"id":"3hxz8k6h0ifyv14","previousOperationId":"mwytx7zze5l9gk0"}
{"type":"log","timestamp":1705000829431,"level":"info","message":"Rendering request 7 finished in 19405 ms","meta":{"rootId":"8uqvthqyyfzsguq","id":"8uqvthqyyfzsguq"},"id":"hxjc99q449telxl","previousOperationId":"mwytx7zze5l9gk0"}
{"type":"operationEnd","subtype":"render","operationId":"2q2st65ca11adi9","timestamp":1705000829431,"id":"g5omexv5l1edo40","previousEventId":"kygmmr0wvkc3cif","previousOperationId":"mwytx7zze5l9gk0"}
{"type":"operationEnd","doDiffs":false,"previousEventId":"ckjk1zv0xygbsyj","previousOperationId":"cr496u6fgkehrkc","operationId":"cr496u6fgkehrkc","timestamp":1705000829436,"id":"ahws3rzvun97c2h"}
