{"type":"operationStart","subtype":"profile","data":{"_id":"wgCI70rhhiKRSNNM","timestamp":"2024-01-13T14:30:32.168Z","state":"queued","mode":"standard","creationDate":"2024-01-13T14:30:32.169Z","modificationDate":"2024-01-13T14:30:32.169Z","shortid":"nuvwSa7","$entitySet":"profiles"},"doDiffs":false,"timestamp":1705156232168,"id":"80wimf9hk7fwhy8","previousOperationId":null,"operationId":"d23c8abg1z53ifi"}
{"type":"log","level":"info","message":"Render request 47 queued for execution and waiting for available worker","previousOperationId":"d23c8abg1z53ifi","timestamp":1705156232168,"id":"gydta0bmh16yv9f"}
{"type":"operationStart","subtype":"render","name":"AveragePunctuation","previousOperationId":"d23c8abg1z53ifi","timestamp":1705156232172,"id":"ex7p9usxb7ic6d9","previousEventId":"80wimf9hk7fwhy8","operationId":"h3on044f0mvm85r"}
{"type":"log","timestamp":1705156232173,"level":"info","message":"Starting rendering request 47","meta":{"rootId":"8ybssxrw3ipxmm6","id":"8ybssxrw3ipxmm6"},"id":"d678sqilfnycqsx","previousOperationId":"h3on044f0mvm85r"}
{"type":"log","timestamp":1705156232173,"level":"info","message":"Rendering template { name: AveragePunctuation, recipe: chrome-pdf, engine: handlebars, preview: false }","meta":{"rootId":"8ybssxrw3ipxmm6","id":"8ybssxrw3ipxmm6"},"id":"w6ergdjzhlbmcej","previousOperationId":"h3on044f0mvm85r"}
{"type":"log","timestamp":1705156232174,"level":"debug","message":"Inline data specified.","meta":{"rootId":"8ybssxrw3ipxmm6","id":"8ybssxrw3ipxmm6"},"id":"eqj404arq0yvfw9","previousOperationId":"h3on044f0mvm85r"}
{"type":"log","timestamp":1705156232175,"level":"debug","message":"Executing script AveragePunctuation-script (beforeRender)","meta":{"rootId":"8ybssxrw3ipxmm6","id":"8ybssxrw3ipxmm6"},"id":"o2jqjmmevrkw6iv","previousOperationId":"h3on044f0mvm85r"}
{"type":"operationStart","subtype":"scriptsBeforeRender","name":"scripts beforeRender","timestamp":1705156232186,"id":"vd2r6f3co2c4yf8","previousEventId":"ex7p9usxb7ic6d9","operationId":"ead1y1h3rehxhgb","previousOperationId":"h3on044f0mvm85r"}
{"type":"operationStart","subtype":"script","name":"scripts AveragePunctuation-script","previousOperationId":"ead1y1h3rehxhgb","timestamp":1705156232186,"id":"xiy9l1n19patxxw","previousEventId":"vd2r6f3co2c4yf8","operationId":"e6yq0isc80a36sz"}
{"type":"operationEnd","operationId":"e6yq0isc80a36sz","timestamp":1705156232195,"id":"9go2e95zh5m3ues","previousEventId":"ex7p9usxb7ic6d9","previousOperationId":"h3on044f0mvm85r"}
{"type":"operationEnd","operationId":"ead1y1h3rehxhgb","timestamp":1705156232195,"id":"oe9jofjjha4cx7g","previousEventId":"9go2e95zh5m3ues","previousOperationId":"h3on044f0mvm85r"}
{"type":"log","timestamp":1705156232195,"level":"debug","message":"Base url not specified, skipping its injection.","meta":{"rootId":"8ybssxrw3ipxmm6","id":"8ybssxrw3ipxmm6"},"id":"tltsxbr3yr5kt7g","previousOperationId":"ead1y1h3rehxhgb"}
{"type":"operationStart","subtype":"engine","name":"handlebars","timestamp":1705156232195,"id":"g57yqlciad23t1v","previousEventId":"oe9jofjjha4cx7g","operationId":"ztl5vxe32wjgq5v","previousOperationId":"ead1y1h3rehxhgb"}
{"type":"log","timestamp":1705156232195,"level":"debug","message":"Rendering engine handlebars","meta":{"rootId":"8ybssxrw3ipxmm6","id":"8ybssxrw3ipxmm6"},"id":"dequx3a3lfg8z15","previousOperationId":"ztl5vxe32wjgq5v"}
{"type":"operationEnd","operationId":"ztl5vxe32wjgq5v","timestamp":1705156232203,"id":"xtu09m0udwopsjn","previousEventId":"g57yqlciad23t1v","previousOperationId":"ztl5vxe32wjgq5v"}
{"type":"operationStart","subtype":"recipe","name":"chrome-pdf","timestamp":1705156232203,"id":"pd2sg03v9yif3gb","previousEventId":"xtu09m0udwopsjn","operationId":"3hz2aj7t6aejucx","previousOperationId":"ztl5vxe32wjgq5v"}
{"type":"log","timestamp":1705156232203,"level":"debug","message":"Executing recipe chrome-pdf","meta":{"rootId":"8ybssxrw3ipxmm6","id":"8ybssxrw3ipxmm6"},"id":"qe8unggzsb8z6pz","previousOperationId":"3hz2aj7t6aejucx"}
{"type":"log","timestamp":1705156232205,"level":"debug","message":"Converting with chrome HeadlessChrome/117.0.5938.149 using chrome-pool strategy","meta":{"rootId":"8ybssxrw3ipxmm6","id":"8ybssxrw3ipxmm6"},"id":"cokgom2xwykmgjo","previousOperationId":"3hz2aj7t6aejucx"}
{"type":"log","timestamp":1705156232274,"level":"debug","message":"Page request: GET (document) file:///C:/Users/Javier/AppData/Local/Temp/jsreport/autocleanup/14743f79-5c76-4a24-90a3-02a5eed928dd-chrome-pdf.html","meta":{"rootId":"8ybssxrw3ipxmm6","id":"8ybssxrw3ipxmm6"},"id":"lzt6ehpv4ghywq5","previousOperationId":"3hz2aj7t6aejucx"}
{"type":"log","timestamp":1705156232310,"level":"debug","message":"Page request: GET (stylesheet) https://cdnjs.cloudflare.com/ajax/libs/metro/4.1.5/css/metro.min.css","meta":{"rootId":"8ybssxrw3ipxmm6","id":"8ybssxrw3ipxmm6"},"id":"oazak73dkj3kjme","previousOperationId":"3hz2aj7t6aejucx"}
{"type":"log","timestamp":1705156232310,"level":"debug","message":"Page request: GET (script) https://cdnjs.cloudflare.com/ajax/libs/Chart.js/2.7.2/Chart.min.js","meta":{"rootId":"8ybssxrw3ipxmm6","id":"8ybssxrw3ipxmm6"},"id":"b6m40evssb49dv1","previousOperationId":"3hz2aj7t6aejucx"}
{"type":"log","timestamp":1705156232310,"level":"debug","message":"Page request finished: GET (document) 200 file:///C:/Users/Javier/AppData/Local/Temp/jsreport/autocleanup/14743f79-5c76-4a24-90a3-02a5eed928dd-chrome-pdf.html","meta":{"rootId":"8ybssxrw3ipxmm6","id":"8ybssxrw3ipxmm6"},"id":"z743dn05k8i3otu","previousOperationId":"3hz2aj7t6aejucx"}
{"type":"log","timestamp":1705156232314,"level":"debug","message":"Page request finished: GET (script) 200 https://cdnjs.cloudflare.com/ajax/libs/Chart.js/2.7.2/Chart.min.js","meta":{"rootId":"8ybssxrw3ipxmm6","id":"8ybssxrw3ipxmm6"},"id":"amqde01b8st3q1p","previousOperationId":"3hz2aj7t6aejucx"}
{"type":"log","timestamp":1705156232324,"level":"debug","message":"Page request finished: GET (stylesheet) 200 https://cdnjs.cloudflare.com/ajax/libs/metro/4.1.5/css/metro.min.css","meta":{"rootId":"8ybssxrw3ipxmm6","id":"8ybssxrw3ipxmm6"},"id":"x3jvfwzk4r7w0fe","previousOperationId":"3hz2aj7t6aejucx"}
{"type":"log","timestamp":1705156232382,"level":"debug","message":"Running chrome with params {\"printBackground\":true,\"timeout\":59964,\"margin\":{}}","meta":{"rootId":"8ybssxrw3ipxmm6","id":"8ybssxrw3ipxmm6"},"id":"zaxbyv8st1g2ssr","previousOperationId":"3hz2aj7t6aejucx"}
{"type":"operationEnd","operationId":"3hz2aj7t6aejucx","timestamp":1705156232478,"id":"i2c3c95k9xrreoc","previousEventId":"pd2sg03v9yif3gb","previousOperationId":"3hz2aj7t6aejucx"}
{"type":"log","timestamp":1705156232478,"level":"debug","message":"Skipping storing report.","meta":{"rootId":"8ybssxrw3ipxmm6","id":"8ybssxrw3ipxmm6"},"id":"5ywg0mf5rctbbma","previousOperationId":"3hz2aj7t6aejucx"}
{"type":"log","timestamp":1705156232478,"level":"info","message":"Rendering request 47 finished in 310 ms","meta":{"rootId":"8ybssxrw3ipxmm6","id":"8ybssxrw3ipxmm6"},"id":"nj0uxqd6nk4bl1k","previousOperationId":"3hz2aj7t6aejucx"}
{"type":"operationEnd","subtype":"render","operationId":"h3on044f0mvm85r","timestamp":1705156232478,"id":"3jdx079406uxhg5","previousEventId":"i2c3c95k9xrreoc","previousOperationId":"3hz2aj7t6aejucx"}
{"type":"operationEnd","doDiffs":false,"previousEventId":"80wimf9hk7fwhy8","previousOperationId":"d23c8abg1z53ifi","operationId":"d23c8abg1z53ifi","timestamp":1705156232480,"id":"dikbhcitmpqv9q6"}
