{"type":"operationStart","subtype":"profile","data":{"_id":"JWmfsesT47BM8DeB","timestamp":"2024-01-13T14:39:34.551Z","state":"queued","mode":"standard","creationDate":"2024-01-13T14:39:34.552Z","modificationDate":"2024-01-13T14:39:34.552Z","shortid":"Po4dL9i","$entitySet":"profiles"},"doDiffs":false,"timestamp":1705156774552,"id":"jp9qx6cbyzrd16j","previousOperationId":null,"operationId":"upihca5in910j0f"}
{"type":"log","level":"info","message":"Render request 53 queued for execution and waiting for available worker","previousOperationId":"upihca5in910j0f","timestamp":1705156774552,"id":"hh3o2tgczku6t50"}
{"type":"operationStart","subtype":"render","name":"AveragePunctuation","previousOperationId":"upihca5in910j0f","timestamp":1705156774556,"id":"4q498xv0zksxv9l","previousEventId":"jp9qx6cbyzrd16j","operationId":"m98nzw7z5v8r6wi"}
{"type":"log","timestamp":1705156774556,"level":"info","message":"Starting rendering request 53","meta":{"rootId":"9a24bv9o6h4etwo","id":"9a24bv9o6h4etwo"},"id":"y6iqo2fdto3hxgq","previousOperationId":"m98nzw7z5v8r6wi"}
{"type":"log","timestamp":1705156774556,"level":"info","message":"Rendering template { name: AveragePunctuation, recipe: chrome-pdf, engine: handlebars, preview: false }","meta":{"rootId":"9a24bv9o6h4etwo","id":"9a24bv9o6h4etwo"},"id":"taje4y8pfzgsb7z","previousOperationId":"m98nzw7z5v8r6wi"}
{"type":"log","timestamp":1705156774557,"level":"debug","message":"Inline data specified.","meta":{"rootId":"9a24bv9o6h4etwo","id":"9a24bv9o6h4etwo"},"id":"m8i2qi74kytibjn","previousOperationId":"m98nzw7z5v8r6wi"}
{"type":"log","timestamp":1705156774558,"level":"debug","message":"Executing script AveragePunctuation-script (beforeRender)","meta":{"rootId":"9a24bv9o6h4etwo","id":"9a24bv9o6h4etwo"},"id":"kl1zsqkec26c3mx","previousOperationId":"m98nzw7z5v8r6wi"}
{"type":"operationStart","subtype":"scriptsBeforeRender","name":"scripts beforeRender","timestamp":1705156774574,"id":"hyxk226n058pgx6","previousEventId":"4q498xv0zksxv9l","operationId":"2x7uv5we4oqyr6m","previousOperationId":"m98nzw7z5v8r6wi"}
{"type":"operationStart","subtype":"script","name":"scripts AveragePunctuation-script","previousOperationId":"2x7uv5we4oqyr6m","timestamp":1705156774574,"id":"unbfloq1qneoku7","previousEventId":"hyxk226n058pgx6","operationId":"ywyf6ut0v6c1wiq"}
{"type":"operationEnd","operationId":"ywyf6ut0v6c1wiq","timestamp":1705156774585,"id":"qqqqwlb6wm46dhe","previousEventId":"4q498xv0zksxv9l","previousOperationId":"m98nzw7z5v8r6wi"}
{"type":"operationEnd","operationId":"2x7uv5we4oqyr6m","timestamp":1705156774585,"id":"h0urg4h34qlknwf","previousEventId":"qqqqwlb6wm46dhe","previousOperationId":"m98nzw7z5v8r6wi"}
{"type":"log","timestamp":1705156774585,"level":"debug","message":"Base url not specified, skipping its injection.","meta":{"rootId":"9a24bv9o6h4etwo","id":"9a24bv9o6h4etwo"},"id":"4g4ikjkkkkbe3j1","previousOperationId":"2x7uv5we4oqyr6m"}
{"type":"operationStart","subtype":"engine","name":"handlebars","timestamp":1705156774585,"id":"vgurbkdbzhzstj8","previousEventId":"h0urg4h34qlknwf","operationId":"3fqogtpf04kru1j","previousOperationId":"2x7uv5we4oqyr6m"}
{"type":"log","timestamp":1705156774585,"level":"debug","message":"Rendering engine handlebars","meta":{"rootId":"9a24bv9o6h4etwo","id":"9a24bv9o6h4etwo"},"id":"1c162gz3w6uvabo","previousOperationId":"3fqogtpf04kru1j"}
{"type":"operationEnd","operationId":"3fqogtpf04kru1j","timestamp":1705156774593,"id":"2d1i6sxrj0q8104","previousEventId":"vgurbkdbzhzstj8","previousOperationId":"3fqogtpf04kru1j"}
{"type":"operationStart","subtype":"recipe","name":"chrome-pdf","timestamp":1705156774593,"id":"vqjq8ee0oh36guk","previousEventId":"2d1i6sxrj0q8104","operationId":"v8qphqbyps5ukrv","previousOperationId":"3fqogtpf04kru1j"}
{"type":"log","timestamp":1705156774593,"level":"debug","message":"Executing recipe chrome-pdf","meta":{"rootId":"9a24bv9o6h4etwo","id":"9a24bv9o6h4etwo"},"id":"c1pc8w3lmmghplk","previousOperationId":"v8qphqbyps5ukrv"}
{"type":"log","timestamp":1705156774594,"level":"debug","message":"Converting with chrome HeadlessChrome/117.0.5938.149 using chrome-pool strategy","meta":{"rootId":"9a24bv9o6h4etwo","id":"9a24bv9o6h4etwo"},"id":"e903yk55kup0dtv","previousOperationId":"v8qphqbyps5ukrv"}
{"type":"log","timestamp":1705156774665,"level":"debug","message":"Page request: GET (document) file:///C:/Users/Javier/AppData/Local/Temp/jsreport/autocleanup/bb69ba61-2ac9-4be0-8200-2ed820a3dd13-chrome-pdf.html","meta":{"rootId":"9a24bv9o6h4etwo","id":"9a24bv9o6h4etwo"},"id":"rzollxrl3eft348","previousOperationId":"v8qphqbyps5ukrv"}
{"type":"log","timestamp":1705156774703,"level":"debug","message":"Page request: GET (stylesheet) https://cdnjs.cloudflare.com/ajax/libs/metro/4.1.5/css/metro.min.css","meta":{"rootId":"9a24bv9o6h4etwo","id":"9a24bv9o6h4etwo"},"id":"zieaducyuv5v3yy","previousOperationId":"v8qphqbyps5ukrv"}
{"type":"log","timestamp":1705156774704,"level":"debug","message":"Page request: GET (script) https://cdnjs.cloudflare.com/ajax/libs/Chart.js/2.7.2/Chart.min.js","meta":{"rootId":"9a24bv9o6h4etwo","id":"9a24bv9o6h4etwo"},"id":"83aej9pp2nunnny","previousOperationId":"v8qphqbyps5ukrv"}
{"type":"log","timestamp":1705156774705,"level":"debug","message":"Page request finished: GET (document) 200 file:///C:/Users/Javier/AppData/Local/Temp/jsreport/autocleanup/bb69ba61-2ac9-4be0-8200-2ed820a3dd13-chrome-pdf.html","meta":{"rootId":"9a24bv9o6h4etwo","id":"9a24bv9o6h4etwo"},"id":"o12wc8f6o91j3hn","previousOperationId":"v8qphqbyps5ukrv"}
{"type":"log","timestamp":1705156774709,"level":"debug","message":"Page request finished: GET (script) 200 https://cdnjs.cloudflare.com/ajax/libs/Chart.js/2.7.2/Chart.min.js","meta":{"rootId":"9a24bv9o6h4etwo","id":"9a24bv9o6h4etwo"},"id":"ylgm899v7qq1b2h","previousOperationId":"v8qphqbyps5ukrv"}
{"type":"log","timestamp":1705156774718,"level":"debug","message":"Page request finished: GET (stylesheet) 200 https://cdnjs.cloudflare.com/ajax/libs/metro/4.1.5/css/metro.min.css","meta":{"rootId":"9a24bv9o6h4etwo","id":"9a24bv9o6h4etwo"},"id":"mz3r3kodsj4kset","previousOperationId":"v8qphqbyps5ukrv"}
{"type":"log","timestamp":1705156774774,"level":"debug","message":"Running chrome with params {\"printBackground\":true,\"timeout\":59957,\"margin\":{}}","meta":{"rootId":"9a24bv9o6h4etwo","id":"9a24bv9o6h4etwo"},"id":"lyepujlbejip7qy","previousOperationId":"v8qphqbyps5ukrv"}
{"type":"operationEnd","operationId":"v8qphqbyps5ukrv","timestamp":1705156774878,"id":"q3c86trh18ezhew","previousEventId":"vqjq8ee0oh36guk","previousOperationId":"v8qphqbyps5ukrv"}
{"type":"log","timestamp":1705156774878,"level":"debug","message":"Skipping storing report.","meta":{"rootId":"9a24bv9o6h4etwo","id":"9a24bv9o6h4etwo"},"id":"fvp5lwlspc9lq1q","previousOperationId":"v8qphqbyps5ukrv"}
{"type":"log","timestamp":1705156774878,"level":"info","message":"Rendering request 53 finished in 327 ms","meta":{"rootId":"9a24bv9o6h4etwo","id":"9a24bv9o6h4etwo"},"id":"20j0gs6misbmoiq","previousOperationId":"v8qphqbyps5ukrv"}
{"type":"operationEnd","subtype":"render","operationId":"m98nzw7z5v8r6wi","timestamp":1705156774878,"id":"8kqmggjfz7h9reo","previousEventId":"q3c86trh18ezhew","previousOperationId":"v8qphqbyps5ukrv"}
{"type":"operationEnd","doDiffs":false,"previousEventId":"jp9qx6cbyzrd16j","previousOperationId":"upihca5in910j0f","operationId":"upihca5in910j0f","timestamp":1705156774880,"id":"87qz7kqqvml2nxm"}
