{"type":"operationStart","subtype":"profile","data":{"_id":"FVHTn8ZSv2w35Nc3","timestamp":"2024-01-13T16:59:06.216Z","state":"queued","mode":"standard","creationDate":"2024-01-13T16:59:06.218Z","modificationDate":"2024-01-13T16:59:06.218Z","shortid":"dLTY7oP","$entitySet":"profiles"},"doDiffs":false,"timestamp":1705165146217,"id":"ap65txiafyywihg","previousOperationId":null,"operationId":"3mv2y9qbaj3xw7w"}
{"type":"log","level":"info","message":"Render request 63 queued for execution and waiting for available worker","previousOperationId":"3mv2y9qbaj3xw7w","timestamp":1705165146217,"id":"st8nne3dcmqeqwi"}
{"type":"operationStart","subtype":"render","name":"AveragePunctuation","previousOperationId":"3mv2y9qbaj3xw7w","timestamp":1705165146226,"id":"fpkapmohv3e0c1r","previousEventId":"ap65txiafyywihg","operationId":"c3iibz1dm6z6zv2"}
{"type":"log","timestamp":1705165146226,"level":"info","message":"Starting rendering request 63","meta":{"rootId":"9cosch0cy3jhycm","id":"9cosch0cy3jhycm"},"id":"vqn09o2umodq2yw","previousOperationId":"c3iibz1dm6z6zv2"}
{"type":"log","timestamp":1705165146226,"level":"info","message":"Rendering template { name: AveragePunctuation, recipe: chrome-pdf, engine: handlebars, preview: false }","meta":{"rootId":"9cosch0cy3jhycm","id":"9cosch0cy3jhycm"},"id":"qp5ucm9tlmh49tr","previousOperationId":"c3iibz1dm6z6zv2"}
{"type":"log","timestamp":1705165146227,"level":"debug","message":"Inline data specified.","meta":{"rootId":"9cosch0cy3jhycm","id":"9cosch0cy3jhycm"},"id":"tw2ym15ay9iei12","previousOperationId":"c3iibz1dm6z6zv2"}
{"type":"log","timestamp":1705165146233,"level":"debug","message":"Executing script AveragePunctuation-script (beforeRender)","meta":{"rootId":"9cosch0cy3jhycm","id":"9cosch0cy3jhycm"},"id":"z9gh0fvragd6hy1","previousOperationId":"c3iibz1dm6z6zv2"}
{"type":"operationStart","subtype":"scriptsBeforeRender","name":"scripts beforeRender","timestamp":1705165146252,"id":"xgo0nevgrd7vtv0","previousEventId":"fpkapmohv3e0c1r","operationId":"x5mpdrwzl43k2bw","previousOperationId":"c3iibz1dm6z6zv2"}
{"type":"operationStart","subtype":"script","name":"scripts AveragePunctuation-script","previousOperationId":"x5mpdrwzl43k2bw","timestamp":1705165146252,"id":"cyh3a24r109opfz","previousEventId":"xgo0nevgrd7vtv0","operationId":"ne8j6inwejc4i2m"}
{"type":"operationEnd","operationId":"ne8j6inwejc4i2m","timestamp":1705165146265,"id":"q2fps13uhh3hfjs","previousEventId":"fpkapmohv3e0c1r","previousOperationId":"c3iibz1dm6z6zv2"}
{"type":"operationEnd","operationId":"x5mpdrwzl43k2bw","timestamp":1705165146265,"id":"a7w9nhslxp1qulr","previousEventId":"q2fps13uhh3hfjs","previousOperationId":"c3iibz1dm6z6zv2"}
{"type":"log","timestamp":1705165146265,"level":"debug","message":"Base url not specified, skipping its injection.","meta":{"rootId":"9cosch0cy3jhycm","id":"9cosch0cy3jhycm"},"id":"3v5swaau5aqpc0d","previousOperationId":"x5mpdrwzl43k2bw"}
{"type":"operationStart","subtype":"engine","name":"handlebars","timestamp":1705165146265,"id":"cq8jsj1x9so3xu6","previousEventId":"a7w9nhslxp1qulr","operationId":"jsy92dcbfu3lei0","previousOperationId":"x5mpdrwzl43k2bw"}
{"type":"log","timestamp":1705165146265,"level":"debug","message":"Rendering engine handlebars","meta":{"rootId":"9cosch0cy3jhycm","id":"9cosch0cy3jhycm"},"id":"dvtz1xe0pw7c6zx","previousOperationId":"jsy92dcbfu3lei0"}
{"type":"operationEnd","operationId":"jsy92dcbfu3lei0","timestamp":1705165146270,"id":"ewbm23ukedaa5uu","previousEventId":"cq8jsj1x9so3xu6","previousOperationId":"jsy92dcbfu3lei0"}
{"type":"operationStart","subtype":"recipe","name":"chrome-pdf","timestamp":1705165146271,"id":"bvxtqvnnq0m12wv","previousEventId":"ewbm23ukedaa5uu","operationId":"ozeml84ol8o2upn","previousOperationId":"jsy92dcbfu3lei0"}
{"type":"log","timestamp":1705165146271,"level":"debug","message":"Executing recipe chrome-pdf","meta":{"rootId":"9cosch0cy3jhycm","id":"9cosch0cy3jhycm"},"id":"0ke7hy7aiyybp5a","previousOperationId":"ozeml84ol8o2upn"}
{"type":"log","timestamp":1705165146272,"level":"debug","message":"Converting with chrome HeadlessChrome/117.0.5938.149 using chrome-pool strategy","meta":{"rootId":"9cosch0cy3jhycm","id":"9cosch0cy3jhycm"},"id":"rm2zwg6wygperhw","previousOperationId":"ozeml84ol8o2upn"}
{"type":"log","timestamp":1705165146337,"level":"debug","message":"Page request: GET (document) file:///C:/Users/Javier/AppData/Local/Temp/jsreport/autocleanup/b8d53265-431b-4059-a9b9-dca14b163fc8-chrome-pdf.html","meta":{"rootId":"9cosch0cy3jhycm","id":"9cosch0cy3jhycm"},"id":"cd0g6xghaj9x879","previousOperationId":"ozeml84ol8o2upn"}
{"type":"log","timestamp":1705165146375,"level":"debug","message":"Page request: GET (stylesheet) https://cdnjs.cloudflare.com/ajax/libs/metro/4.1.5/css/metro.min.css","meta":{"rootId":"9cosch0cy3jhycm","id":"9cosch0cy3jhycm"},"id":"ir7ckvq1tx4c82l","previousOperationId":"ozeml84ol8o2upn"}
{"type":"log","timestamp":1705165146376,"level":"debug","message":"Page request: GET (script) https://cdnjs.cloudflare.com/ajax/libs/Chart.js/2.7.2/Chart.min.js","meta":{"rootId":"9cosch0cy3jhycm","id":"9cosch0cy3jhycm"},"id":"6vhvm36rfvmk44h","previousOperationId":"ozeml84ol8o2upn"}
{"type":"log","timestamp":1705165146376,"level":"debug","message":"Page request finished: GET (document) 200 file:///C:/Users/Javier/AppData/Local/Temp/jsreport/autocleanup/b8d53265-431b-4059-a9b9-dca14b163fc8-chrome-pdf.html","meta":{"rootId":"9cosch0cy3jhycm","id":"9cosch0cy3jhycm"},"id":"mylibmu7ejabmeq","previousOperationId":"ozeml84ol8o2upn"}
{"type":"log","timestamp":1705165146380,"level":"debug","message":"Page request finished: GET (script) 200 https://cdnjs.cloudflare.com/ajax/libs/Chart.js/2.7.2/Chart.min.js","meta":{"rootId":"9cosch0cy3jhycm","id":"9cosch0cy3jhycm"},"id":"hdwp12k004zwpcs","previousOperationId":"ozeml84ol8o2upn"}
{"type":"log","timestamp":1705165146389,"level":"debug","message":"Page request finished: GET (stylesheet) 200 https://cdnjs.cloudflare.com/ajax/libs/metro/4.1.5/css/metro.min.css","meta":{"rootId":"9cosch0cy3jhycm","id":"9cosch0cy3jhycm"},"id":"l89p4fu6c4gzzsj","previousOperationId":"ozeml84ol8o2upn"}
{"type":"log","timestamp":1705165146443,"level":"debug","message":"Running chrome with params {\"printBackground\":true,\"timeout\":59944,\"margin\":{}}","meta":{"rootId":"9cosch0cy3jhycm","id":"9cosch0cy3jhycm"},"id":"y7c3imafk9h9r6j","previousOperationId":"ozeml84ol8o2upn"}
{"type":"operationEnd","operationId":"ozeml84ol8o2upn","timestamp":1705165146542,"id":"pw7uvgusyvt15mz","previousEventId":"bvxtqvnnq0m12wv","previousOperationId":"ozeml84ol8o2upn"}
{"type":"log","timestamp":1705165146542,"level":"debug","message":"Skipping storing report.","meta":{"rootId":"9cosch0cy3jhycm","id":"9cosch0cy3jhycm"},"id":"3v6dhpczroq6o1w","previousOperationId":"ozeml84ol8o2upn"}
{"type":"log","timestamp":1705165146543,"level":"info","message":"Rendering request 63 finished in 328 ms","meta":{"rootId":"9cosch0cy3jhycm","id":"9cosch0cy3jhycm"},"id":"dfknvo3q81p609v","previousOperationId":"ozeml84ol8o2upn"}
{"type":"operationEnd","subtype":"render","operationId":"c3iibz1dm6z6zv2","timestamp":1705165146543,"id":"rk28kce8p10r02y","previousEventId":"pw7uvgusyvt15mz","previousOperationId":"ozeml84ol8o2upn"}
{"type":"operationEnd","doDiffs":false,"previousEventId":"ap65txiafyywihg","previousOperationId":"3mv2y9qbaj3xw7w","operationId":"3mv2y9qbaj3xw7w","timestamp":1705165146544,"id":"ve4diop0y8aahfy"}
