{"type":"operationStart","subtype":"profile","data":{"_id":"wIAZ8n80uB59SCgq","timestamp":"2024-01-11T17:05:29.990Z","state":"queued","mode":"standard","creationDate":"2024-01-11T17:05:29.991Z","modificationDate":"2024-01-11T17:05:29.991Z","shortid":"cA4QEwy","$entitySet":"profiles"},"doDiffs":false,"timestamp":1704992729990,"id":"dqne8eh640e3blt","previousOperationId":null,"operationId":"m4yvotv9c630i09"}
{"type":"log","level":"info","message":"Render request 14 queued for execution and waiting for available worker","previousOperationId":"m4yvotv9c630i09","timestamp":1704992729990,"id":"ts0veys62j1d6g5"}
{"type":"operationStart","subtype":"render","name":"AveragePunctuation","previousOperationId":"m4yvotv9c630i09","timestamp":1704992729996,"id":"xkqbpn03oupoyxa","previousEventId":"dqne8eh640e3blt","operationId":"r3yvnkg2k9m6cxl"}
{"type":"log","timestamp":1704992729996,"level":"info","message":"Starting rendering request 14","meta":{"rootId":"9d7hdccqw95un9m","id":"9d7hdccqw95un9m"},"id":"k1hrs95pyuoqijo","previousOperationId":"r3yvnkg2k9m6cxl"}
{"type":"log","timestamp":1704992729996,"level":"info","message":"Rendering template { name: AveragePunctuation, recipe: chrome-pdf, engine: handlebars, preview: false }","meta":{"rootId":"9d7hdccqw95un9m","id":"9d7hdccqw95un9m"},"id":"21anfo34j8iffw3","previousOperationId":"r3yvnkg2k9m6cxl"}
{"type":"log","timestamp":1704992729996,"level":"debug","message":"Inline data specified.","meta":{"rootId":"9d7hdccqw95un9m","id":"9d7hdccqw95un9m"},"id":"z4zaooofly3617o","previousOperationId":"r3yvnkg2k9m6cxl"}
{"type":"log","timestamp":1704992729998,"level":"debug","message":"Executing script AveragePunctuation-script (beforeRender)","meta":{"rootId":"9d7hdccqw95un9m","id":"9d7hdccqw95un9m"},"id":"lyryzv3u41doopm","previousOperationId":"r3yvnkg2k9m6cxl"}
{"type":"operationStart","subtype":"scriptsBeforeRender","name":"scripts beforeRender","timestamp":1704992730013,"id":"0vzsykk205w6pq2","previousEventId":"xkqbpn03oupoyxa","operationId":"yknnfpv8s6g9ekf","previousOperationId":"r3yvnkg2k9m6cxl"}
{"type":"operationStart","subtype":"script","name":"scripts AveragePunctuation-script","previousOperationId":"yknnfpv8s6g9ekf","timestamp":1704992730013,"id":"ctatrerafoinsg0","previousEventId":"0vzsykk205w6pq2","operationId":"768lipzr854nevr"}
{"type":"operationEnd","operationId":"768lipzr854nevr","timestamp":1704992730029,"id":"96zysd2o8mv12vs","previousEventId":"xkqbpn03oupoyxa","previousOperationId":"r3yvnkg2k9m6cxl"}
{"type":"operationEnd","operationId":"yknnfpv8s6g9ekf","timestamp":1704992730029,"id":"4vxaudunvwhd2zx","previousEventId":"96zysd2o8mv12vs","previousOperationId":"r3yvnkg2k9m6cxl"}
{"type":"log","timestamp":1704992730029,"level":"debug","message":"Base url not specified, skipping its injection.","meta":{"rootId":"9d7hdccqw95un9m","id":"9d7hdccqw95un9m"},"id":"uu5v99zhzgfne82","previousOperationId":"yknnfpv8s6g9ekf"}
{"type":"operationStart","subtype":"engine","name":"handlebars","timestamp":1704992730029,"id":"tjip2hmn4pz8n69","previousEventId":"4vxaudunvwhd2zx","operationId":"bis3ujwpet9upf8","previousOperationId":"yknnfpv8s6g9ekf"}
{"type":"log","timestamp":1704992730029,"level":"debug","message":"Rendering engine handlebars","meta":{"rootId":"9d7hdccqw95un9m","id":"9d7hdccqw95un9m"},"id":"8pz9bzckddllfet","previousOperationId":"bis3ujwpet9upf8"}
{"type":"operationEnd","operationId":"bis3ujwpet9upf8","timestamp":1704992730036,"id":"ftdjfmhe1c5j71a","previousEventId":"tjip2hmn4pz8n69","previousOperationId":"bis3ujwpet9upf8"}
{"type":"operationStart","subtype":"recipe","name":"chrome-pdf","timestamp":1704992730037,"id":"y5ihs03e6m59mp7","previousEventId":"ftdjfmhe1c5j71a","operationId":"uu1lllyyghzi40c","previousOperationId":"bis3ujwpet9upf8"}
{"type":"log","timestamp":1704992730037,"level":"debug","message":"Executing recipe chrome-pdf","meta":{"rootId":"9d7hdccqw95un9m","id":"9d7hdccqw95un9m"},"id":"5ynj1dwv24z54s1","previousOperationId":"uu1lllyyghzi40c"}
{"type":"log","timestamp":1704992730038,"level":"debug","message":"Converting with chrome HeadlessChrome/117.0.5938.149 using chrome-pool strategy","meta":{"rootId":"9d7hdccqw95un9m","id":"9d7hdccqw95un9m"},"id":"fz5w94khy6ug0qz","previousOperationId":"uu1lllyyghzi40c"}
{"type":"log","timestamp":1704992730543,"level":"debug","message":"Page request: GET (document) file:///C:/Users/Javier/AppData/Local/Temp/jsreport/autocleanup/485c516a-84a0-4744-8729-00a5e7b4804d-chrome-pdf.html","meta":{"rootId":"9d7hdccqw95un9m","id":"9d7hdccqw95un9m"},"id":"aeyvarjt4nyc7o8","previousOperationId":"uu1lllyyghzi40c"}
{"type":"log","timestamp":1704992730549,"level":"debug","message":"Page request finished: GET (document) 200 file:///C:/Users/Javier/AppData/Local/Temp/jsreport/autocleanup/485c516a-84a0-4744-8729-00a5e7b4804d-chrome-pdf.html","meta":{"rootId":"9d7hdccqw95un9m","id":"9d7hdccqw95un9m"},"id":"3hmcwszjdv6niaq","previousOperationId":"uu1lllyyghzi40c"}
{"type":"log","timestamp":1704992730552,"level":"debug","message":"Running chrome with params {\"printBackground\":true,\"timeout\":59951,\"margin\":{}}","meta":{"rootId":"9d7hdccqw95un9m","id":"9d7hdccqw95un9m"},"id":"k7eg45wlayh845h","previousOperationId":"uu1lllyyghzi40c"}
{"type":"operationEnd","operationId":"uu1lllyyghzi40c","timestamp":1704992730562,"id":"fl5k32p7dyjyrxh","previousEventId":"y5ihs03e6m59mp7","previousOperationId":"uu1lllyyghzi40c"}
{"type":"log","timestamp":1704992730562,"level":"debug","message":"Skipping storing report.","meta":{"rootId":"9d7hdccqw95un9m","id":"9d7hdccqw95un9m"},"id":"manbbvtzyr91frq","previousOperationId":"uu1lllyyghzi40c"}
{"type":"log","timestamp":1704992730562,"level":"info","message":"Rendering request 14 finished in 573 ms","meta":{"rootId":"9d7hdccqw95un9m","id":"9d7hdccqw95un9m"},"id":"diefriyqpu14yi0","previousOperationId":"uu1lllyyghzi40c"}
{"type":"operationEnd","subtype":"render","operationId":"r3yvnkg2k9m6cxl","timestamp":1704992730562,"id":"fytxl93f4i1qi7i","previousEventId":"fl5k32p7dyjyrxh","previousOperationId":"uu1lllyyghzi40c"}
{"type":"operationEnd","doDiffs":false,"previousEventId":"dqne8eh640e3blt","previousOperationId":"m4yvotv9c630i09","operationId":"m4yvotv9c630i09","timestamp":1704992730564,"id":"e4tvziponsyju3o"}
