{"type":"operationStart","subtype":"profile","data":{"_id":"Oei363BTX3kKZdfD","timestamp":"2024-01-11T17:10:15.431Z","state":"queued","mode":"standard","creationDate":"2024-01-11T17:10:15.432Z","modificationDate":"2024-01-11T17:10:15.432Z","shortid":"5C-TYGb","$entitySet":"profiles"},"doDiffs":false,"timestamp":1704993015432,"id":"o2bpwapks6wwxpl","previousOperationId":null,"operationId":"1w7m4eb9l83zxim"}
{"type":"log","level":"info","message":"Render request 22 queued for execution and waiting for available worker","previousOperationId":"1w7m4eb9l83zxim","timestamp":1704993015432,"id":"p00oa6o9z7hn12e"}
{"type":"operationStart","subtype":"render","name":"AveragePunctuation","previousOperationId":"1w7m4eb9l83zxim","timestamp":1704993015437,"id":"q02ty9skst6e4wk","previousEventId":"o2bpwapks6wwxpl","operationId":"ht0hjyq1noaxfni"}
{"type":"log","timestamp":1704993015437,"level":"info","message":"Starting rendering request 22","meta":{"rootId":"9fia518m93yupld","id":"9fia518m93yupld"},"id":"f4lt3xat9f17vfe","previousOperationId":"ht0hjyq1noaxfni"}
{"type":"log","timestamp":1704993015437,"level":"info","message":"Rendering template { name: AveragePunctuation, recipe: chrome-pdf, engine: handlebars, preview: false }","meta":{"rootId":"9fia518m93yupld","id":"9fia518m93yupld"},"id":"iar5ai5g74kvpdd","previousOperationId":"ht0hjyq1noaxfni"}
{"type":"log","timestamp":1704993015438,"level":"debug","message":"Inline data specified.","meta":{"rootId":"9fia518m93yupld","id":"9fia518m93yupld"},"id":"k3tdcvhtgq0fr8h","previousOperationId":"ht0hjyq1noaxfni"}
{"type":"log","timestamp":1704993015439,"level":"debug","message":"Executing script AveragePunctuation-script (beforeRender)","meta":{"rootId":"9fia518m93yupld","id":"9fia518m93yupld"},"id":"42i4wnc48zu16oo","previousOperationId":"ht0hjyq1noaxfni"}
{"type":"operationStart","subtype":"scriptsBeforeRender","name":"scripts beforeRender","timestamp":1704993015451,"id":"u3kn6cal24hdl2l","previousEventId":"q02ty9skst6e4wk","operationId":"5w6a2shnn0bh1fr","previousOperationId":"ht0hjyq1noaxfni"}
{"type":"operationStart","subtype":"script","name":"scripts AveragePunctuation-script","previousOperationId":"5w6a2shnn0bh1fr","timestamp":1704993015451,"id":"pksh4vucywsa8ir","previousEventId":"u3kn6cal24hdl2l","operationId":"kwbpp1lb7esy08z"}
{"type":"operationEnd","operationId":"kwbpp1lb7esy08z","timestamp":1704993015464,"id":"tr53gtbbgovgzho","previousEventId":"q02ty9skst6e4wk","previousOperationId":"ht0hjyq1noaxfni"}
{"type":"operationEnd","operationId":"5w6a2shnn0bh1fr","timestamp":1704993015464,"id":"17rwchdgqa2g655","previousEventId":"tr53gtbbgovgzho","previousOperationId":"ht0hjyq1noaxfni"}
{"type":"log","timestamp":1704993015464,"level":"debug","message":"Base url not specified, skipping its injection.","meta":{"rootId":"9fia518m93yupld","id":"9fia518m93yupld"},"id":"kge99qot03m9ven","previousOperationId":"5w6a2shnn0bh1fr"}
{"type":"operationStart","subtype":"engine","name":"handlebars","timestamp":1704993015464,"id":"dalysdqd0s1nwkq","previousEventId":"17rwchdgqa2g655","operationId":"o3xzuig1hq6xuzg","previousOperationId":"5w6a2shnn0bh1fr"}
{"type":"log","timestamp":1704993015464,"level":"debug","message":"Rendering engine handlebars","meta":{"rootId":"9fia518m93yupld","id":"9fia518m93yupld"},"id":"gqor8hnlqzuvy1m","previousOperationId":"o3xzuig1hq6xuzg"}
{"type":"operationEnd","operationId":"o3xzuig1hq6xuzg","timestamp":1704993015471,"id":"1qzu1buf1apa4bu","previousEventId":"dalysdqd0s1nwkq","previousOperationId":"o3xzuig1hq6xuzg"}
{"type":"operationStart","subtype":"recipe","name":"chrome-pdf","timestamp":1704993015471,"id":"x6511f6pfie46db","previousEventId":"1qzu1buf1apa4bu","operationId":"tyhezmkn3b0ujef","previousOperationId":"o3xzuig1hq6xuzg"}
{"type":"log","timestamp":1704993015471,"level":"debug","message":"Executing recipe chrome-pdf","meta":{"rootId":"9fia518m93yupld","id":"9fia518m93yupld"},"id":"jz97c6xm0574aml","previousOperationId":"tyhezmkn3b0ujef"}
{"type":"log","timestamp":1704993015472,"level":"debug","message":"Converting with chrome HeadlessChrome/117.0.5938.149 using chrome-pool strategy","meta":{"rootId":"9fia518m93yupld","id":"9fia518m93yupld"},"id":"809lrege83ka8sg","previousOperationId":"tyhezmkn3b0ujef"}
{"type":"log","timestamp":1704993015539,"level":"debug","message":"Page request: GET (document) file:///C:/Users/Javier/AppData/Local/Temp/jsreport/autocleanup/310d01da-ce21-4472-a22c-df391c14d6a2-chrome-pdf.html","meta":{"rootId":"9fia518m93yupld","id":"9fia518m93yupld"},"id":"dli1sx9rdr9vzex","previousOperationId":"tyhezmkn3b0ujef"}
{"type":"log","timestamp":1704993015550,"level":"debug","message":"Page request finished: GET (document) 200 file:///C:/Users/Javier/AppData/Local/Temp/jsreport/autocleanup/310d01da-ce21-4472-a22c-df391c14d6a2-chrome-pdf.html","meta":{"rootId":"9fia518m93yupld","id":"9fia518m93yupld"},"id":"e3croj3hki5xhkg","previousOperationId":"tyhezmkn3b0ujef"}
{"type":"log","timestamp":1704993015551,"level":"debug","message":"Running chrome with params {\"printBackground\":true,\"timeout\":59959,\"margin\":{}}","meta":{"rootId":"9fia518m93yupld","id":"9fia518m93yupld"},"id":"w2xblcusi65q5s4","previousOperationId":"tyhezmkn3b0ujef"}
{"type":"operationEnd","operationId":"tyhezmkn3b0ujef","timestamp":1704993015556,"id":"uhu8ytxgqn1vzit","previousEventId":"x6511f6pfie46db","previousOperationId":"tyhezmkn3b0ujef"}
{"type":"log","timestamp":1704993015557,"level":"debug","message":"Skipping storing report.","meta":{"rootId":"9fia518m93yupld","id":"9fia518m93yupld"},"id":"5sgcjnlrmazjzq9","previousOperationId":"tyhezmkn3b0ujef"}
{"type":"log","timestamp":1704993015557,"level":"info","message":"Rendering request 22 finished in 126 ms","meta":{"rootId":"9fia518m93yupld","id":"9fia518m93yupld"},"id":"4d59hl9i52olsoq","previousOperationId":"tyhezmkn3b0ujef"}
{"type":"operationEnd","subtype":"render","operationId":"ht0hjyq1noaxfni","timestamp":1704993015557,"id":"wehuovc9zbe5ocn","previousEventId":"uhu8ytxgqn1vzit","previousOperationId":"tyhezmkn3b0ujef"}
{"type":"operationEnd","doDiffs":false,"previousEventId":"o2bpwapks6wwxpl","previousOperationId":"1w7m4eb9l83zxim","operationId":"1w7m4eb9l83zxim","timestamp":1704993015560,"id":"7dmvlqt6zoyuv8u"}
