{"type":"operationStart","subtype":"profile","data":{"_id":"LMTku2Mt94T2u0AD","timestamp":"2024-01-13T18:45:23.589Z","state":"queued","mode":"standard","creationDate":"2024-01-13T18:45:23.592Z","modificationDate":"2024-01-13T18:45:23.592Z","shortid":"ElQByuk","$entitySet":"profiles"},"doDiffs":false,"timestamp":1705171523591,"id":"sntuy40zviezz55","previousOperationId":null,"operationId":"23fj3y58uprl69v"}
{"type":"log","level":"info","message":"Render request 1 queued for execution and waiting for available worker","previousOperationId":"23fj3y58uprl69v","timestamp":1705171523591,"id":"m8vcng1fdd3m295"}
{"type":"operationStart","subtype":"render","name":"AveragePunctuation","previousOperationId":"23fj3y58uprl69v","timestamp":1705171523615,"id":"de9t2baxlqzasc6","previousEventId":"sntuy40zviezz55","operationId":"3ja84lfwosft6hu"}
{"type":"log","timestamp":1705171523616,"level":"info","message":"Starting rendering request 1","meta":{"rootId":"9p88j1ejgogjg4k","id":"9p88j1ejgogjg4k"},"id":"xxvibn9k93bwvuk","previousOperationId":"3ja84lfwosft6hu"}
{"type":"log","timestamp":1705171523617,"level":"info","message":"Rendering template { name: AveragePunctuation, recipe: chrome-pdf, engine: handlebars, preview: false }","meta":{"rootId":"9p88j1ejgogjg4k","id":"9p88j1ejgogjg4k"},"id":"tzl4jvz36zqzbjk","previousOperationId":"3ja84lfwosft6hu"}
{"type":"log","timestamp":1705171523620,"level":"debug","message":"Inline data specified.","meta":{"rootId":"9p88j1ejgogjg4k","id":"9p88j1ejgogjg4k"},"id":"osaqf41yfbr6opb","previousOperationId":"3ja84lfwosft6hu"}
{"type":"log","timestamp":1705171523626,"level":"debug","message":"Executing script AveragePunctuation-script (beforeRender)","meta":{"rootId":"9p88j1ejgogjg4k","id":"9p88j1ejgogjg4k"},"id":"9blajlic2gpddje","previousOperationId":"3ja84lfwosft6hu"}
{"type":"operationStart","subtype":"scriptsBeforeRender","name":"scripts beforeRender","timestamp":1705171523984,"id":"j3o2pwdzeh7rjrv","previousEventId":"de9t2baxlqzasc6","operationId":"mqeprdiblj5uscy","previousOperationId":"3ja84lfwosft6hu"}
{"type":"operationStart","subtype":"script","name":"scripts AveragePunctuation-script","previousOperationId":"mqeprdiblj5uscy","timestamp":1705171523984,"id":"1qije6doy72nnuf","previousEventId":"j3o2pwdzeh7rjrv","operationId":"fbltz5h39z6cnev"}
{"type":"operationEnd","operationId":"fbltz5h39z6cnev","timestamp":1705171524020,"id":"u5mt8wwap1sl222","previousEventId":"de9t2baxlqzasc6","previousOperationId":"3ja84lfwosft6hu"}
{"type":"operationEnd","operationId":"mqeprdiblj5uscy","timestamp":1705171524020,"id":"gez4kcyfj61i8x7","previousEventId":"u5mt8wwap1sl222","previousOperationId":"3ja84lfwosft6hu"}
{"type":"log","timestamp":1705171524020,"level":"debug","message":"Base url not specified, skipping its injection.","meta":{"rootId":"9p88j1ejgogjg4k","id":"9p88j1ejgogjg4k"},"id":"wi3xi37pbwaytlu","previousOperationId":"mqeprdiblj5uscy"}
{"type":"operationStart","subtype":"engine","name":"handlebars","timestamp":1705171524020,"id":"hvfz7e3cok62a7p","previousEventId":"gez4kcyfj61i8x7","operationId":"scca5oz1k5vtwz3","previousOperationId":"mqeprdiblj5uscy"}
{"type":"log","timestamp":1705171524020,"level":"debug","message":"Rendering engine handlebars","meta":{"rootId":"9p88j1ejgogjg4k","id":"9p88j1ejgogjg4k"},"id":"4nn6ch9r77227ye","previousOperationId":"scca5oz1k5vtwz3"}
{"type":"operationEnd","operationId":"scca5oz1k5vtwz3","timestamp":1705171524417,"id":"6d979jqm481zgjh","previousEventId":"hvfz7e3cok62a7p","previousOperationId":"scca5oz1k5vtwz3"}
{"type":"operationStart","subtype":"recipe","name":"chrome-pdf","timestamp":1705171524418,"id":"5bw0e7s4rqdhbyj","previousEventId":"6d979jqm481zgjh","operationId":"7jmbj1hafvk1ikd","previousOperationId":"scca5oz1k5vtwz3"}
{"type":"log","timestamp":1705171524418,"level":"debug","message":"Executing recipe chrome-pdf","meta":{"rootId":"9p88j1ejgogjg4k","id":"9p88j1ejgogjg4k"},"id":"m83cxwf3burstfc","previousOperationId":"7jmbj1hafvk1ikd"}
{"type":"log","timestamp":1705171524978,"level":"debug","message":"Converting with chrome HeadlessChrome/117.0.5938.149 using chrome-pool strategy","meta":{"rootId":"9p88j1ejgogjg4k","id":"9p88j1ejgogjg4k"},"id":"1lj1bm3y97m8ue5","previousOperationId":"7jmbj1hafvk1ikd"}
{"type":"log","timestamp":1705171525391,"level":"debug","message":"Page request: GET (document) file:///C:/Users/Javier/AppData/Local/Temp/jsreport/autocleanup/8bf2843a-2870-456b-896d-960ae1860670-chrome-pdf.html","meta":{"rootId":"9p88j1ejgogjg4k","id":"9p88j1ejgogjg4k"},"id":"oc4bjizq96iaep3","previousOperationId":"7jmbj1hafvk1ikd"}
{"type":"log","timestamp":1705171525430,"level":"debug","message":"Page request: GET (stylesheet) https://cdnjs.cloudflare.com/ajax/libs/metro/4.1.5/css/metro.min.css","meta":{"rootId":"9p88j1ejgogjg4k","id":"9p88j1ejgogjg4k"},"id":"1gtikzntnypbld6","previousOperationId":"7jmbj1hafvk1ikd"}
{"type":"log","timestamp":1705171525430,"level":"debug","message":"Page request: GET (script) https://cdnjs.cloudflare.com/ajax/libs/Chart.js/2.7.2/Chart.min.js","meta":{"rootId":"9p88j1ejgogjg4k","id":"9p88j1ejgogjg4k"},"id":"xu7j9xvtusllnxz","previousOperationId":"7jmbj1hafvk1ikd"}
{"type":"log","timestamp":1705171525431,"level":"debug","message":"Page request finished: GET (document) 200 file:///C:/Users/Javier/AppData/Local/Temp/jsreport/autocleanup/8bf2843a-2870-456b-896d-960ae1860670-chrome-pdf.html","meta":{"rootId":"9p88j1ejgogjg4k","id":"9p88j1ejgogjg4k"},"id":"khuw9xpzoi4794l","previousOperationId":"7jmbj1hafvk1ikd"}
{"type":"log","timestamp":1705171525654,"level":"debug","message":"Page request finished: GET (stylesheet) 200 https://cdnjs.cloudflare.com/ajax/libs/metro/4.1.5/css/metro.min.css","meta":{"rootId":"9p88j1ejgogjg4k","id":"9p88j1ejgogjg4k"},"id":"wigjdeiw1g54u0s","previousOperationId":"7jmbj1hafvk1ikd"}
{"type":"log","timestamp":1705171525654,"level":"debug","message":"Page request finished: GET (script) 200 https://cdnjs.cloudflare.com/ajax/libs/Chart.js/2.7.2/Chart.min.js","meta":{"rootId":"9p88j1ejgogjg4k","id":"9p88j1ejgogjg4k"},"id":"imtk73cus9a25a9","previousOperationId":"7jmbj1hafvk1ikd"}
{"type":"log","timestamp":1705171525719,"level":"debug","message":"Running chrome with params {\"printBackground\":true,\"timeout\":58812,\"margin\":{}}","meta":{"rootId":"9p88j1ejgogjg4k","id":"9p88j1ejgogjg4k"},"id":"huf1buvwn7iohif","previousOperationId":"7jmbj1hafvk1ikd"}
{"type":"operationEnd","operationId":"7jmbj1hafvk1ikd","timestamp":1705171525816,"id":"hu60ewpxs0c3g3j","previousEventId":"5bw0e7s4rqdhbyj","previousOperationId":"7jmbj1hafvk1ikd"}
{"type":"log","timestamp":1705171525817,"level":"debug","message":"Skipping storing report.","meta":{"rootId":"9p88j1ejgogjg4k","id":"9p88j1ejgogjg4k"},"id":"kk34oxo2xqn9t2j","previousOperationId":"7jmbj1hafvk1ikd"}
{"type":"log","timestamp":1705171525817,"level":"info","message":"Rendering request 1 finished in 2230 ms","meta":{"rootId":"9p88j1ejgogjg4k","id":"9p88j1ejgogjg4k"},"id":"2b07qqkim07r08w","previousOperationId":"7jmbj1hafvk1ikd"}
{"type":"operationEnd","subtype":"render","operationId":"3ja84lfwosft6hu","timestamp":1705171525817,"id":"7u35ctpkxavoewu","previousEventId":"hu60ewpxs0c3g3j","previousOperationId":"7jmbj1hafvk1ikd"}
{"type":"operationEnd","doDiffs":false,"previousEventId":"sntuy40zviezz55","previousOperationId":"23fj3y58uprl69v","operationId":"23fj3y58uprl69v","timestamp":1705171525820,"id":"6kjwr95otbwksyp"}
