{"type":"operationStart","subtype":"profile","data":{"_id":"UolmqJHSclNsCYdN","timestamp":"2024-01-11T19:31:28.894Z","state":"queued","mode":"standard","creationDate":"2024-01-11T19:31:28.895Z","modificationDate":"2024-01-11T19:31:28.895Z","shortid":"976ZdJr","$entitySet":"profiles"},"doDiffs":false,"timestamp":1705001488894,"id":"p1oztuyq4w52qei","previousOperationId":null,"operationId":"tiyekms429xhzv2"}
{"type":"log","level":"info","message":"Render request 21 queued for execution and waiting for available worker","previousOperationId":"tiyekms429xhzv2","timestamp":1705001488894,"id":"3eg619obtu8sjkz"}
{"type":"operationStart","subtype":"render","name":"AveragePunctuation","previousOperationId":"tiyekms429xhzv2","timestamp":1705001488899,"id":"4uingezhnh2w6rt","previousEventId":"p1oztuyq4w52qei","operationId":"mh3o94ndid212d9"}
{"type":"log","timestamp":1705001488899,"level":"info","message":"Starting rendering request 21","meta":{"rootId":"9rrhbneo6tn918w","id":"9rrhbneo6tn918w"},"id":"nqs162ao92tcdnv","previousOperationId":"mh3o94ndid212d9"}
{"type":"log","timestamp":1705001488899,"level":"info","message":"Rendering template { name: AveragePunctuation, recipe: chrome-pdf, engine: handlebars, preview: false }","meta":{"rootId":"9rrhbneo6tn918w","id":"9rrhbneo6tn918w"},"id":"k11qqo3cskmwwvs","previousOperationId":"mh3o94ndid212d9"}
{"type":"log","timestamp":1705001488900,"level":"debug","message":"Inline data specified.","meta":{"rootId":"9rrhbneo6tn918w","id":"9rrhbneo6tn918w"},"id":"swen1pwnjrq9j2i","previousOperationId":"mh3o94ndid212d9"}
{"type":"log","timestamp":1705001488902,"level":"debug","message":"Executing script AveragePunctuation-script (beforeRender)","meta":{"rootId":"9rrhbneo6tn918w","id":"9rrhbneo6tn918w"},"id":"6ez098j3q5zvjxe","previousOperationId":"mh3o94ndid212d9"}
{"type":"operationStart","subtype":"scriptsBeforeRender","name":"scripts beforeRender","timestamp":1705001488919,"id":"7r5b4jpxtwp4kyj","previousEventId":"4uingezhnh2w6rt","operationId":"3e70wnj4wcqm8hl","previousOperationId":"mh3o94ndid212d9"}
{"type":"operationStart","subtype":"script","name":"scripts AveragePunctuation-script","previousOperationId":"3e70wnj4wcqm8hl","timestamp":1705001488919,"id":"9w2x0z32v0ets4n","previousEventId":"7r5b4jpxtwp4kyj","operationId":"dokhnh837j03iwu"}
{"type":"operationEnd","operationId":"dokhnh837j03iwu","timestamp":1705001488930,"id":"8cln582fah9gf2d","previousEventId":"4uingezhnh2w6rt","previousOperationId":"mh3o94ndid212d9"}
{"type":"operationEnd","operationId":"3e70wnj4wcqm8hl","timestamp":1705001488930,"id":"mf9yti1ptj5t20p","previousEventId":"8cln582fah9gf2d","previousOperationId":"mh3o94ndid212d9"}
{"type":"log","timestamp":1705001488930,"level":"debug","message":"Base url not specified, skipping its injection.","meta":{"rootId":"9rrhbneo6tn918w","id":"9rrhbneo6tn918w"},"id":"lvpwm1z8a7k7u0r","previousOperationId":"3e70wnj4wcqm8hl"}
{"type":"operationStart","subtype":"engine","name":"handlebars","timestamp":1705001488930,"id":"e85um9su0c90xdu","previousEventId":"mf9yti1ptj5t20p","operationId":"yzyntnla0v8uo4g","previousOperationId":"3e70wnj4wcqm8hl"}
{"type":"log","timestamp":1705001488930,"level":"debug","message":"Rendering engine handlebars","meta":{"rootId":"9rrhbneo6tn918w","id":"9rrhbneo6tn918w"},"id":"r4ohadujzma361j","previousOperationId":"yzyntnla0v8uo4g"}
{"type":"operationEnd","operationId":"yzyntnla0v8uo4g","timestamp":1705001488935,"id":"obw3sujz5qhhjqe","previousEventId":"e85um9su0c90xdu","previousOperationId":"yzyntnla0v8uo4g"}
{"type":"operationStart","subtype":"recipe","name":"chrome-pdf","timestamp":1705001488935,"id":"rrt0lz5xai12zpw","previousEventId":"obw3sujz5qhhjqe","operationId":"1ftapmrlhum3hmy","previousOperationId":"yzyntnla0v8uo4g"}
{"type":"log","timestamp":1705001488935,"level":"debug","message":"Executing recipe chrome-pdf","meta":{"rootId":"9rrhbneo6tn918w","id":"9rrhbneo6tn918w"},"id":"nzqy3nuvrhx7k00","previousOperationId":"1ftapmrlhum3hmy"}
{"type":"log","timestamp":1705001488937,"level":"debug","message":"Converting with chrome HeadlessChrome/117.0.5938.149 using chrome-pool strategy","meta":{"rootId":"9rrhbneo6tn918w","id":"9rrhbneo6tn918w"},"id":"j2adw3eb4xa94sb","previousOperationId":"1ftapmrlhum3hmy"}
{"type":"log","timestamp":1705001489019,"level":"debug","message":"Page request: GET (document) file:///C:/Users/Javier/AppData/Local/Temp/jsreport/autocleanup/be1259b8-9b0c-44fd-9e4c-3558fb60d388-chrome-pdf.html","meta":{"rootId":"9rrhbneo6tn918w","id":"9rrhbneo6tn918w"},"id":"x65zmms93qg1y0a","previousOperationId":"1ftapmrlhum3hmy"}
{"type":"log","timestamp":1705001489025,"level":"debug","message":"Page request finished: GET (document) 200 file:///C:/Users/Javier/AppData/Local/Temp/jsreport/autocleanup/be1259b8-9b0c-44fd-9e4c-3558fb60d388-chrome-pdf.html","meta":{"rootId":"9rrhbneo6tn918w","id":"9rrhbneo6tn918w"},"id":"73j7xiu6lb013pr","previousOperationId":"1ftapmrlhum3hmy"}
{"type":"log","timestamp":1705001489028,"level":"debug","message":"Running chrome with params {\"printBackground\":true,\"timeout\":59956,\"margin\":{}}","meta":{"rootId":"9rrhbneo6tn918w","id":"9rrhbneo6tn918w"},"id":"3xqr9f9eu2wg0kq","previousOperationId":"1ftapmrlhum3hmy"}
{"type":"operationEnd","operationId":"1ftapmrlhum3hmy","timestamp":1705001489040,"id":"39try03nueaw4sq","previousEventId":"rrt0lz5xai12zpw","previousOperationId":"1ftapmrlhum3hmy"}
{"type":"log","timestamp":1705001489040,"level":"debug","message":"Skipping storing report.","meta":{"rootId":"9rrhbneo6tn918w","id":"9rrhbneo6tn918w"},"id":"8ua5dw4kwkm71b1","previousOperationId":"1ftapmrlhum3hmy"}
{"type":"log","timestamp":1705001489040,"level":"info","message":"Rendering request 21 finished in 147 ms","meta":{"rootId":"9rrhbneo6tn918w","id":"9rrhbneo6tn918w"},"id":"qga6wbjh1yso078","previousOperationId":"1ftapmrlhum3hmy"}
{"type":"operationEnd","subtype":"render","operationId":"mh3o94ndid212d9","timestamp":1705001489040,"id":"svsh2thi6osh98g","previousEventId":"39try03nueaw4sq","previousOperationId":"1ftapmrlhum3hmy"}
{"type":"operationEnd","doDiffs":false,"previousEventId":"p1oztuyq4w52qei","previousOperationId":"tiyekms429xhzv2","operationId":"tiyekms429xhzv2","timestamp":1705001489046,"id":"c43s0djeftkcrc6"}
