{"type":"operationStart","subtype":"profile","data":{"_id":"xgTpLukGpVSaN4bJ","timestamp":"2024-01-13T14:22:54.104Z","state":"queued","mode":"standard","creationDate":"2024-01-13T14:22:54.105Z","modificationDate":"2024-01-13T14:22:54.105Z","shortid":"s9eBqA6","$entitySet":"profiles"},"doDiffs":false,"timestamp":1705155774105,"id":"xvrr5i9vo97kacr","previousOperationId":null,"operationId":"52c19r1lzqwqxum"}
{"type":"log","level":"info","message":"Render request 22 queued for execution and waiting for available worker","previousOperationId":"52c19r1lzqwqxum","timestamp":1705155774105,"id":"7oty1cbgrt2s963"}
{"type":"operationStart","subtype":"render","name":"AveragePunctuation","previousOperationId":"52c19r1lzqwqxum","timestamp":1705155774112,"id":"j9r7mzowtz4k8e4","previousEventId":"xvrr5i9vo97kacr","operationId":"7fkjgu9xlwlsbwk"}
{"type":"log","timestamp":1705155774112,"level":"info","message":"Starting rendering request 22","meta":{"rootId":"a7iki079j66rphf","id":"a7iki079j66rphf"},"id":"t04iwwxrs9rkmi2","previousOperationId":"7fkjgu9xlwlsbwk"}
{"type":"log","timestamp":1705155774112,"level":"info","message":"Rendering template { name: AveragePunctuation, recipe: chrome-pdf, engine: handlebars, preview: false }","meta":{"rootId":"a7iki079j66rphf","id":"a7iki079j66rphf"},"id":"egxx0ciarjw4brq","previousOperationId":"7fkjgu9xlwlsbwk"}
{"type":"log","timestamp":1705155774114,"level":"debug","message":"Inline data specified.","meta":{"rootId":"a7iki079j66rphf","id":"a7iki079j66rphf"},"id":"mfi7gs2me1rlt8q","previousOperationId":"7fkjgu9xlwlsbwk"}
{"type":"log","timestamp":1705155774115,"level":"debug","message":"Executing script AveragePunctuation-script (beforeRender)","meta":{"rootId":"a7iki079j66rphf","id":"a7iki079j66rphf"},"id":"jvuprisn2t8be16","previousOperationId":"7fkjgu9xlwlsbwk"}
{"type":"operationStart","subtype":"scriptsBeforeRender","name":"scripts beforeRender","timestamp":1705155774129,"id":"f6rw58bmscub7t6","previousEventId":"j9r7mzowtz4k8e4","operationId":"svlm340b490q9s1","previousOperationId":"7fkjgu9xlwlsbwk"}
{"type":"operationStart","subtype":"script","name":"scripts AveragePunctuation-script","previousOperationId":"svlm340b490q9s1","timestamp":1705155774129,"id":"26fyfrvtkpb5uk9","previousEventId":"f6rw58bmscub7t6","operationId":"jj2apv4ell06ikz"}
{"type":"operationEnd","operationId":"jj2apv4ell06ikz","timestamp":1705155774138,"id":"0kat4hz5ag5ywy5","previousEventId":"j9r7mzowtz4k8e4","previousOperationId":"7fkjgu9xlwlsbwk"}
{"type":"operationEnd","operationId":"svlm340b490q9s1","timestamp":1705155774138,"id":"96g7a7n7s9vjegx","previousEventId":"0kat4hz5ag5ywy5","previousOperationId":"7fkjgu9xlwlsbwk"}
{"type":"log","timestamp":1705155774138,"level":"debug","message":"Base url not specified, skipping its injection.","meta":{"rootId":"a7iki079j66rphf","id":"a7iki079j66rphf"},"id":"7jn6m208bwn55ws","previousOperationId":"svlm340b490q9s1"}
{"type":"operationStart","subtype":"engine","name":"handlebars","timestamp":1705155774138,"id":"6uvh7xs3lv3yd64","previousEventId":"96g7a7n7s9vjegx","operationId":"vm1r9vawprokf3t","previousOperationId":"svlm340b490q9s1"}
{"type":"log","timestamp":1705155774138,"level":"debug","message":"Rendering engine handlebars","meta":{"rootId":"a7iki079j66rphf","id":"a7iki079j66rphf"},"id":"srhornadjchg7ng","previousOperationId":"vm1r9vawprokf3t"}
{"type":"operationEnd","operationId":"vm1r9vawprokf3t","timestamp":1705155774150,"id":"957ejag6qhtqqu6","previousEventId":"6uvh7xs3lv3yd64","previousOperationId":"vm1r9vawprokf3t"}
{"type":"operationStart","subtype":"recipe","name":"chrome-pdf","timestamp":1705155774150,"id":"i7b6xt8ccd4c7a8","previousEventId":"957ejag6qhtqqu6","operationId":"myh45ejusulj6h4","previousOperationId":"vm1r9vawprokf3t"}
{"type":"log","timestamp":1705155774150,"level":"debug","message":"Executing recipe chrome-pdf","meta":{"rootId":"a7iki079j66rphf","id":"a7iki079j66rphf"},"id":"zpielm44o33j6zi","previousOperationId":"myh45ejusulj6h4"}
{"type":"log","timestamp":1705155774152,"level":"debug","message":"Converting with chrome HeadlessChrome/117.0.5938.149 using chrome-pool strategy","meta":{"rootId":"a7iki079j66rphf","id":"a7iki079j66rphf"},"id":"yndhyyysj0pald7","previousOperationId":"myh45ejusulj6h4"}
{"type":"log","timestamp":1705155774237,"level":"debug","message":"Page request: GET (document) file:///C:/Users/Javier/AppData/Local/Temp/jsreport/autocleanup/1a0294b2-3350-46ae-a309-2ef854f99887-chrome-pdf.html","meta":{"rootId":"a7iki079j66rphf","id":"a7iki079j66rphf"},"id":"1xhwlo4kk0a65oa","previousOperationId":"myh45ejusulj6h4"}
{"type":"log","timestamp":1705155774283,"level":"debug","message":"Page request: GET (stylesheet) https://cdnjs.cloudflare.com/ajax/libs/metro/4.1.5/css/metro.min.css","meta":{"rootId":"a7iki079j66rphf","id":"a7iki079j66rphf"},"id":"a7mqctpec00wi6u","previousOperationId":"myh45ejusulj6h4"}
{"type":"log","timestamp":1705155774284,"level":"debug","message":"Page request: GET (script) https://cdnjs.cloudflare.com/ajax/libs/Chart.js/2.7.2/Chart.min.js","meta":{"rootId":"a7iki079j66rphf","id":"a7iki079j66rphf"},"id":"itpu6rmipdkw3c6","previousOperationId":"myh45ejusulj6h4"}
{"type":"log","timestamp":1705155774284,"level":"debug","message":"Page request finished: GET (document) 200 file:///C:/Users/Javier/AppData/Local/Temp/jsreport/autocleanup/1a0294b2-3350-46ae-a309-2ef854f99887-chrome-pdf.html","meta":{"rootId":"a7iki079j66rphf","id":"a7iki079j66rphf"},"id":"wy97nbo0lxvm3oa","previousOperationId":"myh45ejusulj6h4"}
{"type":"log","timestamp":1705155774298,"level":"debug","message":"Page request finished: GET (stylesheet) 200 https://cdnjs.cloudflare.com/ajax/libs/metro/4.1.5/css/metro.min.css","meta":{"rootId":"a7iki079j66rphf","id":"a7iki079j66rphf"},"id":"hxr1ix6la5jqh72","previousOperationId":"myh45ejusulj6h4"}
{"type":"log","timestamp":1705155774298,"level":"debug","message":"Page request finished: GET (script) 200 https://cdnjs.cloudflare.com/ajax/libs/Chart.js/2.7.2/Chart.min.js","meta":{"rootId":"a7iki079j66rphf","id":"a7iki079j66rphf"},"id":"55v6ax6u9ipxnpq","previousOperationId":"myh45ejusulj6h4"}
{"type":"log","timestamp":1705155774358,"level":"debug","message":"Running chrome with params {\"printBackground\":true,\"timeout\":59952,\"margin\":{}}","meta":{"rootId":"a7iki079j66rphf","id":"a7iki079j66rphf"},"id":"dd9w1vl8ue6hc7i","previousOperationId":"myh45ejusulj6h4"}
{"type":"operationEnd","operationId":"myh45ejusulj6h4","timestamp":1705155774454,"id":"etdb8pw0qe99oxd","previousEventId":"i7b6xt8ccd4c7a8","previousOperationId":"myh45ejusulj6h4"}
{"type":"log","timestamp":1705155774454,"level":"debug","message":"Skipping storing report.","meta":{"rootId":"a7iki079j66rphf","id":"a7iki079j66rphf"},"id":"8o3lg06qrd8x0h1","previousOperationId":"myh45ejusulj6h4"}
{"type":"log","timestamp":1705155774454,"level":"info","message":"Rendering request 22 finished in 350 ms","meta":{"rootId":"a7iki079j66rphf","id":"a7iki079j66rphf"},"id":"tp5ke0r4v0zz8nj","previousOperationId":"myh45ejusulj6h4"}
{"type":"operationEnd","subtype":"render","operationId":"7fkjgu9xlwlsbwk","timestamp":1705155774454,"id":"duykcwa4owdpyfq","previousEventId":"etdb8pw0qe99oxd","previousOperationId":"myh45ejusulj6h4"}
{"type":"operationEnd","doDiffs":false,"previousEventId":"xvrr5i9vo97kacr","previousOperationId":"52c19r1lzqwqxum","operationId":"52c19r1lzqwqxum","timestamp":1705155774457,"id":"nxonle6ojz1mgzh"}
