{"type":"operationStart","subtype":"profile","data":{"_id":"B6bH5StHoZmyy1sf","timestamp":"2024-01-13T13:57:38.177Z","state":"queued","mode":"standard","creationDate":"2024-01-13T13:57:38.178Z","modificationDate":"2024-01-13T13:57:38.178Z","shortid":"V18Aat9","$entitySet":"profiles"},"doDiffs":false,"timestamp":1705154258177,"id":"71oetsnzf4sjerw","previousOperationId":null,"operationId":"n9sp3n57votyzxu"}
{"type":"log","level":"info","message":"Render request 6 queued for execution and waiting for available worker","previousOperationId":"n9sp3n57votyzxu","timestamp":1705154258177,"id":"a956gqb7hz3iz8g"}
{"type":"operationStart","subtype":"render","name":"AveragePunctuation","previousOperationId":"n9sp3n57votyzxu","timestamp":1705154258183,"id":"wiuafnocnm451lp","previousEventId":"71oetsnzf4sjerw","operationId":"45gmd44yq9ytp4x"}
{"type":"log","timestamp":1705154258183,"level":"info","message":"Starting rendering request 6","meta":{"rootId":"b1agm43yrl04b4w","id":"b1agm43yrl04b4w"},"id":"a4byn2mol98fq6o","previousOperationId":"45gmd44yq9ytp4x"}
{"type":"log","timestamp":1705154258183,"level":"info","message":"Rendering template { name: AveragePunctuation, recipe: chrome-pdf, engine: handlebars, preview: false }","meta":{"rootId":"b1agm43yrl04b4w","id":"b1agm43yrl04b4w"},"id":"b0jx9cm5qh79q0t","previousOperationId":"45gmd44yq9ytp4x"}
{"type":"log","timestamp":1705154258184,"level":"debug","message":"Inline data specified.","meta":{"rootId":"b1agm43yrl04b4w","id":"b1agm43yrl04b4w"},"id":"1k0wvh8li06pxx8","previousOperationId":"45gmd44yq9ytp4x"}
{"type":"log","timestamp":1705154258185,"level":"debug","message":"Executing script AveragePunctuation-script (beforeRender)","meta":{"rootId":"b1agm43yrl04b4w","id":"b1agm43yrl04b4w"},"id":"cz3x1khgpep9xek","previousOperationId":"45gmd44yq9ytp4x"}
{"type":"operationStart","subtype":"scriptsBeforeRender","name":"scripts beforeRender","timestamp":1705154258199,"id":"j5u9wg2o5xjgzti","previousEventId":"wiuafnocnm451lp","operationId":"1q1lclrch4m9t7o","previousOperationId":"45gmd44yq9ytp4x"}
{"type":"operationStart","subtype":"script","name":"scripts AveragePunctuation-script","previousOperationId":"1q1lclrch4m9t7o","timestamp":1705154258199,"id":"oyvd1dh78mg9yr2","previousEventId":"j5u9wg2o5xjgzti","operationId":"4bj5vp2nuhv55nw"}
{"type":"operationEnd","operationId":"4bj5vp2nuhv55nw","timestamp":1705154258212,"id":"218o7dmi3jmxy1i","previousEventId":"wiuafnocnm451lp","previousOperationId":"45gmd44yq9ytp4x"}
{"type":"operationEnd","operationId":"1q1lclrch4m9t7o","timestamp":1705154258212,"id":"fnua4kcuhbxxrss","previousEventId":"218o7dmi3jmxy1i","previousOperationId":"45gmd44yq9ytp4x"}
{"type":"log","timestamp":1705154258212,"level":"debug","message":"Base url not specified, skipping its injection.","meta":{"rootId":"b1agm43yrl04b4w","id":"b1agm43yrl04b4w"},"id":"qopwy7dwceu6a2e","previousOperationId":"1q1lclrch4m9t7o"}
{"type":"operationStart","subtype":"engine","name":"handlebars","timestamp":1705154258212,"id":"2t8g8ci0b7665rt","previousEventId":"fnua4kcuhbxxrss","operationId":"wzdmf3pn6svdjbd","previousOperationId":"1q1lclrch4m9t7o"}
{"type":"log","timestamp":1705154258212,"level":"debug","message":"Rendering engine handlebars","meta":{"rootId":"b1agm43yrl04b4w","id":"b1agm43yrl04b4w"},"id":"kuhth8hobktz7wj","previousOperationId":"wzdmf3pn6svdjbd"}
{"type":"log","timestamp":1705154258223,"level":"debug","message":"(console:log) Pdf utils adding group field, value: 4","meta":{"userLevel":true,"rootId":"b1agm43yrl04b4w","id":"b1agm43yrl04b4w"},"id":"3mwhzxieelm7q55","previousOperationId":"wzdmf3pn6svdjbd"}
{"type":"log","timestamp":1705154258223,"level":"debug","message":"(console:log) Pdf utils adding group field, value: 6","meta":{"userLevel":true,"rootId":"b1agm43yrl04b4w","id":"b1agm43yrl04b4w"},"id":"drnqf4tldq9juin","previousOperationId":"wzdmf3pn6svdjbd"}
{"type":"log","timestamp":1705154258223,"level":"debug","message":"(console:log) Pdf utils adding group field, value: 7","meta":{"userLevel":true,"rootId":"b1agm43yrl04b4w","id":"b1agm43yrl04b4w"},"id":"dcqilxc3e2q967t","previousOperationId":"wzdmf3pn6svdjbd"}
{"type":"log","timestamp":1705154258223,"level":"debug","message":"(console:log) Pdf utils adding group field, value: 8","meta":{"userLevel":true,"rootId":"b1agm43yrl04b4w","id":"b1agm43yrl04b4w"},"id":"8q7cjkokgvszz3t","previousOperationId":"wzdmf3pn6svdjbd"}
{"type":"operationEnd","operationId":"wzdmf3pn6svdjbd","timestamp":1705154258224,"id":"skrg18ak5my9le6","previousEventId":"2t8g8ci0b7665rt","previousOperationId":"wzdmf3pn6svdjbd"}
{"type":"operationStart","subtype":"recipe","name":"chrome-pdf","timestamp":1705154258224,"id":"x19m8x6zuyusv8m","previousEventId":"skrg18ak5my9le6","operationId":"kxm9o9zu93smru6","previousOperationId":"wzdmf3pn6svdjbd"}
{"type":"log","timestamp":1705154258224,"level":"debug","message":"Executing recipe chrome-pdf","meta":{"rootId":"b1agm43yrl04b4w","id":"b1agm43yrl04b4w"},"id":"juyihsq8lbhi8b6","previousOperationId":"kxm9o9zu93smru6"}
{"type":"log","timestamp":1705154258226,"level":"debug","message":"Converting with chrome HeadlessChrome/117.0.5938.149 using chrome-pool strategy","meta":{"rootId":"b1agm43yrl04b4w","id":"b1agm43yrl04b4w"},"id":"wh86s6qul5fxcf6","previousOperationId":"kxm9o9zu93smru6"}
{"type":"log","timestamp":1705154258296,"level":"debug","message":"Page request: GET (document) file:///C:/Users/Javier/AppData/Local/Temp/jsreport/autocleanup/b886643c-23fb-4008-a15d-c565bdf01378-chrome-pdf.html","meta":{"rootId":"b1agm43yrl04b4w","id":"b1agm43yrl04b4w"},"id":"tga9i8jg84r71bl","previousOperationId":"kxm9o9zu93smru6"}
{"type":"log","timestamp":1705154258401,"level":"debug","message":"Page request: GET (stylesheet) https://cdnjs.cloudflare.com/ajax/libs/metro/4.1.5/css/metro.min.css","meta":{"rootId":"b1agm43yrl04b4w","id":"b1agm43yrl04b4w"},"id":"poybbnq80c5fta0","previousOperationId":"kxm9o9zu93smru6"}
{"type":"log","timestamp":1705154258401,"level":"debug","message":"Page request: GET (script) https://cdnjs.cloudflare.com/ajax/libs/Chart.js/2.7.2/Chart.min.js","meta":{"rootId":"b1agm43yrl04b4w","id":"b1agm43yrl04b4w"},"id":"9mgtok33fr0pk0b","previousOperationId":"kxm9o9zu93smru6"}
{"type":"log","timestamp":1705154258401,"level":"debug","message":"Page request finished: GET (document) 200 file:///C:/Users/Javier/AppData/Local/Temp/jsreport/autocleanup/b886643c-23fb-4008-a15d-c565bdf01378-chrome-pdf.html","meta":{"rootId":"b1agm43yrl04b4w","id":"b1agm43yrl04b4w"},"id":"tssy1s8wwpqbnxc","previousOperationId":"kxm9o9zu93smru6"}
{"type":"log","timestamp":1705154258543,"level":"debug","message":"Page request finished: GET (stylesheet) 200 https://cdnjs.cloudflare.com/ajax/libs/metro/4.1.5/css/metro.min.css","meta":{"rootId":"b1agm43yrl04b4w","id":"b1agm43yrl04b4w"},"id":"cfzcfmx9zlt6yja","previousOperationId":"kxm9o9zu93smru6"}
{"type":"log","timestamp":1705154258543,"level":"debug","message":"Page request finished: GET (script) 200 https://cdnjs.cloudflare.com/ajax/libs/Chart.js/2.7.2/Chart.min.js","meta":{"rootId":"b1agm43yrl04b4w","id":"b1agm43yrl04b4w"},"id":"c2p5efwt30s13l0","previousOperationId":"kxm9o9zu93smru6"}
{"type":"log","timestamp":1705154258594,"level":"debug","message":"Running chrome with params {\"printBackground\":true,\"timeout\":59951,\"margin\":{}}","meta":{"rootId":"b1agm43yrl04b4w","id":"b1agm43yrl04b4w"},"id":"i2rse3ll30apgb7","previousOperationId":"kxm9o9zu93smru6"}
{"type":"operationEnd","operationId":"kxm9o9zu93smru6","timestamp":1705154258678,"id":"dfvo9oyknao0cpn","previousEventId":"x19m8x6zuyusv8m","previousOperationId":"kxm9o9zu93smru6"}
{"type":"log","timestamp":1705154258678,"level":"debug","message":"Skipping storing report.","meta":{"rootId":"b1agm43yrl04b4w","id":"b1agm43yrl04b4w"},"id":"xd161xjnjuw0k06","previousOperationId":"kxm9o9zu93smru6"}
{"type":"log","timestamp":1705154258678,"level":"info","message":"Rendering request 6 finished in 502 ms","meta":{"rootId":"b1agm43yrl04b4w","id":"b1agm43yrl04b4w"},"id":"tjen9ziuwutuwgq","previousOperationId":"kxm9o9zu93smru6"}
{"type":"operationEnd","subtype":"render","operationId":"45gmd44yq9ytp4x","timestamp":1705154258678,"id":"6chka41xgz9ghny","previousEventId":"dfvo9oyknao0cpn","previousOperationId":"kxm9o9zu93smru6"}
{"type":"operationEnd","doDiffs":false,"previousEventId":"71oetsnzf4sjerw","previousOperationId":"n9sp3n57votyzxu","operationId":"n9sp3n57votyzxu","timestamp":1705154258680,"id":"pry4c06fpoice4y"}
