{"type":"operationStart","subtype":"profile","data":{"_id":"wIfsbIWSsJOsexyf","timestamp":"2024-01-13T22:21:56.303Z","state":"queued","mode":"standard","creationDate":"2024-01-13T22:21:56.305Z","modificationDate":"2024-01-13T22:21:56.305Z","shortid":"HngNcKd","$entitySet":"profiles"},"doDiffs":false,"timestamp":1705184516304,"id":"37ewntpqcnrsy0a","previousOperationId":null,"operationId":"u07oh3m3biknjf2"}
{"type":"log","level":"info","message":"Render request 6 queued for execution and waiting for available worker","previousOperationId":"u07oh3m3biknjf2","timestamp":1705184516304,"id":"8926ndle2jw8ad4"}
{"type":"operationStart","subtype":"render","name":"AveragePunctuation","previousOperationId":"u07oh3m3biknjf2","timestamp":1705184516311,"id":"po57vst76h75f36","previousEventId":"37ewntpqcnrsy0a","operationId":"9fsjb77ci1wihyj"}
{"type":"log","timestamp":1705184516311,"level":"info","message":"Starting rendering request 6","meta":{"rootId":"bk36orl7r88auxk","id":"bk36orl7r88auxk"},"id":"jzx45fvgxo4vjyq","previousOperationId":"9fsjb77ci1wihyj"}
{"type":"log","timestamp":1705184516311,"level":"info","message":"Rendering template { name: AveragePunctuation, recipe: chrome-pdf, engine: handlebars, preview: false }","meta":{"rootId":"bk36orl7r88auxk","id":"bk36orl7r88auxk"},"id":"a22v9pw85x064xj","previousOperationId":"9fsjb77ci1wihyj"}
{"type":"log","timestamp":1705184516312,"level":"debug","message":"Inline data specified.","meta":{"rootId":"bk36orl7r88auxk","id":"bk36orl7r88auxk"},"id":"uxlbwn7yzh28iq1","previousOperationId":"9fsjb77ci1wihyj"}
{"type":"log","timestamp":1705184516314,"level":"debug","message":"Executing script AveragePunctuation-script (beforeRender)","meta":{"rootId":"bk36orl7r88auxk","id":"bk36orl7r88auxk"},"id":"xugwnw3gkcovsug","previousOperationId":"9fsjb77ci1wihyj"}
{"type":"operationStart","subtype":"scriptsBeforeRender","name":"scripts beforeRender","timestamp":1705184516335,"id":"dq6lzf7dm2du9h3","previousEventId":"po57vst76h75f36","operationId":"anhgeqqnags4fpq","previousOperationId":"9fsjb77ci1wihyj"}
{"type":"operationStart","subtype":"script","name":"scripts AveragePunctuation-script","previousOperationId":"anhgeqqnags4fpq","timestamp":1705184516335,"id":"8s4p18vv297tx9q","previousEventId":"dq6lzf7dm2du9h3","operationId":"2ftmr6vd5o6wyse"}
{"type":"operationEnd","operationId":"2ftmr6vd5o6wyse","timestamp":1705184516356,"id":"vhtjgb5l11azp84","previousEventId":"po57vst76h75f36","previousOperationId":"9fsjb77ci1wihyj"}
{"type":"operationEnd","operationId":"anhgeqqnags4fpq","timestamp":1705184516356,"id":"sagj1lhfrwq3lrb","previousEventId":"vhtjgb5l11azp84","previousOperationId":"9fsjb77ci1wihyj"}
{"type":"log","timestamp":1705184516356,"level":"debug","message":"Base url not specified, skipping its injection.","meta":{"rootId":"bk36orl7r88auxk","id":"bk36orl7r88auxk"},"id":"n62htklyeckiujv","previousOperationId":"anhgeqqnags4fpq"}
{"type":"operationStart","subtype":"engine","name":"handlebars","timestamp":1705184516357,"id":"13pywy908lcavka","previousEventId":"sagj1lhfrwq3lrb","operationId":"9nsq8z69mxsr95a","previousOperationId":"anhgeqqnags4fpq"}
{"type":"log","timestamp":1705184516357,"level":"debug","message":"Rendering engine handlebars","meta":{"rootId":"bk36orl7r88auxk","id":"bk36orl7r88auxk"},"id":"sz2ur5xv540eer2","previousOperationId":"9nsq8z69mxsr95a"}
{"type":"operationEnd","operationId":"9nsq8z69mxsr95a","timestamp":1705184516367,"id":"gzlb31swpin08eb","previousEventId":"13pywy908lcavka","previousOperationId":"9nsq8z69mxsr95a"}
{"type":"operationStart","subtype":"recipe","name":"chrome-pdf","timestamp":1705184516368,"id":"7jqgv8kcsioydlv","previousEventId":"gzlb31swpin08eb","operationId":"j8aitzj8s723ahs","previousOperationId":"9nsq8z69mxsr95a"}
{"type":"log","timestamp":1705184516368,"level":"debug","message":"Executing recipe chrome-pdf","meta":{"rootId":"bk36orl7r88auxk","id":"bk36orl7r88auxk"},"id":"89z2hfu02crbboz","previousOperationId":"j8aitzj8s723ahs"}
{"type":"log","timestamp":1705184516369,"level":"debug","message":"Converting with chrome HeadlessChrome/117.0.5938.149 using chrome-pool strategy","meta":{"rootId":"bk36orl7r88auxk","id":"bk36orl7r88auxk"},"id":"kkd05lnw1ejjapc","previousOperationId":"j8aitzj8s723ahs"}
{"type":"log","timestamp":1705184516451,"level":"debug","message":"Page request: GET (document) file:///C:/Users/Javier/AppData/Local/Temp/jsreport/autocleanup/70afabcc-5ed1-4181-94f7-4a4362662ef2-chrome-pdf.html","meta":{"rootId":"bk36orl7r88auxk","id":"bk36orl7r88auxk"},"id":"hyu1lmhb1okkbnp","previousOperationId":"j8aitzj8s723ahs"}
{"type":"log","timestamp":1705184516498,"level":"debug","message":"Page request: GET (stylesheet) https://cdnjs.cloudflare.com/ajax/libs/metro/4.1.5/css/metro.min.css","meta":{"rootId":"bk36orl7r88auxk","id":"bk36orl7r88auxk"},"id":"umqv9d6dm9tffoc","previousOperationId":"j8aitzj8s723ahs"}
{"type":"log","timestamp":1705184516499,"level":"debug","message":"Page request: GET (script) https://cdnjs.cloudflare.com/ajax/libs/Chart.js/2.7.2/Chart.min.js","meta":{"rootId":"bk36orl7r88auxk","id":"bk36orl7r88auxk"},"id":"f4bn2ktz7qee2p7","previousOperationId":"j8aitzj8s723ahs"}
{"type":"log","timestamp":1705184516499,"level":"debug","message":"Page request finished: GET (document) 200 file:///C:/Users/Javier/AppData/Local/Temp/jsreport/autocleanup/70afabcc-5ed1-4181-94f7-4a4362662ef2-chrome-pdf.html","meta":{"rootId":"bk36orl7r88auxk","id":"bk36orl7r88auxk"},"id":"gwa3yl7582zxtt5","previousOperationId":"j8aitzj8s723ahs"}
{"type":"log","timestamp":1705184516505,"level":"debug","message":"Page request finished: GET (script) 200 https://cdnjs.cloudflare.com/ajax/libs/Chart.js/2.7.2/Chart.min.js","meta":{"rootId":"bk36orl7r88auxk","id":"bk36orl7r88auxk"},"id":"okkwhp1184mboth","previousOperationId":"j8aitzj8s723ahs"}
{"type":"log","timestamp":1705184516516,"level":"debug","message":"Page request finished: GET (stylesheet) 200 https://cdnjs.cloudflare.com/ajax/libs/metro/4.1.5/css/metro.min.css","meta":{"rootId":"bk36orl7r88auxk","id":"bk36orl7r88auxk"},"id":"xxe8jmttuvmbvrm","previousOperationId":"j8aitzj8s723ahs"}
{"type":"log","timestamp":1705184516577,"level":"debug","message":"Running chrome with params {\"printBackground\":true,\"timeout\":59934,\"margin\":{}}","meta":{"rootId":"bk36orl7r88auxk","id":"bk36orl7r88auxk"},"id":"enuxtdkt7rbokqu","previousOperationId":"j8aitzj8s723ahs"}
{"type":"operationEnd","operationId":"j8aitzj8s723ahs","timestamp":1705184516677,"id":"eatkpnbu3cu7hjs","previousEventId":"7jqgv8kcsioydlv","previousOperationId":"j8aitzj8s723ahs"}
{"type":"log","timestamp":1705184516678,"level":"debug","message":"Skipping storing report.","meta":{"rootId":"bk36orl7r88auxk","id":"bk36orl7r88auxk"},"id":"qcggc9ajhkr8aev","previousOperationId":"j8aitzj8s723ahs"}
{"type":"log","timestamp":1705184516678,"level":"info","message":"Rendering request 6 finished in 375 ms","meta":{"rootId":"bk36orl7r88auxk","id":"bk36orl7r88auxk"},"id":"277i7ts6pbg9oz5","previousOperationId":"j8aitzj8s723ahs"}
{"type":"operationEnd","subtype":"render","operationId":"9fsjb77ci1wihyj","timestamp":1705184516678,"id":"tdeyu2cg1is5mu6","previousEventId":"eatkpnbu3cu7hjs","previousOperationId":"j8aitzj8s723ahs"}
{"type":"operationEnd","doDiffs":false,"previousEventId":"37ewntpqcnrsy0a","previousOperationId":"u07oh3m3biknjf2","operationId":"u07oh3m3biknjf2","timestamp":1705184516679,"id":"s7hnvsadqgk095z"}
