{"type":"operationStart","subtype":"profile","data":{"_id":"aARYCezyFIfBUxTB","timestamp":"2024-01-11T16:02:00.567Z","state":"queued","mode":"standard","creationDate":"2024-01-11T16:02:00.569Z","modificationDate":"2024-01-11T16:02:00.569Z","shortid":"dckg_Gj","$entitySet":"profiles"},"doDiffs":false,"timestamp":1704988920568,"id":"g5a1oggdogfy9c1","previousOperationId":null,"operationId":"63n1x2av6x0923n"}
{"type":"log","level":"info","message":"Render request 15 queued for execution and waiting for available worker","previousOperationId":"63n1x2av6x0923n","timestamp":1704988920568,"id":"xdioz2zpbw9g343"}
{"type":"operationStart","subtype":"render","name":"AveragePunctuation","previousOperationId":"63n1x2av6x0923n","timestamp":1704988920578,"id":"f0ja7ebj1bxwzlx","previousEventId":"g5a1oggdogfy9c1","operationId":"xu3vkxa8mzvgruj"}
{"type":"log","timestamp":1704988920578,"level":"info","message":"Starting rendering request 15","meta":{"rootId":"bo7qvglyblvgnph","id":"bo7qvglyblvgnph"},"id":"kxd377n7ro2i86y","previousOperationId":"xu3vkxa8mzvgruj"}
{"type":"log","timestamp":1704988920579,"level":"info","message":"Rendering template { name: AveragePunctuation, recipe: chrome-pdf, engine: handlebars, preview: true }","meta":{"rootId":"bo7qvglyblvgnph","id":"bo7qvglyblvgnph"},"id":"pnggy75ry7uqlfx","previousOperationId":"xu3vkxa8mzvgruj"}
{"type":"log","timestamp":1704988920580,"level":"debug","message":"Data item not defined for this template.","meta":{"rootId":"bo7qvglyblvgnph","id":"bo7qvglyblvgnph"},"id":"vqsmzm6prvtbirp","previousOperationId":"xu3vkxa8mzvgruj"}
{"type":"log","timestamp":1704988920582,"level":"debug","message":"Executing script AveragePunctuation-script (beforeRender)","meta":{"rootId":"bo7qvglyblvgnph","id":"bo7qvglyblvgnph"},"id":"g2s6si00tbgwxjd","previousOperationId":"xu3vkxa8mzvgruj"}
{"type":"operationStart","subtype":"scriptsBeforeRender","name":"scripts beforeRender","timestamp":1704988920601,"id":"1iilalf9k88ko5x","previousEventId":"f0ja7ebj1bxwzlx","operationId":"nuh16jvr9h1fn78","previousOperationId":"xu3vkxa8mzvgruj"}
{"type":"operationStart","subtype":"script","name":"scripts AveragePunctuation-script","previousOperationId":"nuh16jvr9h1fn78","timestamp":1704988920602,"id":"8n39ktg1361kmxh","previousEventId":"1iilalf9k88ko5x","operationId":"oke5iyuac1j8zfz"}
{"type":"operationEnd","operationId":"oke5iyuac1j8zfz","timestamp":1704988920602,"id":"5z07jn9v03srojl","previousEventId":"f0ja7ebj1bxwzlx","previousOperationId":"xu3vkxa8mzvgruj"}
{"type":"operationEnd","operationId":"nuh16jvr9h1fn78","timestamp":1704988920602,"id":"l181pee5xfqa7o3","previousEventId":"5z07jn9v03srojl","previousOperationId":"xu3vkxa8mzvgruj"}
{"type":"log","timestamp":1704988920602,"level":"debug","message":"Base url not specified, skipping its injection.","meta":{"rootId":"bo7qvglyblvgnph","id":"bo7qvglyblvgnph"},"id":"zjieoa8iuv0tns1","previousOperationId":"nuh16jvr9h1fn78"}
{"type":"operationStart","subtype":"engine","name":"handlebars","timestamp":1704988920603,"id":"uk7u99zmvyzjd42","previousEventId":"l181pee5xfqa7o3","operationId":"aqkc9bvccgks75k","previousOperationId":"nuh16jvr9h1fn78"}
{"type":"log","timestamp":1704988920603,"level":"debug","message":"Rendering engine handlebars","meta":{"rootId":"bo7qvglyblvgnph","id":"bo7qvglyblvgnph"},"id":"y7nlvacsipoe2ia","previousOperationId":"aqkc9bvccgks75k"}
{"type":"operationEnd","operationId":"aqkc9bvccgks75k","timestamp":1704988920618,"id":"e4jxpzdgm8p7gd5","previousEventId":"uk7u99zmvyzjd42","previousOperationId":"aqkc9bvccgks75k"}
{"type":"operationStart","subtype":"recipe","name":"chrome-pdf","timestamp":1704988920619,"id":"5hmvlfwybl8uzgd","previousEventId":"e4jxpzdgm8p7gd5","operationId":"u3p7z5qnis2otgv","previousOperationId":"aqkc9bvccgks75k"}
{"type":"log","timestamp":1704988920619,"level":"debug","message":"Executing recipe chrome-pdf","meta":{"rootId":"bo7qvglyblvgnph","id":"bo7qvglyblvgnph"},"id":"az5gs2vw53i7z35","previousOperationId":"u3p7z5qnis2otgv"}
{"type":"log","timestamp":1704988920622,"level":"debug","message":"Converting with chrome HeadlessChrome/117.0.5938.149 using chrome-pool strategy","meta":{"rootId":"bo7qvglyblvgnph","id":"bo7qvglyblvgnph"},"id":"11fzf8oz2f713z2","previousOperationId":"u3p7z5qnis2otgv"}
{"type":"log","timestamp":1704988920886,"level":"debug","message":"Page request: GET (document) file:///C:/Users/Javier/AppData/Local/Temp/jsreport/autocleanup/eed3e445-8589-46b9-b473-b0568050ede5-chrome-pdf.html","meta":{"rootId":"bo7qvglyblvgnph","id":"bo7qvglyblvgnph"},"id":"dsfu40uz131lveb","previousOperationId":"u3p7z5qnis2otgv"}
{"type":"log","timestamp":1704988920900,"level":"debug","message":"Page request finished: GET (document) 200 file:///C:/Users/Javier/AppData/Local/Temp/jsreport/autocleanup/eed3e445-8589-46b9-b473-b0568050ede5-chrome-pdf.html","meta":{"rootId":"bo7qvglyblvgnph","id":"bo7qvglyblvgnph"},"id":"7qrjexbr118t1zv","previousOperationId":"u3p7z5qnis2otgv"}
{"type":"log","timestamp":1704988920902,"level":"debug","message":"Running chrome with params {\"printBackground\":true,\"timeout\":59946,\"margin\":{}}","meta":{"rootId":"bo7qvglyblvgnph","id":"bo7qvglyblvgnph"},"id":"95e4zt06assyxlr","previousOperationId":"u3p7z5qnis2otgv"}
{"type":"operationEnd","operationId":"u3p7z5qnis2otgv","timestamp":1704988920908,"id":"wmt11q66b8zdlmn","previousEventId":"5hmvlfwybl8uzgd","previousOperationId":"u3p7z5qnis2otgv"}
{"type":"log","timestamp":1704988920908,"level":"debug","message":"Skipping storing report.","meta":{"rootId":"bo7qvglyblvgnph","id":"bo7qvglyblvgnph"},"id":"ubd4y49dn1owfyd","previousOperationId":"u3p7z5qnis2otgv"}
{"type":"log","timestamp":1704988920908,"level":"info","message":"Rendering request 15 finished in 341 ms","meta":{"rootId":"bo7qvglyblvgnph","id":"bo7qvglyblvgnph"},"id":"eqt9js2czz9aroy","previousOperationId":"u3p7z5qnis2otgv"}
{"type":"operationEnd","subtype":"render","operationId":"xu3vkxa8mzvgruj","timestamp":1704988920908,"id":"oqiy7ksd38x514v","previousEventId":"wmt11q66b8zdlmn","previousOperationId":"u3p7z5qnis2otgv"}
{"type":"operationEnd","doDiffs":false,"previousEventId":"g5a1oggdogfy9c1","previousOperationId":"63n1x2av6x0923n","operationId":"63n1x2av6x0923n","timestamp":1704988920918,"id":"7lroo4r94u3h9bp"}
