{"type":"operationStart","subtype":"profile","data":{"_id":"jIYCqb5EbObRG0Yp","timestamp":"2024-01-13T14:29:56.718Z","state":"queued","mode":"standard","creationDate":"2024-01-13T14:29:56.719Z","modificationDate":"2024-01-13T14:29:56.719Z","shortid":"weacDCy","$entitySet":"profiles"},"doDiffs":false,"timestamp":1705156196719,"id":"j3dzfxfsd19vmbe","previousOperationId":null,"operationId":"42bg08t2i2a6a09"}
{"type":"log","level":"info","message":"Render request 45 queued for execution and waiting for available worker","previousOperationId":"42bg08t2i2a6a09","timestamp":1705156196719,"id":"ukjj64eui2fs4p8"}
{"type":"operationStart","subtype":"render","name":"AveragePunctuation","previousOperationId":"42bg08t2i2a6a09","timestamp":1705156196723,"id":"y72tb7ovd0x30h1","previousEventId":"j3dzfxfsd19vmbe","operationId":"766c9euyp15n6tb"}
{"type":"log","timestamp":1705156196723,"level":"info","message":"Starting rendering request 45","meta":{"rootId":"bzqmx3weaokf28u","id":"bzqmx3weaokf28u"},"id":"f97w69wfqqxqyhl","previousOperationId":"766c9euyp15n6tb"}
{"type":"log","timestamp":1705156196723,"level":"info","message":"Rendering template { name: AveragePunctuation, recipe: chrome-pdf, engine: handlebars, preview: false }","meta":{"rootId":"bzqmx3weaokf28u","id":"bzqmx3weaokf28u"},"id":"17kgooj82g8iare","previousOperationId":"766c9euyp15n6tb"}
{"type":"log","timestamp":1705156196724,"level":"debug","message":"Inline data specified.","meta":{"rootId":"bzqmx3weaokf28u","id":"bzqmx3weaokf28u"},"id":"62g48vt83t7ain6","previousOperationId":"766c9euyp15n6tb"}
{"type":"log","timestamp":1705156196726,"level":"debug","message":"Executing script AveragePunctuation-script (beforeRender)","meta":{"rootId":"bzqmx3weaokf28u","id":"bzqmx3weaokf28u"},"id":"dlp2i41fjos44lo","previousOperationId":"766c9euyp15n6tb"}
{"type":"operationStart","subtype":"scriptsBeforeRender","name":"scripts beforeRender","timestamp":1705156196737,"id":"13a0272h2c1fj1i","previousEventId":"y72tb7ovd0x30h1","operationId":"7anu6094dtvqgcp","previousOperationId":"766c9euyp15n6tb"}
{"type":"operationStart","subtype":"script","name":"scripts AveragePunctuation-script","previousOperationId":"7anu6094dtvqgcp","timestamp":1705156196737,"id":"y21f054r9388dpb","previousEventId":"13a0272h2c1fj1i","operationId":"ygih8003gm1xmkq"}
{"type":"operationEnd","operationId":"ygih8003gm1xmkq","timestamp":1705156196747,"id":"f0unzn8y57njgr8","previousEventId":"y72tb7ovd0x30h1","previousOperationId":"766c9euyp15n6tb"}
{"type":"operationEnd","operationId":"7anu6094dtvqgcp","timestamp":1705156196747,"id":"8q7wukqsuia1ttv","previousEventId":"f0unzn8y57njgr8","previousOperationId":"766c9euyp15n6tb"}
{"type":"log","timestamp":1705156196747,"level":"debug","message":"Base url not specified, skipping its injection.","meta":{"rootId":"bzqmx3weaokf28u","id":"bzqmx3weaokf28u"},"id":"9hk9nthk2e84sc0","previousOperationId":"7anu6094dtvqgcp"}
{"type":"operationStart","subtype":"engine","name":"handlebars","timestamp":1705156196747,"id":"g6gmk9kfwvw2tne","previousEventId":"8q7wukqsuia1ttv","operationId":"wrty3n5wij6its0","previousOperationId":"7anu6094dtvqgcp"}
{"type":"log","timestamp":1705156196747,"level":"debug","message":"Rendering engine handlebars","meta":{"rootId":"bzqmx3weaokf28u","id":"bzqmx3weaokf28u"},"id":"vgryz14efw5jbyc","previousOperationId":"wrty3n5wij6its0"}
{"type":"operationEnd","operationId":"wrty3n5wij6its0","timestamp":1705156196756,"id":"u12orrhqqe3afyb","previousEventId":"g6gmk9kfwvw2tne","previousOperationId":"wrty3n5wij6its0"}
{"type":"operationStart","subtype":"recipe","name":"chrome-pdf","timestamp":1705156196756,"id":"kf2epp5bw0bh9ye","previousEventId":"u12orrhqqe3afyb","operationId":"csxklcyyo9umgcy","previousOperationId":"wrty3n5wij6its0"}
{"type":"log","timestamp":1705156196756,"level":"debug","message":"Executing recipe chrome-pdf","meta":{"rootId":"bzqmx3weaokf28u","id":"bzqmx3weaokf28u"},"id":"5zaqk10de86nzar","previousOperationId":"csxklcyyo9umgcy"}
{"type":"log","timestamp":1705156196757,"level":"debug","message":"Converting with chrome HeadlessChrome/117.0.5938.149 using chrome-pool strategy","meta":{"rootId":"bzqmx3weaokf28u","id":"bzqmx3weaokf28u"},"id":"6x3oitz09960tl2","previousOperationId":"csxklcyyo9umgcy"}
{"type":"log","timestamp":1705156196823,"level":"debug","message":"Page request: GET (document) file:///C:/Users/Javier/AppData/Local/Temp/jsreport/autocleanup/5dafbf17-9c3d-4658-aa2d-a8a9621a9a93-chrome-pdf.html","meta":{"rootId":"bzqmx3weaokf28u","id":"bzqmx3weaokf28u"},"id":"mf64dsjhom81oqv","previousOperationId":"csxklcyyo9umgcy"}
{"type":"log","timestamp":1705156196860,"level":"debug","message":"Page request: GET (stylesheet) https://cdnjs.cloudflare.com/ajax/libs/metro/4.1.5/css/metro.min.css","meta":{"rootId":"bzqmx3weaokf28u","id":"bzqmx3weaokf28u"},"id":"uas10hwcblffdsg","previousOperationId":"csxklcyyo9umgcy"}
{"type":"log","timestamp":1705156196861,"level":"debug","message":"Page request finished: GET (document) 200 file:///C:/Users/Javier/AppData/Local/Temp/jsreport/autocleanup/5dafbf17-9c3d-4658-aa2d-a8a9621a9a93-chrome-pdf.html","meta":{"rootId":"bzqmx3weaokf28u","id":"bzqmx3weaokf28u"},"id":"zghw7lpbg3hhzxn","previousOperationId":"csxklcyyo9umgcy"}
{"type":"log","timestamp":1705156196861,"level":"debug","message":"Page request: GET (script) https://cdnjs.cloudflare.com/ajax/libs/Chart.js/2.7.2/Chart.min.js","meta":{"rootId":"bzqmx3weaokf28u","id":"bzqmx3weaokf28u"},"id":"vnr0xl85e2nw858","previousOperationId":"csxklcyyo9umgcy"}
{"type":"log","timestamp":1705156196875,"level":"debug","message":"Page request finished: GET (stylesheet) 200 https://cdnjs.cloudflare.com/ajax/libs/metro/4.1.5/css/metro.min.css","meta":{"rootId":"bzqmx3weaokf28u","id":"bzqmx3weaokf28u"},"id":"jjmauyi7ai5xpi7","previousOperationId":"csxklcyyo9umgcy"}
{"type":"log","timestamp":1705156196876,"level":"debug","message":"Page request finished: GET (script) 200 https://cdnjs.cloudflare.com/ajax/libs/Chart.js/2.7.2/Chart.min.js","meta":{"rootId":"bzqmx3weaokf28u","id":"bzqmx3weaokf28u"},"id":"ut9hjpmmcbg9vau","previousOperationId":"csxklcyyo9umgcy"}
{"type":"log","timestamp":1705156196931,"level":"debug","message":"Running chrome with params {\"printBackground\":true,\"timeout\":59961,\"margin\":{}}","meta":{"rootId":"bzqmx3weaokf28u","id":"bzqmx3weaokf28u"},"id":"j1v4gpyygheg46v","previousOperationId":"csxklcyyo9umgcy"}
{"type":"operationEnd","operationId":"csxklcyyo9umgcy","timestamp":1705156197052,"id":"d3pzcobxdfgtj42","previousEventId":"kf2epp5bw0bh9ye","previousOperationId":"csxklcyyo9umgcy"}
{"type":"log","timestamp":1705156197053,"level":"debug","message":"Skipping storing report.","meta":{"rootId":"bzqmx3weaokf28u","id":"bzqmx3weaokf28u"},"id":"snhzxcsv79o3iuo","previousOperationId":"csxklcyyo9umgcy"}
{"type":"log","timestamp":1705156197053,"level":"info","message":"Rendering request 45 finished in 335 ms","meta":{"rootId":"bzqmx3weaokf28u","id":"bzqmx3weaokf28u"},"id":"yc0e7m4o4j1ubde","previousOperationId":"csxklcyyo9umgcy"}
{"type":"operationEnd","subtype":"render","operationId":"766c9euyp15n6tb","timestamp":1705156197053,"id":"4xsxx0t9m6vzzm5","previousEventId":"d3pzcobxdfgtj42","previousOperationId":"csxklcyyo9umgcy"}
{"type":"operationEnd","doDiffs":false,"previousEventId":"j3dzfxfsd19vmbe","previousOperationId":"42bg08t2i2a6a09","operationId":"42bg08t2i2a6a09","timestamp":1705156197058,"id":"rfhpyeavst2b3kk"}
