{"type":"operationStart","subtype":"profile","data":{"_id":"pXDeqrUeUmpfJHUM","timestamp":"2024-01-13T22:19:12.034Z","state":"queued","mode":"standard","creationDate":"2024-01-13T22:19:12.036Z","modificationDate":"2024-01-13T22:19:12.036Z","shortid":"Pj4F9O8","$entitySet":"profiles"},"doDiffs":false,"timestamp":1705184352035,"id":"mbuctm0wx2km5yq","previousOperationId":null,"operationId":"avb27lzpjj6toxj"}
{"type":"log","level":"info","message":"Render request 3 queued for execution and waiting for available worker","previousOperationId":"avb27lzpjj6toxj","timestamp":1705184352035,"id":"jdk3okbpccik0gi"}
{"type":"operationStart","subtype":"render","name":"AveragePunctuation","previousOperationId":"avb27lzpjj6toxj","timestamp":1705184352043,"id":"dr7c2qxl1wbf6rq","previousEventId":"mbuctm0wx2km5yq","operationId":"r66xgg0xymidukv"}
{"type":"log","timestamp":1705184352044,"level":"info","message":"Starting rendering request 3","meta":{"rootId":"cfy1z245b6iaxbn","id":"cfy1z245b6iaxbn"},"id":"7794rthrylo206f","previousOperationId":"r66xgg0xymidukv"}
{"type":"log","timestamp":1705184352044,"level":"info","message":"Rendering template { name: AveragePunctuation, recipe: chrome-pdf, engine: handlebars, preview: false }","meta":{"rootId":"cfy1z245b6iaxbn","id":"cfy1z245b6iaxbn"},"id":"r1j8arq1uqahl5i","previousOperationId":"r66xgg0xymidukv"}
{"type":"log","timestamp":1705184352045,"level":"debug","message":"Inline data specified.","meta":{"rootId":"cfy1z245b6iaxbn","id":"cfy1z245b6iaxbn"},"id":"39g8ypl4som3psm","previousOperationId":"r66xgg0xymidukv"}
{"type":"log","timestamp":1705184352048,"level":"debug","message":"Executing script AveragePunctuation-script (beforeRender)","meta":{"rootId":"cfy1z245b6iaxbn","id":"cfy1z245b6iaxbn"},"id":"e5evdgm5eyjat41","previousOperationId":"r66xgg0xymidukv"}
{"type":"operationStart","subtype":"scriptsBeforeRender","name":"scripts beforeRender","timestamp":1705184352088,"id":"7g2v6gwvnxcw4vt","previousEventId":"dr7c2qxl1wbf6rq","operationId":"5x168u39j4fj5ak","previousOperationId":"r66xgg0xymidukv"}
{"type":"operationStart","subtype":"script","name":"scripts AveragePunctuation-script","previousOperationId":"5x168u39j4fj5ak","timestamp":1705184352088,"id":"cfgj6l526spz24d","previousEventId":"7g2v6gwvnxcw4vt","operationId":"e6f7xp1drqmtt9s"}
{"type":"operationEnd","operationId":"e6f7xp1drqmtt9s","timestamp":1705184352108,"id":"h6ngk07bftj95xu","previousEventId":"dr7c2qxl1wbf6rq","previousOperationId":"r66xgg0xymidukv"}
{"type":"operationEnd","operationId":"5x168u39j4fj5ak","timestamp":1705184352108,"id":"2ysurv09747dkiz","previousEventId":"h6ngk07bftj95xu","previousOperationId":"r66xgg0xymidukv"}
{"type":"log","timestamp":1705184352108,"level":"debug","message":"Base url not specified, skipping its injection.","meta":{"rootId":"cfy1z245b6iaxbn","id":"cfy1z245b6iaxbn"},"id":"zcm6dc99gy2q9x6","previousOperationId":"5x168u39j4fj5ak"}
{"type":"operationStart","subtype":"engine","name":"handlebars","timestamp":1705184352108,"id":"8gwbxpx0dxf9rds","previousEventId":"2ysurv09747dkiz","operationId":"4ic98a7k2dd1ac7","previousOperationId":"5x168u39j4fj5ak"}
{"type":"log","timestamp":1705184352108,"level":"debug","message":"Rendering engine handlebars","meta":{"rootId":"cfy1z245b6iaxbn","id":"cfy1z245b6iaxbn"},"id":"hh7aepdv482yhqv","previousOperationId":"4ic98a7k2dd1ac7"}
{"type":"operationEnd","operationId":"4ic98a7k2dd1ac7","timestamp":1705184352117,"id":"8fkomh3c2iziph8","previousEventId":"8gwbxpx0dxf9rds","previousOperationId":"4ic98a7k2dd1ac7"}
{"type":"operationStart","subtype":"recipe","name":"chrome-pdf","timestamp":1705184352118,"id":"jz66cttsuehe0uo","previousEventId":"8fkomh3c2iziph8","operationId":"8s2mmfjdu7xedfw","previousOperationId":"4ic98a7k2dd1ac7"}
{"type":"log","timestamp":1705184352118,"level":"debug","message":"Executing recipe chrome-pdf","meta":{"rootId":"cfy1z245b6iaxbn","id":"cfy1z245b6iaxbn"},"id":"cb7dktbfcuadts7","previousOperationId":"8s2mmfjdu7xedfw"}
{"type":"log","timestamp":1705184352119,"level":"debug","message":"Converting with chrome HeadlessChrome/117.0.5938.149 using chrome-pool strategy","meta":{"rootId":"cfy1z245b6iaxbn","id":"cfy1z245b6iaxbn"},"id":"jfl0rgo22cqkpun","previousOperationId":"8s2mmfjdu7xedfw"}
{"type":"log","timestamp":1705184352194,"level":"debug","message":"Page request: GET (document) file:///C:/Users/Javier/AppData/Local/Temp/jsreport/autocleanup/ad22f17d-82fb-4da2-bf79-5f98c995b752-chrome-pdf.html","meta":{"rootId":"cfy1z245b6iaxbn","id":"cfy1z245b6iaxbn"},"id":"tzsyili0yq9wagz","previousOperationId":"8s2mmfjdu7xedfw"}
{"type":"log","timestamp":1705184352232,"level":"debug","message":"Page request: GET (stylesheet) https://cdnjs.cloudflare.com/ajax/libs/metro/4.1.5/css/metro.min.css","meta":{"rootId":"cfy1z245b6iaxbn","id":"cfy1z245b6iaxbn"},"id":"g4bkv3iwtlv4e1c","previousOperationId":"8s2mmfjdu7xedfw"}
{"type":"log","timestamp":1705184352233,"level":"debug","message":"Page request: GET (script) https://cdnjs.cloudflare.com/ajax/libs/Chart.js/2.7.2/Chart.min.js","meta":{"rootId":"cfy1z245b6iaxbn","id":"cfy1z245b6iaxbn"},"id":"7on1rrbteuwg8x0","previousOperationId":"8s2mmfjdu7xedfw"}
{"type":"log","timestamp":1705184352233,"level":"debug","message":"Page request finished: GET (document) 200 file:///C:/Users/Javier/AppData/Local/Temp/jsreport/autocleanup/ad22f17d-82fb-4da2-bf79-5f98c995b752-chrome-pdf.html","meta":{"rootId":"cfy1z245b6iaxbn","id":"cfy1z245b6iaxbn"},"id":"98gghofgzopnmnn","previousOperationId":"8s2mmfjdu7xedfw"}
{"type":"log","timestamp":1705184352247,"level":"debug","message":"Page request finished: GET (stylesheet) 200 https://cdnjs.cloudflare.com/ajax/libs/metro/4.1.5/css/metro.min.css","meta":{"rootId":"cfy1z245b6iaxbn","id":"cfy1z245b6iaxbn"},"id":"92gbd14b36odzmz","previousOperationId":"8s2mmfjdu7xedfw"}
{"type":"log","timestamp":1705184352247,"level":"debug","message":"Page request finished: GET (script) 200 https://cdnjs.cloudflare.com/ajax/libs/Chart.js/2.7.2/Chart.min.js","meta":{"rootId":"cfy1z245b6iaxbn","id":"cfy1z245b6iaxbn"},"id":"qrjbt6j2ilv7jez","previousOperationId":"8s2mmfjdu7xedfw"}
{"type":"log","timestamp":1705184352309,"level":"debug","message":"Running chrome with params {\"printBackground\":true,\"timeout\":59915,\"margin\":{}}","meta":{"rootId":"cfy1z245b6iaxbn","id":"cfy1z245b6iaxbn"},"id":"6qimmron6k866rk","previousOperationId":"8s2mmfjdu7xedfw"}
{"type":"operationEnd","operationId":"8s2mmfjdu7xedfw","timestamp":1705184352405,"id":"n46jktlxamhqd1a","previousEventId":"jz66cttsuehe0uo","previousOperationId":"8s2mmfjdu7xedfw"}
{"type":"log","timestamp":1705184352405,"level":"debug","message":"Skipping storing report.","meta":{"rootId":"cfy1z245b6iaxbn","id":"cfy1z245b6iaxbn"},"id":"vfbwjarhh9ky6ba","previousOperationId":"8s2mmfjdu7xedfw"}
{"type":"log","timestamp":1705184352405,"level":"info","message":"Rendering request 3 finished in 371 ms","meta":{"rootId":"cfy1z245b6iaxbn","id":"cfy1z245b6iaxbn"},"id":"9st3j7nhgavm8r6","previousOperationId":"8s2mmfjdu7xedfw"}
{"type":"operationEnd","subtype":"render","operationId":"r66xgg0xymidukv","timestamp":1705184352405,"id":"xyr5dnhfypu4om9","previousEventId":"n46jktlxamhqd1a","previousOperationId":"8s2mmfjdu7xedfw"}
{"type":"operationEnd","doDiffs":false,"previousEventId":"mbuctm0wx2km5yq","previousOperationId":"avb27lzpjj6toxj","operationId":"avb27lzpjj6toxj","timestamp":1705184352408,"id":"on4o69074f3w6hh"}
