{"type":"operationStart","subtype":"profile","data":{"_id":"FKsrg2RP9dx8b4Sf","timestamp":"2024-01-11T19:35:14.390Z","state":"queued","mode":"standard","creationDate":"2024-01-11T19:35:14.395Z","modificationDate":"2024-01-11T19:35:14.395Z","shortid":"nL4Ilqe","$entitySet":"profiles"},"doDiffs":false,"timestamp":1705001714395,"id":"9fku9k024rtmn2h","previousOperationId":null,"operationId":"y2l1rdwke0auj9w"}
{"type":"log","level":"info","message":"Render request 27 queued for execution and waiting for available worker","previousOperationId":"y2l1rdwke0auj9w","timestamp":1705001714395,"id":"s89gvo6zz6b8uac"}
{"type":"operationStart","subtype":"render","name":"AveragePunctuation","previousOperationId":"y2l1rdwke0auj9w","timestamp":1705001714400,"id":"0ggcht9lsnnx1n2","previousEventId":"9fku9k024rtmn2h","operationId":"wtntj8k2k52zxlp"}
{"type":"log","timestamp":1705001714400,"level":"info","message":"Starting rendering request 27","meta":{"rootId":"chhchc546zwwldv","id":"chhchc546zwwldv"},"id":"gv7zbe4n5j9u7ag","previousOperationId":"wtntj8k2k52zxlp"}
{"type":"log","timestamp":1705001714400,"level":"info","message":"Rendering template { name: AveragePunctuation, recipe: chrome-pdf, engine: handlebars, preview: false }","meta":{"rootId":"chhchc546zwwldv","id":"chhchc546zwwldv"},"id":"2nkrkgqibe7rl9a","previousOperationId":"wtntj8k2k52zxlp"}
{"type":"log","timestamp":1705001714400,"level":"debug","message":"Inline data specified.","meta":{"rootId":"chhchc546zwwldv","id":"chhchc546zwwldv"},"id":"b7a3ch7zxlbqymh","previousOperationId":"wtntj8k2k52zxlp"}
{"type":"log","timestamp":1705001714402,"level":"debug","message":"Executing script AveragePunctuation-script (beforeRender)","meta":{"rootId":"chhchc546zwwldv","id":"chhchc546zwwldv"},"id":"v4buyeeuc4juhg2","previousOperationId":"wtntj8k2k52zxlp"}
{"type":"operationStart","subtype":"scriptsBeforeRender","name":"scripts beforeRender","timestamp":1705001714414,"id":"a7i0nc5ryzwu1kv","previousEventId":"0ggcht9lsnnx1n2","operationId":"y2kswojyklpayk4","previousOperationId":"wtntj8k2k52zxlp"}
{"type":"operationStart","subtype":"script","name":"scripts AveragePunctuation-script","previousOperationId":"y2kswojyklpayk4","timestamp":1705001714414,"id":"hveocjevynivcid","previousEventId":"a7i0nc5ryzwu1kv","operationId":"1p4ata84q7arcvo"}
{"type":"operationEnd","operationId":"1p4ata84q7arcvo","timestamp":1705001714426,"id":"hhhp6fl73h3dvuq","previousEventId":"0ggcht9lsnnx1n2","previousOperationId":"wtntj8k2k52zxlp"}
{"type":"operationEnd","operationId":"y2kswojyklpayk4","timestamp":1705001714426,"id":"f0c9d40v0hevain","previousEventId":"hhhp6fl73h3dvuq","previousOperationId":"wtntj8k2k52zxlp"}
{"type":"log","timestamp":1705001714426,"level":"debug","message":"Base url not specified, skipping its injection.","meta":{"rootId":"chhchc546zwwldv","id":"chhchc546zwwldv"},"id":"2duihvbdenzp5jf","previousOperationId":"y2kswojyklpayk4"}
{"type":"operationStart","subtype":"engine","name":"handlebars","timestamp":1705001714426,"id":"ogdtxoeaa2z8p0q","previousEventId":"f0c9d40v0hevain","operationId":"3yf5272cd1s0ew2","previousOperationId":"y2kswojyklpayk4"}
{"type":"log","timestamp":1705001714426,"level":"debug","message":"Rendering engine handlebars","meta":{"rootId":"chhchc546zwwldv","id":"chhchc546zwwldv"},"id":"xjhcxr7oeqqam2l","previousOperationId":"3yf5272cd1s0ew2"}
{"type":"operationEnd","operationId":"3yf5272cd1s0ew2","timestamp":1705001714432,"id":"2j4prr5qajiui7b","previousEventId":"ogdtxoeaa2z8p0q","previousOperationId":"3yf5272cd1s0ew2"}
{"type":"operationStart","subtype":"recipe","name":"chrome-pdf","timestamp":1705001714432,"id":"t26nn012q6pbec9","previousEventId":"2j4prr5qajiui7b","operationId":"8nbtzz3izhvv3b2","previousOperationId":"3yf5272cd1s0ew2"}
{"type":"log","timestamp":1705001714432,"level":"debug","message":"Executing recipe chrome-pdf","meta":{"rootId":"chhchc546zwwldv","id":"chhchc546zwwldv"},"id":"k58rpuua6qelu0r","previousOperationId":"8nbtzz3izhvv3b2"}
{"type":"log","timestamp":1705001714434,"level":"debug","message":"Converting with chrome HeadlessChrome/117.0.5938.149 using chrome-pool strategy","meta":{"rootId":"chhchc546zwwldv","id":"chhchc546zwwldv"},"id":"adajjlwqzz2u9ul","previousOperationId":"8nbtzz3izhvv3b2"}
{"type":"log","timestamp":1705001714506,"level":"debug","message":"Page request: GET (document) file:///C:/Users/Javier/AppData/Local/Temp/jsreport/autocleanup/55e4783e-34c6-4573-b43f-6ddf1dbe5b3c-chrome-pdf.html","meta":{"rootId":"chhchc546zwwldv","id":"chhchc546zwwldv"},"id":"olc03ca0jg7p7fl","previousOperationId":"8nbtzz3izhvv3b2"}
{"type":"log","timestamp":1705001714511,"level":"debug","message":"Page request finished: GET (document) 200 file:///C:/Users/Javier/AppData/Local/Temp/jsreport/autocleanup/55e4783e-34c6-4573-b43f-6ddf1dbe5b3c-chrome-pdf.html","meta":{"rootId":"chhchc546zwwldv","id":"chhchc546zwwldv"},"id":"e4mprixvg721ikc","previousOperationId":"8nbtzz3izhvv3b2"}
{"type":"log","timestamp":1705001714514,"level":"debug","message":"Running chrome with params {\"printBackground\":true,\"timeout\":59957,\"margin\":{}}","meta":{"rootId":"chhchc546zwwldv","id":"chhchc546zwwldv"},"id":"23cpfc7eh8ur4xz","previousOperationId":"8nbtzz3izhvv3b2"}
{"type":"operationEnd","operationId":"8nbtzz3izhvv3b2","timestamp":1705001714525,"id":"fpn6npyl7w4qshs","previousEventId":"t26nn012q6pbec9","previousOperationId":"8nbtzz3izhvv3b2"}
{"type":"log","timestamp":1705001714525,"level":"debug","message":"Skipping storing report.","meta":{"rootId":"chhchc546zwwldv","id":"chhchc546zwwldv"},"id":"uha8fzefmp889b7","previousOperationId":"8nbtzz3izhvv3b2"}
{"type":"log","timestamp":1705001714525,"level":"info","message":"Rendering request 27 finished in 135 ms","meta":{"rootId":"chhchc546zwwldv","id":"chhchc546zwwldv"},"id":"q3eohmfo6g5dew9","previousOperationId":"8nbtzz3izhvv3b2"}
{"type":"operationEnd","subtype":"render","operationId":"wtntj8k2k52zxlp","timestamp":1705001714525,"id":"kmu45ql8jlzo0f5","previousEventId":"fpn6npyl7w4qshs","previousOperationId":"8nbtzz3izhvv3b2"}
{"type":"operationEnd","doDiffs":false,"previousEventId":"9fku9k024rtmn2h","previousOperationId":"y2l1rdwke0auj9w","operationId":"y2l1rdwke0auj9w","timestamp":1705001714530,"id":"cvtd9xz0obxk66e"}
