{"type":"operationStart","subtype":"profile","data":{"_id":"6sNyjzWCZvOk5Kfy","timestamp":"2024-01-13T19:03:13.387Z","state":"queued","mode":"standard","creationDate":"2024-01-13T19:03:13.388Z","modificationDate":"2024-01-13T19:03:13.388Z","shortid":"RjSrEAG","$entitySet":"profiles"},"doDiffs":false,"timestamp":1705172593387,"id":"4qql0zewzjsn0ph","previousOperationId":null,"operationId":"exlwo281eam4orx"}
{"type":"log","level":"info","message":"Render request 4 queued for execution and waiting for available worker","previousOperationId":"exlwo281eam4orx","timestamp":1705172593387,"id":"gb4j0v06fv8d3tm"}
{"type":"operationStart","subtype":"render","name":"AveragePunctuation","previousOperationId":"exlwo281eam4orx","timestamp":1705172593392,"id":"ngizp7hzdwd2m2y","previousEventId":"4qql0zewzjsn0ph","operationId":"tz2ex2ls2vwucmr"}
{"type":"log","timestamp":1705172593393,"level":"info","message":"Starting rendering request 4","meta":{"rootId":"cv3g64vlq40x40z","id":"cv3g64vlq40x40z"},"id":"7cycquxxze76r62","previousOperationId":"tz2ex2ls2vwucmr"}
{"type":"log","timestamp":1705172593393,"level":"info","message":"Rendering template { name: AveragePunctuation, recipe: chrome-pdf, engine: handlebars, preview: false }","meta":{"rootId":"cv3g64vlq40x40z","id":"cv3g64vlq40x40z"},"id":"5vhf569g73vl8ab","previousOperationId":"tz2ex2ls2vwucmr"}
{"type":"log","timestamp":1705172593393,"level":"debug","message":"Inline data specified.","meta":{"rootId":"cv3g64vlq40x40z","id":"cv3g64vlq40x40z"},"id":"vke6f2hm3gpj1s9","previousOperationId":"tz2ex2ls2vwucmr"}
{"type":"log","timestamp":1705172593395,"level":"debug","message":"Executing script AveragePunctuation-script (beforeRender)","meta":{"rootId":"cv3g64vlq40x40z","id":"cv3g64vlq40x40z"},"id":"s5l64jruqm5trjk","previousOperationId":"tz2ex2ls2vwucmr"}
{"type":"operationStart","subtype":"scriptsBeforeRender","name":"scripts beforeRender","timestamp":1705172593412,"id":"0pt2ecn0clt4kfz","previousEventId":"ngizp7hzdwd2m2y","operationId":"x47gyoer8winr39","previousOperationId":"tz2ex2ls2vwucmr"}
{"type":"operationStart","subtype":"script","name":"scripts AveragePunctuation-script","previousOperationId":"x47gyoer8winr39","timestamp":1705172593412,"id":"onreqmm6mwwia7l","previousEventId":"0pt2ecn0clt4kfz","operationId":"doe5gadn8h1swhh"}
{"type":"operationEnd","operationId":"doe5gadn8h1swhh","timestamp":1705172593422,"id":"zdc04rhiu08gpv4","previousEventId":"ngizp7hzdwd2m2y","previousOperationId":"tz2ex2ls2vwucmr"}
{"type":"operationEnd","operationId":"x47gyoer8winr39","timestamp":1705172593422,"id":"bu8yua1kje3snh5","previousEventId":"zdc04rhiu08gpv4","previousOperationId":"tz2ex2ls2vwucmr"}
{"type":"log","timestamp":1705172593422,"level":"debug","message":"Base url not specified, skipping its injection.","meta":{"rootId":"cv3g64vlq40x40z","id":"cv3g64vlq40x40z"},"id":"72cq24mgvebukm2","previousOperationId":"x47gyoer8winr39"}
{"type":"operationStart","subtype":"engine","name":"handlebars","timestamp":1705172593423,"id":"h5tu0gc3ruouksf","previousEventId":"bu8yua1kje3snh5","operationId":"t83ulzgdikmwnwf","previousOperationId":"x47gyoer8winr39"}
{"type":"log","timestamp":1705172593423,"level":"debug","message":"Rendering engine handlebars","meta":{"rootId":"cv3g64vlq40x40z","id":"cv3g64vlq40x40z"},"id":"ovvnj0trcnm80zz","previousOperationId":"t83ulzgdikmwnwf"}
{"type":"operationEnd","operationId":"t83ulzgdikmwnwf","timestamp":1705172593430,"id":"fpqvx0u6hxyt1kf","previousEventId":"h5tu0gc3ruouksf","previousOperationId":"t83ulzgdikmwnwf"}
{"type":"operationStart","subtype":"recipe","name":"chrome-pdf","timestamp":1705172593431,"id":"pfjmlkqzdjkuhzi","previousEventId":"fpqvx0u6hxyt1kf","operationId":"q8vw6t4vgyaa09k","previousOperationId":"t83ulzgdikmwnwf"}
{"type":"log","timestamp":1705172593431,"level":"debug","message":"Executing recipe chrome-pdf","meta":{"rootId":"cv3g64vlq40x40z","id":"cv3g64vlq40x40z"},"id":"gdcba9kx994q7hq","previousOperationId":"q8vw6t4vgyaa09k"}
{"type":"log","timestamp":1705172593432,"level":"debug","message":"Converting with chrome HeadlessChrome/117.0.5938.149 using chrome-pool strategy","meta":{"rootId":"cv3g64vlq40x40z","id":"cv3g64vlq40x40z"},"id":"gmssq7vs6ujn2zs","previousOperationId":"q8vw6t4vgyaa09k"}
{"type":"log","timestamp":1705172593509,"level":"debug","message":"Page request: GET (document) file:///C:/Users/Javier/AppData/Local/Temp/jsreport/autocleanup/fb5b49ea-06f1-4880-82e2-e6f7fb2130a4-chrome-pdf.html","meta":{"rootId":"cv3g64vlq40x40z","id":"cv3g64vlq40x40z"},"id":"e48a18k82c2kcof","previousOperationId":"q8vw6t4vgyaa09k"}
{"type":"log","timestamp":1705172593547,"level":"debug","message":"Page request: GET (stylesheet) https://cdnjs.cloudflare.com/ajax/libs/metro/4.1.5/css/metro.min.css","meta":{"rootId":"cv3g64vlq40x40z","id":"cv3g64vlq40x40z"},"id":"l1f9rts9lh0iplf","previousOperationId":"q8vw6t4vgyaa09k"}
{"type":"log","timestamp":1705172593547,"level":"debug","message":"Page request: GET (script) https://cdnjs.cloudflare.com/ajax/libs/Chart.js/2.7.2/Chart.min.js","meta":{"rootId":"cv3g64vlq40x40z","id":"cv3g64vlq40x40z"},"id":"vgqwqer2yiyy8bi","previousOperationId":"q8vw6t4vgyaa09k"}
{"type":"log","timestamp":1705172593548,"level":"debug","message":"Page request finished: GET (document) 200 file:///C:/Users/Javier/AppData/Local/Temp/jsreport/autocleanup/fb5b49ea-06f1-4880-82e2-e6f7fb2130a4-chrome-pdf.html","meta":{"rootId":"cv3g64vlq40x40z","id":"cv3g64vlq40x40z"},"id":"w20zzaxyqqu0e03","previousOperationId":"q8vw6t4vgyaa09k"}
{"type":"log","timestamp":1705172593563,"level":"debug","message":"Page request finished: GET (stylesheet) 200 https://cdnjs.cloudflare.com/ajax/libs/metro/4.1.5/css/metro.min.css","meta":{"rootId":"cv3g64vlq40x40z","id":"cv3g64vlq40x40z"},"id":"giv07dfzw3o82du","previousOperationId":"q8vw6t4vgyaa09k"}
{"type":"log","timestamp":1705172593563,"level":"debug","message":"Page request finished: GET (script) 200 https://cdnjs.cloudflare.com/ajax/libs/Chart.js/2.7.2/Chart.min.js","meta":{"rootId":"cv3g64vlq40x40z","id":"cv3g64vlq40x40z"},"id":"j93zmagi42v0rk8","previousOperationId":"q8vw6t4vgyaa09k"}
{"type":"log","timestamp":1705172593642,"level":"debug","message":"Running chrome with params {\"printBackground\":true,\"timeout\":59954,\"margin\":{}}","meta":{"rootId":"cv3g64vlq40x40z","id":"cv3g64vlq40x40z"},"id":"2mqowpxj683ibe3","previousOperationId":"q8vw6t4vgyaa09k"}
{"type":"operationEnd","operationId":"q8vw6t4vgyaa09k","timestamp":1705172593742,"id":"sattv04swkuxak0","previousEventId":"pfjmlkqzdjkuhzi","previousOperationId":"q8vw6t4vgyaa09k"}
{"type":"log","timestamp":1705172593742,"level":"debug","message":"Skipping storing report.","meta":{"rootId":"cv3g64vlq40x40z","id":"cv3g64vlq40x40z"},"id":"vdzym1k7qcr42wh","previousOperationId":"q8vw6t4vgyaa09k"}
{"type":"log","timestamp":1705172593742,"level":"info","message":"Rendering request 4 finished in 356 ms","meta":{"rootId":"cv3g64vlq40x40z","id":"cv3g64vlq40x40z"},"id":"lvvv3xbvyq492e3","previousOperationId":"q8vw6t4vgyaa09k"}
{"type":"operationEnd","subtype":"render","operationId":"tz2ex2ls2vwucmr","timestamp":1705172593742,"id":"o82hsip9niyrwrv","previousEventId":"sattv04swkuxak0","previousOperationId":"q8vw6t4vgyaa09k"}
{"type":"operationEnd","doDiffs":false,"previousEventId":"4qql0zewzjsn0ph","previousOperationId":"exlwo281eam4orx","operationId":"exlwo281eam4orx","timestamp":1705172593745,"id":"dm97jng2agi8ab9"}
