{"type":"operationStart","subtype":"profile","data":{"_id":"FrURpmPP6S7DTIi1","timestamp":"2024-01-13T16:57:10.086Z","state":"queued","mode":"standard","creationDate":"2024-01-13T16:57:10.088Z","modificationDate":"2024-01-13T16:57:10.088Z","shortid":"tkR3ZKe","$entitySet":"profiles"},"doDiffs":false,"timestamp":1705165030087,"id":"8oh7u32fi58df3q","previousOperationId":null,"operationId":"5g9182evohhdghb"}
{"type":"log","level":"info","message":"Render request 61 queued for execution and waiting for available worker","previousOperationId":"5g9182evohhdghb","timestamp":1705165030087,"id":"nx7c9roa8l1yeq3"}
{"type":"operationStart","subtype":"render","name":"AveragePunctuation","previousOperationId":"5g9182evohhdghb","timestamp":1705165030093,"id":"mp0w548q0h3avu5","previousEventId":"8oh7u32fi58df3q","operationId":"9z5vcmeqk3dnv2k"}
{"type":"log","timestamp":1705165030093,"level":"info","message":"Starting rendering request 61","meta":{"rootId":"cwbjjg9f8b9k001","id":"cwbjjg9f8b9k001"},"id":"nutjhxsdbmjyffr","previousOperationId":"9z5vcmeqk3dnv2k"}
{"type":"log","timestamp":1705165030093,"level":"info","message":"Rendering template { name: AveragePunctuation, recipe: chrome-pdf, engine: handlebars, preview: false }","meta":{"rootId":"cwbjjg9f8b9k001","id":"cwbjjg9f8b9k001"},"id":"llkvm19mo8gu60t","previousOperationId":"9z5vcmeqk3dnv2k"}
{"type":"log","timestamp":1705165030095,"level":"debug","message":"Inline data specified.","meta":{"rootId":"cwbjjg9f8b9k001","id":"cwbjjg9f8b9k001"},"id":"edzfj1dwmrz0e6y","previousOperationId":"9z5vcmeqk3dnv2k"}
{"type":"log","timestamp":1705165030098,"level":"debug","message":"Executing script AveragePunctuation-script (beforeRender)","meta":{"rootId":"cwbjjg9f8b9k001","id":"cwbjjg9f8b9k001"},"id":"dbglj0hwq2bewjs","previousOperationId":"9z5vcmeqk3dnv2k"}
{"type":"operationStart","subtype":"scriptsBeforeRender","name":"scripts beforeRender","timestamp":1705165030114,"id":"chp5ipcvql86xte","previousEventId":"mp0w548q0h3avu5","operationId":"o3pvemt8c6b39pd","previousOperationId":"9z5vcmeqk3dnv2k"}
{"type":"operationStart","subtype":"script","name":"scripts AveragePunctuation-script","previousOperationId":"o3pvemt8c6b39pd","timestamp":1705165030114,"id":"l2pj388p8w36xun","previousEventId":"chp5ipcvql86xte","operationId":"k9tw6cmlo7erc56"}
{"type":"operationEnd","operationId":"k9tw6cmlo7erc56","timestamp":1705165030131,"id":"ky5sycapnodk122","previousEventId":"mp0w548q0h3avu5","previousOperationId":"9z5vcmeqk3dnv2k"}
{"type":"operationEnd","operationId":"o3pvemt8c6b39pd","timestamp":1705165030131,"id":"brtq5kz6g06g69z","previousEventId":"ky5sycapnodk122","previousOperationId":"9z5vcmeqk3dnv2k"}
{"type":"log","timestamp":1705165030131,"level":"debug","message":"Base url not specified, skipping its injection.","meta":{"rootId":"cwbjjg9f8b9k001","id":"cwbjjg9f8b9k001"},"id":"mqvudm0s3u304qu","previousOperationId":"o3pvemt8c6b39pd"}
{"type":"operationStart","subtype":"engine","name":"handlebars","timestamp":1705165030131,"id":"5zkihoebaq0ku3p","previousEventId":"brtq5kz6g06g69z","operationId":"nd52co3np4a4yft","previousOperationId":"o3pvemt8c6b39pd"}
{"type":"log","timestamp":1705165030131,"level":"debug","message":"Rendering engine handlebars","meta":{"rootId":"cwbjjg9f8b9k001","id":"cwbjjg9f8b9k001"},"id":"b2m28h4hz9becpo","previousOperationId":"nd52co3np4a4yft"}
{"type":"operationEnd","operationId":"nd52co3np4a4yft","timestamp":1705165030147,"id":"c20a6v3u3joz1cu","previousEventId":"5zkihoebaq0ku3p","previousOperationId":"nd52co3np4a4yft"}
{"type":"operationStart","subtype":"recipe","name":"chrome-pdf","timestamp":1705165030148,"id":"9rhy5lyyut66wox","previousEventId":"c20a6v3u3joz1cu","operationId":"3jjj7gfsximo3yl","previousOperationId":"nd52co3np4a4yft"}
{"type":"log","timestamp":1705165030148,"level":"debug","message":"Executing recipe chrome-pdf","meta":{"rootId":"cwbjjg9f8b9k001","id":"cwbjjg9f8b9k001"},"id":"rnr2gnxqwzq9f5f","previousOperationId":"3jjj7gfsximo3yl"}
{"type":"log","timestamp":1705165030150,"level":"debug","message":"Converting with chrome HeadlessChrome/117.0.5938.149 using chrome-pool strategy","meta":{"rootId":"cwbjjg9f8b9k001","id":"cwbjjg9f8b9k001"},"id":"xkvd18dnfcq8rfb","previousOperationId":"3jjj7gfsximo3yl"}
{"type":"log","timestamp":1705165030231,"level":"debug","message":"Page request: GET (document) file:///C:/Users/Javier/AppData/Local/Temp/jsreport/autocleanup/15b4c381-2091-4f86-ae8d-d13ab1badbd7-chrome-pdf.html","meta":{"rootId":"cwbjjg9f8b9k001","id":"cwbjjg9f8b9k001"},"id":"8ydkt2xtnvg7ceo","previousOperationId":"3jjj7gfsximo3yl"}
{"type":"log","timestamp":1705165030277,"level":"debug","message":"Page request: GET (stylesheet) https://cdnjs.cloudflare.com/ajax/libs/metro/4.1.5/css/metro.min.css","meta":{"rootId":"cwbjjg9f8b9k001","id":"cwbjjg9f8b9k001"},"id":"gpln37vgy2k319p","previousOperationId":"3jjj7gfsximo3yl"}
{"type":"log","timestamp":1705165030277,"level":"debug","message":"Page request: GET (script) https://cdnjs.cloudflare.com/ajax/libs/Chart.js/2.7.2/Chart.min.js","meta":{"rootId":"cwbjjg9f8b9k001","id":"cwbjjg9f8b9k001"},"id":"lujscc3uz89dp0e","previousOperationId":"3jjj7gfsximo3yl"}
{"type":"log","timestamp":1705165030277,"level":"debug","message":"Page request finished: GET (document) 200 file:///C:/Users/Javier/AppData/Local/Temp/jsreport/autocleanup/15b4c381-2091-4f86-ae8d-d13ab1badbd7-chrome-pdf.html","meta":{"rootId":"cwbjjg9f8b9k001","id":"cwbjjg9f8b9k001"},"id":"69kng9n0dobwry3","previousOperationId":"3jjj7gfsximo3yl"}
{"type":"log","timestamp":1705165030283,"level":"debug","message":"Page request finished: GET (script) 200 https://cdnjs.cloudflare.com/ajax/libs/Chart.js/2.7.2/Chart.min.js","meta":{"rootId":"cwbjjg9f8b9k001","id":"cwbjjg9f8b9k001"},"id":"ck06pbgw5m0zli0","previousOperationId":"3jjj7gfsximo3yl"}
{"type":"log","timestamp":1705165030294,"level":"debug","message":"Page request finished: GET (stylesheet) 200 https://cdnjs.cloudflare.com/ajax/libs/metro/4.1.5/css/metro.min.css","meta":{"rootId":"cwbjjg9f8b9k001","id":"cwbjjg9f8b9k001"},"id":"s81dhdb2nwsvyef","previousOperationId":"3jjj7gfsximo3yl"}
{"type":"log","timestamp":1705165030361,"level":"debug","message":"Running chrome with params {\"printBackground\":true,\"timeout\":59937,\"margin\":{}}","meta":{"rootId":"cwbjjg9f8b9k001","id":"cwbjjg9f8b9k001"},"id":"0f0cfdubfamf53h","previousOperationId":"3jjj7gfsximo3yl"}
{"type":"operationEnd","operationId":"3jjj7gfsximo3yl","timestamp":1705165030466,"id":"1y11epvj1w9k1hy","previousEventId":"9rhy5lyyut66wox","previousOperationId":"3jjj7gfsximo3yl"}
{"type":"log","timestamp":1705165030466,"level":"debug","message":"Skipping storing report.","meta":{"rootId":"cwbjjg9f8b9k001","id":"cwbjjg9f8b9k001"},"id":"yqxrtkamkhwfoox","previousOperationId":"3jjj7gfsximo3yl"}
{"type":"log","timestamp":1705165030466,"level":"info","message":"Rendering request 61 finished in 380 ms","meta":{"rootId":"cwbjjg9f8b9k001","id":"cwbjjg9f8b9k001"},"id":"89g34ss1n9vwp6w","previousOperationId":"3jjj7gfsximo3yl"}
{"type":"operationEnd","subtype":"render","operationId":"9z5vcmeqk3dnv2k","timestamp":1705165030466,"id":"bnqsldjh1v1c1fl","previousEventId":"1y11epvj1w9k1hy","previousOperationId":"3jjj7gfsximo3yl"}
{"type":"operationEnd","doDiffs":false,"previousEventId":"8oh7u32fi58df3q","previousOperationId":"5g9182evohhdghb","operationId":"5g9182evohhdghb","timestamp":1705165030468,"id":"mdsr3hc80atddgx"}
