{"type":"operationStart","subtype":"profile","data":{"_id":"qiJg7EJManhf4JKG","timestamp":"2024-01-13T22:26:27.949Z","state":"queued","mode":"standard","creationDate":"2024-01-13T22:26:27.951Z","modificationDate":"2024-01-13T22:26:27.951Z","shortid":"UK_nb9u","$entitySet":"profiles"},"doDiffs":false,"timestamp":1705184787950,"id":"adpwzqubikml8vl","previousOperationId":null,"operationId":"orqunendggm5l61"}
{"type":"log","level":"info","message":"Render request 9 queued for execution and waiting for available worker","previousOperationId":"orqunendggm5l61","timestamp":1705184787950,"id":"lgpp29znzxvg1r6"}
{"type":"operationStart","subtype":"render","name":"AveragePunctuation","previousOperationId":"orqunendggm5l61","timestamp":1705184787959,"id":"ugnvday8el9d9m0","previousEventId":"adpwzqubikml8vl","operationId":"wfxy8a2cjyop13b"}
{"type":"log","timestamp":1705184787959,"level":"info","message":"Starting rendering request 9","meta":{"rootId":"cwrd90o72afprsf","id":"cwrd90o72afprsf"},"id":"tjk5w6sy4y0o2te","previousOperationId":"wfxy8a2cjyop13b"}
{"type":"log","timestamp":1705184787959,"level":"info","message":"Rendering template { name: AveragePunctuation, recipe: chrome-pdf, engine: handlebars, preview: false }","meta":{"rootId":"cwrd90o72afprsf","id":"cwrd90o72afprsf"},"id":"obuxp03nf07emf0","previousOperationId":"wfxy8a2cjyop13b"}
{"type":"log","timestamp":1705184787960,"level":"debug","message":"Inline data specified.","meta":{"rootId":"cwrd90o72afprsf","id":"cwrd90o72afprsf"},"id":"nbq2v7mffyn0c86","previousOperationId":"wfxy8a2cjyop13b"}
{"type":"log","timestamp":1705184787963,"level":"debug","message":"Executing script AveragePunctuation-script (beforeRender)","meta":{"rootId":"cwrd90o72afprsf","id":"cwrd90o72afprsf"},"id":"oaysh14bq29nxjz","previousOperationId":"wfxy8a2cjyop13b"}
{"type":"operationStart","subtype":"scriptsBeforeRender","name":"scripts beforeRender","timestamp":1705184787979,"id":"wb7mwk52zbc99we","previousEventId":"ugnvday8el9d9m0","operationId":"hc9l6o9lkwnfkfb","previousOperationId":"wfxy8a2cjyop13b"}
{"type":"operationStart","subtype":"script","name":"scripts AveragePunctuation-script","previousOperationId":"hc9l6o9lkwnfkfb","timestamp":1705184787979,"id":"xjclhbfn2veyfa4","previousEventId":"wb7mwk52zbc99we","operationId":"r2s1e3zgc9yek1w"}
{"type":"operationEnd","operationId":"r2s1e3zgc9yek1w","timestamp":1705184787989,"id":"ctfmomzrzqw094s","previousEventId":"ugnvday8el9d9m0","previousOperationId":"wfxy8a2cjyop13b"}
{"type":"operationEnd","operationId":"hc9l6o9lkwnfkfb","timestamp":1705184787989,"id":"j3wdrll72znwnvk","previousEventId":"ctfmomzrzqw094s","previousOperationId":"wfxy8a2cjyop13b"}
{"type":"log","timestamp":1705184787989,"level":"debug","message":"Base url not specified, skipping its injection.","meta":{"rootId":"cwrd90o72afprsf","id":"cwrd90o72afprsf"},"id":"167wem4mpgnusfy","previousOperationId":"hc9l6o9lkwnfkfb"}
{"type":"operationStart","subtype":"engine","name":"handlebars","timestamp":1705184787989,"id":"iu2xsaswed5a7cc","previousEventId":"j3wdrll72znwnvk","operationId":"23uge9xdxprayx2","previousOperationId":"hc9l6o9lkwnfkfb"}
{"type":"log","timestamp":1705184787989,"level":"debug","message":"Rendering engine handlebars","meta":{"rootId":"cwrd90o72afprsf","id":"cwrd90o72afprsf"},"id":"9yfgdynuuleope5","previousOperationId":"23uge9xdxprayx2"}
{"type":"operationEnd","operationId":"23uge9xdxprayx2","timestamp":1705184787995,"id":"mcuehg7kfgzwvws","previousEventId":"iu2xsaswed5a7cc","previousOperationId":"23uge9xdxprayx2"}
{"type":"operationStart","subtype":"recipe","name":"chrome-pdf","timestamp":1705184787996,"id":"h9g35i3dw9pjoxa","previousEventId":"mcuehg7kfgzwvws","operationId":"z7nahpjyg53pt3s","previousOperationId":"23uge9xdxprayx2"}
{"type":"log","timestamp":1705184787996,"level":"debug","message":"Executing recipe chrome-pdf","meta":{"rootId":"cwrd90o72afprsf","id":"cwrd90o72afprsf"},"id":"7do8sz32lxc3q1o","previousOperationId":"z7nahpjyg53pt3s"}
{"type":"log","timestamp":1705184787998,"level":"debug","message":"Converting with chrome HeadlessChrome/117.0.5938.149 using chrome-pool strategy","meta":{"rootId":"cwrd90o72afprsf","id":"cwrd90o72afprsf"},"id":"xzesn4hr7j3s53k","previousOperationId":"z7nahpjyg53pt3s"}
{"type":"log","timestamp":1705184788072,"level":"debug","message":"Page request: GET (document) file:///C:/Users/Javier/AppData/Local/Temp/jsreport/autocleanup/5b9190c9-483e-4cb1-85d7-50add0edf13d-chrome-pdf.html","meta":{"rootId":"cwrd90o72afprsf","id":"cwrd90o72afprsf"},"id":"2msl6vc42ehq7d4","previousOperationId":"z7nahpjyg53pt3s"}
{"type":"log","timestamp":1705184788126,"level":"debug","message":"Page request: GET (stylesheet) https://cdnjs.cloudflare.com/ajax/libs/metro/4.1.5/css/metro.min.css","meta":{"rootId":"cwrd90o72afprsf","id":"cwrd90o72afprsf"},"id":"intu19nwfrhdrix","previousOperationId":"z7nahpjyg53pt3s"}
{"type":"log","timestamp":1705184788127,"level":"debug","message":"Page request: GET (script) https://cdnjs.cloudflare.com/ajax/libs/Chart.js/2.7.2/Chart.min.js","meta":{"rootId":"cwrd90o72afprsf","id":"cwrd90o72afprsf"},"id":"qiautrf9kyc6ixt","previousOperationId":"z7nahpjyg53pt3s"}
{"type":"log","timestamp":1705184788127,"level":"debug","message":"Page request finished: GET (document) 200 file:///C:/Users/Javier/AppData/Local/Temp/jsreport/autocleanup/5b9190c9-483e-4cb1-85d7-50add0edf13d-chrome-pdf.html","meta":{"rootId":"cwrd90o72afprsf","id":"cwrd90o72afprsf"},"id":"6jhq550tr5k2jbe","previousOperationId":"z7nahpjyg53pt3s"}
{"type":"log","timestamp":1705184788133,"level":"debug","message":"Page request finished: GET (script) 200 https://cdnjs.cloudflare.com/ajax/libs/Chart.js/2.7.2/Chart.min.js","meta":{"rootId":"cwrd90o72afprsf","id":"cwrd90o72afprsf"},"id":"6pzp9zbxgc8gqho","previousOperationId":"z7nahpjyg53pt3s"}
{"type":"log","timestamp":1705184788144,"level":"debug","message":"Page request finished: GET (stylesheet) 200 https://cdnjs.cloudflare.com/ajax/libs/metro/4.1.5/css/metro.min.css","meta":{"rootId":"cwrd90o72afprsf","id":"cwrd90o72afprsf"},"id":"z95b2m7u6xwgnjq","previousOperationId":"z7nahpjyg53pt3s"}
{"type":"log","timestamp":1705184788217,"level":"debug","message":"Running chrome with params {\"printBackground\":true,\"timeout\":59952,\"margin\":{}}","meta":{"rootId":"cwrd90o72afprsf","id":"cwrd90o72afprsf"},"id":"g400uzqux9nyehp","previousOperationId":"z7nahpjyg53pt3s"}
{"type":"operationEnd","operationId":"z7nahpjyg53pt3s","timestamp":1705184788321,"id":"th29p0rm6iwtkeg","previousEventId":"h9g35i3dw9pjoxa","previousOperationId":"z7nahpjyg53pt3s"}
{"type":"log","timestamp":1705184788321,"level":"debug","message":"Skipping storing report.","meta":{"rootId":"cwrd90o72afprsf","id":"cwrd90o72afprsf"},"id":"j8gchb99bpvfq4m","previousOperationId":"z7nahpjyg53pt3s"}
{"type":"log","timestamp":1705184788321,"level":"info","message":"Rendering request 9 finished in 372 ms","meta":{"rootId":"cwrd90o72afprsf","id":"cwrd90o72afprsf"},"id":"htx975dxgyi1o6v","previousOperationId":"z7nahpjyg53pt3s"}
{"type":"operationEnd","subtype":"render","operationId":"wfxy8a2cjyop13b","timestamp":1705184788321,"id":"23jup62qkuvdk9w","previousEventId":"th29p0rm6iwtkeg","previousOperationId":"z7nahpjyg53pt3s"}
{"type":"operationEnd","doDiffs":false,"previousEventId":"adpwzqubikml8vl","previousOperationId":"orqunendggm5l61","operationId":"orqunendggm5l61","timestamp":1705184788323,"id":"d0t81sdtovs6m10"}
