{"type":"operationStart","subtype":"profile","data":{"_id":"IyF5KlPqZQmVc4HT","timestamp":"2024-01-13T20:17:05.777Z","state":"queued","mode":"standard","creationDate":"2024-01-13T20:17:05.779Z","modificationDate":"2024-01-13T20:17:05.779Z","shortid":"2oVFWu6","$entitySet":"profiles"},"doDiffs":false,"timestamp":1705177025778,"id":"i05w7606xdbxrlm","previousOperationId":null,"operationId":"q220nqbpzapl3bb"}
{"type":"log","level":"info","message":"Render request 2 queued for execution and waiting for available worker","previousOperationId":"q220nqbpzapl3bb","timestamp":1705177025778,"id":"eq0e5c6voyqeh8q"}
{"type":"operationStart","subtype":"render","name":"AveragePunctuation","previousOperationId":"q220nqbpzapl3bb","timestamp":1705177025788,"id":"e4hnnhzm9a4pnht","previousEventId":"i05w7606xdbxrlm","operationId":"vxf3t76f6qhfzr5"}
{"type":"log","timestamp":1705177025789,"level":"info","message":"Starting rendering request 2","meta":{"rootId":"dnsu9jpxvpepeof","id":"dnsu9jpxvpepeof"},"id":"5rz3kwnklrsffci","previousOperationId":"vxf3t76f6qhfzr5"}
{"type":"log","timestamp":1705177025789,"level":"info","message":"Rendering template { name: AveragePunctuation, recipe: chrome-pdf, engine: handlebars, preview: false }","meta":{"rootId":"dnsu9jpxvpepeof","id":"dnsu9jpxvpepeof"},"id":"elprsbnmjy9bmi9","previousOperationId":"vxf3t76f6qhfzr5"}
{"type":"log","timestamp":1705177025792,"level":"debug","message":"Inline data specified.","meta":{"rootId":"dnsu9jpxvpepeof","id":"dnsu9jpxvpepeof"},"id":"4i8pjdytz3lvuwt","previousOperationId":"vxf3t76f6qhfzr5"}
{"type":"log","timestamp":1705177025796,"level":"debug","message":"Executing script AveragePunctuation-script (beforeRender)","meta":{"rootId":"dnsu9jpxvpepeof","id":"dnsu9jpxvpepeof"},"id":"xoy42oxk71zvfwo","previousOperationId":"vxf3t76f6qhfzr5"}
{"type":"operationStart","subtype":"scriptsBeforeRender","name":"scripts beforeRender","timestamp":1705177026286,"id":"0muplvs3as5kygl","previousEventId":"e4hnnhzm9a4pnht","operationId":"hxrwtwvw9q2kvev","previousOperationId":"vxf3t76f6qhfzr5"}
{"type":"operationStart","subtype":"script","name":"scripts AveragePunctuation-script","previousOperationId":"hxrwtwvw9q2kvev","timestamp":1705177026286,"id":"t0u8iqvh5lw5d43","previousEventId":"0muplvs3as5kygl","operationId":"5ukwlqpeqjne3ce"}
{"type":"operationEnd","operationId":"5ukwlqpeqjne3ce","timestamp":1705177026322,"id":"5hop7qq7n5ffyim","previousEventId":"e4hnnhzm9a4pnht","previousOperationId":"vxf3t76f6qhfzr5"}
{"type":"operationEnd","operationId":"hxrwtwvw9q2kvev","timestamp":1705177026322,"id":"8t8d36rfhk22ozk","previousEventId":"5hop7qq7n5ffyim","previousOperationId":"vxf3t76f6qhfzr5"}
{"type":"log","timestamp":1705177026322,"level":"debug","message":"Base url not specified, skipping its injection.","meta":{"rootId":"dnsu9jpxvpepeof","id":"dnsu9jpxvpepeof"},"id":"v7g8q8n337g0s2m","previousOperationId":"hxrwtwvw9q2kvev"}
{"type":"operationStart","subtype":"engine","name":"handlebars","timestamp":1705177026323,"id":"x78xdzcevshvzyl","previousEventId":"8t8d36rfhk22ozk","operationId":"xitsbiube60imxe","previousOperationId":"hxrwtwvw9q2kvev"}
{"type":"log","timestamp":1705177026323,"level":"debug","message":"Rendering engine handlebars","meta":{"rootId":"dnsu9jpxvpepeof","id":"dnsu9jpxvpepeof"},"id":"m4cfnb3qmvncp3j","previousOperationId":"xitsbiube60imxe"}
{"type":"operationEnd","operationId":"xitsbiube60imxe","timestamp":1705177026691,"id":"zj5yiusprp24vs1","previousEventId":"x78xdzcevshvzyl","previousOperationId":"xitsbiube60imxe"}
{"type":"operationStart","subtype":"recipe","name":"chrome-pdf","timestamp":1705177026692,"id":"9uj3fykz726kesf","previousEventId":"zj5yiusprp24vs1","operationId":"9lqieoi29oekyiq","previousOperationId":"xitsbiube60imxe"}
{"type":"log","timestamp":1705177026692,"level":"debug","message":"Executing recipe chrome-pdf","meta":{"rootId":"dnsu9jpxvpepeof","id":"dnsu9jpxvpepeof"},"id":"nvmapqz5c2p2xam","previousOperationId":"9lqieoi29oekyiq"}
{"type":"log","timestamp":1705177027329,"level":"debug","message":"Converting with chrome HeadlessChrome/117.0.5938.149 using chrome-pool strategy","meta":{"rootId":"dnsu9jpxvpepeof","id":"dnsu9jpxvpepeof"},"id":"i6j3luyryir2bym","previousOperationId":"9lqieoi29oekyiq"}
{"type":"log","timestamp":1705177027454,"level":"debug","message":"Page request: GET (document) file:///C:/Users/Javier/AppData/Local/Temp/jsreport/autocleanup/63879080-4357-4ae2-a35d-2f1f728a1c90-chrome-pdf.html","meta":{"rootId":"dnsu9jpxvpepeof","id":"dnsu9jpxvpepeof"},"id":"nfdu1fcvzhkemp4","previousOperationId":"9lqieoi29oekyiq"}
{"type":"log","timestamp":1705177027490,"level":"debug","message":"Page request: GET (stylesheet) https://cdnjs.cloudflare.com/ajax/libs/metro/4.1.5/css/metro.min.css","meta":{"rootId":"dnsu9jpxvpepeof","id":"dnsu9jpxvpepeof"},"id":"zyyny7sh6trd1p0","previousOperationId":"9lqieoi29oekyiq"}
{"type":"log","timestamp":1705177027491,"level":"debug","message":"Page request: GET (script) https://cdnjs.cloudflare.com/ajax/libs/Chart.js/2.7.2/Chart.min.js","meta":{"rootId":"dnsu9jpxvpepeof","id":"dnsu9jpxvpepeof"},"id":"eytwl5j2q9xascr","previousOperationId":"9lqieoi29oekyiq"}
{"type":"log","timestamp":1705177027491,"level":"debug","message":"Page request finished: GET (document) 200 file:///C:/Users/Javier/AppData/Local/Temp/jsreport/autocleanup/63879080-4357-4ae2-a35d-2f1f728a1c90-chrome-pdf.html","meta":{"rootId":"dnsu9jpxvpepeof","id":"dnsu9jpxvpepeof"},"id":"ji3y4tgs6tve72g","previousOperationId":"9lqieoi29oekyiq"}
{"type":"log","timestamp":1705177027677,"level":"debug","message":"Page request finished: GET (script) 200 https://cdnjs.cloudflare.com/ajax/libs/Chart.js/2.7.2/Chart.min.js","meta":{"rootId":"dnsu9jpxvpepeof","id":"dnsu9jpxvpepeof"},"id":"3vdm90xm1wg5uxa","previousOperationId":"9lqieoi29oekyiq"}
{"type":"log","timestamp":1705177027837,"level":"debug","message":"Page request finished: GET (stylesheet) 200 https://cdnjs.cloudflare.com/ajax/libs/metro/4.1.5/css/metro.min.css","meta":{"rootId":"dnsu9jpxvpepeof","id":"dnsu9jpxvpepeof"},"id":"j9lhphwlp3czuzj","previousOperationId":"9lqieoi29oekyiq"}
{"type":"log","timestamp":1705177027900,"level":"debug","message":"Running chrome with params {\"printBackground\":true,\"timeout\":58594,\"margin\":{}}","meta":{"rootId":"dnsu9jpxvpepeof","id":"dnsu9jpxvpepeof"},"id":"3b0qb7xnezonijp","previousOperationId":"9lqieoi29oekyiq"}
{"type":"operationEnd","operationId":"9lqieoi29oekyiq","timestamp":1705177027996,"id":"llyzayfkhmmhepo","previousEventId":"9uj3fykz726kesf","previousOperationId":"9lqieoi29oekyiq"}
{"type":"log","timestamp":1705177027997,"level":"debug","message":"Skipping storing report.","meta":{"rootId":"dnsu9jpxvpepeof","id":"dnsu9jpxvpepeof"},"id":"ldm5x5f3wc1pjxm","previousOperationId":"9lqieoi29oekyiq"}
{"type":"log","timestamp":1705177027997,"level":"info","message":"Rendering request 2 finished in 2220 ms","meta":{"rootId":"dnsu9jpxvpepeof","id":"dnsu9jpxvpepeof"},"id":"klth38pdtxk3zby","previousOperationId":"9lqieoi29oekyiq"}
{"type":"operationEnd","subtype":"render","operationId":"vxf3t76f6qhfzr5","timestamp":1705177027997,"id":"lprnsruwnsghhu6","previousEventId":"llyzayfkhmmhepo","previousOperationId":"9lqieoi29oekyiq"}
{"type":"operationEnd","doDiffs":false,"previousEventId":"i05w7606xdbxrlm","previousOperationId":"q220nqbpzapl3bb","operationId":"q220nqbpzapl3bb","timestamp":1705177027999,"id":"jvtdqpxn1ndyrcc"}
