{"type":"operationStart","subtype":"profile","data":{"_id":"5hyzwiWPVvtXbNax","timestamp":"2024-01-11T16:04:26.511Z","state":"queued","mode":"standard","creationDate":"2024-01-11T16:04:26.513Z","modificationDate":"2024-01-11T16:04:26.513Z","shortid":"1Madyg-","$entitySet":"profiles"},"doDiffs":false,"timestamp":1704989066512,"id":"2sftywn3gb32ae8","previousOperationId":null,"operationId":"w2ao5lt49haldod"}
{"type":"log","level":"info","message":"Render request 18 queued for execution and waiting for available worker","previousOperationId":"w2ao5lt49haldod","timestamp":1704989066512,"id":"jxx9j0ghii1az51"}
{"type":"operationStart","subtype":"render","name":"AveragePunctuation","previousOperationId":"w2ao5lt49haldod","timestamp":1704989066517,"id":"2ll4xld4pqzv5sf","previousEventId":"2sftywn3gb32ae8","operationId":"4dpr9vv66o80nxs"}
{"type":"log","timestamp":1704989066517,"level":"info","message":"Starting rendering request 18","meta":{"rootId":"dnxuljbz4em2b60","id":"dnxuljbz4em2b60"},"id":"i2jce2vk1hzrzkv","previousOperationId":"4dpr9vv66o80nxs"}
{"type":"log","timestamp":1704989066517,"level":"info","message":"Rendering template { name: AveragePunctuation, recipe: chrome-pdf, engine: handlebars, preview: false }","meta":{"rootId":"dnxuljbz4em2b60","id":"dnxuljbz4em2b60"},"id":"dnty3q602vi6199","previousOperationId":"4dpr9vv66o80nxs"}
{"type":"log","timestamp":1704989066518,"level":"debug","message":"Inline data specified.","meta":{"rootId":"dnxuljbz4em2b60","id":"dnxuljbz4em2b60"},"id":"1jogug46qiuxv06","previousOperationId":"4dpr9vv66o80nxs"}
{"type":"log","timestamp":1704989066519,"level":"debug","message":"Executing script AveragePunctuation-script (beforeRender)","meta":{"rootId":"dnxuljbz4em2b60","id":"dnxuljbz4em2b60"},"id":"nspzuebi9n84brf","previousOperationId":"4dpr9vv66o80nxs"}
{"type":"operationStart","subtype":"scriptsBeforeRender","name":"scripts beforeRender","timestamp":1704989066527,"id":"i8ymunrw02vsc1m","previousEventId":"2ll4xld4pqzv5sf","operationId":"88o7o7iks8e15b1","previousOperationId":"4dpr9vv66o80nxs"}
{"type":"operationStart","subtype":"script","name":"scripts AveragePunctuation-script","previousOperationId":"88o7o7iks8e15b1","timestamp":1704989066527,"id":"g98sgam8963xlt4","previousEventId":"i8ymunrw02vsc1m","operationId":"jbleiz824nkznjn"}
{"type":"operationEnd","operationId":"jbleiz824nkznjn","timestamp":1704989066528,"id":"lav0y94tj7hahf3","previousEventId":"2ll4xld4pqzv5sf","previousOperationId":"4dpr9vv66o80nxs"}
{"type":"operationEnd","operationId":"88o7o7iks8e15b1","timestamp":1704989066528,"id":"c6hv3q21c73memb","previousEventId":"lav0y94tj7hahf3","previousOperationId":"4dpr9vv66o80nxs"}
{"type":"log","timestamp":1704989066528,"level":"debug","message":"Base url not specified, skipping its injection.","meta":{"rootId":"dnxuljbz4em2b60","id":"dnxuljbz4em2b60"},"id":"2ggwk8ywmq6kt1r","previousOperationId":"88o7o7iks8e15b1"}
{"type":"operationStart","subtype":"engine","name":"handlebars","timestamp":1704989066528,"id":"gu1r06rtf5wdxx4","previousEventId":"c6hv3q21c73memb","operationId":"hwuu96hhs6obd0d","previousOperationId":"88o7o7iks8e15b1"}
{"type":"log","timestamp":1704989066528,"level":"debug","message":"Rendering engine handlebars","meta":{"rootId":"dnxuljbz4em2b60","id":"dnxuljbz4em2b60"},"id":"6dz3zabopajhcsz","previousOperationId":"hwuu96hhs6obd0d"}
{"type":"operationEnd","operationId":"hwuu96hhs6obd0d","timestamp":1704989066534,"id":"vqqnqlgm4czm62m","previousEventId":"gu1r06rtf5wdxx4","previousOperationId":"hwuu96hhs6obd0d"}
{"type":"operationStart","subtype":"recipe","name":"chrome-pdf","timestamp":1704989066534,"id":"d8lihaerlmcpo0e","previousEventId":"vqqnqlgm4czm62m","operationId":"pi76vbzel9cw116","previousOperationId":"hwuu96hhs6obd0d"}
{"type":"log","timestamp":1704989066534,"level":"debug","message":"Executing recipe chrome-pdf","meta":{"rootId":"dnxuljbz4em2b60","id":"dnxuljbz4em2b60"},"id":"p5n2lfhlha9ahea","previousOperationId":"pi76vbzel9cw116"}
{"type":"log","timestamp":1704989066535,"level":"debug","message":"Converting with chrome HeadlessChrome/117.0.5938.149 using chrome-pool strategy","meta":{"rootId":"dnxuljbz4em2b60","id":"dnxuljbz4em2b60"},"id":"7ybqrzg25vr3qep","previousOperationId":"pi76vbzel9cw116"}
{"type":"log","timestamp":1704989066627,"level":"debug","message":"Page request: GET (document) file:///C:/Users/Javier/AppData/Local/Temp/jsreport/autocleanup/671a5284-9bf6-414b-9deb-e313b21969ac-chrome-pdf.html","meta":{"rootId":"dnxuljbz4em2b60","id":"dnxuljbz4em2b60"},"id":"yz0gwj718l16qq3","previousOperationId":"pi76vbzel9cw116"}
{"type":"log","timestamp":1704989066643,"level":"debug","message":"Page request finished: GET (document) 200 file:///C:/Users/Javier/AppData/Local/Temp/jsreport/autocleanup/671a5284-9bf6-414b-9deb-e313b21969ac-chrome-pdf.html","meta":{"rootId":"dnxuljbz4em2b60","id":"dnxuljbz4em2b60"},"id":"bb4x1n20vicll2s","previousOperationId":"pi76vbzel9cw116"}
{"type":"log","timestamp":1704989066647,"level":"debug","message":"Running chrome with params {\"printBackground\":true,\"timeout\":59976,\"margin\":{}}","meta":{"rootId":"dnxuljbz4em2b60","id":"dnxuljbz4em2b60"},"id":"cxtm4ksfmlggy2a","previousOperationId":"pi76vbzel9cw116"}
{"type":"operationEnd","operationId":"pi76vbzel9cw116","timestamp":1704989066657,"id":"yfh48ulq3qbs6a9","previousEventId":"d8lihaerlmcpo0e","previousOperationId":"pi76vbzel9cw116"}
{"type":"log","timestamp":1704989066657,"level":"debug","message":"Skipping storing report.","meta":{"rootId":"dnxuljbz4em2b60","id":"dnxuljbz4em2b60"},"id":"5kcvsukdxk5d0jl","previousOperationId":"pi76vbzel9cw116"}
{"type":"log","timestamp":1704989066657,"level":"info","message":"Rendering request 18 finished in 146 ms","meta":{"rootId":"dnxuljbz4em2b60","id":"dnxuljbz4em2b60"},"id":"0fov51ycnnpl77f","previousOperationId":"pi76vbzel9cw116"}
{"type":"operationEnd","subtype":"render","operationId":"4dpr9vv66o80nxs","timestamp":1704989066657,"id":"6vi2or6ojxk1atc","previousEventId":"yfh48ulq3qbs6a9","previousOperationId":"pi76vbzel9cw116"}
{"type":"operationEnd","doDiffs":false,"previousEventId":"2sftywn3gb32ae8","previousOperationId":"w2ao5lt49haldod","operationId":"w2ao5lt49haldod","timestamp":1704989066662,"id":"2b803l2sqyb78zw"}
