{"type":"operationStart","subtype":"profile","data":{"_id":"fhXOKhw0Xyu76tQC","timestamp":"2024-01-13T23:10:48.038Z","state":"queued","mode":"standard","creationDate":"2024-01-13T23:10:48.042Z","modificationDate":"2024-01-13T23:10:48.042Z","shortid":"p1eaz0m","$entitySet":"profiles"},"doDiffs":false,"timestamp":1705187448040,"id":"rd3lxaojxnqoy47","previousOperationId":null,"operationId":"q3khsqp298qdg5o"}
{"type":"log","level":"info","message":"Render request 1 queued for execution and waiting for available worker","previousOperationId":"q3khsqp298qdg5o","timestamp":1705187448040,"id":"g7t3zth4kbz17d3"}
{"type":"operationStart","subtype":"render","name":"AveragePunctuation","previousOperationId":"q3khsqp298qdg5o","timestamp":1705187448074,"id":"pxven26nbm4gspf","previousEventId":"rd3lxaojxnqoy47","operationId":"my30zvrt0fkma2n"}
{"type":"log","timestamp":1705187448075,"level":"info","message":"Starting rendering request 1","meta":{"rootId":"du5khp9j2ghczpr","id":"du5khp9j2ghczpr"},"id":"jzkdp8qlj8tzgy3","previousOperationId":"my30zvrt0fkma2n"}
{"type":"log","timestamp":1705187448075,"level":"info","message":"Rendering template { name: AveragePunctuation, recipe: chrome-pdf, engine: handlebars, preview: false }","meta":{"rootId":"du5khp9j2ghczpr","id":"du5khp9j2ghczpr"},"id":"hekz9rkag69wccw","previousOperationId":"my30zvrt0fkma2n"}
{"type":"log","timestamp":1705187448081,"level":"debug","message":"Inline data specified.","meta":{"rootId":"du5khp9j2ghczpr","id":"du5khp9j2ghczpr"},"id":"to7311107qlscka","previousOperationId":"my30zvrt0fkma2n"}
{"type":"log","timestamp":1705187448084,"level":"debug","message":"Executing script AveragePunctuation-script (beforeRender)","meta":{"rootId":"du5khp9j2ghczpr","id":"du5khp9j2ghczpr"},"id":"86tcgzarwu7u4vx","previousOperationId":"my30zvrt0fkma2n"}
{"type":"operationStart","subtype":"scriptsBeforeRender","name":"scripts beforeRender","timestamp":1705187448416,"id":"8zivp2k77fr3x5e","previousEventId":"pxven26nbm4gspf","operationId":"gca2hp75hexa1q4","previousOperationId":"my30zvrt0fkma2n"}
{"type":"operationStart","subtype":"script","name":"scripts AveragePunctuation-script","previousOperationId":"gca2hp75hexa1q4","timestamp":1705187448416,"id":"1a3c0ww29dgyb0r","previousEventId":"8zivp2k77fr3x5e","operationId":"55z2orefvc4f2kj"}
{"type":"operationEnd","operationId":"55z2orefvc4f2kj","timestamp":1705187448454,"id":"v1dikuboyi6eb85","previousEventId":"pxven26nbm4gspf","previousOperationId":"my30zvrt0fkma2n"}
{"type":"operationEnd","operationId":"gca2hp75hexa1q4","timestamp":1705187448454,"id":"7founi2kmyeoid9","previousEventId":"v1dikuboyi6eb85","previousOperationId":"my30zvrt0fkma2n"}
{"type":"log","timestamp":1705187448454,"level":"debug","message":"Base url not specified, skipping its injection.","meta":{"rootId":"du5khp9j2ghczpr","id":"du5khp9j2ghczpr"},"id":"hfwho94p76rtz39","previousOperationId":"gca2hp75hexa1q4"}
{"type":"operationStart","subtype":"engine","name":"handlebars","timestamp":1705187448455,"id":"qc9294r8c52s190","previousEventId":"7founi2kmyeoid9","operationId":"63dgasbauu5voy6","previousOperationId":"gca2hp75hexa1q4"}
{"type":"log","timestamp":1705187448455,"level":"debug","message":"Rendering engine handlebars","meta":{"rootId":"du5khp9j2ghczpr","id":"du5khp9j2ghczpr"},"id":"775f394ec4n6fdk","previousOperationId":"63dgasbauu5voy6"}
{"type":"operationEnd","operationId":"63dgasbauu5voy6","timestamp":1705187448705,"id":"8aindrt5kh1hii3","previousEventId":"qc9294r8c52s190","previousOperationId":"63dgasbauu5voy6"}
{"type":"operationStart","subtype":"recipe","name":"chrome-pdf","timestamp":1705187448706,"id":"32c8f99eg5s7dwx","previousEventId":"8aindrt5kh1hii3","operationId":"4u5nlgo5dcsmmc3","previousOperationId":"63dgasbauu5voy6"}
{"type":"log","timestamp":1705187448706,"level":"debug","message":"Executing recipe chrome-pdf","meta":{"rootId":"du5khp9j2ghczpr","id":"du5khp9j2ghczpr"},"id":"yl9njn0gwn4uj13","previousOperationId":"4u5nlgo5dcsmmc3"}
{"type":"log","timestamp":1705187449213,"level":"debug","message":"Converting with chrome HeadlessChrome/117.0.5938.149 using chrome-pool strategy","meta":{"rootId":"du5khp9j2ghczpr","id":"du5khp9j2ghczpr"},"id":"2yg1bfvgvg9m01w","previousOperationId":"4u5nlgo5dcsmmc3"}
{"type":"log","timestamp":1705187449344,"level":"debug","message":"Page request: GET (document) file:///C:/Users/Javier/AppData/Local/Temp/jsreport/autocleanup/38b9694b-5a5a-41e9-862f-7bd95b881ac3-chrome-pdf.html","meta":{"rootId":"du5khp9j2ghczpr","id":"du5khp9j2ghczpr"},"id":"b50w2ozclu3x4m3","previousOperationId":"4u5nlgo5dcsmmc3"}
{"type":"log","timestamp":1705187449381,"level":"debug","message":"Page request: GET (stylesheet) https://cdnjs.cloudflare.com/ajax/libs/metro/4.1.5/css/metro.min.css","meta":{"rootId":"du5khp9j2ghczpr","id":"du5khp9j2ghczpr"},"id":"tvh25tefk3ll6jk","previousOperationId":"4u5nlgo5dcsmmc3"}
{"type":"log","timestamp":1705187449382,"level":"debug","message":"Page request: GET (script) https://cdnjs.cloudflare.com/ajax/libs/Chart.js/2.7.2/Chart.min.js","meta":{"rootId":"du5khp9j2ghczpr","id":"du5khp9j2ghczpr"},"id":"20hab1f0jjmc2tb","previousOperationId":"4u5nlgo5dcsmmc3"}
{"type":"log","timestamp":1705187449382,"level":"debug","message":"Page request finished: GET (document) 200 file:///C:/Users/Javier/AppData/Local/Temp/jsreport/autocleanup/38b9694b-5a5a-41e9-862f-7bd95b881ac3-chrome-pdf.html","meta":{"rootId":"du5khp9j2ghczpr","id":"du5khp9j2ghczpr"},"id":"lof98kkt5hb4g38","previousOperationId":"4u5nlgo5dcsmmc3"}
{"type":"log","timestamp":1705187449586,"level":"debug","message":"Page request finished: GET (stylesheet) 200 https://cdnjs.cloudflare.com/ajax/libs/metro/4.1.5/css/metro.min.css","meta":{"rootId":"du5khp9j2ghczpr","id":"du5khp9j2ghczpr"},"id":"oohk06hve59ncpv","previousOperationId":"4u5nlgo5dcsmmc3"}
{"type":"log","timestamp":1705187449586,"level":"debug","message":"Page request finished: GET (script) 200 https://cdnjs.cloudflare.com/ajax/libs/Chart.js/2.7.2/Chart.min.js","meta":{"rootId":"du5khp9j2ghczpr","id":"du5khp9j2ghczpr"},"id":"3c31t51ihed0seg","previousOperationId":"4u5nlgo5dcsmmc3"}
{"type":"log","timestamp":1705187449647,"level":"debug","message":"Running chrome with params {\"printBackground\":true,\"timeout\":59002,\"margin\":{}}","meta":{"rootId":"du5khp9j2ghczpr","id":"du5khp9j2ghczpr"},"id":"qhqimpxktfyqvz7","previousOperationId":"4u5nlgo5dcsmmc3"}
{"type":"operationEnd","operationId":"4u5nlgo5dcsmmc3","timestamp":1705187449746,"id":"damcj1ch0ooyrct","previousEventId":"32c8f99eg5s7dwx","previousOperationId":"4u5nlgo5dcsmmc3"}
{"type":"log","timestamp":1705187449747,"level":"debug","message":"Skipping storing report.","meta":{"rootId":"du5khp9j2ghczpr","id":"du5khp9j2ghczpr"},"id":"r8cgb98y5kvln28","previousOperationId":"4u5nlgo5dcsmmc3"}
{"type":"log","timestamp":1705187449747,"level":"info","message":"Rendering request 1 finished in 1710 ms","meta":{"rootId":"du5khp9j2ghczpr","id":"du5khp9j2ghczpr"},"id":"izg9bbedlfrca6p","previousOperationId":"4u5nlgo5dcsmmc3"}
{"type":"operationEnd","subtype":"render","operationId":"my30zvrt0fkma2n","timestamp":1705187449747,"id":"66spuv2l51h3xfr","previousEventId":"damcj1ch0ooyrct","previousOperationId":"4u5nlgo5dcsmmc3"}
{"type":"operationEnd","doDiffs":false,"previousEventId":"rd3lxaojxnqoy47","previousOperationId":"q3khsqp298qdg5o","operationId":"q3khsqp298qdg5o","timestamp":1705187449749,"id":"ryngr9hizzywv33"}
