{"type":"operationStart","subtype":"profile","data":{"_id":"pxnNjh1Sqyi0xuV1","timestamp":"2024-01-13T23:33:46.497Z","state":"queued","mode":"standard","creationDate":"2024-01-13T23:33:46.498Z","modificationDate":"2024-01-13T23:33:46.498Z","shortid":"o0xgXjB","$entitySet":"profiles"},"doDiffs":false,"timestamp":1705188826497,"id":"i7k3jteryhw2mdo","previousOperationId":null,"operationId":"cnpjqnnqowscw7z"}
{"type":"log","level":"info","message":"Render request 2 queued for execution and waiting for available worker","previousOperationId":"cnpjqnnqowscw7z","timestamp":1705188826497,"id":"egt5mzsrvh5ga1w"}
{"type":"operationStart","subtype":"render","name":"AveragePunctuation","previousOperationId":"cnpjqnnqowscw7z","timestamp":1705188826504,"id":"oych88fe8y7y36d","previousEventId":"i7k3jteryhw2mdo","operationId":"awus2q5iilknv8q"}
{"type":"log","timestamp":1705188826504,"level":"info","message":"Starting rendering request 2","meta":{"rootId":"du8da731k0qf2pp","id":"du8da731k0qf2pp"},"id":"r9pim4plspa9pzh","previousOperationId":"awus2q5iilknv8q"}
{"type":"log","timestamp":1705188826505,"level":"info","message":"Rendering template { name: AveragePunctuation, recipe: chrome-pdf, engine: handlebars, preview: false }","meta":{"rootId":"du8da731k0qf2pp","id":"du8da731k0qf2pp"},"id":"u3ekea2dc7c9jle","previousOperationId":"awus2q5iilknv8q"}
{"type":"log","timestamp":1705188826506,"level":"debug","message":"Inline data specified.","meta":{"rootId":"du8da731k0qf2pp","id":"du8da731k0qf2pp"},"id":"a74ad75c28kotjk","previousOperationId":"awus2q5iilknv8q"}
{"type":"log","timestamp":1705188826509,"level":"debug","message":"Executing script AveragePunctuation-script (beforeRender)","meta":{"rootId":"du8da731k0qf2pp","id":"du8da731k0qf2pp"},"id":"swox2vdxrnodc69","previousOperationId":"awus2q5iilknv8q"}
{"type":"operationStart","subtype":"scriptsBeforeRender","name":"scripts beforeRender","timestamp":1705188826824,"id":"afbivwafdsdljzw","previousEventId":"oych88fe8y7y36d","operationId":"ba5uku98c1cxu5a","previousOperationId":"awus2q5iilknv8q"}
{"type":"operationStart","subtype":"script","name":"scripts AveragePunctuation-script","previousOperationId":"ba5uku98c1cxu5a","timestamp":1705188826824,"id":"ydk5m08usvvaftq","previousEventId":"afbivwafdsdljzw","operationId":"0v5un6snxtf8r0x"}
{"type":"operationEnd","operationId":"0v5un6snxtf8r0x","timestamp":1705188826861,"id":"zmdnz9qj66c683t","previousEventId":"oych88fe8y7y36d","previousOperationId":"awus2q5iilknv8q"}
{"type":"operationEnd","operationId":"ba5uku98c1cxu5a","timestamp":1705188826861,"id":"e0x8kl3z5cqpz9b","previousEventId":"zmdnz9qj66c683t","previousOperationId":"awus2q5iilknv8q"}
{"type":"log","timestamp":1705188826861,"level":"debug","message":"Base url not specified, skipping its injection.","meta":{"rootId":"du8da731k0qf2pp","id":"du8da731k0qf2pp"},"id":"n1u3zwunr02ndj0","previousOperationId":"ba5uku98c1cxu5a"}
{"type":"operationStart","subtype":"engine","name":"handlebars","timestamp":1705188826862,"id":"qh07lemnwecv8em","previousEventId":"e0x8kl3z5cqpz9b","operationId":"cvg27gt0w2xw4fh","previousOperationId":"ba5uku98c1cxu5a"}
{"type":"log","timestamp":1705188826862,"level":"debug","message":"Rendering engine handlebars","meta":{"rootId":"du8da731k0qf2pp","id":"du8da731k0qf2pp"},"id":"21qgj9qclqq106z","previousOperationId":"cvg27gt0w2xw4fh"}
{"type":"operationEnd","operationId":"cvg27gt0w2xw4fh","timestamp":1705188827097,"id":"c9xzu8y1qssu7uo","previousEventId":"qh07lemnwecv8em","previousOperationId":"cvg27gt0w2xw4fh"}
{"type":"operationStart","subtype":"recipe","name":"chrome-pdf","timestamp":1705188827101,"id":"ygb7u7r4czka462","previousEventId":"c9xzu8y1qssu7uo","operationId":"evomct4qymoy3p2","previousOperationId":"cvg27gt0w2xw4fh"}
{"type":"log","timestamp":1705188827101,"level":"debug","message":"Executing recipe chrome-pdf","meta":{"rootId":"du8da731k0qf2pp","id":"du8da731k0qf2pp"},"id":"sexg4ydpwllak0d","previousOperationId":"evomct4qymoy3p2"}
{"type":"log","timestamp":1705188827577,"level":"debug","message":"Converting with chrome HeadlessChrome/117.0.5938.149 using chrome-pool strategy","meta":{"rootId":"du8da731k0qf2pp","id":"du8da731k0qf2pp"},"id":"nyn5ud70x5h20zu","previousOperationId":"evomct4qymoy3p2"}
{"type":"log","timestamp":1705188827692,"level":"debug","message":"Page request: GET (document) file:///C:/Users/Javier/AppData/Local/Temp/jsreport/autocleanup/c46d3460-c3b4-48d4-ad58-dcf6bef1fd02-chrome-pdf.html","meta":{"rootId":"du8da731k0qf2pp","id":"du8da731k0qf2pp"},"id":"j82y5qulidlf38o","previousOperationId":"evomct4qymoy3p2"}
{"type":"log","timestamp":1705188827727,"level":"debug","message":"Page request: GET (stylesheet) https://cdnjs.cloudflare.com/ajax/libs/metro/4.1.5/css/metro.min.css","meta":{"rootId":"du8da731k0qf2pp","id":"du8da731k0qf2pp"},"id":"ifc8pjkr1fjdb1s","previousOperationId":"evomct4qymoy3p2"}
{"type":"log","timestamp":1705188827727,"level":"debug","message":"Page request: GET (script) https://cdnjs.cloudflare.com/ajax/libs/Chart.js/2.7.2/Chart.min.js","meta":{"rootId":"du8da731k0qf2pp","id":"du8da731k0qf2pp"},"id":"biotauddqkfvlbe","previousOperationId":"evomct4qymoy3p2"}
{"type":"log","timestamp":1705188827727,"level":"debug","message":"Page request finished: GET (document) 200 file:///C:/Users/Javier/AppData/Local/Temp/jsreport/autocleanup/c46d3460-c3b4-48d4-ad58-dcf6bef1fd02-chrome-pdf.html","meta":{"rootId":"du8da731k0qf2pp","id":"du8da731k0qf2pp"},"id":"jrhbzxbzp4d6ms3","previousOperationId":"evomct4qymoy3p2"}
{"type":"log","timestamp":1705188827886,"level":"debug","message":"Page request finished: GET (stylesheet) 200 https://cdnjs.cloudflare.com/ajax/libs/metro/4.1.5/css/metro.min.css","meta":{"rootId":"du8da731k0qf2pp","id":"du8da731k0qf2pp"},"id":"lpvyd88wjxszqkc","previousOperationId":"evomct4qymoy3p2"}
{"type":"log","timestamp":1705188827886,"level":"debug","message":"Page request finished: GET (script) 200 https://cdnjs.cloudflare.com/ajax/libs/Chart.js/2.7.2/Chart.min.js","meta":{"rootId":"du8da731k0qf2pp","id":"du8da731k0qf2pp"},"id":"1eg5hmjmhy4q093","previousOperationId":"evomct4qymoy3p2"}
{"type":"log","timestamp":1705188827942,"level":"debug","message":"Running chrome with params {\"printBackground\":true,\"timeout\":59071,\"margin\":{}}","meta":{"rootId":"du8da731k0qf2pp","id":"du8da731k0qf2pp"},"id":"xtrh6jkavr2dhxp","previousOperationId":"evomct4qymoy3p2"}
{"type":"operationEnd","operationId":"evomct4qymoy3p2","timestamp":1705188828034,"id":"3bfqqea627zc8wm","previousEventId":"ygb7u7r4czka462","previousOperationId":"evomct4qymoy3p2"}
{"type":"log","timestamp":1705188828035,"level":"debug","message":"Skipping storing report.","meta":{"rootId":"du8da731k0qf2pp","id":"du8da731k0qf2pp"},"id":"5dl8mrre7wo1lv1","previousOperationId":"evomct4qymoy3p2"}
{"type":"log","timestamp":1705188828035,"level":"info","message":"Rendering request 2 finished in 1539 ms","meta":{"rootId":"du8da731k0qf2pp","id":"du8da731k0qf2pp"},"id":"re7edf0iv61z2lq","previousOperationId":"evomct4qymoy3p2"}
{"type":"operationEnd","subtype":"render","operationId":"awus2q5iilknv8q","timestamp":1705188828035,"id":"6025jb1ish786zo","previousEventId":"3bfqqea627zc8wm","previousOperationId":"evomct4qymoy3p2"}
{"type":"operationEnd","doDiffs":false,"previousEventId":"i7k3jteryhw2mdo","previousOperationId":"cnpjqnnqowscw7z","operationId":"cnpjqnnqowscw7z","timestamp":1705188828037,"id":"l3c9znlum0wjnm5"}
