{"type":"operationStart","subtype":"profile","data":{"_id":"B6EecGugpJVeyKFE","timestamp":"2024-01-11T15:57:38.577Z","state":"queued","mode":"standard","creationDate":"2024-01-11T15:57:38.579Z","modificationDate":"2024-01-11T15:57:38.579Z","shortid":"5Jx9Pf0","$entitySet":"profiles"},"doDiffs":false,"timestamp":1704988658578,"id":"g8sd67wzirh0bdk","previousOperationId":null,"operationId":"7l5vq5lrccmxwsd"}
{"type":"log","level":"info","message":"Render request 10 queued for execution and waiting for available worker","previousOperationId":"7l5vq5lrccmxwsd","timestamp":1704988658578,"id":"36bulp3f15xh8rp"}
{"type":"operationStart","subtype":"render","name":"AveragePunctuation","previousOperationId":"7l5vq5lrccmxwsd","timestamp":1704988658587,"id":"ur60goro8kw28ii","previousEventId":"g8sd67wzirh0bdk","operationId":"npabiaxgl0xpi4s"}
{"type":"log","timestamp":1704988658587,"level":"info","message":"Starting rendering request 10","meta":{"rootId":"e9tndj0jp1ocxmy","id":"e9tndj0jp1ocxmy"},"id":"dc3ujv300qx7o1n","previousOperationId":"npabiaxgl0xpi4s"}
{"type":"log","timestamp":1704988658588,"level":"info","message":"Rendering template { name: AveragePunctuation, recipe: chrome-pdf, engine: handlebars, preview: true }","meta":{"rootId":"e9tndj0jp1ocxmy","id":"e9tndj0jp1ocxmy"},"id":"wxr1jnewl9jd1s6","previousOperationId":"npabiaxgl0xpi4s"}
{"type":"log","timestamp":1704988658590,"level":"debug","message":"Data item not defined for this template.","meta":{"rootId":"e9tndj0jp1ocxmy","id":"e9tndj0jp1ocxmy"},"id":"7z87nuh1tcts4af","previousOperationId":"npabiaxgl0xpi4s"}
{"type":"log","timestamp":1704988658592,"level":"debug","message":"Executing script AveragePunctuation-script (beforeRender)","meta":{"rootId":"e9tndj0jp1ocxmy","id":"e9tndj0jp1ocxmy"},"id":"e46fxfsyxk7t6da","previousOperationId":"npabiaxgl0xpi4s"}
{"type":"operationStart","subtype":"scriptsBeforeRender","name":"scripts beforeRender","timestamp":1704988658949,"id":"ldlal8eq27fvic9","previousEventId":"ur60goro8kw28ii","operationId":"1topvvimyv8ro5m","previousOperationId":"npabiaxgl0xpi4s"}
{"type":"operationStart","subtype":"script","name":"scripts AveragePunctuation-script","previousOperationId":"1topvvimyv8ro5m","timestamp":1704988658949,"id":"7fofm6z4wjfwrsf","previousEventId":"ldlal8eq27fvic9","operationId":"bqa8t1cqr0v3ney"}
{"type":"log","timestamp":1704988658950,"level":"debug","message":"(console:log) undefined","meta":{"userLevel":true,"rootId":"e9tndj0jp1ocxmy","id":"e9tndj0jp1ocxmy"},"id":"5171cxs4llf7wbr","previousOperationId":"bqa8t1cqr0v3ney"}
{"type":"operationEnd","operationId":"bqa8t1cqr0v3ney","timestamp":1704988658951,"id":"wdus1v74wtb25qe","previousEventId":"ur60goro8kw28ii","previousOperationId":"npabiaxgl0xpi4s"}
{"type":"operationEnd","operationId":"1topvvimyv8ro5m","timestamp":1704988658951,"id":"0ckzpmh0y51hcnk","previousEventId":"wdus1v74wtb25qe","previousOperationId":"npabiaxgl0xpi4s"}
{"type":"log","timestamp":1704988658951,"level":"debug","message":"Base url not specified, skipping its injection.","meta":{"rootId":"e9tndj0jp1ocxmy","id":"e9tndj0jp1ocxmy"},"id":"g6cicsh3w1y2z6y","previousOperationId":"1topvvimyv8ro5m"}
{"type":"operationStart","subtype":"engine","name":"handlebars","timestamp":1704988658951,"id":"gwha4gfck4b13kl","previousEventId":"0ckzpmh0y51hcnk","operationId":"kkh41ek0i1n3kp8","previousOperationId":"1topvvimyv8ro5m"}
{"type":"log","timestamp":1704988658951,"level":"debug","message":"Rendering engine handlebars","meta":{"rootId":"e9tndj0jp1ocxmy","id":"e9tndj0jp1ocxmy"},"id":"r67fhqlvsjby329","previousOperationId":"kkh41ek0i1n3kp8"}
{"type":"operationEnd","operationId":"kkh41ek0i1n3kp8","timestamp":1704988659223,"id":"hdwai837h95nn86","previousEventId":"gwha4gfck4b13kl","previousOperationId":"kkh41ek0i1n3kp8"}
{"type":"operationStart","subtype":"recipe","name":"chrome-pdf","timestamp":1704988659224,"id":"641xvuwgd75zkq2","previousEventId":"hdwai837h95nn86","operationId":"8x5rgstynz4tjjt","previousOperationId":"kkh41ek0i1n3kp8"}
{"type":"log","timestamp":1704988659224,"level":"debug","message":"Executing recipe chrome-pdf","meta":{"rootId":"e9tndj0jp1ocxmy","id":"e9tndj0jp1ocxmy"},"id":"6sbbt5jn273fppi","previousOperationId":"8x5rgstynz4tjjt"}
{"type":"log","timestamp":1704988659788,"level":"debug","message":"Converting with chrome HeadlessChrome/117.0.5938.149 using chrome-pool strategy","meta":{"rootId":"e9tndj0jp1ocxmy","id":"e9tndj0jp1ocxmy"},"id":"31rgifo6d592km8","previousOperationId":"8x5rgstynz4tjjt"}
{"type":"log","timestamp":1704988660672,"level":"debug","message":"Page request: GET (document) file:///C:/Users/Javier/AppData/Local/Temp/jsreport/autocleanup/0f9a402d-6cdd-4243-b54b-3a92d0c87306-chrome-pdf.html","meta":{"rootId":"e9tndj0jp1ocxmy","id":"e9tndj0jp1ocxmy"},"id":"mq8le8phc2an2hn","previousOperationId":"8x5rgstynz4tjjt"}
{"type":"log","timestamp":1704988660679,"level":"debug","message":"Page request finished: GET (document) 200 file:///C:/Users/Javier/AppData/Local/Temp/jsreport/autocleanup/0f9a402d-6cdd-4243-b54b-3a92d0c87306-chrome-pdf.html","meta":{"rootId":"e9tndj0jp1ocxmy","id":"e9tndj0jp1ocxmy"},"id":"ww098dq6ao4j2y6","previousOperationId":"8x5rgstynz4tjjt"}
{"type":"log","timestamp":1704988660682,"level":"debug","message":"Running chrome with params {\"printBackground\":true,\"timeout\":58982,\"margin\":{}}","meta":{"rootId":"e9tndj0jp1ocxmy","id":"e9tndj0jp1ocxmy"},"id":"1ieei8vllzdxpfr","previousOperationId":"8x5rgstynz4tjjt"}
{"type":"operationEnd","operationId":"8x5rgstynz4tjjt","timestamp":1704988660695,"id":"vvmd2ikeisb2lp9","previousEventId":"641xvuwgd75zkq2","previousOperationId":"8x5rgstynz4tjjt"}
{"type":"log","timestamp":1704988660696,"level":"debug","message":"Skipping storing report.","meta":{"rootId":"e9tndj0jp1ocxmy","id":"e9tndj0jp1ocxmy"},"id":"rsxzz0iuc3ns0r9","previousOperationId":"8x5rgstynz4tjjt"}
{"type":"log","timestamp":1704988660696,"level":"info","message":"Rendering request 10 finished in 2119 ms","meta":{"rootId":"e9tndj0jp1ocxmy","id":"e9tndj0jp1ocxmy"},"id":"ned3sdxzjdiuc7g","previousOperationId":"8x5rgstynz4tjjt"}
{"type":"operationEnd","subtype":"render","operationId":"npabiaxgl0xpi4s","timestamp":1704988660696,"id":"9vw7dlr2h6uuz8y","previousEventId":"vvmd2ikeisb2lp9","previousOperationId":"8x5rgstynz4tjjt"}
{"type":"operationEnd","doDiffs":false,"previousEventId":"g8sd67wzirh0bdk","previousOperationId":"7l5vq5lrccmxwsd","operationId":"7l5vq5lrccmxwsd","timestamp":1704988660702,"id":"fkofo5ja1cjffb1"}
