{"type":"operationStart","subtype":"profile","data":{"_id":"FczElttoCAnybvti","timestamp":"2024-01-13T14:27:09.889Z","state":"queued","mode":"standard","creationDate":"2024-01-13T14:27:09.890Z","modificationDate":"2024-01-13T14:27:09.890Z","shortid":"EoPRHPH","$entitySet":"profiles"},"doDiffs":false,"timestamp":1705156029890,"id":"2v20pmsga2g19uk","previousOperationId":null,"operationId":"f2l5d26lm2j7rvv"}
{"type":"log","level":"info","message":"Render request 35 queued for execution and waiting for available worker","previousOperationId":"f2l5d26lm2j7rvv","timestamp":1705156029890,"id":"y3ctabukodixmrr"}
{"type":"operationStart","subtype":"render","name":"AveragePunctuation","previousOperationId":"f2l5d26lm2j7rvv","timestamp":1705156029895,"id":"dla4r5okdue8g7x","previousEventId":"2v20pmsga2g19uk","operationId":"t8qvaio3m9dlyrj"}
{"type":"log","timestamp":1705156029895,"level":"info","message":"Starting rendering request 35","meta":{"rootId":"eciagmdyamqwh7v","id":"eciagmdyamqwh7v"},"id":"drthur6xnowy0ap","previousOperationId":"t8qvaio3m9dlyrj"}
{"type":"log","timestamp":1705156029895,"level":"info","message":"Rendering template { name: AveragePunctuation, recipe: chrome-pdf, engine: handlebars, preview: false }","meta":{"rootId":"eciagmdyamqwh7v","id":"eciagmdyamqwh7v"},"id":"xnna1e87m6iy2oi","previousOperationId":"t8qvaio3m9dlyrj"}
{"type":"log","timestamp":1705156029895,"level":"debug","message":"Inline data specified.","meta":{"rootId":"eciagmdyamqwh7v","id":"eciagmdyamqwh7v"},"id":"s7r982q5em9ez31","previousOperationId":"t8qvaio3m9dlyrj"}
{"type":"log","timestamp":1705156029897,"level":"debug","message":"Executing script AveragePunctuation-script (beforeRender)","meta":{"rootId":"eciagmdyamqwh7v","id":"eciagmdyamqwh7v"},"id":"9fckt59wi1b7hag","previousOperationId":"t8qvaio3m9dlyrj"}
{"type":"operationStart","subtype":"scriptsBeforeRender","name":"scripts beforeRender","timestamp":1705156029915,"id":"0noqefdfv4ori2a","previousEventId":"dla4r5okdue8g7x","operationId":"cqafi40wlhxd4z6","previousOperationId":"t8qvaio3m9dlyrj"}
{"type":"operationStart","subtype":"script","name":"scripts AveragePunctuation-script","previousOperationId":"cqafi40wlhxd4z6","timestamp":1705156029915,"id":"lxdgrh0qbu458dk","previousEventId":"0noqefdfv4ori2a","operationId":"cocz8c01mdbo7fb"}
{"type":"operationEnd","operationId":"cocz8c01mdbo7fb","timestamp":1705156029928,"id":"xe7b5tf9mpq6dtw","previousEventId":"dla4r5okdue8g7x","previousOperationId":"t8qvaio3m9dlyrj"}
{"type":"operationEnd","operationId":"cqafi40wlhxd4z6","timestamp":1705156029928,"id":"zrxs7wk7nrnncnw","previousEventId":"xe7b5tf9mpq6dtw","previousOperationId":"t8qvaio3m9dlyrj"}
{"type":"log","timestamp":1705156029928,"level":"debug","message":"Base url not specified, skipping its injection.","meta":{"rootId":"eciagmdyamqwh7v","id":"eciagmdyamqwh7v"},"id":"zwveyjsv9vvwz64","previousOperationId":"cqafi40wlhxd4z6"}
{"type":"operationStart","subtype":"engine","name":"handlebars","timestamp":1705156029928,"id":"3zqfn76741gjql0","previousEventId":"zrxs7wk7nrnncnw","operationId":"lvd9tpq5d2thfyy","previousOperationId":"cqafi40wlhxd4z6"}
{"type":"log","timestamp":1705156029928,"level":"debug","message":"Rendering engine handlebars","meta":{"rootId":"eciagmdyamqwh7v","id":"eciagmdyamqwh7v"},"id":"ogk1ttttvv67ghk","previousOperationId":"lvd9tpq5d2thfyy"}
{"type":"operationEnd","operationId":"lvd9tpq5d2thfyy","timestamp":1705156029943,"id":"3s27isszx05m85j","previousEventId":"3zqfn76741gjql0","previousOperationId":"lvd9tpq5d2thfyy"}
{"type":"operationStart","subtype":"recipe","name":"chrome-pdf","timestamp":1705156029943,"id":"2m5jmp0k3hsjpjh","previousEventId":"3s27isszx05m85j","operationId":"c3z8hjx5xn9a8ro","previousOperationId":"lvd9tpq5d2thfyy"}
{"type":"log","timestamp":1705156029943,"level":"debug","message":"Executing recipe chrome-pdf","meta":{"rootId":"eciagmdyamqwh7v","id":"eciagmdyamqwh7v"},"id":"gnzil0dkzdi9urb","previousOperationId":"c3z8hjx5xn9a8ro"}
{"type":"log","timestamp":1705156029945,"level":"debug","message":"Converting with chrome HeadlessChrome/117.0.5938.149 using chrome-pool strategy","meta":{"rootId":"eciagmdyamqwh7v","id":"eciagmdyamqwh7v"},"id":"q39jyehmp2c7r7t","previousOperationId":"c3z8hjx5xn9a8ro"}
{"type":"log","timestamp":1705156030018,"level":"debug","message":"Page request: GET (document) file:///C:/Users/Javier/AppData/Local/Temp/jsreport/autocleanup/c7c1998a-1fd8-4c7f-9edb-ebb2f5716a89-chrome-pdf.html","meta":{"rootId":"eciagmdyamqwh7v","id":"eciagmdyamqwh7v"},"id":"17wjpvhtqlggs47","previousOperationId":"c3z8hjx5xn9a8ro"}
{"type":"log","timestamp":1705156030061,"level":"debug","message":"Page request: GET (stylesheet) https://cdnjs.cloudflare.com/ajax/libs/metro/4.1.5/css/metro.min.css","meta":{"rootId":"eciagmdyamqwh7v","id":"eciagmdyamqwh7v"},"id":"9mh2g8adfyab8m2","previousOperationId":"c3z8hjx5xn9a8ro"}
{"type":"log","timestamp":1705156030061,"level":"debug","message":"Page request: GET (script) https://cdnjs.cloudflare.com/ajax/libs/Chart.js/2.7.2/Chart.min.js","meta":{"rootId":"eciagmdyamqwh7v","id":"eciagmdyamqwh7v"},"id":"ulu5g3a7vbdv0hr","previousOperationId":"c3z8hjx5xn9a8ro"}
{"type":"log","timestamp":1705156030061,"level":"debug","message":"Page request finished: GET (document) 200 file:///C:/Users/Javier/AppData/Local/Temp/jsreport/autocleanup/c7c1998a-1fd8-4c7f-9edb-ebb2f5716a89-chrome-pdf.html","meta":{"rootId":"eciagmdyamqwh7v","id":"eciagmdyamqwh7v"},"id":"suts68b492qx6n3","previousOperationId":"c3z8hjx5xn9a8ro"}
{"type":"log","timestamp":1705156030066,"level":"debug","message":"Page request finished: GET (script) 200 https://cdnjs.cloudflare.com/ajax/libs/Chart.js/2.7.2/Chart.min.js","meta":{"rootId":"eciagmdyamqwh7v","id":"eciagmdyamqwh7v"},"id":"f0lg9kj6twe39yr","previousOperationId":"c3z8hjx5xn9a8ro"}
{"type":"log","timestamp":1705156030083,"level":"debug","message":"Page request finished: GET (stylesheet) 200 https://cdnjs.cloudflare.com/ajax/libs/metro/4.1.5/css/metro.min.css","meta":{"rootId":"eciagmdyamqwh7v","id":"eciagmdyamqwh7v"},"id":"u0jr2mv5iy0m340","previousOperationId":"c3z8hjx5xn9a8ro"}
{"type":"log","timestamp":1705156030145,"level":"debug","message":"Running chrome with params {\"printBackground\":true,\"timeout\":59945,\"margin\":{}}","meta":{"rootId":"eciagmdyamqwh7v","id":"eciagmdyamqwh7v"},"id":"pg5nj5doxakrj0u","previousOperationId":"c3z8hjx5xn9a8ro"}
{"type":"operationEnd","operationId":"c3z8hjx5xn9a8ro","timestamp":1705156030251,"id":"jlki4s3kz9x6c4g","previousEventId":"2m5jmp0k3hsjpjh","previousOperationId":"c3z8hjx5xn9a8ro"}
{"type":"log","timestamp":1705156030251,"level":"debug","message":"Skipping storing report.","meta":{"rootId":"eciagmdyamqwh7v","id":"eciagmdyamqwh7v"},"id":"h5y2ait6mb4a2q3","previousOperationId":"c3z8hjx5xn9a8ro"}
{"type":"log","timestamp":1705156030251,"level":"info","message":"Rendering request 35 finished in 362 ms","meta":{"rootId":"eciagmdyamqwh7v","id":"eciagmdyamqwh7v"},"id":"zbon7jev90y1sdn","previousOperationId":"c3z8hjx5xn9a8ro"}
{"type":"operationEnd","subtype":"render","operationId":"t8qvaio3m9dlyrj","timestamp":1705156030251,"id":"jcud3tsis0namox","previousEventId":"jlki4s3kz9x6c4g","previousOperationId":"c3z8hjx5xn9a8ro"}
{"type":"operationEnd","doDiffs":false,"previousEventId":"2v20pmsga2g19uk","previousOperationId":"f2l5d26lm2j7rvv","operationId":"f2l5d26lm2j7rvv","timestamp":1705156030253,"id":"ojxxz7vcoyai7hq"}
