{"type":"operationStart","subtype":"profile","data":{"_id":"GmWPAjFPUWfGJmfX","timestamp":"2024-01-13T15:44:06.125Z","state":"queued","mode":"standard","creationDate":"2024-01-13T15:44:06.126Z","modificationDate":"2024-01-13T15:44:06.126Z","shortid":"uxdEEdZ","$entitySet":"profiles"},"doDiffs":false,"timestamp":1705160646125,"id":"uli9i5viv0albv2","previousOperationId":null,"operationId":"vlnl9hsxcp1wmzz"}
{"type":"log","level":"info","message":"Render request 55 queued for execution and waiting for available worker","previousOperationId":"vlnl9hsxcp1wmzz","timestamp":1705160646125,"id":"m1btccqye5dudn8"}
{"type":"operationStart","subtype":"render","name":"AveragePunctuation","previousOperationId":"vlnl9hsxcp1wmzz","timestamp":1705160646130,"id":"7hjff9yeew2bj41","previousEventId":"uli9i5viv0albv2","operationId":"e27xstism4n4lvb"}
{"type":"log","timestamp":1705160646130,"level":"info","message":"Starting rendering request 55","meta":{"rootId":"edtqhbgkkyj7uey","id":"edtqhbgkkyj7uey"},"id":"nhhb7wjgwvavb3d","previousOperationId":"e27xstism4n4lvb"}
{"type":"log","timestamp":1705160646130,"level":"info","message":"Rendering template { name: AveragePunctuation, recipe: chrome-pdf, engine: handlebars, preview: false }","meta":{"rootId":"edtqhbgkkyj7uey","id":"edtqhbgkkyj7uey"},"id":"1jy92bto0dumc6y","previousOperationId":"e27xstism4n4lvb"}
{"type":"log","timestamp":1705160646131,"level":"debug","message":"Inline data specified.","meta":{"rootId":"edtqhbgkkyj7uey","id":"edtqhbgkkyj7uey"},"id":"44f3ftbqd4xlxe7","previousOperationId":"e27xstism4n4lvb"}
{"type":"log","timestamp":1705160646133,"level":"debug","message":"Executing script AveragePunctuation-script (beforeRender)","meta":{"rootId":"edtqhbgkkyj7uey","id":"edtqhbgkkyj7uey"},"id":"b5o5w6zo7f7q2by","previousOperationId":"e27xstism4n4lvb"}
{"type":"operationStart","subtype":"scriptsBeforeRender","name":"scripts beforeRender","timestamp":1705160646145,"id":"b1ly21x2jzwwp3a","previousEventId":"7hjff9yeew2bj41","operationId":"12bext664sh8spc","previousOperationId":"e27xstism4n4lvb"}
{"type":"operationStart","subtype":"script","name":"scripts AveragePunctuation-script","previousOperationId":"12bext664sh8spc","timestamp":1705160646145,"id":"sy035g5s4fw0h69","previousEventId":"b1ly21x2jzwwp3a","operationId":"6btexvecp173wbt"}
{"type":"operationEnd","operationId":"6btexvecp173wbt","timestamp":1705160646157,"id":"59ny1p5fn3ia5cy","previousEventId":"7hjff9yeew2bj41","previousOperationId":"e27xstism4n4lvb"}
{"type":"operationEnd","operationId":"12bext664sh8spc","timestamp":1705160646157,"id":"zn5dk7nsdycj5rp","previousEventId":"59ny1p5fn3ia5cy","previousOperationId":"e27xstism4n4lvb"}
{"type":"log","timestamp":1705160646157,"level":"debug","message":"Base url not specified, skipping its injection.","meta":{"rootId":"edtqhbgkkyj7uey","id":"edtqhbgkkyj7uey"},"id":"2dnkodyb0k5l1v7","previousOperationId":"12bext664sh8spc"}
{"type":"operationStart","subtype":"engine","name":"handlebars","timestamp":1705160646157,"id":"nrh2h3ggzmskpaa","previousEventId":"zn5dk7nsdycj5rp","operationId":"nxvq7ijs10j73wn","previousOperationId":"12bext664sh8spc"}
{"type":"log","timestamp":1705160646157,"level":"debug","message":"Rendering engine handlebars","meta":{"rootId":"edtqhbgkkyj7uey","id":"edtqhbgkkyj7uey"},"id":"2ttl3zg964m3tj8","previousOperationId":"nxvq7ijs10j73wn"}
{"type":"operationEnd","operationId":"nxvq7ijs10j73wn","timestamp":1705160646165,"id":"xto2tf1sz5v6qsz","previousEventId":"nrh2h3ggzmskpaa","previousOperationId":"nxvq7ijs10j73wn"}
{"type":"operationStart","subtype":"recipe","name":"chrome-pdf","timestamp":1705160646165,"id":"40awd0lx7uprsh3","previousEventId":"xto2tf1sz5v6qsz","operationId":"21myb99py5wnyb6","previousOperationId":"nxvq7ijs10j73wn"}
{"type":"log","timestamp":1705160646165,"level":"debug","message":"Executing recipe chrome-pdf","meta":{"rootId":"edtqhbgkkyj7uey","id":"edtqhbgkkyj7uey"},"id":"sbam2enpyp8d1jl","previousOperationId":"21myb99py5wnyb6"}
{"type":"log","timestamp":1705160646167,"level":"debug","message":"Converting with chrome HeadlessChrome/117.0.5938.149 using chrome-pool strategy","meta":{"rootId":"edtqhbgkkyj7uey","id":"edtqhbgkkyj7uey"},"id":"2qmlwctkd115337","previousOperationId":"21myb99py5wnyb6"}
{"type":"log","timestamp":1705160646239,"level":"debug","message":"Page request: GET (document) file:///C:/Users/Javier/AppData/Local/Temp/jsreport/autocleanup/45841bf4-aaed-4887-b1a7-571a38fa0742-chrome-pdf.html","meta":{"rootId":"edtqhbgkkyj7uey","id":"edtqhbgkkyj7uey"},"id":"haw7vitr0d5c5su","previousOperationId":"21myb99py5wnyb6"}
{"type":"log","timestamp":1705160646275,"level":"debug","message":"Page request: GET (stylesheet) https://cdnjs.cloudflare.com/ajax/libs/metro/4.1.5/css/metro.min.css","meta":{"rootId":"edtqhbgkkyj7uey","id":"edtqhbgkkyj7uey"},"id":"2v9chqlpibqorah","previousOperationId":"21myb99py5wnyb6"}
{"type":"log","timestamp":1705160646276,"level":"debug","message":"Page request: GET (script) https://cdnjs.cloudflare.com/ajax/libs/Chart.js/2.7.2/Chart.min.js","meta":{"rootId":"edtqhbgkkyj7uey","id":"edtqhbgkkyj7uey"},"id":"7gl50v8v2dianuy","previousOperationId":"21myb99py5wnyb6"}
{"type":"log","timestamp":1705160646276,"level":"debug","message":"Page request finished: GET (document) 200 file:///C:/Users/Javier/AppData/Local/Temp/jsreport/autocleanup/45841bf4-aaed-4887-b1a7-571a38fa0742-chrome-pdf.html","meta":{"rootId":"edtqhbgkkyj7uey","id":"edtqhbgkkyj7uey"},"id":"gnh5oqgjeyxk9h4","previousOperationId":"21myb99py5wnyb6"}
{"type":"log","timestamp":1705160646280,"level":"debug","message":"Page request finished: GET (script) 200 https://cdnjs.cloudflare.com/ajax/libs/Chart.js/2.7.2/Chart.min.js","meta":{"rootId":"edtqhbgkkyj7uey","id":"edtqhbgkkyj7uey"},"id":"akqay3tzmy2vz2t","previousOperationId":"21myb99py5wnyb6"}
{"type":"log","timestamp":1705160646290,"level":"debug","message":"Page request finished: GET (stylesheet) 200 https://cdnjs.cloudflare.com/ajax/libs/metro/4.1.5/css/metro.min.css","meta":{"rootId":"edtqhbgkkyj7uey","id":"edtqhbgkkyj7uey"},"id":"xysw4dx4bzgbi84","previousOperationId":"21myb99py5wnyb6"}
{"type":"log","timestamp":1705160646345,"level":"debug","message":"Running chrome with params {\"printBackground\":true,\"timeout\":59958,\"margin\":{}}","meta":{"rootId":"edtqhbgkkyj7uey","id":"edtqhbgkkyj7uey"},"id":"xfzhwkylc5wwn4e","previousOperationId":"21myb99py5wnyb6"}
{"type":"operationEnd","operationId":"21myb99py5wnyb6","timestamp":1705160646440,"id":"g589eqwfesyimxs","previousEventId":"40awd0lx7uprsh3","previousOperationId":"21myb99py5wnyb6"}
{"type":"log","timestamp":1705160646440,"level":"debug","message":"Skipping storing report.","meta":{"rootId":"edtqhbgkkyj7uey","id":"edtqhbgkkyj7uey"},"id":"l7026v3ovo88g9y","previousOperationId":"21myb99py5wnyb6"}
{"type":"log","timestamp":1705160646440,"level":"info","message":"Rendering request 55 finished in 316 ms","meta":{"rootId":"edtqhbgkkyj7uey","id":"edtqhbgkkyj7uey"},"id":"w44xivx0rn01wpt","previousOperationId":"21myb99py5wnyb6"}
{"type":"operationEnd","subtype":"render","operationId":"e27xstism4n4lvb","timestamp":1705160646440,"id":"d168klo57h4tyod","previousEventId":"g589eqwfesyimxs","previousOperationId":"21myb99py5wnyb6"}
{"type":"operationEnd","doDiffs":false,"previousEventId":"uli9i5viv0albv2","previousOperationId":"vlnl9hsxcp1wmzz","operationId":"vlnl9hsxcp1wmzz","timestamp":1705160646443,"id":"cqp1ai1m9qmingj"}
