{"type":"operationStart","subtype":"profile","data":{"_id":"BGb5MzAp6sNNRuIr","timestamp":"2024-01-13T22:16:49.657Z","state":"queued","mode":"standard","creationDate":"2024-01-13T22:16:49.658Z","modificationDate":"2024-01-13T22:16:49.658Z","shortid":"pmBCzEM","$entitySet":"profiles"},"doDiffs":false,"timestamp":1705184209658,"id":"a8uzktx1vext5a6","previousOperationId":null,"operationId":"l1umbpooim4foj0"}
{"type":"log","level":"info","message":"Render request 9 queued for execution and waiting for available worker","previousOperationId":"l1umbpooim4foj0","timestamp":1705184209658,"id":"59mszkjlu31cxbg"}
{"type":"operationStart","subtype":"render","name":"AveragePunctuation","previousOperationId":"l1umbpooim4foj0","timestamp":1705184209663,"id":"4xq00d0n91daz0b","previousEventId":"a8uzktx1vext5a6","operationId":"o8vic3qmq2vl45k"}
{"type":"log","timestamp":1705184209664,"level":"info","message":"Starting rendering request 9","meta":{"rootId":"ee82x0uyv7udqra","id":"ee82x0uyv7udqra"},"id":"ejl2lrplr2nyq6z","previousOperationId":"o8vic3qmq2vl45k"}
{"type":"log","timestamp":1705184209664,"level":"info","message":"Rendering template { name: AveragePunctuation, recipe: chrome-pdf, engine: handlebars, preview: false }","meta":{"rootId":"ee82x0uyv7udqra","id":"ee82x0uyv7udqra"},"id":"3mo2wpx736zg6uw","previousOperationId":"o8vic3qmq2vl45k"}
{"type":"log","timestamp":1705184209665,"level":"debug","message":"Inline data specified.","meta":{"rootId":"ee82x0uyv7udqra","id":"ee82x0uyv7udqra"},"id":"b4fm90su9pdrwqg","previousOperationId":"o8vic3qmq2vl45k"}
{"type":"log","timestamp":1705184209668,"level":"debug","message":"Executing script AveragePunctuation-script (beforeRender)","meta":{"rootId":"ee82x0uyv7udqra","id":"ee82x0uyv7udqra"},"id":"jrzqtmcdjhzwl4v","previousOperationId":"o8vic3qmq2vl45k"}
{"type":"operationStart","subtype":"scriptsBeforeRender","name":"scripts beforeRender","timestamp":1705184209683,"id":"2yvbdpij67xpcqa","previousEventId":"4xq00d0n91daz0b","operationId":"bcybnsjj1lqqeca","previousOperationId":"o8vic3qmq2vl45k"}
{"type":"operationStart","subtype":"script","name":"scripts AveragePunctuation-script","previousOperationId":"bcybnsjj1lqqeca","timestamp":1705184209683,"id":"gntnwlsbqiiqlu4","previousEventId":"2yvbdpij67xpcqa","operationId":"kh0nw291s0y73lc"}
{"type":"operationEnd","operationId":"kh0nw291s0y73lc","timestamp":1705184209701,"id":"cyazzzmizuqstuy","previousEventId":"4xq00d0n91daz0b","previousOperationId":"o8vic3qmq2vl45k"}
{"type":"operationEnd","operationId":"bcybnsjj1lqqeca","timestamp":1705184209701,"id":"ztbny3aeny7289y","previousEventId":"cyazzzmizuqstuy","previousOperationId":"o8vic3qmq2vl45k"}
{"type":"log","timestamp":1705184209701,"level":"debug","message":"Base url not specified, skipping its injection.","meta":{"rootId":"ee82x0uyv7udqra","id":"ee82x0uyv7udqra"},"id":"vdjqqvqmwt4fr27","previousOperationId":"bcybnsjj1lqqeca"}
{"type":"operationStart","subtype":"engine","name":"handlebars","timestamp":1705184209701,"id":"t618b38qlwr7jqo","previousEventId":"ztbny3aeny7289y","operationId":"dj23ccj3dx6lq12","previousOperationId":"bcybnsjj1lqqeca"}
{"type":"log","timestamp":1705184209701,"level":"debug","message":"Rendering engine handlebars","meta":{"rootId":"ee82x0uyv7udqra","id":"ee82x0uyv7udqra"},"id":"yp36sy55szhzexb","previousOperationId":"dj23ccj3dx6lq12"}
{"type":"operationEnd","operationId":"dj23ccj3dx6lq12","timestamp":1705184209717,"id":"6dg9e2rtxlnc91v","previousEventId":"t618b38qlwr7jqo","previousOperationId":"dj23ccj3dx6lq12"}
{"type":"operationStart","subtype":"recipe","name":"chrome-pdf","timestamp":1705184209717,"id":"1lp4iqk9zz39jvt","previousEventId":"6dg9e2rtxlnc91v","operationId":"bfg8fm2e369xi8a","previousOperationId":"dj23ccj3dx6lq12"}
{"type":"log","timestamp":1705184209717,"level":"debug","message":"Executing recipe chrome-pdf","meta":{"rootId":"ee82x0uyv7udqra","id":"ee82x0uyv7udqra"},"id":"cms5o2xmd4n4lfo","previousOperationId":"bfg8fm2e369xi8a"}
{"type":"log","timestamp":1705184209719,"level":"debug","message":"Converting with chrome HeadlessChrome/117.0.5938.149 using chrome-pool strategy","meta":{"rootId":"ee82x0uyv7udqra","id":"ee82x0uyv7udqra"},"id":"4d19ul5hpd3f0it","previousOperationId":"bfg8fm2e369xi8a"}
{"type":"log","timestamp":1705184209845,"level":"debug","message":"Page request: GET (document) file:///C:/Users/Javier/AppData/Local/Temp/jsreport/autocleanup/f1c3046c-976d-4fa3-9962-9edefe904529-chrome-pdf.html","meta":{"rootId":"ee82x0uyv7udqra","id":"ee82x0uyv7udqra"},"id":"fi0pu11s62vqxqg","previousOperationId":"bfg8fm2e369xi8a"}
{"type":"log","timestamp":1705184209912,"level":"debug","message":"Page request: GET (stylesheet) https://cdnjs.cloudflare.com/ajax/libs/metro/4.1.5/css/metro.min.css","meta":{"rootId":"ee82x0uyv7udqra","id":"ee82x0uyv7udqra"},"id":"h3r9mdj5vmeyf2c","previousOperationId":"bfg8fm2e369xi8a"}
{"type":"log","timestamp":1705184209912,"level":"debug","message":"Page request: GET (script) https://cdnjs.cloudflare.com/ajax/libs/Chart.js/2.7.2/Chart.min.js","meta":{"rootId":"ee82x0uyv7udqra","id":"ee82x0uyv7udqra"},"id":"5463jotwo1sdom1","previousOperationId":"bfg8fm2e369xi8a"}
{"type":"log","timestamp":1705184209912,"level":"debug","message":"Page request finished: GET (document) 200 file:///C:/Users/Javier/AppData/Local/Temp/jsreport/autocleanup/f1c3046c-976d-4fa3-9962-9edefe904529-chrome-pdf.html","meta":{"rootId":"ee82x0uyv7udqra","id":"ee82x0uyv7udqra"},"id":"crk5xshvwxirnjh","previousOperationId":"bfg8fm2e369xi8a"}
{"type":"log","timestamp":1705184209918,"level":"debug","message":"Page request finished: GET (script) 200 https://cdnjs.cloudflare.com/ajax/libs/Chart.js/2.7.2/Chart.min.js","meta":{"rootId":"ee82x0uyv7udqra","id":"ee82x0uyv7udqra"},"id":"zdwj3bou3i0kdzt","previousOperationId":"bfg8fm2e369xi8a"}
{"type":"log","timestamp":1705184209929,"level":"debug","message":"Page request finished: GET (stylesheet) 200 https://cdnjs.cloudflare.com/ajax/libs/metro/4.1.5/css/metro.min.css","meta":{"rootId":"ee82x0uyv7udqra","id":"ee82x0uyv7udqra"},"id":"76vslqc6uvqo0hw","previousOperationId":"bfg8fm2e369xi8a"}
{"type":"log","timestamp":1705184209997,"level":"debug","message":"Running chrome with params {\"printBackground\":true,\"timeout\":59938,\"margin\":{}}","meta":{"rootId":"ee82x0uyv7udqra","id":"ee82x0uyv7udqra"},"id":"th56n8j03klz21b","previousOperationId":"bfg8fm2e369xi8a"}
{"type":"operationEnd","operationId":"bfg8fm2e369xi8a","timestamp":1705184210097,"id":"as5s5eecgf0bk5s","previousEventId":"1lp4iqk9zz39jvt","previousOperationId":"bfg8fm2e369xi8a"}
{"type":"log","timestamp":1705184210097,"level":"debug","message":"Skipping storing report.","meta":{"rootId":"ee82x0uyv7udqra","id":"ee82x0uyv7udqra"},"id":"jswtaa8wtivl1kf","previousOperationId":"bfg8fm2e369xi8a"}
{"type":"log","timestamp":1705184210097,"level":"info","message":"Rendering request 9 finished in 440 ms","meta":{"rootId":"ee82x0uyv7udqra","id":"ee82x0uyv7udqra"},"id":"jgsp1zywk94h9rj","previousOperationId":"bfg8fm2e369xi8a"}
{"type":"operationEnd","subtype":"render","operationId":"o8vic3qmq2vl45k","timestamp":1705184210097,"id":"u5dr3ulj3l4895l","previousEventId":"as5s5eecgf0bk5s","previousOperationId":"bfg8fm2e369xi8a"}
{"type":"operationEnd","doDiffs":false,"previousEventId":"a8uzktx1vext5a6","previousOperationId":"l1umbpooim4foj0","operationId":"l1umbpooim4foj0","timestamp":1705184210099,"id":"brflttxtzw7rq0z"}
