{"type":"operationStart","subtype":"profile","data":{"_id":"fQnyogavJcnPt652","timestamp":"2024-01-13T22:20:48.465Z","state":"queued","mode":"standard","creationDate":"2024-01-13T22:20:48.467Z","modificationDate":"2024-01-13T22:20:48.467Z","shortid":"OjLpfFH","$entitySet":"profiles"},"doDiffs":false,"timestamp":1705184448466,"id":"e1s8mmcu5znpqlq","previousOperationId":null,"operationId":"nnn0arwe40l1mrz"}
{"type":"log","level":"info","message":"Render request 5 queued for execution and waiting for available worker","previousOperationId":"nnn0arwe40l1mrz","timestamp":1705184448466,"id":"x9id2i4bc0ja8kw"}
{"type":"operationStart","subtype":"render","name":"AveragePunctuation","previousOperationId":"nnn0arwe40l1mrz","timestamp":1705184448474,"id":"3u9zj53z0c6b5ay","previousEventId":"e1s8mmcu5znpqlq","operationId":"8khzemkelt7riqc"}
{"type":"log","timestamp":1705184448474,"level":"info","message":"Starting rendering request 5","meta":{"rootId":"elj2qg1qycmgp0m","id":"elj2qg1qycmgp0m"},"id":"5anvmx4h5fwm15c","previousOperationId":"8khzemkelt7riqc"}
{"type":"log","timestamp":1705184448474,"level":"info","message":"Rendering template { name: AveragePunctuation, recipe: chrome-pdf, engine: handlebars, preview: false }","meta":{"rootId":"elj2qg1qycmgp0m","id":"elj2qg1qycmgp0m"},"id":"xjlny5brafz4s9r","previousOperationId":"8khzemkelt7riqc"}
{"type":"log","timestamp":1705184448475,"level":"debug","message":"Inline data specified.","meta":{"rootId":"elj2qg1qycmgp0m","id":"elj2qg1qycmgp0m"},"id":"sbxi6u8dr6c39e7","previousOperationId":"8khzemkelt7riqc"}
{"type":"log","timestamp":1705184448477,"level":"debug","message":"Executing script AveragePunctuation-script (beforeRender)","meta":{"rootId":"elj2qg1qycmgp0m","id":"elj2qg1qycmgp0m"},"id":"ssgipl9n80uhi99","previousOperationId":"8khzemkelt7riqc"}
{"type":"operationStart","subtype":"scriptsBeforeRender","name":"scripts beforeRender","timestamp":1705184448492,"id":"slosb50hm6ekmeh","previousEventId":"3u9zj53z0c6b5ay","operationId":"0gul71xjthlwcex","previousOperationId":"8khzemkelt7riqc"}
{"type":"operationStart","subtype":"script","name":"scripts AveragePunctuation-script","previousOperationId":"0gul71xjthlwcex","timestamp":1705184448492,"id":"kkku5de6ujhi60d","previousEventId":"slosb50hm6ekmeh","operationId":"rn0arulmmpe2gvc"}
{"type":"operationEnd","operationId":"rn0arulmmpe2gvc","timestamp":1705184448510,"id":"krmx0xmjv15ulhn","previousEventId":"3u9zj53z0c6b5ay","previousOperationId":"8khzemkelt7riqc"}
{"type":"operationEnd","operationId":"0gul71xjthlwcex","timestamp":1705184448510,"id":"n79q6lbjozrx3h1","previousEventId":"krmx0xmjv15ulhn","previousOperationId":"8khzemkelt7riqc"}
{"type":"log","timestamp":1705184448510,"level":"debug","message":"Base url not specified, skipping its injection.","meta":{"rootId":"elj2qg1qycmgp0m","id":"elj2qg1qycmgp0m"},"id":"6xv5lgswy1xsnws","previousOperationId":"0gul71xjthlwcex"}
{"type":"operationStart","subtype":"engine","name":"handlebars","timestamp":1705184448510,"id":"fk9i1sninahv3wh","previousEventId":"n79q6lbjozrx3h1","operationId":"oky3152smmxqhl2","previousOperationId":"0gul71xjthlwcex"}
{"type":"log","timestamp":1705184448510,"level":"debug","message":"Rendering engine handlebars","meta":{"rootId":"elj2qg1qycmgp0m","id":"elj2qg1qycmgp0m"},"id":"ndvwzufxsr1ucwg","previousOperationId":"oky3152smmxqhl2"}
{"type":"operationEnd","operationId":"oky3152smmxqhl2","timestamp":1705184448517,"id":"m7b066jt39jfmpr","previousEventId":"fk9i1sninahv3wh","previousOperationId":"oky3152smmxqhl2"}
{"type":"operationStart","subtype":"recipe","name":"chrome-pdf","timestamp":1705184448517,"id":"wbroc2s8pcdlty6","previousEventId":"m7b066jt39jfmpr","operationId":"1331vjyvhc9knen","previousOperationId":"oky3152smmxqhl2"}
{"type":"log","timestamp":1705184448517,"level":"debug","message":"Executing recipe chrome-pdf","meta":{"rootId":"elj2qg1qycmgp0m","id":"elj2qg1qycmgp0m"},"id":"bnklpjxliz030ka","previousOperationId":"1331vjyvhc9knen"}
{"type":"log","timestamp":1705184448519,"level":"debug","message":"Converting with chrome HeadlessChrome/117.0.5938.149 using chrome-pool strategy","meta":{"rootId":"elj2qg1qycmgp0m","id":"elj2qg1qycmgp0m"},"id":"cgzwa4fnlrpghf4","previousOperationId":"1331vjyvhc9knen"}
{"type":"log","timestamp":1705184448594,"level":"debug","message":"Page request: GET (document) file:///C:/Users/Javier/AppData/Local/Temp/jsreport/autocleanup/9afdc809-52f8-4aba-9edf-1c4913222da3-chrome-pdf.html","meta":{"rootId":"elj2qg1qycmgp0m","id":"elj2qg1qycmgp0m"},"id":"ihfz4k8qjlxb7w7","previousOperationId":"1331vjyvhc9knen"}
{"type":"log","timestamp":1705184448638,"level":"debug","message":"Page request: GET (stylesheet) https://cdnjs.cloudflare.com/ajax/libs/metro/4.1.5/css/metro.min.css","meta":{"rootId":"elj2qg1qycmgp0m","id":"elj2qg1qycmgp0m"},"id":"3pzswmzdiy3rklu","previousOperationId":"1331vjyvhc9knen"}
{"type":"log","timestamp":1705184448638,"level":"debug","message":"Page request: GET (script) https://cdnjs.cloudflare.com/ajax/libs/Chart.js/2.7.2/Chart.min.js","meta":{"rootId":"elj2qg1qycmgp0m","id":"elj2qg1qycmgp0m"},"id":"462i0m4oer4aq0t","previousOperationId":"1331vjyvhc9knen"}
{"type":"log","timestamp":1705184448639,"level":"debug","message":"Page request finished: GET (document) 200 file:///C:/Users/Javier/AppData/Local/Temp/jsreport/autocleanup/9afdc809-52f8-4aba-9edf-1c4913222da3-chrome-pdf.html","meta":{"rootId":"elj2qg1qycmgp0m","id":"elj2qg1qycmgp0m"},"id":"bngooircit2vlsq","previousOperationId":"1331vjyvhc9knen"}
{"type":"log","timestamp":1705184448653,"level":"debug","message":"Page request finished: GET (stylesheet) 200 https://cdnjs.cloudflare.com/ajax/libs/metro/4.1.5/css/metro.min.css","meta":{"rootId":"elj2qg1qycmgp0m","id":"elj2qg1qycmgp0m"},"id":"ziqeuh8w7vtj8nv","previousOperationId":"1331vjyvhc9knen"}
{"type":"log","timestamp":1705184448653,"level":"debug","message":"Page request finished: GET (script) 200 https://cdnjs.cloudflare.com/ajax/libs/Chart.js/2.7.2/Chart.min.js","meta":{"rootId":"elj2qg1qycmgp0m","id":"elj2qg1qycmgp0m"},"id":"nzlhc37s1jb056f","previousOperationId":"1331vjyvhc9knen"}
{"type":"log","timestamp":1705184448718,"level":"debug","message":"Running chrome with params {\"printBackground\":true,\"timeout\":59947,\"margin\":{}}","meta":{"rootId":"elj2qg1qycmgp0m","id":"elj2qg1qycmgp0m"},"id":"ebt710anp7znp2f","previousOperationId":"1331vjyvhc9knen"}
{"type":"operationEnd","operationId":"1331vjyvhc9knen","timestamp":1705184448821,"id":"3tu6z6at5eeb14v","previousEventId":"wbroc2s8pcdlty6","previousOperationId":"1331vjyvhc9knen"}
{"type":"log","timestamp":1705184448821,"level":"debug","message":"Skipping storing report.","meta":{"rootId":"elj2qg1qycmgp0m","id":"elj2qg1qycmgp0m"},"id":"ztrj61ug71mkr1a","previousOperationId":"1331vjyvhc9knen"}
{"type":"log","timestamp":1705184448821,"level":"info","message":"Rendering request 5 finished in 356 ms","meta":{"rootId":"elj2qg1qycmgp0m","id":"elj2qg1qycmgp0m"},"id":"4bel9hh8gavaf5c","previousOperationId":"1331vjyvhc9knen"}
{"type":"operationEnd","subtype":"render","operationId":"8khzemkelt7riqc","timestamp":1705184448821,"id":"s6we6c4kq8gl0m5","previousEventId":"3tu6z6at5eeb14v","previousOperationId":"1331vjyvhc9knen"}
{"type":"operationEnd","doDiffs":false,"previousEventId":"e1s8mmcu5znpqlq","previousOperationId":"nnn0arwe40l1mrz","operationId":"nnn0arwe40l1mrz","timestamp":1705184448823,"id":"papprdxmihn2q6r"}
