{"type":"operationStart","subtype":"profile","data":{"_id":"jgKNVrdCTJ8hTNqr","timestamp":"2024-01-11T19:44:52.508Z","state":"queued","mode":"standard","creationDate":"2024-01-11T19:44:52.509Z","modificationDate":"2024-01-11T19:44:52.509Z","shortid":"xtRvMp_","$entitySet":"profiles"},"doDiffs":false,"timestamp":1705002292509,"id":"s3iiytrs0dljtce","previousOperationId":null,"operationId":"54r7qqwti3cl3b1"}
{"type":"log","level":"info","message":"Render request 31 queued for execution and waiting for available worker","previousOperationId":"54r7qqwti3cl3b1","timestamp":1705002292509,"id":"wuudzihf87olbrr"}
{"type":"operationStart","subtype":"render","name":"AveragePunctuation","previousOperationId":"54r7qqwti3cl3b1","timestamp":1705002292514,"id":"41ljz9cm8fa4hu2","previousEventId":"s3iiytrs0dljtce","operationId":"puzn04m3tka3lag"}
{"type":"log","timestamp":1705002292514,"level":"info","message":"Starting rendering request 31","meta":{"rootId":"eo8mw09rmxvznpq","id":"eo8mw09rmxvznpq"},"id":"m8iancekx6ihdir","previousOperationId":"puzn04m3tka3lag"}
{"type":"log","timestamp":1705002292514,"level":"info","message":"Rendering template { name: AveragePunctuation, recipe: chrome-pdf, engine: handlebars, preview: false }","meta":{"rootId":"eo8mw09rmxvznpq","id":"eo8mw09rmxvznpq"},"id":"osjgkg5qnjozkyy","previousOperationId":"puzn04m3tka3lag"}
{"type":"log","timestamp":1705002292515,"level":"debug","message":"Inline data specified.","meta":{"rootId":"eo8mw09rmxvznpq","id":"eo8mw09rmxvznpq"},"id":"b1ncg2j65j5q5v2","previousOperationId":"puzn04m3tka3lag"}
{"type":"log","timestamp":1705002292518,"level":"debug","message":"Executing script AveragePunctuation-script (beforeRender)","meta":{"rootId":"eo8mw09rmxvznpq","id":"eo8mw09rmxvznpq"},"id":"bo71pta6gy7zgcw","previousOperationId":"puzn04m3tka3lag"}
{"type":"operationStart","subtype":"scriptsBeforeRender","name":"scripts beforeRender","timestamp":1705002292549,"id":"mucjyyeszdyojcs","previousEventId":"41ljz9cm8fa4hu2","operationId":"nyj671gyegzq1om","previousOperationId":"puzn04m3tka3lag"}
{"type":"operationStart","subtype":"script","name":"scripts AveragePunctuation-script","previousOperationId":"nyj671gyegzq1om","timestamp":1705002292549,"id":"t50llsyxvbb50qk","previousEventId":"mucjyyeszdyojcs","operationId":"snzchur6frzlk7o"}
{"type":"operationEnd","operationId":"snzchur6frzlk7o","timestamp":1705002292574,"id":"ta0pmd1d884vxvy","previousEventId":"41ljz9cm8fa4hu2","previousOperationId":"puzn04m3tka3lag"}
{"type":"operationEnd","operationId":"nyj671gyegzq1om","timestamp":1705002292574,"id":"arza89suvundi5d","previousEventId":"ta0pmd1d884vxvy","previousOperationId":"puzn04m3tka3lag"}
{"type":"log","timestamp":1705002292574,"level":"debug","message":"Base url not specified, skipping its injection.","meta":{"rootId":"eo8mw09rmxvznpq","id":"eo8mw09rmxvznpq"},"id":"u7rdmrptwcqw2hf","previousOperationId":"nyj671gyegzq1om"}
{"type":"operationStart","subtype":"engine","name":"handlebars","timestamp":1705002292574,"id":"phkadnrx3pdlr3b","previousEventId":"arza89suvundi5d","operationId":"jar5e2hu26sms09","previousOperationId":"nyj671gyegzq1om"}
{"type":"log","timestamp":1705002292574,"level":"debug","message":"Rendering engine handlebars","meta":{"rootId":"eo8mw09rmxvznpq","id":"eo8mw09rmxvznpq"},"id":"ymqvpflvjuej78x","previousOperationId":"jar5e2hu26sms09"}
{"type":"operationEnd","operationId":"jar5e2hu26sms09","timestamp":1705002292585,"id":"wtnzw1uxffbm4rt","previousEventId":"phkadnrx3pdlr3b","previousOperationId":"jar5e2hu26sms09"}
{"type":"operationStart","subtype":"recipe","name":"chrome-pdf","timestamp":1705002292586,"id":"tim9mplwk2jzaa8","previousEventId":"wtnzw1uxffbm4rt","operationId":"ytgld1bfrnhkra8","previousOperationId":"jar5e2hu26sms09"}
{"type":"log","timestamp":1705002292586,"level":"debug","message":"Executing recipe chrome-pdf","meta":{"rootId":"eo8mw09rmxvznpq","id":"eo8mw09rmxvznpq"},"id":"oda8y02bzsihn8p","previousOperationId":"ytgld1bfrnhkra8"}
{"type":"log","timestamp":1705002292588,"level":"debug","message":"Converting with chrome HeadlessChrome/117.0.5938.149 using chrome-pool strategy","meta":{"rootId":"eo8mw09rmxvznpq","id":"eo8mw09rmxvznpq"},"id":"omae7fyhiwzovmn","previousOperationId":"ytgld1bfrnhkra8"}
{"type":"log","timestamp":1705002292660,"level":"debug","message":"Page request: GET (document) file:///C:/Users/Javier/AppData/Local/Temp/jsreport/autocleanup/1b108995-933b-4a15-849b-beea823c3f66-chrome-pdf.html","meta":{"rootId":"eo8mw09rmxvznpq","id":"eo8mw09rmxvznpq"},"id":"9htd8fz2q82599f","previousOperationId":"ytgld1bfrnhkra8"}
{"type":"log","timestamp":1705002292673,"level":"debug","message":"Page request finished: GET (document) 200 file:///C:/Users/Javier/AppData/Local/Temp/jsreport/autocleanup/1b108995-933b-4a15-849b-beea823c3f66-chrome-pdf.html","meta":{"rootId":"eo8mw09rmxvznpq","id":"eo8mw09rmxvznpq"},"id":"gmmco6eqbt8snfr","previousOperationId":"ytgld1bfrnhkra8"}
{"type":"log","timestamp":1705002292679,"level":"debug","message":"Running chrome with params {\"printBackground\":true,\"timeout\":59921,\"margin\":{}}","meta":{"rootId":"eo8mw09rmxvznpq","id":"eo8mw09rmxvznpq"},"id":"r4cq2yf01rynncr","previousOperationId":"ytgld1bfrnhkra8"}
{"type":"operationEnd","operationId":"ytgld1bfrnhkra8","timestamp":1705002292696,"id":"coybyegjvnnvgd9","previousEventId":"tim9mplwk2jzaa8","previousOperationId":"ytgld1bfrnhkra8"}
{"type":"log","timestamp":1705002292696,"level":"debug","message":"Skipping storing report.","meta":{"rootId":"eo8mw09rmxvznpq","id":"eo8mw09rmxvznpq"},"id":"vtx6afruu6z1v9o","previousOperationId":"ytgld1bfrnhkra8"}
{"type":"log","timestamp":1705002292696,"level":"info","message":"Rendering request 31 finished in 188 ms","meta":{"rootId":"eo8mw09rmxvznpq","id":"eo8mw09rmxvznpq"},"id":"92pdd33l39ndw8j","previousOperationId":"ytgld1bfrnhkra8"}
{"type":"operationEnd","subtype":"render","operationId":"puzn04m3tka3lag","timestamp":1705002292696,"id":"kecqai9qd5x60f2","previousEventId":"coybyegjvnnvgd9","previousOperationId":"ytgld1bfrnhkra8"}
{"type":"operationEnd","doDiffs":false,"previousEventId":"s3iiytrs0dljtce","previousOperationId":"54r7qqwti3cl3b1","operationId":"54r7qqwti3cl3b1","timestamp":1705002292700,"id":"9s630snn7ejguxh"}
