{"type":"operationStart","subtype":"profile","data":{"_id":"ZNLtmJMIalAm0w0K","timestamp":"2024-01-13T14:31:15.343Z","state":"queued","mode":"standard","creationDate":"2024-01-13T14:31:15.348Z","modificationDate":"2024-01-13T14:31:15.348Z","shortid":"ToGp0GV","$entitySet":"profiles"},"doDiffs":false,"timestamp":1705156275348,"id":"p67eu36xmbr6fiy","previousOperationId":null,"operationId":"i1kd4z8ke0okrus"}
{"type":"log","level":"info","message":"Render request 49 queued for execution and waiting for available worker","previousOperationId":"i1kd4z8ke0okrus","timestamp":1705156275348,"id":"vdewts2oxdj9jol"}
{"type":"operationStart","subtype":"render","name":"AveragePunctuation","previousOperationId":"i1kd4z8ke0okrus","timestamp":1705156275352,"id":"wpylsc6ml9hbaph","previousEventId":"p67eu36xmbr6fiy","operationId":"8egqqyo8fg0hag5"}
{"type":"log","timestamp":1705156275352,"level":"info","message":"Starting rendering request 49","meta":{"rootId":"eobtuj0uikza2hk","id":"eobtuj0uikza2hk"},"id":"n4qdgininlryyph","previousOperationId":"8egqqyo8fg0hag5"}
{"type":"log","timestamp":1705156275352,"level":"info","message":"Rendering template { name: AveragePunctuation, recipe: chrome-pdf, engine: handlebars, preview: false }","meta":{"rootId":"eobtuj0uikza2hk","id":"eobtuj0uikza2hk"},"id":"8t9h1wyi9hdgyto","previousOperationId":"8egqqyo8fg0hag5"}
{"type":"log","timestamp":1705156275352,"level":"debug","message":"Inline data specified.","meta":{"rootId":"eobtuj0uikza2hk","id":"eobtuj0uikza2hk"},"id":"zs69dhj7m99ksoe","previousOperationId":"8egqqyo8fg0hag5"}
{"type":"log","timestamp":1705156275354,"level":"debug","message":"Executing script AveragePunctuation-script (beforeRender)","meta":{"rootId":"eobtuj0uikza2hk","id":"eobtuj0uikza2hk"},"id":"qouu7hu4zpgr59b","previousOperationId":"8egqqyo8fg0hag5"}
{"type":"operationStart","subtype":"scriptsBeforeRender","name":"scripts beforeRender","timestamp":1705156275367,"id":"wwi2v29spt45xvs","previousEventId":"wpylsc6ml9hbaph","operationId":"k3rhqv3v76f0r18","previousOperationId":"8egqqyo8fg0hag5"}
{"type":"operationStart","subtype":"script","name":"scripts AveragePunctuation-script","previousOperationId":"k3rhqv3v76f0r18","timestamp":1705156275367,"id":"nm3l9z1ontclhyn","previousEventId":"wwi2v29spt45xvs","operationId":"sag7w33oxusid2t"}
{"type":"operationEnd","operationId":"sag7w33oxusid2t","timestamp":1705156275376,"id":"litdbbdh8a0hb2y","previousEventId":"wpylsc6ml9hbaph","previousOperationId":"8egqqyo8fg0hag5"}
{"type":"operationEnd","operationId":"k3rhqv3v76f0r18","timestamp":1705156275376,"id":"pbg5rfmsbzcki3g","previousEventId":"litdbbdh8a0hb2y","previousOperationId":"8egqqyo8fg0hag5"}
{"type":"log","timestamp":1705156275376,"level":"debug","message":"Base url not specified, skipping its injection.","meta":{"rootId":"eobtuj0uikza2hk","id":"eobtuj0uikza2hk"},"id":"zvaau4fq8kujyxj","previousOperationId":"k3rhqv3v76f0r18"}
{"type":"operationStart","subtype":"engine","name":"handlebars","timestamp":1705156275376,"id":"r6wx71paw7a6zz5","previousEventId":"pbg5rfmsbzcki3g","operationId":"1x9co6qpxtkj4zq","previousOperationId":"k3rhqv3v76f0r18"}
{"type":"log","timestamp":1705156275376,"level":"debug","message":"Rendering engine handlebars","meta":{"rootId":"eobtuj0uikza2hk","id":"eobtuj0uikza2hk"},"id":"8jsfl825fpt6dpv","previousOperationId":"1x9co6qpxtkj4zq"}
{"type":"operationEnd","operationId":"1x9co6qpxtkj4zq","timestamp":1705156275385,"id":"z79mqt8jtpxz7ug","previousEventId":"r6wx71paw7a6zz5","previousOperationId":"1x9co6qpxtkj4zq"}
{"type":"operationStart","subtype":"recipe","name":"chrome-pdf","timestamp":1705156275385,"id":"t97oywzmftz960h","previousEventId":"z79mqt8jtpxz7ug","operationId":"oyd3yisbmhimsos","previousOperationId":"1x9co6qpxtkj4zq"}
{"type":"log","timestamp":1705156275385,"level":"debug","message":"Executing recipe chrome-pdf","meta":{"rootId":"eobtuj0uikza2hk","id":"eobtuj0uikza2hk"},"id":"dovypmgjij0r2yn","previousOperationId":"oyd3yisbmhimsos"}
{"type":"log","timestamp":1705156275387,"level":"debug","message":"Converting with chrome HeadlessChrome/117.0.5938.149 using chrome-pool strategy","meta":{"rootId":"eobtuj0uikza2hk","id":"eobtuj0uikza2hk"},"id":"czqjz38tes82sqs","previousOperationId":"oyd3yisbmhimsos"}
{"type":"log","timestamp":1705156275454,"level":"debug","message":"Page request: GET (document) file:///C:/Users/Javier/AppData/Local/Temp/jsreport/autocleanup/115dcbd2-c247-41f4-8577-098cf853c859-chrome-pdf.html","meta":{"rootId":"eobtuj0uikza2hk","id":"eobtuj0uikza2hk"},"id":"8j8tokwk0mhd2d8","previousOperationId":"oyd3yisbmhimsos"}
{"type":"log","timestamp":1705156275489,"level":"debug","message":"Page request: GET (stylesheet) https://cdnjs.cloudflare.com/ajax/libs/metro/4.1.5/css/metro.min.css","meta":{"rootId":"eobtuj0uikza2hk","id":"eobtuj0uikza2hk"},"id":"p9q577e7jwkqezr","previousOperationId":"oyd3yisbmhimsos"}
{"type":"log","timestamp":1705156275490,"level":"debug","message":"Page request: GET (script) https://cdnjs.cloudflare.com/ajax/libs/Chart.js/2.7.2/Chart.min.js","meta":{"rootId":"eobtuj0uikza2hk","id":"eobtuj0uikza2hk"},"id":"12izokba29qz8jq","previousOperationId":"oyd3yisbmhimsos"}
{"type":"log","timestamp":1705156275490,"level":"debug","message":"Page request finished: GET (document) 200 file:///C:/Users/Javier/AppData/Local/Temp/jsreport/autocleanup/115dcbd2-c247-41f4-8577-098cf853c859-chrome-pdf.html","meta":{"rootId":"eobtuj0uikza2hk","id":"eobtuj0uikza2hk"},"id":"5v1wttsccc6wtem","previousOperationId":"oyd3yisbmhimsos"}
{"type":"log","timestamp":1705156275494,"level":"debug","message":"Page request finished: GET (script) 200 https://cdnjs.cloudflare.com/ajax/libs/Chart.js/2.7.2/Chart.min.js","meta":{"rootId":"eobtuj0uikza2hk","id":"eobtuj0uikza2hk"},"id":"q7oyrwcyoe1edsk","previousOperationId":"oyd3yisbmhimsos"}
{"type":"log","timestamp":1705156275504,"level":"debug","message":"Page request finished: GET (stylesheet) 200 https://cdnjs.cloudflare.com/ajax/libs/metro/4.1.5/css/metro.min.css","meta":{"rootId":"eobtuj0uikza2hk","id":"eobtuj0uikza2hk"},"id":"0jztuyyomy53mg5","previousOperationId":"oyd3yisbmhimsos"}
{"type":"log","timestamp":1705156275563,"level":"debug","message":"Running chrome with params {\"printBackground\":true,\"timeout\":59956,\"margin\":{}}","meta":{"rootId":"eobtuj0uikza2hk","id":"eobtuj0uikza2hk"},"id":"wk2xnwc4u570rnj","previousOperationId":"oyd3yisbmhimsos"}
{"type":"operationEnd","operationId":"oyd3yisbmhimsos","timestamp":1705156275658,"id":"w8c217byb2bzurh","previousEventId":"t97oywzmftz960h","previousOperationId":"oyd3yisbmhimsos"}
{"type":"log","timestamp":1705156275658,"level":"debug","message":"Skipping storing report.","meta":{"rootId":"eobtuj0uikza2hk","id":"eobtuj0uikza2hk"},"id":"z5z796kdk7xbgzp","previousOperationId":"oyd3yisbmhimsos"}
{"type":"log","timestamp":1705156275658,"level":"info","message":"Rendering request 49 finished in 316 ms","meta":{"rootId":"eobtuj0uikza2hk","id":"eobtuj0uikza2hk"},"id":"dsplofq9sahkrxl","previousOperationId":"oyd3yisbmhimsos"}
{"type":"operationEnd","subtype":"render","operationId":"8egqqyo8fg0hag5","timestamp":1705156275658,"id":"bashq81xhdqflwj","previousEventId":"w8c217byb2bzurh","previousOperationId":"oyd3yisbmhimsos"}
{"type":"operationEnd","doDiffs":false,"previousEventId":"p67eu36xmbr6fiy","previousOperationId":"i1kd4z8ke0okrus","operationId":"i1kd4z8ke0okrus","timestamp":1705156275660,"id":"tl6gjgkb8boekzv"}
