{"type":"operationStart","subtype":"profile","data":{"_id":"0KeYzK6fEUXfvnGv","timestamp":"2024-01-13T14:27:43.814Z","state":"queued","mode":"standard","creationDate":"2024-01-13T14:27:43.815Z","modificationDate":"2024-01-13T14:27:43.815Z","shortid":"dqlFlXD","$entitySet":"profiles"},"doDiffs":false,"timestamp":1705156063814,"id":"ifb3vu93plkoc98","previousOperationId":null,"operationId":"owgxfskoqr3cza5"}
{"type":"log","level":"info","message":"Render request 38 queued for execution and waiting for available worker","previousOperationId":"owgxfskoqr3cza5","timestamp":1705156063814,"id":"5bj9lfuxuy8f59i"}
{"type":"operationStart","subtype":"render","name":"AveragePunctuation","previousOperationId":"owgxfskoqr3cza5","timestamp":1705156063819,"id":"fq1qy36anaz4eil","previousEventId":"ifb3vu93plkoc98","operationId":"hlyiv0kgw570m1g"}
{"type":"log","timestamp":1705156063819,"level":"info","message":"Starting rendering request 38","meta":{"rootId":"eump5mrifluaf4t","id":"eump5mrifluaf4t"},"id":"bqm13ok0uax0xw4","previousOperationId":"hlyiv0kgw570m1g"}
{"type":"log","timestamp":1705156063819,"level":"info","message":"Rendering template { name: AveragePunctuation, recipe: chrome-pdf, engine: handlebars, preview: false }","meta":{"rootId":"eump5mrifluaf4t","id":"eump5mrifluaf4t"},"id":"7jblx1jvhqii1aw","previousOperationId":"hlyiv0kgw570m1g"}
{"type":"log","timestamp":1705156063819,"level":"debug","message":"Inline data specified.","meta":{"rootId":"eump5mrifluaf4t","id":"eump5mrifluaf4t"},"id":"t7lkzocvv4bhvjq","previousOperationId":"hlyiv0kgw570m1g"}
{"type":"log","timestamp":1705156063823,"level":"debug","message":"Executing script AveragePunctuation-script (beforeRender)","meta":{"rootId":"eump5mrifluaf4t","id":"eump5mrifluaf4t"},"id":"ojatv6n3iez3nv6","previousOperationId":"hlyiv0kgw570m1g"}
{"type":"operationStart","subtype":"scriptsBeforeRender","name":"scripts beforeRender","timestamp":1705156063837,"id":"qd0bouek6ga65ow","previousEventId":"fq1qy36anaz4eil","operationId":"qx3rdlbfhf2he37","previousOperationId":"hlyiv0kgw570m1g"}
{"type":"operationStart","subtype":"script","name":"scripts AveragePunctuation-script","previousOperationId":"qx3rdlbfhf2he37","timestamp":1705156063837,"id":"ij9ro0at0ak2qlg","previousEventId":"qd0bouek6ga65ow","operationId":"ky8nb0olkz8s57f"}
{"type":"operationEnd","operationId":"ky8nb0olkz8s57f","timestamp":1705156063846,"id":"pwhjqrg0g60lxj3","previousEventId":"fq1qy36anaz4eil","previousOperationId":"hlyiv0kgw570m1g"}
{"type":"operationEnd","operationId":"qx3rdlbfhf2he37","timestamp":1705156063846,"id":"p7ct8qqe5l0aznn","previousEventId":"pwhjqrg0g60lxj3","previousOperationId":"hlyiv0kgw570m1g"}
{"type":"log","timestamp":1705156063846,"level":"debug","message":"Base url not specified, skipping its injection.","meta":{"rootId":"eump5mrifluaf4t","id":"eump5mrifluaf4t"},"id":"vn3s7znp3xpf2rg","previousOperationId":"qx3rdlbfhf2he37"}
{"type":"operationStart","subtype":"engine","name":"handlebars","timestamp":1705156063847,"id":"dtg9v7aohxi1h1i","previousEventId":"p7ct8qqe5l0aznn","operationId":"61q9tmbmievqu95","previousOperationId":"qx3rdlbfhf2he37"}
{"type":"log","timestamp":1705156063847,"level":"debug","message":"Rendering engine handlebars","meta":{"rootId":"eump5mrifluaf4t","id":"eump5mrifluaf4t"},"id":"kfrarttrawih5pg","previousOperationId":"61q9tmbmievqu95"}
{"type":"operationEnd","operationId":"61q9tmbmievqu95","timestamp":1705156063855,"id":"l8k3fxkp55xfdv4","previousEventId":"dtg9v7aohxi1h1i","previousOperationId":"61q9tmbmievqu95"}
{"type":"operationStart","subtype":"recipe","name":"chrome-pdf","timestamp":1705156063856,"id":"4j0sde8ejdrkonz","previousEventId":"l8k3fxkp55xfdv4","operationId":"t6lx7xbawpt0g9p","previousOperationId":"61q9tmbmievqu95"}
{"type":"log","timestamp":1705156063856,"level":"debug","message":"Executing recipe chrome-pdf","meta":{"rootId":"eump5mrifluaf4t","id":"eump5mrifluaf4t"},"id":"tc9wfizpl2nlsc3","previousOperationId":"t6lx7xbawpt0g9p"}
{"type":"log","timestamp":1705156063857,"level":"debug","message":"Converting with chrome HeadlessChrome/117.0.5938.149 using chrome-pool strategy","meta":{"rootId":"eump5mrifluaf4t","id":"eump5mrifluaf4t"},"id":"mlxl1ujbbhz5l6m","previousOperationId":"t6lx7xbawpt0g9p"}
{"type":"log","timestamp":1705156063930,"level":"debug","message":"Page request: GET (document) file:///C:/Users/Javier/AppData/Local/Temp/jsreport/autocleanup/91b588cc-3ac2-4549-ae9d-ddbc6e1637cc-chrome-pdf.html","meta":{"rootId":"eump5mrifluaf4t","id":"eump5mrifluaf4t"},"id":"8ldrun69xp8dqx7","previousOperationId":"t6lx7xbawpt0g9p"}
{"type":"log","timestamp":1705156063973,"level":"debug","message":"Page request: GET (stylesheet) https://cdnjs.cloudflare.com/ajax/libs/metro/4.1.5/css/metro.min.css","meta":{"rootId":"eump5mrifluaf4t","id":"eump5mrifluaf4t"},"id":"d0rn19moe481nhi","previousOperationId":"t6lx7xbawpt0g9p"}
{"type":"log","timestamp":1705156063974,"level":"debug","message":"Page request: GET (script) https://cdnjs.cloudflare.com/ajax/libs/Chart.js/2.7.2/Chart.min.js","meta":{"rootId":"eump5mrifluaf4t","id":"eump5mrifluaf4t"},"id":"m94ip297i74d51f","previousOperationId":"t6lx7xbawpt0g9p"}
{"type":"log","timestamp":1705156063974,"level":"debug","message":"Page request finished: GET (document) 200 file:///C:/Users/Javier/AppData/Local/Temp/jsreport/autocleanup/91b588cc-3ac2-4549-ae9d-ddbc6e1637cc-chrome-pdf.html","meta":{"rootId":"eump5mrifluaf4t","id":"eump5mrifluaf4t"},"id":"ix6y912fqsxo0h6","previousOperationId":"t6lx7xbawpt0g9p"}
{"type":"log","timestamp":1705156063978,"level":"debug","message":"Page request finished: GET (script) 200 https://cdnjs.cloudflare.com/ajax/libs/Chart.js/2.7.2/Chart.min.js","meta":{"rootId":"eump5mrifluaf4t","id":"eump5mrifluaf4t"},"id":"5krh1t983s979we","previousOperationId":"t6lx7xbawpt0g9p"}
{"type":"log","timestamp":1705156063990,"level":"debug","message":"Page request finished: GET (stylesheet) 200 https://cdnjs.cloudflare.com/ajax/libs/metro/4.1.5/css/metro.min.css","meta":{"rootId":"eump5mrifluaf4t","id":"eump5mrifluaf4t"},"id":"osvc0zeuygnizeq","previousOperationId":"t6lx7xbawpt0g9p"}
{"type":"log","timestamp":1705156064057,"level":"debug","message":"Running chrome with params {\"printBackground\":true,\"timeout\":59956,\"margin\":{}}","meta":{"rootId":"eump5mrifluaf4t","id":"eump5mrifluaf4t"},"id":"atznygkmql3qlll","previousOperationId":"t6lx7xbawpt0g9p"}
{"type":"operationEnd","operationId":"t6lx7xbawpt0g9p","timestamp":1705156064152,"id":"765ht4kgkzwwpdz","previousEventId":"4j0sde8ejdrkonz","previousOperationId":"t6lx7xbawpt0g9p"}
{"type":"log","timestamp":1705156064152,"level":"debug","message":"Skipping storing report.","meta":{"rootId":"eump5mrifluaf4t","id":"eump5mrifluaf4t"},"id":"837jkk1egns60tl","previousOperationId":"t6lx7xbawpt0g9p"}
{"type":"log","timestamp":1705156064152,"level":"info","message":"Rendering request 38 finished in 339 ms","meta":{"rootId":"eump5mrifluaf4t","id":"eump5mrifluaf4t"},"id":"ysghkxoub2nnh31","previousOperationId":"t6lx7xbawpt0g9p"}
{"type":"operationEnd","subtype":"render","operationId":"hlyiv0kgw570m1g","timestamp":1705156064152,"id":"xq1zjgc8wmwc5cs","previousEventId":"765ht4kgkzwwpdz","previousOperationId":"t6lx7xbawpt0g9p"}
{"type":"operationEnd","doDiffs":false,"previousEventId":"ifb3vu93plkoc98","previousOperationId":"owgxfskoqr3cza5","operationId":"owgxfskoqr3cza5","timestamp":1705156064154,"id":"gqvfwm1vss1xe41"}
