{"type":"operationStart","subtype":"profile","data":{"_id":"9qNE5dD6ngUIqrL3","timestamp":"2024-01-13T14:26:31.746Z","state":"queued","mode":"standard","creationDate":"2024-01-13T14:26:31.747Z","modificationDate":"2024-01-13T14:26:31.747Z","shortid":"X8_-EWm","$entitySet":"profiles"},"doDiffs":false,"timestamp":1705155991747,"id":"yufloxtnkd5y3yy","previousOperationId":null,"operationId":"jlz6sb70igch7t3"}
{"type":"log","level":"info","message":"Render request 31 queued for execution and waiting for available worker","previousOperationId":"jlz6sb70igch7t3","timestamp":1705155991747,"id":"gh6qn4rwli5tzei"}
{"type":"operationStart","subtype":"render","name":"AveragePunctuation","previousOperationId":"jlz6sb70igch7t3","timestamp":1705155991751,"id":"m78695pe0sw4ae4","previousEventId":"yufloxtnkd5y3yy","operationId":"jh84a3tuieoz9ov"}
{"type":"log","timestamp":1705155991751,"level":"info","message":"Starting rendering request 31","meta":{"rootId":"eunql2j1s96i8xm","id":"eunql2j1s96i8xm"},"id":"vnh85bg8q9polq1","previousOperationId":"jh84a3tuieoz9ov"}
{"type":"log","timestamp":1705155991751,"level":"info","message":"Rendering template { name: AveragePunctuation, recipe: chrome-pdf, engine: handlebars, preview: false }","meta":{"rootId":"eunql2j1s96i8xm","id":"eunql2j1s96i8xm"},"id":"n9zem3xyzosgfag","previousOperationId":"jh84a3tuieoz9ov"}
{"type":"log","timestamp":1705155991755,"level":"debug","message":"Inline data specified.","meta":{"rootId":"eunql2j1s96i8xm","id":"eunql2j1s96i8xm"},"id":"cdzdypg1e0fd6cz","previousOperationId":"jh84a3tuieoz9ov"}
{"type":"log","timestamp":1705155991757,"level":"debug","message":"Executing script AveragePunctuation-script (beforeRender)","meta":{"rootId":"eunql2j1s96i8xm","id":"eunql2j1s96i8xm"},"id":"k0r911iymfqytyk","previousOperationId":"jh84a3tuieoz9ov"}
{"type":"operationStart","subtype":"scriptsBeforeRender","name":"scripts beforeRender","timestamp":1705155991770,"id":"34d2817ymv092hw","previousEventId":"m78695pe0sw4ae4","operationId":"eijkmh4sxewjpo3","previousOperationId":"jh84a3tuieoz9ov"}
{"type":"operationStart","subtype":"script","name":"scripts AveragePunctuation-script","previousOperationId":"eijkmh4sxewjpo3","timestamp":1705155991770,"id":"zt8sngtufxu3fm7","previousEventId":"34d2817ymv092hw","operationId":"5r4agylbenbamen"}
{"type":"operationEnd","operationId":"5r4agylbenbamen","timestamp":1705155991785,"id":"6srx1ocsgmoxzb5","previousEventId":"m78695pe0sw4ae4","previousOperationId":"jh84a3tuieoz9ov"}
{"type":"operationEnd","operationId":"eijkmh4sxewjpo3","timestamp":1705155991785,"id":"8a57lxvruzrkzbh","previousEventId":"6srx1ocsgmoxzb5","previousOperationId":"jh84a3tuieoz9ov"}
{"type":"log","timestamp":1705155991785,"level":"debug","message":"Base url not specified, skipping its injection.","meta":{"rootId":"eunql2j1s96i8xm","id":"eunql2j1s96i8xm"},"id":"7vm0y5e2oihgm6q","previousOperationId":"eijkmh4sxewjpo3"}
{"type":"operationStart","subtype":"engine","name":"handlebars","timestamp":1705155991785,"id":"ghbkmya2zrv56be","previousEventId":"8a57lxvruzrkzbh","operationId":"4w5mup6zjg0ps9o","previousOperationId":"eijkmh4sxewjpo3"}
{"type":"log","timestamp":1705155991785,"level":"debug","message":"Rendering engine handlebars","meta":{"rootId":"eunql2j1s96i8xm","id":"eunql2j1s96i8xm"},"id":"87ibrf5ji847qc2","previousOperationId":"4w5mup6zjg0ps9o"}
{"type":"operationEnd","operationId":"4w5mup6zjg0ps9o","timestamp":1705155991803,"id":"x6qx7l88jfd2sf3","previousEventId":"ghbkmya2zrv56be","previousOperationId":"4w5mup6zjg0ps9o"}
{"type":"operationStart","subtype":"recipe","name":"chrome-pdf","timestamp":1705155991804,"id":"omyu900p09m5p8e","previousEventId":"x6qx7l88jfd2sf3","operationId":"a9x4y85ynlj08gz","previousOperationId":"4w5mup6zjg0ps9o"}
{"type":"log","timestamp":1705155991804,"level":"debug","message":"Executing recipe chrome-pdf","meta":{"rootId":"eunql2j1s96i8xm","id":"eunql2j1s96i8xm"},"id":"vy30n6c2r1wv4hd","previousOperationId":"a9x4y85ynlj08gz"}
{"type":"log","timestamp":1705155991805,"level":"debug","message":"Converting with chrome HeadlessChrome/117.0.5938.149 using chrome-pool strategy","meta":{"rootId":"eunql2j1s96i8xm","id":"eunql2j1s96i8xm"},"id":"0ro5obvo6smn83e","previousOperationId":"a9x4y85ynlj08gz"}
{"type":"log","timestamp":1705155991883,"level":"debug","message":"Page request: GET (document) file:///C:/Users/Javier/AppData/Local/Temp/jsreport/autocleanup/e41c7914-4d99-46da-8a0f-7ed240453089-chrome-pdf.html","meta":{"rootId":"eunql2j1s96i8xm","id":"eunql2j1s96i8xm"},"id":"jm440x52t6gy7xn","previousOperationId":"a9x4y85ynlj08gz"}
{"type":"log","timestamp":1705155991935,"level":"debug","message":"Page request finished: GET (document) 200 file:///C:/Users/Javier/AppData/Local/Temp/jsreport/autocleanup/e41c7914-4d99-46da-8a0f-7ed240453089-chrome-pdf.html","meta":{"rootId":"eunql2j1s96i8xm","id":"eunql2j1s96i8xm"},"id":"wl6let6hbdovmu1","previousOperationId":"a9x4y85ynlj08gz"}
{"type":"log","timestamp":1705155991936,"level":"debug","message":"Page request: GET (stylesheet) https://cdnjs.cloudflare.com/ajax/libs/metro/4.1.5/css/metro.min.css","meta":{"rootId":"eunql2j1s96i8xm","id":"eunql2j1s96i8xm"},"id":"4uww9ex9dqgdvs7","previousOperationId":"a9x4y85ynlj08gz"}
{"type":"log","timestamp":1705155991936,"level":"debug","message":"Page request: GET (script) https://cdnjs.cloudflare.com/ajax/libs/Chart.js/2.7.2/Chart.min.js","meta":{"rootId":"eunql2j1s96i8xm","id":"eunql2j1s96i8xm"},"id":"hh3cx85pdny1t3x","previousOperationId":"a9x4y85ynlj08gz"}
{"type":"log","timestamp":1705155991940,"level":"debug","message":"Page request finished: GET (script) 200 https://cdnjs.cloudflare.com/ajax/libs/Chart.js/2.7.2/Chart.min.js","meta":{"rootId":"eunql2j1s96i8xm","id":"eunql2j1s96i8xm"},"id":"lzgnt47bausddge","previousOperationId":"a9x4y85ynlj08gz"}
{"type":"log","timestamp":1705155991951,"level":"debug","message":"Page request finished: GET (stylesheet) 200 https://cdnjs.cloudflare.com/ajax/libs/metro/4.1.5/css/metro.min.css","meta":{"rootId":"eunql2j1s96i8xm","id":"eunql2j1s96i8xm"},"id":"x3znnetj9zigxmq","previousOperationId":"a9x4y85ynlj08gz"}
{"type":"log","timestamp":1705155992008,"level":"debug","message":"Running chrome with params {\"printBackground\":true,\"timeout\":59941,\"margin\":{}}","meta":{"rootId":"eunql2j1s96i8xm","id":"eunql2j1s96i8xm"},"id":"rv3ye5z183netqr","previousOperationId":"a9x4y85ynlj08gz"}
{"type":"operationEnd","operationId":"a9x4y85ynlj08gz","timestamp":1705155992114,"id":"xdfm76cra7ffzw3","previousEventId":"omyu900p09m5p8e","previousOperationId":"a9x4y85ynlj08gz"}
{"type":"log","timestamp":1705155992114,"level":"debug","message":"Skipping storing report.","meta":{"rootId":"eunql2j1s96i8xm","id":"eunql2j1s96i8xm"},"id":"wd9w8in5qqqqx04","previousOperationId":"a9x4y85ynlj08gz"}
{"type":"log","timestamp":1705155992114,"level":"info","message":"Rendering request 31 finished in 368 ms","meta":{"rootId":"eunql2j1s96i8xm","id":"eunql2j1s96i8xm"},"id":"jo93278gbzq561r","previousOperationId":"a9x4y85ynlj08gz"}
{"type":"operationEnd","subtype":"render","operationId":"jh84a3tuieoz9ov","timestamp":1705155992114,"id":"aqwaaffe4vtry5j","previousEventId":"xdfm76cra7ffzw3","previousOperationId":"a9x4y85ynlj08gz"}
{"type":"operationEnd","doDiffs":false,"previousEventId":"yufloxtnkd5y3yy","previousOperationId":"jlz6sb70igch7t3","operationId":"jlz6sb70igch7t3","timestamp":1705155992115,"id":"x6tygw860w4ot1o"}
