{"type":"operationStart","subtype":"profile","data":{"_id":"vXg8436uEo9yqlxU","timestamp":"2024-01-13T16:53:52.994Z","state":"queued","mode":"standard","creationDate":"2024-01-13T16:53:52.995Z","modificationDate":"2024-01-13T16:53:52.995Z","shortid":"g96DSbz","$entitySet":"profiles"},"doDiffs":false,"timestamp":1705164832994,"id":"i3k42fjgof9v8mp","previousOperationId":null,"operationId":"b7v7chykomlnatg"}
{"type":"log","level":"info","message":"Render request 58 queued for execution and waiting for available worker","previousOperationId":"b7v7chykomlnatg","timestamp":1705164832994,"id":"oob94tkz8rmynlu"}
{"type":"operationStart","subtype":"render","name":"AveragePunctuation","previousOperationId":"b7v7chykomlnatg","timestamp":1705164833006,"id":"fp2mxqicfsi3gf2","previousEventId":"i3k42fjgof9v8mp","operationId":"lgx125q63sqfzsw"}
{"type":"log","timestamp":1705164833006,"level":"info","message":"Starting rendering request 58","meta":{"rootId":"eyckmkcrd04fwk2","id":"eyckmkcrd04fwk2"},"id":"d2mgpm3g23s6qdn","previousOperationId":"lgx125q63sqfzsw"}
{"type":"log","timestamp":1705164833007,"level":"info","message":"Rendering template { name: AveragePunctuation, recipe: chrome-pdf, engine: handlebars, preview: false }","meta":{"rootId":"eyckmkcrd04fwk2","id":"eyckmkcrd04fwk2"},"id":"9fhgzexomlbcxwr","previousOperationId":"lgx125q63sqfzsw"}
{"type":"log","timestamp":1705164833012,"level":"debug","message":"Inline data specified.","meta":{"rootId":"eyckmkcrd04fwk2","id":"eyckmkcrd04fwk2"},"id":"oxgay3249g24e1r","previousOperationId":"lgx125q63sqfzsw"}
{"type":"log","timestamp":1705164833020,"level":"debug","message":"Executing script AveragePunctuation-script (beforeRender)","meta":{"rootId":"eyckmkcrd04fwk2","id":"eyckmkcrd04fwk2"},"id":"qzoha68sw1o3sik","previousOperationId":"lgx125q63sqfzsw"}
{"type":"operationStart","subtype":"scriptsBeforeRender","name":"scripts beforeRender","timestamp":1705164833051,"id":"w1mkr13217t13ll","previousEventId":"fp2mxqicfsi3gf2","operationId":"zllbs9ac135d9j2","previousOperationId":"lgx125q63sqfzsw"}
{"type":"operationStart","subtype":"script","name":"scripts AveragePunctuation-script","previousOperationId":"zllbs9ac135d9j2","timestamp":1705164833051,"id":"tlyte01xdn377np","previousEventId":"w1mkr13217t13ll","operationId":"jg0hidvnb9h15py"}
{"type":"operationEnd","operationId":"jg0hidvnb9h15py","timestamp":1705164833069,"id":"sewb8hwfo0gqajr","previousEventId":"fp2mxqicfsi3gf2","previousOperationId":"lgx125q63sqfzsw"}
{"type":"operationEnd","operationId":"zllbs9ac135d9j2","timestamp":1705164833069,"id":"wfb4at9l66bv0vz","previousEventId":"sewb8hwfo0gqajr","previousOperationId":"lgx125q63sqfzsw"}
{"type":"log","timestamp":1705164833069,"level":"debug","message":"Base url not specified, skipping its injection.","meta":{"rootId":"eyckmkcrd04fwk2","id":"eyckmkcrd04fwk2"},"id":"e77ue3kzkshmni2","previousOperationId":"zllbs9ac135d9j2"}
{"type":"operationStart","subtype":"engine","name":"handlebars","timestamp":1705164833070,"id":"kw4i626mt4x0s8n","previousEventId":"wfb4at9l66bv0vz","operationId":"1i40yaznwcy1uqx","previousOperationId":"zllbs9ac135d9j2"}
{"type":"log","timestamp":1705164833070,"level":"debug","message":"Rendering engine handlebars","meta":{"rootId":"eyckmkcrd04fwk2","id":"eyckmkcrd04fwk2"},"id":"j9ggi1ids66yi6q","previousOperationId":"1i40yaznwcy1uqx"}
{"type":"operationEnd","operationId":"1i40yaznwcy1uqx","timestamp":1705164833087,"id":"emk1rzr4hf3tzrs","previousEventId":"kw4i626mt4x0s8n","previousOperationId":"1i40yaznwcy1uqx"}
{"type":"operationStart","subtype":"recipe","name":"chrome-pdf","timestamp":1705164833087,"id":"pb30d6c65k7hnww","previousEventId":"emk1rzr4hf3tzrs","operationId":"70ib81o1zyrum4e","previousOperationId":"1i40yaznwcy1uqx"}
{"type":"log","timestamp":1705164833087,"level":"debug","message":"Executing recipe chrome-pdf","meta":{"rootId":"eyckmkcrd04fwk2","id":"eyckmkcrd04fwk2"},"id":"4w64hky1q7j7f58","previousOperationId":"70ib81o1zyrum4e"}
{"type":"log","timestamp":1705164833090,"level":"debug","message":"Converting with chrome HeadlessChrome/117.0.5938.149 using chrome-pool strategy","meta":{"rootId":"eyckmkcrd04fwk2","id":"eyckmkcrd04fwk2"},"id":"b656dr45wxwp1b8","previousOperationId":"70ib81o1zyrum4e"}
{"type":"log","timestamp":1705164833190,"level":"debug","message":"Page request: GET (document) file:///C:/Users/Javier/AppData/Local/Temp/jsreport/autocleanup/86688a0c-c882-4a3f-845a-92b01b253de1-chrome-pdf.html","meta":{"rootId":"eyckmkcrd04fwk2","id":"eyckmkcrd04fwk2"},"id":"kp3fzp1rr5nsqb6","previousOperationId":"70ib81o1zyrum4e"}
{"type":"log","timestamp":1705164833223,"level":"debug","message":"Page request: GET (stylesheet) https://cdnjs.cloudflare.com/ajax/libs/metro/4.1.5/css/metro.min.css","meta":{"rootId":"eyckmkcrd04fwk2","id":"eyckmkcrd04fwk2"},"id":"q9t6yc989wld8oi","previousOperationId":"70ib81o1zyrum4e"}
{"type":"log","timestamp":1705164833223,"level":"debug","message":"Page request: GET (script) https://cdnjs.cloudflare.com/ajax/libs/Chart.js/2.7.2/Chart.min.js","meta":{"rootId":"eyckmkcrd04fwk2","id":"eyckmkcrd04fwk2"},"id":"m1mmmd2dkqs7dxf","previousOperationId":"70ib81o1zyrum4e"}
{"type":"log","timestamp":1705164833223,"level":"debug","message":"Page request finished: GET (document) 200 file:///C:/Users/Javier/AppData/Local/Temp/jsreport/autocleanup/86688a0c-c882-4a3f-845a-92b01b253de1-chrome-pdf.html","meta":{"rootId":"eyckmkcrd04fwk2","id":"eyckmkcrd04fwk2"},"id":"0au0guzcjm1xlhv","previousOperationId":"70ib81o1zyrum4e"}
{"type":"log","timestamp":1705164833245,"level":"debug","message":"Page request finished: GET (stylesheet) 200 https://cdnjs.cloudflare.com/ajax/libs/metro/4.1.5/css/metro.min.css","meta":{"rootId":"eyckmkcrd04fwk2","id":"eyckmkcrd04fwk2"},"id":"1hhi2re26zlx0yu","previousOperationId":"70ib81o1zyrum4e"}
{"type":"log","timestamp":1705164833245,"level":"debug","message":"Page request finished: GET (script) 200 https://cdnjs.cloudflare.com/ajax/libs/Chart.js/2.7.2/Chart.min.js","meta":{"rootId":"eyckmkcrd04fwk2","id":"eyckmkcrd04fwk2"},"id":"ldoysvu9ua3hp75","previousOperationId":"70ib81o1zyrum4e"}
{"type":"log","timestamp":1705164833302,"level":"debug","message":"Running chrome with params {\"printBackground\":true,\"timeout\":59904,\"margin\":{}}","meta":{"rootId":"eyckmkcrd04fwk2","id":"eyckmkcrd04fwk2"},"id":"ezg2uuzr1xowhzu","previousOperationId":"70ib81o1zyrum4e"}
{"type":"operationEnd","operationId":"70ib81o1zyrum4e","timestamp":1705164833399,"id":"zcetgl7i69eqiz3","previousEventId":"pb30d6c65k7hnww","previousOperationId":"70ib81o1zyrum4e"}
{"type":"log","timestamp":1705164833399,"level":"debug","message":"Skipping storing report.","meta":{"rootId":"eyckmkcrd04fwk2","id":"eyckmkcrd04fwk2"},"id":"7ehcknxk2omj8hg","previousOperationId":"70ib81o1zyrum4e"}
{"type":"log","timestamp":1705164833399,"level":"info","message":"Rendering request 58 finished in 406 ms","meta":{"rootId":"eyckmkcrd04fwk2","id":"eyckmkcrd04fwk2"},"id":"oxtx10a25m9myjj","previousOperationId":"70ib81o1zyrum4e"}
{"type":"operationEnd","subtype":"render","operationId":"lgx125q63sqfzsw","timestamp":1705164833399,"id":"wh4km77rhv6b62q","previousEventId":"zcetgl7i69eqiz3","previousOperationId":"70ib81o1zyrum4e"}
{"type":"operationEnd","doDiffs":false,"previousEventId":"i3k42fjgof9v8mp","previousOperationId":"b7v7chykomlnatg","operationId":"b7v7chykomlnatg","timestamp":1705164833401,"id":"pw8smv3xt3g2pmw"}
