{"type":"operationStart","subtype":"profile","data":{"_id":"75oEVCVRLftau9Lj","timestamp":"2024-01-11T17:08:29.587Z","state":"queued","mode":"standard","creationDate":"2024-01-11T17:08:29.589Z","modificationDate":"2024-01-11T17:08:29.589Z","shortid":"ViZyCpb","$entitySet":"profiles"},"doDiffs":false,"timestamp":1704992909588,"id":"so2kxwh544clcpw","previousOperationId":null,"operationId":"hykqxcb33u2hqnq"}
{"type":"log","level":"info","message":"Render request 20 queued for execution and waiting for available worker","previousOperationId":"hykqxcb33u2hqnq","timestamp":1704992909588,"id":"zkp7f4sv0oagkmh"}
{"type":"operationStart","subtype":"render","name":"AveragePunctuation","previousOperationId":"hykqxcb33u2hqnq","timestamp":1704992909594,"id":"hye3m1k1pdx0gq7","previousEventId":"so2kxwh544clcpw","operationId":"rdn2xvu9n25ldcy"}
{"type":"log","timestamp":1704992909594,"level":"info","message":"Starting rendering request 20","meta":{"rootId":"eyuxcyufhggu5ai","id":"eyuxcyufhggu5ai"},"id":"4wqzbcyp0sinntc","previousOperationId":"rdn2xvu9n25ldcy"}
{"type":"log","timestamp":1704992909594,"level":"info","message":"Rendering template { name: AveragePunctuation, recipe: chrome-pdf, engine: handlebars, preview: false }","meta":{"rootId":"eyuxcyufhggu5ai","id":"eyuxcyufhggu5ai"},"id":"1g2tjhtvkue14cb","previousOperationId":"rdn2xvu9n25ldcy"}
{"type":"log","timestamp":1704992909595,"level":"debug","message":"Inline data specified.","meta":{"rootId":"eyuxcyufhggu5ai","id":"eyuxcyufhggu5ai"},"id":"mkk9fek9wotap38","previousOperationId":"rdn2xvu9n25ldcy"}
{"type":"log","timestamp":1704992909599,"level":"debug","message":"Executing script AveragePunctuation-script (beforeRender)","meta":{"rootId":"eyuxcyufhggu5ai","id":"eyuxcyufhggu5ai"},"id":"b9cpwpu1jk4y97d","previousOperationId":"rdn2xvu9n25ldcy"}
{"type":"operationStart","subtype":"scriptsBeforeRender","name":"scripts beforeRender","timestamp":1704992909620,"id":"1of37bejm4o7y80","previousEventId":"hye3m1k1pdx0gq7","operationId":"i60qbcbb9lxtt9s","previousOperationId":"rdn2xvu9n25ldcy"}
{"type":"operationStart","subtype":"script","name":"scripts AveragePunctuation-script","previousOperationId":"i60qbcbb9lxtt9s","timestamp":1704992909620,"id":"00cyhe97414waau","previousEventId":"1of37bejm4o7y80","operationId":"dyyvuadkovtqbqn"}
{"type":"operationEnd","operationId":"dyyvuadkovtqbqn","timestamp":1704992909632,"id":"xvj6uo3xc66cho0","previousEventId":"hye3m1k1pdx0gq7","previousOperationId":"rdn2xvu9n25ldcy"}
{"type":"operationEnd","operationId":"i60qbcbb9lxtt9s","timestamp":1704992909632,"id":"j8er6bnc5za0hhn","previousEventId":"xvj6uo3xc66cho0","previousOperationId":"rdn2xvu9n25ldcy"}
{"type":"log","timestamp":1704992909632,"level":"debug","message":"Base url not specified, skipping its injection.","meta":{"rootId":"eyuxcyufhggu5ai","id":"eyuxcyufhggu5ai"},"id":"qhjqg5okmf5sci0","previousOperationId":"i60qbcbb9lxtt9s"}
{"type":"operationStart","subtype":"engine","name":"handlebars","timestamp":1704992909632,"id":"w5sxegob1z1mzxi","previousEventId":"j8er6bnc5za0hhn","operationId":"pa9ctng26styc50","previousOperationId":"i60qbcbb9lxtt9s"}
{"type":"log","timestamp":1704992909632,"level":"debug","message":"Rendering engine handlebars","meta":{"rootId":"eyuxcyufhggu5ai","id":"eyuxcyufhggu5ai"},"id":"cl5t44zlofrf51d","previousOperationId":"pa9ctng26styc50"}
{"type":"operationEnd","operationId":"pa9ctng26styc50","timestamp":1704992909640,"id":"s8nb1nphb4rx9i9","previousEventId":"w5sxegob1z1mzxi","previousOperationId":"pa9ctng26styc50"}
{"type":"operationStart","subtype":"recipe","name":"chrome-pdf","timestamp":1704992909640,"id":"qc49oezxkvpy2b5","previousEventId":"s8nb1nphb4rx9i9","operationId":"xszboifb5imolz2","previousOperationId":"pa9ctng26styc50"}
{"type":"log","timestamp":1704992909640,"level":"debug","message":"Executing recipe chrome-pdf","meta":{"rootId":"eyuxcyufhggu5ai","id":"eyuxcyufhggu5ai"},"id":"030rvqeyrvejgb9","previousOperationId":"xszboifb5imolz2"}
{"type":"log","timestamp":1704992909642,"level":"debug","message":"Converting with chrome HeadlessChrome/117.0.5938.149 using chrome-pool strategy","meta":{"rootId":"eyuxcyufhggu5ai","id":"eyuxcyufhggu5ai"},"id":"0wfs2cir7i7txdo","previousOperationId":"xszboifb5imolz2"}
{"type":"log","timestamp":1704992909711,"level":"debug","message":"Page request: GET (document) file:///C:/Users/Javier/AppData/Local/Temp/jsreport/autocleanup/7d7e6077-624c-4a1c-9444-5bf7b78e5f3c-chrome-pdf.html","meta":{"rootId":"eyuxcyufhggu5ai","id":"eyuxcyufhggu5ai"},"id":"nqpyqueskb009bs","previousOperationId":"xszboifb5imolz2"}
{"type":"log","timestamp":1704992909722,"level":"debug","message":"Page request finished: GET (document) 200 file:///C:/Users/Javier/AppData/Local/Temp/jsreport/autocleanup/7d7e6077-624c-4a1c-9444-5bf7b78e5f3c-chrome-pdf.html","meta":{"rootId":"eyuxcyufhggu5ai","id":"eyuxcyufhggu5ai"},"id":"1vkonni727nbo4q","previousOperationId":"xszboifb5imolz2"}
{"type":"log","timestamp":1704992909725,"level":"debug","message":"Running chrome with params {\"printBackground\":true,\"timeout\":59946,\"margin\":{}}","meta":{"rootId":"eyuxcyufhggu5ai","id":"eyuxcyufhggu5ai"},"id":"bgzeid4jnkxus2p","previousOperationId":"xszboifb5imolz2"}
{"type":"operationEnd","operationId":"xszboifb5imolz2","timestamp":1704992909734,"id":"6yogcgsd2krim0v","previousEventId":"qc49oezxkvpy2b5","previousOperationId":"xszboifb5imolz2"}
{"type":"log","timestamp":1704992909734,"level":"debug","message":"Skipping storing report.","meta":{"rootId":"eyuxcyufhggu5ai","id":"eyuxcyufhggu5ai"},"id":"rsjfk6btom3eyot","previousOperationId":"xszboifb5imolz2"}
{"type":"log","timestamp":1704992909734,"level":"info","message":"Rendering request 20 finished in 147 ms","meta":{"rootId":"eyuxcyufhggu5ai","id":"eyuxcyufhggu5ai"},"id":"9p53hx0rwwe170r","previousOperationId":"xszboifb5imolz2"}
{"type":"operationEnd","subtype":"render","operationId":"rdn2xvu9n25ldcy","timestamp":1704992909734,"id":"errtk7ms4d50w15","previousEventId":"6yogcgsd2krim0v","previousOperationId":"xszboifb5imolz2"}
{"type":"operationEnd","doDiffs":false,"previousEventId":"so2kxwh544clcpw","previousOperationId":"hykqxcb33u2hqnq","operationId":"hykqxcb33u2hqnq","timestamp":1704992909738,"id":"mnt1udjn2ih0193"}
