{"type":"operationStart","subtype":"profile","data":{"_id":"wxSXVm4esy0bDkg4","timestamp":"2024-01-13T13:51:37.240Z","state":"queued","mode":"standard","creationDate":"2024-01-13T13:51:37.242Z","modificationDate":"2024-01-13T13:51:37.242Z","shortid":"3gWQZev","$entitySet":"profiles"},"doDiffs":false,"timestamp":1705153897241,"id":"v5fz3fdiek10as9","previousOperationId":null,"operationId":"5frwvr6rvx455pr"}
{"type":"log","level":"info","message":"Render request 5 queued for execution and waiting for available worker","previousOperationId":"5frwvr6rvx455pr","timestamp":1705153897241,"id":"oqekp7bn0josdwk"}
{"type":"operationStart","subtype":"render","name":"AveragePunctuation","previousOperationId":"5frwvr6rvx455pr","timestamp":1705153897248,"id":"mtsoaojhtjr2qsg","previousEventId":"v5fz3fdiek10as9","operationId":"1ltrttim0a0qx99"}
{"type":"log","timestamp":1705153897248,"level":"info","message":"Starting rendering request 5","meta":{"rootId":"f5pdrhbymukjoug","id":"f5pdrhbymukjoug"},"id":"vsqorcf1411qolz","previousOperationId":"1ltrttim0a0qx99"}
{"type":"log","timestamp":1705153897248,"level":"info","message":"Rendering template { name: AveragePunctuation, recipe: chrome-pdf, engine: handlebars, preview: false }","meta":{"rootId":"f5pdrhbymukjoug","id":"f5pdrhbymukjoug"},"id":"4baj3emg5r8xt7n","previousOperationId":"1ltrttim0a0qx99"}
{"type":"log","timestamp":1705153897249,"level":"debug","message":"Inline data specified.","meta":{"rootId":"f5pdrhbymukjoug","id":"f5pdrhbymukjoug"},"id":"jzb0n7rat6j4y3q","previousOperationId":"1ltrttim0a0qx99"}
{"type":"log","timestamp":1705153897250,"level":"debug","message":"Executing script AveragePunctuation-script (beforeRender)","meta":{"rootId":"f5pdrhbymukjoug","id":"f5pdrhbymukjoug"},"id":"kyt1y9q217t7bc9","previousOperationId":"1ltrttim0a0qx99"}
{"type":"operationStart","subtype":"scriptsBeforeRender","name":"scripts beforeRender","timestamp":1705153897285,"id":"tmfpu7qp0c9v5rk","previousEventId":"mtsoaojhtjr2qsg","operationId":"niayhw8udu1yrz0","previousOperationId":"1ltrttim0a0qx99"}
{"type":"operationStart","subtype":"script","name":"scripts AveragePunctuation-script","previousOperationId":"niayhw8udu1yrz0","timestamp":1705153897285,"id":"qinxowfira397mb","previousEventId":"tmfpu7qp0c9v5rk","operationId":"m3ziuzrg1ghuiiw"}
{"type":"operationEnd","operationId":"m3ziuzrg1ghuiiw","timestamp":1705153897302,"id":"1u6ggq7a63fxfv2","previousEventId":"mtsoaojhtjr2qsg","previousOperationId":"1ltrttim0a0qx99"}
{"type":"operationEnd","operationId":"niayhw8udu1yrz0","timestamp":1705153897302,"id":"2ek2l45vojh8gya","previousEventId":"1u6ggq7a63fxfv2","previousOperationId":"1ltrttim0a0qx99"}
{"type":"log","timestamp":1705153897303,"level":"debug","message":"Base url not specified, skipping its injection.","meta":{"rootId":"f5pdrhbymukjoug","id":"f5pdrhbymukjoug"},"id":"1tkfp656qxisdzy","previousOperationId":"niayhw8udu1yrz0"}
{"type":"operationStart","subtype":"engine","name":"handlebars","timestamp":1705153897303,"id":"pj27w465qoh75aq","previousEventId":"2ek2l45vojh8gya","operationId":"b4alpeyoshiip6m","previousOperationId":"niayhw8udu1yrz0"}
{"type":"log","timestamp":1705153897303,"level":"debug","message":"Rendering engine handlebars","meta":{"rootId":"f5pdrhbymukjoug","id":"f5pdrhbymukjoug"},"id":"vmok77ows2lyax6","previousOperationId":"b4alpeyoshiip6m"}
{"type":"operationEnd","operationId":"b4alpeyoshiip6m","timestamp":1705153897317,"id":"johqomo9zr6fhk3","previousEventId":"pj27w465qoh75aq","previousOperationId":"b4alpeyoshiip6m"}
{"type":"operationStart","subtype":"recipe","name":"chrome-pdf","timestamp":1705153897318,"id":"ij7jwg0syatfi77","previousEventId":"johqomo9zr6fhk3","operationId":"tgb4eazop7htj3i","previousOperationId":"b4alpeyoshiip6m"}
{"type":"log","timestamp":1705153897318,"level":"debug","message":"Executing recipe chrome-pdf","meta":{"rootId":"f5pdrhbymukjoug","id":"f5pdrhbymukjoug"},"id":"xb9kxpqtiurdu11","previousOperationId":"tgb4eazop7htj3i"}
{"type":"log","timestamp":1705153897320,"level":"debug","message":"Converting with chrome HeadlessChrome/117.0.5938.149 using chrome-pool strategy","meta":{"rootId":"f5pdrhbymukjoug","id":"f5pdrhbymukjoug"},"id":"suwq76ox7wc0h34","previousOperationId":"tgb4eazop7htj3i"}
{"type":"log","timestamp":1705153897395,"level":"debug","message":"Page request: GET (document) file:///C:/Users/Javier/AppData/Local/Temp/jsreport/autocleanup/533d4631-ac19-4234-bf92-394f16aa2d61-chrome-pdf.html","meta":{"rootId":"f5pdrhbymukjoug","id":"f5pdrhbymukjoug"},"id":"o7isdxo6fbfbo24","previousOperationId":"tgb4eazop7htj3i"}
{"type":"log","timestamp":1705153897432,"level":"debug","message":"Page request: GET (script) https://cdn.jsdelivr.net/npm/chart.js","meta":{"rootId":"f5pdrhbymukjoug","id":"f5pdrhbymukjoug"},"id":"0gp286uwka2omrm","previousOperationId":"tgb4eazop7htj3i"}
{"type":"log","timestamp":1705153897433,"level":"debug","message":"Page request finished: GET (document) 200 file:///C:/Users/Javier/AppData/Local/Temp/jsreport/autocleanup/533d4631-ac19-4234-bf92-394f16aa2d61-chrome-pdf.html","meta":{"rootId":"f5pdrhbymukjoug","id":"f5pdrhbymukjoug"},"id":"1vc4w12joo3jopf","previousOperationId":"tgb4eazop7htj3i"}
{"type":"log","timestamp":1705153897634,"level":"debug","message":"Page request finished: GET (script) 200 https://cdn.jsdelivr.net/npm/chart.js","meta":{"rootId":"f5pdrhbymukjoug","id":"f5pdrhbymukjoug"},"id":"9q64widcy48fi7o","previousOperationId":"tgb4eazop7htj3i"}
{"type":"log","timestamp":1705153897639,"level":"warn","message":"Page error: Unexpected string , stack: SyntaxError: Unexpected string","meta":{"rootId":"f5pdrhbymukjoug","id":"f5pdrhbymukjoug"},"id":"zrmagp4968hgy0q","previousOperationId":"tgb4eazop7htj3i"}
{"type":"log","timestamp":1705153897639,"level":"warn","message":"Page error: Unexpected string , stack: SyntaxError: Unexpected string","meta":{"rootId":"f5pdrhbymukjoug","id":"f5pdrhbymukjoug"},"id":"8ca14abr6dg1efb","previousOperationId":"tgb4eazop7htj3i"}
{"type":"log","timestamp":1705153897639,"level":"warn","message":"Page error: Unexpected string , stack: SyntaxError: Unexpected string","meta":{"rootId":"f5pdrhbymukjoug","id":"f5pdrhbymukjoug"},"id":"n7rw89lha5bt99p","previousOperationId":"tgb4eazop7htj3i"}
{"type":"log","timestamp":1705153897640,"level":"warn","message":"Page error: Unexpected string , stack: SyntaxError: Unexpected string","meta":{"rootId":"f5pdrhbymukjoug","id":"f5pdrhbymukjoug"},"id":"z2etx2y4txcajg9","previousOperationId":"tgb4eazop7htj3i"}
{"type":"log","timestamp":1705153897651,"level":"debug","message":"Running chrome with params {\"printBackground\":true,\"timeout\":59920,\"margin\":{}}","meta":{"rootId":"f5pdrhbymukjoug","id":"f5pdrhbymukjoug"},"id":"3976l1ox6m5u3zt","previousOperationId":"tgb4eazop7htj3i"}
{"type":"operationEnd","operationId":"tgb4eazop7htj3i","timestamp":1705153897685,"id":"m90o9letbvwojva","previousEventId":"ij7jwg0syatfi77","previousOperationId":"tgb4eazop7htj3i"}
{"type":"log","timestamp":1705153897685,"level":"debug","message":"Skipping storing report.","meta":{"rootId":"f5pdrhbymukjoug","id":"f5pdrhbymukjoug"},"id":"fod21b6exoovcpn","previousOperationId":"tgb4eazop7htj3i"}
{"type":"log","timestamp":1705153897685,"level":"info","message":"Rendering request 5 finished in 446 ms","meta":{"rootId":"f5pdrhbymukjoug","id":"f5pdrhbymukjoug"},"id":"uf7nt7tykzzt766","previousOperationId":"tgb4eazop7htj3i"}
{"type":"operationEnd","subtype":"render","operationId":"1ltrttim0a0qx99","timestamp":1705153897685,"id":"tkdwuf5p2h6bezc","previousEventId":"m90o9letbvwojva","previousOperationId":"tgb4eazop7htj3i"}
{"type":"operationEnd","doDiffs":false,"previousEventId":"v5fz3fdiek10as9","previousOperationId":"5frwvr6rvx455pr","operationId":"5frwvr6rvx455pr","timestamp":1705153897689,"id":"gtl50cjdbf308li"}
