{"type":"operationStart","subtype":"profile","data":{"_id":"x4VIg7j1OMK9lROS","timestamp":"2024-01-13T22:26:25.997Z","state":"queued","mode":"standard","creationDate":"2024-01-13T22:26:25.998Z","modificationDate":"2024-01-13T22:26:25.998Z","shortid":"MZC4mGO","$entitySet":"profiles"},"doDiffs":false,"timestamp":1705184785997,"id":"djtonicwmgin2kl","previousOperationId":null,"operationId":"ot2w35o4srophe2"}
{"type":"log","level":"info","message":"Render request 8 queued for execution and waiting for available worker","previousOperationId":"ot2w35o4srophe2","timestamp":1705184785997,"id":"xt7a0phgr8cxcdm"}
{"type":"operationStart","subtype":"render","name":"AveragePunctuation","previousOperationId":"ot2w35o4srophe2","timestamp":1705184786003,"id":"n9njwbh448d4jip","previousEventId":"djtonicwmgin2kl","operationId":"v2gunvjthkb6n5w"}
{"type":"log","timestamp":1705184786003,"level":"info","message":"Starting rendering request 8","meta":{"rootId":"fa6gf1lblsho0uz","id":"fa6gf1lblsho0uz"},"id":"20cf6vutvhwfgbx","previousOperationId":"v2gunvjthkb6n5w"}
{"type":"log","timestamp":1705184786003,"level":"info","message":"Rendering template { name: AveragePunctuation, recipe: chrome-pdf, engine: handlebars, preview: false }","meta":{"rootId":"fa6gf1lblsho0uz","id":"fa6gf1lblsho0uz"},"id":"8mglyej7ejrxutc","previousOperationId":"v2gunvjthkb6n5w"}
{"type":"log","timestamp":1705184786004,"level":"debug","message":"Inline data specified.","meta":{"rootId":"fa6gf1lblsho0uz","id":"fa6gf1lblsho0uz"},"id":"7d2zaweuwi18uz5","previousOperationId":"v2gunvjthkb6n5w"}
{"type":"log","timestamp":1705184786006,"level":"debug","message":"Executing script AveragePunctuation-script (beforeRender)","meta":{"rootId":"fa6gf1lblsho0uz","id":"fa6gf1lblsho0uz"},"id":"166of6a1v2yh2zf","previousOperationId":"v2gunvjthkb6n5w"}
{"type":"operationStart","subtype":"scriptsBeforeRender","name":"scripts beforeRender","timestamp":1705184786024,"id":"hfnw96q9ti7cxl3","previousEventId":"n9njwbh448d4jip","operationId":"6cdueinot8bf01j","previousOperationId":"v2gunvjthkb6n5w"}
{"type":"operationStart","subtype":"script","name":"scripts AveragePunctuation-script","previousOperationId":"6cdueinot8bf01j","timestamp":1705184786024,"id":"0adr75ed2c2pnj9","previousEventId":"hfnw96q9ti7cxl3","operationId":"h5gc8fk2t73bu2y"}
{"type":"operationEnd","operationId":"h5gc8fk2t73bu2y","timestamp":1705184786049,"id":"71c2nrn3juxvkii","previousEventId":"n9njwbh448d4jip","previousOperationId":"v2gunvjthkb6n5w"}
{"type":"operationEnd","operationId":"6cdueinot8bf01j","timestamp":1705184786049,"id":"4h95hu8v56dyu8e","previousEventId":"71c2nrn3juxvkii","previousOperationId":"v2gunvjthkb6n5w"}
{"type":"log","timestamp":1705184786049,"level":"debug","message":"Base url not specified, skipping its injection.","meta":{"rootId":"fa6gf1lblsho0uz","id":"fa6gf1lblsho0uz"},"id":"05y2brh371kdpt2","previousOperationId":"6cdueinot8bf01j"}
{"type":"operationStart","subtype":"engine","name":"handlebars","timestamp":1705184786049,"id":"pfzuaqtzez6ogtd","previousEventId":"4h95hu8v56dyu8e","operationId":"2kjuwrujjspmeyg","previousOperationId":"6cdueinot8bf01j"}
{"type":"log","timestamp":1705184786049,"level":"debug","message":"Rendering engine handlebars","meta":{"rootId":"fa6gf1lblsho0uz","id":"fa6gf1lblsho0uz"},"id":"fuw7vdkcppqvrhu","previousOperationId":"2kjuwrujjspmeyg"}
{"type":"operationEnd","operationId":"2kjuwrujjspmeyg","timestamp":1705184786061,"id":"7ho69jz5ivbgzmv","previousEventId":"pfzuaqtzez6ogtd","previousOperationId":"2kjuwrujjspmeyg"}
{"type":"operationStart","subtype":"recipe","name":"chrome-pdf","timestamp":1705184786061,"id":"xl7nrn0oo10ewrx","previousEventId":"7ho69jz5ivbgzmv","operationId":"1f064xlj7bdwcsj","previousOperationId":"2kjuwrujjspmeyg"}
{"type":"log","timestamp":1705184786061,"level":"debug","message":"Executing recipe chrome-pdf","meta":{"rootId":"fa6gf1lblsho0uz","id":"fa6gf1lblsho0uz"},"id":"jw8cid1ne37aqa6","previousOperationId":"1f064xlj7bdwcsj"}
{"type":"log","timestamp":1705184786064,"level":"debug","message":"Converting with chrome HeadlessChrome/117.0.5938.149 using chrome-pool strategy","meta":{"rootId":"fa6gf1lblsho0uz","id":"fa6gf1lblsho0uz"},"id":"6p9nl90502t9ntv","previousOperationId":"1f064xlj7bdwcsj"}
{"type":"log","timestamp":1705184786141,"level":"debug","message":"Page request: GET (document) file:///C:/Users/Javier/AppData/Local/Temp/jsreport/autocleanup/26d129f7-2592-46c0-8831-fe5865ae0820-chrome-pdf.html","meta":{"rootId":"fa6gf1lblsho0uz","id":"fa6gf1lblsho0uz"},"id":"kc36bxymyyxhnvw","previousOperationId":"1f064xlj7bdwcsj"}
{"type":"log","timestamp":1705184786183,"level":"debug","message":"Page request: GET (stylesheet) https://cdnjs.cloudflare.com/ajax/libs/metro/4.1.5/css/metro.min.css","meta":{"rootId":"fa6gf1lblsho0uz","id":"fa6gf1lblsho0uz"},"id":"yum7c0rejjcfuf3","previousOperationId":"1f064xlj7bdwcsj"}
{"type":"log","timestamp":1705184786183,"level":"debug","message":"Page request: GET (script) https://cdnjs.cloudflare.com/ajax/libs/Chart.js/2.7.2/Chart.min.js","meta":{"rootId":"fa6gf1lblsho0uz","id":"fa6gf1lblsho0uz"},"id":"688xfl77io3dmrt","previousOperationId":"1f064xlj7bdwcsj"}
{"type":"log","timestamp":1705184786184,"level":"debug","message":"Page request finished: GET (document) 200 file:///C:/Users/Javier/AppData/Local/Temp/jsreport/autocleanup/26d129f7-2592-46c0-8831-fe5865ae0820-chrome-pdf.html","meta":{"rootId":"fa6gf1lblsho0uz","id":"fa6gf1lblsho0uz"},"id":"4work6ieh1j53zs","previousOperationId":"1f064xlj7bdwcsj"}
{"type":"log","timestamp":1705184786192,"level":"debug","message":"Page request finished: GET (script) 200 https://cdnjs.cloudflare.com/ajax/libs/Chart.js/2.7.2/Chart.min.js","meta":{"rootId":"fa6gf1lblsho0uz","id":"fa6gf1lblsho0uz"},"id":"s16htjh5hzq7980","previousOperationId":"1f064xlj7bdwcsj"}
{"type":"log","timestamp":1705184786202,"level":"debug","message":"Page request finished: GET (stylesheet) 200 https://cdnjs.cloudflare.com/ajax/libs/metro/4.1.5/css/metro.min.css","meta":{"rootId":"fa6gf1lblsho0uz","id":"fa6gf1lblsho0uz"},"id":"pwsgsvseidwe9xc","previousOperationId":"1f064xlj7bdwcsj"}
{"type":"log","timestamp":1705184786272,"level":"debug","message":"Running chrome with params {\"printBackground\":true,\"timeout\":59934,\"margin\":{}}","meta":{"rootId":"fa6gf1lblsho0uz","id":"fa6gf1lblsho0uz"},"id":"h73lwii3wyveo5h","previousOperationId":"1f064xlj7bdwcsj"}
{"type":"operationEnd","operationId":"1f064xlj7bdwcsj","timestamp":1705184786454,"id":"qmjduc5r2bl95jd","previousEventId":"xl7nrn0oo10ewrx","previousOperationId":"1f064xlj7bdwcsj"}
{"type":"log","timestamp":1705184786455,"level":"debug","message":"Skipping storing report.","meta":{"rootId":"fa6gf1lblsho0uz","id":"fa6gf1lblsho0uz"},"id":"uwi4fk3sgdrgie7","previousOperationId":"1f064xlj7bdwcsj"}
{"type":"log","timestamp":1705184786455,"level":"info","message":"Rendering request 8 finished in 458 ms","meta":{"rootId":"fa6gf1lblsho0uz","id":"fa6gf1lblsho0uz"},"id":"qkevlfdfe3grmca","previousOperationId":"1f064xlj7bdwcsj"}
{"type":"operationEnd","subtype":"render","operationId":"v2gunvjthkb6n5w","timestamp":1705184786455,"id":"mulcfsb8nat9vme","previousEventId":"qmjduc5r2bl95jd","previousOperationId":"1f064xlj7bdwcsj"}
{"type":"operationEnd","doDiffs":false,"previousEventId":"djtonicwmgin2kl","previousOperationId":"ot2w35o4srophe2","operationId":"ot2w35o4srophe2","timestamp":1705184786458,"id":"lts0a9m3flq1v2d"}
