{"type":"operationStart","subtype":"profile","data":{"_id":"FQ9uKkdmJ6zuFgCT","timestamp":"2024-01-13T14:27:25.099Z","state":"queued","mode":"standard","creationDate":"2024-01-13T14:27:25.100Z","modificationDate":"2024-01-13T14:27:25.100Z","shortid":"6v_Ajrf","$entitySet":"profiles"},"doDiffs":false,"timestamp":1705156045100,"id":"g4w5go1oe5lpopn","previousOperationId":null,"operationId":"f8u89agi2jpu8z9"}
{"type":"log","level":"info","message":"Render request 37 queued for execution and waiting for available worker","previousOperationId":"f8u89agi2jpu8z9","timestamp":1705156045100,"id":"c1j1rx3iuzqssez"}
{"type":"operationStart","subtype":"render","name":"AveragePunctuation","previousOperationId":"f8u89agi2jpu8z9","timestamp":1705156045104,"id":"nnoghw2evsexh42","previousEventId":"g4w5go1oe5lpopn","operationId":"4xc79c16xzyb1lw"}
{"type":"log","timestamp":1705156045104,"level":"info","message":"Starting rendering request 37","meta":{"rootId":"fbd6sxcjjn4suhq","id":"fbd6sxcjjn4suhq"},"id":"vwu2x5to8ghiw7k","previousOperationId":"4xc79c16xzyb1lw"}
{"type":"log","timestamp":1705156045104,"level":"info","message":"Rendering template { name: AveragePunctuation, recipe: chrome-pdf, engine: handlebars, preview: false }","meta":{"rootId":"fbd6sxcjjn4suhq","id":"fbd6sxcjjn4suhq"},"id":"my1t7b95mi83d05","previousOperationId":"4xc79c16xzyb1lw"}
{"type":"log","timestamp":1705156045105,"level":"debug","message":"Inline data specified.","meta":{"rootId":"fbd6sxcjjn4suhq","id":"fbd6sxcjjn4suhq"},"id":"8riym7bw7uq13al","previousOperationId":"4xc79c16xzyb1lw"}
{"type":"log","timestamp":1705156045106,"level":"debug","message":"Executing script AveragePunctuation-script (beforeRender)","meta":{"rootId":"fbd6sxcjjn4suhq","id":"fbd6sxcjjn4suhq"},"id":"tzb2hfkis75tshh","previousOperationId":"4xc79c16xzyb1lw"}
{"type":"operationStart","subtype":"scriptsBeforeRender","name":"scripts beforeRender","timestamp":1705156045119,"id":"cjuzhh1t3ygpdi9","previousEventId":"nnoghw2evsexh42","operationId":"vd5h8adveehjuej","previousOperationId":"4xc79c16xzyb1lw"}
{"type":"operationStart","subtype":"script","name":"scripts AveragePunctuation-script","previousOperationId":"vd5h8adveehjuej","timestamp":1705156045119,"id":"tj6k9v9k9h7baef","previousEventId":"cjuzhh1t3ygpdi9","operationId":"semyhbv34krblp4"}
{"type":"operationEnd","operationId":"semyhbv34krblp4","timestamp":1705156045128,"id":"v7ahszywarxd3oc","previousEventId":"nnoghw2evsexh42","previousOperationId":"4xc79c16xzyb1lw"}
{"type":"operationEnd","operationId":"vd5h8adveehjuej","timestamp":1705156045128,"id":"msylumamhcdcpxa","previousEventId":"v7ahszywarxd3oc","previousOperationId":"4xc79c16xzyb1lw"}
{"type":"log","timestamp":1705156045128,"level":"debug","message":"Base url not specified, skipping its injection.","meta":{"rootId":"fbd6sxcjjn4suhq","id":"fbd6sxcjjn4suhq"},"id":"oc0fver16yy6wdm","previousOperationId":"vd5h8adveehjuej"}
{"type":"operationStart","subtype":"engine","name":"handlebars","timestamp":1705156045128,"id":"f4h6ue3eqtoxpei","previousEventId":"msylumamhcdcpxa","operationId":"cglkyrooxf7m246","previousOperationId":"vd5h8adveehjuej"}
{"type":"log","timestamp":1705156045128,"level":"debug","message":"Rendering engine handlebars","meta":{"rootId":"fbd6sxcjjn4suhq","id":"fbd6sxcjjn4suhq"},"id":"1fj3fv4lkumqocf","previousOperationId":"cglkyrooxf7m246"}
{"type":"operationEnd","operationId":"cglkyrooxf7m246","timestamp":1705156045141,"id":"i3u1w9ci7gguk0e","previousEventId":"f4h6ue3eqtoxpei","previousOperationId":"cglkyrooxf7m246"}
{"type":"operationStart","subtype":"recipe","name":"chrome-pdf","timestamp":1705156045141,"id":"msuns2lkbdk3s8j","previousEventId":"i3u1w9ci7gguk0e","operationId":"32ire89dfo0j0k6","previousOperationId":"cglkyrooxf7m246"}
{"type":"log","timestamp":1705156045141,"level":"debug","message":"Executing recipe chrome-pdf","meta":{"rootId":"fbd6sxcjjn4suhq","id":"fbd6sxcjjn4suhq"},"id":"tr51q57bbwkkw8r","previousOperationId":"32ire89dfo0j0k6"}
{"type":"log","timestamp":1705156045143,"level":"debug","message":"Converting with chrome HeadlessChrome/117.0.5938.149 using chrome-pool strategy","meta":{"rootId":"fbd6sxcjjn4suhq","id":"fbd6sxcjjn4suhq"},"id":"mpya96n7u5m7llq","previousOperationId":"32ire89dfo0j0k6"}
{"type":"log","timestamp":1705156045215,"level":"debug","message":"Page request: GET (document) file:///C:/Users/Javier/AppData/Local/Temp/jsreport/autocleanup/cdd3aad1-f079-4a0e-b93d-ecc9e842f837-chrome-pdf.html","meta":{"rootId":"fbd6sxcjjn4suhq","id":"fbd6sxcjjn4suhq"},"id":"73ezx5zv9eb7cbu","previousOperationId":"32ire89dfo0j0k6"}
{"type":"log","timestamp":1705156045261,"level":"debug","message":"Page request: GET (stylesheet) https://cdnjs.cloudflare.com/ajax/libs/metro/4.1.5/css/metro.min.css","meta":{"rootId":"fbd6sxcjjn4suhq","id":"fbd6sxcjjn4suhq"},"id":"hngwk64pybhmwdw","previousOperationId":"32ire89dfo0j0k6"}
{"type":"log","timestamp":1705156045261,"level":"debug","message":"Page request: GET (script) https://cdnjs.cloudflare.com/ajax/libs/Chart.js/2.7.2/Chart.min.js","meta":{"rootId":"fbd6sxcjjn4suhq","id":"fbd6sxcjjn4suhq"},"id":"of45cd5cy1kntnh","previousOperationId":"32ire89dfo0j0k6"}
{"type":"log","timestamp":1705156045262,"level":"debug","message":"Page request finished: GET (document) 200 file:///C:/Users/Javier/AppData/Local/Temp/jsreport/autocleanup/cdd3aad1-f079-4a0e-b93d-ecc9e842f837-chrome-pdf.html","meta":{"rootId":"fbd6sxcjjn4suhq","id":"fbd6sxcjjn4suhq"},"id":"k4hh65zxxwpbphs","previousOperationId":"32ire89dfo0j0k6"}
{"type":"log","timestamp":1705156045271,"level":"debug","message":"Page request finished: GET (script) 200 https://cdnjs.cloudflare.com/ajax/libs/Chart.js/2.7.2/Chart.min.js","meta":{"rootId":"fbd6sxcjjn4suhq","id":"fbd6sxcjjn4suhq"},"id":"b6p4qbuy2d1jx1e","previousOperationId":"32ire89dfo0j0k6"}
{"type":"log","timestamp":1705156045280,"level":"debug","message":"Page request finished: GET (stylesheet) 200 https://cdnjs.cloudflare.com/ajax/libs/metro/4.1.5/css/metro.min.css","meta":{"rootId":"fbd6sxcjjn4suhq","id":"fbd6sxcjjn4suhq"},"id":"pn2gzhrrpauzxl2","previousOperationId":"32ire89dfo0j0k6"}
{"type":"log","timestamp":1705156045356,"level":"debug","message":"Running chrome with params {\"printBackground\":true,\"timeout\":59957,\"margin\":{}}","meta":{"rootId":"fbd6sxcjjn4suhq","id":"fbd6sxcjjn4suhq"},"id":"y6gw21437833yil","previousOperationId":"32ire89dfo0j0k6"}
{"type":"operationEnd","operationId":"32ire89dfo0j0k6","timestamp":1705156045465,"id":"y1yydx5az9qrpkz","previousEventId":"msuns2lkbdk3s8j","previousOperationId":"32ire89dfo0j0k6"}
{"type":"log","timestamp":1705156045465,"level":"debug","message":"Skipping storing report.","meta":{"rootId":"fbd6sxcjjn4suhq","id":"fbd6sxcjjn4suhq"},"id":"5vdf9bl6dsyd716","previousOperationId":"32ire89dfo0j0k6"}
{"type":"log","timestamp":1705156045465,"level":"info","message":"Rendering request 37 finished in 366 ms","meta":{"rootId":"fbd6sxcjjn4suhq","id":"fbd6sxcjjn4suhq"},"id":"ccggzn393wqs2fv","previousOperationId":"32ire89dfo0j0k6"}
{"type":"operationEnd","subtype":"render","operationId":"4xc79c16xzyb1lw","timestamp":1705156045465,"id":"gnhllkiyqqxh3qf","previousEventId":"y1yydx5az9qrpkz","previousOperationId":"32ire89dfo0j0k6"}
{"type":"operationEnd","doDiffs":false,"previousEventId":"g4w5go1oe5lpopn","previousOperationId":"f8u89agi2jpu8z9","operationId":"f8u89agi2jpu8z9","timestamp":1705156045469,"id":"31010fl40iis6my"}
