{"type":"operationStart","subtype":"profile","data":{"_id":"2yCR9tC2SMMunyh6","timestamp":"2024-01-13T22:57:58.614Z","state":"queued","mode":"standard","creationDate":"2024-01-13T22:57:58.616Z","modificationDate":"2024-01-13T22:57:58.616Z","shortid":"uCuVqJU","$entitySet":"profiles"},"doDiffs":false,"timestamp":1705186678615,"id":"d850rdgsp9geltc","previousOperationId":null,"operationId":"8oa2zqrty96a0e3"}
{"type":"log","level":"info","message":"Render request 7 queued for execution and waiting for available worker","previousOperationId":"8oa2zqrty96a0e3","timestamp":1705186678615,"id":"likgk787cj3axj8"}
{"type":"operationStart","subtype":"render","name":"AveragePunctuation","previousOperationId":"8oa2zqrty96a0e3","timestamp":1705186678623,"id":"1gunbzfym61ut4q","previousEventId":"d850rdgsp9geltc","operationId":"ag5zl75cb94xqog"}
{"type":"log","timestamp":1705186678623,"level":"info","message":"Starting rendering request 7","meta":{"rootId":"frlpmtahxg2sman","id":"frlpmtahxg2sman"},"id":"r2tbgjba32dfrfx","previousOperationId":"ag5zl75cb94xqog"}
{"type":"log","timestamp":1705186678624,"level":"info","message":"Rendering template { name: AveragePunctuation, recipe: chrome-pdf, engine: handlebars, preview: false }","meta":{"rootId":"frlpmtahxg2sman","id":"frlpmtahxg2sman"},"id":"q5h5lahh4rzwjy8","previousOperationId":"ag5zl75cb94xqog"}
{"type":"log","timestamp":1705186678625,"level":"debug","message":"Inline data specified.","meta":{"rootId":"frlpmtahxg2sman","id":"frlpmtahxg2sman"},"id":"k5pb23d6zwpdin4","previousOperationId":"ag5zl75cb94xqog"}
{"type":"log","timestamp":1705186678628,"level":"debug","message":"Executing script AveragePunctuation-script (beforeRender)","meta":{"rootId":"frlpmtahxg2sman","id":"frlpmtahxg2sman"},"id":"9knry2bzs8calsz","previousOperationId":"ag5zl75cb94xqog"}
{"type":"operationStart","subtype":"scriptsBeforeRender","name":"scripts beforeRender","timestamp":1705186678648,"id":"7edqli0n0diiea1","previousEventId":"1gunbzfym61ut4q","operationId":"zp17okhsyiu9azd","previousOperationId":"ag5zl75cb94xqog"}
{"type":"operationStart","subtype":"script","name":"scripts AveragePunctuation-script","previousOperationId":"zp17okhsyiu9azd","timestamp":1705186678648,"id":"0027e1ngs749re0","previousEventId":"7edqli0n0diiea1","operationId":"u54a6xba4vq3lee"}
{"type":"operationEnd","operationId":"u54a6xba4vq3lee","timestamp":1705186678679,"id":"rle94p09ikvndoe","previousEventId":"1gunbzfym61ut4q","previousOperationId":"ag5zl75cb94xqog"}
{"type":"operationEnd","operationId":"zp17okhsyiu9azd","timestamp":1705186678679,"id":"92css51hoi7fawp","previousEventId":"rle94p09ikvndoe","previousOperationId":"ag5zl75cb94xqog"}
{"type":"log","timestamp":1705186678679,"level":"debug","message":"Base url not specified, skipping its injection.","meta":{"rootId":"frlpmtahxg2sman","id":"frlpmtahxg2sman"},"id":"y106glk4bgvwmzh","previousOperationId":"zp17okhsyiu9azd"}
{"type":"operationStart","subtype":"engine","name":"handlebars","timestamp":1705186678679,"id":"c5bxcto0oyayoul","previousEventId":"92css51hoi7fawp","operationId":"wgc21jd8woht45h","previousOperationId":"zp17okhsyiu9azd"}
{"type":"log","timestamp":1705186678679,"level":"debug","message":"Rendering engine handlebars","meta":{"rootId":"frlpmtahxg2sman","id":"frlpmtahxg2sman"},"id":"zukz01kuhxrcnpv","previousOperationId":"wgc21jd8woht45h"}
{"type":"operationEnd","operationId":"wgc21jd8woht45h","timestamp":1705186678686,"id":"rjhty6c8z4wj90i","previousEventId":"c5bxcto0oyayoul","previousOperationId":"wgc21jd8woht45h"}
{"type":"operationStart","subtype":"recipe","name":"chrome-pdf","timestamp":1705186678686,"id":"k731eyotrc1bmzc","previousEventId":"rjhty6c8z4wj90i","operationId":"s2n6c6en7rfe2z8","previousOperationId":"wgc21jd8woht45h"}
{"type":"log","timestamp":1705186678686,"level":"debug","message":"Executing recipe chrome-pdf","meta":{"rootId":"frlpmtahxg2sman","id":"frlpmtahxg2sman"},"id":"voepvnvqpzp7lfv","previousOperationId":"s2n6c6en7rfe2z8"}
{"type":"log","timestamp":1705186678689,"level":"debug","message":"Converting with chrome HeadlessChrome/117.0.5938.149 using chrome-pool strategy","meta":{"rootId":"frlpmtahxg2sman","id":"frlpmtahxg2sman"},"id":"u23w7qippyzfanq","previousOperationId":"s2n6c6en7rfe2z8"}
{"type":"log","timestamp":1705186678768,"level":"debug","message":"Page request: GET (document) file:///C:/Users/Javier/AppData/Local/Temp/jsreport/autocleanup/0c88844d-9ba9-459e-86bc-ad63451d4275-chrome-pdf.html","meta":{"rootId":"frlpmtahxg2sman","id":"frlpmtahxg2sman"},"id":"7xfalwznzsse9p9","previousOperationId":"s2n6c6en7rfe2z8"}
{"type":"log","timestamp":1705186678810,"level":"debug","message":"Page request: GET (stylesheet) https://cdnjs.cloudflare.com/ajax/libs/metro/4.1.5/css/metro.min.css","meta":{"rootId":"frlpmtahxg2sman","id":"frlpmtahxg2sman"},"id":"ed7oou8isgmlgwo","previousOperationId":"s2n6c6en7rfe2z8"}
{"type":"log","timestamp":1705186678810,"level":"debug","message":"Page request: GET (script) https://cdnjs.cloudflare.com/ajax/libs/Chart.js/2.7.2/Chart.min.js","meta":{"rootId":"frlpmtahxg2sman","id":"frlpmtahxg2sman"},"id":"6zexlq23vodrq98","previousOperationId":"s2n6c6en7rfe2z8"}
{"type":"log","timestamp":1705186678810,"level":"debug","message":"Page request finished: GET (document) 200 file:///C:/Users/Javier/AppData/Local/Temp/jsreport/autocleanup/0c88844d-9ba9-459e-86bc-ad63451d4275-chrome-pdf.html","meta":{"rootId":"frlpmtahxg2sman","id":"frlpmtahxg2sman"},"id":"smg6svf11sv95ix","previousOperationId":"s2n6c6en7rfe2z8"}
{"type":"log","timestamp":1705186678815,"level":"debug","message":"Page request finished: GET (script) 200 https://cdnjs.cloudflare.com/ajax/libs/Chart.js/2.7.2/Chart.min.js","meta":{"rootId":"frlpmtahxg2sman","id":"frlpmtahxg2sman"},"id":"x7pt1dftuqosi03","previousOperationId":"s2n6c6en7rfe2z8"}
{"type":"log","timestamp":1705186678824,"level":"debug","message":"Page request finished: GET (stylesheet) 200 https://cdnjs.cloudflare.com/ajax/libs/metro/4.1.5/css/metro.min.css","meta":{"rootId":"frlpmtahxg2sman","id":"frlpmtahxg2sman"},"id":"g48xvy9ys3xbd31","previousOperationId":"s2n6c6en7rfe2z8"}
{"type":"log","timestamp":1705186678888,"level":"debug","message":"Running chrome with params {\"printBackground\":true,\"timeout\":59926,\"margin\":{}}","meta":{"rootId":"frlpmtahxg2sman","id":"frlpmtahxg2sman"},"id":"utmb5a5208o6s6u","previousOperationId":"s2n6c6en7rfe2z8"}
{"type":"operationEnd","operationId":"s2n6c6en7rfe2z8","timestamp":1705186678981,"id":"x8zv0rorsbzslbi","previousEventId":"k731eyotrc1bmzc","previousOperationId":"s2n6c6en7rfe2z8"}
{"type":"log","timestamp":1705186678981,"level":"debug","message":"Skipping storing report.","meta":{"rootId":"frlpmtahxg2sman","id":"frlpmtahxg2sman"},"id":"brd8xvl07q8nfws","previousOperationId":"s2n6c6en7rfe2z8"}
{"type":"log","timestamp":1705186678981,"level":"info","message":"Rendering request 7 finished in 367 ms","meta":{"rootId":"frlpmtahxg2sman","id":"frlpmtahxg2sman"},"id":"q2twkjyseq2oqvj","previousOperationId":"s2n6c6en7rfe2z8"}
{"type":"operationEnd","subtype":"render","operationId":"ag5zl75cb94xqog","timestamp":1705186678981,"id":"cvd3ay7y605jiyh","previousEventId":"x8zv0rorsbzslbi","previousOperationId":"s2n6c6en7rfe2z8"}
{"type":"operationEnd","doDiffs":false,"previousEventId":"d850rdgsp9geltc","previousOperationId":"8oa2zqrty96a0e3","operationId":"8oa2zqrty96a0e3","timestamp":1705186678983,"id":"rfnlseh4r68hx86"}
