{"type":"operationStart","subtype":"profile","data":{"_id":"GqeZsizqfS9MVCk9","timestamp":"2024-01-11T17:08:03.528Z","state":"queued","mode":"standard","creationDate":"2024-01-11T17:08:03.530Z","modificationDate":"2024-01-11T17:08:03.530Z","shortid":"zQP_2xd","$entitySet":"profiles"},"doDiffs":false,"timestamp":1704992883529,"id":"2t6f1a8bx4c4nea","previousOperationId":null,"operationId":"95tt8367xmfo4v6"}
{"type":"log","level":"info","message":"Render request 17 queued for execution and waiting for available worker","previousOperationId":"95tt8367xmfo4v6","timestamp":1704992883529,"id":"or0ebinauckorci"}
{"type":"operationStart","subtype":"render","name":"AveragePunctuation","previousOperationId":"95tt8367xmfo4v6","timestamp":1704992883535,"id":"hcipekuynm6d732","previousEventId":"2t6f1a8bx4c4nea","operationId":"57afkdpk44y6esh"}
{"type":"log","timestamp":1704992883535,"level":"info","message":"Starting rendering request 17","meta":{"rootId":"frvu45kb8ag123n","id":"frvu45kb8ag123n"},"id":"11nunp6e6x088dv","previousOperationId":"57afkdpk44y6esh"}
{"type":"log","timestamp":1704992883536,"level":"info","message":"Rendering template { name: AveragePunctuation, recipe: chrome-pdf, engine: handlebars, preview: false }","meta":{"rootId":"frvu45kb8ag123n","id":"frvu45kb8ag123n"},"id":"r4icl2giq6a10vf","previousOperationId":"57afkdpk44y6esh"}
{"type":"log","timestamp":1704992883537,"level":"debug","message":"Inline data specified.","meta":{"rootId":"frvu45kb8ag123n","id":"frvu45kb8ag123n"},"id":"xzzkmxi4a78twee","previousOperationId":"57afkdpk44y6esh"}
{"type":"log","timestamp":1704992883539,"level":"debug","message":"Executing script AveragePunctuation-script (beforeRender)","meta":{"rootId":"frvu45kb8ag123n","id":"frvu45kb8ag123n"},"id":"8rl1fykzxbr4eqm","previousOperationId":"57afkdpk44y6esh"}
{"type":"operationStart","subtype":"scriptsBeforeRender","name":"scripts beforeRender","timestamp":1704992883557,"id":"0yt2x3segrnbet5","previousEventId":"hcipekuynm6d732","operationId":"cfb8e4od9z0hqvf","previousOperationId":"57afkdpk44y6esh"}
{"type":"operationStart","subtype":"script","name":"scripts AveragePunctuation-script","previousOperationId":"cfb8e4od9z0hqvf","timestamp":1704992883557,"id":"mrotgb953wdu1lf","previousEventId":"0yt2x3segrnbet5","operationId":"41kkkthpoppzi92"}
{"type":"operationEnd","operationId":"41kkkthpoppzi92","timestamp":1704992883575,"id":"0pe6rh6pvrmr1ae","previousEventId":"hcipekuynm6d732","previousOperationId":"57afkdpk44y6esh"}
{"type":"operationEnd","operationId":"cfb8e4od9z0hqvf","timestamp":1704992883575,"id":"67oji5i54255rwn","previousEventId":"0pe6rh6pvrmr1ae","previousOperationId":"57afkdpk44y6esh"}
{"type":"log","timestamp":1704992883575,"level":"debug","message":"Base url not specified, skipping its injection.","meta":{"rootId":"frvu45kb8ag123n","id":"frvu45kb8ag123n"},"id":"lvpwtrn46r1e10k","previousOperationId":"cfb8e4od9z0hqvf"}
{"type":"operationStart","subtype":"engine","name":"handlebars","timestamp":1704992883575,"id":"przm9szbzqku6b4","previousEventId":"67oji5i54255rwn","operationId":"n5qrzs53nk54q6s","previousOperationId":"cfb8e4od9z0hqvf"}
{"type":"log","timestamp":1704992883575,"level":"debug","message":"Rendering engine handlebars","meta":{"rootId":"frvu45kb8ag123n","id":"frvu45kb8ag123n"},"id":"elovbxa5gdxmjdb","previousOperationId":"n5qrzs53nk54q6s"}
{"type":"operationEnd","operationId":"n5qrzs53nk54q6s","timestamp":1704992883585,"id":"nqju1k37wjse4jy","previousEventId":"przm9szbzqku6b4","previousOperationId":"n5qrzs53nk54q6s"}
{"type":"operationStart","subtype":"recipe","name":"chrome-pdf","timestamp":1704992883585,"id":"uicpc1v505ox14n","previousEventId":"nqju1k37wjse4jy","operationId":"87u0di1yamjem6c","previousOperationId":"n5qrzs53nk54q6s"}
{"type":"log","timestamp":1704992883585,"level":"debug","message":"Executing recipe chrome-pdf","meta":{"rootId":"frvu45kb8ag123n","id":"frvu45kb8ag123n"},"id":"lifipnhgforqciq","previousOperationId":"87u0di1yamjem6c"}
{"type":"log","timestamp":1704992883587,"level":"debug","message":"Converting with chrome HeadlessChrome/117.0.5938.149 using chrome-pool strategy","meta":{"rootId":"frvu45kb8ag123n","id":"frvu45kb8ag123n"},"id":"npf5t40ms4tobpy","previousOperationId":"87u0di1yamjem6c"}
{"type":"log","timestamp":1704992883670,"level":"debug","message":"Page request: GET (document) file:///C:/Users/Javier/AppData/Local/Temp/jsreport/autocleanup/824b3f8c-099a-4036-93b3-a76d9f9d2875-chrome-pdf.html","meta":{"rootId":"frvu45kb8ag123n","id":"frvu45kb8ag123n"},"id":"130iuolfx5yor4r","previousOperationId":"87u0di1yamjem6c"}
{"type":"log","timestamp":1704992883682,"level":"debug","message":"Page request finished: GET (document) 200 file:///C:/Users/Javier/AppData/Local/Temp/jsreport/autocleanup/824b3f8c-099a-4036-93b3-a76d9f9d2875-chrome-pdf.html","meta":{"rootId":"frvu45kb8ag123n","id":"frvu45kb8ag123n"},"id":"c6pltg18cbs72h4","previousOperationId":"87u0di1yamjem6c"}
{"type":"log","timestamp":1704992883686,"level":"debug","message":"Running chrome with params {\"printBackground\":true,\"timeout\":59942,\"margin\":{}}","meta":{"rootId":"frvu45kb8ag123n","id":"frvu45kb8ag123n"},"id":"1uf00b6058ejv29","previousOperationId":"87u0di1yamjem6c"}
{"type":"operationEnd","operationId":"87u0di1yamjem6c","timestamp":1704992883696,"id":"izuthsiwlddaocc","previousEventId":"uicpc1v505ox14n","previousOperationId":"87u0di1yamjem6c"}
{"type":"log","timestamp":1704992883696,"level":"debug","message":"Skipping storing report.","meta":{"rootId":"frvu45kb8ag123n","id":"frvu45kb8ag123n"},"id":"lhs3itdjsptuuku","previousOperationId":"87u0di1yamjem6c"}
{"type":"log","timestamp":1704992883696,"level":"info","message":"Rendering request 17 finished in 168 ms","meta":{"rootId":"frvu45kb8ag123n","id":"frvu45kb8ag123n"},"id":"4258z9s54idx3hp","previousOperationId":"87u0di1yamjem6c"}
{"type":"operationEnd","subtype":"render","operationId":"57afkdpk44y6esh","timestamp":1704992883696,"id":"o5t7pxpkda3kmc2","previousEventId":"izuthsiwlddaocc","previousOperationId":"87u0di1yamjem6c"}
{"type":"operationEnd","doDiffs":false,"previousEventId":"2t6f1a8bx4c4nea","previousOperationId":"95tt8367xmfo4v6","operationId":"95tt8367xmfo4v6","timestamp":1704992883699,"id":"q6zzerkw6m75xv8"}
