{"type":"operationStart","subtype":"profile","data":{"_id":"XuLTkZH6sKfR3Dzb","timestamp":"2024-01-13T14:27:16.206Z","state":"queued","mode":"standard","creationDate":"2024-01-13T14:27:16.207Z","modificationDate":"2024-01-13T14:27:16.207Z","shortid":"HMLBWY0","$entitySet":"profiles"},"doDiffs":false,"timestamp":1705156036207,"id":"q0qxyf1u24qjl6j","previousOperationId":null,"operationId":"kkhog57obnotikt"}
{"type":"log","level":"info","message":"Render request 36 queued for execution and waiting for available worker","previousOperationId":"kkhog57obnotikt","timestamp":1705156036207,"id":"kxcpm82riw5qpo6"}
{"type":"operationStart","subtype":"render","name":"AveragePunctuation","previousOperationId":"kkhog57obnotikt","timestamp":1705156036212,"id":"9t1gmu4wucaitad","previousEventId":"q0qxyf1u24qjl6j","operationId":"apsssjace5eg499"}
{"type":"log","timestamp":1705156036212,"level":"info","message":"Starting rendering request 36","meta":{"rootId":"ftiva8zng6hjk62","id":"ftiva8zng6hjk62"},"id":"qtiyl4ciauznmom","previousOperationId":"apsssjace5eg499"}
{"type":"log","timestamp":1705156036212,"level":"info","message":"Rendering template { name: AveragePunctuation, recipe: chrome-pdf, engine: handlebars, preview: false }","meta":{"rootId":"ftiva8zng6hjk62","id":"ftiva8zng6hjk62"},"id":"u6r478ni5c5eq5x","previousOperationId":"apsssjace5eg499"}
{"type":"log","timestamp":1705156036213,"level":"debug","message":"Inline data specified.","meta":{"rootId":"ftiva8zng6hjk62","id":"ftiva8zng6hjk62"},"id":"h1383t2a91ye9w8","previousOperationId":"apsssjace5eg499"}
{"type":"log","timestamp":1705156036214,"level":"debug","message":"Executing script AveragePunctuation-script (beforeRender)","meta":{"rootId":"ftiva8zng6hjk62","id":"ftiva8zng6hjk62"},"id":"xp9tkuraftn3v9x","previousOperationId":"apsssjace5eg499"}
{"type":"operationStart","subtype":"scriptsBeforeRender","name":"scripts beforeRender","timestamp":1705156036229,"id":"gvnbsp32358sjg0","previousEventId":"9t1gmu4wucaitad","operationId":"cocvx6aziw04rfr","previousOperationId":"apsssjace5eg499"}
{"type":"operationStart","subtype":"script","name":"scripts AveragePunctuation-script","previousOperationId":"cocvx6aziw04rfr","timestamp":1705156036229,"id":"75rdtn8bqfu0y44","previousEventId":"gvnbsp32358sjg0","operationId":"qszlouuoawszm4f"}
{"type":"operationEnd","operationId":"qszlouuoawszm4f","timestamp":1705156036241,"id":"v2s12dsczm84mds","previousEventId":"9t1gmu4wucaitad","previousOperationId":"apsssjace5eg499"}
{"type":"operationEnd","operationId":"cocvx6aziw04rfr","timestamp":1705156036241,"id":"2jdg4ls8elpuatm","previousEventId":"v2s12dsczm84mds","previousOperationId":"apsssjace5eg499"}
{"type":"log","timestamp":1705156036241,"level":"debug","message":"Base url not specified, skipping its injection.","meta":{"rootId":"ftiva8zng6hjk62","id":"ftiva8zng6hjk62"},"id":"xb414ye7eo8vkqy","previousOperationId":"cocvx6aziw04rfr"}
{"type":"operationStart","subtype":"engine","name":"handlebars","timestamp":1705156036241,"id":"pyrapbd3anklulo","previousEventId":"2jdg4ls8elpuatm","operationId":"4p3ps6d8nn36yha","previousOperationId":"cocvx6aziw04rfr"}
{"type":"log","timestamp":1705156036241,"level":"debug","message":"Rendering engine handlebars","meta":{"rootId":"ftiva8zng6hjk62","id":"ftiva8zng6hjk62"},"id":"dqdga7wh2d4kv06","previousOperationId":"4p3ps6d8nn36yha"}
{"type":"operationEnd","operationId":"4p3ps6d8nn36yha","timestamp":1705156036250,"id":"xl0x039e7dkabq5","previousEventId":"pyrapbd3anklulo","previousOperationId":"4p3ps6d8nn36yha"}
{"type":"operationStart","subtype":"recipe","name":"chrome-pdf","timestamp":1705156036251,"id":"ut4rstlzxpxqwj5","previousEventId":"xl0x039e7dkabq5","operationId":"8ytv6l857us4yl1","previousOperationId":"4p3ps6d8nn36yha"}
{"type":"log","timestamp":1705156036251,"level":"debug","message":"Executing recipe chrome-pdf","meta":{"rootId":"ftiva8zng6hjk62","id":"ftiva8zng6hjk62"},"id":"ejmqk03h526zn9i","previousOperationId":"8ytv6l857us4yl1"}
{"type":"log","timestamp":1705156036253,"level":"debug","message":"Converting with chrome HeadlessChrome/117.0.5938.149 using chrome-pool strategy","meta":{"rootId":"ftiva8zng6hjk62","id":"ftiva8zng6hjk62"},"id":"78abfegsm3k6by3","previousOperationId":"8ytv6l857us4yl1"}
{"type":"log","timestamp":1705156036320,"level":"debug","message":"Page request: GET (document) file:///C:/Users/Javier/AppData/Local/Temp/jsreport/autocleanup/0f0402d4-e3df-4080-8c81-9d789fb356ed-chrome-pdf.html","meta":{"rootId":"ftiva8zng6hjk62","id":"ftiva8zng6hjk62"},"id":"rqe177ika1yfwu7","previousOperationId":"8ytv6l857us4yl1"}
{"type":"log","timestamp":1705156036379,"level":"debug","message":"Page request: GET (stylesheet) https://cdnjs.cloudflare.com/ajax/libs/metro/4.1.5/css/metro.min.css","meta":{"rootId":"ftiva8zng6hjk62","id":"ftiva8zng6hjk62"},"id":"lgv7pssj9xitgho","previousOperationId":"8ytv6l857us4yl1"}
{"type":"log","timestamp":1705156036380,"level":"debug","message":"Page request: GET (script) https://cdnjs.cloudflare.com/ajax/libs/Chart.js/2.7.2/Chart.min.js","meta":{"rootId":"ftiva8zng6hjk62","id":"ftiva8zng6hjk62"},"id":"r7dgdqbttmi3gt4","previousOperationId":"8ytv6l857us4yl1"}
{"type":"log","timestamp":1705156036380,"level":"debug","message":"Page request finished: GET (document) 200 file:///C:/Users/Javier/AppData/Local/Temp/jsreport/autocleanup/0f0402d4-e3df-4080-8c81-9d789fb356ed-chrome-pdf.html","meta":{"rootId":"ftiva8zng6hjk62","id":"ftiva8zng6hjk62"},"id":"jyh1jdlnrq4rhoh","previousOperationId":"8ytv6l857us4yl1"}
{"type":"log","timestamp":1705156036386,"level":"debug","message":"Page request finished: GET (script) 200 https://cdnjs.cloudflare.com/ajax/libs/Chart.js/2.7.2/Chart.min.js","meta":{"rootId":"ftiva8zng6hjk62","id":"ftiva8zng6hjk62"},"id":"zui0gwiarvb363t","previousOperationId":"8ytv6l857us4yl1"}
{"type":"log","timestamp":1705156036397,"level":"debug","message":"Page request finished: GET (stylesheet) 200 https://cdnjs.cloudflare.com/ajax/libs/metro/4.1.5/css/metro.min.css","meta":{"rootId":"ftiva8zng6hjk62","id":"ftiva8zng6hjk62"},"id":"3w8bg5dlvwaywwv","previousOperationId":"8ytv6l857us4yl1"}
{"type":"log","timestamp":1705156036458,"level":"debug","message":"Running chrome with params {\"printBackground\":true,\"timeout\":59954,\"margin\":{}}","meta":{"rootId":"ftiva8zng6hjk62","id":"ftiva8zng6hjk62"},"id":"c3hxklu9jbmax83","previousOperationId":"8ytv6l857us4yl1"}
{"type":"operationEnd","operationId":"8ytv6l857us4yl1","timestamp":1705156036570,"id":"4wd3bs6dwxpnyul","previousEventId":"ut4rstlzxpxqwj5","previousOperationId":"8ytv6l857us4yl1"}
{"type":"log","timestamp":1705156036570,"level":"debug","message":"Skipping storing report.","meta":{"rootId":"ftiva8zng6hjk62","id":"ftiva8zng6hjk62"},"id":"aadq2435pwcucyh","previousOperationId":"8ytv6l857us4yl1"}
{"type":"log","timestamp":1705156036570,"level":"info","message":"Rendering request 36 finished in 364 ms","meta":{"rootId":"ftiva8zng6hjk62","id":"ftiva8zng6hjk62"},"id":"oy5xj4b5vo00ny0","previousOperationId":"8ytv6l857us4yl1"}
{"type":"operationEnd","subtype":"render","operationId":"apsssjace5eg499","timestamp":1705156036570,"id":"0e8wt0s4r7hagib","previousEventId":"4wd3bs6dwxpnyul","previousOperationId":"8ytv6l857us4yl1"}
{"type":"operationEnd","doDiffs":false,"previousEventId":"q0qxyf1u24qjl6j","previousOperationId":"kkhog57obnotikt","operationId":"kkhog57obnotikt","timestamp":1705156036574,"id":"mnpsrmnungg5pwg"}
