{"type":"operationStart","subtype":"profile","data":{"_id":"OXGywVOaLMzCGuH9","timestamp":"2024-01-13T19:16:18.010Z","state":"queued","mode":"standard","creationDate":"2024-01-13T19:16:18.011Z","modificationDate":"2024-01-13T19:16:18.011Z","shortid":"rbHQB9V","$entitySet":"profiles"},"doDiffs":false,"timestamp":1705173378011,"id":"jdmj74tgub1hugg","previousOperationId":null,"operationId":"pe7ex4otccith2o"}
{"type":"log","level":"info","message":"Render request 11 queued for execution and waiting for available worker","previousOperationId":"pe7ex4otccith2o","timestamp":1705173378011,"id":"f5wl38kgq0edzhu"}
{"type":"operationStart","subtype":"render","name":"AveragePunctuation","previousOperationId":"pe7ex4otccith2o","timestamp":1705173378016,"id":"4p1aebc4ebyer8o","previousEventId":"jdmj74tgub1hugg","operationId":"n2z1eehdvw6txra"}
{"type":"log","timestamp":1705173378016,"level":"info","message":"Starting rendering request 11","meta":{"rootId":"g2oix7qq63csh4x","id":"g2oix7qq63csh4x"},"id":"w0s9i35qovf1pwh","previousOperationId":"n2z1eehdvw6txra"}
{"type":"log","timestamp":1705173378016,"level":"info","message":"Rendering template { name: AveragePunctuation, recipe: chrome-pdf, engine: handlebars, preview: false }","meta":{"rootId":"g2oix7qq63csh4x","id":"g2oix7qq63csh4x"},"id":"6yn3wyf9u23gaai","previousOperationId":"n2z1eehdvw6txra"}
{"type":"log","timestamp":1705173378016,"level":"debug","message":"Inline data specified.","meta":{"rootId":"g2oix7qq63csh4x","id":"g2oix7qq63csh4x"},"id":"6rgh3yw5quaghf5","previousOperationId":"n2z1eehdvw6txra"}
{"type":"log","timestamp":1705173378018,"level":"debug","message":"Executing script AveragePunctuation-script (beforeRender)","meta":{"rootId":"g2oix7qq63csh4x","id":"g2oix7qq63csh4x"},"id":"uq3m5h71vzujc49","previousOperationId":"n2z1eehdvw6txra"}
{"type":"operationStart","subtype":"scriptsBeforeRender","name":"scripts beforeRender","timestamp":1705173378033,"id":"lhcf1wexrj4muvb","previousEventId":"4p1aebc4ebyer8o","operationId":"k3lkz2vjftfyv46","previousOperationId":"n2z1eehdvw6txra"}
{"type":"operationStart","subtype":"script","name":"scripts AveragePunctuation-script","previousOperationId":"k3lkz2vjftfyv46","timestamp":1705173378033,"id":"uzymn5kg75e5u43","previousEventId":"lhcf1wexrj4muvb","operationId":"t1eu3skbngy9p6t"}
{"type":"operationEnd","operationId":"t1eu3skbngy9p6t","timestamp":1705173378052,"id":"011zkayexon66se","previousEventId":"4p1aebc4ebyer8o","previousOperationId":"n2z1eehdvw6txra"}
{"type":"operationEnd","operationId":"k3lkz2vjftfyv46","timestamp":1705173378052,"id":"advu87xbuk46z8a","previousEventId":"011zkayexon66se","previousOperationId":"n2z1eehdvw6txra"}
{"type":"log","timestamp":1705173378052,"level":"debug","message":"Base url not specified, skipping its injection.","meta":{"rootId":"g2oix7qq63csh4x","id":"g2oix7qq63csh4x"},"id":"vszmxy785paa7hn","previousOperationId":"k3lkz2vjftfyv46"}
{"type":"operationStart","subtype":"engine","name":"handlebars","timestamp":1705173378052,"id":"os3oxk56w6nmrfz","previousEventId":"advu87xbuk46z8a","operationId":"393k2rjfng8mtv1","previousOperationId":"k3lkz2vjftfyv46"}
{"type":"log","timestamp":1705173378052,"level":"debug","message":"Rendering engine handlebars","meta":{"rootId":"g2oix7qq63csh4x","id":"g2oix7qq63csh4x"},"id":"tcqzrxjy0s5ydgi","previousOperationId":"393k2rjfng8mtv1"}
{"type":"operationEnd","operationId":"393k2rjfng8mtv1","timestamp":1705173378062,"id":"l8w1560vabgfhh2","previousEventId":"os3oxk56w6nmrfz","previousOperationId":"393k2rjfng8mtv1"}
{"type":"operationStart","subtype":"recipe","name":"chrome-pdf","timestamp":1705173378062,"id":"0ensnh5zwz1gndc","previousEventId":"l8w1560vabgfhh2","operationId":"dbprx942j7igrih","previousOperationId":"393k2rjfng8mtv1"}
{"type":"log","timestamp":1705173378062,"level":"debug","message":"Executing recipe chrome-pdf","meta":{"rootId":"g2oix7qq63csh4x","id":"g2oix7qq63csh4x"},"id":"7ozvkq09o3igv51","previousOperationId":"dbprx942j7igrih"}
{"type":"log","timestamp":1705173378065,"level":"debug","message":"Converting with chrome HeadlessChrome/117.0.5938.149 using chrome-pool strategy","meta":{"rootId":"g2oix7qq63csh4x","id":"g2oix7qq63csh4x"},"id":"ikajf7fspc6c2vi","previousOperationId":"dbprx942j7igrih"}
{"type":"log","timestamp":1705173378131,"level":"debug","message":"Page request: GET (document) file:///C:/Users/Javier/AppData/Local/Temp/jsreport/autocleanup/b193a1c0-9ce2-43df-8fec-152d5fbad081-chrome-pdf.html","meta":{"rootId":"g2oix7qq63csh4x","id":"g2oix7qq63csh4x"},"id":"y6oxo8feijqbke7","previousOperationId":"dbprx942j7igrih"}
{"type":"log","timestamp":1705173378169,"level":"debug","message":"Page request: GET (stylesheet) https://cdnjs.cloudflare.com/ajax/libs/metro/4.1.5/css/metro.min.css","meta":{"rootId":"g2oix7qq63csh4x","id":"g2oix7qq63csh4x"},"id":"s1cthtj8yrq4wqm","previousOperationId":"dbprx942j7igrih"}
{"type":"log","timestamp":1705173378169,"level":"debug","message":"Page request finished: GET (document) 200 file:///C:/Users/Javier/AppData/Local/Temp/jsreport/autocleanup/b193a1c0-9ce2-43df-8fec-152d5fbad081-chrome-pdf.html","meta":{"rootId":"g2oix7qq63csh4x","id":"g2oix7qq63csh4x"},"id":"jt0aq6uy0sf3lsi","previousOperationId":"dbprx942j7igrih"}
{"type":"log","timestamp":1705173378169,"level":"debug","message":"Page request: GET (script) https://cdnjs.cloudflare.com/ajax/libs/Chart.js/2.7.2/Chart.min.js","meta":{"rootId":"g2oix7qq63csh4x","id":"g2oix7qq63csh4x"},"id":"zt5a7q0zq57itx4","previousOperationId":"dbprx942j7igrih"}
{"type":"log","timestamp":1705173378186,"level":"debug","message":"Page request finished: GET (stylesheet) 200 https://cdnjs.cloudflare.com/ajax/libs/metro/4.1.5/css/metro.min.css","meta":{"rootId":"g2oix7qq63csh4x","id":"g2oix7qq63csh4x"},"id":"t7spkk4tfd6nu4d","previousOperationId":"dbprx942j7igrih"}
{"type":"log","timestamp":1705173378186,"level":"debug","message":"Page request finished: GET (script) 200 https://cdnjs.cloudflare.com/ajax/libs/Chart.js/2.7.2/Chart.min.js","meta":{"rootId":"g2oix7qq63csh4x","id":"g2oix7qq63csh4x"},"id":"ayci9or74upfeui","previousOperationId":"dbprx942j7igrih"}
{"type":"log","timestamp":1705173378256,"level":"debug","message":"Running chrome with params {\"printBackground\":true,\"timeout\":59946,\"margin\":{}}","meta":{"rootId":"g2oix7qq63csh4x","id":"g2oix7qq63csh4x"},"id":"ncb22tdr6fs2p2w","previousOperationId":"dbprx942j7igrih"}
{"type":"operationEnd","operationId":"dbprx942j7igrih","timestamp":1705173378353,"id":"uhlufcnb27zk5g9","previousEventId":"0ensnh5zwz1gndc","previousOperationId":"dbprx942j7igrih"}
{"type":"log","timestamp":1705173378353,"level":"debug","message":"Skipping storing report.","meta":{"rootId":"g2oix7qq63csh4x","id":"g2oix7qq63csh4x"},"id":"nfm0jcbsqx78692","previousOperationId":"dbprx942j7igrih"}
{"type":"log","timestamp":1705173378353,"level":"info","message":"Rendering request 11 finished in 343 ms","meta":{"rootId":"g2oix7qq63csh4x","id":"g2oix7qq63csh4x"},"id":"5l6plkzy10a0ch1","previousOperationId":"dbprx942j7igrih"}
{"type":"operationEnd","subtype":"render","operationId":"n2z1eehdvw6txra","timestamp":1705173378353,"id":"lhvjevdzeptjy08","previousEventId":"uhlufcnb27zk5g9","previousOperationId":"dbprx942j7igrih"}
{"type":"operationEnd","doDiffs":false,"previousEventId":"jdmj74tgub1hugg","previousOperationId":"pe7ex4otccith2o","operationId":"pe7ex4otccith2o","timestamp":1705173378355,"id":"2vwj8u5slmgjecb"}
