{"type":"operationStart","subtype":"profile","data":{"_id":"LTTmnTWicRsBWIZj","timestamp":"2024-01-11T16:03:43.717Z","state":"queued","mode":"standard","creationDate":"2024-01-11T16:03:43.719Z","modificationDate":"2024-01-11T16:03:43.719Z","shortid":"Kfj6uAC","$entitySet":"profiles"},"doDiffs":false,"timestamp":1704989023719,"id":"2txsc8ktlqjrhni","previousOperationId":null,"operationId":"m84gsg5yltc5up4"}
{"type":"log","level":"info","message":"Render request 17 queued for execution and waiting for available worker","previousOperationId":"m84gsg5yltc5up4","timestamp":1704989023719,"id":"saue4lbpq4bc9sa"}
{"type":"operationStart","subtype":"render","name":"AveragePunctuation","previousOperationId":"m84gsg5yltc5up4","timestamp":1704989023726,"id":"r3c1va2x4mim1ig","previousEventId":"2txsc8ktlqjrhni","operationId":"p86678p3u5m625z"}
{"type":"log","timestamp":1704989023726,"level":"info","message":"Starting rendering request 17","meta":{"rootId":"g49fa3huc0z4qzx","id":"g49fa3huc0z4qzx"},"id":"16j21q1blgb5irs","previousOperationId":"p86678p3u5m625z"}
{"type":"log","timestamp":1704989023727,"level":"info","message":"Rendering template { name: AveragePunctuation, recipe: chrome-pdf, engine: handlebars, preview: true }","meta":{"rootId":"g49fa3huc0z4qzx","id":"g49fa3huc0z4qzx"},"id":"oo64q1nosb5o37a","previousOperationId":"p86678p3u5m625z"}
{"type":"log","timestamp":1704989023727,"level":"debug","message":"Data item not defined for this template.","meta":{"rootId":"g49fa3huc0z4qzx","id":"g49fa3huc0z4qzx"},"id":"b6qblc899cwx6my","previousOperationId":"p86678p3u5m625z"}
{"type":"log","timestamp":1704989023729,"level":"debug","message":"Executing script AveragePunctuation-script (beforeRender)","meta":{"rootId":"g49fa3huc0z4qzx","id":"g49fa3huc0z4qzx"},"id":"wyd0pmmyqhl2kx9","previousOperationId":"p86678p3u5m625z"}
{"type":"operationStart","subtype":"scriptsBeforeRender","name":"scripts beforeRender","timestamp":1704989023739,"id":"r5259ia80ammynd","previousEventId":"r3c1va2x4mim1ig","operationId":"mt1thnslqqmcbph","previousOperationId":"p86678p3u5m625z"}
{"type":"operationStart","subtype":"script","name":"scripts AveragePunctuation-script","previousOperationId":"mt1thnslqqmcbph","timestamp":1704989023739,"id":"qfbrjm5lent26t5","previousEventId":"r5259ia80ammynd","operationId":"6t4b0ryslutpazk"}
{"type":"operationEnd","operationId":"6t4b0ryslutpazk","timestamp":1704989023740,"id":"bam3ak7cz7evee1","previousEventId":"r3c1va2x4mim1ig","previousOperationId":"p86678p3u5m625z"}
{"type":"operationEnd","operationId":"mt1thnslqqmcbph","timestamp":1704989023740,"id":"xzau4xtpjq3fp45","previousEventId":"bam3ak7cz7evee1","previousOperationId":"p86678p3u5m625z"}
{"type":"log","timestamp":1704989023740,"level":"debug","message":"Base url not specified, skipping its injection.","meta":{"rootId":"g49fa3huc0z4qzx","id":"g49fa3huc0z4qzx"},"id":"edgxm6t6osmkz0s","previousOperationId":"mt1thnslqqmcbph"}
{"type":"operationStart","subtype":"engine","name":"handlebars","timestamp":1704989023740,"id":"1lk6ws25ji0m47j","previousEventId":"xzau4xtpjq3fp45","operationId":"d14xlud6q52s7d1","previousOperationId":"mt1thnslqqmcbph"}
{"type":"log","timestamp":1704989023740,"level":"debug","message":"Rendering engine handlebars","meta":{"rootId":"g49fa3huc0z4qzx","id":"g49fa3huc0z4qzx"},"id":"5zcg70dqvpnujyg","previousOperationId":"d14xlud6q52s7d1"}
{"type":"operationEnd","operationId":"d14xlud6q52s7d1","timestamp":1704989023751,"id":"ov24i9b6a4w93e0","previousEventId":"1lk6ws25ji0m47j","previousOperationId":"d14xlud6q52s7d1"}
{"type":"operationStart","subtype":"recipe","name":"chrome-pdf","timestamp":1704989023751,"id":"x2o4wahm0ya24bw","previousEventId":"ov24i9b6a4w93e0","operationId":"clciotke9s67l8h","previousOperationId":"d14xlud6q52s7d1"}
{"type":"log","timestamp":1704989023751,"level":"debug","message":"Executing recipe chrome-pdf","meta":{"rootId":"g49fa3huc0z4qzx","id":"g49fa3huc0z4qzx"},"id":"qhd18pq9sygnh3o","previousOperationId":"clciotke9s67l8h"}
{"type":"log","timestamp":1704989023754,"level":"debug","message":"Converting with chrome HeadlessChrome/117.0.5938.149 using chrome-pool strategy","meta":{"rootId":"g49fa3huc0z4qzx","id":"g49fa3huc0z4qzx"},"id":"t5pvo089mmkc9mp","previousOperationId":"clciotke9s67l8h"}
{"type":"log","timestamp":1704989023855,"level":"debug","message":"Page request: GET (document) file:///C:/Users/Javier/AppData/Local/Temp/jsreport/autocleanup/99300de4-e437-4c06-90bc-127b901cc824-chrome-pdf.html","meta":{"rootId":"g49fa3huc0z4qzx","id":"g49fa3huc0z4qzx"},"id":"zpc0h51c53tm794","previousOperationId":"clciotke9s67l8h"}
{"type":"log","timestamp":1704989023863,"level":"debug","message":"Page request finished: GET (document) 200 file:///C:/Users/Javier/AppData/Local/Temp/jsreport/autocleanup/99300de4-e437-4c06-90bc-127b901cc824-chrome-pdf.html","meta":{"rootId":"g49fa3huc0z4qzx","id":"g49fa3huc0z4qzx"},"id":"vyhi6m2s6falely","previousOperationId":"clciotke9s67l8h"}
{"type":"log","timestamp":1704989023864,"level":"debug","message":"Running chrome with params {\"printBackground\":true,\"timeout\":59964,\"margin\":{}}","meta":{"rootId":"g49fa3huc0z4qzx","id":"g49fa3huc0z4qzx"},"id":"59cdgmpqslytjmb","previousOperationId":"clciotke9s67l8h"}
{"type":"operationEnd","operationId":"clciotke9s67l8h","timestamp":1704989023871,"id":"7wmwlo3ny5r1osh","previousEventId":"x2o4wahm0ya24bw","previousOperationId":"clciotke9s67l8h"}
{"type":"log","timestamp":1704989023871,"level":"debug","message":"Skipping storing report.","meta":{"rootId":"g49fa3huc0z4qzx","id":"g49fa3huc0z4qzx"},"id":"chqphr51y0uejc4","previousOperationId":"clciotke9s67l8h"}
{"type":"log","timestamp":1704989023871,"level":"info","message":"Rendering request 17 finished in 154 ms","meta":{"rootId":"g49fa3huc0z4qzx","id":"g49fa3huc0z4qzx"},"id":"nd67my3lz0wrcrw","previousOperationId":"clciotke9s67l8h"}
{"type":"operationEnd","subtype":"render","operationId":"p86678p3u5m625z","timestamp":1704989023871,"id":"0yh3td4q9glwf4e","previousEventId":"7wmwlo3ny5r1osh","previousOperationId":"clciotke9s67l8h"}
{"type":"operationEnd","doDiffs":false,"previousEventId":"2txsc8ktlqjrhni","previousOperationId":"m84gsg5yltc5up4","operationId":"m84gsg5yltc5up4","timestamp":1704989023876,"id":"b9wngb2qcc1ues7"}
