{"type":"operationStart","subtype":"profile","data":{"_id":"EoXVm5wQv9OVdtyG","timestamp":"2024-01-13T14:07:48.565Z","state":"queued","mode":"standard","creationDate":"2024-01-13T14:07:48.566Z","modificationDate":"2024-01-13T14:07:48.566Z","shortid":"_KOzNYB","$entitySet":"profiles"},"doDiffs":false,"timestamp":1705154868566,"id":"z6lcn3kg93m32fc","previousOperationId":null,"operationId":"t9trzi1lok93f5j"}
{"type":"log","level":"info","message":"Render request 12 queued for execution and waiting for available worker","previousOperationId":"t9trzi1lok93f5j","timestamp":1705154868566,"id":"ntm6cwi3q5ntery"}
{"type":"operationStart","subtype":"render","name":"AveragePunctuation","previousOperationId":"t9trzi1lok93f5j","timestamp":1705154868572,"id":"npxfwa9o8csjwp2","previousEventId":"z6lcn3kg93m32fc","operationId":"xtao2hhlp9zzn6e"}
{"type":"log","timestamp":1705154868572,"level":"info","message":"Starting rendering request 12","meta":{"rootId":"g8womvuqj3a1dvq","id":"g8womvuqj3a1dvq"},"id":"gznpxb90i46eltq","previousOperationId":"xtao2hhlp9zzn6e"}
{"type":"log","timestamp":1705154868572,"level":"info","message":"Rendering template { name: AveragePunctuation, recipe: chrome-pdf, engine: handlebars, preview: false }","meta":{"rootId":"g8womvuqj3a1dvq","id":"g8womvuqj3a1dvq"},"id":"hznb4s0wppmmwjn","previousOperationId":"xtao2hhlp9zzn6e"}
{"type":"log","timestamp":1705154868572,"level":"debug","message":"Inline data specified.","meta":{"rootId":"g8womvuqj3a1dvq","id":"g8womvuqj3a1dvq"},"id":"0z71be8mdh9pvtx","previousOperationId":"xtao2hhlp9zzn6e"}
{"type":"log","timestamp":1705154868574,"level":"debug","message":"Executing script AveragePunctuation-script (beforeRender)","meta":{"rootId":"g8womvuqj3a1dvq","id":"g8womvuqj3a1dvq"},"id":"8luekev747fdliu","previousOperationId":"xtao2hhlp9zzn6e"}
{"type":"operationStart","subtype":"scriptsBeforeRender","name":"scripts beforeRender","timestamp":1705154868594,"id":"zwydbo2jlwqm9x6","previousEventId":"npxfwa9o8csjwp2","operationId":"fznj20s19xbl4aw","previousOperationId":"xtao2hhlp9zzn6e"}
{"type":"operationStart","subtype":"script","name":"scripts AveragePunctuation-script","previousOperationId":"fznj20s19xbl4aw","timestamp":1705154868594,"id":"91mx0bja58hyees","previousEventId":"zwydbo2jlwqm9x6","operationId":"95gjikam8kc9d8z"}
{"type":"operationEnd","operationId":"95gjikam8kc9d8z","timestamp":1705154868608,"id":"9jfhsk2oswvzb6f","previousEventId":"npxfwa9o8csjwp2","previousOperationId":"xtao2hhlp9zzn6e"}
{"type":"operationEnd","operationId":"fznj20s19xbl4aw","timestamp":1705154868609,"id":"bgvf3pizt8ob782","previousEventId":"9jfhsk2oswvzb6f","previousOperationId":"xtao2hhlp9zzn6e"}
{"type":"log","timestamp":1705154868609,"level":"debug","message":"Base url not specified, skipping its injection.","meta":{"rootId":"g8womvuqj3a1dvq","id":"g8womvuqj3a1dvq"},"id":"pythurc6pslb1hf","previousOperationId":"fznj20s19xbl4aw"}
{"type":"operationStart","subtype":"engine","name":"handlebars","timestamp":1705154868609,"id":"nq71ftqyxiijmx6","previousEventId":"bgvf3pizt8ob782","operationId":"vn9293sw4g2ocvj","previousOperationId":"fznj20s19xbl4aw"}
{"type":"log","timestamp":1705154868609,"level":"debug","message":"Rendering engine handlebars","meta":{"rootId":"g8womvuqj3a1dvq","id":"g8womvuqj3a1dvq"},"id":"0uz0m308a298zul","previousOperationId":"vn9293sw4g2ocvj"}
{"type":"operationEnd","operationId":"vn9293sw4g2ocvj","timestamp":1705154868635,"id":"4r6gcczuqs5214g","previousEventId":"nq71ftqyxiijmx6","previousOperationId":"vn9293sw4g2ocvj"}
{"type":"operationStart","subtype":"recipe","name":"chrome-pdf","timestamp":1705154868635,"id":"t2cnyf7rmpcrfeu","previousEventId":"4r6gcczuqs5214g","operationId":"fgtvrh2n3oayryw","previousOperationId":"vn9293sw4g2ocvj"}
{"type":"log","timestamp":1705154868635,"level":"debug","message":"Executing recipe chrome-pdf","meta":{"rootId":"g8womvuqj3a1dvq","id":"g8womvuqj3a1dvq"},"id":"eg7xjf0grffyfeu","previousOperationId":"fgtvrh2n3oayryw"}
{"type":"log","timestamp":1705154868637,"level":"debug","message":"Converting with chrome HeadlessChrome/117.0.5938.149 using chrome-pool strategy","meta":{"rootId":"g8womvuqj3a1dvq","id":"g8womvuqj3a1dvq"},"id":"tsmzuod3y9qw0ap","previousOperationId":"fgtvrh2n3oayryw"}
{"type":"log","timestamp":1705154868731,"level":"debug","message":"Page request: GET (document) file:///C:/Users/Javier/AppData/Local/Temp/jsreport/autocleanup/4bd0d526-0203-4ecd-9604-8570bf931f84-chrome-pdf.html","meta":{"rootId":"g8womvuqj3a1dvq","id":"g8womvuqj3a1dvq"},"id":"bv7h6tmyyt9dy7e","previousOperationId":"fgtvrh2n3oayryw"}
{"type":"log","timestamp":1705154868775,"level":"debug","message":"Page request: GET (stylesheet) https://cdnjs.cloudflare.com/ajax/libs/metro/4.1.5/css/metro.min.css","meta":{"rootId":"g8womvuqj3a1dvq","id":"g8womvuqj3a1dvq"},"id":"2p866wzuvritf8w","previousOperationId":"fgtvrh2n3oayryw"}
{"type":"log","timestamp":1705154868776,"level":"debug","message":"Page request: GET (script) https://cdnjs.cloudflare.com/ajax/libs/Chart.js/2.7.2/Chart.min.js","meta":{"rootId":"g8womvuqj3a1dvq","id":"g8womvuqj3a1dvq"},"id":"805zbh0l66sk0aj","previousOperationId":"fgtvrh2n3oayryw"}
{"type":"log","timestamp":1705154868776,"level":"debug","message":"Page request finished: GET (document) 200 file:///C:/Users/Javier/AppData/Local/Temp/jsreport/autocleanup/4bd0d526-0203-4ecd-9604-8570bf931f84-chrome-pdf.html","meta":{"rootId":"g8womvuqj3a1dvq","id":"g8womvuqj3a1dvq"},"id":"2nshrnd2stm9r6t","previousOperationId":"fgtvrh2n3oayryw"}
{"type":"log","timestamp":1705154868790,"level":"debug","message":"Page request finished: GET (stylesheet) 200 https://cdnjs.cloudflare.com/ajax/libs/metro/4.1.5/css/metro.min.css","meta":{"rootId":"g8womvuqj3a1dvq","id":"g8womvuqj3a1dvq"},"id":"9y1q0a0vvhn5quu","previousOperationId":"fgtvrh2n3oayryw"}
{"type":"log","timestamp":1705154868790,"level":"debug","message":"Page request finished: GET (script) 200 https://cdnjs.cloudflare.com/ajax/libs/Chart.js/2.7.2/Chart.min.js","meta":{"rootId":"g8womvuqj3a1dvq","id":"g8womvuqj3a1dvq"},"id":"xsyednte9w8kumt","previousOperationId":"fgtvrh2n3oayryw"}
{"type":"log","timestamp":1705154868846,"level":"debug","message":"Running chrome with params {\"printBackground\":true,\"timeout\":59927,\"margin\":{}}","meta":{"rootId":"g8womvuqj3a1dvq","id":"g8womvuqj3a1dvq"},"id":"v3ysg1u8fnxr8l8","previousOperationId":"fgtvrh2n3oayryw"}
{"type":"operationEnd","operationId":"fgtvrh2n3oayryw","timestamp":1705154868936,"id":"lxp3uep1d6kcezp","previousEventId":"t2cnyf7rmpcrfeu","previousOperationId":"fgtvrh2n3oayryw"}
{"type":"log","timestamp":1705154868936,"level":"debug","message":"Skipping storing report.","meta":{"rootId":"g8womvuqj3a1dvq","id":"g8womvuqj3a1dvq"},"id":"77dll1z758emgj9","previousOperationId":"fgtvrh2n3oayryw"}
{"type":"log","timestamp":1705154868936,"level":"info","message":"Rendering request 12 finished in 372 ms","meta":{"rootId":"g8womvuqj3a1dvq","id":"g8womvuqj3a1dvq"},"id":"5p5ftnk3rftlvma","previousOperationId":"fgtvrh2n3oayryw"}
{"type":"operationEnd","subtype":"render","operationId":"xtao2hhlp9zzn6e","timestamp":1705154868936,"id":"8ntmk3bgmjf5jh6","previousEventId":"lxp3uep1d6kcezp","previousOperationId":"fgtvrh2n3oayryw"}
{"type":"operationEnd","doDiffs":false,"previousEventId":"z6lcn3kg93m32fc","previousOperationId":"t9trzi1lok93f5j","operationId":"t9trzi1lok93f5j","timestamp":1705154868938,"id":"jd6qnixrfaudp11"}
