{"type":"operationStart","subtype":"profile","data":{"_id":"t9C3fdfYLUSLqOO6","timestamp":"2024-01-13T14:31:00.196Z","state":"queued","mode":"standard","creationDate":"2024-01-13T14:31:00.197Z","modificationDate":"2024-01-13T14:31:00.197Z","shortid":"fIqFhzS","$entitySet":"profiles"},"doDiffs":false,"timestamp":1705156260196,"id":"gp2hfgxym9rlhus","previousOperationId":null,"operationId":"t1t1pfop80ad7gh"}
{"type":"log","level":"info","message":"Render request 48 queued for execution and waiting for available worker","previousOperationId":"t1t1pfop80ad7gh","timestamp":1705156260196,"id":"srcv0txqk30ia8m"}
{"type":"operationStart","subtype":"render","name":"AveragePunctuation","previousOperationId":"t1t1pfop80ad7gh","timestamp":1705156260201,"id":"ms28s44f4ki4dr6","previousEventId":"gp2hfgxym9rlhus","operationId":"lw0lgk1utmmvwk7"}
{"type":"log","timestamp":1705156260201,"level":"info","message":"Starting rendering request 48","meta":{"rootId":"g9wrpamhbx93160","id":"g9wrpamhbx93160"},"id":"ck7i9k2al3vwfo4","previousOperationId":"lw0lgk1utmmvwk7"}
{"type":"log","timestamp":1705156260201,"level":"info","message":"Rendering template { name: AveragePunctuation, recipe: chrome-pdf, engine: handlebars, preview: false }","meta":{"rootId":"g9wrpamhbx93160","id":"g9wrpamhbx93160"},"id":"2t2856wjdjcw1ql","previousOperationId":"lw0lgk1utmmvwk7"}
{"type":"log","timestamp":1705156260201,"level":"debug","message":"Inline data specified.","meta":{"rootId":"g9wrpamhbx93160","id":"g9wrpamhbx93160"},"id":"p82hijo3asvrkpl","previousOperationId":"lw0lgk1utmmvwk7"}
{"type":"log","timestamp":1705156260203,"level":"debug","message":"Executing script AveragePunctuation-script (beforeRender)","meta":{"rootId":"g9wrpamhbx93160","id":"g9wrpamhbx93160"},"id":"jt7nzfmkiwsz3oe","previousOperationId":"lw0lgk1utmmvwk7"}
{"type":"operationStart","subtype":"scriptsBeforeRender","name":"scripts beforeRender","timestamp":1705156260214,"id":"skvx8de9voxs6co","previousEventId":"ms28s44f4ki4dr6","operationId":"a0jpeyieabh2tv3","previousOperationId":"lw0lgk1utmmvwk7"}
{"type":"operationStart","subtype":"script","name":"scripts AveragePunctuation-script","previousOperationId":"a0jpeyieabh2tv3","timestamp":1705156260214,"id":"6di64j45dl35tk5","previousEventId":"skvx8de9voxs6co","operationId":"jb5o8gjtoyg9v23"}
{"type":"operationEnd","operationId":"jb5o8gjtoyg9v23","timestamp":1705156260225,"id":"vlzvcu74i6d19t9","previousEventId":"ms28s44f4ki4dr6","previousOperationId":"lw0lgk1utmmvwk7"}
{"type":"operationEnd","operationId":"a0jpeyieabh2tv3","timestamp":1705156260225,"id":"38frg3pbezef5t6","previousEventId":"vlzvcu74i6d19t9","previousOperationId":"lw0lgk1utmmvwk7"}
{"type":"log","timestamp":1705156260225,"level":"debug","message":"Base url not specified, skipping its injection.","meta":{"rootId":"g9wrpamhbx93160","id":"g9wrpamhbx93160"},"id":"q0cfk937z8u08wi","previousOperationId":"a0jpeyieabh2tv3"}
{"type":"operationStart","subtype":"engine","name":"handlebars","timestamp":1705156260225,"id":"bu9i5v8y0vpi1w1","previousEventId":"38frg3pbezef5t6","operationId":"0rk1nl4o20cx5os","previousOperationId":"a0jpeyieabh2tv3"}
{"type":"log","timestamp":1705156260225,"level":"debug","message":"Rendering engine handlebars","meta":{"rootId":"g9wrpamhbx93160","id":"g9wrpamhbx93160"},"id":"phyrsbog42a08m2","previousOperationId":"0rk1nl4o20cx5os"}
{"type":"operationEnd","operationId":"0rk1nl4o20cx5os","timestamp":1705156260233,"id":"e2rkoxlmsq4niw1","previousEventId":"bu9i5v8y0vpi1w1","previousOperationId":"0rk1nl4o20cx5os"}
{"type":"operationStart","subtype":"recipe","name":"chrome-pdf","timestamp":1705156260233,"id":"k87whlm1ic3nbn1","previousEventId":"e2rkoxlmsq4niw1","operationId":"3mx8evl87yxgb6e","previousOperationId":"0rk1nl4o20cx5os"}
{"type":"log","timestamp":1705156260233,"level":"debug","message":"Executing recipe chrome-pdf","meta":{"rootId":"g9wrpamhbx93160","id":"g9wrpamhbx93160"},"id":"6dwr4c94q0lwrt2","previousOperationId":"3mx8evl87yxgb6e"}
{"type":"log","timestamp":1705156260234,"level":"debug","message":"Converting with chrome HeadlessChrome/117.0.5938.149 using chrome-pool strategy","meta":{"rootId":"g9wrpamhbx93160","id":"g9wrpamhbx93160"},"id":"h3pg5a99pr1jblq","previousOperationId":"3mx8evl87yxgb6e"}
{"type":"log","timestamp":1705156260302,"level":"debug","message":"Page request: GET (document) file:///C:/Users/Javier/AppData/Local/Temp/jsreport/autocleanup/35617468-a2f8-4cd1-8d01-4b4aebd261e4-chrome-pdf.html","meta":{"rootId":"g9wrpamhbx93160","id":"g9wrpamhbx93160"},"id":"f68h8s2e45n2qfe","previousOperationId":"3mx8evl87yxgb6e"}
{"type":"log","timestamp":1705156260339,"level":"debug","message":"Page request: GET (stylesheet) https://cdnjs.cloudflare.com/ajax/libs/metro/4.1.5/css/metro.min.css","meta":{"rootId":"g9wrpamhbx93160","id":"g9wrpamhbx93160"},"id":"vj3hu37hxx7lnrg","previousOperationId":"3mx8evl87yxgb6e"}
{"type":"log","timestamp":1705156260339,"level":"debug","message":"Page request: GET (script) https://cdnjs.cloudflare.com/ajax/libs/Chart.js/2.7.2/Chart.min.js","meta":{"rootId":"g9wrpamhbx93160","id":"g9wrpamhbx93160"},"id":"yrk7izllsjkegc2","previousOperationId":"3mx8evl87yxgb6e"}
{"type":"log","timestamp":1705156260340,"level":"debug","message":"Page request finished: GET (document) 200 file:///C:/Users/Javier/AppData/Local/Temp/jsreport/autocleanup/35617468-a2f8-4cd1-8d01-4b4aebd261e4-chrome-pdf.html","meta":{"rootId":"g9wrpamhbx93160","id":"g9wrpamhbx93160"},"id":"467f5wligszaupe","previousOperationId":"3mx8evl87yxgb6e"}
{"type":"log","timestamp":1705156260344,"level":"debug","message":"Page request finished: GET (script) 200 https://cdnjs.cloudflare.com/ajax/libs/Chart.js/2.7.2/Chart.min.js","meta":{"rootId":"g9wrpamhbx93160","id":"g9wrpamhbx93160"},"id":"9gdj0pqdwq2vvpv","previousOperationId":"3mx8evl87yxgb6e"}
{"type":"log","timestamp":1705156260353,"level":"debug","message":"Page request finished: GET (stylesheet) 200 https://cdnjs.cloudflare.com/ajax/libs/metro/4.1.5/css/metro.min.css","meta":{"rootId":"g9wrpamhbx93160","id":"g9wrpamhbx93160"},"id":"woaxzeujf9ad0nu","previousOperationId":"3mx8evl87yxgb6e"}
{"type":"log","timestamp":1705156260410,"level":"debug","message":"Running chrome with params {\"printBackground\":true,\"timeout\":59961,\"margin\":{}}","meta":{"rootId":"g9wrpamhbx93160","id":"g9wrpamhbx93160"},"id":"ydos5rspld6877l","previousOperationId":"3mx8evl87yxgb6e"}
{"type":"operationEnd","operationId":"3mx8evl87yxgb6e","timestamp":1705156260503,"id":"986rce8s7wdugc9","previousEventId":"k87whlm1ic3nbn1","previousOperationId":"3mx8evl87yxgb6e"}
{"type":"log","timestamp":1705156260503,"level":"debug","message":"Skipping storing report.","meta":{"rootId":"g9wrpamhbx93160","id":"g9wrpamhbx93160"},"id":"u2h620wgusyhstv","previousOperationId":"3mx8evl87yxgb6e"}
{"type":"log","timestamp":1705156260503,"level":"info","message":"Rendering request 48 finished in 308 ms","meta":{"rootId":"g9wrpamhbx93160","id":"g9wrpamhbx93160"},"id":"pcyg8tea6aeuyxv","previousOperationId":"3mx8evl87yxgb6e"}
{"type":"operationEnd","subtype":"render","operationId":"lw0lgk1utmmvwk7","timestamp":1705156260503,"id":"11ijyztbq1bm0ha","previousEventId":"986rce8s7wdugc9","previousOperationId":"3mx8evl87yxgb6e"}
{"type":"operationEnd","doDiffs":false,"previousEventId":"gp2hfgxym9rlhus","previousOperationId":"t1t1pfop80ad7gh","operationId":"t1t1pfop80ad7gh","timestamp":1705156260505,"id":"0datwg8h3jb1o4k"}
