{"type":"operationStart","subtype":"profile","data":{"_id":"WLWc7PyQyQemri26","timestamp":"2024-01-11T16:47:55.549Z","state":"queued","mode":"standard","creationDate":"2024-01-11T16:47:55.551Z","modificationDate":"2024-01-11T16:47:55.551Z","shortid":"cTwsGMT","$entitySet":"profiles"},"doDiffs":false,"timestamp":1704991675550,"id":"lwt07y7mtk4p51e","previousOperationId":null,"operationId":"byrxxj94a7hkd1z"}
{"type":"log","level":"info","message":"Render request 7 queued for execution and waiting for available worker","previousOperationId":"byrxxj94a7hkd1z","timestamp":1704991675550,"id":"2rndfesb3xbj8bq"}
{"type":"operationStart","subtype":"render","name":"AveragePunctuation","previousOperationId":"byrxxj94a7hkd1z","timestamp":1704991675556,"id":"bm16lsxaxjook5o","previousEventId":"lwt07y7mtk4p51e","operationId":"td4oy3lqkh7xz4a"}
{"type":"log","timestamp":1704991675557,"level":"info","message":"Starting rendering request 7","meta":{"rootId":"gdqamvvmrrvcap3","id":"gdqamvvmrrvcap3"},"id":"j6vbxw2v4xju3zv","previousOperationId":"td4oy3lqkh7xz4a"}
{"type":"log","timestamp":1704991675557,"level":"info","message":"Rendering template { name: AveragePunctuation, recipe: chrome-pdf, engine: handlebars, preview: false }","meta":{"rootId":"gdqamvvmrrvcap3","id":"gdqamvvmrrvcap3"},"id":"id8so59o9vlvggx","previousOperationId":"td4oy3lqkh7xz4a"}
{"type":"log","timestamp":1704991675559,"level":"debug","message":"Inline data specified.","meta":{"rootId":"gdqamvvmrrvcap3","id":"gdqamvvmrrvcap3"},"id":"zfc28q5wwkll456","previousOperationId":"td4oy3lqkh7xz4a"}
{"type":"log","timestamp":1704991675561,"level":"debug","message":"Executing script AveragePunctuation-script (beforeRender)","meta":{"rootId":"gdqamvvmrrvcap3","id":"gdqamvvmrrvcap3"},"id":"vg8b9sq354c40lo","previousOperationId":"td4oy3lqkh7xz4a"}
{"type":"operationStart","subtype":"scriptsBeforeRender","name":"scripts beforeRender","timestamp":1704991675844,"id":"79m259f5vo7nr1d","previousEventId":"bm16lsxaxjook5o","operationId":"s9g4agqiatp60uc","previousOperationId":"td4oy3lqkh7xz4a"}
{"type":"operationStart","subtype":"script","name":"scripts AveragePunctuation-script","previousOperationId":"s9g4agqiatp60uc","timestamp":1704991675844,"id":"o6vrpohedh1bovt","previousEventId":"79m259f5vo7nr1d","operationId":"cflu7wxmj3dntwd"}
{"type":"operationEnd","operationId":"cflu7wxmj3dntwd","timestamp":1704991675860,"id":"smaw7telq7nkizo","previousEventId":"bm16lsxaxjook5o","previousOperationId":"td4oy3lqkh7xz4a"}
{"type":"operationEnd","operationId":"s9g4agqiatp60uc","timestamp":1704991675860,"id":"it6afjig2dmb4s4","previousEventId":"smaw7telq7nkizo","previousOperationId":"td4oy3lqkh7xz4a"}
{"type":"log","timestamp":1704991675860,"level":"debug","message":"Base url not specified, skipping its injection.","meta":{"rootId":"gdqamvvmrrvcap3","id":"gdqamvvmrrvcap3"},"id":"t3bza22l6mrs0e3","previousOperationId":"s9g4agqiatp60uc"}
{"type":"operationStart","subtype":"engine","name":"handlebars","timestamp":1704991675862,"id":"qnqazoyqsp5hkf7","previousEventId":"it6afjig2dmb4s4","operationId":"dymamtda3mzpt55","previousOperationId":"s9g4agqiatp60uc"}
{"type":"log","timestamp":1704991675862,"level":"debug","message":"Rendering engine handlebars","meta":{"rootId":"gdqamvvmrrvcap3","id":"gdqamvvmrrvcap3"},"id":"jk3pmws5yhig07o","previousOperationId":"dymamtda3mzpt55"}
{"type":"operationEnd","operationId":"dymamtda3mzpt55","timestamp":1704991676089,"id":"huhc6jptbxp9s8q","previousEventId":"qnqazoyqsp5hkf7","previousOperationId":"dymamtda3mzpt55"}
{"type":"operationStart","subtype":"recipe","name":"chrome-pdf","timestamp":1704991676089,"id":"0vhtw0tfyozob7n","previousEventId":"huhc6jptbxp9s8q","operationId":"bix75ckcov0ug68","previousOperationId":"dymamtda3mzpt55"}
{"type":"log","timestamp":1704991676089,"level":"debug","message":"Executing recipe chrome-pdf","meta":{"rootId":"gdqamvvmrrvcap3","id":"gdqamvvmrrvcap3"},"id":"avxtl0uuxx9i3nh","previousOperationId":"bix75ckcov0ug68"}
{"type":"log","timestamp":1704991676527,"level":"debug","message":"Converting with chrome HeadlessChrome/117.0.5938.149 using chrome-pool strategy","meta":{"rootId":"gdqamvvmrrvcap3","id":"gdqamvvmrrvcap3"},"id":"yxh7nlpksga8s83","previousOperationId":"bix75ckcov0ug68"}
{"type":"log","timestamp":1704991677386,"level":"debug","message":"Page request: GET (document) file:///C:/Users/Javier/AppData/Local/Temp/jsreport/autocleanup/3c094cf9-a520-405e-afa7-10909d47656a-chrome-pdf.html","meta":{"rootId":"gdqamvvmrrvcap3","id":"gdqamvvmrrvcap3"},"id":"ewavymb74db2igt","previousOperationId":"bix75ckcov0ug68"}
{"type":"log","timestamp":1704991677394,"level":"debug","message":"Page request finished: GET (document) 200 file:///C:/Users/Javier/AppData/Local/Temp/jsreport/autocleanup/3c094cf9-a520-405e-afa7-10909d47656a-chrome-pdf.html","meta":{"rootId":"gdqamvvmrrvcap3","id":"gdqamvvmrrvcap3"},"id":"tce3xz50vqp5obp","previousOperationId":"bix75ckcov0ug68"}
{"type":"log","timestamp":1704991677397,"level":"debug","message":"Running chrome with params {\"printBackground\":true,\"timeout\":59141,\"margin\":{}}","meta":{"rootId":"gdqamvvmrrvcap3","id":"gdqamvvmrrvcap3"},"id":"07m9zvitcmyn5m5","previousOperationId":"bix75ckcov0ug68"}
{"type":"operationEnd","operationId":"bix75ckcov0ug68","timestamp":1704991677412,"id":"92lwffla95jz9b4","previousEventId":"0vhtw0tfyozob7n","previousOperationId":"bix75ckcov0ug68"}
{"type":"log","timestamp":1704991677413,"level":"debug","message":"Skipping storing report.","meta":{"rootId":"gdqamvvmrrvcap3","id":"gdqamvvmrrvcap3"},"id":"zz3ggv3no6rqnw8","previousOperationId":"bix75ckcov0ug68"}
{"type":"log","timestamp":1704991677413,"level":"info","message":"Rendering request 7 finished in 1864 ms","meta":{"rootId":"gdqamvvmrrvcap3","id":"gdqamvvmrrvcap3"},"id":"lckxhxffvwvfxgy","previousOperationId":"bix75ckcov0ug68"}
{"type":"operationEnd","subtype":"render","operationId":"td4oy3lqkh7xz4a","timestamp":1704991677413,"id":"x1hldk6jzyvt79h","previousEventId":"92lwffla95jz9b4","previousOperationId":"bix75ckcov0ug68"}
{"type":"operationEnd","doDiffs":false,"previousEventId":"lwt07y7mtk4p51e","previousOperationId":"byrxxj94a7hkd1z","operationId":"byrxxj94a7hkd1z","timestamp":1704991677415,"id":"rk8yobhnpu73iim"}
