{"type":"operationStart","subtype":"profile","data":{"_id":"NPqOv1cmkArxcU07","timestamp":"2024-01-13T22:39:25.997Z","state":"queued","mode":"standard","creationDate":"2024-01-13T22:39:26.000Z","modificationDate":"2024-01-13T22:39:26.000Z","shortid":"3SA3xEf","$entitySet":"profiles"},"doDiffs":false,"timestamp":1705185565999,"id":"5tdpqtcqrudqyzu","previousOperationId":null,"operationId":"8k4wylaz9z1q5v5"}
{"type":"log","level":"info","message":"Render request 22 queued for execution and waiting for available worker","previousOperationId":"8k4wylaz9z1q5v5","timestamp":1705185565999,"id":"sexrmhxh0n8k9v9"}
{"type":"operationStart","subtype":"render","name":"AveragePunctuation","previousOperationId":"8k4wylaz9z1q5v5","timestamp":1705185566003,"id":"egg498hyg796j3s","previousEventId":"5tdpqtcqrudqyzu","operationId":"ag3ir42g9upjhda"}
{"type":"log","timestamp":1705185566003,"level":"info","message":"Starting rendering request 22","meta":{"rootId":"gl3hczke6fqbtv8","id":"gl3hczke6fqbtv8"},"id":"qxxom2fsjwsaln7","previousOperationId":"ag3ir42g9upjhda"}
{"type":"log","timestamp":1705185566003,"level":"info","message":"Rendering template { name: AveragePunctuation, recipe: chrome-pdf, engine: handlebars, preview: false }","meta":{"rootId":"gl3hczke6fqbtv8","id":"gl3hczke6fqbtv8"},"id":"gq0jr5s6f7xspod","previousOperationId":"ag3ir42g9upjhda"}
{"type":"log","timestamp":1705185566004,"level":"debug","message":"Inline data specified.","meta":{"rootId":"gl3hczke6fqbtv8","id":"gl3hczke6fqbtv8"},"id":"v266bzvc9vzhi6q","previousOperationId":"ag3ir42g9upjhda"}
{"type":"log","timestamp":1705185566006,"level":"debug","message":"Executing script AveragePunctuation-script (beforeRender)","meta":{"rootId":"gl3hczke6fqbtv8","id":"gl3hczke6fqbtv8"},"id":"kc9geq5g3kuuzu8","previousOperationId":"ag3ir42g9upjhda"}
{"type":"operationStart","subtype":"scriptsBeforeRender","name":"scripts beforeRender","timestamp":1705185566023,"id":"bfnnibp3nyk6b31","previousEventId":"egg498hyg796j3s","operationId":"4kgmm07ks4ps32x","previousOperationId":"ag3ir42g9upjhda"}
{"type":"operationStart","subtype":"script","name":"scripts AveragePunctuation-script","previousOperationId":"4kgmm07ks4ps32x","timestamp":1705185566023,"id":"9zutkrl24iuhabs","previousEventId":"bfnnibp3nyk6b31","operationId":"b0net72i4aeybhz"}
{"type":"operationEnd","operationId":"b0net72i4aeybhz","timestamp":1705185566037,"id":"pxng17hl8br0s60","previousEventId":"egg498hyg796j3s","previousOperationId":"ag3ir42g9upjhda"}
{"type":"operationEnd","operationId":"4kgmm07ks4ps32x","timestamp":1705185566037,"id":"k0w2wr70und0mhu","previousEventId":"pxng17hl8br0s60","previousOperationId":"ag3ir42g9upjhda"}
{"type":"log","timestamp":1705185566037,"level":"debug","message":"Base url not specified, skipping its injection.","meta":{"rootId":"gl3hczke6fqbtv8","id":"gl3hczke6fqbtv8"},"id":"f5ynodt9qos7i17","previousOperationId":"4kgmm07ks4ps32x"}
{"type":"operationStart","subtype":"engine","name":"handlebars","timestamp":1705185566037,"id":"8cq5gqi7jhzwjww","previousEventId":"k0w2wr70und0mhu","operationId":"qlhpj1c15y03kb4","previousOperationId":"4kgmm07ks4ps32x"}
{"type":"log","timestamp":1705185566037,"level":"debug","message":"Rendering engine handlebars","meta":{"rootId":"gl3hczke6fqbtv8","id":"gl3hczke6fqbtv8"},"id":"i503huii3dtyyyl","previousOperationId":"qlhpj1c15y03kb4"}
{"type":"operationEnd","operationId":"qlhpj1c15y03kb4","timestamp":1705185566044,"id":"g3creho2xxv45em","previousEventId":"8cq5gqi7jhzwjww","previousOperationId":"qlhpj1c15y03kb4"}
{"type":"operationStart","subtype":"recipe","name":"chrome-pdf","timestamp":1705185566044,"id":"p6g7q2at85g4xlv","previousEventId":"g3creho2xxv45em","operationId":"s3apmrod0ogafne","previousOperationId":"qlhpj1c15y03kb4"}
{"type":"log","timestamp":1705185566044,"level":"debug","message":"Executing recipe chrome-pdf","meta":{"rootId":"gl3hczke6fqbtv8","id":"gl3hczke6fqbtv8"},"id":"cz67ysgq4vck70p","previousOperationId":"s3apmrod0ogafne"}
{"type":"log","timestamp":1705185566046,"level":"debug","message":"Converting with chrome HeadlessChrome/117.0.5938.149 using chrome-pool strategy","meta":{"rootId":"gl3hczke6fqbtv8","id":"gl3hczke6fqbtv8"},"id":"x9s1d497y02n7t1","previousOperationId":"s3apmrod0ogafne"}
{"type":"log","timestamp":1705185566116,"level":"debug","message":"Page request: GET (document) file:///C:/Users/Javier/AppData/Local/Temp/jsreport/autocleanup/21a53dc2-d773-4a76-b6b7-60a71810ac25-chrome-pdf.html","meta":{"rootId":"gl3hczke6fqbtv8","id":"gl3hczke6fqbtv8"},"id":"eq5f3dog8e6gkpv","previousOperationId":"s3apmrod0ogafne"}
{"type":"log","timestamp":1705185566155,"level":"debug","message":"Page request: GET (stylesheet) https://cdnjs.cloudflare.com/ajax/libs/metro/4.1.5/css/metro.min.css","meta":{"rootId":"gl3hczke6fqbtv8","id":"gl3hczke6fqbtv8"},"id":"10uamke1a5m22dz","previousOperationId":"s3apmrod0ogafne"}
{"type":"log","timestamp":1705185566155,"level":"debug","message":"Page request: GET (script) https://cdnjs.cloudflare.com/ajax/libs/Chart.js/2.7.2/Chart.min.js","meta":{"rootId":"gl3hczke6fqbtv8","id":"gl3hczke6fqbtv8"},"id":"9kzbllkzlucah6m","previousOperationId":"s3apmrod0ogafne"}
{"type":"log","timestamp":1705185566155,"level":"debug","message":"Page request finished: GET (document) 200 file:///C:/Users/Javier/AppData/Local/Temp/jsreport/autocleanup/21a53dc2-d773-4a76-b6b7-60a71810ac25-chrome-pdf.html","meta":{"rootId":"gl3hczke6fqbtv8","id":"gl3hczke6fqbtv8"},"id":"vvo8e0wdx5vneub","previousOperationId":"s3apmrod0ogafne"}
{"type":"log","timestamp":1705185566159,"level":"debug","message":"Page request finished: GET (script) 200 https://cdnjs.cloudflare.com/ajax/libs/Chart.js/2.7.2/Chart.min.js","meta":{"rootId":"gl3hczke6fqbtv8","id":"gl3hczke6fqbtv8"},"id":"684w66lshqjrik4","previousOperationId":"s3apmrod0ogafne"}
{"type":"log","timestamp":1705185566169,"level":"debug","message":"Page request finished: GET (stylesheet) 200 https://cdnjs.cloudflare.com/ajax/libs/metro/4.1.5/css/metro.min.css","meta":{"rootId":"gl3hczke6fqbtv8","id":"gl3hczke6fqbtv8"},"id":"wze271rfo0ei71l","previousOperationId":"s3apmrod0ogafne"}
{"type":"log","timestamp":1705185566221,"level":"debug","message":"Running chrome with params {\"printBackground\":true,\"timeout\":59952,\"margin\":{}}","meta":{"rootId":"gl3hczke6fqbtv8","id":"gl3hczke6fqbtv8"},"id":"oy8b728zjel7okc","previousOperationId":"s3apmrod0ogafne"}
{"type":"operationEnd","operationId":"s3apmrod0ogafne","timestamp":1705185566314,"id":"psn99v27aurtc2l","previousEventId":"p6g7q2at85g4xlv","previousOperationId":"s3apmrod0ogafne"}
{"type":"log","timestamp":1705185566314,"level":"debug","message":"Skipping storing report.","meta":{"rootId":"gl3hczke6fqbtv8","id":"gl3hczke6fqbtv8"},"id":"jtj7thnww3reyrs","previousOperationId":"s3apmrod0ogafne"}
{"type":"log","timestamp":1705185566314,"level":"info","message":"Rendering request 22 finished in 317 ms","meta":{"rootId":"gl3hczke6fqbtv8","id":"gl3hczke6fqbtv8"},"id":"0h51tmv9hjvkp52","previousOperationId":"s3apmrod0ogafne"}
{"type":"operationEnd","subtype":"render","operationId":"ag3ir42g9upjhda","timestamp":1705185566314,"id":"d4luk2gozcvrxgi","previousEventId":"psn99v27aurtc2l","previousOperationId":"s3apmrod0ogafne"}
{"type":"operationEnd","doDiffs":false,"previousEventId":"5tdpqtcqrudqyzu","previousOperationId":"8k4wylaz9z1q5v5","operationId":"8k4wylaz9z1q5v5","timestamp":1705185566316,"id":"o4xmkz12mc6sepv"}
