{"type":"operationStart","subtype":"profile","data":{"_id":"kpq0pJ0B4ryTXpRE","timestamp":"2024-01-13T22:56:18.414Z","state":"queued","mode":"standard","creationDate":"2024-01-13T22:56:18.417Z","modificationDate":"2024-01-13T22:56:18.417Z","shortid":"3K9fMRR","$entitySet":"profiles"},"doDiffs":false,"timestamp":1705186578415,"id":"1jo76f7r6pspkc9","previousOperationId":null,"operationId":"w6j0oqowltzetrv"}
{"type":"log","level":"info","message":"Render request 5 queued for execution and waiting for available worker","previousOperationId":"w6j0oqowltzetrv","timestamp":1705186578416,"id":"y3931dpphg7o3ca"}
{"type":"operationStart","subtype":"render","name":"AveragePunctuation","previousOperationId":"w6j0oqowltzetrv","timestamp":1705186578422,"id":"rz1v613w0c2yuho","previousEventId":"1jo76f7r6pspkc9","operationId":"j0hbtpp6iwoc1s1"}
{"type":"log","timestamp":1705186578422,"level":"info","message":"Starting rendering request 5","meta":{"rootId":"gmqwtlovfznhhsl","id":"gmqwtlovfznhhsl"},"id":"jqyeq4660nb18qw","previousOperationId":"j0hbtpp6iwoc1s1"}
{"type":"log","timestamp":1705186578422,"level":"info","message":"Rendering template { name: AveragePunctuation, recipe: chrome-pdf, engine: handlebars, preview: false }","meta":{"rootId":"gmqwtlovfznhhsl","id":"gmqwtlovfznhhsl"},"id":"g8rcqpyl0dbfln1","previousOperationId":"j0hbtpp6iwoc1s1"}
{"type":"log","timestamp":1705186578422,"level":"debug","message":"Inline data specified.","meta":{"rootId":"gmqwtlovfznhhsl","id":"gmqwtlovfznhhsl"},"id":"x8tl6beta4au68s","previousOperationId":"j0hbtpp6iwoc1s1"}
{"type":"log","timestamp":1705186578424,"level":"debug","message":"Executing script AveragePunctuation-script (beforeRender)","meta":{"rootId":"gmqwtlovfznhhsl","id":"gmqwtlovfznhhsl"},"id":"wnmpuwjrtzq4jv6","previousOperationId":"j0hbtpp6iwoc1s1"}
{"type":"operationStart","subtype":"scriptsBeforeRender","name":"scripts beforeRender","timestamp":1705186578441,"id":"462wrtouhl204lr","previousEventId":"rz1v613w0c2yuho","operationId":"k6qq01tz64y13yd","previousOperationId":"j0hbtpp6iwoc1s1"}
{"type":"operationStart","subtype":"script","name":"scripts AveragePunctuation-script","previousOperationId":"k6qq01tz64y13yd","timestamp":1705186578441,"id":"yxdex4i4cv8p13w","previousEventId":"462wrtouhl204lr","operationId":"5c0ptivuelgok8b"}
{"type":"operationEnd","operationId":"5c0ptivuelgok8b","timestamp":1705186578452,"id":"lp5d9w8gx39wb4m","previousEventId":"rz1v613w0c2yuho","previousOperationId":"j0hbtpp6iwoc1s1"}
{"type":"operationEnd","operationId":"k6qq01tz64y13yd","timestamp":1705186578452,"id":"zs9u4l3w7widoj5","previousEventId":"lp5d9w8gx39wb4m","previousOperationId":"j0hbtpp6iwoc1s1"}
{"type":"log","timestamp":1705186578452,"level":"debug","message":"Base url not specified, skipping its injection.","meta":{"rootId":"gmqwtlovfznhhsl","id":"gmqwtlovfznhhsl"},"id":"4glw4h9131mjwah","previousOperationId":"k6qq01tz64y13yd"}
{"type":"operationStart","subtype":"engine","name":"handlebars","timestamp":1705186578452,"id":"ecd497dy6x5b896","previousEventId":"zs9u4l3w7widoj5","operationId":"07gn68f7esudgb2","previousOperationId":"k6qq01tz64y13yd"}
{"type":"log","timestamp":1705186578452,"level":"debug","message":"Rendering engine handlebars","meta":{"rootId":"gmqwtlovfznhhsl","id":"gmqwtlovfznhhsl"},"id":"jxm64m3b3iegulb","previousOperationId":"07gn68f7esudgb2"}
{"type":"operationEnd","operationId":"07gn68f7esudgb2","timestamp":1705186578459,"id":"unyhoh83vzsgfnh","previousEventId":"ecd497dy6x5b896","previousOperationId":"07gn68f7esudgb2"}
{"type":"operationStart","subtype":"recipe","name":"chrome-pdf","timestamp":1705186578459,"id":"12g2kc2a6lit3yz","previousEventId":"unyhoh83vzsgfnh","operationId":"erxppx87o7hq49s","previousOperationId":"07gn68f7esudgb2"}
{"type":"log","timestamp":1705186578459,"level":"debug","message":"Executing recipe chrome-pdf","meta":{"rootId":"gmqwtlovfznhhsl","id":"gmqwtlovfznhhsl"},"id":"kmve56tn9ozqspb","previousOperationId":"erxppx87o7hq49s"}
{"type":"log","timestamp":1705186578461,"level":"debug","message":"Converting with chrome HeadlessChrome/117.0.5938.149 using chrome-pool strategy","meta":{"rootId":"gmqwtlovfznhhsl","id":"gmqwtlovfznhhsl"},"id":"2m7zgenx1poopsi","previousOperationId":"erxppx87o7hq49s"}
{"type":"log","timestamp":1705186578534,"level":"debug","message":"Page request: GET (document) file:///C:/Users/Javier/AppData/Local/Temp/jsreport/autocleanup/f92aefc4-41b6-4d34-874c-04f390b0db1e-chrome-pdf.html","meta":{"rootId":"gmqwtlovfznhhsl","id":"gmqwtlovfznhhsl"},"id":"bcbbwjw9kehwitn","previousOperationId":"erxppx87o7hq49s"}
{"type":"log","timestamp":1705186578575,"level":"debug","message":"Page request: GET (stylesheet) https://cdnjs.cloudflare.com/ajax/libs/metro/4.1.5/css/metro.min.css","meta":{"rootId":"gmqwtlovfznhhsl","id":"gmqwtlovfznhhsl"},"id":"a1ynpifgfgkjgkv","previousOperationId":"erxppx87o7hq49s"}
{"type":"log","timestamp":1705186578575,"level":"debug","message":"Page request: GET (script) https://cdnjs.cloudflare.com/ajax/libs/Chart.js/2.7.2/Chart.min.js","meta":{"rootId":"gmqwtlovfznhhsl","id":"gmqwtlovfznhhsl"},"id":"ytzoup3vsr5rxb9","previousOperationId":"erxppx87o7hq49s"}
{"type":"log","timestamp":1705186578575,"level":"debug","message":"Page request finished: GET (document) 200 file:///C:/Users/Javier/AppData/Local/Temp/jsreport/autocleanup/f92aefc4-41b6-4d34-874c-04f390b0db1e-chrome-pdf.html","meta":{"rootId":"gmqwtlovfznhhsl","id":"gmqwtlovfznhhsl"},"id":"zgqgdeu2176o0fb","previousOperationId":"erxppx87o7hq49s"}
{"type":"log","timestamp":1705186578590,"level":"debug","message":"Page request finished: GET (stylesheet) 200 https://cdnjs.cloudflare.com/ajax/libs/metro/4.1.5/css/metro.min.css","meta":{"rootId":"gmqwtlovfznhhsl","id":"gmqwtlovfznhhsl"},"id":"2mi50437qe4wm2a","previousOperationId":"erxppx87o7hq49s"}
{"type":"log","timestamp":1705186578590,"level":"debug","message":"Page request finished: GET (script) 200 https://cdnjs.cloudflare.com/ajax/libs/Chart.js/2.7.2/Chart.min.js","meta":{"rootId":"gmqwtlovfznhhsl","id":"gmqwtlovfznhhsl"},"id":"n5lms4k8phoox8x","previousOperationId":"erxppx87o7hq49s"}
{"type":"log","timestamp":1705186578647,"level":"debug","message":"Running chrome with params {\"printBackground\":true,\"timeout\":59954,\"margin\":{}}","meta":{"rootId":"gmqwtlovfznhhsl","id":"gmqwtlovfznhhsl"},"id":"uxqwm3x85zladnf","previousOperationId":"erxppx87o7hq49s"}
{"type":"operationEnd","operationId":"erxppx87o7hq49s","timestamp":1705186578743,"id":"4rvix2h1veidk4a","previousEventId":"12g2kc2a6lit3yz","previousOperationId":"erxppx87o7hq49s"}
{"type":"log","timestamp":1705186578743,"level":"debug","message":"Skipping storing report.","meta":{"rootId":"gmqwtlovfznhhsl","id":"gmqwtlovfznhhsl"},"id":"i7cnql9pfvzp1iu","previousOperationId":"erxppx87o7hq49s"}
{"type":"log","timestamp":1705186578743,"level":"info","message":"Rendering request 5 finished in 329 ms","meta":{"rootId":"gmqwtlovfznhhsl","id":"gmqwtlovfznhhsl"},"id":"xs9suckscixc2bc","previousOperationId":"erxppx87o7hq49s"}
{"type":"operationEnd","subtype":"render","operationId":"j0hbtpp6iwoc1s1","timestamp":1705186578743,"id":"ygxixh8ub8z8p4i","previousEventId":"4rvix2h1veidk4a","previousOperationId":"erxppx87o7hq49s"}
{"type":"operationEnd","doDiffs":false,"previousEventId":"1jo76f7r6pspkc9","previousOperationId":"w6j0oqowltzetrv","operationId":"w6j0oqowltzetrv","timestamp":1705186578745,"id":"iopxjd61enr6evg"}
