{"type":"operationStart","subtype":"profile","data":{"_id":"qOysFjp12tao1Pd2","timestamp":"2024-01-13T19:03:19.123Z","state":"queued","mode":"standard","creationDate":"2024-01-13T19:03:19.124Z","modificationDate":"2024-01-13T19:03:19.124Z","shortid":"0F0nkvF","$entitySet":"profiles"},"doDiffs":false,"timestamp":1705172599124,"id":"4ho5isikxw0fldi","previousOperationId":null,"operationId":"ejzpbn34tsv8mf2"}
{"type":"log","level":"info","message":"Render request 5 queued for execution and waiting for available worker","previousOperationId":"ejzpbn34tsv8mf2","timestamp":1705172599124,"id":"yecru9gjo4q5gl5"}
{"type":"operationStart","subtype":"render","name":"AveragePunctuation","previousOperationId":"ejzpbn34tsv8mf2","timestamp":1705172599130,"id":"n99fsvs4587amdb","previousEventId":"4ho5isikxw0fldi","operationId":"69kxuy2ra18kvz2"}
{"type":"log","timestamp":1705172599130,"level":"info","message":"Starting rendering request 5","meta":{"rootId":"gpkedotz80tkyfx","id":"gpkedotz80tkyfx"},"id":"zrwnyiv1j0kk9iv","previousOperationId":"69kxuy2ra18kvz2"}
{"type":"log","timestamp":1705172599130,"level":"info","message":"Rendering template { name: AveragePunctuation, recipe: chrome-pdf, engine: handlebars, preview: false }","meta":{"rootId":"gpkedotz80tkyfx","id":"gpkedotz80tkyfx"},"id":"ssh1db25c27hmjq","previousOperationId":"69kxuy2ra18kvz2"}
{"type":"log","timestamp":1705172599131,"level":"debug","message":"Inline data specified.","meta":{"rootId":"gpkedotz80tkyfx","id":"gpkedotz80tkyfx"},"id":"qpbzrez59zkydse","previousOperationId":"69kxuy2ra18kvz2"}
{"type":"log","timestamp":1705172599132,"level":"debug","message":"Executing script AveragePunctuation-script (beforeRender)","meta":{"rootId":"gpkedotz80tkyfx","id":"gpkedotz80tkyfx"},"id":"zdznk16jmn4hgmz","previousOperationId":"69kxuy2ra18kvz2"}
{"type":"operationStart","subtype":"scriptsBeforeRender","name":"scripts beforeRender","timestamp":1705172599148,"id":"arxd5mnooc5smer","previousEventId":"n99fsvs4587amdb","operationId":"njor918nbajjoju","previousOperationId":"69kxuy2ra18kvz2"}
{"type":"operationStart","subtype":"script","name":"scripts AveragePunctuation-script","previousOperationId":"njor918nbajjoju","timestamp":1705172599148,"id":"ylikep16vumtnd6","previousEventId":"arxd5mnooc5smer","operationId":"6z1ozgzxdu5fsz5"}
{"type":"operationEnd","operationId":"6z1ozgzxdu5fsz5","timestamp":1705172599159,"id":"rryikhvssrzvjt0","previousEventId":"n99fsvs4587amdb","previousOperationId":"69kxuy2ra18kvz2"}
{"type":"operationEnd","operationId":"njor918nbajjoju","timestamp":1705172599159,"id":"ni6x4ku3g3jo2qa","previousEventId":"rryikhvssrzvjt0","previousOperationId":"69kxuy2ra18kvz2"}
{"type":"log","timestamp":1705172599159,"level":"debug","message":"Base url not specified, skipping its injection.","meta":{"rootId":"gpkedotz80tkyfx","id":"gpkedotz80tkyfx"},"id":"yneqrcdd27sqf6h","previousOperationId":"njor918nbajjoju"}
{"type":"operationStart","subtype":"engine","name":"handlebars","timestamp":1705172599159,"id":"eonoo535kts3p7h","previousEventId":"ni6x4ku3g3jo2qa","operationId":"vji6835skwxqbjl","previousOperationId":"njor918nbajjoju"}
{"type":"log","timestamp":1705172599159,"level":"debug","message":"Rendering engine handlebars","meta":{"rootId":"gpkedotz80tkyfx","id":"gpkedotz80tkyfx"},"id":"c3nzzbb4hqhs79k","previousOperationId":"vji6835skwxqbjl"}
{"type":"operationEnd","operationId":"vji6835skwxqbjl","timestamp":1705172599166,"id":"qnykj1loyamnuze","previousEventId":"eonoo535kts3p7h","previousOperationId":"vji6835skwxqbjl"}
{"type":"operationStart","subtype":"recipe","name":"chrome-pdf","timestamp":1705172599167,"id":"ga7xfwn6uuxb43a","previousEventId":"qnykj1loyamnuze","operationId":"qzkndxs0t72hedt","previousOperationId":"vji6835skwxqbjl"}
{"type":"log","timestamp":1705172599167,"level":"debug","message":"Executing recipe chrome-pdf","meta":{"rootId":"gpkedotz80tkyfx","id":"gpkedotz80tkyfx"},"id":"4wogke15zzsoy1s","previousOperationId":"qzkndxs0t72hedt"}
{"type":"log","timestamp":1705172599168,"level":"debug","message":"Converting with chrome HeadlessChrome/117.0.5938.149 using chrome-pool strategy","meta":{"rootId":"gpkedotz80tkyfx","id":"gpkedotz80tkyfx"},"id":"dihcs6nkjqjzey6","previousOperationId":"qzkndxs0t72hedt"}
{"type":"log","timestamp":1705172599250,"level":"debug","message":"Page request: GET (document) file:///C:/Users/Javier/AppData/Local/Temp/jsreport/autocleanup/965789b9-8c04-47c7-99b1-aebaa493a6dc-chrome-pdf.html","meta":{"rootId":"gpkedotz80tkyfx","id":"gpkedotz80tkyfx"},"id":"go9igq3rbu7jcsn","previousOperationId":"qzkndxs0t72hedt"}
{"type":"log","timestamp":1705172599291,"level":"debug","message":"Page request: GET (stylesheet) https://cdnjs.cloudflare.com/ajax/libs/metro/4.1.5/css/metro.min.css","meta":{"rootId":"gpkedotz80tkyfx","id":"gpkedotz80tkyfx"},"id":"6hm0wjfk86ygldb","previousOperationId":"qzkndxs0t72hedt"}
{"type":"log","timestamp":1705172599291,"level":"debug","message":"Page request: GET (script) https://cdnjs.cloudflare.com/ajax/libs/Chart.js/2.7.2/Chart.min.js","meta":{"rootId":"gpkedotz80tkyfx","id":"gpkedotz80tkyfx"},"id":"5858fuxxy4pfa3n","previousOperationId":"qzkndxs0t72hedt"}
{"type":"log","timestamp":1705172599291,"level":"debug","message":"Page request finished: GET (document) 200 file:///C:/Users/Javier/AppData/Local/Temp/jsreport/autocleanup/965789b9-8c04-47c7-99b1-aebaa493a6dc-chrome-pdf.html","meta":{"rootId":"gpkedotz80tkyfx","id":"gpkedotz80tkyfx"},"id":"xxgyfbamndqu046","previousOperationId":"qzkndxs0t72hedt"}
{"type":"log","timestamp":1705172599296,"level":"debug","message":"Page request finished: GET (script) 200 https://cdnjs.cloudflare.com/ajax/libs/Chart.js/2.7.2/Chart.min.js","meta":{"rootId":"gpkedotz80tkyfx","id":"gpkedotz80tkyfx"},"id":"0u5e2ktdhqikej0","previousOperationId":"qzkndxs0t72hedt"}
{"type":"log","timestamp":1705172599308,"level":"debug","message":"Page request finished: GET (stylesheet) 200 https://cdnjs.cloudflare.com/ajax/libs/metro/4.1.5/css/metro.min.css","meta":{"rootId":"gpkedotz80tkyfx","id":"gpkedotz80tkyfx"},"id":"xhop971jnaryq7k","previousOperationId":"qzkndxs0t72hedt"}
{"type":"log","timestamp":1705172599373,"level":"debug","message":"Running chrome with params {\"printBackground\":true,\"timeout\":59955,\"margin\":{}}","meta":{"rootId":"gpkedotz80tkyfx","id":"gpkedotz80tkyfx"},"id":"ly0l0h2fiklplci","previousOperationId":"qzkndxs0t72hedt"}
{"type":"operationEnd","operationId":"qzkndxs0t72hedt","timestamp":1705172599473,"id":"gdkvkmcfqkubz12","previousEventId":"ga7xfwn6uuxb43a","previousOperationId":"qzkndxs0t72hedt"}
{"type":"log","timestamp":1705172599473,"level":"debug","message":"Skipping storing report.","meta":{"rootId":"gpkedotz80tkyfx","id":"gpkedotz80tkyfx"},"id":"79ohq7qa59pubu7","previousOperationId":"qzkndxs0t72hedt"}
{"type":"log","timestamp":1705172599473,"level":"info","message":"Rendering request 5 finished in 350 ms","meta":{"rootId":"gpkedotz80tkyfx","id":"gpkedotz80tkyfx"},"id":"u6mg02vgx2pp2gc","previousOperationId":"qzkndxs0t72hedt"}
{"type":"operationEnd","subtype":"render","operationId":"69kxuy2ra18kvz2","timestamp":1705172599473,"id":"5fc9256sxp4xfkf","previousEventId":"gdkvkmcfqkubz12","previousOperationId":"qzkndxs0t72hedt"}
{"type":"operationEnd","doDiffs":false,"previousEventId":"4ho5isikxw0fldi","previousOperationId":"ejzpbn34tsv8mf2","operationId":"ejzpbn34tsv8mf2","timestamp":1705172599475,"id":"ulrkhkuhjqk5uz0"}
