{"type":"operationStart","subtype":"profile","data":{"_id":"fLc5SsHAIByglmUf","timestamp":"2024-01-13T14:23:51.823Z","state":"queued","mode":"standard","creationDate":"2024-01-13T14:23:51.824Z","modificationDate":"2024-01-13T14:23:51.824Z","shortid":"kHFO3s7","$entitySet":"profiles"},"doDiffs":false,"timestamp":1705155831823,"id":"etydojreba0yhl3","previousOperationId":null,"operationId":"mv93djw6e21geoi"}
{"type":"log","level":"info","message":"Render request 23 queued for execution and waiting for available worker","previousOperationId":"mv93djw6e21geoi","timestamp":1705155831823,"id":"2ybgvnnmjc98bqb"}
{"type":"operationStart","subtype":"render","name":"AveragePunctuation","previousOperationId":"mv93djw6e21geoi","timestamp":1705155831827,"id":"d2rmcga78h7zwqp","previousEventId":"etydojreba0yhl3","operationId":"ed1w7oz4tkg2vdf"}
{"type":"log","timestamp":1705155831827,"level":"info","message":"Starting rendering request 23","meta":{"rootId":"gpx7dutgxek2twc","id":"gpx7dutgxek2twc"},"id":"ljip64g64cikyyl","previousOperationId":"ed1w7oz4tkg2vdf"}
{"type":"log","timestamp":1705155831827,"level":"info","message":"Rendering template { name: AveragePunctuation, recipe: chrome-pdf, engine: handlebars, preview: false }","meta":{"rootId":"gpx7dutgxek2twc","id":"gpx7dutgxek2twc"},"id":"e6ua55wmblh21vp","previousOperationId":"ed1w7oz4tkg2vdf"}
{"type":"log","timestamp":1705155831829,"level":"debug","message":"Inline data specified.","meta":{"rootId":"gpx7dutgxek2twc","id":"gpx7dutgxek2twc"},"id":"bv2txa5omskx2fp","previousOperationId":"ed1w7oz4tkg2vdf"}
{"type":"log","timestamp":1705155831831,"level":"debug","message":"Executing script AveragePunctuation-script (beforeRender)","meta":{"rootId":"gpx7dutgxek2twc","id":"gpx7dutgxek2twc"},"id":"w5mmvu65xu6vst1","previousOperationId":"ed1w7oz4tkg2vdf"}
{"type":"operationStart","subtype":"scriptsBeforeRender","name":"scripts beforeRender","timestamp":1705155831848,"id":"bklwax1htcxdojd","previousEventId":"d2rmcga78h7zwqp","operationId":"epfvhjt7lrg0li9","previousOperationId":"ed1w7oz4tkg2vdf"}
{"type":"operationStart","subtype":"script","name":"scripts AveragePunctuation-script","previousOperationId":"epfvhjt7lrg0li9","timestamp":1705155831848,"id":"y4v98j335tlk5wg","previousEventId":"bklwax1htcxdojd","operationId":"h4y8selkyz3wnb1"}
{"type":"operationEnd","operationId":"h4y8selkyz3wnb1","timestamp":1705155831861,"id":"qcddld11se3ne4k","previousEventId":"d2rmcga78h7zwqp","previousOperationId":"ed1w7oz4tkg2vdf"}
{"type":"operationEnd","operationId":"epfvhjt7lrg0li9","timestamp":1705155831861,"id":"eo253atc4l7envq","previousEventId":"qcddld11se3ne4k","previousOperationId":"ed1w7oz4tkg2vdf"}
{"type":"log","timestamp":1705155831861,"level":"debug","message":"Base url not specified, skipping its injection.","meta":{"rootId":"gpx7dutgxek2twc","id":"gpx7dutgxek2twc"},"id":"s1cagrl1cj3qjzy","previousOperationId":"epfvhjt7lrg0li9"}
{"type":"operationStart","subtype":"engine","name":"handlebars","timestamp":1705155831861,"id":"2u5i9vnla24o1yq","previousEventId":"eo253atc4l7envq","operationId":"g37bo099qzr71u5","previousOperationId":"epfvhjt7lrg0li9"}
{"type":"log","timestamp":1705155831861,"level":"debug","message":"Rendering engine handlebars","meta":{"rootId":"gpx7dutgxek2twc","id":"gpx7dutgxek2twc"},"id":"djn5e7pb6bfyhi9","previousOperationId":"g37bo099qzr71u5"}
{"type":"operationEnd","operationId":"g37bo099qzr71u5","timestamp":1705155831874,"id":"ywnho8wd1m243p8","previousEventId":"2u5i9vnla24o1yq","previousOperationId":"g37bo099qzr71u5"}
{"type":"operationStart","subtype":"recipe","name":"chrome-pdf","timestamp":1705155831874,"id":"xzzf2sfecdyipj4","previousEventId":"ywnho8wd1m243p8","operationId":"5kpzbdg1f4g36ce","previousOperationId":"g37bo099qzr71u5"}
{"type":"log","timestamp":1705155831874,"level":"debug","message":"Executing recipe chrome-pdf","meta":{"rootId":"gpx7dutgxek2twc","id":"gpx7dutgxek2twc"},"id":"n2udy6x91ijkal2","previousOperationId":"5kpzbdg1f4g36ce"}
{"type":"log","timestamp":1705155831877,"level":"debug","message":"Converting with chrome HeadlessChrome/117.0.5938.149 using chrome-pool strategy","meta":{"rootId":"gpx7dutgxek2twc","id":"gpx7dutgxek2twc"},"id":"m32a7nbvd099dfr","previousOperationId":"5kpzbdg1f4g36ce"}
{"type":"log","timestamp":1705155831954,"level":"debug","message":"Page request: GET (document) file:///C:/Users/Javier/AppData/Local/Temp/jsreport/autocleanup/f4a8ef26-eb5d-4af3-a38a-69d7f0e919ce-chrome-pdf.html","meta":{"rootId":"gpx7dutgxek2twc","id":"gpx7dutgxek2twc"},"id":"nq7a3b6nzsqrpin","previousOperationId":"5kpzbdg1f4g36ce"}
{"type":"log","timestamp":1705155831995,"level":"debug","message":"Page request: GET (stylesheet) https://cdnjs.cloudflare.com/ajax/libs/metro/4.1.5/css/metro.min.css","meta":{"rootId":"gpx7dutgxek2twc","id":"gpx7dutgxek2twc"},"id":"6um5yulrkzjgzmk","previousOperationId":"5kpzbdg1f4g36ce"}
{"type":"log","timestamp":1705155831996,"level":"debug","message":"Page request finished: GET (document) 200 file:///C:/Users/Javier/AppData/Local/Temp/jsreport/autocleanup/f4a8ef26-eb5d-4af3-a38a-69d7f0e919ce-chrome-pdf.html","meta":{"rootId":"gpx7dutgxek2twc","id":"gpx7dutgxek2twc"},"id":"73x7xrm405imomq","previousOperationId":"5kpzbdg1f4g36ce"}
{"type":"log","timestamp":1705155831996,"level":"debug","message":"Page request: GET (script) https://cdnjs.cloudflare.com/ajax/libs/Chart.js/2.7.2/Chart.min.js","meta":{"rootId":"gpx7dutgxek2twc","id":"gpx7dutgxek2twc"},"id":"mu4zsyfaywtxnhx","previousOperationId":"5kpzbdg1f4g36ce"}
{"type":"log","timestamp":1705155832000,"level":"debug","message":"Page request finished: GET (script) 200 https://cdnjs.cloudflare.com/ajax/libs/Chart.js/2.7.2/Chart.min.js","meta":{"rootId":"gpx7dutgxek2twc","id":"gpx7dutgxek2twc"},"id":"ugv1mg2cyzep7qf","previousOperationId":"5kpzbdg1f4g36ce"}
{"type":"log","timestamp":1705155832010,"level":"debug","message":"Page request finished: GET (stylesheet) 200 https://cdnjs.cloudflare.com/ajax/libs/metro/4.1.5/css/metro.min.css","meta":{"rootId":"gpx7dutgxek2twc","id":"gpx7dutgxek2twc"},"id":"07bh422hus7isxk","previousOperationId":"5kpzbdg1f4g36ce"}
{"type":"log","timestamp":1705155832066,"level":"debug","message":"Running chrome with params {\"printBackground\":true,\"timeout\":59946,\"margin\":{}}","meta":{"rootId":"gpx7dutgxek2twc","id":"gpx7dutgxek2twc"},"id":"5sqhs98m980j81u","previousOperationId":"5kpzbdg1f4g36ce"}
{"type":"operationEnd","operationId":"5kpzbdg1f4g36ce","timestamp":1705155832172,"id":"he3wc8bguoj79lh","previousEventId":"xzzf2sfecdyipj4","previousOperationId":"5kpzbdg1f4g36ce"}
{"type":"log","timestamp":1705155832172,"level":"debug","message":"Skipping storing report.","meta":{"rootId":"gpx7dutgxek2twc","id":"gpx7dutgxek2twc"},"id":"uns67zvo06md3ym","previousOperationId":"5kpzbdg1f4g36ce"}
{"type":"log","timestamp":1705155832172,"level":"info","message":"Rendering request 23 finished in 350 ms","meta":{"rootId":"gpx7dutgxek2twc","id":"gpx7dutgxek2twc"},"id":"btlfk0s48xhqrwv","previousOperationId":"5kpzbdg1f4g36ce"}
{"type":"operationEnd","subtype":"render","operationId":"ed1w7oz4tkg2vdf","timestamp":1705155832172,"id":"iiun3eou6aa14a9","previousEventId":"he3wc8bguoj79lh","previousOperationId":"5kpzbdg1f4g36ce"}
{"type":"operationEnd","doDiffs":false,"previousEventId":"etydojreba0yhl3","previousOperationId":"mv93djw6e21geoi","operationId":"mv93djw6e21geoi","timestamp":1705155832173,"id":"d0wnkzn96of7bpg"}
