{"type":"operationStart","subtype":"profile","data":{"_id":"aLMUJTsC7tN9IjQs","timestamp":"2024-01-13T22:05:38.365Z","state":"queued","mode":"standard","creationDate":"2024-01-13T22:05:38.368Z","modificationDate":"2024-01-13T22:05:38.368Z","shortid":"1fATZX0","$entitySet":"profiles"},"doDiffs":false,"timestamp":1705183538367,"id":"5rqpnbravo2m263","previousOperationId":null,"operationId":"xuyefo4uuofi4et"}
{"type":"log","level":"info","message":"Render request 4 queued for execution and waiting for available worker","previousOperationId":"xuyefo4uuofi4et","timestamp":1705183538367,"id":"2bttze1naf6u3zm"}
{"type":"operationStart","subtype":"render","name":"AveragePunctuation","previousOperationId":"xuyefo4uuofi4et","timestamp":1705183538384,"id":"dtm6nh1l9j9f6um","previousEventId":"5rqpnbravo2m263","operationId":"lp3xdikv3cr5n7c"}
{"type":"log","timestamp":1705183538385,"level":"info","message":"Starting rendering request 4","meta":{"rootId":"h80omtqphfinhw9","id":"h80omtqphfinhw9"},"id":"f68cvm5wvd14zem","previousOperationId":"lp3xdikv3cr5n7c"}
{"type":"log","timestamp":1705183538386,"level":"info","message":"Rendering template { name: AveragePunctuation, recipe: chrome-pdf, engine: handlebars, preview: false }","meta":{"rootId":"h80omtqphfinhw9","id":"h80omtqphfinhw9"},"id":"5tr9s51v6022yl5","previousOperationId":"lp3xdikv3cr5n7c"}
{"type":"log","timestamp":1705183538387,"level":"debug","message":"Inline data specified.","meta":{"rootId":"h80omtqphfinhw9","id":"h80omtqphfinhw9"},"id":"df2zkom5sinv8u9","previousOperationId":"lp3xdikv3cr5n7c"}
{"type":"log","timestamp":1705183538395,"level":"debug","message":"Executing script AveragePunctuation-script (beforeRender)","meta":{"rootId":"h80omtqphfinhw9","id":"h80omtqphfinhw9"},"id":"ojvnyd5ba7jrc80","previousOperationId":"lp3xdikv3cr5n7c"}
{"type":"operationStart","subtype":"scriptsBeforeRender","name":"scripts beforeRender","timestamp":1705183538464,"id":"rk87ht69n3zxt6g","previousEventId":"dtm6nh1l9j9f6um","operationId":"xiakx0ttesc2wvd","previousOperationId":"lp3xdikv3cr5n7c"}
{"type":"operationStart","subtype":"script","name":"scripts AveragePunctuation-script","previousOperationId":"xiakx0ttesc2wvd","timestamp":1705183538465,"id":"ng7n58eb7uwr9v6","previousEventId":"rk87ht69n3zxt6g","operationId":"f1yg7c1zivf5xjk"}
{"type":"operationEnd","operationId":"f1yg7c1zivf5xjk","timestamp":1705183538527,"id":"aa7fu0a6og6ihce","previousEventId":"dtm6nh1l9j9f6um","previousOperationId":"lp3xdikv3cr5n7c"}
{"type":"operationEnd","operationId":"xiakx0ttesc2wvd","timestamp":1705183538527,"id":"hc6q4j1d3u9lc7z","previousEventId":"aa7fu0a6og6ihce","previousOperationId":"lp3xdikv3cr5n7c"}
{"type":"log","timestamp":1705183538527,"level":"debug","message":"Base url not specified, skipping its injection.","meta":{"rootId":"h80omtqphfinhw9","id":"h80omtqphfinhw9"},"id":"3u0denf76t4gmss","previousOperationId":"xiakx0ttesc2wvd"}
{"type":"operationStart","subtype":"engine","name":"handlebars","timestamp":1705183538528,"id":"82otyuu64tw1eim","previousEventId":"hc6q4j1d3u9lc7z","operationId":"3fdctr7tpqjolxk","previousOperationId":"xiakx0ttesc2wvd"}
{"type":"log","timestamp":1705183538528,"level":"debug","message":"Rendering engine handlebars","meta":{"rootId":"h80omtqphfinhw9","id":"h80omtqphfinhw9"},"id":"64ic606qaffn3ud","previousOperationId":"3fdctr7tpqjolxk"}
{"type":"operationEnd","operationId":"3fdctr7tpqjolxk","timestamp":1705183538551,"id":"v8dwxhumqnef69b","previousEventId":"82otyuu64tw1eim","previousOperationId":"3fdctr7tpqjolxk"}
{"type":"operationStart","subtype":"recipe","name":"chrome-pdf","timestamp":1705183538552,"id":"cj0disa0pk84r9p","previousEventId":"v8dwxhumqnef69b","operationId":"jm2h94zp1nhgckh","previousOperationId":"3fdctr7tpqjolxk"}
{"type":"log","timestamp":1705183538552,"level":"debug","message":"Executing recipe chrome-pdf","meta":{"rootId":"h80omtqphfinhw9","id":"h80omtqphfinhw9"},"id":"ejg2wpk64ljdri4","previousOperationId":"jm2h94zp1nhgckh"}
{"type":"log","timestamp":1705183538557,"level":"debug","message":"Converting with chrome HeadlessChrome/117.0.5938.149 using chrome-pool strategy","meta":{"rootId":"h80omtqphfinhw9","id":"h80omtqphfinhw9"},"id":"gns9q2c73d3kvfz","previousOperationId":"jm2h94zp1nhgckh"}
{"type":"log","timestamp":1705183538706,"level":"debug","message":"Page request: GET (document) file:///C:/Users/Javier/AppData/Local/Temp/jsreport/autocleanup/ab8fa409-3b61-4fba-aa34-0f59b86c481d-chrome-pdf.html","meta":{"rootId":"h80omtqphfinhw9","id":"h80omtqphfinhw9"},"id":"qxdfdxr51r9u3fp","previousOperationId":"jm2h94zp1nhgckh"}
{"type":"log","timestamp":1705183538772,"level":"debug","message":"Page request: GET (stylesheet) https://cdnjs.cloudflare.com/ajax/libs/metro/4.1.5/css/metro.min.css","meta":{"rootId":"h80omtqphfinhw9","id":"h80omtqphfinhw9"},"id":"5y1jrwt1srzzljv","previousOperationId":"jm2h94zp1nhgckh"}
{"type":"log","timestamp":1705183538773,"level":"debug","message":"Page request: GET (script) https://cdnjs.cloudflare.com/ajax/libs/Chart.js/2.7.2/Chart.min.js","meta":{"rootId":"h80omtqphfinhw9","id":"h80omtqphfinhw9"},"id":"mxdtmmdjdciwzn8","previousOperationId":"jm2h94zp1nhgckh"}
{"type":"log","timestamp":1705183538773,"level":"debug","message":"Page request finished: GET (document) 200 file:///C:/Users/Javier/AppData/Local/Temp/jsreport/autocleanup/ab8fa409-3b61-4fba-aa34-0f59b86c481d-chrome-pdf.html","meta":{"rootId":"h80omtqphfinhw9","id":"h80omtqphfinhw9"},"id":"fwbmjyafuxhfj3t","previousOperationId":"jm2h94zp1nhgckh"}
{"type":"log","timestamp":1705183538798,"level":"debug","message":"Page request finished: GET (stylesheet) 200 https://cdnjs.cloudflare.com/ajax/libs/metro/4.1.5/css/metro.min.css","meta":{"rootId":"h80omtqphfinhw9","id":"h80omtqphfinhw9"},"id":"299zklj75dml0zu","previousOperationId":"jm2h94zp1nhgckh"}
{"type":"log","timestamp":1705183538799,"level":"debug","message":"Page request finished: GET (script) 200 https://cdnjs.cloudflare.com/ajax/libs/Chart.js/2.7.2/Chart.min.js","meta":{"rootId":"h80omtqphfinhw9","id":"h80omtqphfinhw9"},"id":"6tw29sp3fpskaxa","previousOperationId":"jm2h94zp1nhgckh"}
{"type":"log","timestamp":1705183538901,"level":"debug","message":"Running chrome with params {\"printBackground\":true,\"timeout\":59809,\"margin\":{}}","meta":{"rootId":"h80omtqphfinhw9","id":"h80omtqphfinhw9"},"id":"bbpdjchno0jcmew","previousOperationId":"jm2h94zp1nhgckh"}
{"type":"operationEnd","operationId":"jm2h94zp1nhgckh","timestamp":1705183539030,"id":"0amp5vucgmg7a62","previousEventId":"cj0disa0pk84r9p","previousOperationId":"jm2h94zp1nhgckh"}
{"type":"log","timestamp":1705183539030,"level":"debug","message":"Skipping storing report.","meta":{"rootId":"h80omtqphfinhw9","id":"h80omtqphfinhw9"},"id":"eih4hkpx9z7550h","previousOperationId":"jm2h94zp1nhgckh"}
{"type":"log","timestamp":1705183539030,"level":"info","message":"Rendering request 4 finished in 666 ms","meta":{"rootId":"h80omtqphfinhw9","id":"h80omtqphfinhw9"},"id":"wuajen21bncivlh","previousOperationId":"jm2h94zp1nhgckh"}
{"type":"operationEnd","subtype":"render","operationId":"lp3xdikv3cr5n7c","timestamp":1705183539030,"id":"uju8jwuy4845ctr","previousEventId":"0amp5vucgmg7a62","previousOperationId":"jm2h94zp1nhgckh"}
{"type":"operationEnd","doDiffs":false,"previousEventId":"5rqpnbravo2m263","previousOperationId":"xuyefo4uuofi4et","operationId":"xuyefo4uuofi4et","timestamp":1705183539035,"id":"sw0jjp15d4niuii"}
