{"type":"operationStart","subtype":"profile","data":{"_id":"7HRiD5YdyqGa3fQE","timestamp":"2024-01-13T14:26:50.580Z","state":"queued","mode":"standard","creationDate":"2024-01-13T14:26:50.581Z","modificationDate":"2024-01-13T14:26:50.581Z","shortid":"0kOx5jq","$entitySet":"profiles"},"doDiffs":false,"timestamp":1705156010580,"id":"eto3sbd5y6c38h8","previousOperationId":null,"operationId":"wi73bzicx3ff06t"}
{"type":"log","level":"info","message":"Render request 33 queued for execution and waiting for available worker","previousOperationId":"wi73bzicx3ff06t","timestamp":1705156010580,"id":"y3e4mnynoei8lww"}
{"type":"operationStart","subtype":"render","name":"AveragePunctuation","previousOperationId":"wi73bzicx3ff06t","timestamp":1705156010588,"id":"pljxkfwjwnl09eh","previousEventId":"eto3sbd5y6c38h8","operationId":"9ws6mrhnhu982h1"}
{"type":"log","timestamp":1705156010588,"level":"info","message":"Starting rendering request 33","meta":{"rootId":"hd69tiq36vm2808","id":"hd69tiq36vm2808"},"id":"h636f7q157x9mo1","previousOperationId":"9ws6mrhnhu982h1"}
{"type":"log","timestamp":1705156010588,"level":"info","message":"Rendering template { name: AveragePunctuation, recipe: chrome-pdf, engine: handlebars, preview: false }","meta":{"rootId":"hd69tiq36vm2808","id":"hd69tiq36vm2808"},"id":"slk5xx1yzpu69g4","previousOperationId":"9ws6mrhnhu982h1"}
{"type":"log","timestamp":1705156010589,"level":"debug","message":"Inline data specified.","meta":{"rootId":"hd69tiq36vm2808","id":"hd69tiq36vm2808"},"id":"8skybxkv0bg6imo","previousOperationId":"9ws6mrhnhu982h1"}
{"type":"log","timestamp":1705156010590,"level":"debug","message":"Executing script AveragePunctuation-script (beforeRender)","meta":{"rootId":"hd69tiq36vm2808","id":"hd69tiq36vm2808"},"id":"h233yg9h59ag7ai","previousOperationId":"9ws6mrhnhu982h1"}
{"type":"operationStart","subtype":"scriptsBeforeRender","name":"scripts beforeRender","timestamp":1705156010622,"id":"uv0df29o5tbms5z","previousEventId":"pljxkfwjwnl09eh","operationId":"4eto1h7imcwu8td","previousOperationId":"9ws6mrhnhu982h1"}
{"type":"operationStart","subtype":"script","name":"scripts AveragePunctuation-script","previousOperationId":"4eto1h7imcwu8td","timestamp":1705156010622,"id":"1nbe55xkof4s8re","previousEventId":"uv0df29o5tbms5z","operationId":"prf1iltq8qkhbsq"}
{"type":"operationEnd","operationId":"prf1iltq8qkhbsq","timestamp":1705156010640,"id":"direl30jzqpahji","previousEventId":"pljxkfwjwnl09eh","previousOperationId":"9ws6mrhnhu982h1"}
{"type":"operationEnd","operationId":"4eto1h7imcwu8td","timestamp":1705156010640,"id":"xdp90ta3qpzs52x","previousEventId":"direl30jzqpahji","previousOperationId":"9ws6mrhnhu982h1"}
{"type":"log","timestamp":1705156010640,"level":"debug","message":"Base url not specified, skipping its injection.","meta":{"rootId":"hd69tiq36vm2808","id":"hd69tiq36vm2808"},"id":"1p72419lyei8mqm","previousOperationId":"4eto1h7imcwu8td"}
{"type":"operationStart","subtype":"engine","name":"handlebars","timestamp":1705156010640,"id":"zscfgklxbh3j7a3","previousEventId":"xdp90ta3qpzs52x","operationId":"1un3s2y46izcspj","previousOperationId":"4eto1h7imcwu8td"}
{"type":"log","timestamp":1705156010640,"level":"debug","message":"Rendering engine handlebars","meta":{"rootId":"hd69tiq36vm2808","id":"hd69tiq36vm2808"},"id":"t09m3ttob37bwur","previousOperationId":"1un3s2y46izcspj"}
{"type":"operationEnd","operationId":"1un3s2y46izcspj","timestamp":1705156010652,"id":"yq97ygwc83s6zbn","previousEventId":"zscfgklxbh3j7a3","previousOperationId":"1un3s2y46izcspj"}
{"type":"operationStart","subtype":"recipe","name":"chrome-pdf","timestamp":1705156010652,"id":"gdqfj8lm4mjdebg","previousEventId":"yq97ygwc83s6zbn","operationId":"8zf9gtt7fnr7kne","previousOperationId":"1un3s2y46izcspj"}
{"type":"log","timestamp":1705156010652,"level":"debug","message":"Executing recipe chrome-pdf","meta":{"rootId":"hd69tiq36vm2808","id":"hd69tiq36vm2808"},"id":"v7ghlpdlmn0rnsf","previousOperationId":"8zf9gtt7fnr7kne"}
{"type":"log","timestamp":1705156010653,"level":"debug","message":"Converting with chrome HeadlessChrome/117.0.5938.149 using chrome-pool strategy","meta":{"rootId":"hd69tiq36vm2808","id":"hd69tiq36vm2808"},"id":"3e358ydt8mbz95g","previousOperationId":"8zf9gtt7fnr7kne"}
{"type":"log","timestamp":1705156010733,"level":"debug","message":"Page request: GET (document) file:///C:/Users/Javier/AppData/Local/Temp/jsreport/autocleanup/d5f59631-8ab3-4765-9f73-ea2a256957cd-chrome-pdf.html","meta":{"rootId":"hd69tiq36vm2808","id":"hd69tiq36vm2808"},"id":"8y1z1uauzfd1jjw","previousOperationId":"8zf9gtt7fnr7kne"}
{"type":"log","timestamp":1705156010778,"level":"debug","message":"Page request: GET (stylesheet) https://cdnjs.cloudflare.com/ajax/libs/metro/4.1.5/css/metro.min.css","meta":{"rootId":"hd69tiq36vm2808","id":"hd69tiq36vm2808"},"id":"rva8dpeibrx7x0w","previousOperationId":"8zf9gtt7fnr7kne"}
{"type":"log","timestamp":1705156010778,"level":"debug","message":"Page request: GET (script) https://cdnjs.cloudflare.com/ajax/libs/Chart.js/2.7.2/Chart.min.js","meta":{"rootId":"hd69tiq36vm2808","id":"hd69tiq36vm2808"},"id":"0zleuc3enlucjk4","previousOperationId":"8zf9gtt7fnr7kne"}
{"type":"log","timestamp":1705156010779,"level":"debug","message":"Page request finished: GET (document) 200 file:///C:/Users/Javier/AppData/Local/Temp/jsreport/autocleanup/d5f59631-8ab3-4765-9f73-ea2a256957cd-chrome-pdf.html","meta":{"rootId":"hd69tiq36vm2808","id":"hd69tiq36vm2808"},"id":"264xbk15nxljgy9","previousOperationId":"8zf9gtt7fnr7kne"}
{"type":"log","timestamp":1705156010784,"level":"debug","message":"Page request finished: GET (script) 200 https://cdnjs.cloudflare.com/ajax/libs/Chart.js/2.7.2/Chart.min.js","meta":{"rootId":"hd69tiq36vm2808","id":"hd69tiq36vm2808"},"id":"vb928pckujulpth","previousOperationId":"8zf9gtt7fnr7kne"}
{"type":"log","timestamp":1705156010794,"level":"debug","message":"Page request finished: GET (stylesheet) 200 https://cdnjs.cloudflare.com/ajax/libs/metro/4.1.5/css/metro.min.css","meta":{"rootId":"hd69tiq36vm2808","id":"hd69tiq36vm2808"},"id":"imossukhek6w4ca","previousOperationId":"8zf9gtt7fnr7kne"}
{"type":"log","timestamp":1705156010855,"level":"debug","message":"Running chrome with params {\"printBackground\":true,\"timeout\":59927,\"margin\":{}}","meta":{"rootId":"hd69tiq36vm2808","id":"hd69tiq36vm2808"},"id":"k8mh5x16fkh7v8u","previousOperationId":"8zf9gtt7fnr7kne"}
{"type":"operationEnd","operationId":"8zf9gtt7fnr7kne","timestamp":1705156010956,"id":"zxijoy9qeb1s5tg","previousEventId":"gdqfj8lm4mjdebg","previousOperationId":"8zf9gtt7fnr7kne"}
{"type":"log","timestamp":1705156010956,"level":"debug","message":"Skipping storing report.","meta":{"rootId":"hd69tiq36vm2808","id":"hd69tiq36vm2808"},"id":"pthz56by5xzw9t9","previousOperationId":"8zf9gtt7fnr7kne"}
{"type":"log","timestamp":1705156010956,"level":"info","message":"Rendering request 33 finished in 376 ms","meta":{"rootId":"hd69tiq36vm2808","id":"hd69tiq36vm2808"},"id":"oxfmyrgm70dq2ys","previousOperationId":"8zf9gtt7fnr7kne"}
{"type":"operationEnd","subtype":"render","operationId":"9ws6mrhnhu982h1","timestamp":1705156010956,"id":"jzoayccxe1mhcz3","previousEventId":"zxijoy9qeb1s5tg","previousOperationId":"8zf9gtt7fnr7kne"}
{"type":"operationEnd","doDiffs":false,"previousEventId":"eto3sbd5y6c38h8","previousOperationId":"wi73bzicx3ff06t","operationId":"wi73bzicx3ff06t","timestamp":1705156010958,"id":"ywpxroqmvsz8noc"}
