{"type":"operationStart","subtype":"profile","data":{"_id":"VzYyLE2aVxL8STez","timestamp":"2024-01-13T14:06:23.287Z","state":"queued","mode":"standard","creationDate":"2024-01-13T14:06:23.288Z","modificationDate":"2024-01-13T14:06:23.288Z","shortid":"1Vgcw2U","$entitySet":"profiles"},"doDiffs":false,"timestamp":1705154783288,"id":"308bzu9q1cgxe7i","previousOperationId":null,"operationId":"08j0u245yppwiqe"}
{"type":"log","level":"info","message":"Render request 9 queued for execution and waiting for available worker","previousOperationId":"08j0u245yppwiqe","timestamp":1705154783288,"id":"42p4xl6sbbcz5qy"}
{"type":"operationStart","subtype":"render","name":"AveragePunctuation","previousOperationId":"08j0u245yppwiqe","timestamp":1705154783295,"id":"54flrkk4931r5ib","previousEventId":"308bzu9q1cgxe7i","operationId":"moniy2tc0dpmwuk"}
{"type":"log","timestamp":1705154783295,"level":"info","message":"Starting rendering request 9","meta":{"rootId":"hd6opxwdmt6bctl","id":"hd6opxwdmt6bctl"},"id":"4lgu65y820x2yqa","previousOperationId":"moniy2tc0dpmwuk"}
{"type":"log","timestamp":1705154783295,"level":"info","message":"Rendering template { name: AveragePunctuation, recipe: chrome-pdf, engine: handlebars, preview: false }","meta":{"rootId":"hd6opxwdmt6bctl","id":"hd6opxwdmt6bctl"},"id":"3xiadv87cgyao2l","previousOperationId":"moniy2tc0dpmwuk"}
{"type":"log","timestamp":1705154783296,"level":"debug","message":"Inline data specified.","meta":{"rootId":"hd6opxwdmt6bctl","id":"hd6opxwdmt6bctl"},"id":"64qxdbnb1ezhbbp","previousOperationId":"moniy2tc0dpmwuk"}
{"type":"log","timestamp":1705154783297,"level":"debug","message":"Executing script AveragePunctuation-script (beforeRender)","meta":{"rootId":"hd6opxwdmt6bctl","id":"hd6opxwdmt6bctl"},"id":"cn2xxflg0ym2f6g","previousOperationId":"moniy2tc0dpmwuk"}
{"type":"operationStart","subtype":"scriptsBeforeRender","name":"scripts beforeRender","timestamp":1705154783311,"id":"pol3925bx8h2zra","previousEventId":"54flrkk4931r5ib","operationId":"7mpzjbq8jb7xh3q","previousOperationId":"moniy2tc0dpmwuk"}
{"type":"operationStart","subtype":"script","name":"scripts AveragePunctuation-script","previousOperationId":"7mpzjbq8jb7xh3q","timestamp":1705154783311,"id":"1f9j7sq2d21pny2","previousEventId":"pol3925bx8h2zra","operationId":"ev1pkpcp18oypc9"}
{"type":"operationEnd","operationId":"ev1pkpcp18oypc9","timestamp":1705154783326,"id":"nhabo26a0nb72qn","previousEventId":"54flrkk4931r5ib","previousOperationId":"moniy2tc0dpmwuk"}
{"type":"operationEnd","operationId":"7mpzjbq8jb7xh3q","timestamp":1705154783326,"id":"07or8rcas2wjir1","previousEventId":"nhabo26a0nb72qn","previousOperationId":"moniy2tc0dpmwuk"}
{"type":"log","timestamp":1705154783326,"level":"debug","message":"Base url not specified, skipping its injection.","meta":{"rootId":"hd6opxwdmt6bctl","id":"hd6opxwdmt6bctl"},"id":"ux22l1gy6c1853u","previousOperationId":"7mpzjbq8jb7xh3q"}
{"type":"operationStart","subtype":"engine","name":"handlebars","timestamp":1705154783326,"id":"6bbiybjtplsborm","previousEventId":"07or8rcas2wjir1","operationId":"1i2xu9cdgpp4koy","previousOperationId":"7mpzjbq8jb7xh3q"}
{"type":"log","timestamp":1705154783326,"level":"debug","message":"Rendering engine handlebars","meta":{"rootId":"hd6opxwdmt6bctl","id":"hd6opxwdmt6bctl"},"id":"hfqjizb6qqhqr1o","previousOperationId":"1i2xu9cdgpp4koy"}
{"type":"operationEnd","operationId":"1i2xu9cdgpp4koy","timestamp":1705154783343,"id":"l83u6dfi3bo1fzq","previousEventId":"6bbiybjtplsborm","previousOperationId":"1i2xu9cdgpp4koy"}
{"type":"operationStart","subtype":"recipe","name":"chrome-pdf","timestamp":1705154783344,"id":"yktqpea3lz0s7tp","previousEventId":"l83u6dfi3bo1fzq","operationId":"vnea7i7jxvtkrnp","previousOperationId":"1i2xu9cdgpp4koy"}
{"type":"log","timestamp":1705154783344,"level":"debug","message":"Executing recipe chrome-pdf","meta":{"rootId":"hd6opxwdmt6bctl","id":"hd6opxwdmt6bctl"},"id":"t3gqt5mp68bi18j","previousOperationId":"vnea7i7jxvtkrnp"}
{"type":"log","timestamp":1705154783346,"level":"debug","message":"Converting with chrome HeadlessChrome/117.0.5938.149 using chrome-pool strategy","meta":{"rootId":"hd6opxwdmt6bctl","id":"hd6opxwdmt6bctl"},"id":"v621dq12upco62w","previousOperationId":"vnea7i7jxvtkrnp"}
{"type":"log","timestamp":1705154783424,"level":"debug","message":"Page request: GET (document) file:///C:/Users/Javier/AppData/Local/Temp/jsreport/autocleanup/7a6c6e35-cde8-4d37-86c4-cd85d077118d-chrome-pdf.html","meta":{"rootId":"hd6opxwdmt6bctl","id":"hd6opxwdmt6bctl"},"id":"8g43rv18uupi8b1","previousOperationId":"vnea7i7jxvtkrnp"}
{"type":"log","timestamp":1705154783475,"level":"debug","message":"Page request: GET (stylesheet) https://cdnjs.cloudflare.com/ajax/libs/metro/4.1.5/css/metro.min.css","meta":{"rootId":"hd6opxwdmt6bctl","id":"hd6opxwdmt6bctl"},"id":"kxbp9i2igaxy5ui","previousOperationId":"vnea7i7jxvtkrnp"}
{"type":"log","timestamp":1705154783475,"level":"debug","message":"Page request: GET (script) https://cdnjs.cloudflare.com/ajax/libs/Chart.js/2.7.2/Chart.min.js","meta":{"rootId":"hd6opxwdmt6bctl","id":"hd6opxwdmt6bctl"},"id":"kupqjhc50x0zidm","previousOperationId":"vnea7i7jxvtkrnp"}
{"type":"log","timestamp":1705154783476,"level":"debug","message":"Page request finished: GET (document) 200 file:///C:/Users/Javier/AppData/Local/Temp/jsreport/autocleanup/7a6c6e35-cde8-4d37-86c4-cd85d077118d-chrome-pdf.html","meta":{"rootId":"hd6opxwdmt6bctl","id":"hd6opxwdmt6bctl"},"id":"cvi8jktelbjr8ra","previousOperationId":"vnea7i7jxvtkrnp"}
{"type":"log","timestamp":1705154783490,"level":"debug","message":"Page request finished: GET (stylesheet) 200 https://cdnjs.cloudflare.com/ajax/libs/metro/4.1.5/css/metro.min.css","meta":{"rootId":"hd6opxwdmt6bctl","id":"hd6opxwdmt6bctl"},"id":"palqq6filwkgyfo","previousOperationId":"vnea7i7jxvtkrnp"}
{"type":"log","timestamp":1705154783490,"level":"debug","message":"Page request finished: GET (script) 200 https://cdnjs.cloudflare.com/ajax/libs/Chart.js/2.7.2/Chart.min.js","meta":{"rootId":"hd6opxwdmt6bctl","id":"hd6opxwdmt6bctl"},"id":"2s3t8fqz86zbdu0","previousOperationId":"vnea7i7jxvtkrnp"}
{"type":"log","timestamp":1705154783501,"level":"warn","message":"Page error: Unexpected token '&' , stack: SyntaxError: Unexpected token '&'","meta":{"rootId":"hd6opxwdmt6bctl","id":"hd6opxwdmt6bctl"},"id":"ewtj0jvwoa2zjv8","previousOperationId":"vnea7i7jxvtkrnp"}
{"type":"log","timestamp":1705154783502,"level":"warn","message":"Page error: Unexpected token '&' , stack: SyntaxError: Unexpected token '&'","meta":{"rootId":"hd6opxwdmt6bctl","id":"hd6opxwdmt6bctl"},"id":"ty364pvn6f2bkrc","previousOperationId":"vnea7i7jxvtkrnp"}
{"type":"log","timestamp":1705154783502,"level":"warn","message":"Page error: Unexpected token '&' , stack: SyntaxError: Unexpected token '&'","meta":{"rootId":"hd6opxwdmt6bctl","id":"hd6opxwdmt6bctl"},"id":"6v5vn0aibkz6jsd","previousOperationId":"vnea7i7jxvtkrnp"}
{"type":"log","timestamp":1705154783502,"level":"warn","message":"Page error: Unexpected token '&' , stack: SyntaxError: Unexpected token '&'","meta":{"rootId":"hd6opxwdmt6bctl","id":"hd6opxwdmt6bctl"},"id":"hl1crk4rw19y12q","previousOperationId":"vnea7i7jxvtkrnp"}
{"type":"log","timestamp":1705154783526,"level":"debug","message":"Running chrome with params {\"printBackground\":true,\"timeout\":59942,\"margin\":{}}","meta":{"rootId":"hd6opxwdmt6bctl","id":"hd6opxwdmt6bctl"},"id":"rr53fhr1uk2348v","previousOperationId":"vnea7i7jxvtkrnp"}
{"type":"operationEnd","operationId":"vnea7i7jxvtkrnp","timestamp":1705154783588,"id":"vj0ltkmjmumi1kp","previousEventId":"yktqpea3lz0s7tp","previousOperationId":"vnea7i7jxvtkrnp"}
{"type":"log","timestamp":1705154783588,"level":"debug","message":"Skipping storing report.","meta":{"rootId":"hd6opxwdmt6bctl","id":"hd6opxwdmt6bctl"},"id":"81pljrygmhdt6pp","previousOperationId":"vnea7i7jxvtkrnp"}
{"type":"log","timestamp":1705154783588,"level":"info","message":"Rendering request 9 finished in 301 ms","meta":{"rootId":"hd6opxwdmt6bctl","id":"hd6opxwdmt6bctl"},"id":"9wohb0vgq5jdjgs","previousOperationId":"vnea7i7jxvtkrnp"}
{"type":"operationEnd","subtype":"render","operationId":"moniy2tc0dpmwuk","timestamp":1705154783588,"id":"fw6rdjhl563fysq","previousEventId":"vj0ltkmjmumi1kp","previousOperationId":"vnea7i7jxvtkrnp"}
{"type":"operationEnd","doDiffs":false,"previousEventId":"308bzu9q1cgxe7i","previousOperationId":"08j0u245yppwiqe","operationId":"08j0u245yppwiqe","timestamp":1705154783591,"id":"qd79yrjy3ze0fj4"}
