{"type":"operationStart","subtype":"profile","data":{"_id":"WSRzWkKTVHfbvpyr","timestamp":"2024-01-13T14:31:37.709Z","state":"queued","mode":"standard","creationDate":"2024-01-13T14:31:37.710Z","modificationDate":"2024-01-13T14:31:37.710Z","shortid":"UplQgoe","$entitySet":"profiles"},"doDiffs":false,"timestamp":1705156297710,"id":"du1o43w04h5npqz","previousOperationId":null,"operationId":"5so6hh1o3l7cue8"}
{"type":"log","level":"info","message":"Render request 51 queued for execution and waiting for available worker","previousOperationId":"5so6hh1o3l7cue8","timestamp":1705156297710,"id":"7txcix8uzg6ksfk"}
{"type":"operationStart","subtype":"render","name":"AveragePunctuation","previousOperationId":"5so6hh1o3l7cue8","timestamp":1705156297714,"id":"vi9dbgxhd4vtyvh","previousEventId":"du1o43w04h5npqz","operationId":"0vacu28c7ojp016"}
{"type":"log","timestamp":1705156297715,"level":"info","message":"Starting rendering request 51","meta":{"rootId":"hfo64knjynnurkw","id":"hfo64knjynnurkw"},"id":"rxewh84k914zysy","previousOperationId":"0vacu28c7ojp016"}
{"type":"log","timestamp":1705156297715,"level":"info","message":"Rendering template { name: AveragePunctuation, recipe: chrome-pdf, engine: handlebars, preview: false }","meta":{"rootId":"hfo64knjynnurkw","id":"hfo64knjynnurkw"},"id":"svo826w5q40ek27","previousOperationId":"0vacu28c7ojp016"}
{"type":"log","timestamp":1705156297715,"level":"debug","message":"Inline data specified.","meta":{"rootId":"hfo64knjynnurkw","id":"hfo64knjynnurkw"},"id":"8b6udh8jk6alg9o","previousOperationId":"0vacu28c7ojp016"}
{"type":"log","timestamp":1705156297717,"level":"debug","message":"Executing script AveragePunctuation-script (beforeRender)","meta":{"rootId":"hfo64knjynnurkw","id":"hfo64knjynnurkw"},"id":"bqc5s5aahdl3y7q","previousOperationId":"0vacu28c7ojp016"}
{"type":"operationStart","subtype":"scriptsBeforeRender","name":"scripts beforeRender","timestamp":1705156297729,"id":"wrb5t9v6uasop06","previousEventId":"vi9dbgxhd4vtyvh","operationId":"9x34f7pk8nvmtmc","previousOperationId":"0vacu28c7ojp016"}
{"type":"operationStart","subtype":"script","name":"scripts AveragePunctuation-script","previousOperationId":"9x34f7pk8nvmtmc","timestamp":1705156297729,"id":"283floce7ulebak","previousEventId":"wrb5t9v6uasop06","operationId":"7xkz72ne91nit70"}
{"type":"operationEnd","operationId":"7xkz72ne91nit70","timestamp":1705156297743,"id":"mf68lx0s9ybbn1d","previousEventId":"vi9dbgxhd4vtyvh","previousOperationId":"0vacu28c7ojp016"}
{"type":"operationEnd","operationId":"9x34f7pk8nvmtmc","timestamp":1705156297743,"id":"ofhoir448a3k09k","previousEventId":"mf68lx0s9ybbn1d","previousOperationId":"0vacu28c7ojp016"}
{"type":"log","timestamp":1705156297743,"level":"debug","message":"Base url not specified, skipping its injection.","meta":{"rootId":"hfo64knjynnurkw","id":"hfo64knjynnurkw"},"id":"ef2bzomq6vgbvvg","previousOperationId":"9x34f7pk8nvmtmc"}
{"type":"operationStart","subtype":"engine","name":"handlebars","timestamp":1705156297743,"id":"9qtmqkwy937hbgb","previousEventId":"ofhoir448a3k09k","operationId":"cymnt00cbt3ah9y","previousOperationId":"9x34f7pk8nvmtmc"}
{"type":"log","timestamp":1705156297743,"level":"debug","message":"Rendering engine handlebars","meta":{"rootId":"hfo64knjynnurkw","id":"hfo64knjynnurkw"},"id":"wciz4lk5p3wo8d4","previousOperationId":"cymnt00cbt3ah9y"}
{"type":"operationEnd","operationId":"cymnt00cbt3ah9y","timestamp":1705156297755,"id":"n5zyktiihckuxty","previousEventId":"9qtmqkwy937hbgb","previousOperationId":"cymnt00cbt3ah9y"}
{"type":"operationStart","subtype":"recipe","name":"chrome-pdf","timestamp":1705156297755,"id":"6uubsxmjl6y66te","previousEventId":"n5zyktiihckuxty","operationId":"cfvd2lcrx4yavg1","previousOperationId":"cymnt00cbt3ah9y"}
{"type":"log","timestamp":1705156297755,"level":"debug","message":"Executing recipe chrome-pdf","meta":{"rootId":"hfo64knjynnurkw","id":"hfo64knjynnurkw"},"id":"o6nsx4r56mp1hx3","previousOperationId":"cfvd2lcrx4yavg1"}
{"type":"log","timestamp":1705156297757,"level":"debug","message":"Converting with chrome HeadlessChrome/117.0.5938.149 using chrome-pool strategy","meta":{"rootId":"hfo64knjynnurkw","id":"hfo64knjynnurkw"},"id":"jjz8wda8mm3suop","previousOperationId":"cfvd2lcrx4yavg1"}
{"type":"log","timestamp":1705156297825,"level":"debug","message":"Page request: GET (document) file:///C:/Users/Javier/AppData/Local/Temp/jsreport/autocleanup/3a864f36-d610-4f7e-8ae0-4819715f1109-chrome-pdf.html","meta":{"rootId":"hfo64knjynnurkw","id":"hfo64knjynnurkw"},"id":"xfc63vwlgkye3u3","previousOperationId":"cfvd2lcrx4yavg1"}
{"type":"log","timestamp":1705156297861,"level":"debug","message":"Page request: GET (stylesheet) https://cdnjs.cloudflare.com/ajax/libs/metro/4.1.5/css/metro.min.css","meta":{"rootId":"hfo64knjynnurkw","id":"hfo64knjynnurkw"},"id":"x84bm7q03xczteq","previousOperationId":"cfvd2lcrx4yavg1"}
{"type":"log","timestamp":1705156297861,"level":"debug","message":"Page request: GET (script) https://cdnjs.cloudflare.com/ajax/libs/Chart.js/2.7.2/Chart.min.js","meta":{"rootId":"hfo64knjynnurkw","id":"hfo64knjynnurkw"},"id":"yor1dq9om2jkttg","previousOperationId":"cfvd2lcrx4yavg1"}
{"type":"log","timestamp":1705156297862,"level":"debug","message":"Page request finished: GET (document) 200 file:///C:/Users/Javier/AppData/Local/Temp/jsreport/autocleanup/3a864f36-d610-4f7e-8ae0-4819715f1109-chrome-pdf.html","meta":{"rootId":"hfo64knjynnurkw","id":"hfo64knjynnurkw"},"id":"ub0udym9wor18pk","previousOperationId":"cfvd2lcrx4yavg1"}
{"type":"log","timestamp":1705156297866,"level":"debug","message":"Page request finished: GET (script) 200 https://cdnjs.cloudflare.com/ajax/libs/Chart.js/2.7.2/Chart.min.js","meta":{"rootId":"hfo64knjynnurkw","id":"hfo64knjynnurkw"},"id":"b9fqh6zrxenn0x6","previousOperationId":"cfvd2lcrx4yavg1"}
{"type":"log","timestamp":1705156297875,"level":"debug","message":"Page request finished: GET (stylesheet) 200 https://cdnjs.cloudflare.com/ajax/libs/metro/4.1.5/css/metro.min.css","meta":{"rootId":"hfo64knjynnurkw","id":"hfo64knjynnurkw"},"id":"1u0zxzhq7r5uwmg","previousOperationId":"cfvd2lcrx4yavg1"}
{"type":"log","timestamp":1705156297927,"level":"debug","message":"Running chrome with params {\"printBackground\":true,\"timeout\":59953,\"margin\":{}}","meta":{"rootId":"hfo64knjynnurkw","id":"hfo64knjynnurkw"},"id":"atzpp59sbddtacb","previousOperationId":"cfvd2lcrx4yavg1"}
{"type":"operationEnd","operationId":"cfvd2lcrx4yavg1","timestamp":1705156298022,"id":"l0udbcho8ijmwbo","previousEventId":"6uubsxmjl6y66te","previousOperationId":"cfvd2lcrx4yavg1"}
{"type":"log","timestamp":1705156298022,"level":"debug","message":"Skipping storing report.","meta":{"rootId":"hfo64knjynnurkw","id":"hfo64knjynnurkw"},"id":"s11h49ltyuxgfp2","previousOperationId":"cfvd2lcrx4yavg1"}
{"type":"log","timestamp":1705156298022,"level":"info","message":"Rendering request 51 finished in 313 ms","meta":{"rootId":"hfo64knjynnurkw","id":"hfo64knjynnurkw"},"id":"pjyn3ztlquz73fv","previousOperationId":"cfvd2lcrx4yavg1"}
{"type":"operationEnd","subtype":"render","operationId":"0vacu28c7ojp016","timestamp":1705156298022,"id":"xpqfu0hus84gyev","previousEventId":"l0udbcho8ijmwbo","previousOperationId":"cfvd2lcrx4yavg1"}
{"type":"operationEnd","doDiffs":false,"previousEventId":"du1o43w04h5npqz","previousOperationId":"5so6hh1o3l7cue8","operationId":"5so6hh1o3l7cue8","timestamp":1705156298023,"id":"kkm5loi9zvnjhd1"}
