{"type":"operationStart","subtype":"profile","data":{"_id":"99icXjHHW08jvBiW","timestamp":"2024-01-13T23:05:31.992Z","state":"queued","mode":"standard","creationDate":"2024-01-13T23:05:31.995Z","modificationDate":"2024-01-13T23:05:31.995Z","shortid":"qdlubKJ","$entitySet":"profiles"},"doDiffs":false,"timestamp":1705187131993,"id":"2duv358qvog3uhw","previousOperationId":null,"operationId":"am44edffgk78hi7"}
{"type":"log","level":"info","message":"Render request 10 queued for execution and waiting for available worker","previousOperationId":"am44edffgk78hi7","timestamp":1705187131993,"id":"rp26a8sslnaxlah"}
{"type":"operationStart","subtype":"render","name":"AveragePunctuation","previousOperationId":"am44edffgk78hi7","timestamp":1705187132003,"id":"05ctj6bobdpp670","previousEventId":"2duv358qvog3uhw","operationId":"itvh0lgp4atn4gl"}
{"type":"log","timestamp":1705187132003,"level":"info","message":"Starting rendering request 10","meta":{"rootId":"hpau3m8920ri9ma","id":"hpau3m8920ri9ma"},"id":"y8njstaowebe5i3","previousOperationId":"itvh0lgp4atn4gl"}
{"type":"log","timestamp":1705187132003,"level":"info","message":"Rendering template { name: AveragePunctuation, recipe: chrome-pdf, engine: handlebars, preview: false }","meta":{"rootId":"hpau3m8920ri9ma","id":"hpau3m8920ri9ma"},"id":"otx3bzwx664ulr0","previousOperationId":"itvh0lgp4atn4gl"}
{"type":"log","timestamp":1705187132005,"level":"debug","message":"Inline data specified.","meta":{"rootId":"hpau3m8920ri9ma","id":"hpau3m8920ri9ma"},"id":"j17cdug3q9tpzqy","previousOperationId":"itvh0lgp4atn4gl"}
{"type":"log","timestamp":1705187132008,"level":"debug","message":"Executing script AveragePunctuation-script (beforeRender)","meta":{"rootId":"hpau3m8920ri9ma","id":"hpau3m8920ri9ma"},"id":"wjdrcz295pzhjsg","previousOperationId":"itvh0lgp4atn4gl"}
{"type":"operationStart","subtype":"scriptsBeforeRender","name":"scripts beforeRender","timestamp":1705187132031,"id":"0zc8ssxd1angpyy","previousEventId":"05ctj6bobdpp670","operationId":"t3s6valzyk87liv","previousOperationId":"itvh0lgp4atn4gl"}
{"type":"operationStart","subtype":"script","name":"scripts AveragePunctuation-script","previousOperationId":"t3s6valzyk87liv","timestamp":1705187132031,"id":"r8xxdq7mjivmbpw","previousEventId":"0zc8ssxd1angpyy","operationId":"pgkhcez3bixszjv"}
{"type":"operationEnd","operationId":"pgkhcez3bixszjv","timestamp":1705187132051,"id":"sshupce87eo8uii","previousEventId":"05ctj6bobdpp670","previousOperationId":"itvh0lgp4atn4gl"}
{"type":"operationEnd","operationId":"t3s6valzyk87liv","timestamp":1705187132051,"id":"59xzcnpskkzza3s","previousEventId":"sshupce87eo8uii","previousOperationId":"itvh0lgp4atn4gl"}
{"type":"log","timestamp":1705187132051,"level":"debug","message":"Base url not specified, skipping its injection.","meta":{"rootId":"hpau3m8920ri9ma","id":"hpau3m8920ri9ma"},"id":"49ax11xny81su9v","previousOperationId":"t3s6valzyk87liv"}
{"type":"operationStart","subtype":"engine","name":"handlebars","timestamp":1705187132051,"id":"m3i5zcbnj13fk9r","previousEventId":"59xzcnpskkzza3s","operationId":"qz0jqvkaigu0iyf","previousOperationId":"t3s6valzyk87liv"}
{"type":"log","timestamp":1705187132051,"level":"debug","message":"Rendering engine handlebars","meta":{"rootId":"hpau3m8920ri9ma","id":"hpau3m8920ri9ma"},"id":"6r5npy2qbpo8ftw","previousOperationId":"qz0jqvkaigu0iyf"}
{"type":"operationEnd","operationId":"qz0jqvkaigu0iyf","timestamp":1705187132058,"id":"jc2rozo7sucinkq","previousEventId":"m3i5zcbnj13fk9r","previousOperationId":"qz0jqvkaigu0iyf"}
{"type":"operationStart","subtype":"recipe","name":"chrome-pdf","timestamp":1705187132058,"id":"yfw29uiau1hr8p5","previousEventId":"jc2rozo7sucinkq","operationId":"epz2og5lg67ztdi","previousOperationId":"qz0jqvkaigu0iyf"}
{"type":"log","timestamp":1705187132058,"level":"debug","message":"Executing recipe chrome-pdf","meta":{"rootId":"hpau3m8920ri9ma","id":"hpau3m8920ri9ma"},"id":"oaag7lh6gkeesst","previousOperationId":"epz2og5lg67ztdi"}
{"type":"log","timestamp":1705187132061,"level":"debug","message":"Converting with chrome HeadlessChrome/117.0.5938.149 using chrome-pool strategy","meta":{"rootId":"hpau3m8920ri9ma","id":"hpau3m8920ri9ma"},"id":"u9r6waqeulpikhz","previousOperationId":"epz2og5lg67ztdi"}
{"type":"log","timestamp":1705187132147,"level":"debug","message":"Page request: GET (document) file:///C:/Users/Javier/AppData/Local/Temp/jsreport/autocleanup/76d2ce8b-5da3-4589-9eff-c0ffadaeb229-chrome-pdf.html","meta":{"rootId":"hpau3m8920ri9ma","id":"hpau3m8920ri9ma"},"id":"rhx65yu2pbrwts4","previousOperationId":"epz2og5lg67ztdi"}
{"type":"log","timestamp":1705187132193,"level":"debug","message":"Page request: GET (stylesheet) https://cdnjs.cloudflare.com/ajax/libs/metro/4.1.5/css/metro.min.css","meta":{"rootId":"hpau3m8920ri9ma","id":"hpau3m8920ri9ma"},"id":"0nmwm6nuz30y6vj","previousOperationId":"epz2og5lg67ztdi"}
{"type":"log","timestamp":1705187132194,"level":"debug","message":"Page request: GET (script) https://cdnjs.cloudflare.com/ajax/libs/Chart.js/2.7.2/Chart.min.js","meta":{"rootId":"hpau3m8920ri9ma","id":"hpau3m8920ri9ma"},"id":"uquysysp4ovjm7x","previousOperationId":"epz2og5lg67ztdi"}
{"type":"log","timestamp":1705187132194,"level":"debug","message":"Page request finished: GET (document) 200 file:///C:/Users/Javier/AppData/Local/Temp/jsreport/autocleanup/76d2ce8b-5da3-4589-9eff-c0ffadaeb229-chrome-pdf.html","meta":{"rootId":"hpau3m8920ri9ma","id":"hpau3m8920ri9ma"},"id":"1rzh416izubayir","previousOperationId":"epz2og5lg67ztdi"}
{"type":"log","timestamp":1705187132210,"level":"debug","message":"Page request finished: GET (stylesheet) 200 https://cdnjs.cloudflare.com/ajax/libs/metro/4.1.5/css/metro.min.css","meta":{"rootId":"hpau3m8920ri9ma","id":"hpau3m8920ri9ma"},"id":"qx9ixyqbk9ap42t","previousOperationId":"epz2og5lg67ztdi"}
{"type":"log","timestamp":1705187132210,"level":"debug","message":"Page request finished: GET (script) 200 https://cdnjs.cloudflare.com/ajax/libs/Chart.js/2.7.2/Chart.min.js","meta":{"rootId":"hpau3m8920ri9ma","id":"hpau3m8920ri9ma"},"id":"4umoe0rus5bhzpw","previousOperationId":"epz2og5lg67ztdi"}
{"type":"log","timestamp":1705187132265,"level":"debug","message":"Running chrome with params {\"printBackground\":true,\"timeout\":59931,\"margin\":{}}","meta":{"rootId":"hpau3m8920ri9ma","id":"hpau3m8920ri9ma"},"id":"z4xdspe7h52kibn","previousOperationId":"epz2og5lg67ztdi"}
{"type":"operationEnd","operationId":"epz2og5lg67ztdi","timestamp":1705187132361,"id":"sq0pxpg181sfeyx","previousEventId":"yfw29uiau1hr8p5","previousOperationId":"epz2og5lg67ztdi"}
{"type":"log","timestamp":1705187132361,"level":"debug","message":"Skipping storing report.","meta":{"rootId":"hpau3m8920ri9ma","id":"hpau3m8920ri9ma"},"id":"isvpm61ofaob00g","previousOperationId":"epz2og5lg67ztdi"}
{"type":"log","timestamp":1705187132361,"level":"info","message":"Rendering request 10 finished in 370 ms","meta":{"rootId":"hpau3m8920ri9ma","id":"hpau3m8920ri9ma"},"id":"9a1zkyfhu1ax4nb","previousOperationId":"epz2og5lg67ztdi"}
{"type":"operationEnd","subtype":"render","operationId":"itvh0lgp4atn4gl","timestamp":1705187132361,"id":"twjf1r6tszculuf","previousEventId":"sq0pxpg181sfeyx","previousOperationId":"epz2og5lg67ztdi"}
{"type":"operationEnd","doDiffs":false,"previousEventId":"2duv358qvog3uhw","previousOperationId":"am44edffgk78hi7","operationId":"am44edffgk78hi7","timestamp":1705187132363,"id":"ywuvoiqj2dgeuaq"}
