{"type":"operationStart","subtype":"profile","data":{"_id":"Xs7Z8giVjsNG8niv","timestamp":"2024-01-11T19:30:06.863Z","state":"queued","mode":"standard","creationDate":"2024-01-11T19:30:06.864Z","modificationDate":"2024-01-11T19:30:06.864Z","shortid":"Kklia59","$entitySet":"profiles"},"doDiffs":false,"timestamp":1705001406864,"id":"igipflmfjxmglt5","previousOperationId":null,"operationId":"z2v1fij23xlci3l"}
{"type":"log","level":"info","message":"Render request 16 queued for execution and waiting for available worker","previousOperationId":"z2v1fij23xlci3l","timestamp":1705001406864,"id":"8avhxigpcfcqvan"}
{"type":"operationStart","subtype":"render","name":"AveragePunctuation","previousOperationId":"z2v1fij23xlci3l","timestamp":1705001406869,"id":"2fobr06mgsu17gs","previousEventId":"igipflmfjxmglt5","operationId":"geqwo0ab2u2r2l4"}
{"type":"log","timestamp":1705001406869,"level":"info","message":"Starting rendering request 16","meta":{"rootId":"hsjp0oa0sq9rxds","id":"hsjp0oa0sq9rxds"},"id":"nzx8imy1tfyab9s","previousOperationId":"geqwo0ab2u2r2l4"}
{"type":"log","timestamp":1705001406869,"level":"info","message":"Rendering template { name: AveragePunctuation, recipe: chrome-pdf, engine: handlebars, preview: false }","meta":{"rootId":"hsjp0oa0sq9rxds","id":"hsjp0oa0sq9rxds"},"id":"fnxu0cixni5np1a","previousOperationId":"geqwo0ab2u2r2l4"}
{"type":"log","timestamp":1705001406870,"level":"debug","message":"Inline data specified.","meta":{"rootId":"hsjp0oa0sq9rxds","id":"hsjp0oa0sq9rxds"},"id":"du5dpx6ophgpz5o","previousOperationId":"geqwo0ab2u2r2l4"}
{"type":"log","timestamp":1705001406871,"level":"debug","message":"Executing script AveragePunctuation-script (beforeRender)","meta":{"rootId":"hsjp0oa0sq9rxds","id":"hsjp0oa0sq9rxds"},"id":"8pzv0mkkkt5nybg","previousOperationId":"geqwo0ab2u2r2l4"}
{"type":"operationStart","subtype":"scriptsBeforeRender","name":"scripts beforeRender","timestamp":1705001406883,"id":"2a9q3l540gn9qwc","previousEventId":"2fobr06mgsu17gs","operationId":"1oozspt5pf7m6te","previousOperationId":"geqwo0ab2u2r2l4"}
{"type":"operationStart","subtype":"script","name":"scripts AveragePunctuation-script","previousOperationId":"1oozspt5pf7m6te","timestamp":1705001406883,"id":"s2t181yxhxxanq6","previousEventId":"2a9q3l540gn9qwc","operationId":"c34er58af30oi0b"}
{"type":"operationEnd","operationId":"c34er58af30oi0b","timestamp":1705001406895,"id":"sqgpwg15m4csnh0","previousEventId":"2fobr06mgsu17gs","previousOperationId":"geqwo0ab2u2r2l4"}
{"type":"operationEnd","operationId":"1oozspt5pf7m6te","timestamp":1705001406895,"id":"6mipvr1cgf4fk29","previousEventId":"sqgpwg15m4csnh0","previousOperationId":"geqwo0ab2u2r2l4"}
{"type":"log","timestamp":1705001406895,"level":"debug","message":"Base url not specified, skipping its injection.","meta":{"rootId":"hsjp0oa0sq9rxds","id":"hsjp0oa0sq9rxds"},"id":"60qr2njjook5uh0","previousOperationId":"1oozspt5pf7m6te"}
{"type":"operationStart","subtype":"engine","name":"handlebars","timestamp":1705001406895,"id":"yarjkpqz79qwcb4","previousEventId":"6mipvr1cgf4fk29","operationId":"7broikjgudfyolw","previousOperationId":"1oozspt5pf7m6te"}
{"type":"log","timestamp":1705001406895,"level":"debug","message":"Rendering engine handlebars","meta":{"rootId":"hsjp0oa0sq9rxds","id":"hsjp0oa0sq9rxds"},"id":"27tm78l2k0r4v5m","previousOperationId":"7broikjgudfyolw"}
{"type":"operationEnd","operationId":"7broikjgudfyolw","timestamp":1705001406899,"id":"6nlwr71tjurkoj2","previousEventId":"yarjkpqz79qwcb4","previousOperationId":"7broikjgudfyolw"}
{"type":"operationStart","subtype":"recipe","name":"chrome-pdf","timestamp":1705001406900,"id":"hc3vgmf878hdf4g","previousEventId":"6nlwr71tjurkoj2","operationId":"or21toqkq2tkxc9","previousOperationId":"7broikjgudfyolw"}
{"type":"log","timestamp":1705001406900,"level":"debug","message":"Executing recipe chrome-pdf","meta":{"rootId":"hsjp0oa0sq9rxds","id":"hsjp0oa0sq9rxds"},"id":"5ca17sn8xsf2tov","previousOperationId":"or21toqkq2tkxc9"}
{"type":"log","timestamp":1705001406901,"level":"debug","message":"Converting with chrome HeadlessChrome/117.0.5938.149 using chrome-pool strategy","meta":{"rootId":"hsjp0oa0sq9rxds","id":"hsjp0oa0sq9rxds"},"id":"s13sbj5fyizds66","previousOperationId":"or21toqkq2tkxc9"}
{"type":"log","timestamp":1705001406979,"level":"debug","message":"Page request: GET (document) file:///C:/Users/Javier/AppData/Local/Temp/jsreport/autocleanup/57524174-0370-4339-b6cc-d9a90777e1fc-chrome-pdf.html","meta":{"rootId":"hsjp0oa0sq9rxds","id":"hsjp0oa0sq9rxds"},"id":"h4roopyv2kvaa45","previousOperationId":"or21toqkq2tkxc9"}
{"type":"log","timestamp":1705001406985,"level":"debug","message":"Page request finished: GET (document) 200 file:///C:/Users/Javier/AppData/Local/Temp/jsreport/autocleanup/57524174-0370-4339-b6cc-d9a90777e1fc-chrome-pdf.html","meta":{"rootId":"hsjp0oa0sq9rxds","id":"hsjp0oa0sq9rxds"},"id":"iylcjip20fz5eae","previousOperationId":"or21toqkq2tkxc9"}
{"type":"log","timestamp":1705001406988,"level":"debug","message":"Running chrome with params {\"printBackground\":true,\"timeout\":59963,\"margin\":{}}","meta":{"rootId":"hsjp0oa0sq9rxds","id":"hsjp0oa0sq9rxds"},"id":"7a4w6s7hmtdxfwl","previousOperationId":"or21toqkq2tkxc9"}
{"type":"operationEnd","operationId":"or21toqkq2tkxc9","timestamp":1705001407000,"id":"e87l0a6mthzdyki","previousEventId":"hc3vgmf878hdf4g","previousOperationId":"or21toqkq2tkxc9"}
{"type":"log","timestamp":1705001407000,"level":"debug","message":"Skipping storing report.","meta":{"rootId":"hsjp0oa0sq9rxds","id":"hsjp0oa0sq9rxds"},"id":"9ix99ci2rh9j3sv","previousOperationId":"or21toqkq2tkxc9"}
{"type":"log","timestamp":1705001407000,"level":"info","message":"Rendering request 16 finished in 137 ms","meta":{"rootId":"hsjp0oa0sq9rxds","id":"hsjp0oa0sq9rxds"},"id":"zu3ejgic4y4u0nj","previousOperationId":"or21toqkq2tkxc9"}
{"type":"operationEnd","subtype":"render","operationId":"geqwo0ab2u2r2l4","timestamp":1705001407000,"id":"ehpnw56ywg8fhk0","previousEventId":"e87l0a6mthzdyki","previousOperationId":"or21toqkq2tkxc9"}
{"type":"operationEnd","doDiffs":false,"previousEventId":"igipflmfjxmglt5","previousOperationId":"z2v1fij23xlci3l","operationId":"z2v1fij23xlci3l","timestamp":1705001407005,"id":"8hwtjcuq4i8u0k9"}
