{"type":"operationStart","subtype":"profile","data":{"_id":"fke6LiVo5yPJNmyj","timestamp":"2024-01-11T19:22:06.693Z","state":"queued","mode":"standard","creationDate":"2024-01-11T19:22:06.695Z","modificationDate":"2024-01-11T19:22:06.695Z","shortid":"a_PRATM","$entitySet":"profiles"},"doDiffs":false,"timestamp":1705000926694,"id":"nid162t3ppw7e38","previousOperationId":null,"operationId":"6jksmetpajivxff"}
{"type":"log","level":"info","message":"Render request 12 queued for execution and waiting for available worker","previousOperationId":"6jksmetpajivxff","timestamp":1705000926694,"id":"vltg4bnehrq4nyv"}
{"type":"operationStart","subtype":"render","name":"AveragePunctuation","previousOperationId":"6jksmetpajivxff","timestamp":1705000926699,"id":"d7s95th1mdffu4i","previousEventId":"nid162t3ppw7e38","operationId":"itmkpls1zmwiymk"}
{"type":"log","timestamp":1705000926699,"level":"info","message":"Starting rendering request 12","meta":{"rootId":"hsoouc4jzkxdpn6","id":"hsoouc4jzkxdpn6"},"id":"ez0w3ofiy3x7ian","previousOperationId":"itmkpls1zmwiymk"}
{"type":"log","timestamp":1705000926699,"level":"info","message":"Rendering template { name: AveragePunctuation, recipe: chrome-pdf, engine: handlebars, preview: false }","meta":{"rootId":"hsoouc4jzkxdpn6","id":"hsoouc4jzkxdpn6"},"id":"ttp9yhbadftyagm","previousOperationId":"itmkpls1zmwiymk"}
{"type":"log","timestamp":1705000926700,"level":"debug","message":"Inline data specified.","meta":{"rootId":"hsoouc4jzkxdpn6","id":"hsoouc4jzkxdpn6"},"id":"dcxiifrylt3ec00","previousOperationId":"itmkpls1zmwiymk"}
{"type":"log","timestamp":1705000926701,"level":"debug","message":"Executing script AveragePunctuation-script (beforeRender)","meta":{"rootId":"hsoouc4jzkxdpn6","id":"hsoouc4jzkxdpn6"},"id":"ti5hbbem5464nrs","previousOperationId":"itmkpls1zmwiymk"}
{"type":"operationStart","subtype":"scriptsBeforeRender","name":"scripts beforeRender","timestamp":1705000926713,"id":"8p41eu427atrwo7","previousEventId":"d7s95th1mdffu4i","operationId":"rkml9kpipuqm82p","previousOperationId":"itmkpls1zmwiymk"}
{"type":"operationStart","subtype":"script","name":"scripts AveragePunctuation-script","previousOperationId":"rkml9kpipuqm82p","timestamp":1705000926714,"id":"aq1guh3g4oswn78","previousEventId":"8p41eu427atrwo7","operationId":"jw00rbbsnrjn8fs"}
{"type":"operationEnd","operationId":"jw00rbbsnrjn8fs","timestamp":1705000926726,"id":"zhdkcnrgc6lr5mk","previousEventId":"d7s95th1mdffu4i","previousOperationId":"itmkpls1zmwiymk"}
{"type":"operationEnd","operationId":"rkml9kpipuqm82p","timestamp":1705000926726,"id":"y2iulpudcj7o7na","previousEventId":"zhdkcnrgc6lr5mk","previousOperationId":"itmkpls1zmwiymk"}
{"type":"log","timestamp":1705000926726,"level":"debug","message":"Base url not specified, skipping its injection.","meta":{"rootId":"hsoouc4jzkxdpn6","id":"hsoouc4jzkxdpn6"},"id":"ypcaqy3y8pavisa","previousOperationId":"rkml9kpipuqm82p"}
{"type":"operationStart","subtype":"engine","name":"handlebars","timestamp":1705000926726,"id":"gi7hc1jm6xd4sj9","previousEventId":"y2iulpudcj7o7na","operationId":"17izte735q3osii","previousOperationId":"rkml9kpipuqm82p"}
{"type":"log","timestamp":1705000926726,"level":"debug","message":"Rendering engine handlebars","meta":{"rootId":"hsoouc4jzkxdpn6","id":"hsoouc4jzkxdpn6"},"id":"zjjc4veal4vc35q","previousOperationId":"17izte735q3osii"}
{"type":"operationEnd","operationId":"17izte735q3osii","timestamp":1705000926732,"id":"mukvf1xzhqtb5c2","previousEventId":"gi7hc1jm6xd4sj9","previousOperationId":"17izte735q3osii"}
{"type":"operationStart","subtype":"recipe","name":"chrome-pdf","timestamp":1705000926732,"id":"8uiraod4gzuu4gg","previousEventId":"mukvf1xzhqtb5c2","operationId":"yd1td8wjr0dec5s","previousOperationId":"17izte735q3osii"}
{"type":"log","timestamp":1705000926732,"level":"debug","message":"Executing recipe chrome-pdf","meta":{"rootId":"hsoouc4jzkxdpn6","id":"hsoouc4jzkxdpn6"},"id":"fbvtiitwzyjubhl","previousOperationId":"yd1td8wjr0dec5s"}
{"type":"log","timestamp":1705000926734,"level":"debug","message":"Converting with chrome HeadlessChrome/117.0.5938.149 using chrome-pool strategy","meta":{"rootId":"hsoouc4jzkxdpn6","id":"hsoouc4jzkxdpn6"},"id":"wqstds5kd4bg6ve","previousOperationId":"yd1td8wjr0dec5s"}
{"type":"log","timestamp":1705000926804,"level":"debug","message":"Page request: GET (document) file:///C:/Users/Javier/AppData/Local/Temp/jsreport/autocleanup/70581e3f-e0f4-4d3c-a469-ad05bd881d1a-chrome-pdf.html","meta":{"rootId":"hsoouc4jzkxdpn6","id":"hsoouc4jzkxdpn6"},"id":"on34i473fnx504n","previousOperationId":"yd1td8wjr0dec5s"}
{"type":"log","timestamp":1705000926810,"level":"debug","message":"Page request finished: GET (document) 200 file:///C:/Users/Javier/AppData/Local/Temp/jsreport/autocleanup/70581e3f-e0f4-4d3c-a469-ad05bd881d1a-chrome-pdf.html","meta":{"rootId":"hsoouc4jzkxdpn6","id":"hsoouc4jzkxdpn6"},"id":"rerax17bqwiofms","previousOperationId":"yd1td8wjr0dec5s"}
{"type":"log","timestamp":1705000926813,"level":"debug","message":"Running chrome with params {\"printBackground\":true,\"timeout\":59960,\"margin\":{}}","meta":{"rootId":"hsoouc4jzkxdpn6","id":"hsoouc4jzkxdpn6"},"id":"5psn6iu99517l87","previousOperationId":"yd1td8wjr0dec5s"}
{"type":"operationEnd","operationId":"yd1td8wjr0dec5s","timestamp":1705000926825,"id":"2tbphp1svau3m1f","previousEventId":"8uiraod4gzuu4gg","previousOperationId":"yd1td8wjr0dec5s"}
{"type":"log","timestamp":1705000926825,"level":"debug","message":"Skipping storing report.","meta":{"rootId":"hsoouc4jzkxdpn6","id":"hsoouc4jzkxdpn6"},"id":"8udjp0hh4xr7cg0","previousOperationId":"yd1td8wjr0dec5s"}
{"type":"log","timestamp":1705000926825,"level":"info","message":"Rendering request 12 finished in 132 ms","meta":{"rootId":"hsoouc4jzkxdpn6","id":"hsoouc4jzkxdpn6"},"id":"wgjs2i1018weelq","previousOperationId":"yd1td8wjr0dec5s"}
{"type":"operationEnd","subtype":"render","operationId":"itmkpls1zmwiymk","timestamp":1705000926825,"id":"tgofdi3t406goic","previousEventId":"2tbphp1svau3m1f","previousOperationId":"yd1td8wjr0dec5s"}
{"type":"operationEnd","doDiffs":false,"previousEventId":"nid162t3ppw7e38","previousOperationId":"6jksmetpajivxff","operationId":"6jksmetpajivxff","timestamp":1705000926831,"id":"qzt1xfvi2ujxi7t"}
