{"type":"operationStart","subtype":"profile","data":{"_id":"LHB8G4c9OO8ymBtW","timestamp":"2024-01-13T22:17:35.881Z","state":"queued","mode":"standard","creationDate":"2024-01-13T22:17:35.885Z","modificationDate":"2024-01-13T22:17:35.885Z","shortid":"pUQRU1D","$entitySet":"profiles"},"doDiffs":false,"timestamp":1705184255883,"id":"v2yasnuj1gr3rze","previousOperationId":null,"operationId":"fvjujjteawn50qo"}
{"type":"log","level":"info","message":"Render request 1 queued for execution and waiting for available worker","previousOperationId":"fvjujjteawn50qo","timestamp":1705184255883,"id":"i0oqettcxxh7vyo"}
{"type":"operationStart","subtype":"render","name":"AveragePunctuation","previousOperationId":"fvjujjteawn50qo","timestamp":1705184255969,"id":"cesz6o4x00okuuv","previousEventId":"v2yasnuj1gr3rze","operationId":"oobjmodcnpffaoy"}
{"type":"log","timestamp":1705184255989,"level":"info","message":"Starting rendering request 1","meta":{"rootId":"i0t8sho9e08dfng","id":"i0t8sho9e08dfng"},"id":"sgistkm8caqtxz2","previousOperationId":"oobjmodcnpffaoy"}
{"type":"log","timestamp":1705184255990,"level":"info","message":"Rendering template { name: AveragePunctuation, recipe: chrome-pdf, engine: handlebars, preview: false }","meta":{"rootId":"i0t8sho9e08dfng","id":"i0t8sho9e08dfng"},"id":"8huctw2vt2eopvm","previousOperationId":"oobjmodcnpffaoy"}
{"type":"log","timestamp":1705184256013,"level":"debug","message":"Inline data specified.","meta":{"rootId":"i0t8sho9e08dfng","id":"i0t8sho9e08dfng"},"id":"gu826miske76e6n","previousOperationId":"oobjmodcnpffaoy"}
{"type":"log","timestamp":1705184256051,"level":"debug","message":"Executing script AveragePunctuation-script (beforeRender)","meta":{"rootId":"i0t8sho9e08dfng","id":"i0t8sho9e08dfng"},"id":"s0qslp3j6710179","previousOperationId":"oobjmodcnpffaoy"}
{"type":"operationStart","subtype":"scriptsBeforeRender","name":"scripts beforeRender","timestamp":1705184256420,"id":"3ukpcwe1zg788ev","previousEventId":"cesz6o4x00okuuv","operationId":"3em3np8dy3peq1v","previousOperationId":"oobjmodcnpffaoy"}
{"type":"operationStart","subtype":"script","name":"scripts AveragePunctuation-script","previousOperationId":"3em3np8dy3peq1v","timestamp":1705184256420,"id":"z9n9rw3um10s8tk","previousEventId":"3ukpcwe1zg788ev","operationId":"dei6sp3jwxjh68q"}
{"type":"operationEnd","operationId":"dei6sp3jwxjh68q","timestamp":1705184256463,"id":"1yxsn2qm9vy5kz5","previousEventId":"cesz6o4x00okuuv","previousOperationId":"oobjmodcnpffaoy"}
{"type":"operationEnd","operationId":"3em3np8dy3peq1v","timestamp":1705184256463,"id":"vfvwnsylg8jwaoh","previousEventId":"1yxsn2qm9vy5kz5","previousOperationId":"oobjmodcnpffaoy"}
{"type":"log","timestamp":1705184256463,"level":"debug","message":"Base url not specified, skipping its injection.","meta":{"rootId":"i0t8sho9e08dfng","id":"i0t8sho9e08dfng"},"id":"xcrqopmyb992o5z","previousOperationId":"3em3np8dy3peq1v"}
{"type":"operationStart","subtype":"engine","name":"handlebars","timestamp":1705184256464,"id":"g3ep11equ97b5sv","previousEventId":"vfvwnsylg8jwaoh","operationId":"1n4smhxmjcgtmnp","previousOperationId":"3em3np8dy3peq1v"}
{"type":"log","timestamp":1705184256464,"level":"debug","message":"Rendering engine handlebars","meta":{"rootId":"i0t8sho9e08dfng","id":"i0t8sho9e08dfng"},"id":"r2nwytzdliz5b9q","previousOperationId":"1n4smhxmjcgtmnp"}
{"type":"operationEnd","operationId":"1n4smhxmjcgtmnp","timestamp":1705184256790,"id":"ty2xk6tma02tlc6","previousEventId":"g3ep11equ97b5sv","previousOperationId":"1n4smhxmjcgtmnp"}
{"type":"operationStart","subtype":"recipe","name":"chrome-pdf","timestamp":1705184256791,"id":"4qihkulvn0kuqxy","previousEventId":"ty2xk6tma02tlc6","operationId":"j1fdgswowvy8ym8","previousOperationId":"1n4smhxmjcgtmnp"}
{"type":"log","timestamp":1705184256791,"level":"debug","message":"Executing recipe chrome-pdf","meta":{"rootId":"i0t8sho9e08dfng","id":"i0t8sho9e08dfng"},"id":"1uzh35je7j3232b","previousOperationId":"j1fdgswowvy8ym8"}
{"type":"log","timestamp":1705184257314,"level":"debug","message":"Converting with chrome HeadlessChrome/117.0.5938.149 using chrome-pool strategy","meta":{"rootId":"i0t8sho9e08dfng","id":"i0t8sho9e08dfng"},"id":"jx3undfz8gigwz6","previousOperationId":"j1fdgswowvy8ym8"}
{"type":"log","timestamp":1705184257450,"level":"debug","message":"Page request: GET (document) file:///C:/Users/Javier/AppData/Local/Temp/jsreport/autocleanup/62455f10-7293-4be6-bc94-252b108c171a-chrome-pdf.html","meta":{"rootId":"i0t8sho9e08dfng","id":"i0t8sho9e08dfng"},"id":"rx5t84bhp9yfpiz","previousOperationId":"j1fdgswowvy8ym8"}
{"type":"log","timestamp":1705184257488,"level":"debug","message":"Page request: GET (stylesheet) https://cdnjs.cloudflare.com/ajax/libs/metro/4.1.5/css/metro.min.css","meta":{"rootId":"i0t8sho9e08dfng","id":"i0t8sho9e08dfng"},"id":"0mdamdizil1xb23","previousOperationId":"j1fdgswowvy8ym8"}
{"type":"log","timestamp":1705184257488,"level":"debug","message":"Page request: GET (script) https://cdnjs.cloudflare.com/ajax/libs/Chart.js/2.7.2/Chart.min.js","meta":{"rootId":"i0t8sho9e08dfng","id":"i0t8sho9e08dfng"},"id":"jfxyjiuqo2nm25q","previousOperationId":"j1fdgswowvy8ym8"}
{"type":"log","timestamp":1705184257489,"level":"debug","message":"Page request finished: GET (document) 200 file:///C:/Users/Javier/AppData/Local/Temp/jsreport/autocleanup/62455f10-7293-4be6-bc94-252b108c171a-chrome-pdf.html","meta":{"rootId":"i0t8sho9e08dfng","id":"i0t8sho9e08dfng"},"id":"gqprakmhsa3eqmn","previousOperationId":"j1fdgswowvy8ym8"}
{"type":"log","timestamp":1705184257694,"level":"debug","message":"Page request finished: GET (stylesheet) 200 https://cdnjs.cloudflare.com/ajax/libs/metro/4.1.5/css/metro.min.css","meta":{"rootId":"i0t8sho9e08dfng","id":"i0t8sho9e08dfng"},"id":"04o94qpbma4fsaq","previousOperationId":"j1fdgswowvy8ym8"}
{"type":"log","timestamp":1705184257698,"level":"debug","message":"Page request finished: GET (script) 200 https://cdnjs.cloudflare.com/ajax/libs/Chart.js/2.7.2/Chart.min.js","meta":{"rootId":"i0t8sho9e08dfng","id":"i0t8sho9e08dfng"},"id":"011dbxlwuev81xi","previousOperationId":"j1fdgswowvy8ym8"}
{"type":"log","timestamp":1705184257760,"level":"debug","message":"Running chrome with params {\"printBackground\":true,\"timeout\":58740,\"margin\":{}}","meta":{"rootId":"i0t8sho9e08dfng","id":"i0t8sho9e08dfng"},"id":"k8lfllj3nc89gr1","previousOperationId":"j1fdgswowvy8ym8"}
{"type":"operationEnd","operationId":"j1fdgswowvy8ym8","timestamp":1705184257863,"id":"1ycb1m6xifk9n41","previousEventId":"4qihkulvn0kuqxy","previousOperationId":"j1fdgswowvy8ym8"}
{"type":"log","timestamp":1705184257864,"level":"debug","message":"Skipping storing report.","meta":{"rootId":"i0t8sho9e08dfng","id":"i0t8sho9e08dfng"},"id":"pwyfnghp136184p","previousOperationId":"j1fdgswowvy8ym8"}
{"type":"log","timestamp":1705184257864,"level":"info","message":"Rendering request 1 finished in 1985 ms","meta":{"rootId":"i0t8sho9e08dfng","id":"i0t8sho9e08dfng"},"id":"dsg1vtmmfh8uob2","previousOperationId":"j1fdgswowvy8ym8"}
{"type":"operationEnd","subtype":"render","operationId":"oobjmodcnpffaoy","timestamp":1705184257864,"id":"laxj3vpf6ruqwsu","previousEventId":"1ycb1m6xifk9n41","previousOperationId":"j1fdgswowvy8ym8"}
{"type":"operationEnd","doDiffs":false,"previousEventId":"v2yasnuj1gr3rze","previousOperationId":"fvjujjteawn50qo","operationId":"fvjujjteawn50qo","timestamp":1705184257869,"id":"g4tcu4xhugtu4ux"}
