{"type":"operationStart","subtype":"profile","data":{"_id":"vP0Ih94mmuERxViy","timestamp":"2024-01-13T22:35:31.121Z","state":"queued","mode":"standard","creationDate":"2024-01-13T22:35:31.123Z","modificationDate":"2024-01-13T22:35:31.123Z","shortid":"2r9oir1","$entitySet":"profiles"},"doDiffs":false,"timestamp":1705185331122,"id":"7xhbo9t3x3uto9c","previousOperationId":null,"operationId":"xcyhum4zq81k2k5"}
{"type":"log","level":"info","message":"Render request 21 queued for execution and waiting for available worker","previousOperationId":"xcyhum4zq81k2k5","timestamp":1705185331122,"id":"fi7s4ck1ey46v6s"}
{"type":"operationStart","subtype":"render","name":"AveragePunctuation","previousOperationId":"xcyhum4zq81k2k5","timestamp":1705185331127,"id":"e2pxk5d110b15ec","previousEventId":"7xhbo9t3x3uto9c","operationId":"8kknbudere2zqjl"}
{"type":"log","timestamp":1705185331127,"level":"info","message":"Starting rendering request 21","meta":{"rootId":"i6bhvmftn29h92f","id":"i6bhvmftn29h92f"},"id":"dq0iele8n644sqx","previousOperationId":"8kknbudere2zqjl"}
{"type":"log","timestamp":1705185331127,"level":"info","message":"Rendering template { name: AveragePunctuation, recipe: chrome-pdf, engine: handlebars, preview: false }","meta":{"rootId":"i6bhvmftn29h92f","id":"i6bhvmftn29h92f"},"id":"wijslmeel3ogxjp","previousOperationId":"8kknbudere2zqjl"}
{"type":"log","timestamp":1705185331128,"level":"debug","message":"Inline data specified.","meta":{"rootId":"i6bhvmftn29h92f","id":"i6bhvmftn29h92f"},"id":"kqfnftxyfg0gbcr","previousOperationId":"8kknbudere2zqjl"}
{"type":"log","timestamp":1705185331130,"level":"debug","message":"Executing script AveragePunctuation-script (beforeRender)","meta":{"rootId":"i6bhvmftn29h92f","id":"i6bhvmftn29h92f"},"id":"w1kobaqbns7z7x9","previousOperationId":"8kknbudere2zqjl"}
{"type":"operationStart","subtype":"scriptsBeforeRender","name":"scripts beforeRender","timestamp":1705185331150,"id":"loklfanwimp8o3r","previousEventId":"e2pxk5d110b15ec","operationId":"yt2fk0vhxxe44ag","previousOperationId":"8kknbudere2zqjl"}
{"type":"operationStart","subtype":"script","name":"scripts AveragePunctuation-script","previousOperationId":"yt2fk0vhxxe44ag","timestamp":1705185331150,"id":"qcgm5u7r0r813wc","previousEventId":"loklfanwimp8o3r","operationId":"qsmmfj9ger4o9ez"}
{"type":"operationEnd","operationId":"qsmmfj9ger4o9ez","timestamp":1705185331166,"id":"5gdi4agbdwc8ip1","previousEventId":"e2pxk5d110b15ec","previousOperationId":"8kknbudere2zqjl"}
{"type":"operationEnd","operationId":"yt2fk0vhxxe44ag","timestamp":1705185331166,"id":"j797zsx555k5qyx","previousEventId":"5gdi4agbdwc8ip1","previousOperationId":"8kknbudere2zqjl"}
{"type":"log","timestamp":1705185331166,"level":"debug","message":"Base url not specified, skipping its injection.","meta":{"rootId":"i6bhvmftn29h92f","id":"i6bhvmftn29h92f"},"id":"q0c51a7mumj10hw","previousOperationId":"yt2fk0vhxxe44ag"}
{"type":"operationStart","subtype":"engine","name":"handlebars","timestamp":1705185331166,"id":"ofal4w3j3ad8nrv","previousEventId":"j797zsx555k5qyx","operationId":"4mc2k94v9cxtn37","previousOperationId":"yt2fk0vhxxe44ag"}
{"type":"log","timestamp":1705185331166,"level":"debug","message":"Rendering engine handlebars","meta":{"rootId":"i6bhvmftn29h92f","id":"i6bhvmftn29h92f"},"id":"8x0i9r9c0fv7hsh","previousOperationId":"4mc2k94v9cxtn37"}
{"type":"operationEnd","operationId":"4mc2k94v9cxtn37","timestamp":1705185331172,"id":"nx0t5retoo9wicu","previousEventId":"ofal4w3j3ad8nrv","previousOperationId":"4mc2k94v9cxtn37"}
{"type":"operationStart","subtype":"recipe","name":"chrome-pdf","timestamp":1705185331173,"id":"ic5vh8vgakidh5m","previousEventId":"nx0t5retoo9wicu","operationId":"1tlusgmy933bz0c","previousOperationId":"4mc2k94v9cxtn37"}
{"type":"log","timestamp":1705185331173,"level":"debug","message":"Executing recipe chrome-pdf","meta":{"rootId":"i6bhvmftn29h92f","id":"i6bhvmftn29h92f"},"id":"hyrfemstoewytbr","previousOperationId":"1tlusgmy933bz0c"}
{"type":"log","timestamp":1705185331174,"level":"debug","message":"Converting with chrome HeadlessChrome/117.0.5938.149 using chrome-pool strategy","meta":{"rootId":"i6bhvmftn29h92f","id":"i6bhvmftn29h92f"},"id":"vgf7p6279ygds4z","previousOperationId":"1tlusgmy933bz0c"}
{"type":"log","timestamp":1705185331256,"level":"debug","message":"Page request: GET (document) file:///C:/Users/Javier/AppData/Local/Temp/jsreport/autocleanup/cdcc3007-639a-4ed6-96b0-d922e1b093b2-chrome-pdf.html","meta":{"rootId":"i6bhvmftn29h92f","id":"i6bhvmftn29h92f"},"id":"hq2rmd32kegiev4","previousOperationId":"1tlusgmy933bz0c"}
{"type":"log","timestamp":1705185331293,"level":"debug","message":"Page request: GET (stylesheet) https://cdnjs.cloudflare.com/ajax/libs/metro/4.1.5/css/metro.min.css","meta":{"rootId":"i6bhvmftn29h92f","id":"i6bhvmftn29h92f"},"id":"lf0334rcpusuiyi","previousOperationId":"1tlusgmy933bz0c"}
{"type":"log","timestamp":1705185331293,"level":"debug","message":"Page request: GET (script) https://cdnjs.cloudflare.com/ajax/libs/Chart.js/2.7.2/Chart.min.js","meta":{"rootId":"i6bhvmftn29h92f","id":"i6bhvmftn29h92f"},"id":"c50arfwb752jnle","previousOperationId":"1tlusgmy933bz0c"}
{"type":"log","timestamp":1705185331294,"level":"debug","message":"Page request finished: GET (document) 200 file:///C:/Users/Javier/AppData/Local/Temp/jsreport/autocleanup/cdcc3007-639a-4ed6-96b0-d922e1b093b2-chrome-pdf.html","meta":{"rootId":"i6bhvmftn29h92f","id":"i6bhvmftn29h92f"},"id":"jf6fm2sp5wz9toa","previousOperationId":"1tlusgmy933bz0c"}
{"type":"log","timestamp":1705185331298,"level":"debug","message":"Page request finished: GET (script) 200 https://cdnjs.cloudflare.com/ajax/libs/Chart.js/2.7.2/Chart.min.js","meta":{"rootId":"i6bhvmftn29h92f","id":"i6bhvmftn29h92f"},"id":"2rlqq1kl3c2pa9y","previousOperationId":"1tlusgmy933bz0c"}
{"type":"log","timestamp":1705185331309,"level":"debug","message":"Page request finished: GET (stylesheet) 200 https://cdnjs.cloudflare.com/ajax/libs/metro/4.1.5/css/metro.min.css","meta":{"rootId":"i6bhvmftn29h92f","id":"i6bhvmftn29h92f"},"id":"p883kh5khp32dbi","previousOperationId":"1tlusgmy933bz0c"}
{"type":"log","timestamp":1705185331365,"level":"debug","message":"Running chrome with params {\"printBackground\":true,\"timeout\":59947,\"margin\":{}}","meta":{"rootId":"i6bhvmftn29h92f","id":"i6bhvmftn29h92f"},"id":"nt228z4t7ackszc","previousOperationId":"1tlusgmy933bz0c"}
{"type":"operationEnd","operationId":"1tlusgmy933bz0c","timestamp":1705185331454,"id":"4pogeuneu8cd2ub","previousEventId":"ic5vh8vgakidh5m","previousOperationId":"1tlusgmy933bz0c"}
{"type":"log","timestamp":1705185331454,"level":"debug","message":"Skipping storing report.","meta":{"rootId":"i6bhvmftn29h92f","id":"i6bhvmftn29h92f"},"id":"4qbmif7evluze8o","previousOperationId":"1tlusgmy933bz0c"}
{"type":"log","timestamp":1705185331454,"level":"info","message":"Rendering request 21 finished in 333 ms","meta":{"rootId":"i6bhvmftn29h92f","id":"i6bhvmftn29h92f"},"id":"xkcp8vkkh33min3","previousOperationId":"1tlusgmy933bz0c"}
{"type":"operationEnd","subtype":"render","operationId":"8kknbudere2zqjl","timestamp":1705185331454,"id":"zp22dejkv3mt92o","previousEventId":"4pogeuneu8cd2ub","previousOperationId":"1tlusgmy933bz0c"}
{"type":"operationEnd","doDiffs":false,"previousEventId":"7xhbo9t3x3uto9c","previousOperationId":"xcyhum4zq81k2k5","operationId":"xcyhum4zq81k2k5","timestamp":1705185331456,"id":"wwwblyduebynver"}
