{"type":"operationStart","subtype":"profile","data":{"_id":"EPv85fUqs3sGGwMr","timestamp":"2024-01-11T19:20:08.267Z","state":"queued","mode":"standard","creationDate":"2024-01-11T19:20:08.269Z","modificationDate":"2024-01-11T19:20:08.269Z","shortid":"LoOotVE","$entitySet":"profiles"},"doDiffs":false,"timestamp":1705000808268,"id":"p35s60760gfl41u","previousOperationId":null,"operationId":"zb0tfldjhyagskj"}
{"type":"log","level":"info","message":"Render request 6 queued for execution and waiting for available worker","previousOperationId":"zb0tfldjhyagskj","timestamp":1705000808268,"id":"sb8as3eutielp12"}
{"type":"operationStart","subtype":"render","name":"AveragePunctuation","previousOperationId":"zb0tfldjhyagskj","timestamp":1705000829160,"id":"kvmg2qljuhbl3ls","previousEventId":"p35s60760gfl41u","operationId":"atqb53oyuv8qhzz"}
{"type":"log","timestamp":1705000829160,"level":"info","message":"Starting rendering request 6","meta":{"rootId":"idffyav27rwzqxd","id":"idffyav27rwzqxd"},"id":"bwx5be1bnek3dvu","previousOperationId":"atqb53oyuv8qhzz"}
{"type":"log","timestamp":1705000829160,"level":"info","message":"Rendering template { name: AveragePunctuation, recipe: chrome-pdf, engine: handlebars, preview: false }","meta":{"rootId":"idffyav27rwzqxd","id":"idffyav27rwzqxd"},"id":"xodtby0e9j5rqtc","previousOperationId":"atqb53oyuv8qhzz"}
{"type":"log","timestamp":1705000829161,"level":"debug","message":"Inline data specified.","meta":{"rootId":"idffyav27rwzqxd","id":"idffyav27rwzqxd"},"id":"mflx0vsaf0sfkfk","previousOperationId":"atqb53oyuv8qhzz"}
{"type":"log","timestamp":1705000829162,"level":"debug","message":"Executing script AveragePunctuation-script (beforeRender)","meta":{"rootId":"idffyav27rwzqxd","id":"idffyav27rwzqxd"},"id":"w9hdd89f99n0nc9","previousOperationId":"atqb53oyuv8qhzz"}
{"type":"operationStart","subtype":"scriptsBeforeRender","name":"scripts beforeRender","timestamp":1705000829174,"id":"8h7hwyswipbyexf","previousEventId":"kvmg2qljuhbl3ls","operationId":"792o6ti7ssbkwit","previousOperationId":"atqb53oyuv8qhzz"}
{"type":"operationStart","subtype":"script","name":"scripts AveragePunctuation-script","previousOperationId":"792o6ti7ssbkwit","timestamp":1705000829174,"id":"m8i1etk3kchf1fq","previousEventId":"8h7hwyswipbyexf","operationId":"j3zl6tbw2zm522w"}
{"type":"operationEnd","operationId":"j3zl6tbw2zm522w","timestamp":1705000829187,"id":"2s68a57nvdwde4k","previousEventId":"kvmg2qljuhbl3ls","previousOperationId":"atqb53oyuv8qhzz"}
{"type":"operationEnd","operationId":"792o6ti7ssbkwit","timestamp":1705000829187,"id":"h2deawwdljpyquj","previousEventId":"2s68a57nvdwde4k","previousOperationId":"atqb53oyuv8qhzz"}
{"type":"log","timestamp":1705000829187,"level":"debug","message":"Base url not specified, skipping its injection.","meta":{"rootId":"idffyav27rwzqxd","id":"idffyav27rwzqxd"},"id":"6as7tbe8fchfoyt","previousOperationId":"792o6ti7ssbkwit"}
{"type":"operationStart","subtype":"engine","name":"handlebars","timestamp":1705000829187,"id":"7ckz2ry9zuj1j1c","previousEventId":"h2deawwdljpyquj","operationId":"fv7tchq4hzikvef","previousOperationId":"792o6ti7ssbkwit"}
{"type":"log","timestamp":1705000829187,"level":"debug","message":"Rendering engine handlebars","meta":{"rootId":"idffyav27rwzqxd","id":"idffyav27rwzqxd"},"id":"cnawodqad63xpo2","previousOperationId":"fv7tchq4hzikvef"}
{"type":"operationEnd","operationId":"fv7tchq4hzikvef","timestamp":1705000829193,"id":"31hooq5zpi59wbi","previousEventId":"7ckz2ry9zuj1j1c","previousOperationId":"fv7tchq4hzikvef"}
{"type":"operationStart","subtype":"recipe","name":"chrome-pdf","timestamp":1705000829194,"id":"3v0ufiewa6qtw04","previousEventId":"31hooq5zpi59wbi","operationId":"uyhqfjlbeap1n2j","previousOperationId":"fv7tchq4hzikvef"}
{"type":"log","timestamp":1705000829194,"level":"debug","message":"Executing recipe chrome-pdf","meta":{"rootId":"idffyav27rwzqxd","id":"idffyav27rwzqxd"},"id":"n43o01ochdb1nc6","previousOperationId":"uyhqfjlbeap1n2j"}
{"type":"log","timestamp":1705000829201,"level":"debug","message":"Converting with chrome HeadlessChrome/117.0.5938.149 using chrome-pool strategy","meta":{"rootId":"idffyav27rwzqxd","id":"idffyav27rwzqxd"},"id":"jtuf90r9e6rwmvf","previousOperationId":"uyhqfjlbeap1n2j"}
{"type":"log","timestamp":1705000829270,"level":"debug","message":"Page request: GET (document) file:///C:/Users/Javier/AppData/Local/Temp/jsreport/autocleanup/37110db0-b5fc-47ad-a6f8-e6bdc9b50018-chrome-pdf.html","meta":{"rootId":"idffyav27rwzqxd","id":"idffyav27rwzqxd"},"id":"t4h23wthatej15m","previousOperationId":"uyhqfjlbeap1n2j"}
{"type":"log","timestamp":1705000829276,"level":"debug","message":"Page request finished: GET (document) 200 file:///C:/Users/Javier/AppData/Local/Temp/jsreport/autocleanup/37110db0-b5fc-47ad-a6f8-e6bdc9b50018-chrome-pdf.html","meta":{"rootId":"idffyav27rwzqxd","id":"idffyav27rwzqxd"},"id":"2j2jwfdnzoe42nh","previousOperationId":"uyhqfjlbeap1n2j"}
{"type":"log","timestamp":1705000829279,"level":"debug","message":"Running chrome with params {\"printBackground\":true,\"timeout\":39066,\"margin\":{}}","meta":{"rootId":"idffyav27rwzqxd","id":"idffyav27rwzqxd"},"id":"z5d7hvx8ik12qs3","previousOperationId":"uyhqfjlbeap1n2j"}
{"type":"operationEnd","operationId":"uyhqfjlbeap1n2j","timestamp":1705000829289,"id":"aa8f7uw8tcnbsdp","previousEventId":"3v0ufiewa6qtw04","previousOperationId":"uyhqfjlbeap1n2j"}
{"type":"log","timestamp":1705000829289,"level":"debug","message":"Skipping storing report.","meta":{"rootId":"idffyav27rwzqxd","id":"idffyav27rwzqxd"},"id":"xnomc2gf0pn9e0a","previousOperationId":"uyhqfjlbeap1n2j"}
{"type":"log","timestamp":1705000829289,"level":"info","message":"Rendering request 6 finished in 21022 ms","meta":{"rootId":"idffyav27rwzqxd","id":"idffyav27rwzqxd"},"id":"jf14fsscx2r72r1","previousOperationId":"uyhqfjlbeap1n2j"}
{"type":"operationEnd","subtype":"render","operationId":"atqb53oyuv8qhzz","timestamp":1705000829289,"id":"h7c7urfbf29x7ps","previousEventId":"aa8f7uw8tcnbsdp","previousOperationId":"uyhqfjlbeap1n2j"}
{"type":"operationEnd","doDiffs":false,"previousEventId":"p35s60760gfl41u","previousOperationId":"zb0tfldjhyagskj","operationId":"zb0tfldjhyagskj","timestamp":1705000829293,"id":"d41kvm8f1mv0kfy"}
