{"type":"operationStart","subtype":"profile","data":{"_id":"e3JHeVWX3pkRFNKx","timestamp":"2024-01-13T22:05:45.034Z","state":"queued","mode":"standard","creationDate":"2024-01-13T22:05:45.037Z","modificationDate":"2024-01-13T22:05:45.037Z","shortid":"NliRQGF","$entitySet":"profiles"},"doDiffs":false,"timestamp":1705183545035,"id":"6iv4zukmlrz2ajm","previousOperationId":null,"operationId":"8xnzcen6xe5mgio"}
{"type":"log","level":"info","message":"Render request 5 queued for execution and waiting for available worker","previousOperationId":"8xnzcen6xe5mgio","timestamp":1705183545035,"id":"dhvz05txrthth4f"}
{"type":"operationStart","subtype":"render","name":"AveragePunctuation","previousOperationId":"8xnzcen6xe5mgio","timestamp":1705183545043,"id":"jp5bjs9lv7v1w8z","previousEventId":"6iv4zukmlrz2ajm","operationId":"fixiyloyb8eb19w"}
{"type":"log","timestamp":1705183545044,"level":"info","message":"Starting rendering request 5","meta":{"rootId":"ie7lggrvz9fq4te","id":"ie7lggrvz9fq4te"},"id":"9m0dhrghrspyagd","previousOperationId":"fixiyloyb8eb19w"}
{"type":"log","timestamp":1705183545044,"level":"info","message":"Rendering template { name: AveragePunctuation, recipe: chrome-pdf, engine: handlebars, preview: false }","meta":{"rootId":"ie7lggrvz9fq4te","id":"ie7lggrvz9fq4te"},"id":"lxy0j8090q7yw4r","previousOperationId":"fixiyloyb8eb19w"}
{"type":"log","timestamp":1705183545045,"level":"debug","message":"Inline data specified.","meta":{"rootId":"ie7lggrvz9fq4te","id":"ie7lggrvz9fq4te"},"id":"xjzd8m5hr0rojna","previousOperationId":"fixiyloyb8eb19w"}
{"type":"log","timestamp":1705183545050,"level":"debug","message":"Executing script AveragePunctuation-script (beforeRender)","meta":{"rootId":"ie7lggrvz9fq4te","id":"ie7lggrvz9fq4te"},"id":"hptuu8rj26kt36m","previousOperationId":"fixiyloyb8eb19w"}
{"type":"operationStart","subtype":"scriptsBeforeRender","name":"scripts beforeRender","timestamp":1705183545069,"id":"v2ayiqvc34pmp6d","previousEventId":"jp5bjs9lv7v1w8z","operationId":"c05w9e84o5qqf4a","previousOperationId":"fixiyloyb8eb19w"}
{"type":"operationStart","subtype":"script","name":"scripts AveragePunctuation-script","previousOperationId":"c05w9e84o5qqf4a","timestamp":1705183545069,"id":"z0d904fs3dhwx0t","previousEventId":"v2ayiqvc34pmp6d","operationId":"g3866fui23v2bch"}
{"type":"operationEnd","operationId":"g3866fui23v2bch","timestamp":1705183545086,"id":"3epad6v1bt704zt","previousEventId":"jp5bjs9lv7v1w8z","previousOperationId":"fixiyloyb8eb19w"}
{"type":"operationEnd","operationId":"c05w9e84o5qqf4a","timestamp":1705183545086,"id":"b1e0gd1meisen1l","previousEventId":"3epad6v1bt704zt","previousOperationId":"fixiyloyb8eb19w"}
{"type":"log","timestamp":1705183545086,"level":"debug","message":"Base url not specified, skipping its injection.","meta":{"rootId":"ie7lggrvz9fq4te","id":"ie7lggrvz9fq4te"},"id":"cpt2g65ihb26i1i","previousOperationId":"c05w9e84o5qqf4a"}
{"type":"operationStart","subtype":"engine","name":"handlebars","timestamp":1705183545086,"id":"62z1uuk48htfsuc","previousEventId":"b1e0gd1meisen1l","operationId":"055higbevbk71az","previousOperationId":"c05w9e84o5qqf4a"}
{"type":"log","timestamp":1705183545086,"level":"debug","message":"Rendering engine handlebars","meta":{"rootId":"ie7lggrvz9fq4te","id":"ie7lggrvz9fq4te"},"id":"zky142opyf4oq22","previousOperationId":"055higbevbk71az"}
{"type":"operationEnd","operationId":"055higbevbk71az","timestamp":1705183545099,"id":"k769le4oi8sezzb","previousEventId":"62z1uuk48htfsuc","previousOperationId":"055higbevbk71az"}
{"type":"operationStart","subtype":"recipe","name":"chrome-pdf","timestamp":1705183545099,"id":"wlzb76oaop7blw4","previousEventId":"k769le4oi8sezzb","operationId":"jar4ky5fbz3k21c","previousOperationId":"055higbevbk71az"}
{"type":"log","timestamp":1705183545099,"level":"debug","message":"Executing recipe chrome-pdf","meta":{"rootId":"ie7lggrvz9fq4te","id":"ie7lggrvz9fq4te"},"id":"jujxd2oh5sw7ybw","previousOperationId":"jar4ky5fbz3k21c"}
{"type":"log","timestamp":1705183545103,"level":"debug","message":"Converting with chrome HeadlessChrome/117.0.5938.149 using chrome-pool strategy","meta":{"rootId":"ie7lggrvz9fq4te","id":"ie7lggrvz9fq4te"},"id":"lhgk2axu2vtt1of","previousOperationId":"jar4ky5fbz3k21c"}
{"type":"log","timestamp":1705183545210,"level":"debug","message":"Page request: GET (document) file:///C:/Users/Javier/AppData/Local/Temp/jsreport/autocleanup/28028f16-436b-40e2-9930-b2876313965f-chrome-pdf.html","meta":{"rootId":"ie7lggrvz9fq4te","id":"ie7lggrvz9fq4te"},"id":"rjrrmfbwt27085e","previousOperationId":"jar4ky5fbz3k21c"}
{"type":"log","timestamp":1705183545259,"level":"debug","message":"Page request: GET (stylesheet) https://cdnjs.cloudflare.com/ajax/libs/metro/4.1.5/css/metro.min.css","meta":{"rootId":"ie7lggrvz9fq4te","id":"ie7lggrvz9fq4te"},"id":"mvp68aixzejj4ed","previousOperationId":"jar4ky5fbz3k21c"}
{"type":"log","timestamp":1705183545260,"level":"debug","message":"Page request: GET (script) https://cdnjs.cloudflare.com/ajax/libs/Chart.js/2.7.2/Chart.min.js","meta":{"rootId":"ie7lggrvz9fq4te","id":"ie7lggrvz9fq4te"},"id":"2qdyhx5ole2f8ng","previousOperationId":"jar4ky5fbz3k21c"}
{"type":"log","timestamp":1705183545260,"level":"debug","message":"Page request finished: GET (document) 200 file:///C:/Users/Javier/AppData/Local/Temp/jsreport/autocleanup/28028f16-436b-40e2-9930-b2876313965f-chrome-pdf.html","meta":{"rootId":"ie7lggrvz9fq4te","id":"ie7lggrvz9fq4te"},"id":"3pk4mpvf6up8ni2","previousOperationId":"jar4ky5fbz3k21c"}
{"type":"log","timestamp":1705183545265,"level":"debug","message":"Page request finished: GET (script) 200 https://cdnjs.cloudflare.com/ajax/libs/Chart.js/2.7.2/Chart.min.js","meta":{"rootId":"ie7lggrvz9fq4te","id":"ie7lggrvz9fq4te"},"id":"yytjt27exd8r36m","previousOperationId":"jar4ky5fbz3k21c"}
{"type":"log","timestamp":1705183545276,"level":"debug","message":"Page request finished: GET (stylesheet) 200 https://cdnjs.cloudflare.com/ajax/libs/metro/4.1.5/css/metro.min.css","meta":{"rootId":"ie7lggrvz9fq4te","id":"ie7lggrvz9fq4te"},"id":"4piqeil959hda8d","previousOperationId":"jar4ky5fbz3k21c"}
{"type":"log","timestamp":1705183545341,"level":"debug","message":"Running chrome with params {\"printBackground\":true,\"timeout\":59932,\"margin\":{}}","meta":{"rootId":"ie7lggrvz9fq4te","id":"ie7lggrvz9fq4te"},"id":"7zmwcu1o1c4zbjd","previousOperationId":"jar4ky5fbz3k21c"}
{"type":"operationEnd","operationId":"jar4ky5fbz3k21c","timestamp":1705183545444,"id":"scvo9ee5wyke611","previousEventId":"wlzb76oaop7blw4","previousOperationId":"jar4ky5fbz3k21c"}
{"type":"log","timestamp":1705183545444,"level":"debug","message":"Skipping storing report.","meta":{"rootId":"ie7lggrvz9fq4te","id":"ie7lggrvz9fq4te"},"id":"7iw583ichft30qm","previousOperationId":"jar4ky5fbz3k21c"}
{"type":"log","timestamp":1705183545444,"level":"info","message":"Rendering request 5 finished in 411 ms","meta":{"rootId":"ie7lggrvz9fq4te","id":"ie7lggrvz9fq4te"},"id":"nzdqu8u3c8i29d8","previousOperationId":"jar4ky5fbz3k21c"}
{"type":"operationEnd","subtype":"render","operationId":"fixiyloyb8eb19w","timestamp":1705183545444,"id":"v4ij9ft9nltt3l9","previousEventId":"scvo9ee5wyke611","previousOperationId":"jar4ky5fbz3k21c"}
{"type":"operationEnd","doDiffs":false,"previousEventId":"6iv4zukmlrz2ajm","previousOperationId":"8xnzcen6xe5mgio","operationId":"8xnzcen6xe5mgio","timestamp":1705183545446,"id":"f6bkepe034bwhz2"}
