{"type":"operationStart","subtype":"profile","data":{"_id":"GhNIUS08krVRp2og","timestamp":"2024-01-11T19:22:54.873Z","state":"queued","mode":"standard","creationDate":"2024-01-11T19:22:54.874Z","modificationDate":"2024-01-11T19:22:54.874Z","shortid":"ht6MiIo","$entitySet":"profiles"},"doDiffs":false,"timestamp":1705000974874,"id":"9zz96vvpvvhfdte","previousOperationId":null,"operationId":"mi016xji56gpsaz"}
{"type":"log","level":"info","message":"Render request 14 queued for execution and waiting for available worker","previousOperationId":"mi016xji56gpsaz","timestamp":1705000974874,"id":"2uo7g3e2qf2di7z"}
{"type":"operationStart","subtype":"render","name":"AveragePunctuation","previousOperationId":"mi016xji56gpsaz","timestamp":1705000974878,"id":"pwttkh3a0hdgseb","previousEventId":"9zz96vvpvvhfdte","operationId":"yyykade7a7x2ajm"}
{"type":"log","timestamp":1705000974878,"level":"info","message":"Starting rendering request 14","meta":{"rootId":"ijo1jlhz7rm2dyl","id":"ijo1jlhz7rm2dyl"},"id":"n4gcnerjmvystes","previousOperationId":"yyykade7a7x2ajm"}
{"type":"log","timestamp":1705000974878,"level":"info","message":"Rendering template { name: AveragePunctuation, recipe: chrome-pdf, engine: handlebars, preview: false }","meta":{"rootId":"ijo1jlhz7rm2dyl","id":"ijo1jlhz7rm2dyl"},"id":"4qt4o09resz0llr","previousOperationId":"yyykade7a7x2ajm"}
{"type":"log","timestamp":1705000974878,"level":"debug","message":"Inline data specified.","meta":{"rootId":"ijo1jlhz7rm2dyl","id":"ijo1jlhz7rm2dyl"},"id":"2q4vipu4k4b6mr1","previousOperationId":"yyykade7a7x2ajm"}
{"type":"log","timestamp":1705000974880,"level":"debug","message":"Executing script AveragePunctuation-script (beforeRender)","meta":{"rootId":"ijo1jlhz7rm2dyl","id":"ijo1jlhz7rm2dyl"},"id":"5e7o8rf7j2twhto","previousOperationId":"yyykade7a7x2ajm"}
{"type":"operationStart","subtype":"scriptsBeforeRender","name":"scripts beforeRender","timestamp":1705000974892,"id":"2uk8bpfl2fazx96","previousEventId":"pwttkh3a0hdgseb","operationId":"rxzyy8lvl0wwss7","previousOperationId":"yyykade7a7x2ajm"}
{"type":"operationStart","subtype":"script","name":"scripts AveragePunctuation-script","previousOperationId":"rxzyy8lvl0wwss7","timestamp":1705000974892,"id":"mavj5r71uc7esol","previousEventId":"2uk8bpfl2fazx96","operationId":"mcbnwjlnupkkote"}
{"type":"operationEnd","operationId":"mcbnwjlnupkkote","timestamp":1705000974905,"id":"570rcs1o1kvz9ia","previousEventId":"pwttkh3a0hdgseb","previousOperationId":"yyykade7a7x2ajm"}
{"type":"operationEnd","operationId":"rxzyy8lvl0wwss7","timestamp":1705000974905,"id":"mtw5i2fkqfsd1ci","previousEventId":"570rcs1o1kvz9ia","previousOperationId":"yyykade7a7x2ajm"}
{"type":"log","timestamp":1705000974905,"level":"debug","message":"Base url not specified, skipping its injection.","meta":{"rootId":"ijo1jlhz7rm2dyl","id":"ijo1jlhz7rm2dyl"},"id":"416bbd99ljocaij","previousOperationId":"rxzyy8lvl0wwss7"}
{"type":"operationStart","subtype":"engine","name":"handlebars","timestamp":1705000974905,"id":"fyd2hlfu6xmv0yn","previousEventId":"mtw5i2fkqfsd1ci","operationId":"cwsz05vpsrt6fu8","previousOperationId":"rxzyy8lvl0wwss7"}
{"type":"log","timestamp":1705000974905,"level":"debug","message":"Rendering engine handlebars","meta":{"rootId":"ijo1jlhz7rm2dyl","id":"ijo1jlhz7rm2dyl"},"id":"x16avh08e7kkqg8","previousOperationId":"cwsz05vpsrt6fu8"}
{"type":"operationEnd","operationId":"cwsz05vpsrt6fu8","timestamp":1705000974911,"id":"ycc1t9qu7itsrr5","previousEventId":"fyd2hlfu6xmv0yn","previousOperationId":"cwsz05vpsrt6fu8"}
{"type":"operationStart","subtype":"recipe","name":"chrome-pdf","timestamp":1705000974911,"id":"krhtikjf5t5y6fr","previousEventId":"ycc1t9qu7itsrr5","operationId":"2um8o2uqw6x0z12","previousOperationId":"cwsz05vpsrt6fu8"}
{"type":"log","timestamp":1705000974911,"level":"debug","message":"Executing recipe chrome-pdf","meta":{"rootId":"ijo1jlhz7rm2dyl","id":"ijo1jlhz7rm2dyl"},"id":"toclz6d9wcf9m1j","previousOperationId":"2um8o2uqw6x0z12"}
{"type":"log","timestamp":1705000974912,"level":"debug","message":"Converting with chrome HeadlessChrome/117.0.5938.149 using chrome-pool strategy","meta":{"rootId":"ijo1jlhz7rm2dyl","id":"ijo1jlhz7rm2dyl"},"id":"q7dz1k3lut8kkry","previousOperationId":"2um8o2uqw6x0z12"}
{"type":"log","timestamp":1705000974985,"level":"debug","message":"Page request: GET (document) file:///C:/Users/Javier/AppData/Local/Temp/jsreport/autocleanup/3c2aa72e-fa27-4765-9e09-8acceb556670-chrome-pdf.html","meta":{"rootId":"ijo1jlhz7rm2dyl","id":"ijo1jlhz7rm2dyl"},"id":"8qqm1h6jegfiox1","previousOperationId":"2um8o2uqw6x0z12"}
{"type":"log","timestamp":1705000974991,"level":"debug","message":"Page request finished: GET (document) 200 file:///C:/Users/Javier/AppData/Local/Temp/jsreport/autocleanup/3c2aa72e-fa27-4765-9e09-8acceb556670-chrome-pdf.html","meta":{"rootId":"ijo1jlhz7rm2dyl","id":"ijo1jlhz7rm2dyl"},"id":"4uu3l77g0629fwi","previousOperationId":"2um8o2uqw6x0z12"}
{"type":"log","timestamp":1705000974994,"level":"debug","message":"Running chrome with params {\"printBackground\":true,\"timeout\":59962,\"margin\":{}}","meta":{"rootId":"ijo1jlhz7rm2dyl","id":"ijo1jlhz7rm2dyl"},"id":"1eo75tr6sosg09w","previousOperationId":"2um8o2uqw6x0z12"}
{"type":"operationEnd","operationId":"2um8o2uqw6x0z12","timestamp":1705000975005,"id":"l7g5kyskt2rrrbv","previousEventId":"krhtikjf5t5y6fr","previousOperationId":"2um8o2uqw6x0z12"}
{"type":"log","timestamp":1705000975005,"level":"debug","message":"Skipping storing report.","meta":{"rootId":"ijo1jlhz7rm2dyl","id":"ijo1jlhz7rm2dyl"},"id":"sb8bp6kiqhabmu5","previousOperationId":"2um8o2uqw6x0z12"}
{"type":"log","timestamp":1705000975005,"level":"info","message":"Rendering request 14 finished in 132 ms","meta":{"rootId":"ijo1jlhz7rm2dyl","id":"ijo1jlhz7rm2dyl"},"id":"9ctzy1jxhj35ptr","previousOperationId":"2um8o2uqw6x0z12"}
{"type":"operationEnd","subtype":"render","operationId":"yyykade7a7x2ajm","timestamp":1705000975005,"id":"j6507cn6smxp3g5","previousEventId":"l7g5kyskt2rrrbv","previousOperationId":"2um8o2uqw6x0z12"}
{"type":"operationEnd","doDiffs":false,"previousEventId":"9zz96vvpvvhfdte","previousOperationId":"mi016xji56gpsaz","operationId":"mi016xji56gpsaz","timestamp":1705000975009,"id":"2ap9zg6q4vuzg6c"}
