{"type":"operationStart","subtype":"profile","data":{"_id":"ucqw7e3GfrPCMsYK","timestamp":"2024-01-13T14:24:24.743Z","state":"queued","mode":"standard","creationDate":"2024-01-13T14:24:24.744Z","modificationDate":"2024-01-13T14:24:24.744Z","shortid":"F0vXw75","$entitySet":"profiles"},"doDiffs":false,"timestamp":1705155864743,"id":"dkq1yh8t0n87b5p","previousOperationId":null,"operationId":"zgep73bz9np2jid"}
{"type":"log","level":"info","message":"Render request 24 queued for execution and waiting for available worker","previousOperationId":"zgep73bz9np2jid","timestamp":1705155864743,"id":"g49p1fcmtl4z48k"}
{"type":"operationStart","subtype":"render","name":"AveragePunctuation","previousOperationId":"zgep73bz9np2jid","timestamp":1705155864748,"id":"mndmzimtxk2svs4","previousEventId":"dkq1yh8t0n87b5p","operationId":"e8tncoxqvgtpf0v"}
{"type":"log","timestamp":1705155864748,"level":"info","message":"Starting rendering request 24","meta":{"rootId":"ijo4d97mfui1y33","id":"ijo4d97mfui1y33"},"id":"0gau392wopzil41","previousOperationId":"e8tncoxqvgtpf0v"}
{"type":"log","timestamp":1705155864748,"level":"info","message":"Rendering template { name: AveragePunctuation, recipe: chrome-pdf, engine: handlebars, preview: false }","meta":{"rootId":"ijo4d97mfui1y33","id":"ijo4d97mfui1y33"},"id":"jxx61ehk53ewawa","previousOperationId":"e8tncoxqvgtpf0v"}
{"type":"log","timestamp":1705155864749,"level":"debug","message":"Inline data specified.","meta":{"rootId":"ijo4d97mfui1y33","id":"ijo4d97mfui1y33"},"id":"um5y35u6k11lsoc","previousOperationId":"e8tncoxqvgtpf0v"}
{"type":"log","timestamp":1705155864750,"level":"debug","message":"Executing script AveragePunctuation-script (beforeRender)","meta":{"rootId":"ijo4d97mfui1y33","id":"ijo4d97mfui1y33"},"id":"mzjnam5nqanf3a7","previousOperationId":"e8tncoxqvgtpf0v"}
{"type":"operationStart","subtype":"scriptsBeforeRender","name":"scripts beforeRender","timestamp":1705155864768,"id":"7c5z6977vc0ylf2","previousEventId":"mndmzimtxk2svs4","operationId":"2bf4vadqxq9p0vp","previousOperationId":"e8tncoxqvgtpf0v"}
{"type":"operationStart","subtype":"script","name":"scripts AveragePunctuation-script","previousOperationId":"2bf4vadqxq9p0vp","timestamp":1705155864768,"id":"rv8oirqjn2t5xsc","previousEventId":"7c5z6977vc0ylf2","operationId":"luyx091esk2j4sh"}
{"type":"operationEnd","operationId":"luyx091esk2j4sh","timestamp":1705155864780,"id":"9e9k87ilqf4982g","previousEventId":"mndmzimtxk2svs4","previousOperationId":"e8tncoxqvgtpf0v"}
{"type":"operationEnd","operationId":"2bf4vadqxq9p0vp","timestamp":1705155864780,"id":"4mjjl598dk35ruz","previousEventId":"9e9k87ilqf4982g","previousOperationId":"e8tncoxqvgtpf0v"}
{"type":"log","timestamp":1705155864780,"level":"debug","message":"Base url not specified, skipping its injection.","meta":{"rootId":"ijo4d97mfui1y33","id":"ijo4d97mfui1y33"},"id":"cjx4390us2st9l3","previousOperationId":"2bf4vadqxq9p0vp"}
{"type":"operationStart","subtype":"engine","name":"handlebars","timestamp":1705155864780,"id":"loiobsuatg4st2f","previousEventId":"4mjjl598dk35ruz","operationId":"pwdukspzj5mptb5","previousOperationId":"2bf4vadqxq9p0vp"}
{"type":"log","timestamp":1705155864780,"level":"debug","message":"Rendering engine handlebars","meta":{"rootId":"ijo4d97mfui1y33","id":"ijo4d97mfui1y33"},"id":"vcu1u46yshro8p5","previousOperationId":"pwdukspzj5mptb5"}
{"type":"operationEnd","operationId":"pwdukspzj5mptb5","timestamp":1705155864790,"id":"p7rmgp3qtmdg6r0","previousEventId":"loiobsuatg4st2f","previousOperationId":"pwdukspzj5mptb5"}
{"type":"operationStart","subtype":"recipe","name":"chrome-pdf","timestamp":1705155864791,"id":"s85dxpwat5kxmb6","previousEventId":"p7rmgp3qtmdg6r0","operationId":"e83hhx410du2k75","previousOperationId":"pwdukspzj5mptb5"}
{"type":"log","timestamp":1705155864791,"level":"debug","message":"Executing recipe chrome-pdf","meta":{"rootId":"ijo4d97mfui1y33","id":"ijo4d97mfui1y33"},"id":"c60t8oxt9dqkyc1","previousOperationId":"e83hhx410du2k75"}
{"type":"log","timestamp":1705155864793,"level":"debug","message":"Converting with chrome HeadlessChrome/117.0.5938.149 using chrome-pool strategy","meta":{"rootId":"ijo4d97mfui1y33","id":"ijo4d97mfui1y33"},"id":"t9ro0xds5cshvtf","previousOperationId":"e83hhx410du2k75"}
{"type":"log","timestamp":1705155864866,"level":"debug","message":"Page request: GET (document) file:///C:/Users/Javier/AppData/Local/Temp/jsreport/autocleanup/307747ce-037e-451d-9db9-87339dea9077-chrome-pdf.html","meta":{"rootId":"ijo4d97mfui1y33","id":"ijo4d97mfui1y33"},"id":"ovd5fa7138vq9qm","previousOperationId":"e83hhx410du2k75"}
{"type":"log","timestamp":1705155864908,"level":"debug","message":"Page request: GET (stylesheet) https://cdnjs.cloudflare.com/ajax/libs/metro/4.1.5/css/metro.min.css","meta":{"rootId":"ijo4d97mfui1y33","id":"ijo4d97mfui1y33"},"id":"bo39jhwqr3zal7c","previousOperationId":"e83hhx410du2k75"}
{"type":"log","timestamp":1705155864909,"level":"debug","message":"Page request: GET (script) https://cdnjs.cloudflare.com/ajax/libs/Chart.js/2.7.2/Chart.min.js","meta":{"rootId":"ijo4d97mfui1y33","id":"ijo4d97mfui1y33"},"id":"r24ingfdqi6e93f","previousOperationId":"e83hhx410du2k75"}
{"type":"log","timestamp":1705155864909,"level":"debug","message":"Page request finished: GET (document) 200 file:///C:/Users/Javier/AppData/Local/Temp/jsreport/autocleanup/307747ce-037e-451d-9db9-87339dea9077-chrome-pdf.html","meta":{"rootId":"ijo4d97mfui1y33","id":"ijo4d97mfui1y33"},"id":"900osbyvwsgqnd3","previousOperationId":"e83hhx410du2k75"}
{"type":"log","timestamp":1705155864914,"level":"debug","message":"Page request finished: GET (script) 200 https://cdnjs.cloudflare.com/ajax/libs/Chart.js/2.7.2/Chart.min.js","meta":{"rootId":"ijo4d97mfui1y33","id":"ijo4d97mfui1y33"},"id":"s62ccqswnhpplon","previousOperationId":"e83hhx410du2k75"}
{"type":"log","timestamp":1705155864926,"level":"debug","message":"Page request finished: GET (stylesheet) 200 https://cdnjs.cloudflare.com/ajax/libs/metro/4.1.5/css/metro.min.css","meta":{"rootId":"ijo4d97mfui1y33","id":"ijo4d97mfui1y33"},"id":"l80w2q9txir7tdf","previousOperationId":"e83hhx410du2k75"}
{"type":"log","timestamp":1705155864991,"level":"debug","message":"Running chrome with params {\"printBackground\":true,\"timeout\":59951,\"margin\":{}}","meta":{"rootId":"ijo4d97mfui1y33","id":"ijo4d97mfui1y33"},"id":"or5qognp7tx7cwn","previousOperationId":"e83hhx410du2k75"}
{"type":"operationEnd","operationId":"e83hhx410du2k75","timestamp":1705155865102,"id":"ptf7fj7k7rmznq0","previousEventId":"s85dxpwat5kxmb6","previousOperationId":"e83hhx410du2k75"}
{"type":"log","timestamp":1705155865102,"level":"debug","message":"Skipping storing report.","meta":{"rootId":"ijo4d97mfui1y33","id":"ijo4d97mfui1y33"},"id":"u1z228irtdztdja","previousOperationId":"e83hhx410du2k75"}
{"type":"log","timestamp":1705155865102,"level":"info","message":"Rendering request 24 finished in 359 ms","meta":{"rootId":"ijo4d97mfui1y33","id":"ijo4d97mfui1y33"},"id":"sdf3cc7h3ijpfg2","previousOperationId":"e83hhx410du2k75"}
{"type":"operationEnd","subtype":"render","operationId":"e8tncoxqvgtpf0v","timestamp":1705155865102,"id":"vxirgsjgg6h89wg","previousEventId":"ptf7fj7k7rmznq0","previousOperationId":"e83hhx410du2k75"}
{"type":"operationEnd","doDiffs":false,"previousEventId":"dkq1yh8t0n87b5p","previousOperationId":"zgep73bz9np2jid","operationId":"zgep73bz9np2jid","timestamp":1705155865105,"id":"0qqpktn1t4y97pt"}
