{"type":"operationStart","subtype":"profile","data":{"_id":"V50DCfNOes8Ex02u","timestamp":"2024-01-13T22:42:35.296Z","state":"queued","mode":"standard","creationDate":"2024-01-13T22:42:35.298Z","modificationDate":"2024-01-13T22:42:35.298Z","shortid":"Pn1zxXZ","$entitySet":"profiles"},"doDiffs":false,"timestamp":1705185755297,"id":"414dm2g3x7oqc87","previousOperationId":null,"operationId":"fqhm7l515q5u099"}
{"type":"log","level":"info","message":"Render request 1 queued for execution and waiting for available worker","previousOperationId":"fqhm7l515q5u099","timestamp":1705185755297,"id":"4sox82c6goz4by8"}
{"type":"operationStart","subtype":"render","name":"AveragePunctuation","previousOperationId":"fqhm7l515q5u099","timestamp":1705185755325,"id":"0mpicru5n4fu66u","previousEventId":"414dm2g3x7oqc87","operationId":"n89p35y1r8nc80n"}
{"type":"log","timestamp":1705185755325,"level":"info","message":"Starting rendering request 1","meta":{"rootId":"ikn0xetmwnjlsnc","id":"ikn0xetmwnjlsnc"},"id":"jvl4gh51soo99j6","previousOperationId":"n89p35y1r8nc80n"}
{"type":"log","timestamp":1705185755326,"level":"info","message":"Rendering template { name: AveragePunctuation, recipe: chrome-pdf, engine: handlebars, preview: false }","meta":{"rootId":"ikn0xetmwnjlsnc","id":"ikn0xetmwnjlsnc"},"id":"4mrjnsc30x88s94","previousOperationId":"n89p35y1r8nc80n"}
{"type":"log","timestamp":1705185755331,"level":"debug","message":"Inline data specified.","meta":{"rootId":"ikn0xetmwnjlsnc","id":"ikn0xetmwnjlsnc"},"id":"f7ngdd4q6qy9byt","previousOperationId":"n89p35y1r8nc80n"}
{"type":"log","timestamp":1705185755334,"level":"debug","message":"Executing script AveragePunctuation-script (beforeRender)","meta":{"rootId":"ikn0xetmwnjlsnc","id":"ikn0xetmwnjlsnc"},"id":"q89g39cvu0egch8","previousOperationId":"n89p35y1r8nc80n"}
{"type":"operationStart","subtype":"scriptsBeforeRender","name":"scripts beforeRender","timestamp":1705185755687,"id":"nuzukbvd5i444s4","previousEventId":"0mpicru5n4fu66u","operationId":"8azzh106a1n9zqq","previousOperationId":"n89p35y1r8nc80n"}
{"type":"operationStart","subtype":"script","name":"scripts AveragePunctuation-script","previousOperationId":"8azzh106a1n9zqq","timestamp":1705185755687,"id":"uwrb05no80mmw2e","previousEventId":"nuzukbvd5i444s4","operationId":"bn82c8h36q5bdol"}
{"type":"operationEnd","operationId":"bn82c8h36q5bdol","timestamp":1705185755724,"id":"n9enanmhlrtw1r2","previousEventId":"0mpicru5n4fu66u","previousOperationId":"n89p35y1r8nc80n"}
{"type":"operationEnd","operationId":"8azzh106a1n9zqq","timestamp":1705185755724,"id":"worlef1gp90uwrb","previousEventId":"n9enanmhlrtw1r2","previousOperationId":"n89p35y1r8nc80n"}
{"type":"log","timestamp":1705185755724,"level":"debug","message":"Base url not specified, skipping its injection.","meta":{"rootId":"ikn0xetmwnjlsnc","id":"ikn0xetmwnjlsnc"},"id":"1w785x7zpamr9nm","previousOperationId":"8azzh106a1n9zqq"}
{"type":"operationStart","subtype":"engine","name":"handlebars","timestamp":1705185755725,"id":"plsvev54qe2dxug","previousEventId":"worlef1gp90uwrb","operationId":"4pyyo4fn1ov5rxx","previousOperationId":"8azzh106a1n9zqq"}
{"type":"log","timestamp":1705185755725,"level":"debug","message":"Rendering engine handlebars","meta":{"rootId":"ikn0xetmwnjlsnc","id":"ikn0xetmwnjlsnc"},"id":"2aan1p5dyq4ke5z","previousOperationId":"4pyyo4fn1ov5rxx"}
{"type":"operationEnd","operationId":"4pyyo4fn1ov5rxx","timestamp":1705185755993,"id":"94q2jxkn5neyrbf","previousEventId":"plsvev54qe2dxug","previousOperationId":"4pyyo4fn1ov5rxx"}
{"type":"operationStart","subtype":"recipe","name":"chrome-pdf","timestamp":1705185755993,"id":"sxyhobixagkb8p3","previousEventId":"94q2jxkn5neyrbf","operationId":"snnn79dtqli5p5j","previousOperationId":"4pyyo4fn1ov5rxx"}
{"type":"log","timestamp":1705185755993,"level":"debug","message":"Executing recipe chrome-pdf","meta":{"rootId":"ikn0xetmwnjlsnc","id":"ikn0xetmwnjlsnc"},"id":"7kzxi1c4ja9uxkh","previousOperationId":"snnn79dtqli5p5j"}
{"type":"log","timestamp":1705185756498,"level":"debug","message":"Converting with chrome HeadlessChrome/117.0.5938.149 using chrome-pool strategy","meta":{"rootId":"ikn0xetmwnjlsnc","id":"ikn0xetmwnjlsnc"},"id":"sth29tu43aw023m","previousOperationId":"snnn79dtqli5p5j"}
{"type":"log","timestamp":1705185756629,"level":"debug","message":"Page request: GET (document) file:///C:/Users/Javier/AppData/Local/Temp/jsreport/autocleanup/321674f2-7fac-442a-b270-ef6f3df3b4bf-chrome-pdf.html","meta":{"rootId":"ikn0xetmwnjlsnc","id":"ikn0xetmwnjlsnc"},"id":"atjaehbo60h6djq","previousOperationId":"snnn79dtqli5p5j"}
{"type":"log","timestamp":1705185756665,"level":"debug","message":"Page request: GET (stylesheet) https://cdnjs.cloudflare.com/ajax/libs/metro/4.1.5/css/metro.min.css","meta":{"rootId":"ikn0xetmwnjlsnc","id":"ikn0xetmwnjlsnc"},"id":"kd99nolc3y418xr","previousOperationId":"snnn79dtqli5p5j"}
{"type":"log","timestamp":1705185756666,"level":"debug","message":"Page request: GET (script) https://cdnjs.cloudflare.com/ajax/libs/Chart.js/2.7.2/Chart.min.js","meta":{"rootId":"ikn0xetmwnjlsnc","id":"ikn0xetmwnjlsnc"},"id":"3jtojd67siyg3gp","previousOperationId":"snnn79dtqli5p5j"}
{"type":"log","timestamp":1705185756666,"level":"debug","message":"Page request finished: GET (document) 200 file:///C:/Users/Javier/AppData/Local/Temp/jsreport/autocleanup/321674f2-7fac-442a-b270-ef6f3df3b4bf-chrome-pdf.html","meta":{"rootId":"ikn0xetmwnjlsnc","id":"ikn0xetmwnjlsnc"},"id":"0qiwx3pr2s5s14i","previousOperationId":"snnn79dtqli5p5j"}
{"type":"log","timestamp":1705185756855,"level":"debug","message":"Page request finished: GET (stylesheet) 200 https://cdnjs.cloudflare.com/ajax/libs/metro/4.1.5/css/metro.min.css","meta":{"rootId":"ikn0xetmwnjlsnc","id":"ikn0xetmwnjlsnc"},"id":"ajjyikqwsipjri6","previousOperationId":"snnn79dtqli5p5j"}
{"type":"log","timestamp":1705185756856,"level":"debug","message":"Page request finished: GET (script) 200 https://cdnjs.cloudflare.com/ajax/libs/Chart.js/2.7.2/Chart.min.js","meta":{"rootId":"ikn0xetmwnjlsnc","id":"ikn0xetmwnjlsnc"},"id":"xtws5pmycpav5mu","previousOperationId":"snnn79dtqli5p5j"}
{"type":"log","timestamp":1705185756917,"level":"debug","message":"Running chrome with params {\"printBackground\":true,\"timeout\":58970,\"margin\":{}}","meta":{"rootId":"ikn0xetmwnjlsnc","id":"ikn0xetmwnjlsnc"},"id":"2at8bpk8eh5sr8u","previousOperationId":"snnn79dtqli5p5j"}
{"type":"operationEnd","operationId":"snnn79dtqli5p5j","timestamp":1705185757012,"id":"8czphrys6kjx6eq","previousEventId":"sxyhobixagkb8p3","previousOperationId":"snnn79dtqli5p5j"}
{"type":"log","timestamp":1705185757012,"level":"debug","message":"Skipping storing report.","meta":{"rootId":"ikn0xetmwnjlsnc","id":"ikn0xetmwnjlsnc"},"id":"1dyaxlfbmyqtj2u","previousOperationId":"snnn79dtqli5p5j"}
{"type":"log","timestamp":1705185757012,"level":"info","message":"Rendering request 1 finished in 1717 ms","meta":{"rootId":"ikn0xetmwnjlsnc","id":"ikn0xetmwnjlsnc"},"id":"1p47911s5fh2ie6","previousOperationId":"snnn79dtqli5p5j"}
{"type":"operationEnd","subtype":"render","operationId":"n89p35y1r8nc80n","timestamp":1705185757013,"id":"5qmfha2cm6gb52q","previousEventId":"8czphrys6kjx6eq","previousOperationId":"snnn79dtqli5p5j"}
{"type":"operationEnd","doDiffs":false,"previousEventId":"414dm2g3x7oqc87","previousOperationId":"fqhm7l515q5u099","operationId":"fqhm7l515q5u099","timestamp":1705185757015,"id":"4e0xtzg8qcrd161"}
