{"type":"operationStart","subtype":"profile","data":{"_id":"TRbZIzp3euRGdVON","timestamp":"2024-01-13T22:41:00.985Z","state":"queued","mode":"standard","creationDate":"2024-01-13T22:41:00.987Z","modificationDate":"2024-01-13T22:41:00.987Z","shortid":"sFXNWt9","$entitySet":"profiles"},"doDiffs":false,"timestamp":1705185660986,"id":"ntamwwmi73x4cbv","previousOperationId":null,"operationId":"rshsv7gpdodr1tp"}
{"type":"log","level":"info","message":"Render request 25 queued for execution and waiting for available worker","previousOperationId":"rshsv7gpdodr1tp","timestamp":1705185660986,"id":"ebunjjchpionaut"}
{"type":"operationStart","subtype":"render","name":"AveragePunctuation","previousOperationId":"rshsv7gpdodr1tp","timestamp":1705185660991,"id":"7at68hjj8kdz5km","previousEventId":"ntamwwmi73x4cbv","operationId":"tqm0g1pf49xy1s8"}
{"type":"log","timestamp":1705185660991,"level":"info","message":"Starting rendering request 25","meta":{"rootId":"ixaccdkp0a6maes","id":"ixaccdkp0a6maes"},"id":"0e0rsnmx04nwmja","previousOperationId":"tqm0g1pf49xy1s8"}
{"type":"log","timestamp":1705185660991,"level":"info","message":"Rendering template { name: AveragePunctuation, recipe: chrome-pdf, engine: handlebars, preview: false }","meta":{"rootId":"ixaccdkp0a6maes","id":"ixaccdkp0a6maes"},"id":"sbez3el84qmm65w","previousOperationId":"tqm0g1pf49xy1s8"}
{"type":"log","timestamp":1705185660992,"level":"debug","message":"Inline data specified.","meta":{"rootId":"ixaccdkp0a6maes","id":"ixaccdkp0a6maes"},"id":"4imx6f44ttlrrii","previousOperationId":"tqm0g1pf49xy1s8"}
{"type":"log","timestamp":1705185660993,"level":"debug","message":"Executing script AveragePunctuation-script (beforeRender)","meta":{"rootId":"ixaccdkp0a6maes","id":"ixaccdkp0a6maes"},"id":"u0r9cmmwk4vnno2","previousOperationId":"tqm0g1pf49xy1s8"}
{"type":"operationStart","subtype":"scriptsBeforeRender","name":"scripts beforeRender","timestamp":1705185661009,"id":"3wlethql80jshw9","previousEventId":"7at68hjj8kdz5km","operationId":"hmhx12qd2jtle2m","previousOperationId":"tqm0g1pf49xy1s8"}
{"type":"operationStart","subtype":"script","name":"scripts AveragePunctuation-script","previousOperationId":"hmhx12qd2jtle2m","timestamp":1705185661009,"id":"tyl1o3y0jc7fjog","previousEventId":"3wlethql80jshw9","operationId":"m27xkb47ph34n1n"}
{"type":"operationEnd","operationId":"m27xkb47ph34n1n","timestamp":1705185661022,"id":"y3n15fnziobm3ay","previousEventId":"7at68hjj8kdz5km","previousOperationId":"tqm0g1pf49xy1s8"}
{"type":"operationEnd","operationId":"hmhx12qd2jtle2m","timestamp":1705185661022,"id":"wkkmucn8jzkdz0k","previousEventId":"y3n15fnziobm3ay","previousOperationId":"tqm0g1pf49xy1s8"}
{"type":"log","timestamp":1705185661022,"level":"debug","message":"Base url not specified, skipping its injection.","meta":{"rootId":"ixaccdkp0a6maes","id":"ixaccdkp0a6maes"},"id":"5g40qt36pbq1tjs","previousOperationId":"hmhx12qd2jtle2m"}
{"type":"operationStart","subtype":"engine","name":"handlebars","timestamp":1705185661022,"id":"5qej4ipz2k7p0bb","previousEventId":"wkkmucn8jzkdz0k","operationId":"cjnwedg03d3tozj","previousOperationId":"hmhx12qd2jtle2m"}
{"type":"log","timestamp":1705185661022,"level":"debug","message":"Rendering engine handlebars","meta":{"rootId":"ixaccdkp0a6maes","id":"ixaccdkp0a6maes"},"id":"g0vxv30iniis5zd","previousOperationId":"cjnwedg03d3tozj"}
{"type":"operationEnd","operationId":"cjnwedg03d3tozj","timestamp":1705185661029,"id":"wbnsk8b815hlcng","previousEventId":"5qej4ipz2k7p0bb","previousOperationId":"cjnwedg03d3tozj"}
{"type":"operationStart","subtype":"recipe","name":"chrome-pdf","timestamp":1705185661029,"id":"0igjprwidz1rsgg","previousEventId":"wbnsk8b815hlcng","operationId":"g4b8bjazo47znss","previousOperationId":"cjnwedg03d3tozj"}
{"type":"log","timestamp":1705185661029,"level":"debug","message":"Executing recipe chrome-pdf","meta":{"rootId":"ixaccdkp0a6maes","id":"ixaccdkp0a6maes"},"id":"d6orsxc9hzsvyib","previousOperationId":"g4b8bjazo47znss"}
{"type":"log","timestamp":1705185661031,"level":"debug","message":"Converting with chrome HeadlessChrome/117.0.5938.149 using chrome-pool strategy","meta":{"rootId":"ixaccdkp0a6maes","id":"ixaccdkp0a6maes"},"id":"cpi28eg8sxl6hyg","previousOperationId":"g4b8bjazo47znss"}
{"type":"log","timestamp":1705185661114,"level":"debug","message":"Page request: GET (document) file:///C:/Users/Javier/AppData/Local/Temp/jsreport/autocleanup/9703451c-2253-4186-9782-693df981c109-chrome-pdf.html","meta":{"rootId":"ixaccdkp0a6maes","id":"ixaccdkp0a6maes"},"id":"saefss0t5pquvc5","previousOperationId":"g4b8bjazo47znss"}
{"type":"log","timestamp":1705185661154,"level":"debug","message":"Page request: GET (stylesheet) https://cdnjs.cloudflare.com/ajax/libs/metro/4.1.5/css/metro.min.css","meta":{"rootId":"ixaccdkp0a6maes","id":"ixaccdkp0a6maes"},"id":"5u10djv33d4ly6p","previousOperationId":"g4b8bjazo47znss"}
{"type":"log","timestamp":1705185661154,"level":"debug","message":"Page request: GET (script) https://cdnjs.cloudflare.com/ajax/libs/Chart.js/2.7.2/Chart.min.js","meta":{"rootId":"ixaccdkp0a6maes","id":"ixaccdkp0a6maes"},"id":"48c2zwf2vqwk193","previousOperationId":"g4b8bjazo47znss"}
{"type":"log","timestamp":1705185661155,"level":"debug","message":"Page request finished: GET (document) 200 file:///C:/Users/Javier/AppData/Local/Temp/jsreport/autocleanup/9703451c-2253-4186-9782-693df981c109-chrome-pdf.html","meta":{"rootId":"ixaccdkp0a6maes","id":"ixaccdkp0a6maes"},"id":"bai9vkmgdqjnkxj","previousOperationId":"g4b8bjazo47znss"}
{"type":"log","timestamp":1705185661170,"level":"debug","message":"Page request finished: GET (stylesheet) 200 https://cdnjs.cloudflare.com/ajax/libs/metro/4.1.5/css/metro.min.css","meta":{"rootId":"ixaccdkp0a6maes","id":"ixaccdkp0a6maes"},"id":"5pnvlnhn7d7vy8x","previousOperationId":"g4b8bjazo47znss"}
{"type":"log","timestamp":1705185661170,"level":"debug","message":"Page request finished: GET (script) 200 https://cdnjs.cloudflare.com/ajax/libs/Chart.js/2.7.2/Chart.min.js","meta":{"rootId":"ixaccdkp0a6maes","id":"ixaccdkp0a6maes"},"id":"z32fpz3ux8mpbop","previousOperationId":"g4b8bjazo47znss"}
{"type":"log","timestamp":1705185661230,"level":"debug","message":"Running chrome with params {\"printBackground\":true,\"timeout\":59955,\"margin\":{}}","meta":{"rootId":"ixaccdkp0a6maes","id":"ixaccdkp0a6maes"},"id":"4x0kw5cmrotuhw7","previousOperationId":"g4b8bjazo47znss"}
{"type":"operationEnd","operationId":"g4b8bjazo47znss","timestamp":1705185661325,"id":"me1pnde2p7ac3zj","previousEventId":"0igjprwidz1rsgg","previousOperationId":"g4b8bjazo47znss"}
{"type":"log","timestamp":1705185661325,"level":"debug","message":"Skipping storing report.","meta":{"rootId":"ixaccdkp0a6maes","id":"ixaccdkp0a6maes"},"id":"fvbot32mkgm4fny","previousOperationId":"g4b8bjazo47znss"}
{"type":"log","timestamp":1705185661325,"level":"info","message":"Rendering request 25 finished in 340 ms","meta":{"rootId":"ixaccdkp0a6maes","id":"ixaccdkp0a6maes"},"id":"ogqy5gdvu17r8tu","previousOperationId":"g4b8bjazo47znss"}
{"type":"operationEnd","subtype":"render","operationId":"tqm0g1pf49xy1s8","timestamp":1705185661325,"id":"ex5x9ixuad7h65j","previousEventId":"me1pnde2p7ac3zj","previousOperationId":"g4b8bjazo47znss"}
{"type":"operationEnd","doDiffs":false,"previousEventId":"ntamwwmi73x4cbv","previousOperationId":"rshsv7gpdodr1tp","operationId":"rshsv7gpdodr1tp","timestamp":1705185661326,"id":"ctvfanstv3jsj7n"}
