{"type":"operationStart","subtype":"profile","data":{"_id":"Fb6LqDrxEqgHzVh8","timestamp":"2024-01-11T15:46:56.164Z","state":"queued","mode":"standard","creationDate":"2024-01-11T15:46:56.165Z","modificationDate":"2024-01-11T15:46:56.165Z","shortid":"xHnojAt","$entitySet":"profiles"},"doDiffs":false,"timestamp":1704988016165,"id":"gz3rv35q9icx986","previousOperationId":null,"operationId":"n1637ye71u4c6si"}
{"type":"log","level":"info","message":"Render request 6 queued for execution and waiting for available worker","previousOperationId":"n1637ye71u4c6si","timestamp":1704988016165,"id":"09sk6zd4azdxjm8"}
{"type":"operationStart","subtype":"render","name":"AveragePunctuation","previousOperationId":"n1637ye71u4c6si","timestamp":1704988016170,"id":"03hdb1jmcx9gu6t","previousEventId":"gz3rv35q9icx986","operationId":"8n80otqmcry39tr"}
{"type":"log","timestamp":1704988016170,"level":"info","message":"Starting rendering request 6","meta":{"rootId":"j17b4j5pxf5xdtm","id":"j17b4j5pxf5xdtm"},"id":"40ztwz7khs0wh5u","previousOperationId":"8n80otqmcry39tr"}
{"type":"log","timestamp":1704988016170,"level":"info","message":"Rendering template { name: AveragePunctuation, recipe: chrome-pdf, engine: handlebars, preview: false }","meta":{"rootId":"j17b4j5pxf5xdtm","id":"j17b4j5pxf5xdtm"},"id":"tequyrpraikmilr","previousOperationId":"8n80otqmcry39tr"}
{"type":"log","timestamp":1704988016171,"level":"debug","message":"Inline data specified.","meta":{"rootId":"j17b4j5pxf5xdtm","id":"j17b4j5pxf5xdtm"},"id":"nyug94wxya1gbg1","previousOperationId":"8n80otqmcry39tr"}
{"type":"log","timestamp":1704988016172,"level":"debug","message":"Executing script AveragePunctuation-script (beforeRender)","meta":{"rootId":"j17b4j5pxf5xdtm","id":"j17b4j5pxf5xdtm"},"id":"bh54p976ak0npqk","previousOperationId":"8n80otqmcry39tr"}
{"type":"operationStart","subtype":"scriptsBeforeRender","name":"scripts beforeRender","timestamp":1704988016193,"id":"8mbfmla28a09fdu","previousEventId":"03hdb1jmcx9gu6t","operationId":"5evhnic7qndw801","previousOperationId":"8n80otqmcry39tr"}
{"type":"operationStart","subtype":"script","name":"scripts AveragePunctuation-script","previousOperationId":"5evhnic7qndw801","timestamp":1704988016193,"id":"v01boqjcfljo0uc","previousEventId":"8mbfmla28a09fdu","operationId":"w9fkbyqtojbjlj8"}
{"type":"operationEnd","operationId":"w9fkbyqtojbjlj8","timestamp":1704988016197,"id":"ah9ynpe9dddi6g1","previousEventId":"03hdb1jmcx9gu6t","previousOperationId":"8n80otqmcry39tr"}
{"type":"operationEnd","operationId":"5evhnic7qndw801","timestamp":1704988016197,"id":"ib0jxs5848ldtsu","previousEventId":"ah9ynpe9dddi6g1","previousOperationId":"8n80otqmcry39tr"}
{"type":"log","timestamp":1704988016197,"level":"debug","message":"Base url not specified, skipping its injection.","meta":{"rootId":"j17b4j5pxf5xdtm","id":"j17b4j5pxf5xdtm"},"id":"225omqy0bfwq2vq","previousOperationId":"5evhnic7qndw801"}
{"type":"operationStart","subtype":"engine","name":"handlebars","timestamp":1704988016198,"id":"9rhly3v4c0t2jpr","previousEventId":"ib0jxs5848ldtsu","operationId":"b3jg3jqunc7otub","previousOperationId":"5evhnic7qndw801"}
{"type":"log","timestamp":1704988016198,"level":"debug","message":"Rendering engine handlebars","meta":{"rootId":"j17b4j5pxf5xdtm","id":"j17b4j5pxf5xdtm"},"id":"acbirg0s9vw6juy","previousOperationId":"b3jg3jqunc7otub"}
{"type":"operationEnd","operationId":"b3jg3jqunc7otub","timestamp":1704988016205,"id":"4sqdxd9oanhjl3i","previousEventId":"9rhly3v4c0t2jpr","previousOperationId":"b3jg3jqunc7otub"}
{"type":"operationStart","subtype":"recipe","name":"chrome-pdf","timestamp":1704988016206,"id":"3fvfy1i9hpxmohk","previousEventId":"4sqdxd9oanhjl3i","operationId":"9fiinnd1e6p9tqb","previousOperationId":"b3jg3jqunc7otub"}
{"type":"log","timestamp":1704988016206,"level":"debug","message":"Executing recipe chrome-pdf","meta":{"rootId":"j17b4j5pxf5xdtm","id":"j17b4j5pxf5xdtm"},"id":"ljl14mus8xyq0b5","previousOperationId":"9fiinnd1e6p9tqb"}
{"type":"log","timestamp":1704988016208,"level":"debug","message":"Converting with chrome HeadlessChrome/117.0.5938.149 using chrome-pool strategy","meta":{"rootId":"j17b4j5pxf5xdtm","id":"j17b4j5pxf5xdtm"},"id":"ipv5g78rqzrzvoa","previousOperationId":"9fiinnd1e6p9tqb"}
{"type":"log","timestamp":1704988016287,"level":"debug","message":"Page request: GET (document) file:///C:/Users/Javier/AppData/Local/Temp/jsreport/autocleanup/f039675c-5f24-456d-9dce-beadb69e9359-chrome-pdf.html","meta":{"rootId":"j17b4j5pxf5xdtm","id":"j17b4j5pxf5xdtm"},"id":"goklzrqerqi3fui","previousOperationId":"9fiinnd1e6p9tqb"}
{"type":"log","timestamp":1704988016293,"level":"debug","message":"Page request finished: GET (document) 200 file:///C:/Users/Javier/AppData/Local/Temp/jsreport/autocleanup/f039675c-5f24-456d-9dce-beadb69e9359-chrome-pdf.html","meta":{"rootId":"j17b4j5pxf5xdtm","id":"j17b4j5pxf5xdtm"},"id":"8e6my94aodzp3rz","previousOperationId":"9fiinnd1e6p9tqb"}
{"type":"log","timestamp":1704988016296,"level":"debug","message":"Running chrome with params {\"printBackground\":true,\"timeout\":59957,\"margin\":{}}","meta":{"rootId":"j17b4j5pxf5xdtm","id":"j17b4j5pxf5xdtm"},"id":"gn0435htnadp3ul","previousOperationId":"9fiinnd1e6p9tqb"}
{"type":"operationEnd","operationId":"9fiinnd1e6p9tqb","timestamp":1704988016306,"id":"ma2riz5vpor4k11","previousEventId":"3fvfy1i9hpxmohk","previousOperationId":"9fiinnd1e6p9tqb"}
{"type":"log","timestamp":1704988016306,"level":"debug","message":"Skipping storing report.","meta":{"rootId":"j17b4j5pxf5xdtm","id":"j17b4j5pxf5xdtm"},"id":"0o68d9dmmlu1zrk","previousOperationId":"9fiinnd1e6p9tqb"}
{"type":"log","timestamp":1704988016306,"level":"info","message":"Rendering request 6 finished in 142 ms","meta":{"rootId":"j17b4j5pxf5xdtm","id":"j17b4j5pxf5xdtm"},"id":"ekyvhrzte5yi3bk","previousOperationId":"9fiinnd1e6p9tqb"}
{"type":"operationEnd","subtype":"render","operationId":"8n80otqmcry39tr","timestamp":1704988016306,"id":"jzcazvzo6kcrvz6","previousEventId":"ma2riz5vpor4k11","previousOperationId":"9fiinnd1e6p9tqb"}
{"type":"operationEnd","doDiffs":false,"previousEventId":"gz3rv35q9icx986","previousOperationId":"n1637ye71u4c6si","operationId":"n1637ye71u4c6si","timestamp":1704988016310,"id":"qx1rtffzfcytoqt"}
