{"type":"operationStart","subtype":"profile","data":{"_id":"4d2k4iiNljaO63xk","timestamp":"2024-01-13T23:06:36.669Z","state":"queued","mode":"standard","creationDate":"2024-01-13T23:06:36.671Z","modificationDate":"2024-01-13T23:06:36.671Z","shortid":"fP0-oad","$entitySet":"profiles"},"doDiffs":false,"timestamp":1705187196670,"id":"eyysvowmzig8sos","previousOperationId":null,"operationId":"n1sqs2szw0x9vav"}
{"type":"log","level":"info","message":"Render request 14 queued for execution and waiting for available worker","previousOperationId":"n1sqs2szw0x9vav","timestamp":1705187196670,"id":"z9fhob83bzxdqwo"}
{"type":"operationStart","subtype":"render","name":"AveragePunctuation","previousOperationId":"n1sqs2szw0x9vav","timestamp":1705187196678,"id":"xpfi0e9az1a98op","previousEventId":"eyysvowmzig8sos","operationId":"jm1tsambc2ucnqu"}
{"type":"log","timestamp":1705187196678,"level":"info","message":"Starting rendering request 14","meta":{"rootId":"jj4n045kkgkzvfd","id":"jj4n045kkgkzvfd"},"id":"pktbqrurepyn14a","previousOperationId":"jm1tsambc2ucnqu"}
{"type":"log","timestamp":1705187196678,"level":"info","message":"Rendering template { name: AveragePunctuation, recipe: chrome-pdf, engine: handlebars, preview: false }","meta":{"rootId":"jj4n045kkgkzvfd","id":"jj4n045kkgkzvfd"},"id":"79ftgbo1mvu9i0d","previousOperationId":"jm1tsambc2ucnqu"}
{"type":"log","timestamp":1705187196679,"level":"debug","message":"Inline data specified.","meta":{"rootId":"jj4n045kkgkzvfd","id":"jj4n045kkgkzvfd"},"id":"57s6ud5m7cys9yn","previousOperationId":"jm1tsambc2ucnqu"}
{"type":"log","timestamp":1705187196683,"level":"debug","message":"Executing script AveragePunctuation-script (beforeRender)","meta":{"rootId":"jj4n045kkgkzvfd","id":"jj4n045kkgkzvfd"},"id":"r9gemb808zs0khu","previousOperationId":"jm1tsambc2ucnqu"}
{"type":"operationStart","subtype":"scriptsBeforeRender","name":"scripts beforeRender","timestamp":1705187196705,"id":"5kunhocax5mo469","previousEventId":"xpfi0e9az1a98op","operationId":"gpeswmh52abfsiy","previousOperationId":"jm1tsambc2ucnqu"}
{"type":"operationStart","subtype":"script","name":"scripts AveragePunctuation-script","previousOperationId":"gpeswmh52abfsiy","timestamp":1705187196705,"id":"31wvsj8kfm6a7p4","previousEventId":"5kunhocax5mo469","operationId":"8dr6ccd977ck2bj"}
{"type":"operationEnd","operationId":"8dr6ccd977ck2bj","timestamp":1705187196717,"id":"ixcliq9yl6z58ha","previousEventId":"xpfi0e9az1a98op","previousOperationId":"jm1tsambc2ucnqu"}
{"type":"operationEnd","operationId":"gpeswmh52abfsiy","timestamp":1705187196717,"id":"demt2osotf1lt8i","previousEventId":"ixcliq9yl6z58ha","previousOperationId":"jm1tsambc2ucnqu"}
{"type":"log","timestamp":1705187196717,"level":"debug","message":"Base url not specified, skipping its injection.","meta":{"rootId":"jj4n045kkgkzvfd","id":"jj4n045kkgkzvfd"},"id":"5ihes7907oew24f","previousOperationId":"gpeswmh52abfsiy"}
{"type":"operationStart","subtype":"engine","name":"handlebars","timestamp":1705187196718,"id":"cbl05mji4ztbrdq","previousEventId":"demt2osotf1lt8i","operationId":"tc7roj7a8w6kvfa","previousOperationId":"gpeswmh52abfsiy"}
{"type":"log","timestamp":1705187196718,"level":"debug","message":"Rendering engine handlebars","meta":{"rootId":"jj4n045kkgkzvfd","id":"jj4n045kkgkzvfd"},"id":"zg09lpgqz34jzpc","previousOperationId":"tc7roj7a8w6kvfa"}
{"type":"operationEnd","operationId":"tc7roj7a8w6kvfa","timestamp":1705187196729,"id":"va4dbbuaj3s4tjq","previousEventId":"cbl05mji4ztbrdq","previousOperationId":"tc7roj7a8w6kvfa"}
{"type":"operationStart","subtype":"recipe","name":"chrome-pdf","timestamp":1705187196729,"id":"p14z27y198nfokt","previousEventId":"va4dbbuaj3s4tjq","operationId":"y9pm2q9vkzu9kq7","previousOperationId":"tc7roj7a8w6kvfa"}
{"type":"log","timestamp":1705187196729,"level":"debug","message":"Executing recipe chrome-pdf","meta":{"rootId":"jj4n045kkgkzvfd","id":"jj4n045kkgkzvfd"},"id":"vwfca8u09200kec","previousOperationId":"y9pm2q9vkzu9kq7"}
{"type":"log","timestamp":1705187196734,"level":"debug","message":"Converting with chrome HeadlessChrome/117.0.5938.149 using chrome-pool strategy","meta":{"rootId":"jj4n045kkgkzvfd","id":"jj4n045kkgkzvfd"},"id":"ayraes9hlc69uh5","previousOperationId":"y9pm2q9vkzu9kq7"}
{"type":"log","timestamp":1705187196832,"level":"debug","message":"Page request: GET (document) file:///C:/Users/Javier/AppData/Local/Temp/jsreport/autocleanup/e8dda2e9-41d5-4ebc-b84c-fa717251fef6-chrome-pdf.html","meta":{"rootId":"jj4n045kkgkzvfd","id":"jj4n045kkgkzvfd"},"id":"9lto4q0lrlfcvse","previousOperationId":"y9pm2q9vkzu9kq7"}
{"type":"log","timestamp":1705187196885,"level":"debug","message":"Page request: GET (stylesheet) https://cdnjs.cloudflare.com/ajax/libs/metro/4.1.5/css/metro.min.css","meta":{"rootId":"jj4n045kkgkzvfd","id":"jj4n045kkgkzvfd"},"id":"39hd61tq9299vbk","previousOperationId":"y9pm2q9vkzu9kq7"}
{"type":"log","timestamp":1705187196885,"level":"debug","message":"Page request: GET (script) https://cdnjs.cloudflare.com/ajax/libs/Chart.js/2.7.2/Chart.min.js","meta":{"rootId":"jj4n045kkgkzvfd","id":"jj4n045kkgkzvfd"},"id":"811t5n0mogvfs30","previousOperationId":"y9pm2q9vkzu9kq7"}
{"type":"log","timestamp":1705187196886,"level":"debug","message":"Page request finished: GET (document) 200 file:///C:/Users/Javier/AppData/Local/Temp/jsreport/autocleanup/e8dda2e9-41d5-4ebc-b84c-fa717251fef6-chrome-pdf.html","meta":{"rootId":"jj4n045kkgkzvfd","id":"jj4n045kkgkzvfd"},"id":"9lpyp63avy0c5ty","previousOperationId":"y9pm2q9vkzu9kq7"}
{"type":"log","timestamp":1705187196890,"level":"debug","message":"Page request finished: GET (script) 200 https://cdnjs.cloudflare.com/ajax/libs/Chart.js/2.7.2/Chart.min.js","meta":{"rootId":"jj4n045kkgkzvfd","id":"jj4n045kkgkzvfd"},"id":"o48wmrtke4wn6gq","previousOperationId":"y9pm2q9vkzu9kq7"}
{"type":"log","timestamp":1705187196902,"level":"debug","message":"Page request finished: GET (stylesheet) 200 https://cdnjs.cloudflare.com/ajax/libs/metro/4.1.5/css/metro.min.css","meta":{"rootId":"jj4n045kkgkzvfd","id":"jj4n045kkgkzvfd"},"id":"oymvzhbio1kgvrs","previousOperationId":"y9pm2q9vkzu9kq7"}
{"type":"log","timestamp":1705187196963,"level":"debug","message":"Running chrome with params {\"printBackground\":true,\"timeout\":59936,\"margin\":{}}","meta":{"rootId":"jj4n045kkgkzvfd","id":"jj4n045kkgkzvfd"},"id":"6l7kn3fvxdupwrn","previousOperationId":"y9pm2q9vkzu9kq7"}
{"type":"operationEnd","operationId":"y9pm2q9vkzu9kq7","timestamp":1705187197064,"id":"t2dbk30xpj0mea7","previousEventId":"p14z27y198nfokt","previousOperationId":"y9pm2q9vkzu9kq7"}
{"type":"log","timestamp":1705187197064,"level":"debug","message":"Skipping storing report.","meta":{"rootId":"jj4n045kkgkzvfd","id":"jj4n045kkgkzvfd"},"id":"zgdl11pj5ny6sq6","previousOperationId":"y9pm2q9vkzu9kq7"}
{"type":"log","timestamp":1705187197065,"level":"info","message":"Rendering request 14 finished in 396 ms","meta":{"rootId":"jj4n045kkgkzvfd","id":"jj4n045kkgkzvfd"},"id":"269p7x117z2zt2x","previousOperationId":"y9pm2q9vkzu9kq7"}
{"type":"operationEnd","subtype":"render","operationId":"jm1tsambc2ucnqu","timestamp":1705187197065,"id":"3mbcus6jh3p2jkl","previousEventId":"t2dbk30xpj0mea7","previousOperationId":"y9pm2q9vkzu9kq7"}
{"type":"operationEnd","doDiffs":false,"previousEventId":"eyysvowmzig8sos","previousOperationId":"n1sqs2szw0x9vav","operationId":"n1sqs2szw0x9vav","timestamp":1705187197066,"id":"bn54r5rk1qiw2wf"}
