{"type":"operationStart","subtype":"profile","data":{"_id":"h3b4ce4gnQdHvmfb","timestamp":"2024-01-11T16:45:16.587Z","state":"queued","mode":"standard","creationDate":"2024-01-11T16:45:16.589Z","modificationDate":"2024-01-11T16:45:16.589Z","shortid":"TBItsD-","$entitySet":"profiles"},"doDiffs":false,"timestamp":1704991516588,"id":"7ymwyimk23i7c81","previousOperationId":null,"operationId":"iak7kdcyvz582oa"}
{"type":"log","level":"info","message":"Render request 2 queued for execution and waiting for available worker","previousOperationId":"iak7kdcyvz582oa","timestamp":1704991516588,"id":"mlw4xu3359q92oz"}
{"type":"operationStart","subtype":"render","name":"AveragePunctuation","previousOperationId":"iak7kdcyvz582oa","timestamp":1704991516595,"id":"2ya3fgi4x57dt8c","previousEventId":"7ymwyimk23i7c81","operationId":"ior09jpwo2mv6gm"}
{"type":"log","timestamp":1704991516595,"level":"info","message":"Starting rendering request 2","meta":{"rootId":"jpoj9vkvdiaoigk","id":"jpoj9vkvdiaoigk"},"id":"vl50ufytekcls4o","previousOperationId":"ior09jpwo2mv6gm"}
{"type":"log","timestamp":1704991516596,"level":"info","message":"Rendering template { name: AveragePunctuation, recipe: chrome-pdf, engine: handlebars, preview: false }","meta":{"rootId":"jpoj9vkvdiaoigk","id":"jpoj9vkvdiaoigk"},"id":"qdufzluoug05atl","previousOperationId":"ior09jpwo2mv6gm"}
{"type":"log","timestamp":1704991516599,"level":"debug","message":"Inline data specified.","meta":{"rootId":"jpoj9vkvdiaoigk","id":"jpoj9vkvdiaoigk"},"id":"4td9m54mdcv9thx","previousOperationId":"ior09jpwo2mv6gm"}
{"type":"log","timestamp":1704991516602,"level":"debug","message":"Executing script AveragePunctuation-script (beforeRender)","meta":{"rootId":"jpoj9vkvdiaoigk","id":"jpoj9vkvdiaoigk"},"id":"ioplc3z4jww675p","previousOperationId":"ior09jpwo2mv6gm"}
{"type":"operationStart","subtype":"scriptsBeforeRender","name":"scripts beforeRender","timestamp":1704991516879,"id":"cf6h8eu3jzgbj5c","previousEventId":"2ya3fgi4x57dt8c","operationId":"f6yfg0qp8wpy0n6","previousOperationId":"ior09jpwo2mv6gm"}
{"type":"operationStart","subtype":"script","name":"scripts AveragePunctuation-script","previousOperationId":"f6yfg0qp8wpy0n6","timestamp":1704991516879,"id":"5yxsdy0ceoxh1h0","previousEventId":"cf6h8eu3jzgbj5c","operationId":"j2qvv176mbppe96"}
{"type":"operationEnd","operationId":"j2qvv176mbppe96","timestamp":1704991516896,"id":"njlir2nihmfrwfy","previousEventId":"2ya3fgi4x57dt8c","previousOperationId":"ior09jpwo2mv6gm"}
{"type":"operationEnd","operationId":"f6yfg0qp8wpy0n6","timestamp":1704991516896,"id":"v3q9b60b4gc9oxl","previousEventId":"njlir2nihmfrwfy","previousOperationId":"ior09jpwo2mv6gm"}
{"type":"log","timestamp":1704991516896,"level":"debug","message":"Base url not specified, skipping its injection.","meta":{"rootId":"jpoj9vkvdiaoigk","id":"jpoj9vkvdiaoigk"},"id":"ayexo17fxsh30e7","previousOperationId":"f6yfg0qp8wpy0n6"}
{"type":"operationStart","subtype":"engine","name":"handlebars","timestamp":1704991516898,"id":"5civpbh6td36vk5","previousEventId":"v3q9b60b4gc9oxl","operationId":"03646erf1gj723n","previousOperationId":"f6yfg0qp8wpy0n6"}
{"type":"log","timestamp":1704991516898,"level":"debug","message":"Rendering engine handlebars","meta":{"rootId":"jpoj9vkvdiaoigk","id":"jpoj9vkvdiaoigk"},"id":"1z2o93ca55t8e17","previousOperationId":"03646erf1gj723n"}
{"type":"operationEnd","operationId":"03646erf1gj723n","timestamp":1704991517116,"id":"1cvey7vr4f6h3cl","previousEventId":"5civpbh6td36vk5","previousOperationId":"03646erf1gj723n"}
{"type":"operationStart","subtype":"recipe","name":"chrome-pdf","timestamp":1704991517116,"id":"l40fjodd3nvt5y9","previousEventId":"1cvey7vr4f6h3cl","operationId":"m2itf5qcqglk079","previousOperationId":"03646erf1gj723n"}
{"type":"log","timestamp":1704991517116,"level":"debug","message":"Executing recipe chrome-pdf","meta":{"rootId":"jpoj9vkvdiaoigk","id":"jpoj9vkvdiaoigk"},"id":"ciik0y55vxwtbat","previousOperationId":"m2itf5qcqglk079"}
{"type":"log","timestamp":1704991517587,"level":"debug","message":"Converting with chrome HeadlessChrome/117.0.5938.149 using chrome-pool strategy","meta":{"rootId":"jpoj9vkvdiaoigk","id":"jpoj9vkvdiaoigk"},"id":"hj68tobhxlbf0ke","previousOperationId":"m2itf5qcqglk079"}
{"type":"log","timestamp":1704991518407,"level":"debug","message":"Page request: GET (document) file:///C:/Users/Javier/AppData/Local/Temp/jsreport/autocleanup/c93ec67e-9053-4fe3-bd2d-7dbdc761ae7b-chrome-pdf.html","meta":{"rootId":"jpoj9vkvdiaoigk","id":"jpoj9vkvdiaoigk"},"id":"3hhi76ta8t1k3iy","previousOperationId":"m2itf5qcqglk079"}
{"type":"log","timestamp":1704991518419,"level":"debug","message":"Page request finished: GET (document) 200 file:///C:/Users/Javier/AppData/Local/Temp/jsreport/autocleanup/c93ec67e-9053-4fe3-bd2d-7dbdc761ae7b-chrome-pdf.html","meta":{"rootId":"jpoj9vkvdiaoigk","id":"jpoj9vkvdiaoigk"},"id":"x6wwvts89yy9gv6","previousOperationId":"m2itf5qcqglk079"}
{"type":"log","timestamp":1704991518421,"level":"debug","message":"Running chrome with params {\"printBackground\":true,\"timeout\":59150,\"margin\":{}}","meta":{"rootId":"jpoj9vkvdiaoigk","id":"jpoj9vkvdiaoigk"},"id":"oxdhippl2ty2vax","previousOperationId":"m2itf5qcqglk079"}
{"type":"operationEnd","operationId":"m2itf5qcqglk079","timestamp":1704991518430,"id":"0ki2e3ini5cs651","previousEventId":"l40fjodd3nvt5y9","previousOperationId":"m2itf5qcqglk079"}
{"type":"log","timestamp":1704991518431,"level":"debug","message":"Skipping storing report.","meta":{"rootId":"jpoj9vkvdiaoigk","id":"jpoj9vkvdiaoigk"},"id":"2ejvw6jue05bmlm","previousOperationId":"m2itf5qcqglk079"}
{"type":"log","timestamp":1704991518431,"level":"info","message":"Rendering request 2 finished in 1844 ms","meta":{"rootId":"jpoj9vkvdiaoigk","id":"jpoj9vkvdiaoigk"},"id":"lt8fxcbn12cgkxw","previousOperationId":"m2itf5qcqglk079"}
{"type":"operationEnd","subtype":"render","operationId":"ior09jpwo2mv6gm","timestamp":1704991518431,"id":"o1dpolrf9k3hlmo","previousEventId":"0ki2e3ini5cs651","previousOperationId":"m2itf5qcqglk079"}
{"type":"operationEnd","doDiffs":false,"previousEventId":"7ymwyimk23i7c81","previousOperationId":"iak7kdcyvz582oa","operationId":"iak7kdcyvz582oa","timestamp":1704991518434,"id":"0i1kavwvlcnaq58"}
