{"type":"operationStart","subtype":"profile","data":{"_id":"b4lrtrMHnSHQFC1u","timestamp":"2024-01-13T23:06:18.234Z","state":"queued","mode":"standard","creationDate":"2024-01-13T23:06:18.236Z","modificationDate":"2024-01-13T23:06:18.236Z","shortid":"v_bqQdk","$entitySet":"profiles"},"doDiffs":false,"timestamp":1705187178235,"id":"9murs3jy0073xjk","previousOperationId":null,"operationId":"bdye6ulfoleqlca"}
{"type":"log","level":"info","message":"Render request 13 queued for execution and waiting for available worker","previousOperationId":"bdye6ulfoleqlca","timestamp":1705187178235,"id":"daoblh4o07wz9qx"}
{"type":"operationStart","subtype":"render","name":"AveragePunctuation","previousOperationId":"bdye6ulfoleqlca","timestamp":1705187178244,"id":"5353cacdbuc6qtt","previousEventId":"9murs3jy0073xjk","operationId":"jdk477w8xptic1s"}
{"type":"log","timestamp":1705187178244,"level":"info","message":"Starting rendering request 13","meta":{"rootId":"k0wtq86dq7lf6l4","id":"k0wtq86dq7lf6l4"},"id":"vgje4akj5hd9s9w","previousOperationId":"jdk477w8xptic1s"}
{"type":"log","timestamp":1705187178244,"level":"info","message":"Rendering template { name: AveragePunctuation, recipe: chrome-pdf, engine: handlebars, preview: false }","meta":{"rootId":"k0wtq86dq7lf6l4","id":"k0wtq86dq7lf6l4"},"id":"aoof1ezqldrj7l8","previousOperationId":"jdk477w8xptic1s"}
{"type":"log","timestamp":1705187178249,"level":"debug","message":"Inline data specified.","meta":{"rootId":"k0wtq86dq7lf6l4","id":"k0wtq86dq7lf6l4"},"id":"c86gq46u6jn8qzf","previousOperationId":"jdk477w8xptic1s"}
{"type":"log","timestamp":1705187178255,"level":"debug","message":"Executing script AveragePunctuation-script (beforeRender)","meta":{"rootId":"k0wtq86dq7lf6l4","id":"k0wtq86dq7lf6l4"},"id":"7h0l82nxw5r6e1q","previousOperationId":"jdk477w8xptic1s"}
{"type":"operationStart","subtype":"scriptsBeforeRender","name":"scripts beforeRender","timestamp":1705187178276,"id":"etlnh3md1xf0uow","previousEventId":"5353cacdbuc6qtt","operationId":"n6hphpc8v0sq0om","previousOperationId":"jdk477w8xptic1s"}
{"type":"operationStart","subtype":"script","name":"scripts AveragePunctuation-script","previousOperationId":"n6hphpc8v0sq0om","timestamp":1705187178276,"id":"2o4erc0z3bha774","previousEventId":"etlnh3md1xf0uow","operationId":"0uo7miwkmgji61m"}
{"type":"operationEnd","operationId":"0uo7miwkmgji61m","timestamp":1705187178290,"id":"a3ewxkyu05vgg59","previousEventId":"5353cacdbuc6qtt","previousOperationId":"jdk477w8xptic1s"}
{"type":"operationEnd","operationId":"n6hphpc8v0sq0om","timestamp":1705187178290,"id":"hn0zhf1nbrk064a","previousEventId":"a3ewxkyu05vgg59","previousOperationId":"jdk477w8xptic1s"}
{"type":"log","timestamp":1705187178290,"level":"debug","message":"Base url not specified, skipping its injection.","meta":{"rootId":"k0wtq86dq7lf6l4","id":"k0wtq86dq7lf6l4"},"id":"f3cuhzrgbkgow15","previousOperationId":"n6hphpc8v0sq0om"}
{"type":"operationStart","subtype":"engine","name":"handlebars","timestamp":1705187178291,"id":"x9h4gc8vair1u18","previousEventId":"hn0zhf1nbrk064a","operationId":"4iipuzz5idgty84","previousOperationId":"n6hphpc8v0sq0om"}
{"type":"log","timestamp":1705187178291,"level":"debug","message":"Rendering engine handlebars","meta":{"rootId":"k0wtq86dq7lf6l4","id":"k0wtq86dq7lf6l4"},"id":"qgff2qth5awi0as","previousOperationId":"4iipuzz5idgty84"}
{"type":"operationEnd","operationId":"4iipuzz5idgty84","timestamp":1705187178300,"id":"4z0png6ovlgjdsv","previousEventId":"x9h4gc8vair1u18","previousOperationId":"4iipuzz5idgty84"}
{"type":"operationStart","subtype":"recipe","name":"chrome-pdf","timestamp":1705187178300,"id":"svzzuj687zpd4cw","previousEventId":"4z0png6ovlgjdsv","operationId":"esorbybyvalnpvv","previousOperationId":"4iipuzz5idgty84"}
{"type":"log","timestamp":1705187178300,"level":"debug","message":"Executing recipe chrome-pdf","meta":{"rootId":"k0wtq86dq7lf6l4","id":"k0wtq86dq7lf6l4"},"id":"wt4io0436z5ahth","previousOperationId":"esorbybyvalnpvv"}
{"type":"log","timestamp":1705187178303,"level":"debug","message":"Converting with chrome HeadlessChrome/117.0.5938.149 using chrome-pool strategy","meta":{"rootId":"k0wtq86dq7lf6l4","id":"k0wtq86dq7lf6l4"},"id":"uzmt2tt1nbs9q7a","previousOperationId":"esorbybyvalnpvv"}
{"type":"log","timestamp":1705187178379,"level":"debug","message":"Page request: GET (document) file:///C:/Users/Javier/AppData/Local/Temp/jsreport/autocleanup/d14c8085-b960-4e29-a49f-5875a803e172-chrome-pdf.html","meta":{"rootId":"k0wtq86dq7lf6l4","id":"k0wtq86dq7lf6l4"},"id":"etav4zrsj2ikojk","previousOperationId":"esorbybyvalnpvv"}
{"type":"log","timestamp":1705187178423,"level":"debug","message":"Page request: GET (stylesheet) https://cdnjs.cloudflare.com/ajax/libs/metro/4.1.5/css/metro.min.css","meta":{"rootId":"k0wtq86dq7lf6l4","id":"k0wtq86dq7lf6l4"},"id":"jon6qljpjlxl96s","previousOperationId":"esorbybyvalnpvv"}
{"type":"log","timestamp":1705187178423,"level":"debug","message":"Page request: GET (script) https://cdnjs.cloudflare.com/ajax/libs/Chart.js/2.7.2/Chart.min.js","meta":{"rootId":"k0wtq86dq7lf6l4","id":"k0wtq86dq7lf6l4"},"id":"vfsck26177oyjcj","previousOperationId":"esorbybyvalnpvv"}
{"type":"log","timestamp":1705187178424,"level":"debug","message":"Page request finished: GET (document) 200 file:///C:/Users/Javier/AppData/Local/Temp/jsreport/autocleanup/d14c8085-b960-4e29-a49f-5875a803e172-chrome-pdf.html","meta":{"rootId":"k0wtq86dq7lf6l4","id":"k0wtq86dq7lf6l4"},"id":"kht2sxqe23o2109","previousOperationId":"esorbybyvalnpvv"}
{"type":"log","timestamp":1705187178428,"level":"debug","message":"Page request finished: GET (script) 200 https://cdnjs.cloudflare.com/ajax/libs/Chart.js/2.7.2/Chart.min.js","meta":{"rootId":"k0wtq86dq7lf6l4","id":"k0wtq86dq7lf6l4"},"id":"w0e9uutyjjugbaj","previousOperationId":"esorbybyvalnpvv"}
{"type":"log","timestamp":1705187178438,"level":"debug","message":"Page request finished: GET (stylesheet) 200 https://cdnjs.cloudflare.com/ajax/libs/metro/4.1.5/css/metro.min.css","meta":{"rootId":"k0wtq86dq7lf6l4","id":"k0wtq86dq7lf6l4"},"id":"01nqcdtel0wqlia","previousOperationId":"esorbybyvalnpvv"}
{"type":"log","timestamp":1705187178495,"level":"debug","message":"Running chrome with params {\"printBackground\":true,\"timeout\":59932,\"margin\":{}}","meta":{"rootId":"k0wtq86dq7lf6l4","id":"k0wtq86dq7lf6l4"},"id":"abh6gww7pd2xq2j","previousOperationId":"esorbybyvalnpvv"}
{"type":"operationEnd","operationId":"esorbybyvalnpvv","timestamp":1705187178590,"id":"3eb8vudp6xlzskf","previousEventId":"svzzuj687zpd4cw","previousOperationId":"esorbybyvalnpvv"}
{"type":"log","timestamp":1705187178590,"level":"debug","message":"Skipping storing report.","meta":{"rootId":"k0wtq86dq7lf6l4","id":"k0wtq86dq7lf6l4"},"id":"lsk4n71dgxbs521","previousOperationId":"esorbybyvalnpvv"}
{"type":"log","timestamp":1705187178590,"level":"info","message":"Rendering request 13 finished in 356 ms","meta":{"rootId":"k0wtq86dq7lf6l4","id":"k0wtq86dq7lf6l4"},"id":"68moav2pagfkvss","previousOperationId":"esorbybyvalnpvv"}
{"type":"operationEnd","subtype":"render","operationId":"jdk477w8xptic1s","timestamp":1705187178590,"id":"bucn069ndnkffa3","previousEventId":"3eb8vudp6xlzskf","previousOperationId":"esorbybyvalnpvv"}
{"type":"operationEnd","doDiffs":false,"previousEventId":"9murs3jy0073xjk","previousOperationId":"bdye6ulfoleqlca","operationId":"bdye6ulfoleqlca","timestamp":1705187178592,"id":"183p6e90wxvqaw9"}
