{"type":"operationStart","subtype":"profile","data":{"_id":"Wi82NpabBfKsj6wl","timestamp":"2024-01-13T22:16:26.908Z","state":"queued","mode":"standard","creationDate":"2024-01-13T22:16:26.910Z","modificationDate":"2024-01-13T22:16:26.910Z","shortid":"i35wOck","$entitySet":"profiles"},"doDiffs":false,"timestamp":1705184186909,"id":"2tzibut59simojs","previousOperationId":null,"operationId":"mgeuxaotfq0an9w"}
{"type":"log","level":"info","message":"Render request 7 queued for execution and waiting for available worker","previousOperationId":"mgeuxaotfq0an9w","timestamp":1705184186909,"id":"xja1llszq1p3bq2"}
{"type":"operationStart","subtype":"render","name":"AveragePunctuation","previousOperationId":"mgeuxaotfq0an9w","timestamp":1705184186917,"id":"fpxnilrwf1ea6pb","previousEventId":"2tzibut59simojs","operationId":"rz0qvfaz4cxohj2"}
{"type":"log","timestamp":1705184186917,"level":"info","message":"Starting rendering request 7","meta":{"rootId":"k5gsjzqxvjhdzkw","id":"k5gsjzqxvjhdzkw"},"id":"yljoybwhrm6umpo","previousOperationId":"rz0qvfaz4cxohj2"}
{"type":"log","timestamp":1705184186917,"level":"info","message":"Rendering template { name: AveragePunctuation, recipe: chrome-pdf, engine: handlebars, preview: false }","meta":{"rootId":"k5gsjzqxvjhdzkw","id":"k5gsjzqxvjhdzkw"},"id":"pp6f617zwzwnqy8","previousOperationId":"rz0qvfaz4cxohj2"}
{"type":"log","timestamp":1705184186920,"level":"debug","message":"Inline data specified.","meta":{"rootId":"k5gsjzqxvjhdzkw","id":"k5gsjzqxvjhdzkw"},"id":"s3w0fm3irs54yay","previousOperationId":"rz0qvfaz4cxohj2"}
{"type":"log","timestamp":1705184186922,"level":"debug","message":"Executing script AveragePunctuation-script (beforeRender)","meta":{"rootId":"k5gsjzqxvjhdzkw","id":"k5gsjzqxvjhdzkw"},"id":"m080ccqou2q8dwk","previousOperationId":"rz0qvfaz4cxohj2"}
{"type":"operationStart","subtype":"scriptsBeforeRender","name":"scripts beforeRender","timestamp":1705184186941,"id":"f5gurzml06qsezy","previousEventId":"fpxnilrwf1ea6pb","operationId":"vxblvo8s5hjtgqj","previousOperationId":"rz0qvfaz4cxohj2"}
{"type":"operationStart","subtype":"script","name":"scripts AveragePunctuation-script","previousOperationId":"vxblvo8s5hjtgqj","timestamp":1705184186941,"id":"jy7cu77hcwc7q1r","previousEventId":"f5gurzml06qsezy","operationId":"9q4mnbczpcu228z"}
{"type":"operationEnd","operationId":"9q4mnbczpcu228z","timestamp":1705184186956,"id":"fngbq4g1zoi910f","previousEventId":"fpxnilrwf1ea6pb","previousOperationId":"rz0qvfaz4cxohj2"}
{"type":"operationEnd","operationId":"vxblvo8s5hjtgqj","timestamp":1705184186956,"id":"iisha8ibwsd5eoa","previousEventId":"fngbq4g1zoi910f","previousOperationId":"rz0qvfaz4cxohj2"}
{"type":"log","timestamp":1705184186956,"level":"debug","message":"Base url not specified, skipping its injection.","meta":{"rootId":"k5gsjzqxvjhdzkw","id":"k5gsjzqxvjhdzkw"},"id":"8zemv49axivtdfn","previousOperationId":"vxblvo8s5hjtgqj"}
{"type":"operationStart","subtype":"engine","name":"handlebars","timestamp":1705184186956,"id":"3rcjrxzspp7d882","previousEventId":"iisha8ibwsd5eoa","operationId":"uypbjvetib36b3d","previousOperationId":"vxblvo8s5hjtgqj"}
{"type":"log","timestamp":1705184186956,"level":"debug","message":"Rendering engine handlebars","meta":{"rootId":"k5gsjzqxvjhdzkw","id":"k5gsjzqxvjhdzkw"},"id":"tviw2aluawgnz6o","previousOperationId":"uypbjvetib36b3d"}
{"type":"operationEnd","operationId":"uypbjvetib36b3d","timestamp":1705184186964,"id":"m6fd17a5v1nooc3","previousEventId":"3rcjrxzspp7d882","previousOperationId":"uypbjvetib36b3d"}
{"type":"operationStart","subtype":"recipe","name":"chrome-pdf","timestamp":1705184186965,"id":"mao6hfdk87o9oxk","previousEventId":"m6fd17a5v1nooc3","operationId":"9lc3hwlp0dvs207","previousOperationId":"uypbjvetib36b3d"}
{"type":"log","timestamp":1705184186965,"level":"debug","message":"Executing recipe chrome-pdf","meta":{"rootId":"k5gsjzqxvjhdzkw","id":"k5gsjzqxvjhdzkw"},"id":"e9uo4rywux06ord","previousOperationId":"9lc3hwlp0dvs207"}
{"type":"log","timestamp":1705184186968,"level":"debug","message":"Converting with chrome HeadlessChrome/117.0.5938.149 using chrome-pool strategy","meta":{"rootId":"k5gsjzqxvjhdzkw","id":"k5gsjzqxvjhdzkw"},"id":"by2jfqzgciz302t","previousOperationId":"9lc3hwlp0dvs207"}
{"type":"log","timestamp":1705184187049,"level":"debug","message":"Page request: GET (document) file:///C:/Users/Javier/AppData/Local/Temp/jsreport/autocleanup/7cfbe4a0-2cb1-4001-b091-1d62469ecd0f-chrome-pdf.html","meta":{"rootId":"k5gsjzqxvjhdzkw","id":"k5gsjzqxvjhdzkw"},"id":"tcoplbeuforofca","previousOperationId":"9lc3hwlp0dvs207"}
{"type":"log","timestamp":1705184187096,"level":"debug","message":"Page request: GET (stylesheet) https://cdnjs.cloudflare.com/ajax/libs/metro/4.1.5/css/metro.min.css","meta":{"rootId":"k5gsjzqxvjhdzkw","id":"k5gsjzqxvjhdzkw"},"id":"pr06gkuvkdcbfhm","previousOperationId":"9lc3hwlp0dvs207"}
{"type":"log","timestamp":1705184187096,"level":"debug","message":"Page request: GET (script) https://cdnjs.cloudflare.com/ajax/libs/Chart.js/2.7.2/Chart.min.js","meta":{"rootId":"k5gsjzqxvjhdzkw","id":"k5gsjzqxvjhdzkw"},"id":"gapbgekdjy5vufn","previousOperationId":"9lc3hwlp0dvs207"}
{"type":"log","timestamp":1705184187097,"level":"debug","message":"Page request finished: GET (document) 200 file:///C:/Users/Javier/AppData/Local/Temp/jsreport/autocleanup/7cfbe4a0-2cb1-4001-b091-1d62469ecd0f-chrome-pdf.html","meta":{"rootId":"k5gsjzqxvjhdzkw","id":"k5gsjzqxvjhdzkw"},"id":"d2ewp0807h620ww","previousOperationId":"9lc3hwlp0dvs207"}
{"type":"log","timestamp":1705184187101,"level":"debug","message":"Page request finished: GET (script) 200 https://cdnjs.cloudflare.com/ajax/libs/Chart.js/2.7.2/Chart.min.js","meta":{"rootId":"k5gsjzqxvjhdzkw","id":"k5gsjzqxvjhdzkw"},"id":"t3qxy8pvp3yaygu","previousOperationId":"9lc3hwlp0dvs207"}
{"type":"log","timestamp":1705184187111,"level":"debug","message":"Page request finished: GET (stylesheet) 200 https://cdnjs.cloudflare.com/ajax/libs/metro/4.1.5/css/metro.min.css","meta":{"rootId":"k5gsjzqxvjhdzkw","id":"k5gsjzqxvjhdzkw"},"id":"0xob5009gi6s94d","previousOperationId":"9lc3hwlp0dvs207"}
{"type":"log","timestamp":1705184187178,"level":"debug","message":"Running chrome with params {\"printBackground\":true,\"timeout\":59943,\"margin\":{}}","meta":{"rootId":"k5gsjzqxvjhdzkw","id":"k5gsjzqxvjhdzkw"},"id":"ln3e9wb8dw240o1","previousOperationId":"9lc3hwlp0dvs207"}
{"type":"operationEnd","operationId":"9lc3hwlp0dvs207","timestamp":1705184187276,"id":"mjhig3bdhadf9g8","previousEventId":"mao6hfdk87o9oxk","previousOperationId":"9lc3hwlp0dvs207"}
{"type":"log","timestamp":1705184187276,"level":"debug","message":"Skipping storing report.","meta":{"rootId":"k5gsjzqxvjhdzkw","id":"k5gsjzqxvjhdzkw"},"id":"4m4jom57r0yryry","previousOperationId":"9lc3hwlp0dvs207"}
{"type":"log","timestamp":1705184187276,"level":"info","message":"Rendering request 7 finished in 368 ms","meta":{"rootId":"k5gsjzqxvjhdzkw","id":"k5gsjzqxvjhdzkw"},"id":"4dutc1npggmoher","previousOperationId":"9lc3hwlp0dvs207"}
{"type":"operationEnd","subtype":"render","operationId":"rz0qvfaz4cxohj2","timestamp":1705184187276,"id":"j7yictxpzh1gv40","previousEventId":"mjhig3bdhadf9g8","previousOperationId":"9lc3hwlp0dvs207"}
{"type":"operationEnd","doDiffs":false,"previousEventId":"2tzibut59simojs","previousOperationId":"mgeuxaotfq0an9w","operationId":"mgeuxaotfq0an9w","timestamp":1705184187278,"id":"1vj22bcgkcb0ig9"}
