{"type":"operationStart","subtype":"profile","data":{"_id":"u8tWDZ8CCwvWcme8","timestamp":"2024-01-13T14:26:44.110Z","state":"queued","mode":"standard","creationDate":"2024-01-13T14:26:44.111Z","modificationDate":"2024-01-13T14:26:44.111Z","shortid":"dGzG4fo","$entitySet":"profiles"},"doDiffs":false,"timestamp":1705156004111,"id":"hcvq05h4cap0ynr","previousOperationId":null,"operationId":"fiscsfvphjlbkbn"}
{"type":"log","level":"info","message":"Render request 32 queued for execution and waiting for available worker","previousOperationId":"fiscsfvphjlbkbn","timestamp":1705156004111,"id":"9e73iz6sxxdr985"}
{"type":"operationStart","subtype":"render","name":"AveragePunctuation","previousOperationId":"fiscsfvphjlbkbn","timestamp":1705156004118,"id":"33gwp5zaebatpju","previousEventId":"hcvq05h4cap0ynr","operationId":"zsztriydogv9may"}
{"type":"log","timestamp":1705156004118,"level":"info","message":"Starting rendering request 32","meta":{"rootId":"k920xgqz3kpvx77","id":"k920xgqz3kpvx77"},"id":"z8xgur607bnd9xm","previousOperationId":"zsztriydogv9may"}
{"type":"log","timestamp":1705156004118,"level":"info","message":"Rendering template { name: AveragePunctuation, recipe: chrome-pdf, engine: handlebars, preview: false }","meta":{"rootId":"k920xgqz3kpvx77","id":"k920xgqz3kpvx77"},"id":"brk21kn7fmp54kw","previousOperationId":"zsztriydogv9may"}
{"type":"log","timestamp":1705156004120,"level":"debug","message":"Inline data specified.","meta":{"rootId":"k920xgqz3kpvx77","id":"k920xgqz3kpvx77"},"id":"0e6zg47se9ps4fp","previousOperationId":"zsztriydogv9may"}
{"type":"log","timestamp":1705156004122,"level":"debug","message":"Executing script AveragePunctuation-script (beforeRender)","meta":{"rootId":"k920xgqz3kpvx77","id":"k920xgqz3kpvx77"},"id":"o1o8a4q8xe0xkjt","previousOperationId":"zsztriydogv9may"}
{"type":"operationStart","subtype":"scriptsBeforeRender","name":"scripts beforeRender","timestamp":1705156004136,"id":"oscljijmizzqfje","previousEventId":"33gwp5zaebatpju","operationId":"ea8dee0x7zqk08d","previousOperationId":"zsztriydogv9may"}
{"type":"operationStart","subtype":"script","name":"scripts AveragePunctuation-script","previousOperationId":"ea8dee0x7zqk08d","timestamp":1705156004136,"id":"pafxl5fvkn3tmq6","previousEventId":"oscljijmizzqfje","operationId":"j08z9irhtwjzniz"}
{"type":"operationEnd","operationId":"j08z9irhtwjzniz","timestamp":1705156004149,"id":"fbpk2aaic76lqnk","previousEventId":"33gwp5zaebatpju","previousOperationId":"zsztriydogv9may"}
{"type":"operationEnd","operationId":"ea8dee0x7zqk08d","timestamp":1705156004149,"id":"6estthmsfqx27nc","previousEventId":"fbpk2aaic76lqnk","previousOperationId":"zsztriydogv9may"}
{"type":"log","timestamp":1705156004149,"level":"debug","message":"Base url not specified, skipping its injection.","meta":{"rootId":"k920xgqz3kpvx77","id":"k920xgqz3kpvx77"},"id":"lmo7a298x4hmlws","previousOperationId":"ea8dee0x7zqk08d"}
{"type":"operationStart","subtype":"engine","name":"handlebars","timestamp":1705156004149,"id":"ivsafjkqyjq1lqa","previousEventId":"6estthmsfqx27nc","operationId":"6w252t015rjxzyx","previousOperationId":"ea8dee0x7zqk08d"}
{"type":"log","timestamp":1705156004149,"level":"debug","message":"Rendering engine handlebars","meta":{"rootId":"k920xgqz3kpvx77","id":"k920xgqz3kpvx77"},"id":"1vdrq0r1vot1nyf","previousOperationId":"6w252t015rjxzyx"}
{"type":"operationEnd","operationId":"6w252t015rjxzyx","timestamp":1705156004160,"id":"h0ckoagit62h1zw","previousEventId":"ivsafjkqyjq1lqa","previousOperationId":"6w252t015rjxzyx"}
{"type":"operationStart","subtype":"recipe","name":"chrome-pdf","timestamp":1705156004160,"id":"h5x3uu8n2onw86n","previousEventId":"h0ckoagit62h1zw","operationId":"vb2z44h6t26x3cc","previousOperationId":"6w252t015rjxzyx"}
{"type":"log","timestamp":1705156004160,"level":"debug","message":"Executing recipe chrome-pdf","meta":{"rootId":"k920xgqz3kpvx77","id":"k920xgqz3kpvx77"},"id":"d6vkm3upp0n9gio","previousOperationId":"vb2z44h6t26x3cc"}
{"type":"log","timestamp":1705156004165,"level":"debug","message":"Converting with chrome HeadlessChrome/117.0.5938.149 using chrome-pool strategy","meta":{"rootId":"k920xgqz3kpvx77","id":"k920xgqz3kpvx77"},"id":"u67k97hlps0wlim","previousOperationId":"vb2z44h6t26x3cc"}
{"type":"log","timestamp":1705156004266,"level":"debug","message":"Page request: GET (document) file:///C:/Users/Javier/AppData/Local/Temp/jsreport/autocleanup/e19a12fa-b917-4963-a582-4a916fd98b92-chrome-pdf.html","meta":{"rootId":"k920xgqz3kpvx77","id":"k920xgqz3kpvx77"},"id":"77fux2cx2mesw7d","previousOperationId":"vb2z44h6t26x3cc"}
{"type":"log","timestamp":1705156004324,"level":"debug","message":"Page request: GET (stylesheet) https://cdnjs.cloudflare.com/ajax/libs/metro/4.1.5/css/metro.min.css","meta":{"rootId":"k920xgqz3kpvx77","id":"k920xgqz3kpvx77"},"id":"37wssladaefnbvc","previousOperationId":"vb2z44h6t26x3cc"}
{"type":"log","timestamp":1705156004325,"level":"debug","message":"Page request: GET (script) https://cdnjs.cloudflare.com/ajax/libs/Chart.js/2.7.2/Chart.min.js","meta":{"rootId":"k920xgqz3kpvx77","id":"k920xgqz3kpvx77"},"id":"zqjhxle2jkg1ay4","previousOperationId":"vb2z44h6t26x3cc"}
{"type":"log","timestamp":1705156004325,"level":"debug","message":"Page request finished: GET (document) 200 file:///C:/Users/Javier/AppData/Local/Temp/jsreport/autocleanup/e19a12fa-b917-4963-a582-4a916fd98b92-chrome-pdf.html","meta":{"rootId":"k920xgqz3kpvx77","id":"k920xgqz3kpvx77"},"id":"xuzawndryhhohrz","previousOperationId":"vb2z44h6t26x3cc"}
{"type":"log","timestamp":1705156004330,"level":"debug","message":"Page request finished: GET (script) 200 https://cdnjs.cloudflare.com/ajax/libs/Chart.js/2.7.2/Chart.min.js","meta":{"rootId":"k920xgqz3kpvx77","id":"k920xgqz3kpvx77"},"id":"1ki2tkshqtcd8hc","previousOperationId":"vb2z44h6t26x3cc"}
{"type":"log","timestamp":1705156004345,"level":"debug","message":"Page request finished: GET (stylesheet) 200 https://cdnjs.cloudflare.com/ajax/libs/metro/4.1.5/css/metro.min.css","meta":{"rootId":"k920xgqz3kpvx77","id":"k920xgqz3kpvx77"},"id":"ljl3j9g4afkv9k6","previousOperationId":"vb2z44h6t26x3cc"}
{"type":"log","timestamp":1705156004412,"level":"debug","message":"Running chrome with params {\"printBackground\":true,\"timeout\":59948,\"margin\":{}}","meta":{"rootId":"k920xgqz3kpvx77","id":"k920xgqz3kpvx77"},"id":"iojm8wh4frb813k","previousOperationId":"vb2z44h6t26x3cc"}
{"type":"operationEnd","operationId":"vb2z44h6t26x3cc","timestamp":1705156004515,"id":"vj4mt7gb0yjib9j","previousEventId":"h5x3uu8n2onw86n","previousOperationId":"vb2z44h6t26x3cc"}
{"type":"log","timestamp":1705156004515,"level":"debug","message":"Skipping storing report.","meta":{"rootId":"k920xgqz3kpvx77","id":"k920xgqz3kpvx77"},"id":"eo9aero4mtnsila","previousOperationId":"vb2z44h6t26x3cc"}
{"type":"log","timestamp":1705156004515,"level":"info","message":"Rendering request 32 finished in 405 ms","meta":{"rootId":"k920xgqz3kpvx77","id":"k920xgqz3kpvx77"},"id":"1iutu7ldk152uo9","previousOperationId":"vb2z44h6t26x3cc"}
{"type":"operationEnd","subtype":"render","operationId":"zsztriydogv9may","timestamp":1705156004516,"id":"389403ekzeiwt2c","previousEventId":"vj4mt7gb0yjib9j","previousOperationId":"vb2z44h6t26x3cc"}
{"type":"operationEnd","doDiffs":false,"previousEventId":"hcvq05h4cap0ynr","previousOperationId":"fiscsfvphjlbkbn","operationId":"fiscsfvphjlbkbn","timestamp":1705156004518,"id":"9hwf8ryvuli8j0f"}
