{"type":"operationStart","subtype":"profile","data":{"_id":"uU557TOA1aApdt1Z","timestamp":"2024-01-11T16:51:48.128Z","state":"queued","mode":"standard","creationDate":"2024-01-11T16:51:48.129Z","modificationDate":"2024-01-11T16:51:48.129Z","shortid":"0Qfo1ea","$entitySet":"profiles"},"doDiffs":false,"timestamp":1704991908128,"id":"kfomy1q6pkm1llu","previousOperationId":null,"operationId":"h8fygli6ljvrhrv"}
{"type":"log","level":"info","message":"Render request 12 queued for execution and waiting for available worker","previousOperationId":"h8fygli6ljvrhrv","timestamp":1704991908129,"id":"omyu1a753h05ny3"}
{"type":"operationStart","subtype":"render","name":"AveragePunctuation","previousOperationId":"h8fygli6ljvrhrv","timestamp":1704991908134,"id":"wft05eic6dqyitn","previousEventId":"kfomy1q6pkm1llu","operationId":"ht6l1awbdfx8fiv"}
{"type":"log","timestamp":1704991908134,"level":"info","message":"Starting rendering request 12","meta":{"rootId":"kd4zesl6iw8rmib","id":"kd4zesl6iw8rmib"},"id":"5kujh7bdxe260m5","previousOperationId":"ht6l1awbdfx8fiv"}
{"type":"log","timestamp":1704991908134,"level":"info","message":"Rendering template { name: AveragePunctuation, recipe: chrome-pdf, engine: handlebars, preview: false }","meta":{"rootId":"kd4zesl6iw8rmib","id":"kd4zesl6iw8rmib"},"id":"ouovhmsssr4bj3t","previousOperationId":"ht6l1awbdfx8fiv"}
{"type":"log","timestamp":1704991908135,"level":"debug","message":"Inline data specified.","meta":{"rootId":"kd4zesl6iw8rmib","id":"kd4zesl6iw8rmib"},"id":"ympbwfrds267d0t","previousOperationId":"ht6l1awbdfx8fiv"}
{"type":"log","timestamp":1704991908137,"level":"debug","message":"Executing script AveragePunctuation-script (beforeRender)","meta":{"rootId":"kd4zesl6iw8rmib","id":"kd4zesl6iw8rmib"},"id":"1v2ozsan9wdnylf","previousOperationId":"ht6l1awbdfx8fiv"}
{"type":"operationStart","subtype":"scriptsBeforeRender","name":"scripts beforeRender","timestamp":1704991908151,"id":"auj1e6tij50g48h","previousEventId":"wft05eic6dqyitn","operationId":"ehk1rcmupr9mlbp","previousOperationId":"ht6l1awbdfx8fiv"}
{"type":"operationStart","subtype":"script","name":"scripts AveragePunctuation-script","previousOperationId":"ehk1rcmupr9mlbp","timestamp":1704991908151,"id":"m5te9d5lvnz1fus","previousEventId":"auj1e6tij50g48h","operationId":"hrpa8fx27ezmnvj"}
{"type":"operationEnd","operationId":"hrpa8fx27ezmnvj","timestamp":1704991908165,"id":"1sdj47phqxmf7tn","previousEventId":"wft05eic6dqyitn","previousOperationId":"ht6l1awbdfx8fiv"}
{"type":"operationEnd","operationId":"ehk1rcmupr9mlbp","timestamp":1704991908165,"id":"drmfne7ecl548cp","previousEventId":"1sdj47phqxmf7tn","previousOperationId":"ht6l1awbdfx8fiv"}
{"type":"log","timestamp":1704991908165,"level":"debug","message":"Base url not specified, skipping its injection.","meta":{"rootId":"kd4zesl6iw8rmib","id":"kd4zesl6iw8rmib"},"id":"3je604xu2g1tj2s","previousOperationId":"ehk1rcmupr9mlbp"}
{"type":"operationStart","subtype":"engine","name":"handlebars","timestamp":1704991908165,"id":"b6c8gluesw0ih0g","previousEventId":"drmfne7ecl548cp","operationId":"d4nre9ynz68k8fl","previousOperationId":"ehk1rcmupr9mlbp"}
{"type":"log","timestamp":1704991908165,"level":"debug","message":"Rendering engine handlebars","meta":{"rootId":"kd4zesl6iw8rmib","id":"kd4zesl6iw8rmib"},"id":"in2iw7cruur8edf","previousOperationId":"d4nre9ynz68k8fl"}
{"type":"operationEnd","operationId":"d4nre9ynz68k8fl","timestamp":1704991908170,"id":"q3et2iv4nkl1dcd","previousEventId":"b6c8gluesw0ih0g","previousOperationId":"d4nre9ynz68k8fl"}
{"type":"operationStart","subtype":"recipe","name":"chrome-pdf","timestamp":1704991908170,"id":"et8ki6vs4p7z187","previousEventId":"q3et2iv4nkl1dcd","operationId":"1bvz3jigk3aj0sq","previousOperationId":"d4nre9ynz68k8fl"}
{"type":"log","timestamp":1704991908170,"level":"debug","message":"Executing recipe chrome-pdf","meta":{"rootId":"kd4zesl6iw8rmib","id":"kd4zesl6iw8rmib"},"id":"7gw2o4m29ai0kty","previousOperationId":"1bvz3jigk3aj0sq"}
{"type":"log","timestamp":1704991908171,"level":"debug","message":"Converting with chrome HeadlessChrome/117.0.5938.149 using chrome-pool strategy","meta":{"rootId":"kd4zesl6iw8rmib","id":"kd4zesl6iw8rmib"},"id":"7algrzca4kqwvp3","previousOperationId":"1bvz3jigk3aj0sq"}
{"type":"log","timestamp":1704991908234,"level":"debug","message":"Page request: GET (document) file:///C:/Users/Javier/AppData/Local/Temp/jsreport/autocleanup/65ae764d-d99c-4cbb-be88-b442caa40a47-chrome-pdf.html","meta":{"rootId":"kd4zesl6iw8rmib","id":"kd4zesl6iw8rmib"},"id":"c08pk49yjx89bap","previousOperationId":"1bvz3jigk3aj0sq"}
{"type":"log","timestamp":1704991908240,"level":"debug","message":"Page request finished: GET (document) 200 file:///C:/Users/Javier/AppData/Local/Temp/jsreport/autocleanup/65ae764d-d99c-4cbb-be88-b442caa40a47-chrome-pdf.html","meta":{"rootId":"kd4zesl6iw8rmib","id":"kd4zesl6iw8rmib"},"id":"b9gjpyd22iugvqh","previousOperationId":"1bvz3jigk3aj0sq"}
{"type":"log","timestamp":1704991908243,"level":"debug","message":"Running chrome with params {\"printBackground\":true,\"timeout\":59958,\"margin\":{}}","meta":{"rootId":"kd4zesl6iw8rmib","id":"kd4zesl6iw8rmib"},"id":"j9wp9o2i6x2nj7v","previousOperationId":"1bvz3jigk3aj0sq"}
{"type":"operationEnd","operationId":"1bvz3jigk3aj0sq","timestamp":1704991908254,"id":"5lkcmsvr9687h89","previousEventId":"et8ki6vs4p7z187","previousOperationId":"1bvz3jigk3aj0sq"}
{"type":"log","timestamp":1704991908254,"level":"debug","message":"Skipping storing report.","meta":{"rootId":"kd4zesl6iw8rmib","id":"kd4zesl6iw8rmib"},"id":"p1f0l3uruk4yvtd","previousOperationId":"1bvz3jigk3aj0sq"}
{"type":"log","timestamp":1704991908254,"level":"info","message":"Rendering request 12 finished in 126 ms","meta":{"rootId":"kd4zesl6iw8rmib","id":"kd4zesl6iw8rmib"},"id":"01gqtv4lcp1u34j","previousOperationId":"1bvz3jigk3aj0sq"}
{"type":"operationEnd","subtype":"render","operationId":"ht6l1awbdfx8fiv","timestamp":1704991908254,"id":"2bh834q415dmld6","previousEventId":"5lkcmsvr9687h89","previousOperationId":"1bvz3jigk3aj0sq"}
{"type":"operationEnd","doDiffs":false,"previousEventId":"kfomy1q6pkm1llu","previousOperationId":"h8fygli6ljvrhrv","operationId":"h8fygli6ljvrhrv","timestamp":1704991908258,"id":"v1fgq29owai2qes"}
