{"type":"operationStart","subtype":"profile","data":{"_id":"6tLsLYZ2oK8nMy4p","timestamp":"2024-01-13T14:21:52.677Z","state":"queued","mode":"standard","creationDate":"2024-01-13T14:21:52.678Z","modificationDate":"2024-01-13T14:21:52.678Z","shortid":"66INFCE","$entitySet":"profiles"},"doDiffs":false,"timestamp":1705155712678,"id":"ct8ptdzqwaw0sr7","previousOperationId":null,"operationId":"22ex6y9ovm3yyh9"}
{"type":"log","level":"info","message":"Render request 21 queued for execution and waiting for available worker","previousOperationId":"22ex6y9ovm3yyh9","timestamp":1705155712678,"id":"80lmxkr223w29ym"}
{"type":"operationStart","subtype":"render","name":"AveragePunctuation","previousOperationId":"22ex6y9ovm3yyh9","timestamp":1705155712683,"id":"3hf0craz11ggz17","previousEventId":"ct8ptdzqwaw0sr7","operationId":"ad0fzg7unfkeqzs"}
{"type":"log","timestamp":1705155712683,"level":"info","message":"Starting rendering request 21","meta":{"rootId":"kdtzpv6z6bxs5pn","id":"kdtzpv6z6bxs5pn"},"id":"sh4jajb4m9pdyq6","previousOperationId":"ad0fzg7unfkeqzs"}
{"type":"log","timestamp":1705155712683,"level":"info","message":"Rendering template { name: AveragePunctuation, recipe: chrome-pdf, engine: handlebars, preview: false }","meta":{"rootId":"kdtzpv6z6bxs5pn","id":"kdtzpv6z6bxs5pn"},"id":"91yn7ixt8fm67lj","previousOperationId":"ad0fzg7unfkeqzs"}
{"type":"log","timestamp":1705155712684,"level":"debug","message":"Inline data specified.","meta":{"rootId":"kdtzpv6z6bxs5pn","id":"kdtzpv6z6bxs5pn"},"id":"jxwaa8id6q46h3t","previousOperationId":"ad0fzg7unfkeqzs"}
{"type":"log","timestamp":1705155712685,"level":"debug","message":"Executing script AveragePunctuation-script (beforeRender)","meta":{"rootId":"kdtzpv6z6bxs5pn","id":"kdtzpv6z6bxs5pn"},"id":"7sw99j4ccfwzavs","previousOperationId":"ad0fzg7unfkeqzs"}
{"type":"operationStart","subtype":"scriptsBeforeRender","name":"scripts beforeRender","timestamp":1705155712700,"id":"qkc04olbwfscqoj","previousEventId":"3hf0craz11ggz17","operationId":"hzkrpgji7yp6m9e","previousOperationId":"ad0fzg7unfkeqzs"}
{"type":"operationStart","subtype":"script","name":"scripts AveragePunctuation-script","previousOperationId":"hzkrpgji7yp6m9e","timestamp":1705155712700,"id":"9tuvwncp9ghw9cf","previousEventId":"qkc04olbwfscqoj","operationId":"494hgs9d80y94pc"}
{"type":"operationEnd","operationId":"494hgs9d80y94pc","timestamp":1705155712722,"id":"03ymo2ky6rj4gv8","previousEventId":"3hf0craz11ggz17","previousOperationId":"ad0fzg7unfkeqzs"}
{"type":"operationEnd","operationId":"hzkrpgji7yp6m9e","timestamp":1705155712722,"id":"4ge5ypekg334nx5","previousEventId":"03ymo2ky6rj4gv8","previousOperationId":"ad0fzg7unfkeqzs"}
{"type":"log","timestamp":1705155712722,"level":"debug","message":"Base url not specified, skipping its injection.","meta":{"rootId":"kdtzpv6z6bxs5pn","id":"kdtzpv6z6bxs5pn"},"id":"o1jg8weu61pzuig","previousOperationId":"hzkrpgji7yp6m9e"}
{"type":"operationStart","subtype":"engine","name":"handlebars","timestamp":1705155712722,"id":"qmx9mncrcm5ph14","previousEventId":"4ge5ypekg334nx5","operationId":"2cg9e013jgtpmx0","previousOperationId":"hzkrpgji7yp6m9e"}
{"type":"log","timestamp":1705155712722,"level":"debug","message":"Rendering engine handlebars","meta":{"rootId":"kdtzpv6z6bxs5pn","id":"kdtzpv6z6bxs5pn"},"id":"8d7n1dfilyibe74","previousOperationId":"2cg9e013jgtpmx0"}
{"type":"operationEnd","operationId":"2cg9e013jgtpmx0","timestamp":1705155712736,"id":"3nytyl7lwohbtx4","previousEventId":"qmx9mncrcm5ph14","previousOperationId":"2cg9e013jgtpmx0"}
{"type":"operationStart","subtype":"recipe","name":"chrome-pdf","timestamp":1705155712737,"id":"unbfu0top8ffsbv","previousEventId":"3nytyl7lwohbtx4","operationId":"wc3f7fhgve91po1","previousOperationId":"2cg9e013jgtpmx0"}
{"type":"log","timestamp":1705155712737,"level":"debug","message":"Executing recipe chrome-pdf","meta":{"rootId":"kdtzpv6z6bxs5pn","id":"kdtzpv6z6bxs5pn"},"id":"tjpy1id06tx7bo5","previousOperationId":"wc3f7fhgve91po1"}
{"type":"log","timestamp":1705155712739,"level":"debug","message":"Converting with chrome HeadlessChrome/117.0.5938.149 using chrome-pool strategy","meta":{"rootId":"kdtzpv6z6bxs5pn","id":"kdtzpv6z6bxs5pn"},"id":"mu3nfxgz9k4xd12","previousOperationId":"wc3f7fhgve91po1"}
{"type":"log","timestamp":1705155712816,"level":"debug","message":"Page request: GET (document) file:///C:/Users/Javier/AppData/Local/Temp/jsreport/autocleanup/65d49e4a-6169-454d-95ef-7e2a84c5cd82-chrome-pdf.html","meta":{"rootId":"kdtzpv6z6bxs5pn","id":"kdtzpv6z6bxs5pn"},"id":"z1q6afomluhdxwq","previousOperationId":"wc3f7fhgve91po1"}
{"type":"log","timestamp":1705155712860,"level":"debug","message":"Page request: GET (stylesheet) https://cdnjs.cloudflare.com/ajax/libs/metro/4.1.5/css/metro.min.css","meta":{"rootId":"kdtzpv6z6bxs5pn","id":"kdtzpv6z6bxs5pn"},"id":"ok2dts4eo95eau4","previousOperationId":"wc3f7fhgve91po1"}
{"type":"log","timestamp":1705155712860,"level":"debug","message":"Page request: GET (script) https://cdnjs.cloudflare.com/ajax/libs/Chart.js/2.7.2/Chart.min.js","meta":{"rootId":"kdtzpv6z6bxs5pn","id":"kdtzpv6z6bxs5pn"},"id":"kkfaj2jfap973bh","previousOperationId":"wc3f7fhgve91po1"}
{"type":"log","timestamp":1705155712861,"level":"debug","message":"Page request finished: GET (document) 200 file:///C:/Users/Javier/AppData/Local/Temp/jsreport/autocleanup/65d49e4a-6169-454d-95ef-7e2a84c5cd82-chrome-pdf.html","meta":{"rootId":"kdtzpv6z6bxs5pn","id":"kdtzpv6z6bxs5pn"},"id":"ll8ajo729qu4mpa","previousOperationId":"wc3f7fhgve91po1"}
{"type":"log","timestamp":1705155712878,"level":"debug","message":"Page request finished: GET (script) 200 https://cdnjs.cloudflare.com/ajax/libs/Chart.js/2.7.2/Chart.min.js","meta":{"rootId":"kdtzpv6z6bxs5pn","id":"kdtzpv6z6bxs5pn"},"id":"j84cg769k0jfwb1","previousOperationId":"wc3f7fhgve91po1"}
{"type":"log","timestamp":1705155712882,"level":"debug","message":"Page request finished: GET (stylesheet) 200 https://cdnjs.cloudflare.com/ajax/libs/metro/4.1.5/css/metro.min.css","meta":{"rootId":"kdtzpv6z6bxs5pn","id":"kdtzpv6z6bxs5pn"},"id":"jdnar88ipg4ot5c","previousOperationId":"wc3f7fhgve91po1"}
{"type":"log","timestamp":1705155712943,"level":"debug","message":"Running chrome with params {\"printBackground\":true,\"timeout\":59939,\"margin\":{}}","meta":{"rootId":"kdtzpv6z6bxs5pn","id":"kdtzpv6z6bxs5pn"},"id":"ek0hjftg6g1davj","previousOperationId":"wc3f7fhgve91po1"}
{"type":"operationEnd","operationId":"wc3f7fhgve91po1","timestamp":1705155713041,"id":"jjlgvlaan8aj2b0","previousEventId":"unbfu0top8ffsbv","previousOperationId":"wc3f7fhgve91po1"}
{"type":"log","timestamp":1705155713041,"level":"debug","message":"Skipping storing report.","meta":{"rootId":"kdtzpv6z6bxs5pn","id":"kdtzpv6z6bxs5pn"},"id":"u1eg4ph43ypwq2z","previousOperationId":"wc3f7fhgve91po1"}
{"type":"log","timestamp":1705155713041,"level":"info","message":"Rendering request 21 finished in 364 ms","meta":{"rootId":"kdtzpv6z6bxs5pn","id":"kdtzpv6z6bxs5pn"},"id":"ibueimipiz1kvuc","previousOperationId":"wc3f7fhgve91po1"}
{"type":"operationEnd","subtype":"render","operationId":"ad0fzg7unfkeqzs","timestamp":1705155713041,"id":"dksap3zcouxrsy6","previousEventId":"jjlgvlaan8aj2b0","previousOperationId":"wc3f7fhgve91po1"}
{"type":"operationEnd","doDiffs":false,"previousEventId":"ct8ptdzqwaw0sr7","previousOperationId":"22ex6y9ovm3yyh9","operationId":"22ex6y9ovm3yyh9","timestamp":1705155713043,"id":"17hd2i7oiupq06w"}
