{"type":"operationStart","subtype":"profile","data":{"_id":"jC0IHL1epcRfanJo","timestamp":"2024-01-13T14:29:41.288Z","state":"queued","mode":"standard","creationDate":"2024-01-13T14:29:41.289Z","modificationDate":"2024-01-13T14:29:41.289Z","shortid":"WwAL8oc","$entitySet":"profiles"},"doDiffs":false,"timestamp":1705156181289,"id":"a55g0coxkksa0q6","previousOperationId":null,"operationId":"jgqkhllz6myw2xb"}
{"type":"log","level":"info","message":"Render request 44 queued for execution and waiting for available worker","previousOperationId":"jgqkhllz6myw2xb","timestamp":1705156181289,"id":"x2cg0hde3ech42l"}
{"type":"operationStart","subtype":"render","name":"AveragePunctuation","previousOperationId":"jgqkhllz6myw2xb","timestamp":1705156181293,"id":"sbvua3wu2asus8d","previousEventId":"a55g0coxkksa0q6","operationId":"m4264b30dkw7528"}
{"type":"log","timestamp":1705156181293,"level":"info","message":"Starting rendering request 44","meta":{"rootId":"kjfpigyvp0zbfia","id":"kjfpigyvp0zbfia"},"id":"od8g4vfno057syx","previousOperationId":"m4264b30dkw7528"}
{"type":"log","timestamp":1705156181294,"level":"info","message":"Rendering template { name: AveragePunctuation, recipe: chrome-pdf, engine: handlebars, preview: false }","meta":{"rootId":"kjfpigyvp0zbfia","id":"kjfpigyvp0zbfia"},"id":"dlo66wph3m9nhp1","previousOperationId":"m4264b30dkw7528"}
{"type":"log","timestamp":1705156181294,"level":"debug","message":"Inline data specified.","meta":{"rootId":"kjfpigyvp0zbfia","id":"kjfpigyvp0zbfia"},"id":"b3kncspv90apbab","previousOperationId":"m4264b30dkw7528"}
{"type":"log","timestamp":1705156181295,"level":"debug","message":"Executing script AveragePunctuation-script (beforeRender)","meta":{"rootId":"kjfpigyvp0zbfia","id":"kjfpigyvp0zbfia"},"id":"edy1cb6d8zbdtew","previousOperationId":"m4264b30dkw7528"}
{"type":"operationStart","subtype":"scriptsBeforeRender","name":"scripts beforeRender","timestamp":1705156181310,"id":"3pmzh76jf6zr73k","previousEventId":"sbvua3wu2asus8d","operationId":"c9glnph4i8v2f38","previousOperationId":"m4264b30dkw7528"}
{"type":"operationStart","subtype":"script","name":"scripts AveragePunctuation-script","previousOperationId":"c9glnph4i8v2f38","timestamp":1705156181310,"id":"8koaahns2ydyasv","previousEventId":"3pmzh76jf6zr73k","operationId":"q2umx9i1ljwlpyk"}
{"type":"operationEnd","operationId":"q2umx9i1ljwlpyk","timestamp":1705156181318,"id":"ve3pd5xjs61ht4h","previousEventId":"sbvua3wu2asus8d","previousOperationId":"m4264b30dkw7528"}
{"type":"operationEnd","operationId":"c9glnph4i8v2f38","timestamp":1705156181318,"id":"5rf1p63l4ib2t8b","previousEventId":"ve3pd5xjs61ht4h","previousOperationId":"m4264b30dkw7528"}
{"type":"log","timestamp":1705156181318,"level":"debug","message":"Base url not specified, skipping its injection.","meta":{"rootId":"kjfpigyvp0zbfia","id":"kjfpigyvp0zbfia"},"id":"vs4aafgb98jf2ae","previousOperationId":"c9glnph4i8v2f38"}
{"type":"operationStart","subtype":"engine","name":"handlebars","timestamp":1705156181319,"id":"v9vqg1z018eaffu","previousEventId":"5rf1p63l4ib2t8b","operationId":"mffk7o8fldhgvip","previousOperationId":"c9glnph4i8v2f38"}
{"type":"log","timestamp":1705156181319,"level":"debug","message":"Rendering engine handlebars","meta":{"rootId":"kjfpigyvp0zbfia","id":"kjfpigyvp0zbfia"},"id":"02imomtygr17j8n","previousOperationId":"mffk7o8fldhgvip"}
{"type":"operationEnd","operationId":"mffk7o8fldhgvip","timestamp":1705156181327,"id":"fuehxyt33zged3r","previousEventId":"v9vqg1z018eaffu","previousOperationId":"mffk7o8fldhgvip"}
{"type":"operationStart","subtype":"recipe","name":"chrome-pdf","timestamp":1705156181327,"id":"am4fqrg26xqu1mv","previousEventId":"fuehxyt33zged3r","operationId":"u477oztglb0khea","previousOperationId":"mffk7o8fldhgvip"}
{"type":"log","timestamp":1705156181327,"level":"debug","message":"Executing recipe chrome-pdf","meta":{"rootId":"kjfpigyvp0zbfia","id":"kjfpigyvp0zbfia"},"id":"q5ea6a1rev6ngsg","previousOperationId":"u477oztglb0khea"}
{"type":"log","timestamp":1705156181328,"level":"debug","message":"Converting with chrome HeadlessChrome/117.0.5938.149 using chrome-pool strategy","meta":{"rootId":"kjfpigyvp0zbfia","id":"kjfpigyvp0zbfia"},"id":"udgmvt5n59qekg1","previousOperationId":"u477oztglb0khea"}
{"type":"log","timestamp":1705156181397,"level":"debug","message":"Page request: GET (document) file:///C:/Users/Javier/AppData/Local/Temp/jsreport/autocleanup/b7087c50-591c-4931-8322-b687fd5b6583-chrome-pdf.html","meta":{"rootId":"kjfpigyvp0zbfia","id":"kjfpigyvp0zbfia"},"id":"0m9ls950pazek8m","previousOperationId":"u477oztglb0khea"}
{"type":"log","timestamp":1705156181441,"level":"debug","message":"Page request: GET (stylesheet) https://cdnjs.cloudflare.com/ajax/libs/metro/4.1.5/css/metro.min.css","meta":{"rootId":"kjfpigyvp0zbfia","id":"kjfpigyvp0zbfia"},"id":"m2zzib505qiap9b","previousOperationId":"u477oztglb0khea"}
{"type":"log","timestamp":1705156181441,"level":"debug","message":"Page request: GET (script) https://cdnjs.cloudflare.com/ajax/libs/Chart.js/2.7.2/Chart.min.js","meta":{"rootId":"kjfpigyvp0zbfia","id":"kjfpigyvp0zbfia"},"id":"0llgemm4vnuuc3f","previousOperationId":"u477oztglb0khea"}
{"type":"log","timestamp":1705156181442,"level":"debug","message":"Page request finished: GET (document) 200 file:///C:/Users/Javier/AppData/Local/Temp/jsreport/autocleanup/b7087c50-591c-4931-8322-b687fd5b6583-chrome-pdf.html","meta":{"rootId":"kjfpigyvp0zbfia","id":"kjfpigyvp0zbfia"},"id":"4811a1eu723h178","previousOperationId":"u477oztglb0khea"}
{"type":"log","timestamp":1705156181446,"level":"debug","message":"Page request finished: GET (script) 200 https://cdnjs.cloudflare.com/ajax/libs/Chart.js/2.7.2/Chart.min.js","meta":{"rootId":"kjfpigyvp0zbfia","id":"kjfpigyvp0zbfia"},"id":"sfh5x0lm6h0wnmt","previousOperationId":"u477oztglb0khea"}
{"type":"log","timestamp":1705156181459,"level":"debug","message":"Page request finished: GET (stylesheet) 200 https://cdnjs.cloudflare.com/ajax/libs/metro/4.1.5/css/metro.min.css","meta":{"rootId":"kjfpigyvp0zbfia","id":"kjfpigyvp0zbfia"},"id":"spz0864q5ja37v1","previousOperationId":"u477oztglb0khea"}
{"type":"log","timestamp":1705156181525,"level":"debug","message":"Running chrome with params {\"printBackground\":true,\"timeout\":59960,\"margin\":{}}","meta":{"rootId":"kjfpigyvp0zbfia","id":"kjfpigyvp0zbfia"},"id":"x3maxik16nr1pcg","previousOperationId":"u477oztglb0khea"}
{"type":"operationEnd","operationId":"u477oztglb0khea","timestamp":1705156181622,"id":"iaseqx3xob51w97","previousEventId":"am4fqrg26xqu1mv","previousOperationId":"u477oztglb0khea"}
{"type":"log","timestamp":1705156181623,"level":"debug","message":"Skipping storing report.","meta":{"rootId":"kjfpigyvp0zbfia","id":"kjfpigyvp0zbfia"},"id":"ykzadl9tfh8opkz","previousOperationId":"u477oztglb0khea"}
{"type":"log","timestamp":1705156181623,"level":"info","message":"Rendering request 44 finished in 335 ms","meta":{"rootId":"kjfpigyvp0zbfia","id":"kjfpigyvp0zbfia"},"id":"r2rolv1ifprlrsh","previousOperationId":"u477oztglb0khea"}
{"type":"operationEnd","subtype":"render","operationId":"m4264b30dkw7528","timestamp":1705156181623,"id":"a3n55wgd46l80nf","previousEventId":"iaseqx3xob51w97","previousOperationId":"u477oztglb0khea"}
{"type":"operationEnd","doDiffs":false,"previousEventId":"a55g0coxkksa0q6","previousOperationId":"jgqkhllz6myw2xb","operationId":"jgqkhllz6myw2xb","timestamp":1705156181624,"id":"08rvfrki6p4nind"}
