{"type":"operationStart","subtype":"profile","data":{"_id":"gS8UQppG9xR9GMGP","timestamp":"2024-01-13T14:19:22.754Z","state":"queued","mode":"standard","creationDate":"2024-01-13T14:19:22.755Z","modificationDate":"2024-01-13T14:19:22.755Z","shortid":"Wc087xg","$entitySet":"profiles"},"doDiffs":false,"timestamp":1705155562755,"id":"9coqt5o8ph13cee","previousOperationId":null,"operationId":"h274vz8hd2ppluf"}
{"type":"log","level":"info","message":"Render request 19 queued for execution and waiting for available worker","previousOperationId":"h274vz8hd2ppluf","timestamp":1705155562755,"id":"8srfc366m7umpb7"}
{"type":"operationStart","subtype":"render","name":"AveragePunctuation","previousOperationId":"h274vz8hd2ppluf","timestamp":1705155562760,"id":"y6jg1wcnhorg1fd","previousEventId":"9coqt5o8ph13cee","operationId":"1k51dyclc2mhfh6"}
{"type":"log","timestamp":1705155562760,"level":"info","message":"Starting rendering request 19","meta":{"rootId":"kmkai64xz7hv7mu","id":"kmkai64xz7hv7mu"},"id":"l6jyawwj9wdteo1","previousOperationId":"1k51dyclc2mhfh6"}
{"type":"log","timestamp":1705155562760,"level":"info","message":"Rendering template { name: AveragePunctuation, recipe: chrome-pdf, engine: handlebars, preview: false }","meta":{"rootId":"kmkai64xz7hv7mu","id":"kmkai64xz7hv7mu"},"id":"iioz1q4eb9ddu1s","previousOperationId":"1k51dyclc2mhfh6"}
{"type":"log","timestamp":1705155562761,"level":"debug","message":"Inline data specified.","meta":{"rootId":"kmkai64xz7hv7mu","id":"kmkai64xz7hv7mu"},"id":"vw7mu94rpqy11hk","previousOperationId":"1k51dyclc2mhfh6"}
{"type":"log","timestamp":1705155562763,"level":"debug","message":"Executing script AveragePunctuation-script (beforeRender)","meta":{"rootId":"kmkai64xz7hv7mu","id":"kmkai64xz7hv7mu"},"id":"4016lvyu2lurtwz","previousOperationId":"1k51dyclc2mhfh6"}
{"type":"operationStart","subtype":"scriptsBeforeRender","name":"scripts beforeRender","timestamp":1705155562777,"id":"iw80aeefov27rg7","previousEventId":"y6jg1wcnhorg1fd","operationId":"czltltsj53934b3","previousOperationId":"1k51dyclc2mhfh6"}
{"type":"operationStart","subtype":"script","name":"scripts AveragePunctuation-script","previousOperationId":"czltltsj53934b3","timestamp":1705155562777,"id":"y0ts1ojs3eepehk","previousEventId":"iw80aeefov27rg7","operationId":"g28e6b6bkkcp2m2"}
{"type":"operationEnd","operationId":"g28e6b6bkkcp2m2","timestamp":1705155562790,"id":"av6gprfjkr5yyii","previousEventId":"y6jg1wcnhorg1fd","previousOperationId":"1k51dyclc2mhfh6"}
{"type":"operationEnd","operationId":"czltltsj53934b3","timestamp":1705155562790,"id":"dcdvbbea7q329dp","previousEventId":"av6gprfjkr5yyii","previousOperationId":"1k51dyclc2mhfh6"}
{"type":"log","timestamp":1705155562790,"level":"debug","message":"Base url not specified, skipping its injection.","meta":{"rootId":"kmkai64xz7hv7mu","id":"kmkai64xz7hv7mu"},"id":"hz8s33ra8lcs8hc","previousOperationId":"czltltsj53934b3"}
{"type":"operationStart","subtype":"engine","name":"handlebars","timestamp":1705155562790,"id":"k4xza5yo2v6x8hx","previousEventId":"dcdvbbea7q329dp","operationId":"d0yxjkhr90dxgxo","previousOperationId":"czltltsj53934b3"}
{"type":"log","timestamp":1705155562790,"level":"debug","message":"Rendering engine handlebars","meta":{"rootId":"kmkai64xz7hv7mu","id":"kmkai64xz7hv7mu"},"id":"ip31fo36vd2f9tc","previousOperationId":"d0yxjkhr90dxgxo"}
{"type":"operationEnd","operationId":"d0yxjkhr90dxgxo","timestamp":1705155562802,"id":"auezxpntev4jilk","previousEventId":"k4xza5yo2v6x8hx","previousOperationId":"d0yxjkhr90dxgxo"}
{"type":"operationStart","subtype":"recipe","name":"chrome-pdf","timestamp":1705155562802,"id":"kduzbimog4mow1c","previousEventId":"auezxpntev4jilk","operationId":"qp2srhyc6enm8lw","previousOperationId":"d0yxjkhr90dxgxo"}
{"type":"log","timestamp":1705155562802,"level":"debug","message":"Executing recipe chrome-pdf","meta":{"rootId":"kmkai64xz7hv7mu","id":"kmkai64xz7hv7mu"},"id":"9z9ky2dyxv3mvrp","previousOperationId":"qp2srhyc6enm8lw"}
{"type":"log","timestamp":1705155562803,"level":"debug","message":"Converting with chrome HeadlessChrome/117.0.5938.149 using chrome-pool strategy","meta":{"rootId":"kmkai64xz7hv7mu","id":"kmkai64xz7hv7mu"},"id":"o1wpqrmg62bs2oz","previousOperationId":"qp2srhyc6enm8lw"}
{"type":"log","timestamp":1705155562874,"level":"debug","message":"Page request: GET (document) file:///C:/Users/Javier/AppData/Local/Temp/jsreport/autocleanup/5c124fa1-7d47-441f-b2fa-fea6cd5ce707-chrome-pdf.html","meta":{"rootId":"kmkai64xz7hv7mu","id":"kmkai64xz7hv7mu"},"id":"9irhnxvco9zexb3","previousOperationId":"qp2srhyc6enm8lw"}
{"type":"log","timestamp":1705155562913,"level":"debug","message":"Page request: GET (stylesheet) https://cdnjs.cloudflare.com/ajax/libs/metro/4.1.5/css/metro.min.css","meta":{"rootId":"kmkai64xz7hv7mu","id":"kmkai64xz7hv7mu"},"id":"loddxf53j4kp2t8","previousOperationId":"qp2srhyc6enm8lw"}
{"type":"log","timestamp":1705155562914,"level":"debug","message":"Page request: GET (script) https://cdnjs.cloudflare.com/ajax/libs/Chart.js/2.7.2/Chart.min.js","meta":{"rootId":"kmkai64xz7hv7mu","id":"kmkai64xz7hv7mu"},"id":"nry53l5oe5n7k1c","previousOperationId":"qp2srhyc6enm8lw"}
{"type":"log","timestamp":1705155562914,"level":"debug","message":"Page request finished: GET (document) 200 file:///C:/Users/Javier/AppData/Local/Temp/jsreport/autocleanup/5c124fa1-7d47-441f-b2fa-fea6cd5ce707-chrome-pdf.html","meta":{"rootId":"kmkai64xz7hv7mu","id":"kmkai64xz7hv7mu"},"id":"oza41px8i1gj6xv","previousOperationId":"qp2srhyc6enm8lw"}
{"type":"log","timestamp":1705155562918,"level":"debug","message":"Page request finished: GET (script) 200 https://cdnjs.cloudflare.com/ajax/libs/Chart.js/2.7.2/Chart.min.js","meta":{"rootId":"kmkai64xz7hv7mu","id":"kmkai64xz7hv7mu"},"id":"zyv36qcl2qrtgab","previousOperationId":"qp2srhyc6enm8lw"}
{"type":"log","timestamp":1705155562929,"level":"debug","message":"Page request finished: GET (stylesheet) 200 https://cdnjs.cloudflare.com/ajax/libs/metro/4.1.5/css/metro.min.css","meta":{"rootId":"kmkai64xz7hv7mu","id":"kmkai64xz7hv7mu"},"id":"4ym41v4th219fkc","previousOperationId":"qp2srhyc6enm8lw"}
{"type":"log","timestamp":1705155562986,"level":"debug","message":"Running chrome with params {\"printBackground\":true,\"timeout\":59951,\"margin\":{}}","meta":{"rootId":"kmkai64xz7hv7mu","id":"kmkai64xz7hv7mu"},"id":"gui8i4474qbgtyy","previousOperationId":"qp2srhyc6enm8lw"}
{"type":"operationEnd","operationId":"qp2srhyc6enm8lw","timestamp":1705155563082,"id":"b2x8dgnmw26i7u4","previousEventId":"kduzbimog4mow1c","previousOperationId":"qp2srhyc6enm8lw"}
{"type":"log","timestamp":1705155563082,"level":"debug","message":"Skipping storing report.","meta":{"rootId":"kmkai64xz7hv7mu","id":"kmkai64xz7hv7mu"},"id":"tfpopx51yuc5inf","previousOperationId":"qp2srhyc6enm8lw"}
{"type":"log","timestamp":1705155563082,"level":"info","message":"Rendering request 19 finished in 328 ms","meta":{"rootId":"kmkai64xz7hv7mu","id":"kmkai64xz7hv7mu"},"id":"r1yxtcr81kfjxyl","previousOperationId":"qp2srhyc6enm8lw"}
{"type":"operationEnd","subtype":"render","operationId":"1k51dyclc2mhfh6","timestamp":1705155563082,"id":"z841lq79p9hieu3","previousEventId":"b2x8dgnmw26i7u4","previousOperationId":"qp2srhyc6enm8lw"}
{"type":"operationEnd","doDiffs":false,"previousEventId":"9coqt5o8ph13cee","previousOperationId":"h274vz8hd2ppluf","operationId":"h274vz8hd2ppluf","timestamp":1705155563084,"id":"hw4yf2vlzwlrtj6"}
