{"type":"operationStart","subtype":"profile","data":{"_id":"sWfr2Wq7VzaDAKF0","timestamp":"2024-01-13T17:26:31.637Z","state":"queued","mode":"standard","creationDate":"2024-01-13T17:26:31.639Z","modificationDate":"2024-01-13T17:26:31.639Z","shortid":"cFY1iiI","$entitySet":"profiles"},"doDiffs":false,"timestamp":1705166791638,"id":"p62cw1n1ty8x6a6","previousOperationId":null,"operationId":"h62m0arv690vods"}
{"type":"log","level":"info","message":"Render request 68 queued for execution and waiting for available worker","previousOperationId":"h62m0arv690vods","timestamp":1705166791638,"id":"90l467b9af4rwb3"}
{"type":"operationStart","subtype":"render","name":"AveragePunctuation","previousOperationId":"h62m0arv690vods","timestamp":1705166791645,"id":"6p22uot472y1yxd","previousEventId":"p62cw1n1ty8x6a6","operationId":"0c8sg8pcf3gdmmv"}
{"type":"log","timestamp":1705166791645,"level":"info","message":"Starting rendering request 68","meta":{"rootId":"ktpqnr9q61asg2q","id":"ktpqnr9q61asg2q"},"id":"dykrcmusodlotto","previousOperationId":"0c8sg8pcf3gdmmv"}
{"type":"log","timestamp":1705166791646,"level":"info","message":"Rendering template { name: AveragePunctuation, recipe: chrome-pdf, engine: handlebars, preview: false }","meta":{"rootId":"ktpqnr9q61asg2q","id":"ktpqnr9q61asg2q"},"id":"caimhfptkl7yuq3","previousOperationId":"0c8sg8pcf3gdmmv"}
{"type":"log","timestamp":1705166791647,"level":"debug","message":"Inline data specified.","meta":{"rootId":"ktpqnr9q61asg2q","id":"ktpqnr9q61asg2q"},"id":"rbgg9drtd57qrhn","previousOperationId":"0c8sg8pcf3gdmmv"}
{"type":"log","timestamp":1705166791651,"level":"debug","message":"Executing script AveragePunctuation-script (beforeRender)","meta":{"rootId":"ktpqnr9q61asg2q","id":"ktpqnr9q61asg2q"},"id":"s528qjrx3ovwjrd","previousOperationId":"0c8sg8pcf3gdmmv"}
{"type":"operationStart","subtype":"scriptsBeforeRender","name":"scripts beforeRender","timestamp":1705166791674,"id":"yyzgi52blsja05h","previousEventId":"6p22uot472y1yxd","operationId":"sy0l19x130pimgk","previousOperationId":"0c8sg8pcf3gdmmv"}
{"type":"operationStart","subtype":"script","name":"scripts AveragePunctuation-script","previousOperationId":"sy0l19x130pimgk","timestamp":1705166791674,"id":"m82vg0lgjhcynjy","previousEventId":"yyzgi52blsja05h","operationId":"muny98caf62pxkl"}
{"type":"operationEnd","operationId":"muny98caf62pxkl","timestamp":1705166791697,"id":"rfmwo9ugvw6umrw","previousEventId":"6p22uot472y1yxd","previousOperationId":"0c8sg8pcf3gdmmv"}
{"type":"operationEnd","operationId":"sy0l19x130pimgk","timestamp":1705166791698,"id":"jguejusrseeif4d","previousEventId":"rfmwo9ugvw6umrw","previousOperationId":"0c8sg8pcf3gdmmv"}
{"type":"log","timestamp":1705166791698,"level":"debug","message":"Base url not specified, skipping its injection.","meta":{"rootId":"ktpqnr9q61asg2q","id":"ktpqnr9q61asg2q"},"id":"m9wgmicg5elfjbe","previousOperationId":"sy0l19x130pimgk"}
{"type":"operationStart","subtype":"engine","name":"handlebars","timestamp":1705166791698,"id":"nglwocqucmju7bo","previousEventId":"jguejusrseeif4d","operationId":"08r5g2q90wo6gjw","previousOperationId":"sy0l19x130pimgk"}
{"type":"log","timestamp":1705166791698,"level":"debug","message":"Rendering engine handlebars","meta":{"rootId":"ktpqnr9q61asg2q","id":"ktpqnr9q61asg2q"},"id":"9cs6jhbh83v8db9","previousOperationId":"08r5g2q90wo6gjw"}
{"type":"operationEnd","operationId":"08r5g2q90wo6gjw","timestamp":1705166791707,"id":"963ckvm9wqj8sr9","previousEventId":"nglwocqucmju7bo","previousOperationId":"08r5g2q90wo6gjw"}
{"type":"operationStart","subtype":"recipe","name":"chrome-pdf","timestamp":1705166791707,"id":"tmria6w760zfs8g","previousEventId":"963ckvm9wqj8sr9","operationId":"bnyqvtnfkm4tpzi","previousOperationId":"08r5g2q90wo6gjw"}
{"type":"log","timestamp":1705166791707,"level":"debug","message":"Executing recipe chrome-pdf","meta":{"rootId":"ktpqnr9q61asg2q","id":"ktpqnr9q61asg2q"},"id":"lj9gjbik7pmnt6z","previousOperationId":"bnyqvtnfkm4tpzi"}
{"type":"log","timestamp":1705166791710,"level":"debug","message":"Converting with chrome HeadlessChrome/117.0.5938.149 using chrome-pool strategy","meta":{"rootId":"ktpqnr9q61asg2q","id":"ktpqnr9q61asg2q"},"id":"dloqtv4xdfj7ogl","previousOperationId":"bnyqvtnfkm4tpzi"}
{"type":"log","timestamp":1705166791811,"level":"debug","message":"Page request: GET (document) file:///C:/Users/Javier/AppData/Local/Temp/jsreport/autocleanup/d56fa8c6-c2d1-44e2-883c-b6a10e4820a6-chrome-pdf.html","meta":{"rootId":"ktpqnr9q61asg2q","id":"ktpqnr9q61asg2q"},"id":"093524z1f8n2rqe","previousOperationId":"bnyqvtnfkm4tpzi"}
{"type":"log","timestamp":1705166791901,"level":"debug","message":"Page request finished: GET (document) 200 file:///C:/Users/Javier/AppData/Local/Temp/jsreport/autocleanup/d56fa8c6-c2d1-44e2-883c-b6a10e4820a6-chrome-pdf.html","meta":{"rootId":"ktpqnr9q61asg2q","id":"ktpqnr9q61asg2q"},"id":"5uqc9ywb9xvitcu","previousOperationId":"bnyqvtnfkm4tpzi"}
{"type":"log","timestamp":1705166791901,"level":"debug","message":"Page request: GET (stylesheet) https://cdnjs.cloudflare.com/ajax/libs/metro/4.1.5/css/metro.min.css","meta":{"rootId":"ktpqnr9q61asg2q","id":"ktpqnr9q61asg2q"},"id":"l7s1ivmlifkhu5i","previousOperationId":"bnyqvtnfkm4tpzi"}
{"type":"log","timestamp":1705166791902,"level":"debug","message":"Page request: GET (script) https://cdnjs.cloudflare.com/ajax/libs/Chart.js/2.7.2/Chart.min.js","meta":{"rootId":"ktpqnr9q61asg2q","id":"ktpqnr9q61asg2q"},"id":"62tm4o6or6kpyn7","previousOperationId":"bnyqvtnfkm4tpzi"}
{"type":"log","timestamp":1705166791920,"level":"debug","message":"Page request finished: GET (script) 200 https://cdnjs.cloudflare.com/ajax/libs/Chart.js/2.7.2/Chart.min.js","meta":{"rootId":"ktpqnr9q61asg2q","id":"ktpqnr9q61asg2q"},"id":"mpwq7vqei1zxamh","previousOperationId":"bnyqvtnfkm4tpzi"}
{"type":"log","timestamp":1705166791934,"level":"debug","message":"Page request finished: GET (stylesheet) 200 https://cdnjs.cloudflare.com/ajax/libs/metro/4.1.5/css/metro.min.css","meta":{"rootId":"ktpqnr9q61asg2q","id":"ktpqnr9q61asg2q"},"id":"6qjojzbr819bvbs","previousOperationId":"bnyqvtnfkm4tpzi"}
{"type":"log","timestamp":1705166792004,"level":"debug","message":"Running chrome with params {\"printBackground\":true,\"timeout\":59929,\"margin\":{}}","meta":{"rootId":"ktpqnr9q61asg2q","id":"ktpqnr9q61asg2q"},"id":"baq6ticykj4e7b1","previousOperationId":"bnyqvtnfkm4tpzi"}
{"type":"operationEnd","operationId":"bnyqvtnfkm4tpzi","timestamp":1705166792103,"id":"uawlu6m1ugnkmjb","previousEventId":"tmria6w760zfs8g","previousOperationId":"bnyqvtnfkm4tpzi"}
{"type":"log","timestamp":1705166792103,"level":"debug","message":"Skipping storing report.","meta":{"rootId":"ktpqnr9q61asg2q","id":"ktpqnr9q61asg2q"},"id":"u252e6mmsj6zmff","previousOperationId":"bnyqvtnfkm4tpzi"}
{"type":"log","timestamp":1705166792104,"level":"info","message":"Rendering request 68 finished in 467 ms","meta":{"rootId":"ktpqnr9q61asg2q","id":"ktpqnr9q61asg2q"},"id":"lqzjt1s2oah4ogp","previousOperationId":"bnyqvtnfkm4tpzi"}
{"type":"operationEnd","subtype":"render","operationId":"0c8sg8pcf3gdmmv","timestamp":1705166792104,"id":"czvfb8gh39y5t1h","previousEventId":"uawlu6m1ugnkmjb","previousOperationId":"bnyqvtnfkm4tpzi"}
{"type":"operationEnd","doDiffs":false,"previousEventId":"p62cw1n1ty8x6a6","previousOperationId":"h62m0arv690vods","operationId":"h62m0arv690vods","timestamp":1705166792106,"id":"1ob5ccxllchhu0s"}
