{"type":"operationStart","subtype":"profile","data":{"_id":"rHPbASgq1QJ3ClG8","timestamp":"2024-01-11T19:20:40.172Z","state":"queued","mode":"standard","creationDate":"2024-01-11T19:20:40.173Z","modificationDate":"2024-01-11T19:20:40.173Z","shortid":"T8dFjGS","$entitySet":"profiles"},"doDiffs":false,"timestamp":1705000840173,"id":"oxmt1xduvkslum9","previousOperationId":null,"operationId":"j3tjj8y9bym9kna"}
{"type":"log","level":"info","message":"Render request 9 queued for execution and waiting for available worker","previousOperationId":"j3tjj8y9bym9kna","timestamp":1705000840173,"id":"w31ogb99x34deap"}
{"type":"operationStart","subtype":"render","name":"AveragePunctuation","previousOperationId":"j3tjj8y9bym9kna","timestamp":1705000840179,"id":"cmlwvtnp2ltwuay","previousEventId":"oxmt1xduvkslum9","operationId":"w8z0o18ycnssihf"}
{"type":"log","timestamp":1705000840180,"level":"info","message":"Starting rendering request 9","meta":{"rootId":"l4cxxikmic2rej1","id":"l4cxxikmic2rej1"},"id":"1ro8oqq0aedgc9z","previousOperationId":"w8z0o18ycnssihf"}
{"type":"log","timestamp":1705000840180,"level":"info","message":"Rendering template { name: AveragePunctuation, recipe: chrome-pdf, engine: handlebars, preview: false }","meta":{"rootId":"l4cxxikmic2rej1","id":"l4cxxikmic2rej1"},"id":"39o56mfpvpdicvb","previousOperationId":"w8z0o18ycnssihf"}
{"type":"log","timestamp":1705000840182,"level":"debug","message":"Inline data specified.","meta":{"rootId":"l4cxxikmic2rej1","id":"l4cxxikmic2rej1"},"id":"bqrdk50rfr13ax9","previousOperationId":"w8z0o18ycnssihf"}
{"type":"log","timestamp":1705000840184,"level":"debug","message":"Executing script AveragePunctuation-script (beforeRender)","meta":{"rootId":"l4cxxikmic2rej1","id":"l4cxxikmic2rej1"},"id":"zpvw0314x8x4859","previousOperationId":"w8z0o18ycnssihf"}
{"type":"operationStart","subtype":"scriptsBeforeRender","name":"scripts beforeRender","timestamp":1705000840458,"id":"5654j77e5rtrvpu","previousEventId":"cmlwvtnp2ltwuay","operationId":"s92zewjt0jg2qve","previousOperationId":"w8z0o18ycnssihf"}
{"type":"operationStart","subtype":"script","name":"scripts AveragePunctuation-script","previousOperationId":"s92zewjt0jg2qve","timestamp":1705000840458,"id":"0hjumnrlmyiupnk","previousEventId":"5654j77e5rtrvpu","operationId":"e6yxmbe7r808112"}
{"type":"operationEnd","operationId":"e6yxmbe7r808112","timestamp":1705000840497,"id":"2d6kwwkmhw9g55f","previousEventId":"cmlwvtnp2ltwuay","previousOperationId":"w8z0o18ycnssihf"}
{"type":"operationEnd","operationId":"s92zewjt0jg2qve","timestamp":1705000840497,"id":"q4oked3g9hergt3","previousEventId":"2d6kwwkmhw9g55f","previousOperationId":"w8z0o18ycnssihf"}
{"type":"log","timestamp":1705000840497,"level":"debug","message":"Base url not specified, skipping its injection.","meta":{"rootId":"l4cxxikmic2rej1","id":"l4cxxikmic2rej1"},"id":"zdgxglvnbdgq9ii","previousOperationId":"s92zewjt0jg2qve"}
{"type":"operationStart","subtype":"engine","name":"handlebars","timestamp":1705000840498,"id":"fqn5kg1154gfax0","previousEventId":"q4oked3g9hergt3","operationId":"4sl03herepo77jh","previousOperationId":"s92zewjt0jg2qve"}
{"type":"log","timestamp":1705000840498,"level":"debug","message":"Rendering engine handlebars","meta":{"rootId":"l4cxxikmic2rej1","id":"l4cxxikmic2rej1"},"id":"n8y4r6kv2ggd4g7","previousOperationId":"4sl03herepo77jh"}
{"type":"operationEnd","operationId":"4sl03herepo77jh","timestamp":1705000840746,"id":"1e1aimg0m2zbl01","previousEventId":"fqn5kg1154gfax0","previousOperationId":"4sl03herepo77jh"}
{"type":"operationStart","subtype":"recipe","name":"chrome-pdf","timestamp":1705000840746,"id":"zcc6kply6llf5b9","previousEventId":"1e1aimg0m2zbl01","operationId":"wlfx4ifajrecdnz","previousOperationId":"4sl03herepo77jh"}
{"type":"log","timestamp":1705000840746,"level":"debug","message":"Executing recipe chrome-pdf","meta":{"rootId":"l4cxxikmic2rej1","id":"l4cxxikmic2rej1"},"id":"5zvs9okhgimotej","previousOperationId":"wlfx4ifajrecdnz"}
{"type":"log","timestamp":1705000841229,"level":"debug","message":"Converting with chrome HeadlessChrome/117.0.5938.149 using chrome-pool strategy","meta":{"rootId":"l4cxxikmic2rej1","id":"l4cxxikmic2rej1"},"id":"qld995vdchoigl4","previousOperationId":"wlfx4ifajrecdnz"}
{"type":"log","timestamp":1705000841364,"level":"debug","message":"Page request: GET (document) file:///C:/Users/Javier/AppData/Local/Temp/jsreport/autocleanup/99e399bb-30f6-4395-84ee-f5a895155eae-chrome-pdf.html","meta":{"rootId":"l4cxxikmic2rej1","id":"l4cxxikmic2rej1"},"id":"jatot4qo3sdxftz","previousOperationId":"wlfx4ifajrecdnz"}
{"type":"log","timestamp":1705000841371,"level":"debug","message":"Page request finished: GET (document) 200 file:///C:/Users/Javier/AppData/Local/Temp/jsreport/autocleanup/99e399bb-30f6-4395-84ee-f5a895155eae-chrome-pdf.html","meta":{"rootId":"l4cxxikmic2rej1","id":"l4cxxikmic2rej1"},"id":"dakr78l6a93i5ee","previousOperationId":"wlfx4ifajrecdnz"}
{"type":"log","timestamp":1705000841373,"level":"debug","message":"Running chrome with params {\"printBackground\":true,\"timeout\":59102,\"margin\":{}}","meta":{"rootId":"l4cxxikmic2rej1","id":"l4cxxikmic2rej1"},"id":"u69bnxpp8b1vpof","previousOperationId":"wlfx4ifajrecdnz"}
{"type":"operationEnd","operationId":"wlfx4ifajrecdnz","timestamp":1705000841385,"id":"uhhyk1wnmt5gs7r","previousEventId":"zcc6kply6llf5b9","previousOperationId":"wlfx4ifajrecdnz"}
{"type":"log","timestamp":1705000841386,"level":"debug","message":"Skipping storing report.","meta":{"rootId":"l4cxxikmic2rej1","id":"l4cxxikmic2rej1"},"id":"qqegd69obt6ohaf","previousOperationId":"wlfx4ifajrecdnz"}
{"type":"log","timestamp":1705000841386,"level":"info","message":"Rendering request 9 finished in 1215 ms","meta":{"rootId":"l4cxxikmic2rej1","id":"l4cxxikmic2rej1"},"id":"oq8rx4sbws5628t","previousOperationId":"wlfx4ifajrecdnz"}
{"type":"operationEnd","subtype":"render","operationId":"w8z0o18ycnssihf","timestamp":1705000841386,"id":"wfvdajkodgeb9bs","previousEventId":"uhhyk1wnmt5gs7r","previousOperationId":"wlfx4ifajrecdnz"}
{"type":"operationEnd","doDiffs":false,"previousEventId":"oxmt1xduvkslum9","previousOperationId":"j3tjj8y9bym9kna","operationId":"j3tjj8y9bym9kna","timestamp":1705000841387,"id":"5lx6yqdwrzructz"}
