{"type":"operationStart","subtype":"profile","data":{"_id":"gAd42swRXQ1k1QUP","timestamp":"2024-01-11T19:34:51.693Z","state":"queued","mode":"standard","creationDate":"2024-01-11T19:34:51.694Z","modificationDate":"2024-01-11T19:34:51.694Z","shortid":"qXuHQhA","$entitySet":"profiles"},"doDiffs":false,"timestamp":1705001691694,"id":"c4xt8butf8qa8xs","previousOperationId":null,"operationId":"1gkm951y3p9h2l3"}
{"type":"log","level":"info","message":"Render request 26 queued for execution and waiting for available worker","previousOperationId":"1gkm951y3p9h2l3","timestamp":1705001691694,"id":"b9yq58aian1c0pc"}
{"type":"operationStart","subtype":"render","name":"AveragePunctuation","previousOperationId":"1gkm951y3p9h2l3","timestamp":1705001691699,"id":"qhxgmb28sypc6ni","previousEventId":"c4xt8butf8qa8xs","operationId":"rrb4ww8s8apzvmi"}
{"type":"log","timestamp":1705001691699,"level":"info","message":"Starting rendering request 26","meta":{"rootId":"ljpzp9ca6kg5evl","id":"ljpzp9ca6kg5evl"},"id":"5e6hbwrdx62724w","previousOperationId":"rrb4ww8s8apzvmi"}
{"type":"log","timestamp":1705001691699,"level":"info","message":"Rendering template { name: AveragePunctuation, recipe: chrome-pdf, engine: handlebars, preview: false }","meta":{"rootId":"ljpzp9ca6kg5evl","id":"ljpzp9ca6kg5evl"},"id":"kt3lqmqxp0lzgyc","previousOperationId":"rrb4ww8s8apzvmi"}
{"type":"log","timestamp":1705001691700,"level":"debug","message":"Inline data specified.","meta":{"rootId":"ljpzp9ca6kg5evl","id":"ljpzp9ca6kg5evl"},"id":"achxt1lvxhi2dsu","previousOperationId":"rrb4ww8s8apzvmi"}
{"type":"log","timestamp":1705001691701,"level":"debug","message":"Executing script AveragePunctuation-script (beforeRender)","meta":{"rootId":"ljpzp9ca6kg5evl","id":"ljpzp9ca6kg5evl"},"id":"yv1wesjt4sg9bwv","previousOperationId":"rrb4ww8s8apzvmi"}
{"type":"operationStart","subtype":"scriptsBeforeRender","name":"scripts beforeRender","timestamp":1705001691714,"id":"9bap3l96x302jc4","previousEventId":"qhxgmb28sypc6ni","operationId":"6bdpgm5ci936yua","previousOperationId":"rrb4ww8s8apzvmi"}
{"type":"operationStart","subtype":"script","name":"scripts AveragePunctuation-script","previousOperationId":"6bdpgm5ci936yua","timestamp":1705001691714,"id":"xy6prdhb0vb2d7d","previousEventId":"9bap3l96x302jc4","operationId":"drfysdt0b2wakkt"}
{"type":"operationEnd","operationId":"drfysdt0b2wakkt","timestamp":1705001691725,"id":"slzayq5mfojb2ya","previousEventId":"qhxgmb28sypc6ni","previousOperationId":"rrb4ww8s8apzvmi"}
{"type":"operationEnd","operationId":"6bdpgm5ci936yua","timestamp":1705001691725,"id":"b2vo8czt6cvpeah","previousEventId":"slzayq5mfojb2ya","previousOperationId":"rrb4ww8s8apzvmi"}
{"type":"log","timestamp":1705001691725,"level":"debug","message":"Base url not specified, skipping its injection.","meta":{"rootId":"ljpzp9ca6kg5evl","id":"ljpzp9ca6kg5evl"},"id":"vmqm1d79i8w8lgx","previousOperationId":"6bdpgm5ci936yua"}
{"type":"operationStart","subtype":"engine","name":"handlebars","timestamp":1705001691725,"id":"zdqk1x1ghew62vk","previousEventId":"b2vo8czt6cvpeah","operationId":"dkugv5i6a0tfrpq","previousOperationId":"6bdpgm5ci936yua"}
{"type":"log","timestamp":1705001691725,"level":"debug","message":"Rendering engine handlebars","meta":{"rootId":"ljpzp9ca6kg5evl","id":"ljpzp9ca6kg5evl"},"id":"nl8n517e1rn4y9v","previousOperationId":"dkugv5i6a0tfrpq"}
{"type":"operationEnd","operationId":"dkugv5i6a0tfrpq","timestamp":1705001691729,"id":"h4hpjbitqhesgf6","previousEventId":"zdqk1x1ghew62vk","previousOperationId":"dkugv5i6a0tfrpq"}
{"type":"operationStart","subtype":"recipe","name":"chrome-pdf","timestamp":1705001691729,"id":"0gb1vcc7md3h9wx","previousEventId":"h4hpjbitqhesgf6","operationId":"q5cx5ejse6x9h06","previousOperationId":"dkugv5i6a0tfrpq"}
{"type":"log","timestamp":1705001691729,"level":"debug","message":"Executing recipe chrome-pdf","meta":{"rootId":"ljpzp9ca6kg5evl","id":"ljpzp9ca6kg5evl"},"id":"lbjul8u0r2daqhc","previousOperationId":"q5cx5ejse6x9h06"}
{"type":"log","timestamp":1705001691731,"level":"debug","message":"Converting with chrome HeadlessChrome/117.0.5938.149 using chrome-pool strategy","meta":{"rootId":"ljpzp9ca6kg5evl","id":"ljpzp9ca6kg5evl"},"id":"v309u9v8pywjpj2","previousOperationId":"q5cx5ejse6x9h06"}
{"type":"log","timestamp":1705001691799,"level":"debug","message":"Page request: GET (document) file:///C:/Users/Javier/AppData/Local/Temp/jsreport/autocleanup/89aa8da8-32d5-4263-8f8b-2cef647fb1fb-chrome-pdf.html","meta":{"rootId":"ljpzp9ca6kg5evl","id":"ljpzp9ca6kg5evl"},"id":"bacmotqt1la3sd2","previousOperationId":"q5cx5ejse6x9h06"}
{"type":"log","timestamp":1705001691806,"level":"debug","message":"Page request finished: GET (document) 200 file:///C:/Users/Javier/AppData/Local/Temp/jsreport/autocleanup/89aa8da8-32d5-4263-8f8b-2cef647fb1fb-chrome-pdf.html","meta":{"rootId":"ljpzp9ca6kg5evl","id":"ljpzp9ca6kg5evl"},"id":"jg6ha3wlh1sa27w","previousOperationId":"q5cx5ejse6x9h06"}
{"type":"log","timestamp":1705001691809,"level":"debug","message":"Running chrome with params {\"printBackground\":true,\"timeout\":59963,\"margin\":{}}","meta":{"rootId":"ljpzp9ca6kg5evl","id":"ljpzp9ca6kg5evl"},"id":"m3j91cxljryv23p","previousOperationId":"q5cx5ejse6x9h06"}
{"type":"operationEnd","operationId":"q5cx5ejse6x9h06","timestamp":1705001691821,"id":"h2vuzn6r7rmail5","previousEventId":"0gb1vcc7md3h9wx","previousOperationId":"q5cx5ejse6x9h06"}
{"type":"log","timestamp":1705001691821,"level":"debug","message":"Skipping storing report.","meta":{"rootId":"ljpzp9ca6kg5evl","id":"ljpzp9ca6kg5evl"},"id":"120pdaeyxnw9hno","previousOperationId":"q5cx5ejse6x9h06"}
{"type":"log","timestamp":1705001691821,"level":"info","message":"Rendering request 26 finished in 128 ms","meta":{"rootId":"ljpzp9ca6kg5evl","id":"ljpzp9ca6kg5evl"},"id":"9v67q0pk1vlrqjl","previousOperationId":"q5cx5ejse6x9h06"}
{"type":"operationEnd","subtype":"render","operationId":"rrb4ww8s8apzvmi","timestamp":1705001691821,"id":"ubgqr5b57fmmhve","previousEventId":"h2vuzn6r7rmail5","previousOperationId":"q5cx5ejse6x9h06"}
{"type":"operationEnd","doDiffs":false,"previousEventId":"c4xt8butf8qa8xs","previousOperationId":"1gkm951y3p9h2l3","operationId":"1gkm951y3p9h2l3","timestamp":1705001691826,"id":"79grdxd9uilm5qx"}
