{"type":"operationStart","subtype":"profile","data":{"_id":"fAnbQ2hufvUTlPkq","timestamp":"2024-01-13T16:59:30.997Z","state":"queued","mode":"standard","creationDate":"2024-01-13T16:59:30.998Z","modificationDate":"2024-01-13T16:59:30.998Z","shortid":"V2eYWZF","$entitySet":"profiles"},"doDiffs":false,"timestamp":1705165170998,"id":"85wueb8txi93s2w","previousOperationId":null,"operationId":"zkfvjf61dggr4ev"}
{"type":"log","level":"info","message":"Render request 65 queued for execution and waiting for available worker","previousOperationId":"zkfvjf61dggr4ev","timestamp":1705165170998,"id":"ij7oe0gj1fjwxjh"}
{"type":"operationStart","subtype":"render","name":"AveragePunctuation","previousOperationId":"zkfvjf61dggr4ev","timestamp":1705165171002,"id":"f22merypedk4kr8","previousEventId":"85wueb8txi93s2w","operationId":"e185b02sxh7h7fb"}
{"type":"log","timestamp":1705165171003,"level":"info","message":"Starting rendering request 65","meta":{"rootId":"lo7nime0xgeaadq","id":"lo7nime0xgeaadq"},"id":"xno45pmg9qr2p19","previousOperationId":"e185b02sxh7h7fb"}
{"type":"log","timestamp":1705165171003,"level":"info","message":"Rendering template { name: AveragePunctuation, recipe: chrome-pdf, engine: handlebars, preview: false }","meta":{"rootId":"lo7nime0xgeaadq","id":"lo7nime0xgeaadq"},"id":"br1sq6crb7i1b27","previousOperationId":"e185b02sxh7h7fb"}
{"type":"log","timestamp":1705165171003,"level":"debug","message":"Inline data specified.","meta":{"rootId":"lo7nime0xgeaadq","id":"lo7nime0xgeaadq"},"id":"p2xxl1tcedkp4nh","previousOperationId":"e185b02sxh7h7fb"}
{"type":"log","timestamp":1705165171005,"level":"debug","message":"Executing script AveragePunctuation-script (beforeRender)","meta":{"rootId":"lo7nime0xgeaadq","id":"lo7nime0xgeaadq"},"id":"pozv8sm78tnzztc","previousOperationId":"e185b02sxh7h7fb"}
{"type":"operationStart","subtype":"scriptsBeforeRender","name":"scripts beforeRender","timestamp":1705165171017,"id":"ravsge2zevamvop","previousEventId":"f22merypedk4kr8","operationId":"nn29bdfvw8zku60","previousOperationId":"e185b02sxh7h7fb"}
{"type":"operationStart","subtype":"script","name":"scripts AveragePunctuation-script","previousOperationId":"nn29bdfvw8zku60","timestamp":1705165171017,"id":"y5xdfspgm7f7g2w","previousEventId":"ravsge2zevamvop","operationId":"s4sc6d465qxhhjr"}
{"type":"operationEnd","operationId":"s4sc6d465qxhhjr","timestamp":1705165171028,"id":"pe3di7lzlpclwqs","previousEventId":"f22merypedk4kr8","previousOperationId":"e185b02sxh7h7fb"}
{"type":"operationEnd","operationId":"nn29bdfvw8zku60","timestamp":1705165171028,"id":"k7x69pqikgs67dx","previousEventId":"pe3di7lzlpclwqs","previousOperationId":"e185b02sxh7h7fb"}
{"type":"log","timestamp":1705165171028,"level":"debug","message":"Base url not specified, skipping its injection.","meta":{"rootId":"lo7nime0xgeaadq","id":"lo7nime0xgeaadq"},"id":"f08ydk2t3y1ivwa","previousOperationId":"nn29bdfvw8zku60"}
{"type":"operationStart","subtype":"engine","name":"handlebars","timestamp":1705165171028,"id":"owfis0uv4p4aa49","previousEventId":"k7x69pqikgs67dx","operationId":"ggu2yu53e4vzn28","previousOperationId":"nn29bdfvw8zku60"}
{"type":"log","timestamp":1705165171028,"level":"debug","message":"Rendering engine handlebars","meta":{"rootId":"lo7nime0xgeaadq","id":"lo7nime0xgeaadq"},"id":"afamvk0khfhnfip","previousOperationId":"ggu2yu53e4vzn28"}
{"type":"operationEnd","operationId":"ggu2yu53e4vzn28","timestamp":1705165171033,"id":"23p2gd9dhr32roy","previousEventId":"owfis0uv4p4aa49","previousOperationId":"ggu2yu53e4vzn28"}
{"type":"operationStart","subtype":"recipe","name":"chrome-pdf","timestamp":1705165171033,"id":"g5dw5mr1hhhnsyj","previousEventId":"23p2gd9dhr32roy","operationId":"1nczdohhxo4phfq","previousOperationId":"ggu2yu53e4vzn28"}
{"type":"log","timestamp":1705165171033,"level":"debug","message":"Executing recipe chrome-pdf","meta":{"rootId":"lo7nime0xgeaadq","id":"lo7nime0xgeaadq"},"id":"49pw6ru6qdcv89u","previousOperationId":"1nczdohhxo4phfq"}
{"type":"log","timestamp":1705165171035,"level":"debug","message":"Converting with chrome HeadlessChrome/117.0.5938.149 using chrome-pool strategy","meta":{"rootId":"lo7nime0xgeaadq","id":"lo7nime0xgeaadq"},"id":"lo5p19kdneakhp3","previousOperationId":"1nczdohhxo4phfq"}
{"type":"log","timestamp":1705165171098,"level":"debug","message":"Page request: GET (document) file:///C:/Users/Javier/AppData/Local/Temp/jsreport/autocleanup/51e00f30-fbdd-460a-8c9d-8dec98b2656b-chrome-pdf.html","meta":{"rootId":"lo7nime0xgeaadq","id":"lo7nime0xgeaadq"},"id":"ik6nm49zfr4qt9y","previousOperationId":"1nczdohhxo4phfq"}
{"type":"log","timestamp":1705165171132,"level":"debug","message":"Page request: GET (stylesheet) https://cdnjs.cloudflare.com/ajax/libs/metro/4.1.5/css/metro.min.css","meta":{"rootId":"lo7nime0xgeaadq","id":"lo7nime0xgeaadq"},"id":"rzorzqrouhc4am6","previousOperationId":"1nczdohhxo4phfq"}
{"type":"log","timestamp":1705165171133,"level":"debug","message":"Page request: GET (script) https://cdnjs.cloudflare.com/ajax/libs/Chart.js/2.7.2/Chart.min.js","meta":{"rootId":"lo7nime0xgeaadq","id":"lo7nime0xgeaadq"},"id":"9nvmc1f9q6hcdz6","previousOperationId":"1nczdohhxo4phfq"}
{"type":"log","timestamp":1705165171133,"level":"debug","message":"Page request finished: GET (document) 200 file:///C:/Users/Javier/AppData/Local/Temp/jsreport/autocleanup/51e00f30-fbdd-460a-8c9d-8dec98b2656b-chrome-pdf.html","meta":{"rootId":"lo7nime0xgeaadq","id":"lo7nime0xgeaadq"},"id":"4iiw9bq5nujeaiv","previousOperationId":"1nczdohhxo4phfq"}
{"type":"log","timestamp":1705165171136,"level":"debug","message":"Page request finished: GET (script) 200 https://cdnjs.cloudflare.com/ajax/libs/Chart.js/2.7.2/Chart.min.js","meta":{"rootId":"lo7nime0xgeaadq","id":"lo7nime0xgeaadq"},"id":"3l4eo6rp29vi0hc","previousOperationId":"1nczdohhxo4phfq"}
{"type":"log","timestamp":1705165171146,"level":"debug","message":"Page request finished: GET (stylesheet) 200 https://cdnjs.cloudflare.com/ajax/libs/metro/4.1.5/css/metro.min.css","meta":{"rootId":"lo7nime0xgeaadq","id":"lo7nime0xgeaadq"},"id":"hvwvlrucqm6rlzx","previousOperationId":"1nczdohhxo4phfq"}
{"type":"log","timestamp":1705165171201,"level":"debug","message":"Running chrome with params {\"printBackground\":true,\"timeout\":59963,\"margin\":{}}","meta":{"rootId":"lo7nime0xgeaadq","id":"lo7nime0xgeaadq"},"id":"uxwmvxi2mzhmyli","previousOperationId":"1nczdohhxo4phfq"}
{"type":"operationEnd","operationId":"1nczdohhxo4phfq","timestamp":1705165171301,"id":"zydrxhr4zai4x30","previousEventId":"g5dw5mr1hhhnsyj","previousOperationId":"1nczdohhxo4phfq"}
{"type":"log","timestamp":1705165171301,"level":"debug","message":"Skipping storing report.","meta":{"rootId":"lo7nime0xgeaadq","id":"lo7nime0xgeaadq"},"id":"yyaofidi3b587rl","previousOperationId":"1nczdohhxo4phfq"}
{"type":"log","timestamp":1705165171301,"level":"info","message":"Rendering request 65 finished in 304 ms","meta":{"rootId":"lo7nime0xgeaadq","id":"lo7nime0xgeaadq"},"id":"3lwjyyfgr5h1wtj","previousOperationId":"1nczdohhxo4phfq"}
{"type":"operationEnd","subtype":"render","operationId":"e185b02sxh7h7fb","timestamp":1705165171301,"id":"k1q6vz201b0w2sm","previousEventId":"zydrxhr4zai4x30","previousOperationId":"1nczdohhxo4phfq"}
{"type":"operationEnd","doDiffs":false,"previousEventId":"85wueb8txi93s2w","previousOperationId":"zkfvjf61dggr4ev","operationId":"zkfvjf61dggr4ev","timestamp":1705165171303,"id":"a5a0o9s91z0th0l"}
