{"type":"operationStart","subtype":"profile","data":{"_id":"aclmzuvTAwmEAv1y","timestamp":"2024-01-13T23:07:06.346Z","state":"queued","mode":"standard","creationDate":"2024-01-13T23:07:06.347Z","modificationDate":"2024-01-13T23:07:06.347Z","shortid":"823gNwU","$entitySet":"profiles"},"doDiffs":false,"timestamp":1705187226347,"id":"fhek5dwaghc7mcm","previousOperationId":null,"operationId":"82bpe99jir7466j"}
{"type":"log","level":"info","message":"Render request 15 queued for execution and waiting for available worker","previousOperationId":"82bpe99jir7466j","timestamp":1705187226347,"id":"mp6ixraxeviqubt"}
{"type":"operationStart","subtype":"render","name":"AveragePunctuation","previousOperationId":"82bpe99jir7466j","timestamp":1705187226352,"id":"tyu2a5hgpwt3n3x","previousEventId":"fhek5dwaghc7mcm","operationId":"a1eovujexbcdz0a"}
{"type":"log","timestamp":1705187226352,"level":"info","message":"Starting rendering request 15","meta":{"rootId":"m53rcr6cjl4rxan","id":"m53rcr6cjl4rxan"},"id":"zyy2tzmk645vy1f","previousOperationId":"a1eovujexbcdz0a"}
{"type":"log","timestamp":1705187226352,"level":"info","message":"Rendering template { name: AveragePunctuation, recipe: chrome-pdf, engine: handlebars, preview: false }","meta":{"rootId":"m53rcr6cjl4rxan","id":"m53rcr6cjl4rxan"},"id":"pd4b23dx6c8l5dm","previousOperationId":"a1eovujexbcdz0a"}
{"type":"log","timestamp":1705187226353,"level":"debug","message":"Inline data specified.","meta":{"rootId":"m53rcr6cjl4rxan","id":"m53rcr6cjl4rxan"},"id":"1y5e73rlt45ajkz","previousOperationId":"a1eovujexbcdz0a"}
{"type":"log","timestamp":1705187226354,"level":"debug","message":"Executing script AveragePunctuation-script (beforeRender)","meta":{"rootId":"m53rcr6cjl4rxan","id":"m53rcr6cjl4rxan"},"id":"cavugu8c0hi7z6a","previousOperationId":"a1eovujexbcdz0a"}
{"type":"operationStart","subtype":"scriptsBeforeRender","name":"scripts beforeRender","timestamp":1705187226369,"id":"gqtk4gtbfae90fy","previousEventId":"tyu2a5hgpwt3n3x","operationId":"k93vxtcg9yc6hzj","previousOperationId":"a1eovujexbcdz0a"}
{"type":"operationStart","subtype":"script","name":"scripts AveragePunctuation-script","previousOperationId":"k93vxtcg9yc6hzj","timestamp":1705187226369,"id":"6flw3nodxh9okhg","previousEventId":"gqtk4gtbfae90fy","operationId":"hdjvmuvzizj92oc"}
{"type":"operationEnd","operationId":"hdjvmuvzizj92oc","timestamp":1705187226381,"id":"9qfz0x60nfvelcx","previousEventId":"tyu2a5hgpwt3n3x","previousOperationId":"a1eovujexbcdz0a"}
{"type":"operationEnd","operationId":"k93vxtcg9yc6hzj","timestamp":1705187226381,"id":"md98n4csqi32bp7","previousEventId":"9qfz0x60nfvelcx","previousOperationId":"a1eovujexbcdz0a"}
{"type":"log","timestamp":1705187226381,"level":"debug","message":"Base url not specified, skipping its injection.","meta":{"rootId":"m53rcr6cjl4rxan","id":"m53rcr6cjl4rxan"},"id":"a6wjlozyye5krvf","previousOperationId":"k93vxtcg9yc6hzj"}
{"type":"operationStart","subtype":"engine","name":"handlebars","timestamp":1705187226381,"id":"u7mjtxx9ta90gxo","previousEventId":"md98n4csqi32bp7","operationId":"wjcesnz8hwm5qxo","previousOperationId":"k93vxtcg9yc6hzj"}
{"type":"log","timestamp":1705187226381,"level":"debug","message":"Rendering engine handlebars","meta":{"rootId":"m53rcr6cjl4rxan","id":"m53rcr6cjl4rxan"},"id":"lxbbf5ug6ixj4x0","previousOperationId":"wjcesnz8hwm5qxo"}
{"type":"operationEnd","operationId":"wjcesnz8hwm5qxo","timestamp":1705187226388,"id":"faqg6jvs5aiy8r1","previousEventId":"u7mjtxx9ta90gxo","previousOperationId":"wjcesnz8hwm5qxo"}
{"type":"operationStart","subtype":"recipe","name":"chrome-pdf","timestamp":1705187226388,"id":"prku8el5xfwd2or","previousEventId":"faqg6jvs5aiy8r1","operationId":"m8men8i7egg36vs","previousOperationId":"wjcesnz8hwm5qxo"}
{"type":"log","timestamp":1705187226388,"level":"debug","message":"Executing recipe chrome-pdf","meta":{"rootId":"m53rcr6cjl4rxan","id":"m53rcr6cjl4rxan"},"id":"u6c7fmajnoll8g7","previousOperationId":"m8men8i7egg36vs"}
{"type":"log","timestamp":1705187226390,"level":"debug","message":"Converting with chrome HeadlessChrome/117.0.5938.149 using chrome-pool strategy","meta":{"rootId":"m53rcr6cjl4rxan","id":"m53rcr6cjl4rxan"},"id":"m3015sfjef8xgp8","previousOperationId":"m8men8i7egg36vs"}
{"type":"log","timestamp":1705187226467,"level":"debug","message":"Page request: GET (document) file:///C:/Users/Javier/AppData/Local/Temp/jsreport/autocleanup/d5cc8f74-6c77-4a54-bcd4-451f2c7fd0ae-chrome-pdf.html","meta":{"rootId":"m53rcr6cjl4rxan","id":"m53rcr6cjl4rxan"},"id":"frgdrw9tvvnp8j1","previousOperationId":"m8men8i7egg36vs"}
{"type":"log","timestamp":1705187226509,"level":"debug","message":"Page request: GET (stylesheet) https://cdnjs.cloudflare.com/ajax/libs/metro/4.1.5/css/metro.min.css","meta":{"rootId":"m53rcr6cjl4rxan","id":"m53rcr6cjl4rxan"},"id":"obc0jdv4muh8ljh","previousOperationId":"m8men8i7egg36vs"}
{"type":"log","timestamp":1705187226509,"level":"debug","message":"Page request: GET (script) https://cdnjs.cloudflare.com/ajax/libs/Chart.js/2.7.2/Chart.min.js","meta":{"rootId":"m53rcr6cjl4rxan","id":"m53rcr6cjl4rxan"},"id":"k63ljnchydgu943","previousOperationId":"m8men8i7egg36vs"}
{"type":"log","timestamp":1705187226510,"level":"debug","message":"Page request finished: GET (document) 200 file:///C:/Users/Javier/AppData/Local/Temp/jsreport/autocleanup/d5cc8f74-6c77-4a54-bcd4-451f2c7fd0ae-chrome-pdf.html","meta":{"rootId":"m53rcr6cjl4rxan","id":"m53rcr6cjl4rxan"},"id":"vrji2v064akk4ay","previousOperationId":"m8men8i7egg36vs"}
{"type":"log","timestamp":1705187226514,"level":"debug","message":"Page request finished: GET (script) 200 https://cdnjs.cloudflare.com/ajax/libs/Chart.js/2.7.2/Chart.min.js","meta":{"rootId":"m53rcr6cjl4rxan","id":"m53rcr6cjl4rxan"},"id":"oocfdl317r1zlxh","previousOperationId":"m8men8i7egg36vs"}
{"type":"log","timestamp":1705187226524,"level":"debug","message":"Page request finished: GET (stylesheet) 200 https://cdnjs.cloudflare.com/ajax/libs/metro/4.1.5/css/metro.min.css","meta":{"rootId":"m53rcr6cjl4rxan","id":"m53rcr6cjl4rxan"},"id":"16t7o602oxjc2fz","previousOperationId":"m8men8i7egg36vs"}
{"type":"log","timestamp":1705187226580,"level":"debug","message":"Running chrome with params {\"printBackground\":true,\"timeout\":59957,\"margin\":{}}","meta":{"rootId":"m53rcr6cjl4rxan","id":"m53rcr6cjl4rxan"},"id":"meik83e4kfdg1xi","previousOperationId":"m8men8i7egg36vs"}
{"type":"operationEnd","operationId":"m8men8i7egg36vs","timestamp":1705187226682,"id":"sbb5n71ncc4fcp8","previousEventId":"prku8el5xfwd2or","previousOperationId":"m8men8i7egg36vs"}
{"type":"log","timestamp":1705187226682,"level":"debug","message":"Skipping storing report.","meta":{"rootId":"m53rcr6cjl4rxan","id":"m53rcr6cjl4rxan"},"id":"9qplujpfka0hgtn","previousOperationId":"m8men8i7egg36vs"}
{"type":"log","timestamp":1705187226682,"level":"info","message":"Rendering request 15 finished in 336 ms","meta":{"rootId":"m53rcr6cjl4rxan","id":"m53rcr6cjl4rxan"},"id":"jimtl90he7s4cgd","previousOperationId":"m8men8i7egg36vs"}
{"type":"operationEnd","subtype":"render","operationId":"a1eovujexbcdz0a","timestamp":1705187226682,"id":"jhf4ruzx6p29h2v","previousEventId":"sbb5n71ncc4fcp8","previousOperationId":"m8men8i7egg36vs"}
{"type":"operationEnd","doDiffs":false,"previousEventId":"fhek5dwaghc7mcm","previousOperationId":"82bpe99jir7466j","operationId":"82bpe99jir7466j","timestamp":1705187226684,"id":"feu4nkstdtvo3b8"}
