{"type":"operationStart","subtype":"profile","data":{"_id":"RH3ITju0YclvyWii","timestamp":"2024-01-13T19:15:24.001Z","state":"queued","mode":"standard","creationDate":"2024-01-13T19:15:24.003Z","modificationDate":"2024-01-13T19:15:24.003Z","shortid":"5mzUYLn","$entitySet":"profiles"},"doDiffs":false,"timestamp":1705173324002,"id":"18e12w1abc6jpju","previousOperationId":null,"operationId":"675jbrzmhhqvyrz"}
{"type":"log","level":"info","message":"Render request 8 queued for execution and waiting for available worker","previousOperationId":"675jbrzmhhqvyrz","timestamp":1705173324002,"id":"3v88p26t5bx74ki"}
{"type":"operationStart","subtype":"render","name":"AveragePunctuation","previousOperationId":"675jbrzmhhqvyrz","timestamp":1705173324008,"id":"vu2cdcud6yd4jf4","previousEventId":"18e12w1abc6jpju","operationId":"pu0gtkn4mmfzdrl"}
{"type":"log","timestamp":1705173324008,"level":"info","message":"Starting rendering request 8","meta":{"rootId":"m7nef23f2mi5jc9","id":"m7nef23f2mi5jc9"},"id":"jcl3ae5al9131yo","previousOperationId":"pu0gtkn4mmfzdrl"}
{"type":"log","timestamp":1705173324008,"level":"info","message":"Rendering template { name: AveragePunctuation, recipe: chrome-pdf, engine: handlebars, preview: false }","meta":{"rootId":"m7nef23f2mi5jc9","id":"m7nef23f2mi5jc9"},"id":"br41flrgi48xg5e","previousOperationId":"pu0gtkn4mmfzdrl"}
{"type":"log","timestamp":1705173324009,"level":"debug","message":"Inline data specified.","meta":{"rootId":"m7nef23f2mi5jc9","id":"m7nef23f2mi5jc9"},"id":"ai4imqjx54rpp3c","previousOperationId":"pu0gtkn4mmfzdrl"}
{"type":"log","timestamp":1705173324010,"level":"debug","message":"Executing script AveragePunctuation-script (beforeRender)","meta":{"rootId":"m7nef23f2mi5jc9","id":"m7nef23f2mi5jc9"},"id":"tf5l1k4vztchtyn","previousOperationId":"pu0gtkn4mmfzdrl"}
{"type":"operationStart","subtype":"scriptsBeforeRender","name":"scripts beforeRender","timestamp":1705173324023,"id":"d7s169al6txruqn","previousEventId":"vu2cdcud6yd4jf4","operationId":"pzbi9uwm5cgpb6i","previousOperationId":"pu0gtkn4mmfzdrl"}
{"type":"operationStart","subtype":"script","name":"scripts AveragePunctuation-script","previousOperationId":"pzbi9uwm5cgpb6i","timestamp":1705173324023,"id":"r477jio0xx9p62w","previousEventId":"d7s169al6txruqn","operationId":"kwfpdh5brdd884f"}
{"type":"operationEnd","operationId":"kwfpdh5brdd884f","timestamp":1705173324037,"id":"tz409dfsib7ptvx","previousEventId":"vu2cdcud6yd4jf4","previousOperationId":"pu0gtkn4mmfzdrl"}
{"type":"operationEnd","operationId":"pzbi9uwm5cgpb6i","timestamp":1705173324037,"id":"30790hxcigenu4t","previousEventId":"tz409dfsib7ptvx","previousOperationId":"pu0gtkn4mmfzdrl"}
{"type":"log","timestamp":1705173324037,"level":"debug","message":"Base url not specified, skipping its injection.","meta":{"rootId":"m7nef23f2mi5jc9","id":"m7nef23f2mi5jc9"},"id":"fzgrxpy0w6713fl","previousOperationId":"pzbi9uwm5cgpb6i"}
{"type":"operationStart","subtype":"engine","name":"handlebars","timestamp":1705173324037,"id":"91qmalxapkjnj3m","previousEventId":"30790hxcigenu4t","operationId":"xbbzv8sg3hv2xqp","previousOperationId":"pzbi9uwm5cgpb6i"}
{"type":"log","timestamp":1705173324037,"level":"debug","message":"Rendering engine handlebars","meta":{"rootId":"m7nef23f2mi5jc9","id":"m7nef23f2mi5jc9"},"id":"pvl76k6ks6gpxbq","previousOperationId":"xbbzv8sg3hv2xqp"}
{"type":"operationEnd","operationId":"xbbzv8sg3hv2xqp","timestamp":1705173324043,"id":"f6a30qzwf2g6jrd","previousEventId":"91qmalxapkjnj3m","previousOperationId":"xbbzv8sg3hv2xqp"}
{"type":"operationStart","subtype":"recipe","name":"chrome-pdf","timestamp":1705173324043,"id":"pfhqau1wvk2f4jp","previousEventId":"f6a30qzwf2g6jrd","operationId":"0jmaxcb87zl4d10","previousOperationId":"xbbzv8sg3hv2xqp"}
{"type":"log","timestamp":1705173324043,"level":"debug","message":"Executing recipe chrome-pdf","meta":{"rootId":"m7nef23f2mi5jc9","id":"m7nef23f2mi5jc9"},"id":"caj0icykekaaal7","previousOperationId":"0jmaxcb87zl4d10"}
{"type":"log","timestamp":1705173324044,"level":"debug","message":"Converting with chrome HeadlessChrome/117.0.5938.149 using chrome-pool strategy","meta":{"rootId":"m7nef23f2mi5jc9","id":"m7nef23f2mi5jc9"},"id":"2uxq7bqrqwm7fta","previousOperationId":"0jmaxcb87zl4d10"}
{"type":"log","timestamp":1705173324114,"level":"debug","message":"Page request: GET (document) file:///C:/Users/Javier/AppData/Local/Temp/jsreport/autocleanup/0552435a-af5c-4ad5-ae86-e56d23bce678-chrome-pdf.html","meta":{"rootId":"m7nef23f2mi5jc9","id":"m7nef23f2mi5jc9"},"id":"rga4pdvfe7y3fnf","previousOperationId":"0jmaxcb87zl4d10"}
{"type":"log","timestamp":1705173324146,"level":"debug","message":"Page request: GET (stylesheet) https://cdnjs.cloudflare.com/ajax/libs/metro/4.1.5/css/metro.min.css","meta":{"rootId":"m7nef23f2mi5jc9","id":"m7nef23f2mi5jc9"},"id":"pgnlddahq8c0sun","previousOperationId":"0jmaxcb87zl4d10"}
{"type":"log","timestamp":1705173324146,"level":"debug","message":"Page request: GET (script) https://cdnjs.cloudflare.com/ajax/libs/Chart.js/2.7.2/Chart.min.js","meta":{"rootId":"m7nef23f2mi5jc9","id":"m7nef23f2mi5jc9"},"id":"3nunasg5t4181fh","previousOperationId":"0jmaxcb87zl4d10"}
{"type":"log","timestamp":1705173324146,"level":"debug","message":"Page request finished: GET (document) 200 file:///C:/Users/Javier/AppData/Local/Temp/jsreport/autocleanup/0552435a-af5c-4ad5-ae86-e56d23bce678-chrome-pdf.html","meta":{"rootId":"m7nef23f2mi5jc9","id":"m7nef23f2mi5jc9"},"id":"ggx27mios07a26k","previousOperationId":"0jmaxcb87zl4d10"}
{"type":"log","timestamp":1705173324150,"level":"debug","message":"Page request finished: GET (script) 200 https://cdnjs.cloudflare.com/ajax/libs/Chart.js/2.7.2/Chart.min.js","meta":{"rootId":"m7nef23f2mi5jc9","id":"m7nef23f2mi5jc9"},"id":"winevmsny2x6qg9","previousOperationId":"0jmaxcb87zl4d10"}
{"type":"log","timestamp":1705173324159,"level":"debug","message":"Page request finished: GET (stylesheet) 200 https://cdnjs.cloudflare.com/ajax/libs/metro/4.1.5/css/metro.min.css","meta":{"rootId":"m7nef23f2mi5jc9","id":"m7nef23f2mi5jc9"},"id":"jf8kugqm3xwr0ah","previousOperationId":"0jmaxcb87zl4d10"}
{"type":"log","timestamp":1705173324211,"level":"debug","message":"Running chrome with params {\"printBackground\":true,\"timeout\":59957,\"margin\":{}}","meta":{"rootId":"m7nef23f2mi5jc9","id":"m7nef23f2mi5jc9"},"id":"ii29eukw0v0fq14","previousOperationId":"0jmaxcb87zl4d10"}
{"type":"operationEnd","operationId":"0jmaxcb87zl4d10","timestamp":1705173324300,"id":"ozpoj9fkvoyafwn","previousEventId":"pfhqau1wvk2f4jp","previousOperationId":"0jmaxcb87zl4d10"}
{"type":"log","timestamp":1705173324300,"level":"debug","message":"Skipping storing report.","meta":{"rootId":"m7nef23f2mi5jc9","id":"m7nef23f2mi5jc9"},"id":"cw08rz98eab092g","previousOperationId":"0jmaxcb87zl4d10"}
{"type":"log","timestamp":1705173324300,"level":"info","message":"Rendering request 8 finished in 299 ms","meta":{"rootId":"m7nef23f2mi5jc9","id":"m7nef23f2mi5jc9"},"id":"nda3b8i9no3v27c","previousOperationId":"0jmaxcb87zl4d10"}
{"type":"operationEnd","subtype":"render","operationId":"pu0gtkn4mmfzdrl","timestamp":1705173324300,"id":"dtp74q9pt3tv2r8","previousEventId":"ozpoj9fkvoyafwn","previousOperationId":"0jmaxcb87zl4d10"}
{"type":"operationEnd","doDiffs":false,"previousEventId":"18e12w1abc6jpju","previousOperationId":"675jbrzmhhqvyrz","operationId":"675jbrzmhhqvyrz","timestamp":1705173324301,"id":"xyo39r20v8ui3d1"}
