{"type":"operationStart","subtype":"profile","data":{"_id":"AFPYePVeKAzREIfy","timestamp":"2024-01-13T22:22:09.106Z","state":"queued","mode":"standard","creationDate":"2024-01-13T22:22:09.107Z","modificationDate":"2024-01-13T22:22:09.107Z","shortid":"0IWP3K2","$entitySet":"profiles"},"doDiffs":false,"timestamp":1705184529107,"id":"nsxzdc2e61tu0aq","previousOperationId":null,"operationId":"2p5vtwq5vgs8a0p"}
{"type":"log","level":"info","message":"Render request 7 queued for execution and waiting for available worker","previousOperationId":"2p5vtwq5vgs8a0p","timestamp":1705184529107,"id":"w1k34y74fsjxu6a"}
{"type":"operationStart","subtype":"render","name":"AveragePunctuation","previousOperationId":"2p5vtwq5vgs8a0p","timestamp":1705184529116,"id":"r3f3efsubbmikc6","previousEventId":"nsxzdc2e61tu0aq","operationId":"waqr0e2gjcuvr0q"}
{"type":"log","timestamp":1705184529116,"level":"info","message":"Starting rendering request 7","meta":{"rootId":"mb44bzns91nt44n","id":"mb44bzns91nt44n"},"id":"bidkyhdmxa591t5","previousOperationId":"waqr0e2gjcuvr0q"}
{"type":"log","timestamp":1705184529116,"level":"info","message":"Rendering template { name: AveragePunctuation, recipe: chrome-pdf, engine: handlebars, preview: false }","meta":{"rootId":"mb44bzns91nt44n","id":"mb44bzns91nt44n"},"id":"rddeeizdwht7s9p","previousOperationId":"waqr0e2gjcuvr0q"}
{"type":"log","timestamp":1705184529119,"level":"debug","message":"Inline data specified.","meta":{"rootId":"mb44bzns91nt44n","id":"mb44bzns91nt44n"},"id":"16n7h37qms5xw1l","previousOperationId":"waqr0e2gjcuvr0q"}
{"type":"log","timestamp":1705184529123,"level":"debug","message":"Executing script AveragePunctuation-script (beforeRender)","meta":{"rootId":"mb44bzns91nt44n","id":"mb44bzns91nt44n"},"id":"lnta3bc9qnfp9sd","previousOperationId":"waqr0e2gjcuvr0q"}
{"type":"operationStart","subtype":"scriptsBeforeRender","name":"scripts beforeRender","timestamp":1705184529148,"id":"9gp6d1ovj7jucyu","previousEventId":"r3f3efsubbmikc6","operationId":"i1fvhixkflmuwvq","previousOperationId":"waqr0e2gjcuvr0q"}
{"type":"operationStart","subtype":"script","name":"scripts AveragePunctuation-script","previousOperationId":"i1fvhixkflmuwvq","timestamp":1705184529148,"id":"1d2qvsda1aqouze","previousEventId":"9gp6d1ovj7jucyu","operationId":"xvv70clvq31gz33"}
{"type":"operationEnd","operationId":"xvv70clvq31gz33","timestamp":1705184529171,"id":"f64127lgee7pwrz","previousEventId":"r3f3efsubbmikc6","previousOperationId":"waqr0e2gjcuvr0q"}
{"type":"operationEnd","operationId":"i1fvhixkflmuwvq","timestamp":1705184529171,"id":"1d5govkj6hnalu7","previousEventId":"f64127lgee7pwrz","previousOperationId":"waqr0e2gjcuvr0q"}
{"type":"log","timestamp":1705184529171,"level":"debug","message":"Base url not specified, skipping its injection.","meta":{"rootId":"mb44bzns91nt44n","id":"mb44bzns91nt44n"},"id":"00vcimwbperbufg","previousOperationId":"i1fvhixkflmuwvq"}
{"type":"operationStart","subtype":"engine","name":"handlebars","timestamp":1705184529171,"id":"zpxxr5bbk73bikz","previousEventId":"1d5govkj6hnalu7","operationId":"4gtq5z1t94ycycj","previousOperationId":"i1fvhixkflmuwvq"}
{"type":"log","timestamp":1705184529171,"level":"debug","message":"Rendering engine handlebars","meta":{"rootId":"mb44bzns91nt44n","id":"mb44bzns91nt44n"},"id":"zsrf5648a1rge4n","previousOperationId":"4gtq5z1t94ycycj"}
{"type":"operationEnd","operationId":"4gtq5z1t94ycycj","timestamp":1705184529183,"id":"dus23ktx2dhb7aq","previousEventId":"zpxxr5bbk73bikz","previousOperationId":"4gtq5z1t94ycycj"}
{"type":"operationStart","subtype":"recipe","name":"chrome-pdf","timestamp":1705184529183,"id":"y4gyf5h04go6zpd","previousEventId":"dus23ktx2dhb7aq","operationId":"z9y4nu0ft90yrqu","previousOperationId":"4gtq5z1t94ycycj"}
{"type":"log","timestamp":1705184529183,"level":"debug","message":"Executing recipe chrome-pdf","meta":{"rootId":"mb44bzns91nt44n","id":"mb44bzns91nt44n"},"id":"oa6hupdmrzb9vdl","previousOperationId":"z9y4nu0ft90yrqu"}
{"type":"log","timestamp":1705184529185,"level":"debug","message":"Converting with chrome HeadlessChrome/117.0.5938.149 using chrome-pool strategy","meta":{"rootId":"mb44bzns91nt44n","id":"mb44bzns91nt44n"},"id":"iilfi21wkficn6h","previousOperationId":"z9y4nu0ft90yrqu"}
{"type":"log","timestamp":1705184529274,"level":"debug","message":"Page request: GET (document) file:///C:/Users/Javier/AppData/Local/Temp/jsreport/autocleanup/b460e1be-d110-4d07-a2f8-7ef2a78fb8aa-chrome-pdf.html","meta":{"rootId":"mb44bzns91nt44n","id":"mb44bzns91nt44n"},"id":"aj3l4oyfs5of7b6","previousOperationId":"z9y4nu0ft90yrqu"}
{"type":"log","timestamp":1705184529321,"level":"debug","message":"Page request: GET (stylesheet) https://cdnjs.cloudflare.com/ajax/libs/metro/4.1.5/css/metro.min.css","meta":{"rootId":"mb44bzns91nt44n","id":"mb44bzns91nt44n"},"id":"2eagx60yncgfgfw","previousOperationId":"z9y4nu0ft90yrqu"}
{"type":"log","timestamp":1705184529321,"level":"debug","message":"Page request: GET (script) https://cdnjs.cloudflare.com/ajax/libs/Chart.js/2.7.2/Chart.min.js","meta":{"rootId":"mb44bzns91nt44n","id":"mb44bzns91nt44n"},"id":"c11qkg7xt9zeqsb","previousOperationId":"z9y4nu0ft90yrqu"}
{"type":"log","timestamp":1705184529321,"level":"debug","message":"Page request finished: GET (document) 200 file:///C:/Users/Javier/AppData/Local/Temp/jsreport/autocleanup/b460e1be-d110-4d07-a2f8-7ef2a78fb8aa-chrome-pdf.html","meta":{"rootId":"mb44bzns91nt44n","id":"mb44bzns91nt44n"},"id":"pimd2wxy09s590d","previousOperationId":"z9y4nu0ft90yrqu"}
{"type":"log","timestamp":1705184529324,"level":"debug","message":"Page request finished: GET (script) 200 https://cdnjs.cloudflare.com/ajax/libs/Chart.js/2.7.2/Chart.min.js","meta":{"rootId":"mb44bzns91nt44n","id":"mb44bzns91nt44n"},"id":"xkmkl8m1j0zquq5","previousOperationId":"z9y4nu0ft90yrqu"}
{"type":"log","timestamp":1705184529337,"level":"debug","message":"Page request finished: GET (stylesheet) 200 https://cdnjs.cloudflare.com/ajax/libs/metro/4.1.5/css/metro.min.css","meta":{"rootId":"mb44bzns91nt44n","id":"mb44bzns91nt44n"},"id":"ghzd4v6psa1tp5u","previousOperationId":"z9y4nu0ft90yrqu"}
{"type":"log","timestamp":1705184529401,"level":"debug","message":"Running chrome with params {\"printBackground\":true,\"timeout\":59922,\"margin\":{}}","meta":{"rootId":"mb44bzns91nt44n","id":"mb44bzns91nt44n"},"id":"zsctiq6wtns5h4i","previousOperationId":"z9y4nu0ft90yrqu"}
{"type":"operationEnd","operationId":"z9y4nu0ft90yrqu","timestamp":1705184529515,"id":"dj530u6urqop0qk","previousEventId":"y4gyf5h04go6zpd","previousOperationId":"z9y4nu0ft90yrqu"}
{"type":"log","timestamp":1705184529515,"level":"debug","message":"Skipping storing report.","meta":{"rootId":"mb44bzns91nt44n","id":"mb44bzns91nt44n"},"id":"rwh30c472oia68g","previousOperationId":"z9y4nu0ft90yrqu"}
{"type":"log","timestamp":1705184529515,"level":"info","message":"Rendering request 7 finished in 409 ms","meta":{"rootId":"mb44bzns91nt44n","id":"mb44bzns91nt44n"},"id":"6x068eb8w5tm5wf","previousOperationId":"z9y4nu0ft90yrqu"}
{"type":"operationEnd","subtype":"render","operationId":"waqr0e2gjcuvr0q","timestamp":1705184529515,"id":"ibzqs9wmcx8renf","previousEventId":"dj530u6urqop0qk","previousOperationId":"z9y4nu0ft90yrqu"}
{"type":"operationEnd","doDiffs":false,"previousEventId":"nsxzdc2e61tu0aq","previousOperationId":"2p5vtwq5vgs8a0p","operationId":"2p5vtwq5vgs8a0p","timestamp":1705184529521,"id":"ldlsp6eu3vsy3jy"}
