{"type":"operationStart","subtype":"profile","data":{"_id":"v8BUUzjGLSTNVESA","timestamp":"2024-01-13T19:24:20.593Z","state":"queued","mode":"standard","creationDate":"2024-01-13T19:24:20.595Z","modificationDate":"2024-01-13T19:24:20.595Z","shortid":"b71SNHz","$entitySet":"profiles"},"doDiffs":false,"timestamp":1705173860594,"id":"tp2y41sbow3moul","previousOperationId":null,"operationId":"c35hn6g63lno5uc"}
{"type":"log","level":"info","message":"Render request 13 queued for execution and waiting for available worker","previousOperationId":"c35hn6g63lno5uc","timestamp":1705173860594,"id":"43m2khfachtwnyn"}
{"type":"operationStart","subtype":"render","name":"AveragePunctuation","previousOperationId":"c35hn6g63lno5uc","timestamp":1705173860600,"id":"pmjsqyuvacei6mw","previousEventId":"tp2y41sbow3moul","operationId":"n28qg9gt3u0ygij"}
{"type":"log","timestamp":1705173860600,"level":"info","message":"Starting rendering request 13","meta":{"rootId":"n07ahllxepsp200","id":"n07ahllxepsp200"},"id":"evs9a25djrm7bhy","previousOperationId":"n28qg9gt3u0ygij"}
{"type":"log","timestamp":1705173860600,"level":"info","message":"Rendering template { name: AveragePunctuation, recipe: chrome-pdf, engine: handlebars, preview: false }","meta":{"rootId":"n07ahllxepsp200","id":"n07ahllxepsp200"},"id":"3ezq85yybgc0wr1","previousOperationId":"n28qg9gt3u0ygij"}
{"type":"log","timestamp":1705173860601,"level":"debug","message":"Inline data specified.","meta":{"rootId":"n07ahllxepsp200","id":"n07ahllxepsp200"},"id":"qc2lxvhypqbku04","previousOperationId":"n28qg9gt3u0ygij"}
{"type":"log","timestamp":1705173860603,"level":"debug","message":"Executing script AveragePunctuation-script (beforeRender)","meta":{"rootId":"n07ahllxepsp200","id":"n07ahllxepsp200"},"id":"7n53pl3xg34mo4r","previousOperationId":"n28qg9gt3u0ygij"}
{"type":"operationStart","subtype":"scriptsBeforeRender","name":"scripts beforeRender","timestamp":1705173860629,"id":"aab6m7ty29irnhx","previousEventId":"pmjsqyuvacei6mw","operationId":"wq3y8ryf7wvykbz","previousOperationId":"n28qg9gt3u0ygij"}
{"type":"operationStart","subtype":"script","name":"scripts AveragePunctuation-script","previousOperationId":"wq3y8ryf7wvykbz","timestamp":1705173860629,"id":"29ik1x7cth172xt","previousEventId":"aab6m7ty29irnhx","operationId":"ielf0w0kbk0j0wy"}
{"type":"operationEnd","operationId":"ielf0w0kbk0j0wy","timestamp":1705173860656,"id":"w3dznfcv8tqez5e","previousEventId":"pmjsqyuvacei6mw","previousOperationId":"n28qg9gt3u0ygij"}
{"type":"operationEnd","operationId":"wq3y8ryf7wvykbz","timestamp":1705173860656,"id":"y79xfjrogamiq4c","previousEventId":"w3dznfcv8tqez5e","previousOperationId":"n28qg9gt3u0ygij"}
{"type":"log","timestamp":1705173860656,"level":"debug","message":"Base url not specified, skipping its injection.","meta":{"rootId":"n07ahllxepsp200","id":"n07ahllxepsp200"},"id":"jviwh1clb3d6v9r","previousOperationId":"wq3y8ryf7wvykbz"}
{"type":"operationStart","subtype":"engine","name":"handlebars","timestamp":1705173860657,"id":"yv35ql8zbsijqdq","previousEventId":"y79xfjrogamiq4c","operationId":"l6uk3yw6f7a2kfd","previousOperationId":"wq3y8ryf7wvykbz"}
{"type":"log","timestamp":1705173860657,"level":"debug","message":"Rendering engine handlebars","meta":{"rootId":"n07ahllxepsp200","id":"n07ahllxepsp200"},"id":"t9isaj63r652whn","previousOperationId":"l6uk3yw6f7a2kfd"}
{"type":"operationEnd","operationId":"l6uk3yw6f7a2kfd","timestamp":1705173860679,"id":"7u4eiupf0bigmkw","previousEventId":"yv35ql8zbsijqdq","previousOperationId":"l6uk3yw6f7a2kfd"}
{"type":"operationStart","subtype":"recipe","name":"chrome-pdf","timestamp":1705173860680,"id":"0r2hrcdatdbt28e","previousEventId":"7u4eiupf0bigmkw","operationId":"857k3w93aqqxydh","previousOperationId":"l6uk3yw6f7a2kfd"}
{"type":"log","timestamp":1705173860680,"level":"debug","message":"Executing recipe chrome-pdf","meta":{"rootId":"n07ahllxepsp200","id":"n07ahllxepsp200"},"id":"z4vtv5ue2z8ztea","previousOperationId":"857k3w93aqqxydh"}
{"type":"log","timestamp":1705173860687,"level":"debug","message":"Converting with chrome HeadlessChrome/117.0.5938.149 using chrome-pool strategy","meta":{"rootId":"n07ahllxepsp200","id":"n07ahllxepsp200"},"id":"aurp69l9mggbwsa","previousOperationId":"857k3w93aqqxydh"}
{"type":"log","timestamp":1705173860823,"level":"debug","message":"Page request: GET (document) file:///C:/Users/Javier/AppData/Local/Temp/jsreport/autocleanup/ab22b3fc-48db-4a28-839a-9c8f4de8ecee-chrome-pdf.html","meta":{"rootId":"n07ahllxepsp200","id":"n07ahllxepsp200"},"id":"zyy0nnc055ec5n7","previousOperationId":"857k3w93aqqxydh"}
{"type":"log","timestamp":1705173860900,"level":"debug","message":"Page request: GET (stylesheet) https://cdnjs.cloudflare.com/ajax/libs/metro/4.1.5/css/metro.min.css","meta":{"rootId":"n07ahllxepsp200","id":"n07ahllxepsp200"},"id":"62pix9l127yyzdw","previousOperationId":"857k3w93aqqxydh"}
{"type":"log","timestamp":1705173860901,"level":"debug","message":"Page request: GET (script) https://cdnjs.cloudflare.com/ajax/libs/Chart.js/2.7.2/Chart.min.js","meta":{"rootId":"n07ahllxepsp200","id":"n07ahllxepsp200"},"id":"alaes3iftqb5vou","previousOperationId":"857k3w93aqqxydh"}
{"type":"log","timestamp":1705173860902,"level":"debug","message":"Page request finished: GET (document) 200 file:///C:/Users/Javier/AppData/Local/Temp/jsreport/autocleanup/ab22b3fc-48db-4a28-839a-9c8f4de8ecee-chrome-pdf.html","meta":{"rootId":"n07ahllxepsp200","id":"n07ahllxepsp200"},"id":"5j5pypdofq2wbna","previousOperationId":"857k3w93aqqxydh"}
{"type":"log","timestamp":1705173860909,"level":"debug","message":"Page request finished: GET (script) 200 https://cdnjs.cloudflare.com/ajax/libs/Chart.js/2.7.2/Chart.min.js","meta":{"rootId":"n07ahllxepsp200","id":"n07ahllxepsp200"},"id":"wcqfelg9xcy79xz","previousOperationId":"857k3w93aqqxydh"}
{"type":"log","timestamp":1705173860924,"level":"debug","message":"Page request finished: GET (stylesheet) 200 https://cdnjs.cloudflare.com/ajax/libs/metro/4.1.5/css/metro.min.css","meta":{"rootId":"n07ahllxepsp200","id":"n07ahllxepsp200"},"id":"vyhz0cxo0rgnh7d","previousOperationId":"857k3w93aqqxydh"}
{"type":"log","timestamp":1705173860985,"level":"debug","message":"Running chrome with params {\"printBackground\":true,\"timeout\":59907,\"margin\":{}}","meta":{"rootId":"n07ahllxepsp200","id":"n07ahllxepsp200"},"id":"zmxnp4bz2tg25z2","previousOperationId":"857k3w93aqqxydh"}
{"type":"operationEnd","operationId":"857k3w93aqqxydh","timestamp":1705173861083,"id":"zsicyolsp8gzrrf","previousEventId":"0r2hrcdatdbt28e","previousOperationId":"857k3w93aqqxydh"}
{"type":"log","timestamp":1705173861083,"level":"debug","message":"Skipping storing report.","meta":{"rootId":"n07ahllxepsp200","id":"n07ahllxepsp200"},"id":"ts8j160zi4k1wuw","previousOperationId":"857k3w93aqqxydh"}
{"type":"log","timestamp":1705173861083,"level":"info","message":"Rendering request 13 finished in 490 ms","meta":{"rootId":"n07ahllxepsp200","id":"n07ahllxepsp200"},"id":"hppfywj8n2ve99t","previousOperationId":"857k3w93aqqxydh"}
{"type":"operationEnd","subtype":"render","operationId":"n28qg9gt3u0ygij","timestamp":1705173861083,"id":"65xno81ofyt1ly8","previousEventId":"zsicyolsp8gzrrf","previousOperationId":"857k3w93aqqxydh"}
{"type":"operationEnd","doDiffs":false,"previousEventId":"tp2y41sbow3moul","previousOperationId":"c35hn6g63lno5uc","operationId":"c35hn6g63lno5uc","timestamp":1705173861087,"id":"i60cv16cyw538ch"}
