{"type":"operationStart","subtype":"profile","data":{"_id":"fBQxpMrun4nE3pn0","timestamp":"2024-01-13T18:43:35.189Z","state":"queued","mode":"standard","creationDate":"2024-01-13T18:43:35.191Z","modificationDate":"2024-01-13T18:43:35.191Z","shortid":"HN6W4Wj","$entitySet":"profiles"},"doDiffs":false,"timestamp":1705171415190,"id":"zit1zjpfvqv9r8j","previousOperationId":null,"operationId":"7pc0kp1findnk1w"}
{"type":"log","level":"info","message":"Render request 69 queued for execution and waiting for available worker","previousOperationId":"7pc0kp1findnk1w","timestamp":1705171415190,"id":"88e6ihk3p9wx82n"}
{"type":"operationStart","subtype":"render","name":"AveragePunctuation","previousOperationId":"7pc0kp1findnk1w","timestamp":1705171415206,"id":"d51uzbli28gq01f","previousEventId":"zit1zjpfvqv9r8j","operationId":"wea27i02axz4tw0"}
{"type":"log","timestamp":1705171415207,"level":"info","message":"Starting rendering request 69","meta":{"rootId":"n3x5bs9daldbjis","id":"n3x5bs9daldbjis"},"id":"0ojstmz9k0uiani","previousOperationId":"wea27i02axz4tw0"}
{"type":"log","timestamp":1705171415208,"level":"info","message":"Rendering template { name: AveragePunctuation, recipe: chrome-pdf, engine: handlebars, preview: false }","meta":{"rootId":"n3x5bs9daldbjis","id":"n3x5bs9daldbjis"},"id":"bfzbr9157etogk5","previousOperationId":"wea27i02axz4tw0"}
{"type":"log","timestamp":1705171415211,"level":"debug","message":"Inline data specified.","meta":{"rootId":"n3x5bs9daldbjis","id":"n3x5bs9daldbjis"},"id":"srzc3ht2p1e24mx","previousOperationId":"wea27i02axz4tw0"}
{"type":"log","timestamp":1705171415215,"level":"debug","message":"Executing script AveragePunctuation-script (beforeRender)","meta":{"rootId":"n3x5bs9daldbjis","id":"n3x5bs9daldbjis"},"id":"99uf179a62l9t93","previousOperationId":"wea27i02axz4tw0"}
{"type":"operationStart","subtype":"scriptsBeforeRender","name":"scripts beforeRender","timestamp":1705171415262,"id":"cz3qg44etemg4zn","previousEventId":"d51uzbli28gq01f","operationId":"fvfdc6sko3j73dh","previousOperationId":"wea27i02axz4tw0"}
{"type":"operationStart","subtype":"script","name":"scripts AveragePunctuation-script","previousOperationId":"fvfdc6sko3j73dh","timestamp":1705171415262,"id":"3q04hayii077rbc","previousEventId":"cz3qg44etemg4zn","operationId":"pwftu2ytmyy2iie"}
{"type":"operationEnd","operationId":"pwftu2ytmyy2iie","timestamp":1705171415277,"id":"y1suf0i6gy2nqxa","previousEventId":"d51uzbli28gq01f","previousOperationId":"wea27i02axz4tw0"}
{"type":"operationEnd","operationId":"fvfdc6sko3j73dh","timestamp":1705171415277,"id":"e0gbg8n7t1vto2w","previousEventId":"y1suf0i6gy2nqxa","previousOperationId":"wea27i02axz4tw0"}
{"type":"log","timestamp":1705171415277,"level":"debug","message":"Base url not specified, skipping its injection.","meta":{"rootId":"n3x5bs9daldbjis","id":"n3x5bs9daldbjis"},"id":"0ac99969pc4if7u","previousOperationId":"fvfdc6sko3j73dh"}
{"type":"operationStart","subtype":"engine","name":"handlebars","timestamp":1705171415277,"id":"t6kb8l88lhxex4e","previousEventId":"e0gbg8n7t1vto2w","operationId":"r4qsy4kmrz2pnau","previousOperationId":"fvfdc6sko3j73dh"}
{"type":"log","timestamp":1705171415277,"level":"debug","message":"Rendering engine handlebars","meta":{"rootId":"n3x5bs9daldbjis","id":"n3x5bs9daldbjis"},"id":"um0zo05dtofe9dt","previousOperationId":"r4qsy4kmrz2pnau"}
{"type":"operationEnd","operationId":"r4qsy4kmrz2pnau","timestamp":1705171415289,"id":"29kmh52q581bmm5","previousEventId":"t6kb8l88lhxex4e","previousOperationId":"r4qsy4kmrz2pnau"}
{"type":"operationStart","subtype":"recipe","name":"chrome-pdf","timestamp":1705171415289,"id":"phdyzyzwpa654n9","previousEventId":"29kmh52q581bmm5","operationId":"0dqcrajfmscrop7","previousOperationId":"r4qsy4kmrz2pnau"}
{"type":"log","timestamp":1705171415289,"level":"debug","message":"Executing recipe chrome-pdf","meta":{"rootId":"n3x5bs9daldbjis","id":"n3x5bs9daldbjis"},"id":"sfphu96a1nj2v86","previousOperationId":"0dqcrajfmscrop7"}
{"type":"log","timestamp":1705171415291,"level":"debug","message":"Converting with chrome HeadlessChrome/117.0.5938.149 using chrome-pool strategy","meta":{"rootId":"n3x5bs9daldbjis","id":"n3x5bs9daldbjis"},"id":"8miu75crc0dpbom","previousOperationId":"0dqcrajfmscrop7"}
{"type":"log","timestamp":1705171415381,"level":"debug","message":"Page request: GET (document) file:///C:/Users/Javier/AppData/Local/Temp/jsreport/autocleanup/8d100b55-8d8b-4118-806e-fb6a3fe46e4b-chrome-pdf.html","meta":{"rootId":"n3x5bs9daldbjis","id":"n3x5bs9daldbjis"},"id":"4j09zfxho84o15f","previousOperationId":"0dqcrajfmscrop7"}
{"type":"log","timestamp":1705171415429,"level":"debug","message":"Page request: GET (stylesheet) https://cdnjs.cloudflare.com/ajax/libs/metro/4.1.5/css/metro.min.css","meta":{"rootId":"n3x5bs9daldbjis","id":"n3x5bs9daldbjis"},"id":"eitkej0qrwt1qcc","previousOperationId":"0dqcrajfmscrop7"}
{"type":"log","timestamp":1705171415429,"level":"debug","message":"Page request: GET (script) https://cdnjs.cloudflare.com/ajax/libs/Chart.js/2.7.2/Chart.min.js","meta":{"rootId":"n3x5bs9daldbjis","id":"n3x5bs9daldbjis"},"id":"hju7kb5vbqw7e87","previousOperationId":"0dqcrajfmscrop7"}
{"type":"log","timestamp":1705171415429,"level":"debug","message":"Page request finished: GET (document) 200 file:///C:/Users/Javier/AppData/Local/Temp/jsreport/autocleanup/8d100b55-8d8b-4118-806e-fb6a3fe46e4b-chrome-pdf.html","meta":{"rootId":"n3x5bs9daldbjis","id":"n3x5bs9daldbjis"},"id":"upnjspe1br0o8xt","previousOperationId":"0dqcrajfmscrop7"}
{"type":"log","timestamp":1705171415435,"level":"debug","message":"Page request finished: GET (script) 200 https://cdnjs.cloudflare.com/ajax/libs/Chart.js/2.7.2/Chart.min.js","meta":{"rootId":"n3x5bs9daldbjis","id":"n3x5bs9daldbjis"},"id":"az7f8ojisiqc03e","previousOperationId":"0dqcrajfmscrop7"}
{"type":"log","timestamp":1705171415446,"level":"debug","message":"Page request finished: GET (stylesheet) 200 https://cdnjs.cloudflare.com/ajax/libs/metro/4.1.5/css/metro.min.css","meta":{"rootId":"n3x5bs9daldbjis","id":"n3x5bs9daldbjis"},"id":"k2ugwqwf44jtiuc","previousOperationId":"0dqcrajfmscrop7"}
{"type":"log","timestamp":1705171415512,"level":"debug","message":"Running chrome with params {\"printBackground\":true,\"timeout\":59898,\"margin\":{}}","meta":{"rootId":"n3x5bs9daldbjis","id":"n3x5bs9daldbjis"},"id":"u02petzhxhzsf37","previousOperationId":"0dqcrajfmscrop7"}
{"type":"operationEnd","operationId":"0dqcrajfmscrop7","timestamp":1705171415618,"id":"xrhmmf9sokiqlin","previousEventId":"phdyzyzwpa654n9","previousOperationId":"0dqcrajfmscrop7"}
{"type":"log","timestamp":1705171415618,"level":"debug","message":"Skipping storing report.","meta":{"rootId":"n3x5bs9daldbjis","id":"n3x5bs9daldbjis"},"id":"o7zvrt4zra4ki2g","previousOperationId":"0dqcrajfmscrop7"}
{"type":"log","timestamp":1705171415618,"level":"info","message":"Rendering request 69 finished in 430 ms","meta":{"rootId":"n3x5bs9daldbjis","id":"n3x5bs9daldbjis"},"id":"pmf5wrejb6osp1w","previousOperationId":"0dqcrajfmscrop7"}
{"type":"operationEnd","subtype":"render","operationId":"wea27i02axz4tw0","timestamp":1705171415618,"id":"nyl13lv9wggfdi6","previousEventId":"xrhmmf9sokiqlin","previousOperationId":"0dqcrajfmscrop7"}
{"type":"operationEnd","doDiffs":false,"previousEventId":"zit1zjpfvqv9r8j","previousOperationId":"7pc0kp1findnk1w","operationId":"7pc0kp1findnk1w","timestamp":1705171415621,"id":"ae5wgg5hjqhoyat"}
