{"type":"operationStart","subtype":"profile","data":{"_id":"AFB1kEU85x67B7So","timestamp":"2024-01-12T19:05:25.349Z","state":"queued","mode":"standard","creationDate":"2024-01-12T19:05:25.353Z","modificationDate":"2024-01-12T19:05:25.353Z","shortid":"vnmnA2a","$entitySet":"profiles"},"doDiffs":false,"timestamp":1705086325351,"id":"ousyn9ez51b2da2","previousOperationId":null,"operationId":"rjn1aisz6tgdyb0"}
{"type":"log","level":"info","message":"Render request 1 queued for execution and waiting for available worker","previousOperationId":"rjn1aisz6tgdyb0","timestamp":1705086325351,"id":"ec68pkud66kdgow"}
{"type":"operationStart","subtype":"render","name":"AveragePunctuation","previousOperationId":"rjn1aisz6tgdyb0","timestamp":1705086325386,"id":"0ang7vrddiu52bh","previousEventId":"ousyn9ez51b2da2","operationId":"b792k1rjytklrwt"}
{"type":"log","timestamp":1705086325388,"level":"info","message":"Starting rendering request 1","meta":{"rootId":"n408e3e2dogarzo","id":"n408e3e2dogarzo"},"id":"pci4ugvrr276rkg","previousOperationId":"b792k1rjytklrwt"}
{"type":"log","timestamp":1705086325389,"level":"info","message":"Rendering template { name: AveragePunctuation, recipe: chrome-pdf, engine: handlebars, preview: false }","meta":{"rootId":"n408e3e2dogarzo","id":"n408e3e2dogarzo"},"id":"51xxdmpat2ew3lc","previousOperationId":"b792k1rjytklrwt"}
{"type":"log","timestamp":1705086325391,"level":"debug","message":"Inline data specified.","meta":{"rootId":"n408e3e2dogarzo","id":"n408e3e2dogarzo"},"id":"720sxr4cvvw3nc6","previousOperationId":"b792k1rjytklrwt"}
{"type":"log","timestamp":1705086325396,"level":"debug","message":"Executing script AveragePunctuation-script (beforeRender)","meta":{"rootId":"n408e3e2dogarzo","id":"n408e3e2dogarzo"},"id":"xdvx9mp1ch3p2xj","previousOperationId":"b792k1rjytklrwt"}
{"type":"operationStart","subtype":"scriptsBeforeRender","name":"scripts beforeRender","timestamp":1705086325811,"id":"ao4ep4piu79p781","previousEventId":"0ang7vrddiu52bh","operationId":"uayzgxdthlceaca","previousOperationId":"b792k1rjytklrwt"}
{"type":"operationStart","subtype":"script","name":"scripts AveragePunctuation-script","previousOperationId":"uayzgxdthlceaca","timestamp":1705086325811,"id":"9q4s3olmcq8o8we","previousEventId":"ao4ep4piu79p781","operationId":"l9xufco06e5cxtt"}
{"type":"operationEnd","operationId":"l9xufco06e5cxtt","timestamp":1705086325848,"id":"sxfwfrtc1487b9h","previousEventId":"0ang7vrddiu52bh","previousOperationId":"b792k1rjytklrwt"}
{"type":"operationEnd","operationId":"uayzgxdthlceaca","timestamp":1705086325848,"id":"3axgoghzwptydpo","previousEventId":"sxfwfrtc1487b9h","previousOperationId":"b792k1rjytklrwt"}
{"type":"log","timestamp":1705086325849,"level":"debug","message":"Base url not specified, skipping its injection.","meta":{"rootId":"n408e3e2dogarzo","id":"n408e3e2dogarzo"},"id":"whzh5o5f3irb0m2","previousOperationId":"uayzgxdthlceaca"}
{"type":"operationStart","subtype":"engine","name":"handlebars","timestamp":1705086325849,"id":"lhor9m4nz2y6j0h","previousEventId":"3axgoghzwptydpo","operationId":"roexf5a4j6it68c","previousOperationId":"uayzgxdthlceaca"}
{"type":"log","timestamp":1705086325849,"level":"debug","message":"Rendering engine handlebars","meta":{"rootId":"n408e3e2dogarzo","id":"n408e3e2dogarzo"},"id":"ps7b9ewej0ry15b","previousOperationId":"roexf5a4j6it68c"}
{"type":"operationEnd","operationId":"roexf5a4j6it68c","timestamp":1705086326142,"id":"uo9vp6grc6jvgrc","previousEventId":"lhor9m4nz2y6j0h","previousOperationId":"roexf5a4j6it68c"}
{"type":"operationStart","subtype":"recipe","name":"chrome-pdf","timestamp":1705086326143,"id":"kxeuhx46tut3238","previousEventId":"uo9vp6grc6jvgrc","operationId":"kyjibi0f9o2yw88","previousOperationId":"roexf5a4j6it68c"}
{"type":"log","timestamp":1705086326143,"level":"debug","message":"Executing recipe chrome-pdf","meta":{"rootId":"n408e3e2dogarzo","id":"n408e3e2dogarzo"},"id":"fmfy1evbx8y5nl1","previousOperationId":"kyjibi0f9o2yw88"}
{"type":"log","timestamp":1705086327533,"level":"debug","message":"Converting with chrome HeadlessChrome/117.0.5938.149 using chrome-pool strategy","meta":{"rootId":"n408e3e2dogarzo","id":"n408e3e2dogarzo"},"id":"84mpph510g07mp7","previousOperationId":"kyjibi0f9o2yw88"}
{"type":"log","timestamp":1705086328740,"level":"debug","message":"Page request: GET (document) file:///C:/Users/Javier/AppData/Local/Temp/jsreport/autocleanup/85f74513-119c-4e21-9d53-3aea084e54e9-chrome-pdf.html","meta":{"rootId":"n408e3e2dogarzo","id":"n408e3e2dogarzo"},"id":"zyahwltotb01uft","previousOperationId":"kyjibi0f9o2yw88"}
{"type":"log","timestamp":1705086328753,"level":"debug","message":"Page request finished: GET (document) 200 file:///C:/Users/Javier/AppData/Local/Temp/jsreport/autocleanup/85f74513-119c-4e21-9d53-3aea084e54e9-chrome-pdf.html","meta":{"rootId":"n408e3e2dogarzo","id":"n408e3e2dogarzo"},"id":"uk04v37x40hhoep","previousOperationId":"kyjibi0f9o2yw88"}
{"type":"log","timestamp":1705086328759,"level":"debug","message":"Running chrome with params {\"printBackground\":true,\"timeout\":58853,\"margin\":{}}","meta":{"rootId":"n408e3e2dogarzo","id":"n408e3e2dogarzo"},"id":"9zprsoeiw3cvh86","previousOperationId":"kyjibi0f9o2yw88"}
{"type":"operationEnd","operationId":"kyjibi0f9o2yw88","timestamp":1705086328783,"id":"acvccmextc0jx03","previousEventId":"kxeuhx46tut3238","previousOperationId":"kyjibi0f9o2yw88"}
{"type":"log","timestamp":1705086328784,"level":"debug","message":"Skipping storing report.","meta":{"rootId":"n408e3e2dogarzo","id":"n408e3e2dogarzo"},"id":"g9m5jei9qr57n87","previousOperationId":"kyjibi0f9o2yw88"}
{"type":"log","timestamp":1705086328784,"level":"info","message":"Rendering request 1 finished in 3435 ms","meta":{"rootId":"n408e3e2dogarzo","id":"n408e3e2dogarzo"},"id":"16frj42z88omd6u","previousOperationId":"kyjibi0f9o2yw88"}
{"type":"operationEnd","subtype":"render","operationId":"b792k1rjytklrwt","timestamp":1705086328784,"id":"441i48nojramys8","previousEventId":"acvccmextc0jx03","previousOperationId":"kyjibi0f9o2yw88"}
{"type":"operationEnd","doDiffs":false,"previousEventId":"ousyn9ez51b2da2","previousOperationId":"rjn1aisz6tgdyb0","operationId":"rjn1aisz6tgdyb0","timestamp":1705086328787,"id":"26d4rxaf2h5atrf"}
