{"type":"operationStart","subtype":"profile","data":{"_id":"1ZVcB12zyrcEAOzd","timestamp":"2024-01-13T23:06:08.488Z","state":"queued","mode":"standard","creationDate":"2024-01-13T23:06:08.489Z","modificationDate":"2024-01-13T23:06:08.489Z","shortid":"SvWTOzb","$entitySet":"profiles"},"doDiffs":false,"timestamp":1705187168489,"id":"waogqxy97fgf5xe","previousOperationId":null,"operationId":"mf025cfj0j3yfgf"}
{"type":"log","level":"info","message":"Render request 12 queued for execution and waiting for available worker","previousOperationId":"mf025cfj0j3yfgf","timestamp":1705187168489,"id":"8dkrkbg2fd12jfq"}
{"type":"operationStart","subtype":"render","name":"AveragePunctuation","previousOperationId":"mf025cfj0j3yfgf","timestamp":1705187168497,"id":"n8ith8nw41jlrep","previousEventId":"waogqxy97fgf5xe","operationId":"yjev5hfej69ehlm"}
{"type":"log","timestamp":1705187168497,"level":"info","message":"Starting rendering request 12","meta":{"rootId":"n4t5lwck8ajhqxa","id":"n4t5lwck8ajhqxa"},"id":"4sfcaww5irtxu8n","previousOperationId":"yjev5hfej69ehlm"}
{"type":"log","timestamp":1705187168497,"level":"info","message":"Rendering template { name: AveragePunctuation, recipe: chrome-pdf, engine: handlebars, preview: false }","meta":{"rootId":"n4t5lwck8ajhqxa","id":"n4t5lwck8ajhqxa"},"id":"5viipsummd6szh2","previousOperationId":"yjev5hfej69ehlm"}
{"type":"log","timestamp":1705187168499,"level":"debug","message":"Inline data specified.","meta":{"rootId":"n4t5lwck8ajhqxa","id":"n4t5lwck8ajhqxa"},"id":"vzou0yu8tcd3yqs","previousOperationId":"yjev5hfej69ehlm"}
{"type":"log","timestamp":1705187168509,"level":"debug","message":"Executing script AveragePunctuation-script (beforeRender)","meta":{"rootId":"n4t5lwck8ajhqxa","id":"n4t5lwck8ajhqxa"},"id":"rl1fmhpm02j31wh","previousOperationId":"yjev5hfej69ehlm"}
{"type":"operationStart","subtype":"scriptsBeforeRender","name":"scripts beforeRender","timestamp":1705187168551,"id":"e0fify4uiznenyi","previousEventId":"n8ith8nw41jlrep","operationId":"wkjg9bftfg49vbt","previousOperationId":"yjev5hfej69ehlm"}
{"type":"operationStart","subtype":"script","name":"scripts AveragePunctuation-script","previousOperationId":"wkjg9bftfg49vbt","timestamp":1705187168551,"id":"o72y4jmqekftpw7","previousEventId":"e0fify4uiznenyi","operationId":"ooqka79n957ftln"}
{"type":"operationEnd","operationId":"ooqka79n957ftln","timestamp":1705187168573,"id":"xb2n481fxejgagz","previousEventId":"n8ith8nw41jlrep","previousOperationId":"yjev5hfej69ehlm"}
{"type":"operationEnd","operationId":"wkjg9bftfg49vbt","timestamp":1705187168573,"id":"c9fwofeih7yxzwo","previousEventId":"xb2n481fxejgagz","previousOperationId":"yjev5hfej69ehlm"}
{"type":"log","timestamp":1705187168573,"level":"debug","message":"Base url not specified, skipping its injection.","meta":{"rootId":"n4t5lwck8ajhqxa","id":"n4t5lwck8ajhqxa"},"id":"7hj9es5z22otnjb","previousOperationId":"wkjg9bftfg49vbt"}
{"type":"operationStart","subtype":"engine","name":"handlebars","timestamp":1705187168573,"id":"v5fnkm04hw18244","previousEventId":"c9fwofeih7yxzwo","operationId":"9sjd1g6r3vnfvkw","previousOperationId":"wkjg9bftfg49vbt"}
{"type":"log","timestamp":1705187168573,"level":"debug","message":"Rendering engine handlebars","meta":{"rootId":"n4t5lwck8ajhqxa","id":"n4t5lwck8ajhqxa"},"id":"6qd512pnv8qrii5","previousOperationId":"9sjd1g6r3vnfvkw"}
{"type":"operationEnd","operationId":"9sjd1g6r3vnfvkw","timestamp":1705187168581,"id":"d5q0zyztxurngs8","previousEventId":"v5fnkm04hw18244","previousOperationId":"9sjd1g6r3vnfvkw"}
{"type":"operationStart","subtype":"recipe","name":"chrome-pdf","timestamp":1705187168582,"id":"6oncjxwrm1r83xx","previousEventId":"d5q0zyztxurngs8","operationId":"03898ydrb5rhmmx","previousOperationId":"9sjd1g6r3vnfvkw"}
{"type":"log","timestamp":1705187168582,"level":"debug","message":"Executing recipe chrome-pdf","meta":{"rootId":"n4t5lwck8ajhqxa","id":"n4t5lwck8ajhqxa"},"id":"a4di31gs8k41trh","previousOperationId":"03898ydrb5rhmmx"}
{"type":"log","timestamp":1705187168584,"level":"debug","message":"Converting with chrome HeadlessChrome/117.0.5938.149 using chrome-pool strategy","meta":{"rootId":"n4t5lwck8ajhqxa","id":"n4t5lwck8ajhqxa"},"id":"c6ttw56fycqsmyv","previousOperationId":"03898ydrb5rhmmx"}
{"type":"log","timestamp":1705187168672,"level":"debug","message":"Page request: GET (document) file:///C:/Users/Javier/AppData/Local/Temp/jsreport/autocleanup/2a0d1d23-4725-4f81-a61a-b29382e1ff6e-chrome-pdf.html","meta":{"rootId":"n4t5lwck8ajhqxa","id":"n4t5lwck8ajhqxa"},"id":"juhya4m7k3cmoec","previousOperationId":"03898ydrb5rhmmx"}
{"type":"log","timestamp":1705187168721,"level":"debug","message":"Page request: GET (stylesheet) https://cdnjs.cloudflare.com/ajax/libs/metro/4.1.5/css/metro.min.css","meta":{"rootId":"n4t5lwck8ajhqxa","id":"n4t5lwck8ajhqxa"},"id":"dadqf6cdd8egxp3","previousOperationId":"03898ydrb5rhmmx"}
{"type":"log","timestamp":1705187168721,"level":"debug","message":"Page request: GET (script) https://cdnjs.cloudflare.com/ajax/libs/Chart.js/2.7.2/Chart.min.js","meta":{"rootId":"n4t5lwck8ajhqxa","id":"n4t5lwck8ajhqxa"},"id":"rkw2yj3j0sfgbpu","previousOperationId":"03898ydrb5rhmmx"}
{"type":"log","timestamp":1705187168721,"level":"debug","message":"Page request finished: GET (document) 200 file:///C:/Users/Javier/AppData/Local/Temp/jsreport/autocleanup/2a0d1d23-4725-4f81-a61a-b29382e1ff6e-chrome-pdf.html","meta":{"rootId":"n4t5lwck8ajhqxa","id":"n4t5lwck8ajhqxa"},"id":"j85xsy2h7gos3qo","previousOperationId":"03898ydrb5rhmmx"}
{"type":"log","timestamp":1705187168726,"level":"debug","message":"Page request finished: GET (script) 200 https://cdnjs.cloudflare.com/ajax/libs/Chart.js/2.7.2/Chart.min.js","meta":{"rootId":"n4t5lwck8ajhqxa","id":"n4t5lwck8ajhqxa"},"id":"x0jsd72ra2yafcq","previousOperationId":"03898ydrb5rhmmx"}
{"type":"log","timestamp":1705187168736,"level":"debug","message":"Page request finished: GET (stylesheet) 200 https://cdnjs.cloudflare.com/ajax/libs/metro/4.1.5/css/metro.min.css","meta":{"rootId":"n4t5lwck8ajhqxa","id":"n4t5lwck8ajhqxa"},"id":"15yznuqpfeiogn8","previousOperationId":"03898ydrb5rhmmx"}
{"type":"log","timestamp":1705187168795,"level":"debug","message":"Running chrome with params {\"printBackground\":true,\"timeout\":59904,\"margin\":{}}","meta":{"rootId":"n4t5lwck8ajhqxa","id":"n4t5lwck8ajhqxa"},"id":"egzxz8ozmqswb9w","previousOperationId":"03898ydrb5rhmmx"}
{"type":"operationEnd","operationId":"03898ydrb5rhmmx","timestamp":1705187168897,"id":"2q5wn3n47b2j0l2","previousEventId":"6oncjxwrm1r83xx","previousOperationId":"03898ydrb5rhmmx"}
{"type":"log","timestamp":1705187168897,"level":"debug","message":"Skipping storing report.","meta":{"rootId":"n4t5lwck8ajhqxa","id":"n4t5lwck8ajhqxa"},"id":"hi6x1h22w7jwfer","previousOperationId":"03898ydrb5rhmmx"}
{"type":"log","timestamp":1705187168898,"level":"info","message":"Rendering request 12 finished in 411 ms","meta":{"rootId":"n4t5lwck8ajhqxa","id":"n4t5lwck8ajhqxa"},"id":"zzpcr58g22s5yl5","previousOperationId":"03898ydrb5rhmmx"}
{"type":"operationEnd","subtype":"render","operationId":"yjev5hfej69ehlm","timestamp":1705187168898,"id":"ytxwji68ljukhm0","previousEventId":"2q5wn3n47b2j0l2","previousOperationId":"03898ydrb5rhmmx"}
{"type":"operationEnd","doDiffs":false,"previousEventId":"waogqxy97fgf5xe","previousOperationId":"mf025cfj0j3yfgf","operationId":"mf025cfj0j3yfgf","timestamp":1705187168899,"id":"wovyk10zt6hdv7e"}
