{"type":"operationStart","subtype":"profile","data":{"_id":"fqrqna5gs8MBcjOh","timestamp":"2024-01-14T15:52:11.939Z","state":"queued","mode":"standard","creationDate":"2024-01-14T15:52:11.943Z","modificationDate":"2024-01-14T15:52:11.943Z","shortid":"RwQU_HL","$entitySet":"profiles"},"doDiffs":false,"timestamp":1705247531940,"id":"7g4lnd20h1fai1t","previousOperationId":null,"operationId":"skhtcd2jvbtqoyz"}
{"type":"log","level":"info","message":"Render request 3 queued for execution and waiting for available worker","previousOperationId":"skhtcd2jvbtqoyz","timestamp":1705247531940,"id":"dtexrzs42432r43"}
{"type":"operationStart","subtype":"render","name":"AveragePunctuation","previousOperationId":"skhtcd2jvbtqoyz","timestamp":1705247531967,"id":"tm14caw3fgmk45w","previousEventId":"7g4lnd20h1fai1t","operationId":"a08w5hury2zg4l7"}
{"type":"log","timestamp":1705247531969,"level":"info","message":"Starting rendering request 3","meta":{"rootId":"n6rs8vxz4jmmgps","id":"n6rs8vxz4jmmgps"},"id":"4fsv4tju73oj9i4","previousOperationId":"a08w5hury2zg4l7"}
{"type":"log","timestamp":1705247531970,"level":"info","message":"Rendering template { name: AveragePunctuation, recipe: chrome-pdf, engine: handlebars, preview: false }","meta":{"rootId":"n6rs8vxz4jmmgps","id":"n6rs8vxz4jmmgps"},"id":"h7tjtrih1nadm35","previousOperationId":"a08w5hury2zg4l7"}
{"type":"log","timestamp":1705247531971,"level":"debug","message":"Inline data specified.","meta":{"rootId":"n6rs8vxz4jmmgps","id":"n6rs8vxz4jmmgps"},"id":"1vkt0am1r66762p","previousOperationId":"a08w5hury2zg4l7"}
{"type":"log","timestamp":1705247531973,"level":"debug","message":"Executing script AveragePunctuation-script (beforeRender)","meta":{"rootId":"n6rs8vxz4jmmgps","id":"n6rs8vxz4jmmgps"},"id":"1sg0fjszg080iog","previousOperationId":"a08w5hury2zg4l7"}
{"type":"operationStart","subtype":"scriptsBeforeRender","name":"scripts beforeRender","timestamp":1705247532031,"id":"he75cxla68vclui","previousEventId":"tm14caw3fgmk45w","operationId":"4ajk4taybugni6p","previousOperationId":"a08w5hury2zg4l7"}
{"type":"operationStart","subtype":"script","name":"scripts AveragePunctuation-script","previousOperationId":"4ajk4taybugni6p","timestamp":1705247532032,"id":"v39nhlhzfh7lsij","previousEventId":"he75cxla68vclui","operationId":"uynbu53ymnadlfv"}
{"type":"operationEnd","operationId":"uynbu53ymnadlfv","timestamp":1705247532081,"id":"clqwunttqw2dcbg","previousEventId":"tm14caw3fgmk45w","previousOperationId":"a08w5hury2zg4l7"}
{"type":"operationEnd","operationId":"4ajk4taybugni6p","timestamp":1705247532081,"id":"ay4fmmhdrandv03","previousEventId":"clqwunttqw2dcbg","previousOperationId":"a08w5hury2zg4l7"}
{"type":"log","timestamp":1705247532081,"level":"debug","message":"Base url not specified, skipping its injection.","meta":{"rootId":"n6rs8vxz4jmmgps","id":"n6rs8vxz4jmmgps"},"id":"y2pa00e8j6tpuey","previousOperationId":"4ajk4taybugni6p"}
{"type":"operationStart","subtype":"engine","name":"handlebars","timestamp":1705247532081,"id":"bfa6le0sda0k29j","previousEventId":"ay4fmmhdrandv03","operationId":"xt73pfkze3h42fa","previousOperationId":"4ajk4taybugni6p"}
{"type":"log","timestamp":1705247532081,"level":"debug","message":"Rendering engine handlebars","meta":{"rootId":"n6rs8vxz4jmmgps","id":"n6rs8vxz4jmmgps"},"id":"1hdj8cgitn1qlma","previousOperationId":"xt73pfkze3h42fa"}
{"type":"operationEnd","operationId":"xt73pfkze3h42fa","timestamp":1705247532094,"id":"i6ntyn3nu95gaep","previousEventId":"bfa6le0sda0k29j","previousOperationId":"xt73pfkze3h42fa"}
{"type":"operationStart","subtype":"recipe","name":"chrome-pdf","timestamp":1705247532094,"id":"m5svmzwug7k1ee0","previousEventId":"i6ntyn3nu95gaep","operationId":"xbazc0fbutww5k5","previousOperationId":"xt73pfkze3h42fa"}
{"type":"log","timestamp":1705247532094,"level":"debug","message":"Executing recipe chrome-pdf","meta":{"rootId":"n6rs8vxz4jmmgps","id":"n6rs8vxz4jmmgps"},"id":"ggydt2gq8d96alj","previousOperationId":"xbazc0fbutww5k5"}
{"type":"log","timestamp":1705247532098,"level":"debug","message":"Converting with chrome HeadlessChrome/117.0.5938.149 using chrome-pool strategy","meta":{"rootId":"n6rs8vxz4jmmgps","id":"n6rs8vxz4jmmgps"},"id":"y76kz8y7ffpl0cj","previousOperationId":"xbazc0fbutww5k5"}
{"type":"log","timestamp":1705247532610,"level":"debug","message":"Page request: GET (document) file:///C:/Users/Javier/AppData/Local/Temp/jsreport/autocleanup/801a88ec-9399-4f8e-9fc1-92e7c5c6a3c1-chrome-pdf.html","meta":{"rootId":"n6rs8vxz4jmmgps","id":"n6rs8vxz4jmmgps"},"id":"n4ml8zweprn20uw","previousOperationId":"xbazc0fbutww5k5"}
{"type":"log","timestamp":1705247532646,"level":"debug","message":"Page request: GET (stylesheet) https://cdnjs.cloudflare.com/ajax/libs/metro/4.1.5/css/metro.min.css","meta":{"rootId":"n6rs8vxz4jmmgps","id":"n6rs8vxz4jmmgps"},"id":"i8zc64bx23qo84g","previousOperationId":"xbazc0fbutww5k5"}
{"type":"log","timestamp":1705247532647,"level":"debug","message":"Page request finished: GET (document) 200 file:///C:/Users/Javier/AppData/Local/Temp/jsreport/autocleanup/801a88ec-9399-4f8e-9fc1-92e7c5c6a3c1-chrome-pdf.html","meta":{"rootId":"n6rs8vxz4jmmgps","id":"n6rs8vxz4jmmgps"},"id":"ltiscbueypuollz","previousOperationId":"xbazc0fbutww5k5"}
{"type":"log","timestamp":1705247532647,"level":"debug","message":"Page request: GET (script) https://cdnjs.cloudflare.com/ajax/libs/Chart.js/2.7.2/Chart.min.js","meta":{"rootId":"n6rs8vxz4jmmgps","id":"n6rs8vxz4jmmgps"},"id":"pi1bk2v1j1ue3ap","previousOperationId":"xbazc0fbutww5k5"}
{"type":"log","timestamp":1705247532671,"level":"debug","message":"Page request finished: GET (stylesheet) 200 https://cdnjs.cloudflare.com/ajax/libs/metro/4.1.5/css/metro.min.css","meta":{"rootId":"n6rs8vxz4jmmgps","id":"n6rs8vxz4jmmgps"},"id":"67vw7n4l66qbcrd","previousOperationId":"xbazc0fbutww5k5"}
{"type":"log","timestamp":1705247532671,"level":"debug","message":"Page request finished: GET (script) 200 https://cdnjs.cloudflare.com/ajax/libs/Chart.js/2.7.2/Chart.min.js","meta":{"rootId":"n6rs8vxz4jmmgps","id":"n6rs8vxz4jmmgps"},"id":"2jaoedr4vwhvf84","previousOperationId":"xbazc0fbutww5k5"}
{"type":"log","timestamp":1705247532771,"level":"debug","message":"Running chrome with params {\"printBackground\":true,\"timeout\":59842,\"margin\":{}}","meta":{"rootId":"n6rs8vxz4jmmgps","id":"n6rs8vxz4jmmgps"},"id":"aew8wqmwtil705h","previousOperationId":"xbazc0fbutww5k5"}
{"type":"operationEnd","operationId":"xbazc0fbutww5k5","timestamp":1705247532863,"id":"y4g1mvmjw9ux203","previousEventId":"m5svmzwug7k1ee0","previousOperationId":"xbazc0fbutww5k5"}
{"type":"log","timestamp":1705247532863,"level":"debug","message":"Skipping storing report.","meta":{"rootId":"n6rs8vxz4jmmgps","id":"n6rs8vxz4jmmgps"},"id":"xjqibb6tyyuj472","previousOperationId":"xbazc0fbutww5k5"}
{"type":"log","timestamp":1705247532863,"level":"info","message":"Rendering request 3 finished in 925 ms","meta":{"rootId":"n6rs8vxz4jmmgps","id":"n6rs8vxz4jmmgps"},"id":"jc4ei4bnnbs5iu4","previousOperationId":"xbazc0fbutww5k5"}
{"type":"operationEnd","subtype":"render","operationId":"a08w5hury2zg4l7","timestamp":1705247532863,"id":"v411avgtp9uddwv","previousEventId":"y4g1mvmjw9ux203","previousOperationId":"xbazc0fbutww5k5"}
{"type":"operationEnd","doDiffs":false,"previousEventId":"7g4lnd20h1fai1t","previousOperationId":"skhtcd2jvbtqoyz","operationId":"skhtcd2jvbtqoyz","timestamp":1705247532866,"id":"b00fw0ittnjmpys"}
