{"type":"operationStart","subtype":"profile","data":{"_id":"InaC1OaUcxG9G24A","timestamp":"2024-01-13T22:56:13.802Z","state":"queued","mode":"standard","creationDate":"2024-01-13T22:56:13.804Z","modificationDate":"2024-01-13T22:56:13.804Z","shortid":"sLj3ncZ","$entitySet":"profiles"},"doDiffs":false,"timestamp":1705186573803,"id":"cdqvi5kzq1hd3o0","previousOperationId":null,"operationId":"0wuvmb80e5j8mo7"}
{"type":"log","level":"info","message":"Render request 4 queued for execution and waiting for available worker","previousOperationId":"0wuvmb80e5j8mo7","timestamp":1705186573803,"id":"w25f4hnqfu0glcr"}
{"type":"operationStart","subtype":"render","name":"AveragePunctuation","previousOperationId":"0wuvmb80e5j8mo7","timestamp":1705186573813,"id":"skg0ib7qo25tfo9","previousEventId":"cdqvi5kzq1hd3o0","operationId":"cx3t88fql2jvwhv"}
{"type":"log","timestamp":1705186573814,"level":"info","message":"Starting rendering request 4","meta":{"rootId":"nab3padp8wzyigh","id":"nab3padp8wzyigh"},"id":"gj2nf4p3emddn6q","previousOperationId":"cx3t88fql2jvwhv"}
{"type":"log","timestamp":1705186573815,"level":"info","message":"Rendering template { name: AveragePunctuation, recipe: chrome-pdf, engine: handlebars, preview: false }","meta":{"rootId":"nab3padp8wzyigh","id":"nab3padp8wzyigh"},"id":"a7ploj3l4860667","previousOperationId":"cx3t88fql2jvwhv"}
{"type":"log","timestamp":1705186573816,"level":"debug","message":"Inline data specified.","meta":{"rootId":"nab3padp8wzyigh","id":"nab3padp8wzyigh"},"id":"n7wes1niw04syjd","previousOperationId":"cx3t88fql2jvwhv"}
{"type":"log","timestamp":1705186573823,"level":"debug","message":"Executing script AveragePunctuation-script (beforeRender)","meta":{"rootId":"nab3padp8wzyigh","id":"nab3padp8wzyigh"},"id":"109qz7o6s2nd2xc","previousOperationId":"cx3t88fql2jvwhv"}
{"type":"operationStart","subtype":"scriptsBeforeRender","name":"scripts beforeRender","timestamp":1705186573874,"id":"0rukdi406xxoyxi","previousEventId":"skg0ib7qo25tfo9","operationId":"m9p17r3sz6n4tbm","previousOperationId":"cx3t88fql2jvwhv"}
{"type":"operationStart","subtype":"script","name":"scripts AveragePunctuation-script","previousOperationId":"m9p17r3sz6n4tbm","timestamp":1705186573875,"id":"vxxjq0ubsf95l8k","previousEventId":"0rukdi406xxoyxi","operationId":"wa89mps0ydhgcub"}
{"type":"operationEnd","operationId":"wa89mps0ydhgcub","timestamp":1705186573898,"id":"mxmvueg80tcdude","previousEventId":"skg0ib7qo25tfo9","previousOperationId":"cx3t88fql2jvwhv"}
{"type":"operationEnd","operationId":"m9p17r3sz6n4tbm","timestamp":1705186573898,"id":"i3352jcp5uiav5o","previousEventId":"mxmvueg80tcdude","previousOperationId":"cx3t88fql2jvwhv"}
{"type":"log","timestamp":1705186573898,"level":"debug","message":"Base url not specified, skipping its injection.","meta":{"rootId":"nab3padp8wzyigh","id":"nab3padp8wzyigh"},"id":"b8un4uqd2u7q8py","previousOperationId":"m9p17r3sz6n4tbm"}
{"type":"operationStart","subtype":"engine","name":"handlebars","timestamp":1705186573899,"id":"lpom6deu613elv9","previousEventId":"i3352jcp5uiav5o","operationId":"v8jj5p8fc6vzhsc","previousOperationId":"m9p17r3sz6n4tbm"}
{"type":"log","timestamp":1705186573899,"level":"debug","message":"Rendering engine handlebars","meta":{"rootId":"nab3padp8wzyigh","id":"nab3padp8wzyigh"},"id":"zgsk9u21w5x2g0u","previousOperationId":"v8jj5p8fc6vzhsc"}
{"type":"operationEnd","operationId":"v8jj5p8fc6vzhsc","timestamp":1705186573909,"id":"1jnyvgg6r9pwn9c","previousEventId":"lpom6deu613elv9","previousOperationId":"v8jj5p8fc6vzhsc"}
{"type":"operationStart","subtype":"recipe","name":"chrome-pdf","timestamp":1705186573910,"id":"d0wlpkma8kdl924","previousEventId":"1jnyvgg6r9pwn9c","operationId":"44ipss7lfegfwck","previousOperationId":"v8jj5p8fc6vzhsc"}
{"type":"log","timestamp":1705186573910,"level":"debug","message":"Executing recipe chrome-pdf","meta":{"rootId":"nab3padp8wzyigh","id":"nab3padp8wzyigh"},"id":"qc1548hio3z5qx9","previousOperationId":"44ipss7lfegfwck"}
{"type":"log","timestamp":1705186573912,"level":"debug","message":"Converting with chrome HeadlessChrome/117.0.5938.149 using chrome-pool strategy","meta":{"rootId":"nab3padp8wzyigh","id":"nab3padp8wzyigh"},"id":"abwe303genvnq1b","previousOperationId":"44ipss7lfegfwck"}
{"type":"log","timestamp":1705186573991,"level":"debug","message":"Page request: GET (document) file:///C:/Users/Javier/AppData/Local/Temp/jsreport/autocleanup/dc0af747-cda5-4536-b148-b6f64e513d0f-chrome-pdf.html","meta":{"rootId":"nab3padp8wzyigh","id":"nab3padp8wzyigh"},"id":"yrn1zz2mg43p4xc","previousOperationId":"44ipss7lfegfwck"}
{"type":"log","timestamp":1705186574033,"level":"debug","message":"Page request: GET (stylesheet) https://cdnjs.cloudflare.com/ajax/libs/metro/4.1.5/css/metro.min.css","meta":{"rootId":"nab3padp8wzyigh","id":"nab3padp8wzyigh"},"id":"ly15ohp3gxzroxr","previousOperationId":"44ipss7lfegfwck"}
{"type":"log","timestamp":1705186574033,"level":"debug","message":"Page request: GET (script) https://cdnjs.cloudflare.com/ajax/libs/Chart.js/2.7.2/Chart.min.js","meta":{"rootId":"nab3padp8wzyigh","id":"nab3padp8wzyigh"},"id":"1f5uojfxnlilk93","previousOperationId":"44ipss7lfegfwck"}
{"type":"log","timestamp":1705186574034,"level":"debug","message":"Page request finished: GET (document) 200 file:///C:/Users/Javier/AppData/Local/Temp/jsreport/autocleanup/dc0af747-cda5-4536-b148-b6f64e513d0f-chrome-pdf.html","meta":{"rootId":"nab3padp8wzyigh","id":"nab3padp8wzyigh"},"id":"xjs3ocl71y86ihl","previousOperationId":"44ipss7lfegfwck"}
{"type":"log","timestamp":1705186574051,"level":"debug","message":"Page request finished: GET (stylesheet) 200 https://cdnjs.cloudflare.com/ajax/libs/metro/4.1.5/css/metro.min.css","meta":{"rootId":"nab3padp8wzyigh","id":"nab3padp8wzyigh"},"id":"tixe5r57ic7667i","previousOperationId":"44ipss7lfegfwck"}
{"type":"log","timestamp":1705186574051,"level":"debug","message":"Page request finished: GET (script) 200 https://cdnjs.cloudflare.com/ajax/libs/Chart.js/2.7.2/Chart.min.js","meta":{"rootId":"nab3padp8wzyigh","id":"nab3padp8wzyigh"},"id":"j3rz3wa9jlg0bz8","previousOperationId":"44ipss7lfegfwck"}
{"type":"log","timestamp":1705186574120,"level":"debug","message":"Running chrome with params {\"printBackground\":true,\"timeout\":59891,\"margin\":{}}","meta":{"rootId":"nab3padp8wzyigh","id":"nab3padp8wzyigh"},"id":"n9qa6qy1dz4al6a","previousOperationId":"44ipss7lfegfwck"}
{"type":"operationEnd","operationId":"44ipss7lfegfwck","timestamp":1705186574225,"id":"hjoykau7o26leep","previousEventId":"d0wlpkma8kdl924","previousOperationId":"44ipss7lfegfwck"}
{"type":"log","timestamp":1705186574226,"level":"debug","message":"Skipping storing report.","meta":{"rootId":"nab3padp8wzyigh","id":"nab3padp8wzyigh"},"id":"v4rekrtd0dkksdk","previousOperationId":"44ipss7lfegfwck"}
{"type":"log","timestamp":1705186574226,"level":"info","message":"Rendering request 4 finished in 424 ms","meta":{"rootId":"nab3padp8wzyigh","id":"nab3padp8wzyigh"},"id":"hvl8aru26wt3r35","previousOperationId":"44ipss7lfegfwck"}
{"type":"operationEnd","subtype":"render","operationId":"cx3t88fql2jvwhv","timestamp":1705186574226,"id":"3rgonbb47sfg2wr","previousEventId":"hjoykau7o26leep","previousOperationId":"44ipss7lfegfwck"}
{"type":"operationEnd","doDiffs":false,"previousEventId":"cdqvi5kzq1hd3o0","previousOperationId":"0wuvmb80e5j8mo7","operationId":"0wuvmb80e5j8mo7","timestamp":1705186574228,"id":"dw0lshpmzup04ua"}
