{"type":"operationStart","subtype":"profile","data":{"_id":"2mK7F4T8EUgTDrmg","timestamp":"2024-01-13T16:53:39.999Z","state":"queued","mode":"standard","creationDate":"2024-01-13T16:53:40.001Z","modificationDate":"2024-01-13T16:53:40.001Z","shortid":"eolHhNw","$entitySet":"profiles"},"doDiffs":false,"timestamp":1705164820000,"id":"yazqj20tohushwz","previousOperationId":null,"operationId":"8uv9xjqvsvykcgj"}
{"type":"log","level":"info","message":"Render request 57 queued for execution and waiting for available worker","previousOperationId":"8uv9xjqvsvykcgj","timestamp":1705164820000,"id":"9gtfpx3y6frzg3t"}
{"type":"operationStart","subtype":"render","name":"AveragePunctuation","previousOperationId":"8uv9xjqvsvykcgj","timestamp":1705164820008,"id":"js41u0bkm68x8t0","previousEventId":"yazqj20tohushwz","operationId":"02wmc8toq68no8b"}
{"type":"log","timestamp":1705164820008,"level":"info","message":"Starting rendering request 57","meta":{"rootId":"nhjipxdrvpk9kwa","id":"nhjipxdrvpk9kwa"},"id":"qkjxvndrqsqbyqx","previousOperationId":"02wmc8toq68no8b"}
{"type":"log","timestamp":1705164820008,"level":"info","message":"Rendering template { name: AveragePunctuation, recipe: chrome-pdf, engine: handlebars, preview: false }","meta":{"rootId":"nhjipxdrvpk9kwa","id":"nhjipxdrvpk9kwa"},"id":"u096hrulyii4fct","previousOperationId":"02wmc8toq68no8b"}
{"type":"log","timestamp":1705164820009,"level":"debug","message":"Inline data specified.","meta":{"rootId":"nhjipxdrvpk9kwa","id":"nhjipxdrvpk9kwa"},"id":"hat6vmo4x377yfy","previousOperationId":"02wmc8toq68no8b"}
{"type":"log","timestamp":1705164820011,"level":"debug","message":"Executing script AveragePunctuation-script (beforeRender)","meta":{"rootId":"nhjipxdrvpk9kwa","id":"nhjipxdrvpk9kwa"},"id":"e1xisxfr0c1uhc0","previousOperationId":"02wmc8toq68no8b"}
{"type":"operationStart","subtype":"scriptsBeforeRender","name":"scripts beforeRender","timestamp":1705164820033,"id":"v5vt1a9h9bx8gzk","previousEventId":"js41u0bkm68x8t0","operationId":"yhreri5e21akks0","previousOperationId":"02wmc8toq68no8b"}
{"type":"operationStart","subtype":"script","name":"scripts AveragePunctuation-script","previousOperationId":"yhreri5e21akks0","timestamp":1705164820033,"id":"pqo5zki2x59f0sz","previousEventId":"v5vt1a9h9bx8gzk","operationId":"e2ldeznxthg2sm7"}
{"type":"operationEnd","operationId":"e2ldeznxthg2sm7","timestamp":1705164820052,"id":"cwmdi4qhekjw5mx","previousEventId":"js41u0bkm68x8t0","previousOperationId":"02wmc8toq68no8b"}
{"type":"operationEnd","operationId":"yhreri5e21akks0","timestamp":1705164820052,"id":"8ytxzmtsfplkhba","previousEventId":"cwmdi4qhekjw5mx","previousOperationId":"02wmc8toq68no8b"}
{"type":"log","timestamp":1705164820052,"level":"debug","message":"Base url not specified, skipping its injection.","meta":{"rootId":"nhjipxdrvpk9kwa","id":"nhjipxdrvpk9kwa"},"id":"ygz14pudqjx7p2i","previousOperationId":"yhreri5e21akks0"}
{"type":"operationStart","subtype":"engine","name":"handlebars","timestamp":1705164820052,"id":"x1z3hc0j3g16c0h","previousEventId":"8ytxzmtsfplkhba","operationId":"2ahk63k5bcsnl87","previousOperationId":"yhreri5e21akks0"}
{"type":"log","timestamp":1705164820052,"level":"debug","message":"Rendering engine handlebars","meta":{"rootId":"nhjipxdrvpk9kwa","id":"nhjipxdrvpk9kwa"},"id":"3vzbgf7iwmj2iej","previousOperationId":"2ahk63k5bcsnl87"}
{"type":"operationEnd","operationId":"2ahk63k5bcsnl87","timestamp":1705164820059,"id":"6way0rvcu7zj7hn","previousEventId":"x1z3hc0j3g16c0h","previousOperationId":"2ahk63k5bcsnl87"}
{"type":"operationStart","subtype":"recipe","name":"chrome-pdf","timestamp":1705164820060,"id":"mz2uga1qojc2zdt","previousEventId":"6way0rvcu7zj7hn","operationId":"2jukybzxi04h0ol","previousOperationId":"2ahk63k5bcsnl87"}
{"type":"log","timestamp":1705164820060,"level":"debug","message":"Executing recipe chrome-pdf","meta":{"rootId":"nhjipxdrvpk9kwa","id":"nhjipxdrvpk9kwa"},"id":"v5p769t6fvwvi1l","previousOperationId":"2jukybzxi04h0ol"}
{"type":"log","timestamp":1705164820062,"level":"debug","message":"Converting with chrome HeadlessChrome/117.0.5938.149 using chrome-pool strategy","meta":{"rootId":"nhjipxdrvpk9kwa","id":"nhjipxdrvpk9kwa"},"id":"mcm8gfzapf7gzsx","previousOperationId":"2jukybzxi04h0ol"}
{"type":"log","timestamp":1705164820628,"level":"debug","message":"Page request: GET (document) file:///C:/Users/Javier/AppData/Local/Temp/jsreport/autocleanup/deb3be1c-b024-454d-99ae-5c37062f1586-chrome-pdf.html","meta":{"rootId":"nhjipxdrvpk9kwa","id":"nhjipxdrvpk9kwa"},"id":"4u9bv5zzuckb5mx","previousOperationId":"2jukybzxi04h0ol"}
{"type":"log","timestamp":1705164820662,"level":"debug","message":"Page request: GET (stylesheet) https://cdnjs.cloudflare.com/ajax/libs/metro/4.1.5/css/metro.min.css","meta":{"rootId":"nhjipxdrvpk9kwa","id":"nhjipxdrvpk9kwa"},"id":"71wbnu7spn0pcpm","previousOperationId":"2jukybzxi04h0ol"}
{"type":"log","timestamp":1705164820662,"level":"debug","message":"Page request: GET (script) https://cdnjs.cloudflare.com/ajax/libs/Chart.js/2.7.2/Chart.min.js","meta":{"rootId":"nhjipxdrvpk9kwa","id":"nhjipxdrvpk9kwa"},"id":"ifz1k2xdelhu4kw","previousOperationId":"2jukybzxi04h0ol"}
{"type":"log","timestamp":1705164820662,"level":"debug","message":"Page request finished: GET (document) 200 file:///C:/Users/Javier/AppData/Local/Temp/jsreport/autocleanup/deb3be1c-b024-454d-99ae-5c37062f1586-chrome-pdf.html","meta":{"rootId":"nhjipxdrvpk9kwa","id":"nhjipxdrvpk9kwa"},"id":"kmd1t4ed41w64aa","previousOperationId":"2jukybzxi04h0ol"}
{"type":"log","timestamp":1705164820682,"level":"debug","message":"Page request finished: GET (stylesheet) 200 https://cdnjs.cloudflare.com/ajax/libs/metro/4.1.5/css/metro.min.css","meta":{"rootId":"nhjipxdrvpk9kwa","id":"nhjipxdrvpk9kwa"},"id":"7i18d1a761fkfge","previousOperationId":"2jukybzxi04h0ol"}
{"type":"log","timestamp":1705164820683,"level":"debug","message":"Page request finished: GET (script) 200 https://cdnjs.cloudflare.com/ajax/libs/Chart.js/2.7.2/Chart.min.js","meta":{"rootId":"nhjipxdrvpk9kwa","id":"nhjipxdrvpk9kwa"},"id":"ju80ctw4mfzmcan","previousOperationId":"2jukybzxi04h0ol"}
{"type":"log","timestamp":1705164820771,"level":"debug","message":"Running chrome with params {\"printBackground\":true,\"timeout\":59938,\"margin\":{}}","meta":{"rootId":"nhjipxdrvpk9kwa","id":"nhjipxdrvpk9kwa"},"id":"7xdx69wohgwxern","previousOperationId":"2jukybzxi04h0ol"}
{"type":"operationEnd","operationId":"2jukybzxi04h0ol","timestamp":1705164820865,"id":"rwzbzlq80vwrwou","previousEventId":"mz2uga1qojc2zdt","previousOperationId":"2jukybzxi04h0ol"}
{"type":"log","timestamp":1705164820866,"level":"debug","message":"Skipping storing report.","meta":{"rootId":"nhjipxdrvpk9kwa","id":"nhjipxdrvpk9kwa"},"id":"zabj32wemjuns8f","previousOperationId":"2jukybzxi04h0ol"}
{"type":"log","timestamp":1705164820866,"level":"info","message":"Rendering request 57 finished in 867 ms","meta":{"rootId":"nhjipxdrvpk9kwa","id":"nhjipxdrvpk9kwa"},"id":"ovget6hf47c9477","previousOperationId":"2jukybzxi04h0ol"}
{"type":"operationEnd","subtype":"render","operationId":"02wmc8toq68no8b","timestamp":1705164820866,"id":"w0xg4xdrt4a1z8m","previousEventId":"rwzbzlq80vwrwou","previousOperationId":"2jukybzxi04h0ol"}
{"type":"operationEnd","doDiffs":false,"previousEventId":"yazqj20tohushwz","previousOperationId":"8uv9xjqvsvykcgj","operationId":"8uv9xjqvsvykcgj","timestamp":1705164820867,"id":"gmi5q3zcbun9iuw"}
