{"type":"operationStart","subtype":"profile","data":{"_id":"b8on9GV4Etq0iIn6","timestamp":"2024-01-13T22:30:58.067Z","state":"queued","mode":"standard","creationDate":"2024-01-13T22:30:58.069Z","modificationDate":"2024-01-13T22:30:58.069Z","shortid":"ngtlnIF","$entitySet":"profiles"},"doDiffs":false,"timestamp":1705185058068,"id":"xmpiicv5ovl8r2x","previousOperationId":null,"operationId":"66mjdz4ax6tn4o8"}
{"type":"log","level":"info","message":"Render request 15 queued for execution and waiting for available worker","previousOperationId":"66mjdz4ax6tn4o8","timestamp":1705185058068,"id":"wnxl4inzkrw4f9b"}
{"type":"operationStart","subtype":"render","name":"AveragePunctuation","previousOperationId":"66mjdz4ax6tn4o8","timestamp":1705185058074,"id":"fn66sjw2o44pvxf","previousEventId":"xmpiicv5ovl8r2x","operationId":"92nop5ec7q26f22"}
{"type":"log","timestamp":1705185058074,"level":"info","message":"Starting rendering request 15","meta":{"rootId":"nq1gzg0jclhvicx","id":"nq1gzg0jclhvicx"},"id":"eb83260c863botb","previousOperationId":"92nop5ec7q26f22"}
{"type":"log","timestamp":1705185058074,"level":"info","message":"Rendering template { name: AveragePunctuation, recipe: chrome-pdf, engine: handlebars, preview: false }","meta":{"rootId":"nq1gzg0jclhvicx","id":"nq1gzg0jclhvicx"},"id":"uxpczsbjdl3n9cy","previousOperationId":"92nop5ec7q26f22"}
{"type":"log","timestamp":1705185058075,"level":"debug","message":"Inline data specified.","meta":{"rootId":"nq1gzg0jclhvicx","id":"nq1gzg0jclhvicx"},"id":"0ge2xge9flb2ves","previousOperationId":"92nop5ec7q26f22"}
{"type":"log","timestamp":1705185058077,"level":"debug","message":"Executing script AveragePunctuation-script (beforeRender)","meta":{"rootId":"nq1gzg0jclhvicx","id":"nq1gzg0jclhvicx"},"id":"adpcv1pma2377gy","previousOperationId":"92nop5ec7q26f22"}
{"type":"operationStart","subtype":"scriptsBeforeRender","name":"scripts beforeRender","timestamp":1705185058093,"id":"1rv3pdfobh6l5oe","previousEventId":"fn66sjw2o44pvxf","operationId":"35jjapvnn5unip6","previousOperationId":"92nop5ec7q26f22"}
{"type":"operationStart","subtype":"script","name":"scripts AveragePunctuation-script","previousOperationId":"35jjapvnn5unip6","timestamp":1705185058093,"id":"51rsuc24aql78g3","previousEventId":"1rv3pdfobh6l5oe","operationId":"slpklovapd8217e"}
{"type":"operationEnd","operationId":"slpklovapd8217e","timestamp":1705185058107,"id":"yi0di8hzf4hiww6","previousEventId":"fn66sjw2o44pvxf","previousOperationId":"92nop5ec7q26f22"}
{"type":"operationEnd","operationId":"35jjapvnn5unip6","timestamp":1705185058107,"id":"5zkwtgrmce0oy4w","previousEventId":"yi0di8hzf4hiww6","previousOperationId":"92nop5ec7q26f22"}
{"type":"log","timestamp":1705185058107,"level":"debug","message":"Base url not specified, skipping its injection.","meta":{"rootId":"nq1gzg0jclhvicx","id":"nq1gzg0jclhvicx"},"id":"dwbilqx80trbwua","previousOperationId":"35jjapvnn5unip6"}
{"type":"operationStart","subtype":"engine","name":"handlebars","timestamp":1705185058107,"id":"go0e9xubaw2qdr9","previousEventId":"5zkwtgrmce0oy4w","operationId":"r6e9gpc4fkgivjn","previousOperationId":"35jjapvnn5unip6"}
{"type":"log","timestamp":1705185058107,"level":"debug","message":"Rendering engine handlebars","meta":{"rootId":"nq1gzg0jclhvicx","id":"nq1gzg0jclhvicx"},"id":"4l73th9sfotwl98","previousOperationId":"r6e9gpc4fkgivjn"}
{"type":"operationEnd","operationId":"r6e9gpc4fkgivjn","timestamp":1705185058115,"id":"k82gsirwxmt7m4s","previousEventId":"go0e9xubaw2qdr9","previousOperationId":"r6e9gpc4fkgivjn"}
{"type":"operationStart","subtype":"recipe","name":"chrome-pdf","timestamp":1705185058115,"id":"t2ity6t2olu2ng3","previousEventId":"k82gsirwxmt7m4s","operationId":"5nbzypsdb2w007f","previousOperationId":"r6e9gpc4fkgivjn"}
{"type":"log","timestamp":1705185058115,"level":"debug","message":"Executing recipe chrome-pdf","meta":{"rootId":"nq1gzg0jclhvicx","id":"nq1gzg0jclhvicx"},"id":"r0l98t06qg3lv0n","previousOperationId":"5nbzypsdb2w007f"}
{"type":"log","timestamp":1705185058117,"level":"debug","message":"Converting with chrome HeadlessChrome/117.0.5938.149 using chrome-pool strategy","meta":{"rootId":"nq1gzg0jclhvicx","id":"nq1gzg0jclhvicx"},"id":"hh96gvj9jxeza5k","previousOperationId":"5nbzypsdb2w007f"}
{"type":"log","timestamp":1705185058190,"level":"debug","message":"Page request: GET (document) file:///C:/Users/Javier/AppData/Local/Temp/jsreport/autocleanup/ee3d4f66-b23a-457f-b465-d870444e7cf3-chrome-pdf.html","meta":{"rootId":"nq1gzg0jclhvicx","id":"nq1gzg0jclhvicx"},"id":"6xf8t3c3vz48lv0","previousOperationId":"5nbzypsdb2w007f"}
{"type":"log","timestamp":1705185058228,"level":"debug","message":"Page request: GET (stylesheet) https://cdnjs.cloudflare.com/ajax/libs/metro/4.1.5/css/metro.min.css","meta":{"rootId":"nq1gzg0jclhvicx","id":"nq1gzg0jclhvicx"},"id":"pfjr7x676zes2oz","previousOperationId":"5nbzypsdb2w007f"}
{"type":"log","timestamp":1705185058228,"level":"debug","message":"Page request: GET (script) https://cdnjs.cloudflare.com/ajax/libs/Chart.js/2.7.2/Chart.min.js","meta":{"rootId":"nq1gzg0jclhvicx","id":"nq1gzg0jclhvicx"},"id":"twz85r9z93oojap","previousOperationId":"5nbzypsdb2w007f"}
{"type":"log","timestamp":1705185058229,"level":"debug","message":"Page request finished: GET (document) 200 file:///C:/Users/Javier/AppData/Local/Temp/jsreport/autocleanup/ee3d4f66-b23a-457f-b465-d870444e7cf3-chrome-pdf.html","meta":{"rootId":"nq1gzg0jclhvicx","id":"nq1gzg0jclhvicx"},"id":"b1brl4dglp6j94k","previousOperationId":"5nbzypsdb2w007f"}
{"type":"log","timestamp":1705185058232,"level":"debug","message":"Page request finished: GET (script) 200 https://cdnjs.cloudflare.com/ajax/libs/Chart.js/2.7.2/Chart.min.js","meta":{"rootId":"nq1gzg0jclhvicx","id":"nq1gzg0jclhvicx"},"id":"or3jrl2vc2b9bnd","previousOperationId":"5nbzypsdb2w007f"}
{"type":"log","timestamp":1705185058242,"level":"debug","message":"Page request finished: GET (stylesheet) 200 https://cdnjs.cloudflare.com/ajax/libs/metro/4.1.5/css/metro.min.css","meta":{"rootId":"nq1gzg0jclhvicx","id":"nq1gzg0jclhvicx"},"id":"q7mrffc15k7xpb3","previousOperationId":"5nbzypsdb2w007f"}
{"type":"log","timestamp":1705185058305,"level":"debug","message":"Running chrome with params {\"printBackground\":true,\"timeout\":59950,\"margin\":{}}","meta":{"rootId":"nq1gzg0jclhvicx","id":"nq1gzg0jclhvicx"},"id":"ymjis37i4ks8vea","previousOperationId":"5nbzypsdb2w007f"}
{"type":"operationEnd","operationId":"5nbzypsdb2w007f","timestamp":1705185058400,"id":"gvts9nw8igfnv6u","previousEventId":"t2ity6t2olu2ng3","previousOperationId":"5nbzypsdb2w007f"}
{"type":"log","timestamp":1705185058400,"level":"debug","message":"Skipping storing report.","meta":{"rootId":"nq1gzg0jclhvicx","id":"nq1gzg0jclhvicx"},"id":"rk3lcj4nkwdyw2q","previousOperationId":"5nbzypsdb2w007f"}
{"type":"log","timestamp":1705185058400,"level":"info","message":"Rendering request 15 finished in 334 ms","meta":{"rootId":"nq1gzg0jclhvicx","id":"nq1gzg0jclhvicx"},"id":"hl8feji40r516yy","previousOperationId":"5nbzypsdb2w007f"}
{"type":"operationEnd","subtype":"render","operationId":"92nop5ec7q26f22","timestamp":1705185058400,"id":"qiuu7ne50p31n23","previousEventId":"gvts9nw8igfnv6u","previousOperationId":"5nbzypsdb2w007f"}
{"type":"operationEnd","doDiffs":false,"previousEventId":"xmpiicv5ovl8r2x","previousOperationId":"66mjdz4ax6tn4o8","operationId":"66mjdz4ax6tn4o8","timestamp":1705185058403,"id":"gkh6m31s8m8t4ep"}
