{"type":"operationStart","subtype":"profile","data":{"_id":"Wvy1paBXCgk7qfDz","timestamp":"2024-01-13T23:11:23.471Z","state":"queued","mode":"standard","creationDate":"2024-01-13T23:11:23.472Z","modificationDate":"2024-01-13T23:11:23.473Z","shortid":"FBv_xos","$entitySet":"profiles"},"doDiffs":false,"timestamp":1705187483472,"id":"fadqfp1evlngxcr","previousOperationId":null,"operationId":"1i2ydqn4fvwfe79"}
{"type":"log","level":"info","message":"Render request 3 queued for execution and waiting for available worker","previousOperationId":"1i2ydqn4fvwfe79","timestamp":1705187483472,"id":"l4h9ebx9eeyv02s"}
{"type":"operationStart","subtype":"render","name":"AveragePunctuation","previousOperationId":"1i2ydqn4fvwfe79","timestamp":1705187483477,"id":"tt7elebj99ykrie","previousEventId":"fadqfp1evlngxcr","operationId":"ha9ywyo1gsi3tj3"}
{"type":"log","timestamp":1705187483478,"level":"info","message":"Starting rendering request 3","meta":{"rootId":"nu2ez00wxr77b83","id":"nu2ez00wxr77b83"},"id":"c8rouzo9mndify9","previousOperationId":"ha9ywyo1gsi3tj3"}
{"type":"log","timestamp":1705187483478,"level":"info","message":"Rendering template { name: AveragePunctuation, recipe: chrome-pdf, engine: handlebars, preview: false }","meta":{"rootId":"nu2ez00wxr77b83","id":"nu2ez00wxr77b83"},"id":"zy42q0t7pp498o7","previousOperationId":"ha9ywyo1gsi3tj3"}
{"type":"log","timestamp":1705187483479,"level":"debug","message":"Inline data specified.","meta":{"rootId":"nu2ez00wxr77b83","id":"nu2ez00wxr77b83"},"id":"oi5qxqs6n2ue9er","previousOperationId":"ha9ywyo1gsi3tj3"}
{"type":"log","timestamp":1705187483480,"level":"debug","message":"Executing script AveragePunctuation-script (beforeRender)","meta":{"rootId":"nu2ez00wxr77b83","id":"nu2ez00wxr77b83"},"id":"1ddnd2kvgtlihkk","previousOperationId":"ha9ywyo1gsi3tj3"}
{"type":"operationStart","subtype":"scriptsBeforeRender","name":"scripts beforeRender","timestamp":1705187483526,"id":"p9xoyjexbb6fouj","previousEventId":"tt7elebj99ykrie","operationId":"c4klu82tlwuisdv","previousOperationId":"ha9ywyo1gsi3tj3"}
{"type":"operationStart","subtype":"script","name":"scripts AveragePunctuation-script","previousOperationId":"c4klu82tlwuisdv","timestamp":1705187483526,"id":"po4nz57ynsepfr6","previousEventId":"p9xoyjexbb6fouj","operationId":"gqgkf7chtoccjxk"}
{"type":"operationEnd","operationId":"gqgkf7chtoccjxk","timestamp":1705187483551,"id":"z94pkp31b0jgzer","previousEventId":"tt7elebj99ykrie","previousOperationId":"ha9ywyo1gsi3tj3"}
{"type":"operationEnd","operationId":"c4klu82tlwuisdv","timestamp":1705187483551,"id":"1gm6vv1a9zm6rmq","previousEventId":"z94pkp31b0jgzer","previousOperationId":"ha9ywyo1gsi3tj3"}
{"type":"log","timestamp":1705187483551,"level":"debug","message":"Base url not specified, skipping its injection.","meta":{"rootId":"nu2ez00wxr77b83","id":"nu2ez00wxr77b83"},"id":"l7yz7u0yl7e11at","previousOperationId":"c4klu82tlwuisdv"}
{"type":"operationStart","subtype":"engine","name":"handlebars","timestamp":1705187483551,"id":"ihbckfzcpogafq9","previousEventId":"1gm6vv1a9zm6rmq","operationId":"vxqmis2zy39ypsm","previousOperationId":"c4klu82tlwuisdv"}
{"type":"log","timestamp":1705187483551,"level":"debug","message":"Rendering engine handlebars","meta":{"rootId":"nu2ez00wxr77b83","id":"nu2ez00wxr77b83"},"id":"g70fp9nerwugp3m","previousOperationId":"vxqmis2zy39ypsm"}
{"type":"operationEnd","operationId":"vxqmis2zy39ypsm","timestamp":1705187483566,"id":"116sxzai4f1cfop","previousEventId":"ihbckfzcpogafq9","previousOperationId":"vxqmis2zy39ypsm"}
{"type":"operationStart","subtype":"recipe","name":"chrome-pdf","timestamp":1705187483566,"id":"8iqad166wy968ya","previousEventId":"116sxzai4f1cfop","operationId":"budkpj9wodti1t3","previousOperationId":"vxqmis2zy39ypsm"}
{"type":"log","timestamp":1705187483566,"level":"debug","message":"Executing recipe chrome-pdf","meta":{"rootId":"nu2ez00wxr77b83","id":"nu2ez00wxr77b83"},"id":"5udc6wy84dovs97","previousOperationId":"budkpj9wodti1t3"}
{"type":"log","timestamp":1705187483570,"level":"debug","message":"Converting with chrome HeadlessChrome/117.0.5938.149 using chrome-pool strategy","meta":{"rootId":"nu2ez00wxr77b83","id":"nu2ez00wxr77b83"},"id":"z0xjka17jfjpb0x","previousOperationId":"budkpj9wodti1t3"}
{"type":"log","timestamp":1705187483658,"level":"debug","message":"Page request: GET (document) file:///C:/Users/Javier/AppData/Local/Temp/jsreport/autocleanup/d3663e9f-0236-4eba-9bd4-0ec07dc85519-chrome-pdf.html","meta":{"rootId":"nu2ez00wxr77b83","id":"nu2ez00wxr77b83"},"id":"nzemoz69r6h2xbd","previousOperationId":"budkpj9wodti1t3"}
{"type":"log","timestamp":1705187483697,"level":"debug","message":"Page request: GET (stylesheet) https://cdnjs.cloudflare.com/ajax/libs/metro/4.1.5/css/metro.min.css","meta":{"rootId":"nu2ez00wxr77b83","id":"nu2ez00wxr77b83"},"id":"lz3duc5c707icdf","previousOperationId":"budkpj9wodti1t3"}
{"type":"log","timestamp":1705187483697,"level":"debug","message":"Page request: GET (script) https://cdnjs.cloudflare.com/ajax/libs/Chart.js/2.7.2/Chart.min.js","meta":{"rootId":"nu2ez00wxr77b83","id":"nu2ez00wxr77b83"},"id":"rzldxjh0bydjo9e","previousOperationId":"budkpj9wodti1t3"}
{"type":"log","timestamp":1705187483698,"level":"debug","message":"Page request finished: GET (document) 200 file:///C:/Users/Javier/AppData/Local/Temp/jsreport/autocleanup/d3663e9f-0236-4eba-9bd4-0ec07dc85519-chrome-pdf.html","meta":{"rootId":"nu2ez00wxr77b83","id":"nu2ez00wxr77b83"},"id":"x0sys566yrrtmfb","previousOperationId":"budkpj9wodti1t3"}
{"type":"log","timestamp":1705187483712,"level":"debug","message":"Page request finished: GET (stylesheet) 200 https://cdnjs.cloudflare.com/ajax/libs/metro/4.1.5/css/metro.min.css","meta":{"rootId":"nu2ez00wxr77b83","id":"nu2ez00wxr77b83"},"id":"p4vg6c6vj9ichte","previousOperationId":"budkpj9wodti1t3"}
{"type":"log","timestamp":1705187483712,"level":"debug","message":"Page request finished: GET (script) 200 https://cdnjs.cloudflare.com/ajax/libs/Chart.js/2.7.2/Chart.min.js","meta":{"rootId":"nu2ez00wxr77b83","id":"nu2ez00wxr77b83"},"id":"dshk5qc154p5jfm","previousOperationId":"budkpj9wodti1t3"}
{"type":"log","timestamp":1705187483771,"level":"debug","message":"Running chrome with params {\"printBackground\":true,\"timeout\":59902,\"margin\":{}}","meta":{"rootId":"nu2ez00wxr77b83","id":"nu2ez00wxr77b83"},"id":"r4p0tm7siot3nqd","previousOperationId":"budkpj9wodti1t3"}
{"type":"operationEnd","operationId":"budkpj9wodti1t3","timestamp":1705187483876,"id":"hsjj9db8eb6q96j","previousEventId":"8iqad166wy968ya","previousOperationId":"budkpj9wodti1t3"}
{"type":"log","timestamp":1705187483876,"level":"debug","message":"Skipping storing report.","meta":{"rootId":"nu2ez00wxr77b83","id":"nu2ez00wxr77b83"},"id":"ufy8ap263fjw0o2","previousOperationId":"budkpj9wodti1t3"}
{"type":"log","timestamp":1705187483877,"level":"info","message":"Rendering request 3 finished in 406 ms","meta":{"rootId":"nu2ez00wxr77b83","id":"nu2ez00wxr77b83"},"id":"8t5nv6129e1d0hw","previousOperationId":"budkpj9wodti1t3"}
{"type":"operationEnd","subtype":"render","operationId":"ha9ywyo1gsi3tj3","timestamp":1705187483877,"id":"gnvxhfct2j5xi9p","previousEventId":"hsjj9db8eb6q96j","previousOperationId":"budkpj9wodti1t3"}
{"type":"operationEnd","doDiffs":false,"previousEventId":"fadqfp1evlngxcr","previousOperationId":"1i2ydqn4fvwfe79","operationId":"1i2ydqn4fvwfe79","timestamp":1705187483880,"id":"dvk7hc1s2flahxm"}
