{"type":"operationStart","subtype":"profile","data":{"_id":"nReqYBgzhgtvUtII","timestamp":"2024-01-13T14:25:44.563Z","state":"queued","mode":"standard","creationDate":"2024-01-13T14:25:44.563Z","modificationDate":"2024-01-13T14:25:44.563Z","shortid":"inh8H6_","$entitySet":"profiles"},"doDiffs":false,"timestamp":1705155944563,"id":"1nc40jtzdl7b6u6","previousOperationId":null,"operationId":"bvm4aeoxm80ri2r"}
{"type":"log","level":"info","message":"Render request 29 queued for execution and waiting for available worker","previousOperationId":"bvm4aeoxm80ri2r","timestamp":1705155944563,"id":"if4qse81qptemry"}
{"type":"operationStart","subtype":"render","name":"AveragePunctuation","previousOperationId":"bvm4aeoxm80ri2r","timestamp":1705155944567,"id":"6vj84zm0rvx92ci","previousEventId":"1nc40jtzdl7b6u6","operationId":"txjdtvpsxwk3hdx"}
{"type":"log","timestamp":1705155944568,"level":"info","message":"Starting rendering request 29","meta":{"rootId":"nwed40af07wgxdf","id":"nwed40af07wgxdf"},"id":"uc10u25t7m4fox0","previousOperationId":"txjdtvpsxwk3hdx"}
{"type":"log","timestamp":1705155944568,"level":"info","message":"Rendering template { name: AveragePunctuation, recipe: chrome-pdf, engine: handlebars, preview: false }","meta":{"rootId":"nwed40af07wgxdf","id":"nwed40af07wgxdf"},"id":"ngvelxp8jnba5w1","previousOperationId":"txjdtvpsxwk3hdx"}
{"type":"log","timestamp":1705155944568,"level":"debug","message":"Inline data specified.","meta":{"rootId":"nwed40af07wgxdf","id":"nwed40af07wgxdf"},"id":"k691hdecvltbvsh","previousOperationId":"txjdtvpsxwk3hdx"}
{"type":"log","timestamp":1705155944569,"level":"debug","message":"Executing script AveragePunctuation-script (beforeRender)","meta":{"rootId":"nwed40af07wgxdf","id":"nwed40af07wgxdf"},"id":"33cyb7hnlvrno1k","previousOperationId":"txjdtvpsxwk3hdx"}
{"type":"operationStart","subtype":"scriptsBeforeRender","name":"scripts beforeRender","timestamp":1705155944591,"id":"ro02876qwhchmab","previousEventId":"6vj84zm0rvx92ci","operationId":"j88jzae7g9cy40f","previousOperationId":"txjdtvpsxwk3hdx"}
{"type":"operationStart","subtype":"script","name":"scripts AveragePunctuation-script","previousOperationId":"j88jzae7g9cy40f","timestamp":1705155944591,"id":"e76flbomjtcjdic","previousEventId":"ro02876qwhchmab","operationId":"djx7bj2gy36qgv1"}
{"type":"operationEnd","operationId":"djx7bj2gy36qgv1","timestamp":1705155944604,"id":"wle4ur1s9ug8r7g","previousEventId":"6vj84zm0rvx92ci","previousOperationId":"txjdtvpsxwk3hdx"}
{"type":"operationEnd","operationId":"j88jzae7g9cy40f","timestamp":1705155944604,"id":"nj9i8lb5gkxt2gq","previousEventId":"wle4ur1s9ug8r7g","previousOperationId":"txjdtvpsxwk3hdx"}
{"type":"log","timestamp":1705155944604,"level":"debug","message":"Base url not specified, skipping its injection.","meta":{"rootId":"nwed40af07wgxdf","id":"nwed40af07wgxdf"},"id":"8730mpolbvv04nj","previousOperationId":"j88jzae7g9cy40f"}
{"type":"operationStart","subtype":"engine","name":"handlebars","timestamp":1705155944604,"id":"i1c6khssrul2zk9","previousEventId":"nj9i8lb5gkxt2gq","operationId":"qkl8f1jycytzt2v","previousOperationId":"j88jzae7g9cy40f"}
{"type":"log","timestamp":1705155944604,"level":"debug","message":"Rendering engine handlebars","meta":{"rootId":"nwed40af07wgxdf","id":"nwed40af07wgxdf"},"id":"e38dylne9n0djdc","previousOperationId":"qkl8f1jycytzt2v"}
{"type":"operationEnd","operationId":"qkl8f1jycytzt2v","timestamp":1705155944612,"id":"k7cgjrccywe6clz","previousEventId":"i1c6khssrul2zk9","previousOperationId":"qkl8f1jycytzt2v"}
{"type":"operationStart","subtype":"recipe","name":"chrome-pdf","timestamp":1705155944613,"id":"vzek0volbxubzjl","previousEventId":"k7cgjrccywe6clz","operationId":"tyb8fa8owdv0ji8","previousOperationId":"qkl8f1jycytzt2v"}
{"type":"log","timestamp":1705155944613,"level":"debug","message":"Executing recipe chrome-pdf","meta":{"rootId":"nwed40af07wgxdf","id":"nwed40af07wgxdf"},"id":"ao3rj90z15dnjxt","previousOperationId":"tyb8fa8owdv0ji8"}
{"type":"log","timestamp":1705155944615,"level":"debug","message":"Converting with chrome HeadlessChrome/117.0.5938.149 using chrome-pool strategy","meta":{"rootId":"nwed40af07wgxdf","id":"nwed40af07wgxdf"},"id":"93zat9uijv69kfs","previousOperationId":"tyb8fa8owdv0ji8"}
{"type":"log","timestamp":1705155944692,"level":"debug","message":"Page request: GET (document) file:///C:/Users/Javier/AppData/Local/Temp/jsreport/autocleanup/fe9e120b-c71e-452e-a2a6-a206965c182d-chrome-pdf.html","meta":{"rootId":"nwed40af07wgxdf","id":"nwed40af07wgxdf"},"id":"kvgcc7x2mj831j9","previousOperationId":"tyb8fa8owdv0ji8"}
{"type":"log","timestamp":1705155944733,"level":"debug","message":"Page request: GET (stylesheet) https://cdnjs.cloudflare.com/ajax/libs/metro/4.1.5/css/metro.min.css","meta":{"rootId":"nwed40af07wgxdf","id":"nwed40af07wgxdf"},"id":"pjob5lmkqzxyfra","previousOperationId":"tyb8fa8owdv0ji8"}
{"type":"log","timestamp":1705155944733,"level":"debug","message":"Page request: GET (script) https://cdnjs.cloudflare.com/ajax/libs/Chart.js/2.7.2/Chart.min.js","meta":{"rootId":"nwed40af07wgxdf","id":"nwed40af07wgxdf"},"id":"2s1tut93w17okzb","previousOperationId":"tyb8fa8owdv0ji8"}
{"type":"log","timestamp":1705155944734,"level":"debug","message":"Page request finished: GET (document) 200 file:///C:/Users/Javier/AppData/Local/Temp/jsreport/autocleanup/fe9e120b-c71e-452e-a2a6-a206965c182d-chrome-pdf.html","meta":{"rootId":"nwed40af07wgxdf","id":"nwed40af07wgxdf"},"id":"b8o9cmv7brjotw2","previousOperationId":"tyb8fa8owdv0ji8"}
{"type":"log","timestamp":1705155944749,"level":"debug","message":"Page request finished: GET (stylesheet) 200 https://cdnjs.cloudflare.com/ajax/libs/metro/4.1.5/css/metro.min.css","meta":{"rootId":"nwed40af07wgxdf","id":"nwed40af07wgxdf"},"id":"jaiilh93rvb7o2d","previousOperationId":"tyb8fa8owdv0ji8"}
{"type":"log","timestamp":1705155944749,"level":"debug","message":"Page request finished: GET (script) 200 https://cdnjs.cloudflare.com/ajax/libs/Chart.js/2.7.2/Chart.min.js","meta":{"rootId":"nwed40af07wgxdf","id":"nwed40af07wgxdf"},"id":"08bk670brxr4ksf","previousOperationId":"tyb8fa8owdv0ji8"}
{"type":"log","timestamp":1705155944810,"level":"debug","message":"Running chrome with params {\"printBackground\":true,\"timeout\":59948,\"margin\":{}}","meta":{"rootId":"nwed40af07wgxdf","id":"nwed40af07wgxdf"},"id":"npvrku266knzmmk","previousOperationId":"tyb8fa8owdv0ji8"}
{"type":"operationEnd","operationId":"tyb8fa8owdv0ji8","timestamp":1705155944922,"id":"nrlq9chh3bte3gm","previousEventId":"vzek0volbxubzjl","previousOperationId":"tyb8fa8owdv0ji8"}
{"type":"log","timestamp":1705155944922,"level":"debug","message":"Skipping storing report.","meta":{"rootId":"nwed40af07wgxdf","id":"nwed40af07wgxdf"},"id":"kbjqer7yxekjb96","previousOperationId":"tyb8fa8owdv0ji8"}
{"type":"log","timestamp":1705155944922,"level":"info","message":"Rendering request 29 finished in 360 ms","meta":{"rootId":"nwed40af07wgxdf","id":"nwed40af07wgxdf"},"id":"7ebta0wtnue347i","previousOperationId":"tyb8fa8owdv0ji8"}
{"type":"operationEnd","subtype":"render","operationId":"txjdtvpsxwk3hdx","timestamp":1705155944922,"id":"w2u7hd1tipcoxi5","previousEventId":"nrlq9chh3bte3gm","previousOperationId":"tyb8fa8owdv0ji8"}
{"type":"operationEnd","doDiffs":false,"previousEventId":"1nc40jtzdl7b6u6","previousOperationId":"bvm4aeoxm80ri2r","operationId":"bvm4aeoxm80ri2r","timestamp":1705155944924,"id":"dy509nmqe8b4t6f"}
