{"type":"operationStart","subtype":"profile","data":{"_id":"IAwj88Fp3sSbRB32","timestamp":"2024-01-13T14:29:31.334Z","state":"queued","mode":"standard","creationDate":"2024-01-13T14:29:31.335Z","modificationDate":"2024-01-13T14:29:31.335Z","shortid":"N5ng22p","$entitySet":"profiles"},"doDiffs":false,"timestamp":1705156171334,"id":"qnxmk89ettrena2","previousOperationId":null,"operationId":"0zw23ayge6tj64z"}
{"type":"log","level":"info","message":"Render request 43 queued for execution and waiting for available worker","previousOperationId":"0zw23ayge6tj64z","timestamp":1705156171334,"id":"rsqq8q9u7kl5yf7"}
{"type":"operationStart","subtype":"render","name":"AveragePunctuation","previousOperationId":"0zw23ayge6tj64z","timestamp":1705156171340,"id":"unjok8ejbxqhsg3","previousEventId":"qnxmk89ettrena2","operationId":"u18bp2tcwwghaev"}
{"type":"log","timestamp":1705156171340,"level":"info","message":"Starting rendering request 43","meta":{"rootId":"o3itzesso06c18n","id":"o3itzesso06c18n"},"id":"x7e5pc0qatcfrxd","previousOperationId":"u18bp2tcwwghaev"}
{"type":"log","timestamp":1705156171340,"level":"info","message":"Rendering template { name: AveragePunctuation, recipe: chrome-pdf, engine: handlebars, preview: false }","meta":{"rootId":"o3itzesso06c18n","id":"o3itzesso06c18n"},"id":"1rj0rqjpp3nhdna","previousOperationId":"u18bp2tcwwghaev"}
{"type":"log","timestamp":1705156171340,"level":"debug","message":"Inline data specified.","meta":{"rootId":"o3itzesso06c18n","id":"o3itzesso06c18n"},"id":"iejf0syeycath18","previousOperationId":"u18bp2tcwwghaev"}
{"type":"log","timestamp":1705156171342,"level":"debug","message":"Executing script AveragePunctuation-script (beforeRender)","meta":{"rootId":"o3itzesso06c18n","id":"o3itzesso06c18n"},"id":"4selqv9n4dqi63k","previousOperationId":"u18bp2tcwwghaev"}
{"type":"operationStart","subtype":"scriptsBeforeRender","name":"scripts beforeRender","timestamp":1705156171357,"id":"0ig6h61k1qdoeq2","previousEventId":"unjok8ejbxqhsg3","operationId":"rs70yx0udiinpvf","previousOperationId":"u18bp2tcwwghaev"}
{"type":"operationStart","subtype":"script","name":"scripts AveragePunctuation-script","previousOperationId":"rs70yx0udiinpvf","timestamp":1705156171357,"id":"09na97iy9wazptk","previousEventId":"0ig6h61k1qdoeq2","operationId":"l4kij1dawpz03ct"}
{"type":"operationEnd","operationId":"l4kij1dawpz03ct","timestamp":1705156171367,"id":"zzfwm3g3hlwqebw","previousEventId":"unjok8ejbxqhsg3","previousOperationId":"u18bp2tcwwghaev"}
{"type":"operationEnd","operationId":"rs70yx0udiinpvf","timestamp":1705156171367,"id":"wklva28pl282b5o","previousEventId":"zzfwm3g3hlwqebw","previousOperationId":"u18bp2tcwwghaev"}
{"type":"log","timestamp":1705156171367,"level":"debug","message":"Base url not specified, skipping its injection.","meta":{"rootId":"o3itzesso06c18n","id":"o3itzesso06c18n"},"id":"jc7v0djjwwv0b25","previousOperationId":"rs70yx0udiinpvf"}
{"type":"operationStart","subtype":"engine","name":"handlebars","timestamp":1705156171367,"id":"tfsflmalcoxxmv0","previousEventId":"wklva28pl282b5o","operationId":"2lyh6nb3cp9bc51","previousOperationId":"rs70yx0udiinpvf"}
{"type":"log","timestamp":1705156171367,"level":"debug","message":"Rendering engine handlebars","meta":{"rootId":"o3itzesso06c18n","id":"o3itzesso06c18n"},"id":"p35qffq6uprywk0","previousOperationId":"2lyh6nb3cp9bc51"}
{"type":"operationEnd","operationId":"2lyh6nb3cp9bc51","timestamp":1705156171375,"id":"ktzk50a74rz3gyc","previousEventId":"tfsflmalcoxxmv0","previousOperationId":"2lyh6nb3cp9bc51"}
{"type":"operationStart","subtype":"recipe","name":"chrome-pdf","timestamp":1705156171376,"id":"ml3iy3xmb0r22wa","previousEventId":"ktzk50a74rz3gyc","operationId":"abt9lf82vwfviw6","previousOperationId":"2lyh6nb3cp9bc51"}
{"type":"log","timestamp":1705156171376,"level":"debug","message":"Executing recipe chrome-pdf","meta":{"rootId":"o3itzesso06c18n","id":"o3itzesso06c18n"},"id":"h9l5exze73fbfsy","previousOperationId":"abt9lf82vwfviw6"}
{"type":"log","timestamp":1705156171377,"level":"debug","message":"Converting with chrome HeadlessChrome/117.0.5938.149 using chrome-pool strategy","meta":{"rootId":"o3itzesso06c18n","id":"o3itzesso06c18n"},"id":"goop85t0ilze9pa","previousOperationId":"abt9lf82vwfviw6"}
{"type":"log","timestamp":1705156171441,"level":"debug","message":"Page request: GET (document) file:///C:/Users/Javier/AppData/Local/Temp/jsreport/autocleanup/af5a865a-db6a-4912-8aa0-6876b948fff0-chrome-pdf.html","meta":{"rootId":"o3itzesso06c18n","id":"o3itzesso06c18n"},"id":"xyg3orewl0p6uqm","previousOperationId":"abt9lf82vwfviw6"}
{"type":"log","timestamp":1705156171477,"level":"debug","message":"Page request: GET (stylesheet) https://cdnjs.cloudflare.com/ajax/libs/metro/4.1.5/css/metro.min.css","meta":{"rootId":"o3itzesso06c18n","id":"o3itzesso06c18n"},"id":"7dgwie8y1qu5bgp","previousOperationId":"abt9lf82vwfviw6"}
{"type":"log","timestamp":1705156171477,"level":"debug","message":"Page request: GET (script) https://cdnjs.cloudflare.com/ajax/libs/Chart.js/2.7.2/Chart.min.js","meta":{"rootId":"o3itzesso06c18n","id":"o3itzesso06c18n"},"id":"v8184glfg1e1q3c","previousOperationId":"abt9lf82vwfviw6"}
{"type":"log","timestamp":1705156171477,"level":"debug","message":"Page request finished: GET (document) 200 file:///C:/Users/Javier/AppData/Local/Temp/jsreport/autocleanup/af5a865a-db6a-4912-8aa0-6876b948fff0-chrome-pdf.html","meta":{"rootId":"o3itzesso06c18n","id":"o3itzesso06c18n"},"id":"0ktj65jwzo503ap","previousOperationId":"abt9lf82vwfviw6"}
{"type":"log","timestamp":1705156171491,"level":"debug","message":"Page request finished: GET (stylesheet) 200 https://cdnjs.cloudflare.com/ajax/libs/metro/4.1.5/css/metro.min.css","meta":{"rootId":"o3itzesso06c18n","id":"o3itzesso06c18n"},"id":"syvdvljpnad03l7","previousOperationId":"abt9lf82vwfviw6"}
{"type":"log","timestamp":1705156171491,"level":"debug","message":"Page request finished: GET (script) 200 https://cdnjs.cloudflare.com/ajax/libs/Chart.js/2.7.2/Chart.min.js","meta":{"rootId":"o3itzesso06c18n","id":"o3itzesso06c18n"},"id":"gyhkxatmn6y31r9","previousOperationId":"abt9lf82vwfviw6"}
{"type":"log","timestamp":1705156171545,"level":"debug","message":"Running chrome with params {\"printBackground\":true,\"timeout\":59958,\"margin\":{}}","meta":{"rootId":"o3itzesso06c18n","id":"o3itzesso06c18n"},"id":"12adn54tpylkqod","previousOperationId":"abt9lf82vwfviw6"}
{"type":"operationEnd","operationId":"abt9lf82vwfviw6","timestamp":1705156171638,"id":"0kq7l9lrb3jsurg","previousEventId":"ml3iy3xmb0r22wa","previousOperationId":"abt9lf82vwfviw6"}
{"type":"log","timestamp":1705156171638,"level":"debug","message":"Skipping storing report.","meta":{"rootId":"o3itzesso06c18n","id":"o3itzesso06c18n"},"id":"8qqyjmb1go9pox6","previousOperationId":"abt9lf82vwfviw6"}
{"type":"log","timestamp":1705156171638,"level":"info","message":"Rendering request 43 finished in 304 ms","meta":{"rootId":"o3itzesso06c18n","id":"o3itzesso06c18n"},"id":"qw2is16mf1i1xtc","previousOperationId":"abt9lf82vwfviw6"}
{"type":"operationEnd","subtype":"render","operationId":"u18bp2tcwwghaev","timestamp":1705156171638,"id":"47eql00t8zvd9o9","previousEventId":"0kq7l9lrb3jsurg","previousOperationId":"abt9lf82vwfviw6"}
{"type":"operationEnd","doDiffs":false,"previousEventId":"qnxmk89ettrena2","previousOperationId":"0zw23ayge6tj64z","operationId":"0zw23ayge6tj64z","timestamp":1705156171640,"id":"9rlafsc6h2dvkwn"}
