{"type":"operationStart","subtype":"profile","data":{"_id":"60GwK3WL5uc6XBZN","timestamp":"2024-01-13T19:08:17.516Z","state":"queued","mode":"standard","creationDate":"2024-01-13T19:08:17.517Z","modificationDate":"2024-01-13T19:08:17.517Z","shortid":"MG15Kck","$entitySet":"profiles"},"doDiffs":false,"timestamp":1705172897517,"id":"5kglw8q1be7ifet","previousOperationId":null,"operationId":"n753hyxmgeyn72p"}
{"type":"log","level":"info","message":"Render request 6 queued for execution and waiting for available worker","previousOperationId":"n753hyxmgeyn72p","timestamp":1705172897517,"id":"bzbifkrb8s1ga80"}
{"type":"operationStart","subtype":"render","name":"AveragePunctuation","previousOperationId":"n753hyxmgeyn72p","timestamp":1705172897523,"id":"z5nd96eiisa0wpp","previousEventId":"5kglw8q1be7ifet","operationId":"j6fd2tu15yzs9sl"}
{"type":"log","timestamp":1705172897523,"level":"info","message":"Starting rendering request 6","meta":{"rootId":"o6szkgvlskm9x5x","id":"o6szkgvlskm9x5x"},"id":"fuodc0klx8kvm1u","previousOperationId":"j6fd2tu15yzs9sl"}
{"type":"log","timestamp":1705172897523,"level":"info","message":"Rendering template { name: AveragePunctuation, recipe: chrome-pdf, engine: handlebars, preview: false }","meta":{"rootId":"o6szkgvlskm9x5x","id":"o6szkgvlskm9x5x"},"id":"3cd3929zhcgj7tr","previousOperationId":"j6fd2tu15yzs9sl"}
{"type":"log","timestamp":1705172897524,"level":"debug","message":"Inline data specified.","meta":{"rootId":"o6szkgvlskm9x5x","id":"o6szkgvlskm9x5x"},"id":"8ke5bf7rump4i6p","previousOperationId":"j6fd2tu15yzs9sl"}
{"type":"log","timestamp":1705172897526,"level":"debug","message":"Executing script AveragePunctuation-script (beforeRender)","meta":{"rootId":"o6szkgvlskm9x5x","id":"o6szkgvlskm9x5x"},"id":"6ard6zt14t4oz0z","previousOperationId":"j6fd2tu15yzs9sl"}
{"type":"operationStart","subtype":"scriptsBeforeRender","name":"scripts beforeRender","timestamp":1705172897554,"id":"d9rq8a9j2adodt6","previousEventId":"z5nd96eiisa0wpp","operationId":"v7827nrfflt38ij","previousOperationId":"j6fd2tu15yzs9sl"}
{"type":"operationStart","subtype":"script","name":"scripts AveragePunctuation-script","previousOperationId":"v7827nrfflt38ij","timestamp":1705172897555,"id":"rs33iw982u1951d","previousEventId":"d9rq8a9j2adodt6","operationId":"awobr5v6ufqsu1s"}
{"type":"operationEnd","operationId":"awobr5v6ufqsu1s","timestamp":1705172897573,"id":"g2vhdzsm95sgalc","previousEventId":"z5nd96eiisa0wpp","previousOperationId":"j6fd2tu15yzs9sl"}
{"type":"operationEnd","operationId":"v7827nrfflt38ij","timestamp":1705172897573,"id":"bxzp0f9urq5l46d","previousEventId":"g2vhdzsm95sgalc","previousOperationId":"j6fd2tu15yzs9sl"}
{"type":"log","timestamp":1705172897573,"level":"debug","message":"Base url not specified, skipping its injection.","meta":{"rootId":"o6szkgvlskm9x5x","id":"o6szkgvlskm9x5x"},"id":"1kbx535lsorjqv2","previousOperationId":"v7827nrfflt38ij"}
{"type":"operationStart","subtype":"engine","name":"handlebars","timestamp":1705172897573,"id":"l91oaene71corwk","previousEventId":"bxzp0f9urq5l46d","operationId":"p1pljd8v1986ffd","previousOperationId":"v7827nrfflt38ij"}
{"type":"log","timestamp":1705172897573,"level":"debug","message":"Rendering engine handlebars","meta":{"rootId":"o6szkgvlskm9x5x","id":"o6szkgvlskm9x5x"},"id":"bjcb0afm8jw21vg","previousOperationId":"p1pljd8v1986ffd"}
{"type":"operationEnd","operationId":"p1pljd8v1986ffd","timestamp":1705172897582,"id":"u12it2kb9s4gqp1","previousEventId":"l91oaene71corwk","previousOperationId":"p1pljd8v1986ffd"}
{"type":"operationStart","subtype":"recipe","name":"chrome-pdf","timestamp":1705172897583,"id":"3ldugxmsr5fvzeq","previousEventId":"u12it2kb9s4gqp1","operationId":"rz4c6o1dkonqzqk","previousOperationId":"p1pljd8v1986ffd"}
{"type":"log","timestamp":1705172897583,"level":"debug","message":"Executing recipe chrome-pdf","meta":{"rootId":"o6szkgvlskm9x5x","id":"o6szkgvlskm9x5x"},"id":"bvediix0xendaj7","previousOperationId":"rz4c6o1dkonqzqk"}
{"type":"log","timestamp":1705172897585,"level":"debug","message":"Converting with chrome HeadlessChrome/117.0.5938.149 using chrome-pool strategy","meta":{"rootId":"o6szkgvlskm9x5x","id":"o6szkgvlskm9x5x"},"id":"pvcc4kflvyaotx4","previousOperationId":"rz4c6o1dkonqzqk"}
{"type":"log","timestamp":1705172897665,"level":"debug","message":"Page request: GET (document) file:///C:/Users/Javier/AppData/Local/Temp/jsreport/autocleanup/e817b2b2-c3c3-4769-b8f2-2a86b3005f40-chrome-pdf.html","meta":{"rootId":"o6szkgvlskm9x5x","id":"o6szkgvlskm9x5x"},"id":"u4lt4tga6sb3jn9","previousOperationId":"rz4c6o1dkonqzqk"}
{"type":"log","timestamp":1705172897707,"level":"debug","message":"Page request: GET (stylesheet) https://cdnjs.cloudflare.com/ajax/libs/metro/4.1.5/css/metro.min.css","meta":{"rootId":"o6szkgvlskm9x5x","id":"o6szkgvlskm9x5x"},"id":"i329w2c5p1rehug","previousOperationId":"rz4c6o1dkonqzqk"}
{"type":"log","timestamp":1705172897708,"level":"debug","message":"Page request: GET (script) https://cdnjs.cloudflare.com/ajax/libs/Chart.js/2.7.2/Chart.min.js","meta":{"rootId":"o6szkgvlskm9x5x","id":"o6szkgvlskm9x5x"},"id":"qorle5ampfhwg91","previousOperationId":"rz4c6o1dkonqzqk"}
{"type":"log","timestamp":1705172897708,"level":"debug","message":"Page request finished: GET (document) 200 file:///C:/Users/Javier/AppData/Local/Temp/jsreport/autocleanup/e817b2b2-c3c3-4769-b8f2-2a86b3005f40-chrome-pdf.html","meta":{"rootId":"o6szkgvlskm9x5x","id":"o6szkgvlskm9x5x"},"id":"mgq13auuum4evke","previousOperationId":"rz4c6o1dkonqzqk"}
{"type":"log","timestamp":1705172897721,"level":"debug","message":"Page request finished: GET (stylesheet) 200 https://cdnjs.cloudflare.com/ajax/libs/metro/4.1.5/css/metro.min.css","meta":{"rootId":"o6szkgvlskm9x5x","id":"o6szkgvlskm9x5x"},"id":"igiplj46he7k8qz","previousOperationId":"rz4c6o1dkonqzqk"}
{"type":"log","timestamp":1705172897721,"level":"debug","message":"Page request finished: GET (script) 200 https://cdnjs.cloudflare.com/ajax/libs/Chart.js/2.7.2/Chart.min.js","meta":{"rootId":"o6szkgvlskm9x5x","id":"o6szkgvlskm9x5x"},"id":"n3c5xwq87qvx33y","previousOperationId":"rz4c6o1dkonqzqk"}
{"type":"log","timestamp":1705172897783,"level":"debug","message":"Running chrome with params {\"printBackground\":true,\"timeout\":59932,\"margin\":{}}","meta":{"rootId":"o6szkgvlskm9x5x","id":"o6szkgvlskm9x5x"},"id":"gzb0eu2iqip6iuc","previousOperationId":"rz4c6o1dkonqzqk"}
{"type":"operationEnd","operationId":"rz4c6o1dkonqzqk","timestamp":1705172897882,"id":"m8p8g9jqqdotb82","previousEventId":"3ldugxmsr5fvzeq","previousOperationId":"rz4c6o1dkonqzqk"}
{"type":"log","timestamp":1705172897882,"level":"debug","message":"Skipping storing report.","meta":{"rootId":"o6szkgvlskm9x5x","id":"o6szkgvlskm9x5x"},"id":"7qd47gcxnqmhd7s","previousOperationId":"rz4c6o1dkonqzqk"}
{"type":"log","timestamp":1705172897882,"level":"info","message":"Rendering request 6 finished in 366 ms","meta":{"rootId":"o6szkgvlskm9x5x","id":"o6szkgvlskm9x5x"},"id":"5cv79k85hoc9jtl","previousOperationId":"rz4c6o1dkonqzqk"}
{"type":"operationEnd","subtype":"render","operationId":"j6fd2tu15yzs9sl","timestamp":1705172897882,"id":"c9h507puqiymvu4","previousEventId":"m8p8g9jqqdotb82","previousOperationId":"rz4c6o1dkonqzqk"}
{"type":"operationEnd","doDiffs":false,"previousEventId":"5kglw8q1be7ifet","previousOperationId":"n753hyxmgeyn72p","operationId":"n753hyxmgeyn72p","timestamp":1705172897885,"id":"3ptyncqsjqolk6p"}
