{"type":"operationStart","subtype":"profile","data":{"_id":"ZEkcuBU6Ox6mE6ry","timestamp":"2024-01-13T22:28:43.008Z","state":"queued","mode":"standard","creationDate":"2024-01-13T22:28:43.010Z","modificationDate":"2024-01-13T22:28:43.010Z","shortid":"CWtKUbe","$entitySet":"profiles"},"doDiffs":false,"timestamp":1705184923009,"id":"kdrl6wjsrlb93ik","previousOperationId":null,"operationId":"dpewm084kbbavgi"}
{"type":"log","level":"info","message":"Render request 14 queued for execution and waiting for available worker","previousOperationId":"dpewm084kbbavgi","timestamp":1705184923009,"id":"n0nmljd7im4rng5"}
{"type":"operationStart","subtype":"render","name":"AveragePunctuation","previousOperationId":"dpewm084kbbavgi","timestamp":1705184923014,"id":"tp61y2a924f02fy","previousEventId":"kdrl6wjsrlb93ik","operationId":"fn4nb8wv7zkh44o"}
{"type":"log","timestamp":1705184923014,"level":"info","message":"Starting rendering request 14","meta":{"rootId":"oh36mmjeh6z6hmr","id":"oh36mmjeh6z6hmr"},"id":"p9ifmmn59ouq6km","previousOperationId":"fn4nb8wv7zkh44o"}
{"type":"log","timestamp":1705184923014,"level":"info","message":"Rendering template { name: AveragePunctuation, recipe: chrome-pdf, engine: handlebars, preview: false }","meta":{"rootId":"oh36mmjeh6z6hmr","id":"oh36mmjeh6z6hmr"},"id":"8t0y7q2mvajgdki","previousOperationId":"fn4nb8wv7zkh44o"}
{"type":"log","timestamp":1705184923014,"level":"debug","message":"Inline data specified.","meta":{"rootId":"oh36mmjeh6z6hmr","id":"oh36mmjeh6z6hmr"},"id":"omqzwimfhx8bxk6","previousOperationId":"fn4nb8wv7zkh44o"}
{"type":"log","timestamp":1705184923017,"level":"debug","message":"Executing script AveragePunctuation-script (beforeRender)","meta":{"rootId":"oh36mmjeh6z6hmr","id":"oh36mmjeh6z6hmr"},"id":"k5uj5ulr3upd1gb","previousOperationId":"fn4nb8wv7zkh44o"}
{"type":"operationStart","subtype":"scriptsBeforeRender","name":"scripts beforeRender","timestamp":1705184923033,"id":"y1y9q7nr09llvht","previousEventId":"tp61y2a924f02fy","operationId":"alnbgnpcswdyxqh","previousOperationId":"fn4nb8wv7zkh44o"}
{"type":"operationStart","subtype":"script","name":"scripts AveragePunctuation-script","previousOperationId":"alnbgnpcswdyxqh","timestamp":1705184923033,"id":"u1d4x74ec2d70p1","previousEventId":"y1y9q7nr09llvht","operationId":"njlvdszp5d7i0vw"}
{"type":"operationEnd","operationId":"njlvdszp5d7i0vw","timestamp":1705184923045,"id":"hanodm1sndyow6j","previousEventId":"tp61y2a924f02fy","previousOperationId":"fn4nb8wv7zkh44o"}
{"type":"operationEnd","operationId":"alnbgnpcswdyxqh","timestamp":1705184923045,"id":"00hybqzg16b9lh2","previousEventId":"hanodm1sndyow6j","previousOperationId":"fn4nb8wv7zkh44o"}
{"type":"log","timestamp":1705184923045,"level":"debug","message":"Base url not specified, skipping its injection.","meta":{"rootId":"oh36mmjeh6z6hmr","id":"oh36mmjeh6z6hmr"},"id":"imcarvrmbec1a91","previousOperationId":"alnbgnpcswdyxqh"}
{"type":"operationStart","subtype":"engine","name":"handlebars","timestamp":1705184923045,"id":"k5nk21p1ahwg4hr","previousEventId":"00hybqzg16b9lh2","operationId":"rmngbsvectfiz1j","previousOperationId":"alnbgnpcswdyxqh"}
{"type":"log","timestamp":1705184923045,"level":"debug","message":"Rendering engine handlebars","meta":{"rootId":"oh36mmjeh6z6hmr","id":"oh36mmjeh6z6hmr"},"id":"59v7xjqxl95hctc","previousOperationId":"rmngbsvectfiz1j"}
{"type":"operationEnd","operationId":"rmngbsvectfiz1j","timestamp":1705184923052,"id":"agzwpm9bccprgar","previousEventId":"k5nk21p1ahwg4hr","previousOperationId":"rmngbsvectfiz1j"}
{"type":"operationStart","subtype":"recipe","name":"chrome-pdf","timestamp":1705184923052,"id":"61br2mkrx9ua3w3","previousEventId":"agzwpm9bccprgar","operationId":"oiezeem4xf606b9","previousOperationId":"rmngbsvectfiz1j"}
{"type":"log","timestamp":1705184923052,"level":"debug","message":"Executing recipe chrome-pdf","meta":{"rootId":"oh36mmjeh6z6hmr","id":"oh36mmjeh6z6hmr"},"id":"ye2wn8gkf55acc5","previousOperationId":"oiezeem4xf606b9"}
{"type":"log","timestamp":1705184923054,"level":"debug","message":"Converting with chrome HeadlessChrome/117.0.5938.149 using chrome-pool strategy","meta":{"rootId":"oh36mmjeh6z6hmr","id":"oh36mmjeh6z6hmr"},"id":"uhh1pef6zv1xyqe","previousOperationId":"oiezeem4xf606b9"}
{"type":"log","timestamp":1705184923134,"level":"debug","message":"Page request: GET (document) file:///C:/Users/Javier/AppData/Local/Temp/jsreport/autocleanup/84952964-04c6-4856-8305-bbed67daee17-chrome-pdf.html","meta":{"rootId":"oh36mmjeh6z6hmr","id":"oh36mmjeh6z6hmr"},"id":"xdxyul474cbhhui","previousOperationId":"oiezeem4xf606b9"}
{"type":"log","timestamp":1705184923177,"level":"debug","message":"Page request: GET (stylesheet) https://cdnjs.cloudflare.com/ajax/libs/metro/4.1.5/css/metro.min.css","meta":{"rootId":"oh36mmjeh6z6hmr","id":"oh36mmjeh6z6hmr"},"id":"9zbacv5o3ve20d0","previousOperationId":"oiezeem4xf606b9"}
{"type":"log","timestamp":1705184923178,"level":"debug","message":"Page request finished: GET (document) 200 file:///C:/Users/Javier/AppData/Local/Temp/jsreport/autocleanup/84952964-04c6-4856-8305-bbed67daee17-chrome-pdf.html","meta":{"rootId":"oh36mmjeh6z6hmr","id":"oh36mmjeh6z6hmr"},"id":"3jcq5mqiusb1zhq","previousOperationId":"oiezeem4xf606b9"}
{"type":"log","timestamp":1705184923178,"level":"debug","message":"Page request: GET (script) https://cdnjs.cloudflare.com/ajax/libs/Chart.js/2.7.2/Chart.min.js","meta":{"rootId":"oh36mmjeh6z6hmr","id":"oh36mmjeh6z6hmr"},"id":"s17y8ao5cpqtqrg","previousOperationId":"oiezeem4xf606b9"}
{"type":"log","timestamp":1705184923181,"level":"debug","message":"Page request finished: GET (script) 200 https://cdnjs.cloudflare.com/ajax/libs/Chart.js/2.7.2/Chart.min.js","meta":{"rootId":"oh36mmjeh6z6hmr","id":"oh36mmjeh6z6hmr"},"id":"bt04oivnml5cs4o","previousOperationId":"oiezeem4xf606b9"}
{"type":"log","timestamp":1705184923192,"level":"debug","message":"Page request finished: GET (stylesheet) 200 https://cdnjs.cloudflare.com/ajax/libs/metro/4.1.5/css/metro.min.css","meta":{"rootId":"oh36mmjeh6z6hmr","id":"oh36mmjeh6z6hmr"},"id":"eejc4276k7nilnu","previousOperationId":"oiezeem4xf606b9"}
{"type":"log","timestamp":1705184923261,"level":"debug","message":"Running chrome with params {\"printBackground\":true,\"timeout\":59955,\"margin\":{}}","meta":{"rootId":"oh36mmjeh6z6hmr","id":"oh36mmjeh6z6hmr"},"id":"hpbgk6k1kd1ze6r","previousOperationId":"oiezeem4xf606b9"}
{"type":"operationEnd","operationId":"oiezeem4xf606b9","timestamp":1705184923376,"id":"fvnbkmffqmb8dkh","previousEventId":"61br2mkrx9ua3w3","previousOperationId":"oiezeem4xf606b9"}
{"type":"log","timestamp":1705184923376,"level":"debug","message":"Skipping storing report.","meta":{"rootId":"oh36mmjeh6z6hmr","id":"oh36mmjeh6z6hmr"},"id":"sm1tlbl4fihuzip","previousOperationId":"oiezeem4xf606b9"}
{"type":"log","timestamp":1705184923376,"level":"info","message":"Rendering request 14 finished in 368 ms","meta":{"rootId":"oh36mmjeh6z6hmr","id":"oh36mmjeh6z6hmr"},"id":"r1c30w8kzvs9acb","previousOperationId":"oiezeem4xf606b9"}
{"type":"operationEnd","subtype":"render","operationId":"fn4nb8wv7zkh44o","timestamp":1705184923376,"id":"hmjg9vcjxirkc9w","previousEventId":"fvnbkmffqmb8dkh","previousOperationId":"oiezeem4xf606b9"}
{"type":"operationEnd","doDiffs":false,"previousEventId":"kdrl6wjsrlb93ik","previousOperationId":"dpewm084kbbavgi","operationId":"dpewm084kbbavgi","timestamp":1705184923379,"id":"ucmmman0wtekqgc"}
