{"type":"operationStart","subtype":"profile","data":{"_id":"hrtXQNTFsPEFdKir","timestamp":"2024-01-13T22:16:31.425Z","state":"queued","mode":"standard","creationDate":"2024-01-13T22:16:31.427Z","modificationDate":"2024-01-13T22:16:31.427Z","shortid":"sEuwR3x","$entitySet":"profiles"},"doDiffs":false,"timestamp":1705184191426,"id":"345hcxxdix06is1","previousOperationId":null,"operationId":"gx33o0j85q85eer"}
{"type":"log","level":"info","message":"Render request 8 queued for execution and waiting for available worker","previousOperationId":"gx33o0j85q85eer","timestamp":1705184191426,"id":"e46vkk82boccjn2"}
{"type":"operationStart","subtype":"render","name":"AveragePunctuation","previousOperationId":"gx33o0j85q85eer","timestamp":1705184191432,"id":"ktyun0eh8vhcnyp","previousEventId":"345hcxxdix06is1","operationId":"hzlpuy6fwfpk9vx"}
{"type":"log","timestamp":1705184191432,"level":"info","message":"Starting rendering request 8","meta":{"rootId":"oj8a507axcwblix","id":"oj8a507axcwblix"},"id":"w2tyugwbcof6bod","previousOperationId":"hzlpuy6fwfpk9vx"}
{"type":"log","timestamp":1705184191432,"level":"info","message":"Rendering template { name: AveragePunctuation, recipe: chrome-pdf, engine: handlebars, preview: false }","meta":{"rootId":"oj8a507axcwblix","id":"oj8a507axcwblix"},"id":"rv7c24316f5ewgd","previousOperationId":"hzlpuy6fwfpk9vx"}
{"type":"log","timestamp":1705184191433,"level":"debug","message":"Inline data specified.","meta":{"rootId":"oj8a507axcwblix","id":"oj8a507axcwblix"},"id":"m2h24nfjshe5dnh","previousOperationId":"hzlpuy6fwfpk9vx"}
{"type":"log","timestamp":1705184191434,"level":"debug","message":"Executing script AveragePunctuation-script (beforeRender)","meta":{"rootId":"oj8a507axcwblix","id":"oj8a507axcwblix"},"id":"ahu38zld4jx91dr","previousOperationId":"hzlpuy6fwfpk9vx"}
{"type":"operationStart","subtype":"scriptsBeforeRender","name":"scripts beforeRender","timestamp":1705184191453,"id":"zr6221gwj8vtyg7","previousEventId":"ktyun0eh8vhcnyp","operationId":"u6zx08bdtac9o80","previousOperationId":"hzlpuy6fwfpk9vx"}
{"type":"operationStart","subtype":"script","name":"scripts AveragePunctuation-script","previousOperationId":"u6zx08bdtac9o80","timestamp":1705184191454,"id":"n1vkjmrgxybfzfj","previousEventId":"zr6221gwj8vtyg7","operationId":"mmd738fet4y9eqv"}
{"type":"operationEnd","operationId":"mmd738fet4y9eqv","timestamp":1705184191468,"id":"biiu9sov8vg1gzo","previousEventId":"ktyun0eh8vhcnyp","previousOperationId":"hzlpuy6fwfpk9vx"}
{"type":"operationEnd","operationId":"u6zx08bdtac9o80","timestamp":1705184191468,"id":"xokjgprfwvextk4","previousEventId":"biiu9sov8vg1gzo","previousOperationId":"hzlpuy6fwfpk9vx"}
{"type":"log","timestamp":1705184191468,"level":"debug","message":"Base url not specified, skipping its injection.","meta":{"rootId":"oj8a507axcwblix","id":"oj8a507axcwblix"},"id":"asccta1q1bj7fo4","previousOperationId":"u6zx08bdtac9o80"}
{"type":"operationStart","subtype":"engine","name":"handlebars","timestamp":1705184191468,"id":"8mfxnjuq7xuu09j","previousEventId":"xokjgprfwvextk4","operationId":"qpjcn6giqyvl5g8","previousOperationId":"u6zx08bdtac9o80"}
{"type":"log","timestamp":1705184191468,"level":"debug","message":"Rendering engine handlebars","meta":{"rootId":"oj8a507axcwblix","id":"oj8a507axcwblix"},"id":"8prk1hut4zowlv0","previousOperationId":"qpjcn6giqyvl5g8"}
{"type":"operationEnd","operationId":"qpjcn6giqyvl5g8","timestamp":1705184191482,"id":"t7o0o62gw5a9eb2","previousEventId":"8mfxnjuq7xuu09j","previousOperationId":"qpjcn6giqyvl5g8"}
{"type":"operationStart","subtype":"recipe","name":"chrome-pdf","timestamp":1705184191483,"id":"15plxirej8le49j","previousEventId":"t7o0o62gw5a9eb2","operationId":"jhw5kf7gnb35byd","previousOperationId":"qpjcn6giqyvl5g8"}
{"type":"log","timestamp":1705184191483,"level":"debug","message":"Executing recipe chrome-pdf","meta":{"rootId":"oj8a507axcwblix","id":"oj8a507axcwblix"},"id":"m1vefwhtpaxqo99","previousOperationId":"jhw5kf7gnb35byd"}
{"type":"log","timestamp":1705184191484,"level":"debug","message":"Converting with chrome HeadlessChrome/117.0.5938.149 using chrome-pool strategy","meta":{"rootId":"oj8a507axcwblix","id":"oj8a507axcwblix"},"id":"znzonzp0ht63kkk","previousOperationId":"jhw5kf7gnb35byd"}
{"type":"log","timestamp":1705184191589,"level":"debug","message":"Page request: GET (document) file:///C:/Users/Javier/AppData/Local/Temp/jsreport/autocleanup/50357a1d-d7f2-48de-927a-a92a5e07c4c5-chrome-pdf.html","meta":{"rootId":"oj8a507axcwblix","id":"oj8a507axcwblix"},"id":"oc5qqi2conlghns","previousOperationId":"jhw5kf7gnb35byd"}
{"type":"log","timestamp":1705184191646,"level":"debug","message":"Page request: GET (stylesheet) https://cdnjs.cloudflare.com/ajax/libs/metro/4.1.5/css/metro.min.css","meta":{"rootId":"oj8a507axcwblix","id":"oj8a507axcwblix"},"id":"5nkhqxowknmp8pr","previousOperationId":"jhw5kf7gnb35byd"}
{"type":"log","timestamp":1705184191647,"level":"debug","message":"Page request: GET (script) https://cdnjs.cloudflare.com/ajax/libs/Chart.js/2.7.2/Chart.min.js","meta":{"rootId":"oj8a507axcwblix","id":"oj8a507axcwblix"},"id":"t5ld09n996goblk","previousOperationId":"jhw5kf7gnb35byd"}
{"type":"log","timestamp":1705184191648,"level":"debug","message":"Page request finished: GET (document) 200 file:///C:/Users/Javier/AppData/Local/Temp/jsreport/autocleanup/50357a1d-d7f2-48de-927a-a92a5e07c4c5-chrome-pdf.html","meta":{"rootId":"oj8a507axcwblix","id":"oj8a507axcwblix"},"id":"je2st38bndpdljw","previousOperationId":"jhw5kf7gnb35byd"}
{"type":"log","timestamp":1705184191654,"level":"debug","message":"Page request finished: GET (script) 200 https://cdnjs.cloudflare.com/ajax/libs/Chart.js/2.7.2/Chart.min.js","meta":{"rootId":"oj8a507axcwblix","id":"oj8a507axcwblix"},"id":"b1hveymsl3dsgm4","previousOperationId":"jhw5kf7gnb35byd"}
{"type":"log","timestamp":1705184191668,"level":"debug","message":"Page request finished: GET (stylesheet) 200 https://cdnjs.cloudflare.com/ajax/libs/metro/4.1.5/css/metro.min.css","meta":{"rootId":"oj8a507axcwblix","id":"oj8a507axcwblix"},"id":"dqwgzy9u8q449gq","previousOperationId":"jhw5kf7gnb35byd"}
{"type":"log","timestamp":1705184191748,"level":"debug","message":"Running chrome with params {\"printBackground\":true,\"timeout\":59941,\"margin\":{}}","meta":{"rootId":"oj8a507axcwblix","id":"oj8a507axcwblix"},"id":"0bqmlzv0n1dxsoz","previousOperationId":"jhw5kf7gnb35byd"}
{"type":"operationEnd","operationId":"jhw5kf7gnb35byd","timestamp":1705184191886,"id":"ulahvmotmwgfqyf","previousEventId":"15plxirej8le49j","previousOperationId":"jhw5kf7gnb35byd"}
{"type":"log","timestamp":1705184191886,"level":"debug","message":"Skipping storing report.","meta":{"rootId":"oj8a507axcwblix","id":"oj8a507axcwblix"},"id":"sg1f94jt3txzmic","previousOperationId":"jhw5kf7gnb35byd"}
{"type":"log","timestamp":1705184191886,"level":"info","message":"Rendering request 8 finished in 461 ms","meta":{"rootId":"oj8a507axcwblix","id":"oj8a507axcwblix"},"id":"zqixlm69efjtuk7","previousOperationId":"jhw5kf7gnb35byd"}
{"type":"operationEnd","subtype":"render","operationId":"hzlpuy6fwfpk9vx","timestamp":1705184191886,"id":"o5j611hx3bmiyei","previousEventId":"ulahvmotmwgfqyf","previousOperationId":"jhw5kf7gnb35byd"}
{"type":"operationEnd","doDiffs":false,"previousEventId":"345hcxxdix06is1","previousOperationId":"gx33o0j85q85eer","operationId":"gx33o0j85q85eer","timestamp":1705184191889,"id":"7tmeeqyj71pajw0"}
