{"type":"operationStart","subtype":"profile","data":{"_id":"v9Ghe2mGxu4hIFuL","timestamp":"2024-01-11T17:10:03.309Z","state":"queued","mode":"standard","creationDate":"2024-01-11T17:10:03.310Z","modificationDate":"2024-01-11T17:10:03.310Z","shortid":"4eUlfZZ","$entitySet":"profiles"},"doDiffs":false,"timestamp":1704993003309,"id":"q8q423li4j3pfk6","previousOperationId":null,"operationId":"vmvayhedw8de0b8"}
{"type":"log","level":"info","message":"Render request 21 queued for execution and waiting for available worker","previousOperationId":"vmvayhedw8de0b8","timestamp":1704993003309,"id":"yegs07ffl6her8t"}
{"type":"operationStart","subtype":"render","name":"AveragePunctuation","previousOperationId":"vmvayhedw8de0b8","timestamp":1704993003314,"id":"13fi15itugu13bt","previousEventId":"q8q423li4j3pfk6","operationId":"2upz0pbbk4d6f5z"}
{"type":"log","timestamp":1704993003314,"level":"info","message":"Starting rendering request 21","meta":{"rootId":"ooqyza0mkfnxan9","id":"ooqyza0mkfnxan9"},"id":"78r1qfqebz3bvka","previousOperationId":"2upz0pbbk4d6f5z"}
{"type":"log","timestamp":1704993003315,"level":"info","message":"Rendering template { name: AveragePunctuation, recipe: chrome-pdf, engine: handlebars, preview: false }","meta":{"rootId":"ooqyza0mkfnxan9","id":"ooqyza0mkfnxan9"},"id":"am9ssw78m2gqnqw","previousOperationId":"2upz0pbbk4d6f5z"}
{"type":"log","timestamp":1704993003315,"level":"debug","message":"Inline data specified.","meta":{"rootId":"ooqyza0mkfnxan9","id":"ooqyza0mkfnxan9"},"id":"ryc7i0ba8k1p2j5","previousOperationId":"2upz0pbbk4d6f5z"}
{"type":"log","timestamp":1704993003317,"level":"debug","message":"Executing script AveragePunctuation-script (beforeRender)","meta":{"rootId":"ooqyza0mkfnxan9","id":"ooqyza0mkfnxan9"},"id":"vhtg3ss6hauph1t","previousOperationId":"2upz0pbbk4d6f5z"}
{"type":"operationStart","subtype":"scriptsBeforeRender","name":"scripts beforeRender","timestamp":1704993003332,"id":"5dkugw0h34l5m0k","previousEventId":"13fi15itugu13bt","operationId":"4bl4kjcpyxxr5l5","previousOperationId":"2upz0pbbk4d6f5z"}
{"type":"operationStart","subtype":"script","name":"scripts AveragePunctuation-script","previousOperationId":"4bl4kjcpyxxr5l5","timestamp":1704993003332,"id":"lj5w9m2pcq88tkx","previousEventId":"5dkugw0h34l5m0k","operationId":"023ifcs8jt5jrre"}
{"type":"operationEnd","operationId":"023ifcs8jt5jrre","timestamp":1704993003347,"id":"l6scfyo1g9erph3","previousEventId":"13fi15itugu13bt","previousOperationId":"2upz0pbbk4d6f5z"}
{"type":"operationEnd","operationId":"4bl4kjcpyxxr5l5","timestamp":1704993003347,"id":"7z3e4zf7h31z6as","previousEventId":"l6scfyo1g9erph3","previousOperationId":"2upz0pbbk4d6f5z"}
{"type":"log","timestamp":1704993003347,"level":"debug","message":"Base url not specified, skipping its injection.","meta":{"rootId":"ooqyza0mkfnxan9","id":"ooqyza0mkfnxan9"},"id":"wptbpldbh3nt3fk","previousOperationId":"4bl4kjcpyxxr5l5"}
{"type":"operationStart","subtype":"engine","name":"handlebars","timestamp":1704993003347,"id":"edm7w28w46u6j8w","previousEventId":"7z3e4zf7h31z6as","operationId":"84u6pi9z7f2zawu","previousOperationId":"4bl4kjcpyxxr5l5"}
{"type":"log","timestamp":1704993003347,"level":"debug","message":"Rendering engine handlebars","meta":{"rootId":"ooqyza0mkfnxan9","id":"ooqyza0mkfnxan9"},"id":"ac7unain3so1joa","previousOperationId":"84u6pi9z7f2zawu"}
{"type":"operationEnd","operationId":"84u6pi9z7f2zawu","timestamp":1704993003356,"id":"4zrt1ua0q4l29p4","previousEventId":"edm7w28w46u6j8w","previousOperationId":"84u6pi9z7f2zawu"}
{"type":"operationStart","subtype":"recipe","name":"chrome-pdf","timestamp":1704993003356,"id":"e2c25kxbpumlnl3","previousEventId":"4zrt1ua0q4l29p4","operationId":"6cj7ekv1wfnt81d","previousOperationId":"84u6pi9z7f2zawu"}
{"type":"log","timestamp":1704993003356,"level":"debug","message":"Executing recipe chrome-pdf","meta":{"rootId":"ooqyza0mkfnxan9","id":"ooqyza0mkfnxan9"},"id":"ybphlf09qo7yhoy","previousOperationId":"6cj7ekv1wfnt81d"}
{"type":"log","timestamp":1704993003357,"level":"debug","message":"Converting with chrome HeadlessChrome/117.0.5938.149 using chrome-pool strategy","meta":{"rootId":"ooqyza0mkfnxan9","id":"ooqyza0mkfnxan9"},"id":"4hyy6gf6jed1q57","previousOperationId":"6cj7ekv1wfnt81d"}
{"type":"log","timestamp":1704993003423,"level":"debug","message":"Page request: GET (document) file:///C:/Users/Javier/AppData/Local/Temp/jsreport/autocleanup/b2c68e72-86b1-4bd3-8202-602298388a7e-chrome-pdf.html","meta":{"rootId":"ooqyza0mkfnxan9","id":"ooqyza0mkfnxan9"},"id":"ep4cm299s8xyjvk","previousOperationId":"6cj7ekv1wfnt81d"}
{"type":"log","timestamp":1704993003433,"level":"debug","message":"Page request finished: GET (document) 200 file:///C:/Users/Javier/AppData/Local/Temp/jsreport/autocleanup/b2c68e72-86b1-4bd3-8202-602298388a7e-chrome-pdf.html","meta":{"rootId":"ooqyza0mkfnxan9","id":"ooqyza0mkfnxan9"},"id":"9qgwiomutjxr1pa","previousOperationId":"6cj7ekv1wfnt81d"}
{"type":"log","timestamp":1704993003436,"level":"debug","message":"Running chrome with params {\"printBackground\":true,\"timeout\":59952,\"margin\":{}}","meta":{"rootId":"ooqyza0mkfnxan9","id":"ooqyza0mkfnxan9"},"id":"twljhfbeicude75","previousOperationId":"6cj7ekv1wfnt81d"}
{"type":"operationEnd","operationId":"6cj7ekv1wfnt81d","timestamp":1704993003442,"id":"hpeqb37ipkqz3hc","previousEventId":"e2c25kxbpumlnl3","previousOperationId":"6cj7ekv1wfnt81d"}
{"type":"log","timestamp":1704993003442,"level":"debug","message":"Skipping storing report.","meta":{"rootId":"ooqyza0mkfnxan9","id":"ooqyza0mkfnxan9"},"id":"xxzp2ao9k4z4nej","previousOperationId":"6cj7ekv1wfnt81d"}
{"type":"log","timestamp":1704993003442,"level":"info","message":"Rendering request 21 finished in 133 ms","meta":{"rootId":"ooqyza0mkfnxan9","id":"ooqyza0mkfnxan9"},"id":"6vcoiwb89fnn0mc","previousOperationId":"6cj7ekv1wfnt81d"}
{"type":"operationEnd","subtype":"render","operationId":"2upz0pbbk4d6f5z","timestamp":1704993003442,"id":"jachhp1neyxql6d","previousEventId":"hpeqb37ipkqz3hc","previousOperationId":"6cj7ekv1wfnt81d"}
{"type":"operationEnd","doDiffs":false,"previousEventId":"q8q423li4j3pfk6","previousOperationId":"vmvayhedw8de0b8","operationId":"vmvayhedw8de0b8","timestamp":1704993003444,"id":"w4wczhm1l14gkoo"}
