{"type":"operationStart","subtype":"profile","data":{"_id":"Lsv4jiYlnpc23VLk","timestamp":"2024-01-13T16:59:43.709Z","state":"queued","mode":"standard","creationDate":"2024-01-13T16:59:43.710Z","modificationDate":"2024-01-13T16:59:43.710Z","shortid":"p2NDL-Y","$entitySet":"profiles"},"doDiffs":false,"timestamp":1705165183710,"id":"phfw0zyxexiq43h","previousOperationId":null,"operationId":"x89a13ve2f6ed49"}
{"type":"log","level":"info","message":"Render request 66 queued for execution and waiting for available worker","previousOperationId":"x89a13ve2f6ed49","timestamp":1705165183710,"id":"bn9a0lrpaq1pkhg"}
{"type":"operationStart","subtype":"render","name":"AveragePunctuation","previousOperationId":"x89a13ve2f6ed49","timestamp":1705165183714,"id":"38rhbnlo33fhan4","previousEventId":"phfw0zyxexiq43h","operationId":"ioqtc0gsku5lpbg"}
{"type":"log","timestamp":1705165183715,"level":"info","message":"Starting rendering request 66","meta":{"rootId":"osj0niic5t09l7v","id":"osj0niic5t09l7v"},"id":"omfh0qvw853zcdu","previousOperationId":"ioqtc0gsku5lpbg"}
{"type":"log","timestamp":1705165183715,"level":"info","message":"Rendering template { name: AveragePunctuation, recipe: chrome-pdf, engine: handlebars, preview: false }","meta":{"rootId":"osj0niic5t09l7v","id":"osj0niic5t09l7v"},"id":"k3ryzmuq84frrwe","previousOperationId":"ioqtc0gsku5lpbg"}
{"type":"log","timestamp":1705165183715,"level":"debug","message":"Inline data specified.","meta":{"rootId":"osj0niic5t09l7v","id":"osj0niic5t09l7v"},"id":"u9vi3jk9ettt5te","previousOperationId":"ioqtc0gsku5lpbg"}
{"type":"log","timestamp":1705165183717,"level":"debug","message":"Executing script AveragePunctuation-script (beforeRender)","meta":{"rootId":"osj0niic5t09l7v","id":"osj0niic5t09l7v"},"id":"25u1ht75dorswl8","previousOperationId":"ioqtc0gsku5lpbg"}
{"type":"operationStart","subtype":"scriptsBeforeRender","name":"scripts beforeRender","timestamp":1705165183729,"id":"irm591zymmvcyjc","previousEventId":"38rhbnlo33fhan4","operationId":"1wea9pqur3n35vp","previousOperationId":"ioqtc0gsku5lpbg"}
{"type":"operationStart","subtype":"script","name":"scripts AveragePunctuation-script","previousOperationId":"1wea9pqur3n35vp","timestamp":1705165183729,"id":"ds830xci89g067n","previousEventId":"irm591zymmvcyjc","operationId":"e7hqwwoijdlbnx5"}
{"type":"operationEnd","operationId":"e7hqwwoijdlbnx5","timestamp":1705165183740,"id":"6nip47ee7jkq4rf","previousEventId":"38rhbnlo33fhan4","previousOperationId":"ioqtc0gsku5lpbg"}
{"type":"operationEnd","operationId":"1wea9pqur3n35vp","timestamp":1705165183740,"id":"eug6licg35lfnk0","previousEventId":"6nip47ee7jkq4rf","previousOperationId":"ioqtc0gsku5lpbg"}
{"type":"log","timestamp":1705165183740,"level":"debug","message":"Base url not specified, skipping its injection.","meta":{"rootId":"osj0niic5t09l7v","id":"osj0niic5t09l7v"},"id":"quj610y9hmlzp5w","previousOperationId":"1wea9pqur3n35vp"}
{"type":"operationStart","subtype":"engine","name":"handlebars","timestamp":1705165183740,"id":"g7bb0mhkg61t5ex","previousEventId":"eug6licg35lfnk0","operationId":"3npicgksys43238","previousOperationId":"1wea9pqur3n35vp"}
{"type":"log","timestamp":1705165183740,"level":"debug","message":"Rendering engine handlebars","meta":{"rootId":"osj0niic5t09l7v","id":"osj0niic5t09l7v"},"id":"j8fssx92akygwhc","previousOperationId":"3npicgksys43238"}
{"type":"operationEnd","operationId":"3npicgksys43238","timestamp":1705165183746,"id":"1w4mlfso1co5hks","previousEventId":"g7bb0mhkg61t5ex","previousOperationId":"3npicgksys43238"}
{"type":"operationStart","subtype":"recipe","name":"chrome-pdf","timestamp":1705165183746,"id":"qgzctzbmd7yppbo","previousEventId":"1w4mlfso1co5hks","operationId":"m788zv6besyntt1","previousOperationId":"3npicgksys43238"}
{"type":"log","timestamp":1705165183746,"level":"debug","message":"Executing recipe chrome-pdf","meta":{"rootId":"osj0niic5t09l7v","id":"osj0niic5t09l7v"},"id":"5aae5713sdz8f5f","previousOperationId":"m788zv6besyntt1"}
{"type":"log","timestamp":1705165183748,"level":"debug","message":"Converting with chrome HeadlessChrome/117.0.5938.149 using chrome-pool strategy","meta":{"rootId":"osj0niic5t09l7v","id":"osj0niic5t09l7v"},"id":"padobxhetoxz5gw","previousOperationId":"m788zv6besyntt1"}
{"type":"log","timestamp":1705165183821,"level":"debug","message":"Page request: GET (document) file:///C:/Users/Javier/AppData/Local/Temp/jsreport/autocleanup/eda92118-30a0-40dc-9861-7cadf2f0ee51-chrome-pdf.html","meta":{"rootId":"osj0niic5t09l7v","id":"osj0niic5t09l7v"},"id":"a95rg89co6yj341","previousOperationId":"m788zv6besyntt1"}
{"type":"log","timestamp":1705165183874,"level":"debug","message":"Page request finished: GET (document) 200 file:///C:/Users/Javier/AppData/Local/Temp/jsreport/autocleanup/eda92118-30a0-40dc-9861-7cadf2f0ee51-chrome-pdf.html","meta":{"rootId":"osj0niic5t09l7v","id":"osj0niic5t09l7v"},"id":"91f6tys9zalxai8","previousOperationId":"m788zv6besyntt1"}
{"type":"log","timestamp":1705165183875,"level":"debug","message":"Page request: GET (stylesheet) https://cdnjs.cloudflare.com/ajax/libs/metro/4.1.5/css/metro.min.css","meta":{"rootId":"osj0niic5t09l7v","id":"osj0niic5t09l7v"},"id":"et6emdm2cqdxxqn","previousOperationId":"m788zv6besyntt1"}
{"type":"log","timestamp":1705165183875,"level":"debug","message":"Page request: GET (script) https://cdnjs.cloudflare.com/ajax/libs/Chart.js/2.7.2/Chart.min.js","meta":{"rootId":"osj0niic5t09l7v","id":"osj0niic5t09l7v"},"id":"wq7v30mcfp2pkzd","previousOperationId":"m788zv6besyntt1"}
{"type":"log","timestamp":1705165183893,"level":"debug","message":"Page request finished: GET (stylesheet) 200 https://cdnjs.cloudflare.com/ajax/libs/metro/4.1.5/css/metro.min.css","meta":{"rootId":"osj0niic5t09l7v","id":"osj0niic5t09l7v"},"id":"7mpxmg0yx86ao5u","previousOperationId":"m788zv6besyntt1"}
{"type":"log","timestamp":1705165183893,"level":"debug","message":"Page request finished: GET (script) 200 https://cdnjs.cloudflare.com/ajax/libs/Chart.js/2.7.2/Chart.min.js","meta":{"rootId":"osj0niic5t09l7v","id":"osj0niic5t09l7v"},"id":"gqb9faywzgdoige","previousOperationId":"m788zv6besyntt1"}
{"type":"log","timestamp":1705165183960,"level":"debug","message":"Running chrome with params {\"printBackground\":true,\"timeout\":59962,\"margin\":{}}","meta":{"rootId":"osj0niic5t09l7v","id":"osj0niic5t09l7v"},"id":"ezjxlmt7u93tgar","previousOperationId":"m788zv6besyntt1"}
{"type":"operationEnd","operationId":"m788zv6besyntt1","timestamp":1705165184057,"id":"r6qg0s9yprso7wc","previousEventId":"qgzctzbmd7yppbo","previousOperationId":"m788zv6besyntt1"}
{"type":"log","timestamp":1705165184057,"level":"debug","message":"Skipping storing report.","meta":{"rootId":"osj0niic5t09l7v","id":"osj0niic5t09l7v"},"id":"f7j3o49vgzz4rgx","previousOperationId":"m788zv6besyntt1"}
{"type":"log","timestamp":1705165184057,"level":"info","message":"Rendering request 66 finished in 348 ms","meta":{"rootId":"osj0niic5t09l7v","id":"osj0niic5t09l7v"},"id":"hj164a8taiewj86","previousOperationId":"m788zv6besyntt1"}
{"type":"operationEnd","subtype":"render","operationId":"ioqtc0gsku5lpbg","timestamp":1705165184057,"id":"t9fl82dyn0pss7k","previousEventId":"r6qg0s9yprso7wc","previousOperationId":"m788zv6besyntt1"}
{"type":"operationEnd","doDiffs":false,"previousEventId":"phfw0zyxexiq43h","previousOperationId":"x89a13ve2f6ed49","operationId":"x89a13ve2f6ed49","timestamp":1705165184058,"id":"m5ib8eiug9y57jv"}
