{"type":"operationStart","subtype":"profile","data":{"_id":"qHne1abYs9JnKK5P","timestamp":"2024-01-13T14:18:48.703Z","state":"queued","mode":"standard","creationDate":"2024-01-13T14:18:48.704Z","modificationDate":"2024-01-13T14:18:48.704Z","shortid":"sQ5y8pk","$entitySet":"profiles"},"doDiffs":false,"timestamp":1705155528704,"id":"q4walwe1us7e9x5","previousOperationId":null,"operationId":"nubnce9dy5kir0w"}
{"type":"log","level":"info","message":"Render request 17 queued for execution and waiting for available worker","previousOperationId":"nubnce9dy5kir0w","timestamp":1705155528704,"id":"3xrncmsyqhfplrz"}
{"type":"operationStart","subtype":"render","name":"AveragePunctuation","previousOperationId":"nubnce9dy5kir0w","timestamp":1705155528708,"id":"oc2ytbhbjbwtt4b","previousEventId":"q4walwe1us7e9x5","operationId":"dsm4fqwebiesopc"}
{"type":"log","timestamp":1705155528708,"level":"info","message":"Starting rendering request 17","meta":{"rootId":"owwsw4hh9ia9aki","id":"owwsw4hh9ia9aki"},"id":"yjsx8wjq3qlj7h4","previousOperationId":"dsm4fqwebiesopc"}
{"type":"log","timestamp":1705155528708,"level":"info","message":"Rendering template { name: AveragePunctuation, recipe: chrome-pdf, engine: handlebars, preview: false }","meta":{"rootId":"owwsw4hh9ia9aki","id":"owwsw4hh9ia9aki"},"id":"kn48kuy6dmh0tsc","previousOperationId":"dsm4fqwebiesopc"}
{"type":"log","timestamp":1705155528709,"level":"debug","message":"Inline data specified.","meta":{"rootId":"owwsw4hh9ia9aki","id":"owwsw4hh9ia9aki"},"id":"tyzie19az04djl2","previousOperationId":"dsm4fqwebiesopc"}
{"type":"log","timestamp":1705155528711,"level":"debug","message":"Executing script AveragePunctuation-script (beforeRender)","meta":{"rootId":"owwsw4hh9ia9aki","id":"owwsw4hh9ia9aki"},"id":"4ex2rk5enzodm0s","previousOperationId":"dsm4fqwebiesopc"}
{"type":"operationStart","subtype":"scriptsBeforeRender","name":"scripts beforeRender","timestamp":1705155528725,"id":"bmfmxzt6z61oz0h","previousEventId":"oc2ytbhbjbwtt4b","operationId":"2ixfhp0ix1frlxv","previousOperationId":"dsm4fqwebiesopc"}
{"type":"operationStart","subtype":"script","name":"scripts AveragePunctuation-script","previousOperationId":"2ixfhp0ix1frlxv","timestamp":1705155528725,"id":"vuxyzirjg0nalfl","previousEventId":"bmfmxzt6z61oz0h","operationId":"5z77f5pp8u0xzq8"}
{"type":"operationEnd","operationId":"5z77f5pp8u0xzq8","timestamp":1705155528737,"id":"xl7gijdd4oixhmp","previousEventId":"oc2ytbhbjbwtt4b","previousOperationId":"dsm4fqwebiesopc"}
{"type":"operationEnd","operationId":"2ixfhp0ix1frlxv","timestamp":1705155528737,"id":"sz6rype2l7cfama","previousEventId":"xl7gijdd4oixhmp","previousOperationId":"dsm4fqwebiesopc"}
{"type":"log","timestamp":1705155528737,"level":"debug","message":"Base url not specified, skipping its injection.","meta":{"rootId":"owwsw4hh9ia9aki","id":"owwsw4hh9ia9aki"},"id":"mmu3e6fg122t5i0","previousOperationId":"2ixfhp0ix1frlxv"}
{"type":"operationStart","subtype":"engine","name":"handlebars","timestamp":1705155528737,"id":"5pe6zii6wa4fu5w","previousEventId":"sz6rype2l7cfama","operationId":"oyrxumg7f3ms10c","previousOperationId":"2ixfhp0ix1frlxv"}
{"type":"log","timestamp":1705155528737,"level":"debug","message":"Rendering engine handlebars","meta":{"rootId":"owwsw4hh9ia9aki","id":"owwsw4hh9ia9aki"},"id":"q3k4l16ri45kzjz","previousOperationId":"oyrxumg7f3ms10c"}
{"type":"operationEnd","operationId":"oyrxumg7f3ms10c","timestamp":1705155528748,"id":"zja09ui075v9fus","previousEventId":"5pe6zii6wa4fu5w","previousOperationId":"oyrxumg7f3ms10c"}
{"type":"operationStart","subtype":"recipe","name":"chrome-pdf","timestamp":1705155528748,"id":"nk4yqmplb6plfg9","previousEventId":"zja09ui075v9fus","operationId":"8xavp3lso1a3cec","previousOperationId":"oyrxumg7f3ms10c"}
{"type":"log","timestamp":1705155528748,"level":"debug","message":"Executing recipe chrome-pdf","meta":{"rootId":"owwsw4hh9ia9aki","id":"owwsw4hh9ia9aki"},"id":"kluw8ovoxqxqoue","previousOperationId":"8xavp3lso1a3cec"}
{"type":"log","timestamp":1705155528749,"level":"debug","message":"Converting with chrome HeadlessChrome/117.0.5938.149 using chrome-pool strategy","meta":{"rootId":"owwsw4hh9ia9aki","id":"owwsw4hh9ia9aki"},"id":"qo731mnf9s4819b","previousOperationId":"8xavp3lso1a3cec"}
{"type":"log","timestamp":1705155528836,"level":"debug","message":"Page request: GET (document) file:///C:/Users/Javier/AppData/Local/Temp/jsreport/autocleanup/8751ba0b-4876-4a1e-9144-0b30154b745c-chrome-pdf.html","meta":{"rootId":"owwsw4hh9ia9aki","id":"owwsw4hh9ia9aki"},"id":"tznpoqbww9i0vie","previousOperationId":"8xavp3lso1a3cec"}
{"type":"log","timestamp":1705155528879,"level":"debug","message":"Page request finished: GET (document) 200 file:///C:/Users/Javier/AppData/Local/Temp/jsreport/autocleanup/8751ba0b-4876-4a1e-9144-0b30154b745c-chrome-pdf.html","meta":{"rootId":"owwsw4hh9ia9aki","id":"owwsw4hh9ia9aki"},"id":"rd37990j9wz1p1w","previousOperationId":"8xavp3lso1a3cec"}
{"type":"log","timestamp":1705155528879,"level":"debug","message":"Page request: GET (stylesheet) https://cdnjs.cloudflare.com/ajax/libs/metro/4.1.5/css/metro.min.css","meta":{"rootId":"owwsw4hh9ia9aki","id":"owwsw4hh9ia9aki"},"id":"pfsmkfna7uikqy9","previousOperationId":"8xavp3lso1a3cec"}
{"type":"log","timestamp":1705155528880,"level":"debug","message":"Page request: GET (script) https://cdnjs.cloudflare.com/ajax/libs/Chart.js/2.7.2/Chart.min.js","meta":{"rootId":"owwsw4hh9ia9aki","id":"owwsw4hh9ia9aki"},"id":"g7jcno0mrw23zjx","previousOperationId":"8xavp3lso1a3cec"}
{"type":"log","timestamp":1705155528885,"level":"debug","message":"Page request finished: GET (script) 200 https://cdnjs.cloudflare.com/ajax/libs/Chart.js/2.7.2/Chart.min.js","meta":{"rootId":"owwsw4hh9ia9aki","id":"owwsw4hh9ia9aki"},"id":"qyh456u2dej4tdh","previousOperationId":"8xavp3lso1a3cec"}
{"type":"log","timestamp":1705155528895,"level":"debug","message":"Page request finished: GET (stylesheet) 200 https://cdnjs.cloudflare.com/ajax/libs/metro/4.1.5/css/metro.min.css","meta":{"rootId":"owwsw4hh9ia9aki","id":"owwsw4hh9ia9aki"},"id":"tg10trxs42rptx2","previousOperationId":"8xavp3lso1a3cec"}
{"type":"log","timestamp":1705155528956,"level":"debug","message":"Running chrome with params {\"printBackground\":true,\"timeout\":59954,\"margin\":{}}","meta":{"rootId":"owwsw4hh9ia9aki","id":"owwsw4hh9ia9aki"},"id":"6o7do1w42bx1x5m","previousOperationId":"8xavp3lso1a3cec"}
{"type":"operationEnd","operationId":"8xavp3lso1a3cec","timestamp":1705155529056,"id":"934qosb9xglypja","previousEventId":"nk4yqmplb6plfg9","previousOperationId":"8xavp3lso1a3cec"}
{"type":"log","timestamp":1705155529056,"level":"debug","message":"Skipping storing report.","meta":{"rootId":"owwsw4hh9ia9aki","id":"owwsw4hh9ia9aki"},"id":"xgwfsb660tlc2bz","previousOperationId":"8xavp3lso1a3cec"}
{"type":"log","timestamp":1705155529056,"level":"info","message":"Rendering request 17 finished in 353 ms","meta":{"rootId":"owwsw4hh9ia9aki","id":"owwsw4hh9ia9aki"},"id":"ybtwguroww86n3d","previousOperationId":"8xavp3lso1a3cec"}
{"type":"operationEnd","subtype":"render","operationId":"dsm4fqwebiesopc","timestamp":1705155529057,"id":"bumeb5orgsmw7qn","previousEventId":"934qosb9xglypja","previousOperationId":"8xavp3lso1a3cec"}
{"type":"operationEnd","doDiffs":false,"previousEventId":"q4walwe1us7e9x5","previousOperationId":"nubnce9dy5kir0w","operationId":"nubnce9dy5kir0w","timestamp":1705155529061,"id":"3jq8d6j6yd0diet"}
