{"type":"operationStart","subtype":"profile","data":{"_id":"3NnULrRt9zZKY62w","timestamp":"2024-01-13T19:15:31.562Z","state":"queued","mode":"standard","creationDate":"2024-01-13T19:15:31.564Z","modificationDate":"2024-01-13T19:15:31.564Z","shortid":"4uw1EvF","$entitySet":"profiles"},"doDiffs":false,"timestamp":1705173331563,"id":"8900isv7l3wc1q7","previousOperationId":null,"operationId":"w92ct7g04x73jw4"}
{"type":"log","level":"info","message":"Render request 9 queued for execution and waiting for available worker","previousOperationId":"w92ct7g04x73jw4","timestamp":1705173331563,"id":"nacku54hgzfcegm"}
{"type":"operationStart","subtype":"render","name":"AveragePunctuation","previousOperationId":"w92ct7g04x73jw4","timestamp":1705173331570,"id":"4hd6gtyrav7zq6i","previousEventId":"8900isv7l3wc1q7","operationId":"cjb9mh6qnpj3r7h"}
{"type":"log","timestamp":1705173331570,"level":"info","message":"Starting rendering request 9","meta":{"rootId":"q0ysnlm5sjryjun","id":"q0ysnlm5sjryjun"},"id":"n22nytnmqypb3xm","previousOperationId":"cjb9mh6qnpj3r7h"}
{"type":"log","timestamp":1705173331570,"level":"info","message":"Rendering template { name: AveragePunctuation, recipe: chrome-pdf, engine: handlebars, preview: false }","meta":{"rootId":"q0ysnlm5sjryjun","id":"q0ysnlm5sjryjun"},"id":"2v0lqijb2vi0ovn","previousOperationId":"cjb9mh6qnpj3r7h"}
{"type":"log","timestamp":1705173331572,"level":"debug","message":"Inline data specified.","meta":{"rootId":"q0ysnlm5sjryjun","id":"q0ysnlm5sjryjun"},"id":"vggxeg8nq437scd","previousOperationId":"cjb9mh6qnpj3r7h"}
{"type":"log","timestamp":1705173331574,"level":"debug","message":"Executing script AveragePunctuation-script (beforeRender)","meta":{"rootId":"q0ysnlm5sjryjun","id":"q0ysnlm5sjryjun"},"id":"kapyxonv0xg06t5","previousOperationId":"cjb9mh6qnpj3r7h"}
{"type":"operationStart","subtype":"scriptsBeforeRender","name":"scripts beforeRender","timestamp":1705173331590,"id":"x01kw9muu1haehw","previousEventId":"4hd6gtyrav7zq6i","operationId":"8bdnhu1jyu4m5m7","previousOperationId":"cjb9mh6qnpj3r7h"}
{"type":"operationStart","subtype":"script","name":"scripts AveragePunctuation-script","previousOperationId":"8bdnhu1jyu4m5m7","timestamp":1705173331590,"id":"uhck0ha64jslqu5","previousEventId":"x01kw9muu1haehw","operationId":"e0exg8v11t0dhnm"}
{"type":"operationEnd","operationId":"e0exg8v11t0dhnm","timestamp":1705173331601,"id":"1748avo4nvgz18u","previousEventId":"4hd6gtyrav7zq6i","previousOperationId":"cjb9mh6qnpj3r7h"}
{"type":"operationEnd","operationId":"8bdnhu1jyu4m5m7","timestamp":1705173331601,"id":"xanlf0mqqhlye8d","previousEventId":"1748avo4nvgz18u","previousOperationId":"cjb9mh6qnpj3r7h"}
{"type":"log","timestamp":1705173331601,"level":"debug","message":"Base url not specified, skipping its injection.","meta":{"rootId":"q0ysnlm5sjryjun","id":"q0ysnlm5sjryjun"},"id":"6aictdkwgj5oam2","previousOperationId":"8bdnhu1jyu4m5m7"}
{"type":"operationStart","subtype":"engine","name":"handlebars","timestamp":1705173331601,"id":"lbgomm7e1x4xkez","previousEventId":"xanlf0mqqhlye8d","operationId":"rvy0ydl5a3mh1x1","previousOperationId":"8bdnhu1jyu4m5m7"}
{"type":"log","timestamp":1705173331601,"level":"debug","message":"Rendering engine handlebars","meta":{"rootId":"q0ysnlm5sjryjun","id":"q0ysnlm5sjryjun"},"id":"7tc8mtz5runtqsf","previousOperationId":"rvy0ydl5a3mh1x1"}
{"type":"operationEnd","operationId":"rvy0ydl5a3mh1x1","timestamp":1705173331610,"id":"48rkflu19wl8vuh","previousEventId":"lbgomm7e1x4xkez","previousOperationId":"rvy0ydl5a3mh1x1"}
{"type":"operationStart","subtype":"recipe","name":"chrome-pdf","timestamp":1705173331610,"id":"dx7aqu4bjqbjds5","previousEventId":"48rkflu19wl8vuh","operationId":"0c5ogedz4qsxrzd","previousOperationId":"rvy0ydl5a3mh1x1"}
{"type":"log","timestamp":1705173331610,"level":"debug","message":"Executing recipe chrome-pdf","meta":{"rootId":"q0ysnlm5sjryjun","id":"q0ysnlm5sjryjun"},"id":"drdi8qdqb1m2jwb","previousOperationId":"0c5ogedz4qsxrzd"}
{"type":"log","timestamp":1705173331612,"level":"debug","message":"Converting with chrome HeadlessChrome/117.0.5938.149 using chrome-pool strategy","meta":{"rootId":"q0ysnlm5sjryjun","id":"q0ysnlm5sjryjun"},"id":"2j24pkt0zgr919p","previousOperationId":"0c5ogedz4qsxrzd"}
{"type":"log","timestamp":1705173331696,"level":"debug","message":"Page request: GET (document) file:///C:/Users/Javier/AppData/Local/Temp/jsreport/autocleanup/072c8ad5-4615-40a9-9840-31470ff1cc0c-chrome-pdf.html","meta":{"rootId":"q0ysnlm5sjryjun","id":"q0ysnlm5sjryjun"},"id":"m33e8md2v3ab1gs","previousOperationId":"0c5ogedz4qsxrzd"}
{"type":"log","timestamp":1705173331742,"level":"debug","message":"Page request: GET (stylesheet) https://cdnjs.cloudflare.com/ajax/libs/metro/4.1.5/css/metro.min.css","meta":{"rootId":"q0ysnlm5sjryjun","id":"q0ysnlm5sjryjun"},"id":"808mew2dzzg1215","previousOperationId":"0c5ogedz4qsxrzd"}
{"type":"log","timestamp":1705173331743,"level":"debug","message":"Page request: GET (script) https://cdnjs.cloudflare.com/ajax/libs/Chart.js/2.7.2/Chart.min.js","meta":{"rootId":"q0ysnlm5sjryjun","id":"q0ysnlm5sjryjun"},"id":"bxhx39rks11kekr","previousOperationId":"0c5ogedz4qsxrzd"}
{"type":"log","timestamp":1705173331743,"level":"debug","message":"Page request finished: GET (document) 200 file:///C:/Users/Javier/AppData/Local/Temp/jsreport/autocleanup/072c8ad5-4615-40a9-9840-31470ff1cc0c-chrome-pdf.html","meta":{"rootId":"q0ysnlm5sjryjun","id":"q0ysnlm5sjryjun"},"id":"o1qg3fu1vbse7sv","previousOperationId":"0c5ogedz4qsxrzd"}
{"type":"log","timestamp":1705173331747,"level":"debug","message":"Page request finished: GET (script) 200 https://cdnjs.cloudflare.com/ajax/libs/Chart.js/2.7.2/Chart.min.js","meta":{"rootId":"q0ysnlm5sjryjun","id":"q0ysnlm5sjryjun"},"id":"28z5pk5455a85xk","previousOperationId":"0c5ogedz4qsxrzd"}
{"type":"log","timestamp":1705173331759,"level":"debug","message":"Page request finished: GET (stylesheet) 200 https://cdnjs.cloudflare.com/ajax/libs/metro/4.1.5/css/metro.min.css","meta":{"rootId":"q0ysnlm5sjryjun","id":"q0ysnlm5sjryjun"},"id":"zb330ze2z0urm5f","previousOperationId":"0c5ogedz4qsxrzd"}
{"type":"log","timestamp":1705173331828,"level":"debug","message":"Running chrome with params {\"printBackground\":true,\"timeout\":59950,\"margin\":{}}","meta":{"rootId":"q0ysnlm5sjryjun","id":"q0ysnlm5sjryjun"},"id":"7nqc32i109pm0yx","previousOperationId":"0c5ogedz4qsxrzd"}
{"type":"operationEnd","operationId":"0c5ogedz4qsxrzd","timestamp":1705173331938,"id":"yr0as53i4zhbeex","previousEventId":"dx7aqu4bjqbjds5","previousOperationId":"0c5ogedz4qsxrzd"}
{"type":"log","timestamp":1705173331938,"level":"debug","message":"Skipping storing report.","meta":{"rootId":"q0ysnlm5sjryjun","id":"q0ysnlm5sjryjun"},"id":"97u7r64xobgobrl","previousOperationId":"0c5ogedz4qsxrzd"}
{"type":"log","timestamp":1705173331938,"level":"info","message":"Rendering request 9 finished in 377 ms","meta":{"rootId":"q0ysnlm5sjryjun","id":"q0ysnlm5sjryjun"},"id":"wy03iak5zzela7i","previousOperationId":"0c5ogedz4qsxrzd"}
{"type":"operationEnd","subtype":"render","operationId":"cjb9mh6qnpj3r7h","timestamp":1705173331938,"id":"2an5u3zej1ki926","previousEventId":"yr0as53i4zhbeex","previousOperationId":"0c5ogedz4qsxrzd"}
{"type":"operationEnd","doDiffs":false,"previousEventId":"8900isv7l3wc1q7","previousOperationId":"w92ct7g04x73jw4","operationId":"w92ct7g04x73jw4","timestamp":1705173331940,"id":"fjoat3h9o270szv"}
