{"type":"operationStart","subtype":"profile","data":{"_id":"ypcGmRHf9sNxb7kU","timestamp":"2024-01-13T14:11:00.522Z","state":"queued","mode":"standard","creationDate":"2024-01-13T14:11:00.523Z","modificationDate":"2024-01-13T14:11:00.523Z","shortid":"bwSr70b","$entitySet":"profiles"},"doDiffs":false,"timestamp":1705155060523,"id":"rxozdn4jpq9tbd2","previousOperationId":null,"operationId":"nfua16kt2sfdu7n"}
{"type":"log","level":"info","message":"Render request 13 queued for execution and waiting for available worker","previousOperationId":"nfua16kt2sfdu7n","timestamp":1705155060523,"id":"kswy8d2ikmlxm6p"}
{"type":"operationStart","subtype":"render","name":"AveragePunctuation","previousOperationId":"nfua16kt2sfdu7n","timestamp":1705155060529,"id":"hiqdz0duuvagfsi","previousEventId":"rxozdn4jpq9tbd2","operationId":"qageye2xgvc4kj2"}
{"type":"log","timestamp":1705155060529,"level":"info","message":"Starting rendering request 13","meta":{"rootId":"qc9djjr9k4w80dm","id":"qc9djjr9k4w80dm"},"id":"9mopqyq4vl8l4s3","previousOperationId":"qageye2xgvc4kj2"}
{"type":"log","timestamp":1705155060529,"level":"info","message":"Rendering template { name: AveragePunctuation, recipe: chrome-pdf, engine: handlebars, preview: false }","meta":{"rootId":"qc9djjr9k4w80dm","id":"qc9djjr9k4w80dm"},"id":"99t8wk6othzvlhe","previousOperationId":"qageye2xgvc4kj2"}
{"type":"log","timestamp":1705155060529,"level":"debug","message":"Inline data specified.","meta":{"rootId":"qc9djjr9k4w80dm","id":"qc9djjr9k4w80dm"},"id":"rzmm5xppbef8zcm","previousOperationId":"qageye2xgvc4kj2"}
{"type":"log","timestamp":1705155060532,"level":"debug","message":"Executing script AveragePunctuation-script (beforeRender)","meta":{"rootId":"qc9djjr9k4w80dm","id":"qc9djjr9k4w80dm"},"id":"effr1pko8xqciwo","previousOperationId":"qageye2xgvc4kj2"}
{"type":"operationStart","subtype":"scriptsBeforeRender","name":"scripts beforeRender","timestamp":1705155060552,"id":"jgniu6dc45xf1af","previousEventId":"hiqdz0duuvagfsi","operationId":"8voqk4gcxehk7mj","previousOperationId":"qageye2xgvc4kj2"}
{"type":"operationStart","subtype":"script","name":"scripts AveragePunctuation-script","previousOperationId":"8voqk4gcxehk7mj","timestamp":1705155060552,"id":"72oyx975oae4lul","previousEventId":"jgniu6dc45xf1af","operationId":"fe4ihfclgsj09z9"}
{"type":"operationEnd","operationId":"fe4ihfclgsj09z9","timestamp":1705155060565,"id":"hx5bd2dke2rehg5","previousEventId":"hiqdz0duuvagfsi","previousOperationId":"qageye2xgvc4kj2"}
{"type":"operationEnd","operationId":"8voqk4gcxehk7mj","timestamp":1705155060565,"id":"7j5y26p7xekyldf","previousEventId":"hx5bd2dke2rehg5","previousOperationId":"qageye2xgvc4kj2"}
{"type":"log","timestamp":1705155060565,"level":"debug","message":"Base url not specified, skipping its injection.","meta":{"rootId":"qc9djjr9k4w80dm","id":"qc9djjr9k4w80dm"},"id":"vkc3rmgv9qgmk3x","previousOperationId":"8voqk4gcxehk7mj"}
{"type":"operationStart","subtype":"engine","name":"handlebars","timestamp":1705155060565,"id":"n4pgsyiupvmdtlc","previousEventId":"7j5y26p7xekyldf","operationId":"kotzs37yqhiuf3e","previousOperationId":"8voqk4gcxehk7mj"}
{"type":"log","timestamp":1705155060565,"level":"debug","message":"Rendering engine handlebars","meta":{"rootId":"qc9djjr9k4w80dm","id":"qc9djjr9k4w80dm"},"id":"sn6dzolut3hlrm2","previousOperationId":"kotzs37yqhiuf3e"}
{"type":"operationEnd","operationId":"kotzs37yqhiuf3e","timestamp":1705155060577,"id":"ft4gmjqfopt4d3d","previousEventId":"n4pgsyiupvmdtlc","previousOperationId":"kotzs37yqhiuf3e"}
{"type":"operationStart","subtype":"recipe","name":"chrome-pdf","timestamp":1705155060578,"id":"jddtk5lrvxovd8c","previousEventId":"ft4gmjqfopt4d3d","operationId":"83upxzi8lib7tdk","previousOperationId":"kotzs37yqhiuf3e"}
{"type":"log","timestamp":1705155060578,"level":"debug","message":"Executing recipe chrome-pdf","meta":{"rootId":"qc9djjr9k4w80dm","id":"qc9djjr9k4w80dm"},"id":"x9zy806q06qrfdh","previousOperationId":"83upxzi8lib7tdk"}
{"type":"log","timestamp":1705155060580,"level":"debug","message":"Converting with chrome HeadlessChrome/117.0.5938.149 using chrome-pool strategy","meta":{"rootId":"qc9djjr9k4w80dm","id":"qc9djjr9k4w80dm"},"id":"rc1ea6i8fmbtle2","previousOperationId":"83upxzi8lib7tdk"}
{"type":"log","timestamp":1705155060660,"level":"debug","message":"Page request: GET (document) file:///C:/Users/Javier/AppData/Local/Temp/jsreport/autocleanup/fe5cad05-f768-4aa1-a540-15d1f576ec62-chrome-pdf.html","meta":{"rootId":"qc9djjr9k4w80dm","id":"qc9djjr9k4w80dm"},"id":"5awkgea0wr6fi1c","previousOperationId":"83upxzi8lib7tdk"}
{"type":"log","timestamp":1705155060701,"level":"debug","message":"Page request finished: GET (document) 200 file:///C:/Users/Javier/AppData/Local/Temp/jsreport/autocleanup/fe5cad05-f768-4aa1-a540-15d1f576ec62-chrome-pdf.html","meta":{"rootId":"qc9djjr9k4w80dm","id":"qc9djjr9k4w80dm"},"id":"7g0j4fdq1c9bgps","previousOperationId":"83upxzi8lib7tdk"}
{"type":"log","timestamp":1705155060701,"level":"debug","message":"Page request: GET (stylesheet) https://cdnjs.cloudflare.com/ajax/libs/metro/4.1.5/css/metro.min.css","meta":{"rootId":"qc9djjr9k4w80dm","id":"qc9djjr9k4w80dm"},"id":"1wf1gumah3fnwfp","previousOperationId":"83upxzi8lib7tdk"}
{"type":"log","timestamp":1705155060701,"level":"debug","message":"Page request: GET (script) https://cdnjs.cloudflare.com/ajax/libs/Chart.js/2.7.2/Chart.min.js","meta":{"rootId":"qc9djjr9k4w80dm","id":"qc9djjr9k4w80dm"},"id":"4j1lhzv6quvkv03","previousOperationId":"83upxzi8lib7tdk"}
{"type":"log","timestamp":1705155060706,"level":"debug","message":"Page request finished: GET (script) 200 https://cdnjs.cloudflare.com/ajax/libs/Chart.js/2.7.2/Chart.min.js","meta":{"rootId":"qc9djjr9k4w80dm","id":"qc9djjr9k4w80dm"},"id":"pwrvbg182ri3pq5","previousOperationId":"83upxzi8lib7tdk"}
{"type":"log","timestamp":1705155060716,"level":"debug","message":"Page request finished: GET (stylesheet) 200 https://cdnjs.cloudflare.com/ajax/libs/metro/4.1.5/css/metro.min.css","meta":{"rootId":"qc9djjr9k4w80dm","id":"qc9djjr9k4w80dm"},"id":"0a1do0rbjqhd4nc","previousOperationId":"83upxzi8lib7tdk"}
{"type":"log","timestamp":1705155060773,"level":"debug","message":"Running chrome with params {\"printBackground\":true,\"timeout\":59942,\"margin\":{}}","meta":{"rootId":"qc9djjr9k4w80dm","id":"qc9djjr9k4w80dm"},"id":"f39azh20q8m1x6l","previousOperationId":"83upxzi8lib7tdk"}
{"type":"operationEnd","operationId":"83upxzi8lib7tdk","timestamp":1705155060864,"id":"yybex5w5c5mazfp","previousEventId":"jddtk5lrvxovd8c","previousOperationId":"83upxzi8lib7tdk"}
{"type":"log","timestamp":1705155060864,"level":"debug","message":"Skipping storing report.","meta":{"rootId":"qc9djjr9k4w80dm","id":"qc9djjr9k4w80dm"},"id":"jqmoyot0m6l198m","previousOperationId":"83upxzi8lib7tdk"}
{"type":"log","timestamp":1705155060864,"level":"info","message":"Rendering request 13 finished in 342 ms","meta":{"rootId":"qc9djjr9k4w80dm","id":"qc9djjr9k4w80dm"},"id":"8dgxj87qksap5bn","previousOperationId":"83upxzi8lib7tdk"}
{"type":"operationEnd","subtype":"render","operationId":"qageye2xgvc4kj2","timestamp":1705155060864,"id":"vsrjgev4v3s1epx","previousEventId":"yybex5w5c5mazfp","previousOperationId":"83upxzi8lib7tdk"}
{"type":"operationEnd","doDiffs":false,"previousEventId":"rxozdn4jpq9tbd2","previousOperationId":"nfua16kt2sfdu7n","operationId":"nfua16kt2sfdu7n","timestamp":1705155060865,"id":"qtil1a1ur8u30zj"}
