{"type":"operationStart","subtype":"profile","data":{"_id":"2Th3eVhyTn33hg0q","timestamp":"2024-01-13T22:42:59.560Z","state":"queued","mode":"standard","creationDate":"2024-01-13T22:42:59.562Z","modificationDate":"2024-01-13T22:42:59.562Z","shortid":"rvDhqAo","$entitySet":"profiles"},"doDiffs":false,"timestamp":1705185779561,"id":"totsga78joyib5u","previousOperationId":null,"operationId":"bodbomgdcmzbgxn"}
{"type":"log","level":"info","message":"Render request 2 queued for execution and waiting for available worker","previousOperationId":"bodbomgdcmzbgxn","timestamp":1705185779561,"id":"dfxyhdrhvhd27i1"}
{"type":"operationStart","subtype":"render","name":"AveragePunctuation","previousOperationId":"bodbomgdcmzbgxn","timestamp":1705185779568,"id":"j53gfy2cwj8beza","previousEventId":"totsga78joyib5u","operationId":"8s8tvfehvvmh3wd"}
{"type":"log","timestamp":1705185779568,"level":"info","message":"Starting rendering request 2","meta":{"rootId":"qeagvopf6dzlbkd","id":"qeagvopf6dzlbkd"},"id":"cd3wdwbtbbj5uyi","previousOperationId":"8s8tvfehvvmh3wd"}
{"type":"log","timestamp":1705185779569,"level":"info","message":"Rendering template { name: AveragePunctuation, recipe: chrome-pdf, engine: handlebars, preview: false }","meta":{"rootId":"qeagvopf6dzlbkd","id":"qeagvopf6dzlbkd"},"id":"efww6rru8eh068n","previousOperationId":"8s8tvfehvvmh3wd"}
{"type":"log","timestamp":1705185779570,"level":"debug","message":"Inline data specified.","meta":{"rootId":"qeagvopf6dzlbkd","id":"qeagvopf6dzlbkd"},"id":"9jh5u1oskn7w5ks","previousOperationId":"8s8tvfehvvmh3wd"}
{"type":"log","timestamp":1705185779574,"level":"debug","message":"Executing script AveragePunctuation-script (beforeRender)","meta":{"rootId":"qeagvopf6dzlbkd","id":"qeagvopf6dzlbkd"},"id":"esdhk39otsd9sp5","previousOperationId":"8s8tvfehvvmh3wd"}
{"type":"operationStart","subtype":"scriptsBeforeRender","name":"scripts beforeRender","timestamp":1705185779903,"id":"r38lcjoe4mxxo4v","previousEventId":"j53gfy2cwj8beza","operationId":"dfbqakanf88nons","previousOperationId":"8s8tvfehvvmh3wd"}
{"type":"operationStart","subtype":"script","name":"scripts AveragePunctuation-script","previousOperationId":"dfbqakanf88nons","timestamp":1705185779903,"id":"5sao5y4tfvnbkcb","previousEventId":"r38lcjoe4mxxo4v","operationId":"g3f674f7t07woxr"}
{"type":"operationEnd","operationId":"g3f674f7t07woxr","timestamp":1705185779940,"id":"dv8ygxvafcypam5","previousEventId":"j53gfy2cwj8beza","previousOperationId":"8s8tvfehvvmh3wd"}
{"type":"operationEnd","operationId":"dfbqakanf88nons","timestamp":1705185779940,"id":"uqcguod6dvpcrql","previousEventId":"dv8ygxvafcypam5","previousOperationId":"8s8tvfehvvmh3wd"}
{"type":"log","timestamp":1705185779940,"level":"debug","message":"Base url not specified, skipping its injection.","meta":{"rootId":"qeagvopf6dzlbkd","id":"qeagvopf6dzlbkd"},"id":"jq0atz792gmqzzu","previousOperationId":"dfbqakanf88nons"}
{"type":"operationStart","subtype":"engine","name":"handlebars","timestamp":1705185779941,"id":"8mysvvovtpi9nbx","previousEventId":"uqcguod6dvpcrql","operationId":"ouwexp1ve3fucsz","previousOperationId":"dfbqakanf88nons"}
{"type":"log","timestamp":1705185779941,"level":"debug","message":"Rendering engine handlebars","meta":{"rootId":"qeagvopf6dzlbkd","id":"qeagvopf6dzlbkd"},"id":"84ekn7xdsy41uj0","previousOperationId":"ouwexp1ve3fucsz"}
{"type":"operationEnd","operationId":"ouwexp1ve3fucsz","timestamp":1705185780208,"id":"n5welkqje0qpn3f","previousEventId":"8mysvvovtpi9nbx","previousOperationId":"ouwexp1ve3fucsz"}
{"type":"operationStart","subtype":"recipe","name":"chrome-pdf","timestamp":1705185780209,"id":"qco5ulbf1t713br","previousEventId":"n5welkqje0qpn3f","operationId":"6hb3r6dycmgc7rr","previousOperationId":"ouwexp1ve3fucsz"}
{"type":"log","timestamp":1705185780209,"level":"debug","message":"Executing recipe chrome-pdf","meta":{"rootId":"qeagvopf6dzlbkd","id":"qeagvopf6dzlbkd"},"id":"8s0g1e8i5c0h349","previousOperationId":"6hb3r6dycmgc7rr"}
{"type":"log","timestamp":1705185780727,"level":"debug","message":"Converting with chrome HeadlessChrome/117.0.5938.149 using chrome-pool strategy","meta":{"rootId":"qeagvopf6dzlbkd","id":"qeagvopf6dzlbkd"},"id":"46d5j42zsf4vy3n","previousOperationId":"6hb3r6dycmgc7rr"}
{"type":"log","timestamp":1705185780857,"level":"debug","message":"Page request: GET (document) file:///C:/Users/Javier/AppData/Local/Temp/jsreport/autocleanup/9345a095-7711-47d3-a5d4-0af5202b6640-chrome-pdf.html","meta":{"rootId":"qeagvopf6dzlbkd","id":"qeagvopf6dzlbkd"},"id":"vz1er7a6vnrfg2d","previousOperationId":"6hb3r6dycmgc7rr"}
{"type":"log","timestamp":1705185780899,"level":"debug","message":"Page request: GET (stylesheet) https://cdnjs.cloudflare.com/ajax/libs/metro/4.1.5/css/metro.min.css","meta":{"rootId":"qeagvopf6dzlbkd","id":"qeagvopf6dzlbkd"},"id":"8gzs7vt2cw37cam","previousOperationId":"6hb3r6dycmgc7rr"}
{"type":"log","timestamp":1705185780900,"level":"debug","message":"Page request: GET (script) https://cdnjs.cloudflare.com/ajax/libs/Chart.js/2.7.2/Chart.min.js","meta":{"rootId":"qeagvopf6dzlbkd","id":"qeagvopf6dzlbkd"},"id":"vd0q70e9wocqxzp","previousOperationId":"6hb3r6dycmgc7rr"}
{"type":"log","timestamp":1705185780900,"level":"debug","message":"Page request finished: GET (document) 200 file:///C:/Users/Javier/AppData/Local/Temp/jsreport/autocleanup/9345a095-7711-47d3-a5d4-0af5202b6640-chrome-pdf.html","meta":{"rootId":"qeagvopf6dzlbkd","id":"qeagvopf6dzlbkd"},"id":"9icwqnhdj41hfij","previousOperationId":"6hb3r6dycmgc7rr"}
{"type":"log","timestamp":1705185781059,"level":"debug","message":"Page request finished: GET (stylesheet) 200 https://cdnjs.cloudflare.com/ajax/libs/metro/4.1.5/css/metro.min.css","meta":{"rootId":"qeagvopf6dzlbkd","id":"qeagvopf6dzlbkd"},"id":"vg48p7lbh1vlmry","previousOperationId":"6hb3r6dycmgc7rr"}
{"type":"log","timestamp":1705185781059,"level":"debug","message":"Page request finished: GET (script) 200 https://cdnjs.cloudflare.com/ajax/libs/Chart.js/2.7.2/Chart.min.js","meta":{"rootId":"qeagvopf6dzlbkd","id":"qeagvopf6dzlbkd"},"id":"x2skq3yjt7jmke9","previousOperationId":"6hb3r6dycmgc7rr"}
{"type":"log","timestamp":1705185781119,"level":"debug","message":"Running chrome with params {\"printBackground\":true,\"timeout\":59005,\"margin\":{}}","meta":{"rootId":"qeagvopf6dzlbkd","id":"qeagvopf6dzlbkd"},"id":"wdafhe33gxtse6f","previousOperationId":"6hb3r6dycmgc7rr"}
{"type":"operationEnd","operationId":"6hb3r6dycmgc7rr","timestamp":1705185781219,"id":"36zsbr16ufqxh3l","previousEventId":"qco5ulbf1t713br","previousOperationId":"6hb3r6dycmgc7rr"}
{"type":"log","timestamp":1705185781219,"level":"debug","message":"Skipping storing report.","meta":{"rootId":"qeagvopf6dzlbkd","id":"qeagvopf6dzlbkd"},"id":"x5iqk9rw7kphanx","previousOperationId":"6hb3r6dycmgc7rr"}
{"type":"log","timestamp":1705185781219,"level":"info","message":"Rendering request 2 finished in 1659 ms","meta":{"rootId":"qeagvopf6dzlbkd","id":"qeagvopf6dzlbkd"},"id":"jbvgxsxl85u6d51","previousOperationId":"6hb3r6dycmgc7rr"}
{"type":"operationEnd","subtype":"render","operationId":"8s8tvfehvvmh3wd","timestamp":1705185781220,"id":"h51nu78fsjskpn3","previousEventId":"36zsbr16ufqxh3l","previousOperationId":"6hb3r6dycmgc7rr"}
{"type":"operationEnd","doDiffs":false,"previousEventId":"totsga78joyib5u","previousOperationId":"bodbomgdcmzbgxn","operationId":"bodbomgdcmzbgxn","timestamp":1705185781222,"id":"ep7kkflrb99b9bl"}
