{"type":"operationStart","subtype":"profile","data":{"_id":"oawM1ih1AdA0P1ud","timestamp":"2024-01-14T14:38:42.181Z","state":"queued","mode":"standard","creationDate":"2024-01-14T14:38:42.188Z","modificationDate":"2024-01-14T14:38:42.188Z","shortid":"7ts89Ll","$entitySet":"profiles"},"doDiffs":false,"timestamp":1705243122183,"id":"gez9pfznrxvxvlm","previousOperationId":null,"operationId":"nqpklwzdfldsjw6"}
{"type":"log","level":"info","message":"Render request 1 queued for execution and waiting for available worker","previousOperationId":"nqpklwzdfldsjw6","timestamp":1705243122184,"id":"wzajgdn0g4fqbqk"}
{"type":"operationStart","subtype":"render","name":"AveragePunctuation","previousOperationId":"nqpklwzdfldsjw6","timestamp":1705243122238,"id":"i338w8c11rxu2y4","previousEventId":"gez9pfznrxvxvlm","operationId":"c56szhvfiiif0bv"}
{"type":"log","timestamp":1705243122240,"level":"info","message":"Starting rendering request 1","meta":{"rootId":"qj79yy9ls38jp2q","id":"qj79yy9ls38jp2q"},"id":"uwcrl0weg1iy2z5","previousOperationId":"c56szhvfiiif0bv"}
{"type":"log","timestamp":1705243122242,"level":"info","message":"Rendering template { name: AveragePunctuation, recipe: chrome-pdf, engine: handlebars, preview: false }","meta":{"rootId":"qj79yy9ls38jp2q","id":"qj79yy9ls38jp2q"},"id":"4q4h0f3clybue3s","previousOperationId":"c56szhvfiiif0bv"}
{"type":"log","timestamp":1705243122252,"level":"debug","message":"Inline data specified.","meta":{"rootId":"qj79yy9ls38jp2q","id":"qj79yy9ls38jp2q"},"id":"vg6qdldulh9syd6","previousOperationId":"c56szhvfiiif0bv"}
{"type":"log","timestamp":1705243122259,"level":"debug","message":"Executing script AveragePunctuation-script (beforeRender)","meta":{"rootId":"qj79yy9ls38jp2q","id":"qj79yy9ls38jp2q"},"id":"1lz8msyyzq1zz6h","previousOperationId":"c56szhvfiiif0bv"}
{"type":"operationStart","subtype":"scriptsBeforeRender","name":"scripts beforeRender","timestamp":1705243122769,"id":"n3t39qml45ukue8","previousEventId":"i338w8c11rxu2y4","operationId":"au78zn8329tm48u","previousOperationId":"c56szhvfiiif0bv"}
{"type":"operationStart","subtype":"script","name":"scripts AveragePunctuation-script","previousOperationId":"au78zn8329tm48u","timestamp":1705243122769,"id":"9clalgy1532anr7","previousEventId":"n3t39qml45ukue8","operationId":"jska52gy93hkvj0"}
{"type":"operationEnd","operationId":"jska52gy93hkvj0","timestamp":1705243122809,"id":"b5yu698hr33sd25","previousEventId":"i338w8c11rxu2y4","previousOperationId":"c56szhvfiiif0bv"}
{"type":"operationEnd","operationId":"au78zn8329tm48u","timestamp":1705243122809,"id":"8mgim1eme7vnm7o","previousEventId":"b5yu698hr33sd25","previousOperationId":"c56szhvfiiif0bv"}
{"type":"log","timestamp":1705243122809,"level":"debug","message":"Base url not specified, skipping its injection.","meta":{"rootId":"qj79yy9ls38jp2q","id":"qj79yy9ls38jp2q"},"id":"yq87muwo9sk5lsr","previousOperationId":"au78zn8329tm48u"}
{"type":"operationStart","subtype":"engine","name":"handlebars","timestamp":1705243122809,"id":"z21e2hvs58jy2x9","previousEventId":"8mgim1eme7vnm7o","operationId":"9pfff5hnl1k60fr","previousOperationId":"au78zn8329tm48u"}
{"type":"log","timestamp":1705243122809,"level":"debug","message":"Rendering engine handlebars","meta":{"rootId":"qj79yy9ls38jp2q","id":"qj79yy9ls38jp2q"},"id":"lqen4qmbzrkctvn","previousOperationId":"9pfff5hnl1k60fr"}
{"type":"operationEnd","operationId":"9pfff5hnl1k60fr","timestamp":1705243123215,"id":"f0bkf5sg1pdn0c2","previousEventId":"z21e2hvs58jy2x9","previousOperationId":"9pfff5hnl1k60fr"}
{"type":"operationStart","subtype":"recipe","name":"chrome-pdf","timestamp":1705243123216,"id":"ci2zwaobrk0l6ms","previousEventId":"f0bkf5sg1pdn0c2","operationId":"gepwg1ihncm0pog","previousOperationId":"9pfff5hnl1k60fr"}
{"type":"log","timestamp":1705243123216,"level":"debug","message":"Executing recipe chrome-pdf","meta":{"rootId":"qj79yy9ls38jp2q","id":"qj79yy9ls38jp2q"},"id":"6la2qkro1mmx3mw","previousOperationId":"gepwg1ihncm0pog"}
{"type":"log","timestamp":1705243124626,"level":"debug","message":"Converting with chrome HeadlessChrome/117.0.5938.149 using chrome-pool strategy","meta":{"rootId":"qj79yy9ls38jp2q","id":"qj79yy9ls38jp2q"},"id":"3o7xxns28csu0w0","previousOperationId":"gepwg1ihncm0pog"}
{"type":"log","timestamp":1705243125856,"level":"debug","message":"Page request: GET (document) file:///C:/Users/Javier/AppData/Local/Temp/jsreport/autocleanup/0997d5ff-a50f-410f-85f9-64d8cb4f75f6-chrome-pdf.html","meta":{"rootId":"qj79yy9ls38jp2q","id":"qj79yy9ls38jp2q"},"id":"0skawwbi6nle6h8","previousOperationId":"gepwg1ihncm0pog"}
{"type":"log","timestamp":1705243125894,"level":"debug","message":"Page request: GET (stylesheet) https://cdnjs.cloudflare.com/ajax/libs/metro/4.1.5/css/metro.min.css","meta":{"rootId":"qj79yy9ls38jp2q","id":"qj79yy9ls38jp2q"},"id":"ty87ubjcn5qsms4","previousOperationId":"gepwg1ihncm0pog"}
{"type":"log","timestamp":1705243125894,"level":"debug","message":"Page request: GET (script) https://cdnjs.cloudflare.com/ajax/libs/Chart.js/2.7.2/Chart.min.js","meta":{"rootId":"qj79yy9ls38jp2q","id":"qj79yy9ls38jp2q"},"id":"amwm1vyukd1jj46","previousOperationId":"gepwg1ihncm0pog"}
{"type":"log","timestamp":1705243125895,"level":"debug","message":"Page request finished: GET (document) 200 file:///C:/Users/Javier/AppData/Local/Temp/jsreport/autocleanup/0997d5ff-a50f-410f-85f9-64d8cb4f75f6-chrome-pdf.html","meta":{"rootId":"qj79yy9ls38jp2q","id":"qj79yy9ls38jp2q"},"id":"ne4u17dm9wbgba8","previousOperationId":"gepwg1ihncm0pog"}
{"type":"log","timestamp":1705243126095,"level":"debug","message":"Page request finished: GET (script) 200 https://cdnjs.cloudflare.com/ajax/libs/Chart.js/2.7.2/Chart.min.js","meta":{"rootId":"qj79yy9ls38jp2q","id":"qj79yy9ls38jp2q"},"id":"1310j1j8vxjk3s2","previousOperationId":"gepwg1ihncm0pog"}
{"type":"log","timestamp":1705243126120,"level":"debug","message":"Page request finished: GET (stylesheet) 200 https://cdnjs.cloudflare.com/ajax/libs/metro/4.1.5/css/metro.min.css","meta":{"rootId":"qj79yy9ls38jp2q","id":"qj79yy9ls38jp2q"},"id":"ut7xxci49whlipe","previousOperationId":"gepwg1ihncm0pog"}
{"type":"log","timestamp":1705243126207,"level":"debug","message":"Running chrome with params {\"printBackground\":true,\"timeout\":58609,\"margin\":{}}","meta":{"rootId":"qj79yy9ls38jp2q","id":"qj79yy9ls38jp2q"},"id":"76ebfac32d1va5o","previousOperationId":"gepwg1ihncm0pog"}
{"type":"operationEnd","operationId":"gepwg1ihncm0pog","timestamp":1705243126355,"id":"yeoq9rom6ai0fpl","previousEventId":"ci2zwaobrk0l6ms","previousOperationId":"gepwg1ihncm0pog"}
{"type":"log","timestamp":1705243126357,"level":"debug","message":"Skipping storing report.","meta":{"rootId":"qj79yy9ls38jp2q","id":"qj79yy9ls38jp2q"},"id":"2bmzwaf3e2gx6ol","previousOperationId":"gepwg1ihncm0pog"}
{"type":"log","timestamp":1705243126357,"level":"info","message":"Rendering request 1 finished in 4178 ms","meta":{"rootId":"qj79yy9ls38jp2q","id":"qj79yy9ls38jp2q"},"id":"tqtcmzyh7wgazxy","previousOperationId":"gepwg1ihncm0pog"}
{"type":"operationEnd","subtype":"render","operationId":"c56szhvfiiif0bv","timestamp":1705243126357,"id":"31kose7ubh1h9gw","previousEventId":"yeoq9rom6ai0fpl","previousOperationId":"gepwg1ihncm0pog"}
{"type":"operationEnd","doDiffs":false,"previousEventId":"gez9pfznrxvxvlm","previousOperationId":"nqpklwzdfldsjw6","operationId":"nqpklwzdfldsjw6","timestamp":1705243126361,"id":"6qvp7s79upetfpn"}
