{"type":"operationStart","subtype":"profile","data":{"_id":"FyiB4BvPi4qws49f","timestamp":"2024-01-13T14:31:23.405Z","state":"queued","mode":"standard","creationDate":"2024-01-13T14:31:23.406Z","modificationDate":"2024-01-13T14:31:23.406Z","shortid":"t_gONeb","$entitySet":"profiles"},"doDiffs":false,"timestamp":1705156283406,"id":"wv8zlc3gzhgso3v","previousOperationId":null,"operationId":"9ewfovrsimc7kzh"}
{"type":"log","level":"info","message":"Render request 50 queued for execution and waiting for available worker","previousOperationId":"9ewfovrsimc7kzh","timestamp":1705156283406,"id":"mwr9tqqjz0jk4d4"}
{"type":"operationStart","subtype":"render","name":"AveragePunctuation","previousOperationId":"9ewfovrsimc7kzh","timestamp":1705156283410,"id":"r2rp2genas67ccf","previousEventId":"wv8zlc3gzhgso3v","operationId":"7fmvk6brjy28g4x"}
{"type":"log","timestamp":1705156283411,"level":"info","message":"Starting rendering request 50","meta":{"rootId":"qr7sxh6jgjejp6x","id":"qr7sxh6jgjejp6x"},"id":"wowqz8b7xct5d4d","previousOperationId":"7fmvk6brjy28g4x"}
{"type":"log","timestamp":1705156283411,"level":"info","message":"Rendering template { name: AveragePunctuation, recipe: chrome-pdf, engine: handlebars, preview: false }","meta":{"rootId":"qr7sxh6jgjejp6x","id":"qr7sxh6jgjejp6x"},"id":"p7mq6kytjjaw41r","previousOperationId":"7fmvk6brjy28g4x"}
{"type":"log","timestamp":1705156283412,"level":"debug","message":"Inline data specified.","meta":{"rootId":"qr7sxh6jgjejp6x","id":"qr7sxh6jgjejp6x"},"id":"chiwmqsb2jct1oy","previousOperationId":"7fmvk6brjy28g4x"}
{"type":"log","timestamp":1705156283413,"level":"debug","message":"Executing script AveragePunctuation-script (beforeRender)","meta":{"rootId":"qr7sxh6jgjejp6x","id":"qr7sxh6jgjejp6x"},"id":"079dacuyei1jwm1","previousOperationId":"7fmvk6brjy28g4x"}
{"type":"operationStart","subtype":"scriptsBeforeRender","name":"scripts beforeRender","timestamp":1705156283425,"id":"7wb15ab6ce69lxm","previousEventId":"r2rp2genas67ccf","operationId":"pp13gfisv435l6h","previousOperationId":"7fmvk6brjy28g4x"}
{"type":"operationStart","subtype":"script","name":"scripts AveragePunctuation-script","previousOperationId":"pp13gfisv435l6h","timestamp":1705156283425,"id":"0xtwfbqvpwmnyjq","previousEventId":"7wb15ab6ce69lxm","operationId":"uvi3dvavo0ndhy7"}
{"type":"operationEnd","operationId":"uvi3dvavo0ndhy7","timestamp":1705156283433,"id":"ram8gim39ss5j8o","previousEventId":"r2rp2genas67ccf","previousOperationId":"7fmvk6brjy28g4x"}
{"type":"operationEnd","operationId":"pp13gfisv435l6h","timestamp":1705156283433,"id":"tle6pe5b2boe94e","previousEventId":"ram8gim39ss5j8o","previousOperationId":"7fmvk6brjy28g4x"}
{"type":"log","timestamp":1705156283433,"level":"debug","message":"Base url not specified, skipping its injection.","meta":{"rootId":"qr7sxh6jgjejp6x","id":"qr7sxh6jgjejp6x"},"id":"qdbqvvukduooxpd","previousOperationId":"pp13gfisv435l6h"}
{"type":"operationStart","subtype":"engine","name":"handlebars","timestamp":1705156283433,"id":"7r2li3rbxrdoku7","previousEventId":"tle6pe5b2boe94e","operationId":"utzqqi6uu23gnkf","previousOperationId":"pp13gfisv435l6h"}
{"type":"log","timestamp":1705156283433,"level":"debug","message":"Rendering engine handlebars","meta":{"rootId":"qr7sxh6jgjejp6x","id":"qr7sxh6jgjejp6x"},"id":"h0nt06ttb8srw37","previousOperationId":"utzqqi6uu23gnkf"}
{"type":"operationEnd","operationId":"utzqqi6uu23gnkf","timestamp":1705156283441,"id":"8bnvlcfi1qi9yta","previousEventId":"7r2li3rbxrdoku7","previousOperationId":"utzqqi6uu23gnkf"}
{"type":"operationStart","subtype":"recipe","name":"chrome-pdf","timestamp":1705156283441,"id":"7bqfsixcf89uv99","previousEventId":"8bnvlcfi1qi9yta","operationId":"hv5ar36s4bhjcjf","previousOperationId":"utzqqi6uu23gnkf"}
{"type":"log","timestamp":1705156283441,"level":"debug","message":"Executing recipe chrome-pdf","meta":{"rootId":"qr7sxh6jgjejp6x","id":"qr7sxh6jgjejp6x"},"id":"8wcofx2yp5iu619","previousOperationId":"hv5ar36s4bhjcjf"}
{"type":"log","timestamp":1705156283443,"level":"debug","message":"Converting with chrome HeadlessChrome/117.0.5938.149 using chrome-pool strategy","meta":{"rootId":"qr7sxh6jgjejp6x","id":"qr7sxh6jgjejp6x"},"id":"4b50mmsrgto9mvp","previousOperationId":"hv5ar36s4bhjcjf"}
{"type":"log","timestamp":1705156283507,"level":"debug","message":"Page request: GET (document) file:///C:/Users/Javier/AppData/Local/Temp/jsreport/autocleanup/aa860954-fd09-46a9-991c-e62147a27b8e-chrome-pdf.html","meta":{"rootId":"qr7sxh6jgjejp6x","id":"qr7sxh6jgjejp6x"},"id":"vazu82vjxgimc2t","previousOperationId":"hv5ar36s4bhjcjf"}
{"type":"log","timestamp":1705156283544,"level":"debug","message":"Page request: GET (stylesheet) https://cdnjs.cloudflare.com/ajax/libs/metro/4.1.5/css/metro.min.css","meta":{"rootId":"qr7sxh6jgjejp6x","id":"qr7sxh6jgjejp6x"},"id":"i0r880fqisawkp1","previousOperationId":"hv5ar36s4bhjcjf"}
{"type":"log","timestamp":1705156283544,"level":"debug","message":"Page request: GET (script) https://cdnjs.cloudflare.com/ajax/libs/Chart.js/2.7.2/Chart.min.js","meta":{"rootId":"qr7sxh6jgjejp6x","id":"qr7sxh6jgjejp6x"},"id":"1sjvxfrczmq2of4","previousOperationId":"hv5ar36s4bhjcjf"}
{"type":"log","timestamp":1705156283544,"level":"debug","message":"Page request finished: GET (document) 200 file:///C:/Users/Javier/AppData/Local/Temp/jsreport/autocleanup/aa860954-fd09-46a9-991c-e62147a27b8e-chrome-pdf.html","meta":{"rootId":"qr7sxh6jgjejp6x","id":"qr7sxh6jgjejp6x"},"id":"9xu2uahdryvrynu","previousOperationId":"hv5ar36s4bhjcjf"}
{"type":"log","timestamp":1705156283548,"level":"debug","message":"Page request finished: GET (script) 200 https://cdnjs.cloudflare.com/ajax/libs/Chart.js/2.7.2/Chart.min.js","meta":{"rootId":"qr7sxh6jgjejp6x","id":"qr7sxh6jgjejp6x"},"id":"rjatcwiuhcnwbt9","previousOperationId":"hv5ar36s4bhjcjf"}
{"type":"log","timestamp":1705156283558,"level":"debug","message":"Page request finished: GET (stylesheet) 200 https://cdnjs.cloudflare.com/ajax/libs/metro/4.1.5/css/metro.min.css","meta":{"rootId":"qr7sxh6jgjejp6x","id":"qr7sxh6jgjejp6x"},"id":"ou756y7ssr4uo1b","previousOperationId":"hv5ar36s4bhjcjf"}
{"type":"log","timestamp":1705156283613,"level":"debug","message":"Running chrome with params {\"printBackground\":true,\"timeout\":59963,\"margin\":{}}","meta":{"rootId":"qr7sxh6jgjejp6x","id":"qr7sxh6jgjejp6x"},"id":"rk9gy4zpg3v6zt6","previousOperationId":"hv5ar36s4bhjcjf"}
{"type":"operationEnd","operationId":"hv5ar36s4bhjcjf","timestamp":1705156283708,"id":"w1xjbgff50e0k0a","previousEventId":"7bqfsixcf89uv99","previousOperationId":"hv5ar36s4bhjcjf"}
{"type":"log","timestamp":1705156283708,"level":"debug","message":"Skipping storing report.","meta":{"rootId":"qr7sxh6jgjejp6x","id":"qr7sxh6jgjejp6x"},"id":"qk7dzis5yvs9rh2","previousOperationId":"hv5ar36s4bhjcjf"}
{"type":"log","timestamp":1705156283709,"level":"info","message":"Rendering request 50 finished in 304 ms","meta":{"rootId":"qr7sxh6jgjejp6x","id":"qr7sxh6jgjejp6x"},"id":"6azyz718uvyakw4","previousOperationId":"hv5ar36s4bhjcjf"}
{"type":"operationEnd","subtype":"render","operationId":"7fmvk6brjy28g4x","timestamp":1705156283709,"id":"eo97tkyyrp8z7p1","previousEventId":"w1xjbgff50e0k0a","previousOperationId":"hv5ar36s4bhjcjf"}
{"type":"operationEnd","doDiffs":false,"previousEventId":"wv8zlc3gzhgso3v","previousOperationId":"9ewfovrsimc7kzh","operationId":"9ewfovrsimc7kzh","timestamp":1705156283710,"id":"fvzkbx90txn5e4x"}
