{"type":"operationStart","subtype":"profile","data":{"_id":"UcahrPXwiFoSHqjA","timestamp":"2024-01-13T19:09:30.387Z","state":"queued","mode":"standard","creationDate":"2024-01-13T19:09:30.389Z","modificationDate":"2024-01-13T19:09:30.389Z","shortid":"9G9VDrb","$entitySet":"profiles"},"doDiffs":false,"timestamp":1705172970388,"id":"hgfbtkavhbocd30","previousOperationId":null,"operationId":"e8dvk5cdormmijx"}
{"type":"log","level":"info","message":"Render request 7 queued for execution and waiting for available worker","previousOperationId":"e8dvk5cdormmijx","timestamp":1705172970388,"id":"w7rgxdxs3x04ctt"}
{"type":"operationStart","subtype":"render","name":"AveragePunctuation","previousOperationId":"e8dvk5cdormmijx","timestamp":1705172970394,"id":"c679yejb91kqtpc","previousEventId":"hgfbtkavhbocd30","operationId":"ag7nnglc750yh8c"}
{"type":"log","timestamp":1705172970394,"level":"info","message":"Starting rendering request 7","meta":{"rootId":"qz03d8w2n0kzt1u","id":"qz03d8w2n0kzt1u"},"id":"dh6euzyvd7icwjv","previousOperationId":"ag7nnglc750yh8c"}
{"type":"log","timestamp":1705172970395,"level":"info","message":"Rendering template { name: AveragePunctuation, recipe: chrome-pdf, engine: handlebars, preview: false }","meta":{"rootId":"qz03d8w2n0kzt1u","id":"qz03d8w2n0kzt1u"},"id":"myrkkw766iq91tx","previousOperationId":"ag7nnglc750yh8c"}
{"type":"log","timestamp":1705172970395,"level":"debug","message":"Inline data specified.","meta":{"rootId":"qz03d8w2n0kzt1u","id":"qz03d8w2n0kzt1u"},"id":"nqnug2uqruphorx","previousOperationId":"ag7nnglc750yh8c"}
{"type":"log","timestamp":1705172970398,"level":"debug","message":"Executing script AveragePunctuation-script (beforeRender)","meta":{"rootId":"qz03d8w2n0kzt1u","id":"qz03d8w2n0kzt1u"},"id":"60h30v9hko4yhv3","previousOperationId":"ag7nnglc750yh8c"}
{"type":"operationStart","subtype":"scriptsBeforeRender","name":"scripts beforeRender","timestamp":1705172970417,"id":"xjyetld2bfn7q6n","previousEventId":"c679yejb91kqtpc","operationId":"7ircj5lfhgk5h5w","previousOperationId":"ag7nnglc750yh8c"}
{"type":"operationStart","subtype":"script","name":"scripts AveragePunctuation-script","previousOperationId":"7ircj5lfhgk5h5w","timestamp":1705172970417,"id":"mgpewc5vvax8mfv","previousEventId":"xjyetld2bfn7q6n","operationId":"jtx83al6xsti52f"}
{"type":"operationEnd","operationId":"jtx83al6xsti52f","timestamp":1705172970433,"id":"s29iawp4tt1j4o3","previousEventId":"c679yejb91kqtpc","previousOperationId":"ag7nnglc750yh8c"}
{"type":"operationEnd","operationId":"7ircj5lfhgk5h5w","timestamp":1705172970433,"id":"363iizs03uhgauf","previousEventId":"s29iawp4tt1j4o3","previousOperationId":"ag7nnglc750yh8c"}
{"type":"log","timestamp":1705172970433,"level":"debug","message":"Base url not specified, skipping its injection.","meta":{"rootId":"qz03d8w2n0kzt1u","id":"qz03d8w2n0kzt1u"},"id":"0t4c7fvmanagt18","previousOperationId":"7ircj5lfhgk5h5w"}
{"type":"operationStart","subtype":"engine","name":"handlebars","timestamp":1705172970433,"id":"5ynnglerfo7ql9l","previousEventId":"363iizs03uhgauf","operationId":"gbd11oghui9g5vj","previousOperationId":"7ircj5lfhgk5h5w"}
{"type":"log","timestamp":1705172970433,"level":"debug","message":"Rendering engine handlebars","meta":{"rootId":"qz03d8w2n0kzt1u","id":"qz03d8w2n0kzt1u"},"id":"wuvx9e4dy9jtp1p","previousOperationId":"gbd11oghui9g5vj"}
{"type":"operationEnd","operationId":"gbd11oghui9g5vj","timestamp":1705172970442,"id":"dgxrsinq7dh7neq","previousEventId":"5ynnglerfo7ql9l","previousOperationId":"gbd11oghui9g5vj"}
{"type":"operationStart","subtype":"recipe","name":"chrome-pdf","timestamp":1705172970443,"id":"eq7ge5wc64u0n1t","previousEventId":"dgxrsinq7dh7neq","operationId":"mize2ty44pkc0k4","previousOperationId":"gbd11oghui9g5vj"}
{"type":"log","timestamp":1705172970443,"level":"debug","message":"Executing recipe chrome-pdf","meta":{"rootId":"qz03d8w2n0kzt1u","id":"qz03d8w2n0kzt1u"},"id":"3qhu6os3qdggmxv","previousOperationId":"mize2ty44pkc0k4"}
{"type":"log","timestamp":1705172970447,"level":"debug","message":"Converting with chrome HeadlessChrome/117.0.5938.149 using chrome-pool strategy","meta":{"rootId":"qz03d8w2n0kzt1u","id":"qz03d8w2n0kzt1u"},"id":"y3quf3bdv1gvioc","previousOperationId":"mize2ty44pkc0k4"}
{"type":"log","timestamp":1705172970546,"level":"debug","message":"Page request: GET (document) file:///C:/Users/Javier/AppData/Local/Temp/jsreport/autocleanup/a89e513c-10f0-428f-aaaa-2d01a0f5800d-chrome-pdf.html","meta":{"rootId":"qz03d8w2n0kzt1u","id":"qz03d8w2n0kzt1u"},"id":"63qduetvu127c2k","previousOperationId":"mize2ty44pkc0k4"}
{"type":"log","timestamp":1705172970595,"level":"debug","message":"Page request: GET (stylesheet) https://cdnjs.cloudflare.com/ajax/libs/metro/4.1.5/css/metro.min.css","meta":{"rootId":"qz03d8w2n0kzt1u","id":"qz03d8w2n0kzt1u"},"id":"2k9s0mukyuo64lb","previousOperationId":"mize2ty44pkc0k4"}
{"type":"log","timestamp":1705172970595,"level":"debug","message":"Page request: GET (script) https://cdnjs.cloudflare.com/ajax/libs/Chart.js/2.7.2/Chart.min.js","meta":{"rootId":"qz03d8w2n0kzt1u","id":"qz03d8w2n0kzt1u"},"id":"yd0szfigmbx6cdc","previousOperationId":"mize2ty44pkc0k4"}
{"type":"log","timestamp":1705172970596,"level":"debug","message":"Page request finished: GET (document) 200 file:///C:/Users/Javier/AppData/Local/Temp/jsreport/autocleanup/a89e513c-10f0-428f-aaaa-2d01a0f5800d-chrome-pdf.html","meta":{"rootId":"qz03d8w2n0kzt1u","id":"qz03d8w2n0kzt1u"},"id":"hwte9i84g632b8a","previousOperationId":"mize2ty44pkc0k4"}
{"type":"log","timestamp":1705172970602,"level":"debug","message":"Page request finished: GET (script) 200 https://cdnjs.cloudflare.com/ajax/libs/Chart.js/2.7.2/Chart.min.js","meta":{"rootId":"qz03d8w2n0kzt1u","id":"qz03d8w2n0kzt1u"},"id":"o9an3h5y6jtvt2p","previousOperationId":"mize2ty44pkc0k4"}
{"type":"log","timestamp":1705172970613,"level":"debug","message":"Page request finished: GET (stylesheet) 200 https://cdnjs.cloudflare.com/ajax/libs/metro/4.1.5/css/metro.min.css","meta":{"rootId":"qz03d8w2n0kzt1u","id":"qz03d8w2n0kzt1u"},"id":"6rilx7gcwae6tk2","previousOperationId":"mize2ty44pkc0k4"}
{"type":"log","timestamp":1705172970675,"level":"debug","message":"Running chrome with params {\"printBackground\":true,\"timeout\":59942,\"margin\":{}}","meta":{"rootId":"qz03d8w2n0kzt1u","id":"qz03d8w2n0kzt1u"},"id":"jsj4f869qc66t6l","previousOperationId":"mize2ty44pkc0k4"}
{"type":"operationEnd","operationId":"mize2ty44pkc0k4","timestamp":1705172970774,"id":"6p1khbf0kcdx44y","previousEventId":"eq7ge5wc64u0n1t","previousOperationId":"mize2ty44pkc0k4"}
{"type":"log","timestamp":1705172970774,"level":"debug","message":"Skipping storing report.","meta":{"rootId":"qz03d8w2n0kzt1u","id":"qz03d8w2n0kzt1u"},"id":"he324xxrqjuyunw","previousOperationId":"mize2ty44pkc0k4"}
{"type":"log","timestamp":1705172970774,"level":"info","message":"Rendering request 7 finished in 387 ms","meta":{"rootId":"qz03d8w2n0kzt1u","id":"qz03d8w2n0kzt1u"},"id":"sq9con8niz5ut4w","previousOperationId":"mize2ty44pkc0k4"}
{"type":"operationEnd","subtype":"render","operationId":"ag7nnglc750yh8c","timestamp":1705172970775,"id":"rqz522gnl0e5pyf","previousEventId":"6p1khbf0kcdx44y","previousOperationId":"mize2ty44pkc0k4"}
{"type":"operationEnd","doDiffs":false,"previousEventId":"hgfbtkavhbocd30","previousOperationId":"e8dvk5cdormmijx","operationId":"e8dvk5cdormmijx","timestamp":1705172970776,"id":"hnckvfma8kduh1y"}
