{"type":"operationStart","subtype":"profile","data":{"_id":"7owBQs0LKJezWysv","timestamp":"2024-01-13T14:20:28.024Z","state":"queued","mode":"standard","creationDate":"2024-01-13T14:20:28.025Z","modificationDate":"2024-01-13T14:20:28.025Z","shortid":"v7rys7N","$entitySet":"profiles"},"doDiffs":false,"timestamp":1705155628024,"id":"wx2sw32j89jblxt","previousOperationId":null,"operationId":"1seqr0674sefctn"}
{"type":"log","level":"info","message":"Render request 20 queued for execution and waiting for available worker","previousOperationId":"1seqr0674sefctn","timestamp":1705155628024,"id":"77k4hoe3yx62ir7"}
{"type":"operationStart","subtype":"render","name":"AveragePunctuation","previousOperationId":"1seqr0674sefctn","timestamp":1705155628029,"id":"j7zqxx62b92w1h2","previousEventId":"wx2sw32j89jblxt","operationId":"aioketlvzslo0io"}
{"type":"log","timestamp":1705155628029,"level":"info","message":"Starting rendering request 20","meta":{"rootId":"rpyon3yy2od28t6","id":"rpyon3yy2od28t6"},"id":"lbu93e95tc5ry0g","previousOperationId":"aioketlvzslo0io"}
{"type":"log","timestamp":1705155628029,"level":"info","message":"Rendering template { name: AveragePunctuation, recipe: chrome-pdf, engine: handlebars, preview: false }","meta":{"rootId":"rpyon3yy2od28t6","id":"rpyon3yy2od28t6"},"id":"lmjjt9td4si5fjl","previousOperationId":"aioketlvzslo0io"}
{"type":"log","timestamp":1705155628031,"level":"debug","message":"Inline data specified.","meta":{"rootId":"rpyon3yy2od28t6","id":"rpyon3yy2od28t6"},"id":"tb83z761lg6pkg4","previousOperationId":"aioketlvzslo0io"}
{"type":"log","timestamp":1705155628033,"level":"debug","message":"Executing script AveragePunctuation-script (beforeRender)","meta":{"rootId":"rpyon3yy2od28t6","id":"rpyon3yy2od28t6"},"id":"998240jvn2hj82i","previousOperationId":"aioketlvzslo0io"}
{"type":"operationStart","subtype":"scriptsBeforeRender","name":"scripts beforeRender","timestamp":1705155628046,"id":"sh1k74j9ntyw4nv","previousEventId":"j7zqxx62b92w1h2","operationId":"0s3x1g3u8kaisuq","previousOperationId":"aioketlvzslo0io"}
{"type":"operationStart","subtype":"script","name":"scripts AveragePunctuation-script","previousOperationId":"0s3x1g3u8kaisuq","timestamp":1705155628046,"id":"5xh7tal7vov4q63","previousEventId":"sh1k74j9ntyw4nv","operationId":"9vqhk8r6vab3prs"}
{"type":"operationEnd","operationId":"9vqhk8r6vab3prs","timestamp":1705155628057,"id":"xfx0nmxw1cffe00","previousEventId":"j7zqxx62b92w1h2","previousOperationId":"aioketlvzslo0io"}
{"type":"operationEnd","operationId":"0s3x1g3u8kaisuq","timestamp":1705155628057,"id":"uomum2fxjkc3y8b","previousEventId":"xfx0nmxw1cffe00","previousOperationId":"aioketlvzslo0io"}
{"type":"log","timestamp":1705155628057,"level":"debug","message":"Base url not specified, skipping its injection.","meta":{"rootId":"rpyon3yy2od28t6","id":"rpyon3yy2od28t6"},"id":"d8gf5v3bf1s1g4g","previousOperationId":"0s3x1g3u8kaisuq"}
{"type":"operationStart","subtype":"engine","name":"handlebars","timestamp":1705155628057,"id":"h4dj2yut8s2tsjy","previousEventId":"uomum2fxjkc3y8b","operationId":"u3bjqwaoqzk6nz8","previousOperationId":"0s3x1g3u8kaisuq"}
{"type":"log","timestamp":1705155628057,"level":"debug","message":"Rendering engine handlebars","meta":{"rootId":"rpyon3yy2od28t6","id":"rpyon3yy2od28t6"},"id":"oo4cgl20o3mwv26","previousOperationId":"u3bjqwaoqzk6nz8"}
{"type":"operationEnd","operationId":"u3bjqwaoqzk6nz8","timestamp":1705155628067,"id":"65c0oon74mj878q","previousEventId":"h4dj2yut8s2tsjy","previousOperationId":"u3bjqwaoqzk6nz8"}
{"type":"operationStart","subtype":"recipe","name":"chrome-pdf","timestamp":1705155628067,"id":"j83t0uglekksqqn","previousEventId":"65c0oon74mj878q","operationId":"8nomfccuip3i8mc","previousOperationId":"u3bjqwaoqzk6nz8"}
{"type":"log","timestamp":1705155628067,"level":"debug","message":"Executing recipe chrome-pdf","meta":{"rootId":"rpyon3yy2od28t6","id":"rpyon3yy2od28t6"},"id":"1liiuqrzss5du7b","previousOperationId":"8nomfccuip3i8mc"}
{"type":"log","timestamp":1705155628069,"level":"debug","message":"Converting with chrome HeadlessChrome/117.0.5938.149 using chrome-pool strategy","meta":{"rootId":"rpyon3yy2od28t6","id":"rpyon3yy2od28t6"},"id":"bjs6zqs5nku0c82","previousOperationId":"8nomfccuip3i8mc"}
{"type":"log","timestamp":1705155628145,"level":"debug","message":"Page request: GET (document) file:///C:/Users/Javier/AppData/Local/Temp/jsreport/autocleanup/bc106fd1-eb34-4385-8208-59f6ea443392-chrome-pdf.html","meta":{"rootId":"rpyon3yy2od28t6","id":"rpyon3yy2od28t6"},"id":"tsimkf0o6gkj8ug","previousOperationId":"8nomfccuip3i8mc"}
{"type":"log","timestamp":1705155628190,"level":"debug","message":"Page request: GET (stylesheet) https://cdnjs.cloudflare.com/ajax/libs/metro/4.1.5/css/metro.min.css","meta":{"rootId":"rpyon3yy2od28t6","id":"rpyon3yy2od28t6"},"id":"pn7wionv8gktw4c","previousOperationId":"8nomfccuip3i8mc"}
{"type":"log","timestamp":1705155628191,"level":"debug","message":"Page request finished: GET (document) 200 file:///C:/Users/Javier/AppData/Local/Temp/jsreport/autocleanup/bc106fd1-eb34-4385-8208-59f6ea443392-chrome-pdf.html","meta":{"rootId":"rpyon3yy2od28t6","id":"rpyon3yy2od28t6"},"id":"w0x5vlyxchgvde2","previousOperationId":"8nomfccuip3i8mc"}
{"type":"log","timestamp":1705155628191,"level":"debug","message":"Page request: GET (script) https://cdnjs.cloudflare.com/ajax/libs/Chart.js/2.7.2/Chart.min.js","meta":{"rootId":"rpyon3yy2od28t6","id":"rpyon3yy2od28t6"},"id":"t1hkdvdc7i5ksl5","previousOperationId":"8nomfccuip3i8mc"}
{"type":"log","timestamp":1705155628205,"level":"debug","message":"Page request finished: GET (stylesheet) 200 https://cdnjs.cloudflare.com/ajax/libs/metro/4.1.5/css/metro.min.css","meta":{"rootId":"rpyon3yy2od28t6","id":"rpyon3yy2od28t6"},"id":"r5e3565ew2wunu8","previousOperationId":"8nomfccuip3i8mc"}
{"type":"log","timestamp":1705155628205,"level":"debug","message":"Page request finished: GET (script) 200 https://cdnjs.cloudflare.com/ajax/libs/Chart.js/2.7.2/Chart.min.js","meta":{"rootId":"rpyon3yy2od28t6","id":"rpyon3yy2od28t6"},"id":"raikxqjky1zvspl","previousOperationId":"8nomfccuip3i8mc"}
{"type":"log","timestamp":1705155628265,"level":"debug","message":"Running chrome with params {\"printBackground\":true,\"timeout\":59955,\"margin\":{}}","meta":{"rootId":"rpyon3yy2od28t6","id":"rpyon3yy2od28t6"},"id":"eadh2nyrfp38hic","previousOperationId":"8nomfccuip3i8mc"}
{"type":"operationEnd","operationId":"8nomfccuip3i8mc","timestamp":1705155628358,"id":"aulxfo52muy3us1","previousEventId":"j83t0uglekksqqn","previousOperationId":"8nomfccuip3i8mc"}
{"type":"log","timestamp":1705155628358,"level":"debug","message":"Skipping storing report.","meta":{"rootId":"rpyon3yy2od28t6","id":"rpyon3yy2od28t6"},"id":"m3fwjpy4hnbl0wo","previousOperationId":"8nomfccuip3i8mc"}
{"type":"log","timestamp":1705155628358,"level":"info","message":"Rendering request 20 finished in 335 ms","meta":{"rootId":"rpyon3yy2od28t6","id":"rpyon3yy2od28t6"},"id":"712wretebuawftt","previousOperationId":"8nomfccuip3i8mc"}
{"type":"operationEnd","subtype":"render","operationId":"aioketlvzslo0io","timestamp":1705155628358,"id":"hhp6a1ochojjdi3","previousEventId":"aulxfo52muy3us1","previousOperationId":"8nomfccuip3i8mc"}
{"type":"operationEnd","doDiffs":false,"previousEventId":"wx2sw32j89jblxt","previousOperationId":"1seqr0674sefctn","operationId":"1seqr0674sefctn","timestamp":1705155628360,"id":"e2ak6366hzhjw4p"}
