{"type":"operationStart","subtype":"profile","data":{"_id":"ECWZfydD3O77pzEw","timestamp":"2024-01-11T19:20:14.467Z","state":"queued","mode":"standard","creationDate":"2024-01-11T19:20:14.468Z","modificationDate":"2024-01-11T19:20:14.468Z","shortid":"OSTy_fw","$entitySet":"profiles"},"doDiffs":false,"timestamp":1705000814468,"id":"n87t179jslavuuz","previousOperationId":null,"operationId":"mv259akcseb2t36"}
{"type":"log","level":"info","message":"Render request 8 queued for execution and waiting for available worker","previousOperationId":"mv259akcseb2t36","timestamp":1705000814468,"id":"97f88h41ytfmvuz"}
{"type":"operationStart","subtype":"render","name":"AveragePunctuation","previousOperationId":"mv259akcseb2t36","timestamp":1705000829440,"id":"3gg15jz8qohcekp","previousEventId":"n87t179jslavuuz","operationId":"m28t2o5brb0acj2"}
{"type":"log","timestamp":1705000829440,"level":"info","message":"Starting rendering request 8","meta":{"rootId":"s0aldzjtk2m6tae","id":"s0aldzjtk2m6tae"},"id":"lg7ixk018e7rext","previousOperationId":"m28t2o5brb0acj2"}
{"type":"log","timestamp":1705000829440,"level":"info","message":"Rendering template { name: AveragePunctuation, recipe: chrome-pdf, engine: handlebars, preview: false }","meta":{"rootId":"s0aldzjtk2m6tae","id":"s0aldzjtk2m6tae"},"id":"tnu4yp4501haxbi","previousOperationId":"m28t2o5brb0acj2"}
{"type":"log","timestamp":1705000829441,"level":"debug","message":"Inline data specified.","meta":{"rootId":"s0aldzjtk2m6tae","id":"s0aldzjtk2m6tae"},"id":"iskuyh51a7plocb","previousOperationId":"m28t2o5brb0acj2"}
{"type":"log","timestamp":1705000829443,"level":"debug","message":"Executing script AveragePunctuation-script (beforeRender)","meta":{"rootId":"s0aldzjtk2m6tae","id":"s0aldzjtk2m6tae"},"id":"4tzz3njlfrhn9o9","previousOperationId":"m28t2o5brb0acj2"}
{"type":"operationStart","subtype":"scriptsBeforeRender","name":"scripts beforeRender","timestamp":1705000829455,"id":"o577djvfy6z8f2u","previousEventId":"3gg15jz8qohcekp","operationId":"ycgvx5271o0r9b6","previousOperationId":"m28t2o5brb0acj2"}
{"type":"operationStart","subtype":"script","name":"scripts AveragePunctuation-script","previousOperationId":"ycgvx5271o0r9b6","timestamp":1705000829455,"id":"01l03ouod59xdch","previousEventId":"o577djvfy6z8f2u","operationId":"af5f1rvwehgoef4"}
{"type":"operationEnd","operationId":"af5f1rvwehgoef4","timestamp":1705000829465,"id":"tppb65krhwawuiz","previousEventId":"3gg15jz8qohcekp","previousOperationId":"m28t2o5brb0acj2"}
{"type":"operationEnd","operationId":"ycgvx5271o0r9b6","timestamp":1705000829465,"id":"ht0tkyk12scb4mv","previousEventId":"tppb65krhwawuiz","previousOperationId":"m28t2o5brb0acj2"}
{"type":"log","timestamp":1705000829465,"level":"debug","message":"Base url not specified, skipping its injection.","meta":{"rootId":"s0aldzjtk2m6tae","id":"s0aldzjtk2m6tae"},"id":"rbn0las7zcggypz","previousOperationId":"ycgvx5271o0r9b6"}
{"type":"operationStart","subtype":"engine","name":"handlebars","timestamp":1705000829465,"id":"ecdu5ozq0pv8790","previousEventId":"ht0tkyk12scb4mv","operationId":"v0g8m2oume0bj4x","previousOperationId":"ycgvx5271o0r9b6"}
{"type":"log","timestamp":1705000829465,"level":"debug","message":"Rendering engine handlebars","meta":{"rootId":"s0aldzjtk2m6tae","id":"s0aldzjtk2m6tae"},"id":"n8trsj8gcqd9lim","previousOperationId":"v0g8m2oume0bj4x"}
{"type":"operationEnd","operationId":"v0g8m2oume0bj4x","timestamp":1705000829474,"id":"vo72uaa47fx794k","previousEventId":"ecdu5ozq0pv8790","previousOperationId":"v0g8m2oume0bj4x"}
{"type":"operationStart","subtype":"recipe","name":"chrome-pdf","timestamp":1705000829474,"id":"8df23x5cqudx4wk","previousEventId":"vo72uaa47fx794k","operationId":"hrjkrw2vr2kmleu","previousOperationId":"v0g8m2oume0bj4x"}
{"type":"log","timestamp":1705000829474,"level":"debug","message":"Executing recipe chrome-pdf","meta":{"rootId":"s0aldzjtk2m6tae","id":"s0aldzjtk2m6tae"},"id":"iipz08cwgqh54yi","previousOperationId":"hrjkrw2vr2kmleu"}
{"type":"log","timestamp":1705000829475,"level":"debug","message":"Converting with chrome HeadlessChrome/117.0.5938.149 using chrome-pool strategy","meta":{"rootId":"s0aldzjtk2m6tae","id":"s0aldzjtk2m6tae"},"id":"3lkme9qsnhpweqk","previousOperationId":"hrjkrw2vr2kmleu"}
{"type":"log","timestamp":1705000829557,"level":"debug","message":"Page request: GET (document) file:///C:/Users/Javier/AppData/Local/Temp/jsreport/autocleanup/b80ef862-bd04-4c5b-b176-61f1e8297599-chrome-pdf.html","meta":{"rootId":"s0aldzjtk2m6tae","id":"s0aldzjtk2m6tae"},"id":"mxuonuwvu67ux6c","previousOperationId":"hrjkrw2vr2kmleu"}
{"type":"log","timestamp":1705000829564,"level":"debug","message":"Page request finished: GET (document) 200 file:///C:/Users/Javier/AppData/Local/Temp/jsreport/autocleanup/b80ef862-bd04-4c5b-b176-61f1e8297599-chrome-pdf.html","meta":{"rootId":"s0aldzjtk2m6tae","id":"s0aldzjtk2m6tae"},"id":"wczb6mrkimne3xm","previousOperationId":"hrjkrw2vr2kmleu"}
{"type":"log","timestamp":1705000829567,"level":"debug","message":"Running chrome with params {\"printBackground\":true,\"timeout\":44993,\"margin\":{}}","meta":{"rootId":"s0aldzjtk2m6tae","id":"s0aldzjtk2m6tae"},"id":"af2sekj4o9lxjxh","previousOperationId":"hrjkrw2vr2kmleu"}
{"type":"operationEnd","operationId":"hrjkrw2vr2kmleu","timestamp":1705000829578,"id":"jtjkjtchvt49wsa","previousEventId":"8df23x5cqudx4wk","previousOperationId":"hrjkrw2vr2kmleu"}
{"type":"log","timestamp":1705000829578,"level":"debug","message":"Skipping storing report.","meta":{"rootId":"s0aldzjtk2m6tae","id":"s0aldzjtk2m6tae"},"id":"nvacsrfrmbzhe5d","previousOperationId":"hrjkrw2vr2kmleu"}
{"type":"log","timestamp":1705000829578,"level":"info","message":"Rendering request 8 finished in 15111 ms","meta":{"rootId":"s0aldzjtk2m6tae","id":"s0aldzjtk2m6tae"},"id":"utjxwheralo3dni","previousOperationId":"hrjkrw2vr2kmleu"}
{"type":"operationEnd","subtype":"render","operationId":"m28t2o5brb0acj2","timestamp":1705000829578,"id":"zev1abaddra4cfy","previousEventId":"jtjkjtchvt49wsa","previousOperationId":"hrjkrw2vr2kmleu"}
{"type":"operationEnd","doDiffs":false,"previousEventId":"n87t179jslavuuz","previousOperationId":"mv259akcseb2t36","operationId":"mv259akcseb2t36","timestamp":1705000829581,"id":"aknivd8q7ylj2t6"}
