{"type":"operationStart","subtype":"profile","data":{"_id":"F8IRgaMZGRywkoXA","timestamp":"2024-01-12T19:41:53.403Z","state":"queued","mode":"standard","creationDate":"2024-01-12T19:41:53.404Z","modificationDate":"2024-01-12T19:41:53.404Z","shortid":"wfRk9xm","$entitySet":"profiles"},"doDiffs":false,"timestamp":1705088513404,"id":"3mtwjkehbm10vca","previousOperationId":null,"operationId":"z8mx18rg53utazc"}
{"type":"log","level":"info","message":"Render request 6 queued for execution and waiting for available worker","previousOperationId":"z8mx18rg53utazc","timestamp":1705088513404,"id":"xs89e0foloqi6s8"}
{"type":"operationStart","subtype":"render","name":"AveragePunctuation","previousOperationId":"z8mx18rg53utazc","timestamp":1705088513408,"id":"ktd9wzs1bsf0cy1","previousEventId":"3mtwjkehbm10vca","operationId":"z8um9rw2975kgy8"}
{"type":"log","timestamp":1705088513409,"level":"info","message":"Starting rendering request 6","meta":{"rootId":"s7dw874j750k387","id":"s7dw874j750k387"},"id":"o3eugg45q8b2is3","previousOperationId":"z8um9rw2975kgy8"}
{"type":"log","timestamp":1705088513409,"level":"info","message":"Rendering template { name: AveragePunctuation, recipe: chrome-pdf, engine: handlebars, preview: false }","meta":{"rootId":"s7dw874j750k387","id":"s7dw874j750k387"},"id":"7x8omm34podso2h","previousOperationId":"z8um9rw2975kgy8"}
{"type":"log","timestamp":1705088513409,"level":"debug","message":"Inline data specified.","meta":{"rootId":"s7dw874j750k387","id":"s7dw874j750k387"},"id":"f5zterufsmaob43","previousOperationId":"z8um9rw2975kgy8"}
{"type":"log","timestamp":1705088513410,"level":"debug","message":"Executing script AveragePunctuation-script (beforeRender)","meta":{"rootId":"s7dw874j750k387","id":"s7dw874j750k387"},"id":"5csjdm0aqxiq98i","previousOperationId":"z8um9rw2975kgy8"}
{"type":"operationStart","subtype":"scriptsBeforeRender","name":"scripts beforeRender","timestamp":1705088513429,"id":"u18pa1xvuf4d6ry","previousEventId":"ktd9wzs1bsf0cy1","operationId":"t3g9r5ptct9q7zx","previousOperationId":"z8um9rw2975kgy8"}
{"type":"operationStart","subtype":"script","name":"scripts AveragePunctuation-script","previousOperationId":"t3g9r5ptct9q7zx","timestamp":1705088513429,"id":"50f1j1yflzy3o88","previousEventId":"u18pa1xvuf4d6ry","operationId":"3jar50qd40gnvmt"}
{"type":"operationEnd","operationId":"3jar50qd40gnvmt","timestamp":1705088513452,"id":"z2wacu26vmzq0d2","previousEventId":"ktd9wzs1bsf0cy1","previousOperationId":"z8um9rw2975kgy8"}
{"type":"operationEnd","operationId":"t3g9r5ptct9q7zx","timestamp":1705088513452,"id":"meio74ximsi6oum","previousEventId":"z2wacu26vmzq0d2","previousOperationId":"z8um9rw2975kgy8"}
{"type":"log","timestamp":1705088513453,"level":"debug","message":"Base url not specified, skipping its injection.","meta":{"rootId":"s7dw874j750k387","id":"s7dw874j750k387"},"id":"3f7yzcy10l8i0ou","previousOperationId":"t3g9r5ptct9q7zx"}
{"type":"operationStart","subtype":"engine","name":"handlebars","timestamp":1705088513453,"id":"oeb5o67r45z64vg","previousEventId":"meio74ximsi6oum","operationId":"svldcnovg1dsp20","previousOperationId":"t3g9r5ptct9q7zx"}
{"type":"log","timestamp":1705088513453,"level":"debug","message":"Rendering engine handlebars","meta":{"rootId":"s7dw874j750k387","id":"s7dw874j750k387"},"id":"6ew2nous4ago9tz","previousOperationId":"svldcnovg1dsp20"}
{"type":"operationEnd","operationId":"svldcnovg1dsp20","timestamp":1705088513698,"id":"ye45ioygkogt71n","previousEventId":"oeb5o67r45z64vg","previousOperationId":"svldcnovg1dsp20"}
{"type":"operationStart","subtype":"recipe","name":"chrome-pdf","timestamp":1705088513699,"id":"r9uxi3e8zznls1n","previousEventId":"ye45ioygkogt71n","operationId":"xl2w1ycywd1ym9w","previousOperationId":"svldcnovg1dsp20"}
{"type":"log","timestamp":1705088513699,"level":"debug","message":"Executing recipe chrome-pdf","meta":{"rootId":"s7dw874j750k387","id":"s7dw874j750k387"},"id":"yx7fbna27iw3f1m","previousOperationId":"xl2w1ycywd1ym9w"}
{"type":"log","timestamp":1705088514544,"level":"debug","message":"Converting with chrome HeadlessChrome/117.0.5938.149 using chrome-pool strategy","meta":{"rootId":"s7dw874j750k387","id":"s7dw874j750k387"},"id":"7j14j0sznnq1t94","previousOperationId":"xl2w1ycywd1ym9w"}
{"type":"log","timestamp":1705088515189,"level":"debug","message":"Page request: GET (document) file:///C:/Users/Javier/AppData/Local/Temp/jsreport/autocleanup/bd4b2a3c-bbb5-4f18-bac9-237c56fbcd24-chrome-pdf.html","meta":{"rootId":"s7dw874j750k387","id":"s7dw874j750k387"},"id":"or09c25i6ee61pw","previousOperationId":"xl2w1ycywd1ym9w"}
{"type":"log","timestamp":1705088515200,"level":"debug","message":"Page request finished: GET (document) 200 file:///C:/Users/Javier/AppData/Local/Temp/jsreport/autocleanup/bd4b2a3c-bbb5-4f18-bac9-237c56fbcd24-chrome-pdf.html","meta":{"rootId":"s7dw874j750k387","id":"s7dw874j750k387"},"id":"8bxf16heb2vb3sc","previousOperationId":"xl2w1ycywd1ym9w"}
{"type":"log","timestamp":1705088515205,"level":"debug","message":"Running chrome with params {\"printBackground\":true,\"timeout\":59382,\"margin\":{}}","meta":{"rootId":"s7dw874j750k387","id":"s7dw874j750k387"},"id":"bvprghbbd7mwl7d","previousOperationId":"xl2w1ycywd1ym9w"}
{"type":"operationEnd","operationId":"xl2w1ycywd1ym9w","timestamp":1705088515226,"id":"yitptg0alsoc0co","previousEventId":"r9uxi3e8zznls1n","previousOperationId":"xl2w1ycywd1ym9w"}
{"type":"log","timestamp":1705088515227,"level":"debug","message":"Skipping storing report.","meta":{"rootId":"s7dw874j750k387","id":"s7dw874j750k387"},"id":"9j2u2vctlf5xvbv","previousOperationId":"xl2w1ycywd1ym9w"}
{"type":"log","timestamp":1705088515227,"level":"info","message":"Rendering request 6 finished in 1825 ms","meta":{"rootId":"s7dw874j750k387","id":"s7dw874j750k387"},"id":"m6gcp29iiodz2w0","previousOperationId":"xl2w1ycywd1ym9w"}
{"type":"operationEnd","subtype":"render","operationId":"z8um9rw2975kgy8","timestamp":1705088515227,"id":"t33vkvjizm0wryu","previousEventId":"yitptg0alsoc0co","previousOperationId":"xl2w1ycywd1ym9w"}
{"type":"operationEnd","doDiffs":false,"previousEventId":"3mtwjkehbm10vca","previousOperationId":"z8mx18rg53utazc","operationId":"z8mx18rg53utazc","timestamp":1705088515229,"id":"le3n6uzuetf3wfj"}
