{"type":"operationStart","subtype":"profile","data":{"_id":"IWAyygBZvdbfosDH","timestamp":"2024-01-13T22:27:42.000Z","state":"queued","mode":"standard","creationDate":"2024-01-13T22:27:42.002Z","modificationDate":"2024-01-13T22:27:42.002Z","shortid":"N8xzoPL","$entitySet":"profiles"},"doDiffs":false,"timestamp":1705184862001,"id":"s29x44fg90d883w","previousOperationId":null,"operationId":"gezssmfk8qlyuby"}
{"type":"log","level":"info","message":"Render request 11 queued for execution and waiting for available worker","previousOperationId":"gezssmfk8qlyuby","timestamp":1705184862001,"id":"51zx2n6pwh8h88k"}
{"type":"operationStart","subtype":"render","name":"AveragePunctuation","previousOperationId":"gezssmfk8qlyuby","timestamp":1705184862006,"id":"mkjslfox1g3086s","previousEventId":"s29x44fg90d883w","operationId":"8pweol3aiepul12"}
{"type":"log","timestamp":1705184862006,"level":"info","message":"Starting rendering request 11","meta":{"rootId":"sidzbdm2f0u08a8","id":"sidzbdm2f0u08a8"},"id":"l8gcrkmgc1n6ime","previousOperationId":"8pweol3aiepul12"}
{"type":"log","timestamp":1705184862006,"level":"info","message":"Rendering template { name: AveragePunctuation, recipe: chrome-pdf, engine: handlebars, preview: false }","meta":{"rootId":"sidzbdm2f0u08a8","id":"sidzbdm2f0u08a8"},"id":"b22bqq1wenn38wa","previousOperationId":"8pweol3aiepul12"}
{"type":"log","timestamp":1705184862007,"level":"debug","message":"Inline data specified.","meta":{"rootId":"sidzbdm2f0u08a8","id":"sidzbdm2f0u08a8"},"id":"eh5qc8xyu6u7p69","previousOperationId":"8pweol3aiepul12"}
{"type":"log","timestamp":1705184862009,"level":"debug","message":"Executing script AveragePunctuation-script (beforeRender)","meta":{"rootId":"sidzbdm2f0u08a8","id":"sidzbdm2f0u08a8"},"id":"s79jsfrwbxrdltn","previousOperationId":"8pweol3aiepul12"}
{"type":"operationStart","subtype":"scriptsBeforeRender","name":"scripts beforeRender","timestamp":1705184862031,"id":"cze4bglywlmkpn7","previousEventId":"mkjslfox1g3086s","operationId":"je92tx1i0ltc7mb","previousOperationId":"8pweol3aiepul12"}
{"type":"operationStart","subtype":"script","name":"scripts AveragePunctuation-script","previousOperationId":"je92tx1i0ltc7mb","timestamp":1705184862031,"id":"cikk40jvrka3yeo","previousEventId":"cze4bglywlmkpn7","operationId":"ysru1l2jod0nltk"}
{"type":"operationEnd","operationId":"ysru1l2jod0nltk","timestamp":1705184862047,"id":"dvwqsi1di76xhvz","previousEventId":"mkjslfox1g3086s","previousOperationId":"8pweol3aiepul12"}
{"type":"operationEnd","operationId":"je92tx1i0ltc7mb","timestamp":1705184862047,"id":"ooaglz2j37mhei0","previousEventId":"dvwqsi1di76xhvz","previousOperationId":"8pweol3aiepul12"}
{"type":"log","timestamp":1705184862047,"level":"debug","message":"Base url not specified, skipping its injection.","meta":{"rootId":"sidzbdm2f0u08a8","id":"sidzbdm2f0u08a8"},"id":"te9w0kpee8014l3","previousOperationId":"je92tx1i0ltc7mb"}
{"type":"operationStart","subtype":"engine","name":"handlebars","timestamp":1705184862047,"id":"pyaob5jxva8mude","previousEventId":"ooaglz2j37mhei0","operationId":"0ythxq73r34n9lp","previousOperationId":"je92tx1i0ltc7mb"}
{"type":"log","timestamp":1705184862047,"level":"debug","message":"Rendering engine handlebars","meta":{"rootId":"sidzbdm2f0u08a8","id":"sidzbdm2f0u08a8"},"id":"jsllbiembx64nzp","previousOperationId":"0ythxq73r34n9lp"}
{"type":"operationEnd","operationId":"0ythxq73r34n9lp","timestamp":1705184862056,"id":"0rlhc4jr5c50yi1","previousEventId":"pyaob5jxva8mude","previousOperationId":"0ythxq73r34n9lp"}
{"type":"operationStart","subtype":"recipe","name":"chrome-pdf","timestamp":1705184862056,"id":"7wyt6x8zoklq0s1","previousEventId":"0rlhc4jr5c50yi1","operationId":"0lh16wxsu1x1bis","previousOperationId":"0ythxq73r34n9lp"}
{"type":"log","timestamp":1705184862056,"level":"debug","message":"Executing recipe chrome-pdf","meta":{"rootId":"sidzbdm2f0u08a8","id":"sidzbdm2f0u08a8"},"id":"rhzxmy7ncicuvuq","previousOperationId":"0lh16wxsu1x1bis"}
{"type":"log","timestamp":1705184862059,"level":"debug","message":"Converting with chrome HeadlessChrome/117.0.5938.149 using chrome-pool strategy","meta":{"rootId":"sidzbdm2f0u08a8","id":"sidzbdm2f0u08a8"},"id":"jczn0j34pv490dz","previousOperationId":"0lh16wxsu1x1bis"}
{"type":"log","timestamp":1705184862145,"level":"debug","message":"Page request: GET (document) file:///C:/Users/Javier/AppData/Local/Temp/jsreport/autocleanup/2efebc03-7461-4ad1-a6f9-ecb863dcc550-chrome-pdf.html","meta":{"rootId":"sidzbdm2f0u08a8","id":"sidzbdm2f0u08a8"},"id":"1d5cbodizrccujz","previousOperationId":"0lh16wxsu1x1bis"}
{"type":"log","timestamp":1705184862184,"level":"debug","message":"Page request: GET (stylesheet) https://cdnjs.cloudflare.com/ajax/libs/metro/4.1.5/css/metro.min.css","meta":{"rootId":"sidzbdm2f0u08a8","id":"sidzbdm2f0u08a8"},"id":"x4zrsw7l0nmi2bz","previousOperationId":"0lh16wxsu1x1bis"}
{"type":"log","timestamp":1705184862184,"level":"debug","message":"Page request: GET (script) https://cdnjs.cloudflare.com/ajax/libs/Chart.js/2.7.2/Chart.min.js","meta":{"rootId":"sidzbdm2f0u08a8","id":"sidzbdm2f0u08a8"},"id":"q7zuyuto9a3gudi","previousOperationId":"0lh16wxsu1x1bis"}
{"type":"log","timestamp":1705184862185,"level":"debug","message":"Page request finished: GET (document) 200 file:///C:/Users/Javier/AppData/Local/Temp/jsreport/autocleanup/2efebc03-7461-4ad1-a6f9-ecb863dcc550-chrome-pdf.html","meta":{"rootId":"sidzbdm2f0u08a8","id":"sidzbdm2f0u08a8"},"id":"oamjpiexejzejy6","previousOperationId":"0lh16wxsu1x1bis"}
{"type":"log","timestamp":1705184862188,"level":"debug","message":"Page request finished: GET (script) 200 https://cdnjs.cloudflare.com/ajax/libs/Chart.js/2.7.2/Chart.min.js","meta":{"rootId":"sidzbdm2f0u08a8","id":"sidzbdm2f0u08a8"},"id":"mi6einlqdtxcwje","previousOperationId":"0lh16wxsu1x1bis"}
{"type":"log","timestamp":1705184862199,"level":"debug","message":"Page request finished: GET (stylesheet) 200 https://cdnjs.cloudflare.com/ajax/libs/metro/4.1.5/css/metro.min.css","meta":{"rootId":"sidzbdm2f0u08a8","id":"sidzbdm2f0u08a8"},"id":"k19t2tztp0xwqbe","previousOperationId":"0lh16wxsu1x1bis"}
{"type":"log","timestamp":1705184862253,"level":"debug","message":"Running chrome with params {\"printBackground\":true,\"timeout\":59942,\"margin\":{}}","meta":{"rootId":"sidzbdm2f0u08a8","id":"sidzbdm2f0u08a8"},"id":"myb6id2uzlieof0","previousOperationId":"0lh16wxsu1x1bis"}
{"type":"operationEnd","operationId":"0lh16wxsu1x1bis","timestamp":1705184862353,"id":"7y0e9t0ghp7ucsn","previousEventId":"7wyt6x8zoklq0s1","previousOperationId":"0lh16wxsu1x1bis"}
{"type":"log","timestamp":1705184862353,"level":"debug","message":"Skipping storing report.","meta":{"rootId":"sidzbdm2f0u08a8","id":"sidzbdm2f0u08a8"},"id":"yo89izxfhwlitv1","previousOperationId":"0lh16wxsu1x1bis"}
{"type":"log","timestamp":1705184862353,"level":"info","message":"Rendering request 11 finished in 353 ms","meta":{"rootId":"sidzbdm2f0u08a8","id":"sidzbdm2f0u08a8"},"id":"rmqswekz053qlu6","previousOperationId":"0lh16wxsu1x1bis"}
{"type":"operationEnd","subtype":"render","operationId":"8pweol3aiepul12","timestamp":1705184862353,"id":"4w8o8ulg1mgjaav","previousEventId":"7y0e9t0ghp7ucsn","previousOperationId":"0lh16wxsu1x1bis"}
{"type":"operationEnd","doDiffs":false,"previousEventId":"s29x44fg90d883w","previousOperationId":"gezssmfk8qlyuby","operationId":"gezssmfk8qlyuby","timestamp":1705184862355,"id":"ywtzie0gotmdr68"}
