{"type":"operationStart","subtype":"profile","data":{"_id":"tSkbThKxQItmvdkJ","timestamp":"2024-01-11T19:33:58.934Z","state":"queued","mode":"standard","creationDate":"2024-01-11T19:33:58.935Z","modificationDate":"2024-01-11T19:33:58.935Z","shortid":"ARTMTR7","$entitySet":"profiles"},"doDiffs":false,"timestamp":1705001638935,"id":"7jisfq1204fwieu","previousOperationId":null,"operationId":"nscaw2uhilgu1kc"}
{"type":"log","level":"info","message":"Render request 25 queued for execution and waiting for available worker","previousOperationId":"nscaw2uhilgu1kc","timestamp":1705001638935,"id":"4c6cqxhirjl312l"}
{"type":"operationStart","subtype":"render","name":"AveragePunctuation","previousOperationId":"nscaw2uhilgu1kc","timestamp":1705001638942,"id":"j2w2vltzukia2fx","previousEventId":"7jisfq1204fwieu","operationId":"aie7rg1tf3k6z0w"}
{"type":"log","timestamp":1705001638942,"level":"info","message":"Starting rendering request 25","meta":{"rootId":"sq4ol717u0vhmwa","id":"sq4ol717u0vhmwa"},"id":"3c3vguu34763ox5","previousOperationId":"aie7rg1tf3k6z0w"}
{"type":"log","timestamp":1705001638942,"level":"info","message":"Rendering template { name: AveragePunctuation, recipe: chrome-pdf, engine: handlebars, preview: false }","meta":{"rootId":"sq4ol717u0vhmwa","id":"sq4ol717u0vhmwa"},"id":"94su5a8lrvzjx7i","previousOperationId":"aie7rg1tf3k6z0w"}
{"type":"log","timestamp":1705001638943,"level":"debug","message":"Inline data specified.","meta":{"rootId":"sq4ol717u0vhmwa","id":"sq4ol717u0vhmwa"},"id":"74xjft60s9r7w8p","previousOperationId":"aie7rg1tf3k6z0w"}
{"type":"log","timestamp":1705001638945,"level":"debug","message":"Executing script AveragePunctuation-script (beforeRender)","meta":{"rootId":"sq4ol717u0vhmwa","id":"sq4ol717u0vhmwa"},"id":"ihz8dlfsbpcc6yb","previousOperationId":"aie7rg1tf3k6z0w"}
{"type":"operationStart","subtype":"scriptsBeforeRender","name":"scripts beforeRender","timestamp":1705001638961,"id":"w4254zojkcx02il","previousEventId":"j2w2vltzukia2fx","operationId":"jgwz7scy5zl0ytq","previousOperationId":"aie7rg1tf3k6z0w"}
{"type":"operationStart","subtype":"script","name":"scripts AveragePunctuation-script","previousOperationId":"jgwz7scy5zl0ytq","timestamp":1705001638961,"id":"fobgibl85pkufr4","previousEventId":"w4254zojkcx02il","operationId":"382ly768k188oap"}
{"type":"operationEnd","operationId":"382ly768k188oap","timestamp":1705001638975,"id":"rnwxpwdt4ggjvhm","previousEventId":"j2w2vltzukia2fx","previousOperationId":"aie7rg1tf3k6z0w"}
{"type":"operationEnd","operationId":"jgwz7scy5zl0ytq","timestamp":1705001638975,"id":"ge8safy1k4eq1vh","previousEventId":"rnwxpwdt4ggjvhm","previousOperationId":"aie7rg1tf3k6z0w"}
{"type":"log","timestamp":1705001638975,"level":"debug","message":"Base url not specified, skipping its injection.","meta":{"rootId":"sq4ol717u0vhmwa","id":"sq4ol717u0vhmwa"},"id":"qo6u7mm39delmo9","previousOperationId":"jgwz7scy5zl0ytq"}
{"type":"operationStart","subtype":"engine","name":"handlebars","timestamp":1705001638975,"id":"hm9d7ojy3yhuc4b","previousEventId":"ge8safy1k4eq1vh","operationId":"t50f3beisd1smgn","previousOperationId":"jgwz7scy5zl0ytq"}
{"type":"log","timestamp":1705001638975,"level":"debug","message":"Rendering engine handlebars","meta":{"rootId":"sq4ol717u0vhmwa","id":"sq4ol717u0vhmwa"},"id":"incukzoc09oybic","previousOperationId":"t50f3beisd1smgn"}
{"type":"operationEnd","operationId":"t50f3beisd1smgn","timestamp":1705001638984,"id":"e3x4kho96v4o171","previousEventId":"hm9d7ojy3yhuc4b","previousOperationId":"t50f3beisd1smgn"}
{"type":"operationStart","subtype":"recipe","name":"chrome-pdf","timestamp":1705001638984,"id":"gek3bwsc34b7ppb","previousEventId":"e3x4kho96v4o171","operationId":"q5egqta8hgq37yl","previousOperationId":"t50f3beisd1smgn"}
{"type":"log","timestamp":1705001638985,"level":"debug","message":"Executing recipe chrome-pdf","meta":{"rootId":"sq4ol717u0vhmwa","id":"sq4ol717u0vhmwa"},"id":"eu4oekdvillonld","previousOperationId":"q5egqta8hgq37yl"}
{"type":"log","timestamp":1705001638987,"level":"debug","message":"Converting with chrome HeadlessChrome/117.0.5938.149 using chrome-pool strategy","meta":{"rootId":"sq4ol717u0vhmwa","id":"sq4ol717u0vhmwa"},"id":"yg3c1vlf3p7r6m4","previousOperationId":"q5egqta8hgq37yl"}
{"type":"log","timestamp":1705001639064,"level":"debug","message":"Page request: GET (document) file:///C:/Users/Javier/AppData/Local/Temp/jsreport/autocleanup/08307a81-4873-4d3b-8ba3-1dcecd6c5862-chrome-pdf.html","meta":{"rootId":"sq4ol717u0vhmwa","id":"sq4ol717u0vhmwa"},"id":"f0iqjso07vlf3z7","previousOperationId":"q5egqta8hgq37yl"}
{"type":"log","timestamp":1705001639070,"level":"debug","message":"Page request finished: GET (document) 200 file:///C:/Users/Javier/AppData/Local/Temp/jsreport/autocleanup/08307a81-4873-4d3b-8ba3-1dcecd6c5862-chrome-pdf.html","meta":{"rootId":"sq4ol717u0vhmwa","id":"sq4ol717u0vhmwa"},"id":"seombxeswt0ebib","previousOperationId":"q5egqta8hgq37yl"}
{"type":"log","timestamp":1705001639074,"level":"debug","message":"Running chrome with params {\"printBackground\":true,\"timeout\":59948,\"margin\":{}}","meta":{"rootId":"sq4ol717u0vhmwa","id":"sq4ol717u0vhmwa"},"id":"9lpjst6yjhrb3zw","previousOperationId":"q5egqta8hgq37yl"}
{"type":"operationEnd","operationId":"q5egqta8hgq37yl","timestamp":1705001639084,"id":"8rqpunnqw3w70dw","previousEventId":"gek3bwsc34b7ppb","previousOperationId":"q5egqta8hgq37yl"}
{"type":"log","timestamp":1705001639084,"level":"debug","message":"Skipping storing report.","meta":{"rootId":"sq4ol717u0vhmwa","id":"sq4ol717u0vhmwa"},"id":"2pvrzvi49920ln4","previousOperationId":"q5egqta8hgq37yl"}
{"type":"log","timestamp":1705001639084,"level":"info","message":"Rendering request 25 finished in 150 ms","meta":{"rootId":"sq4ol717u0vhmwa","id":"sq4ol717u0vhmwa"},"id":"0acb8r5ptgy08ii","previousOperationId":"q5egqta8hgq37yl"}
{"type":"operationEnd","subtype":"render","operationId":"aie7rg1tf3k6z0w","timestamp":1705001639084,"id":"t3c20guifncfmgd","previousEventId":"8rqpunnqw3w70dw","previousOperationId":"q5egqta8hgq37yl"}
{"type":"operationEnd","doDiffs":false,"previousEventId":"7jisfq1204fwieu","previousOperationId":"nscaw2uhilgu1kc","operationId":"nscaw2uhilgu1kc","timestamp":1705001639086,"id":"itam0a6x3wstkop"}
