{"type":"operationStart","subtype":"profile","data":{"_id":"E1NudJykhzPb4Jlg","timestamp":"2024-01-13T22:06:38.747Z","state":"queued","mode":"standard","creationDate":"2024-01-13T22:06:38.750Z","modificationDate":"2024-01-13T22:06:38.750Z","shortid":"5wAoyDQ","$entitySet":"profiles"},"doDiffs":false,"timestamp":1705183598749,"id":"txrauk4dhe29fpu","previousOperationId":null,"operationId":"cscq3yl8uujp9g3"}
{"type":"log","level":"info","message":"Render request 6 queued for execution and waiting for available worker","previousOperationId":"cscq3yl8uujp9g3","timestamp":1705183598749,"id":"l38wqch2sfdxlyt"}
{"type":"operationStart","subtype":"render","name":"AveragePunctuation","previousOperationId":"cscq3yl8uujp9g3","timestamp":1705183598754,"id":"gcj8rwq9glkkjbr","previousEventId":"txrauk4dhe29fpu","operationId":"z2ug0mwmyvrulx6"}
{"type":"log","timestamp":1705183598754,"level":"info","message":"Starting rendering request 6","meta":{"rootId":"sv8agcms8e3zmct","id":"sv8agcms8e3zmct"},"id":"ev4xocrwnbr0qs6","previousOperationId":"z2ug0mwmyvrulx6"}
{"type":"log","timestamp":1705183598755,"level":"info","message":"Rendering template { name: AveragePunctuation, recipe: chrome-pdf, engine: handlebars, preview: false }","meta":{"rootId":"sv8agcms8e3zmct","id":"sv8agcms8e3zmct"},"id":"dlfanbjlyp760ol","previousOperationId":"z2ug0mwmyvrulx6"}
{"type":"log","timestamp":1705183598756,"level":"debug","message":"Inline data specified.","meta":{"rootId":"sv8agcms8e3zmct","id":"sv8agcms8e3zmct"},"id":"jo04m0tu2kjbcab","previousOperationId":"z2ug0mwmyvrulx6"}
{"type":"log","timestamp":1705183598759,"level":"debug","message":"Executing script AveragePunctuation-script (beforeRender)","meta":{"rootId":"sv8agcms8e3zmct","id":"sv8agcms8e3zmct"},"id":"fansh1ch4pi2dqe","previousOperationId":"z2ug0mwmyvrulx6"}
{"type":"operationStart","subtype":"scriptsBeforeRender","name":"scripts beforeRender","timestamp":1705183598791,"id":"bp2qar5yjyj36r5","previousEventId":"gcj8rwq9glkkjbr","operationId":"wevet4ql60eltgl","previousOperationId":"z2ug0mwmyvrulx6"}
{"type":"operationStart","subtype":"script","name":"scripts AveragePunctuation-script","previousOperationId":"wevet4ql60eltgl","timestamp":1705183598791,"id":"mhoytc13ruxv6p7","previousEventId":"bp2qar5yjyj36r5","operationId":"i1kvmcm05yz1kup"}
{"type":"operationEnd","operationId":"i1kvmcm05yz1kup","timestamp":1705183598815,"id":"252iqltfhckhaj1","previousEventId":"gcj8rwq9glkkjbr","previousOperationId":"z2ug0mwmyvrulx6"}
{"type":"operationEnd","operationId":"wevet4ql60eltgl","timestamp":1705183598815,"id":"i3cxb30ozr7b2z4","previousEventId":"252iqltfhckhaj1","previousOperationId":"z2ug0mwmyvrulx6"}
{"type":"log","timestamp":1705183598815,"level":"debug","message":"Base url not specified, skipping its injection.","meta":{"rootId":"sv8agcms8e3zmct","id":"sv8agcms8e3zmct"},"id":"yas9dllypgugqb5","previousOperationId":"wevet4ql60eltgl"}
{"type":"operationStart","subtype":"engine","name":"handlebars","timestamp":1705183598815,"id":"cvax14qsjpe4283","previousEventId":"i3cxb30ozr7b2z4","operationId":"yfxk20tgw6s62hs","previousOperationId":"wevet4ql60eltgl"}
{"type":"log","timestamp":1705183598815,"level":"debug","message":"Rendering engine handlebars","meta":{"rootId":"sv8agcms8e3zmct","id":"sv8agcms8e3zmct"},"id":"qbjx9w7jez6wx23","previousOperationId":"yfxk20tgw6s62hs"}
{"type":"operationEnd","operationId":"yfxk20tgw6s62hs","timestamp":1705183598837,"id":"mc4br452kcdbwm2","previousEventId":"cvax14qsjpe4283","previousOperationId":"yfxk20tgw6s62hs"}
{"type":"operationStart","subtype":"recipe","name":"chrome-pdf","timestamp":1705183598837,"id":"622howerin5h6ya","previousEventId":"mc4br452kcdbwm2","operationId":"kgoh5lik9ke3plm","previousOperationId":"yfxk20tgw6s62hs"}
{"type":"log","timestamp":1705183598837,"level":"debug","message":"Executing recipe chrome-pdf","meta":{"rootId":"sv8agcms8e3zmct","id":"sv8agcms8e3zmct"},"id":"7ot73waf3zppoz8","previousOperationId":"kgoh5lik9ke3plm"}
{"type":"log","timestamp":1705183598844,"level":"debug","message":"Converting with chrome HeadlessChrome/117.0.5938.149 using chrome-pool strategy","meta":{"rootId":"sv8agcms8e3zmct","id":"sv8agcms8e3zmct"},"id":"6md2gzm65k7mdbx","previousOperationId":"kgoh5lik9ke3plm"}
{"type":"log","timestamp":1705183598961,"level":"debug","message":"Page request: GET (document) file:///C:/Users/Javier/AppData/Local/Temp/jsreport/autocleanup/51e18bd4-fbce-4ad4-962a-93a86e6fe994-chrome-pdf.html","meta":{"rootId":"sv8agcms8e3zmct","id":"sv8agcms8e3zmct"},"id":"i7opwmuqv8ze109","previousOperationId":"kgoh5lik9ke3plm"}
{"type":"log","timestamp":1705183599014,"level":"debug","message":"Page request: GET (stylesheet) https://cdnjs.cloudflare.com/ajax/libs/metro/4.1.5/css/metro.min.css","meta":{"rootId":"sv8agcms8e3zmct","id":"sv8agcms8e3zmct"},"id":"ii3i7l5r7yns35e","previousOperationId":"kgoh5lik9ke3plm"}
{"type":"log","timestamp":1705183599015,"level":"debug","message":"Page request: GET (script) https://cdnjs.cloudflare.com/ajax/libs/Chart.js/2.7.2/Chart.min.js","meta":{"rootId":"sv8agcms8e3zmct","id":"sv8agcms8e3zmct"},"id":"7rwbgh68e72zadq","previousOperationId":"kgoh5lik9ke3plm"}
{"type":"log","timestamp":1705183599015,"level":"debug","message":"Page request finished: GET (document) 200 file:///C:/Users/Javier/AppData/Local/Temp/jsreport/autocleanup/51e18bd4-fbce-4ad4-962a-93a86e6fe994-chrome-pdf.html","meta":{"rootId":"sv8agcms8e3zmct","id":"sv8agcms8e3zmct"},"id":"tsgyv65hv90a1oi","previousOperationId":"kgoh5lik9ke3plm"}
{"type":"log","timestamp":1705183599021,"level":"debug","message":"Page request finished: GET (script) 200 https://cdnjs.cloudflare.com/ajax/libs/Chart.js/2.7.2/Chart.min.js","meta":{"rootId":"sv8agcms8e3zmct","id":"sv8agcms8e3zmct"},"id":"ivsjtxxz21un17a","previousOperationId":"kgoh5lik9ke3plm"}
{"type":"log","timestamp":1705183599032,"level":"debug","message":"Page request finished: GET (stylesheet) 200 https://cdnjs.cloudflare.com/ajax/libs/metro/4.1.5/css/metro.min.css","meta":{"rootId":"sv8agcms8e3zmct","id":"sv8agcms8e3zmct"},"id":"magio1g12p39y5s","previousOperationId":"kgoh5lik9ke3plm"}
{"type":"log","timestamp":1705183599101,"level":"debug","message":"Running chrome with params {\"printBackground\":true,\"timeout\":59905,\"margin\":{}}","meta":{"rootId":"sv8agcms8e3zmct","id":"sv8agcms8e3zmct"},"id":"sde99bymtpcrqqq","previousOperationId":"kgoh5lik9ke3plm"}
{"type":"operationEnd","operationId":"kgoh5lik9ke3plm","timestamp":1705183599203,"id":"5g7zcqquetyom4g","previousEventId":"622howerin5h6ya","previousOperationId":"kgoh5lik9ke3plm"}
{"type":"log","timestamp":1705183599203,"level":"debug","message":"Skipping storing report.","meta":{"rootId":"sv8agcms8e3zmct","id":"sv8agcms8e3zmct"},"id":"zc39em4w012p39r","previousOperationId":"kgoh5lik9ke3plm"}
{"type":"log","timestamp":1705183599203,"level":"info","message":"Rendering request 6 finished in 456 ms","meta":{"rootId":"sv8agcms8e3zmct","id":"sv8agcms8e3zmct"},"id":"dtbddq32fzoiv00","previousOperationId":"kgoh5lik9ke3plm"}
{"type":"operationEnd","subtype":"render","operationId":"z2ug0mwmyvrulx6","timestamp":1705183599203,"id":"bwbu3rt6mr5l0m0","previousEventId":"5g7zcqquetyom4g","previousOperationId":"kgoh5lik9ke3plm"}
{"type":"operationEnd","doDiffs":false,"previousEventId":"txrauk4dhe29fpu","previousOperationId":"cscq3yl8uujp9g3","operationId":"cscq3yl8uujp9g3","timestamp":1705183599205,"id":"hd8ech1unb6u2tv"}
