{"type":"operationStart","subtype":"profile","data":{"_id":"bXxsmLsECqv5lwyQ","timestamp":"2024-01-14T00:03:57.505Z","state":"queued","mode":"standard","creationDate":"2024-01-14T00:03:57.507Z","modificationDate":"2024-01-14T00:03:57.507Z","shortid":"jqf5XqO","$entitySet":"profiles"},"doDiffs":false,"timestamp":1705190637506,"id":"aa3w0d28zpfmktr","previousOperationId":null,"operationId":"mczflfvuc9qq8rt"}
{"type":"log","level":"info","message":"Render request 8 queued for execution and waiting for available worker","previousOperationId":"mczflfvuc9qq8rt","timestamp":1705190637506,"id":"if7cuee99ssnu5h"}
{"type":"operationStart","subtype":"render","name":"AveragePunctuation","previousOperationId":"mczflfvuc9qq8rt","timestamp":1705190637513,"id":"2kv4n2c6o3v0px4","previousEventId":"aa3w0d28zpfmktr","operationId":"hfjjogcurofctdi"}
{"type":"log","timestamp":1705190637513,"level":"info","message":"Starting rendering request 8","meta":{"rootId":"tawx0ofm8ffnwoh","id":"tawx0ofm8ffnwoh"},"id":"m58us27czm2ht4p","previousOperationId":"hfjjogcurofctdi"}
{"type":"log","timestamp":1705190637513,"level":"info","message":"Rendering template { name: AveragePunctuation, recipe: chrome-pdf, engine: handlebars, preview: false }","meta":{"rootId":"tawx0ofm8ffnwoh","id":"tawx0ofm8ffnwoh"},"id":"xnr8botqb3ccteg","previousOperationId":"hfjjogcurofctdi"}
{"type":"log","timestamp":1705190637514,"level":"debug","message":"Inline data specified.","meta":{"rootId":"tawx0ofm8ffnwoh","id":"tawx0ofm8ffnwoh"},"id":"rbrwqlq5xufldxo","previousOperationId":"hfjjogcurofctdi"}
{"type":"log","timestamp":1705190637516,"level":"debug","message":"Executing script AveragePunctuation-script (beforeRender)","meta":{"rootId":"tawx0ofm8ffnwoh","id":"tawx0ofm8ffnwoh"},"id":"0d7v6meqjyz11zf","previousOperationId":"hfjjogcurofctdi"}
{"type":"operationStart","subtype":"scriptsBeforeRender","name":"scripts beforeRender","timestamp":1705190637529,"id":"26mg3qvw2b4h62a","previousEventId":"2kv4n2c6o3v0px4","operationId":"pl8zcuc84mnurzx","previousOperationId":"hfjjogcurofctdi"}
{"type":"operationStart","subtype":"script","name":"scripts AveragePunctuation-script","previousOperationId":"pl8zcuc84mnurzx","timestamp":1705190637530,"id":"9s68cbh8o1v59sk","previousEventId":"26mg3qvw2b4h62a","operationId":"wygfcu8y0c1n5kr"}
{"type":"operationEnd","operationId":"wygfcu8y0c1n5kr","timestamp":1705190637560,"id":"jjj8z0tjfbrq7bs","previousEventId":"2kv4n2c6o3v0px4","previousOperationId":"hfjjogcurofctdi"}
{"type":"operationEnd","operationId":"pl8zcuc84mnurzx","timestamp":1705190637560,"id":"1v7gh2gzyienztf","previousEventId":"jjj8z0tjfbrq7bs","previousOperationId":"hfjjogcurofctdi"}
{"type":"log","timestamp":1705190637560,"level":"debug","message":"Base url not specified, skipping its injection.","meta":{"rootId":"tawx0ofm8ffnwoh","id":"tawx0ofm8ffnwoh"},"id":"r5omn9om2fe5h6m","previousOperationId":"pl8zcuc84mnurzx"}
{"type":"operationStart","subtype":"engine","name":"handlebars","timestamp":1705190637560,"id":"3z7m790mb0i3pqx","previousEventId":"1v7gh2gzyienztf","operationId":"wd364r58deiasz1","previousOperationId":"pl8zcuc84mnurzx"}
{"type":"log","timestamp":1705190637560,"level":"debug","message":"Rendering engine handlebars","meta":{"rootId":"tawx0ofm8ffnwoh","id":"tawx0ofm8ffnwoh"},"id":"av7hv97srt7llnd","previousOperationId":"wd364r58deiasz1"}
{"type":"operationEnd","operationId":"wd364r58deiasz1","timestamp":1705190637570,"id":"xv6y8g2luqgmsyd","previousEventId":"3z7m790mb0i3pqx","previousOperationId":"wd364r58deiasz1"}
{"type":"operationStart","subtype":"recipe","name":"chrome-pdf","timestamp":1705190637570,"id":"24hoogucp0525ys","previousEventId":"xv6y8g2luqgmsyd","operationId":"l6sumg6v4mmlfxh","previousOperationId":"wd364r58deiasz1"}
{"type":"log","timestamp":1705190637570,"level":"debug","message":"Executing recipe chrome-pdf","meta":{"rootId":"tawx0ofm8ffnwoh","id":"tawx0ofm8ffnwoh"},"id":"l3e7xxsa3a1afi3","previousOperationId":"l6sumg6v4mmlfxh"}
{"type":"log","timestamp":1705190637572,"level":"debug","message":"Converting with chrome HeadlessChrome/117.0.5938.149 using chrome-pool strategy","meta":{"rootId":"tawx0ofm8ffnwoh","id":"tawx0ofm8ffnwoh"},"id":"yqkijbau6iny63r","previousOperationId":"l6sumg6v4mmlfxh"}
{"type":"log","timestamp":1705190637653,"level":"debug","message":"Page request: GET (document) file:///C:/Users/Javier/AppData/Local/Temp/jsreport/autocleanup/4a6b5bde-39a8-438c-870a-cc3f7ef1da00-chrome-pdf.html","meta":{"rootId":"tawx0ofm8ffnwoh","id":"tawx0ofm8ffnwoh"},"id":"71cw0pwvz04prif","previousOperationId":"l6sumg6v4mmlfxh"}
{"type":"log","timestamp":1705190637695,"level":"debug","message":"Page request: GET (stylesheet) https://cdnjs.cloudflare.com/ajax/libs/metro/4.1.5/css/metro.min.css","meta":{"rootId":"tawx0ofm8ffnwoh","id":"tawx0ofm8ffnwoh"},"id":"amaofxy6vl163c1","previousOperationId":"l6sumg6v4mmlfxh"}
{"type":"log","timestamp":1705190637695,"level":"debug","message":"Page request: GET (script) https://cdnjs.cloudflare.com/ajax/libs/Chart.js/2.7.2/Chart.min.js","meta":{"rootId":"tawx0ofm8ffnwoh","id":"tawx0ofm8ffnwoh"},"id":"1g94or2zuaiuexe","previousOperationId":"l6sumg6v4mmlfxh"}
{"type":"log","timestamp":1705190637695,"level":"debug","message":"Page request finished: GET (document) 200 file:///C:/Users/Javier/AppData/Local/Temp/jsreport/autocleanup/4a6b5bde-39a8-438c-870a-cc3f7ef1da00-chrome-pdf.html","meta":{"rootId":"tawx0ofm8ffnwoh","id":"tawx0ofm8ffnwoh"},"id":"x70okf28hunyzvf","previousOperationId":"l6sumg6v4mmlfxh"}
{"type":"log","timestamp":1705190637710,"level":"debug","message":"Page request finished: GET (stylesheet) 200 https://cdnjs.cloudflare.com/ajax/libs/metro/4.1.5/css/metro.min.css","meta":{"rootId":"tawx0ofm8ffnwoh","id":"tawx0ofm8ffnwoh"},"id":"kan8a6f37fy727c","previousOperationId":"l6sumg6v4mmlfxh"}
{"type":"log","timestamp":1705190637710,"level":"debug","message":"Page request finished: GET (script) 200 https://cdnjs.cloudflare.com/ajax/libs/Chart.js/2.7.2/Chart.min.js","meta":{"rootId":"tawx0ofm8ffnwoh","id":"tawx0ofm8ffnwoh"},"id":"9q8l53jlfker09u","previousOperationId":"l6sumg6v4mmlfxh"}
{"type":"log","timestamp":1705190637769,"level":"debug","message":"Running chrome with params {\"printBackground\":true,\"timeout\":59934,\"margin\":{}}","meta":{"rootId":"tawx0ofm8ffnwoh","id":"tawx0ofm8ffnwoh"},"id":"i2w2av62992qd22","previousOperationId":"l6sumg6v4mmlfxh"}
{"type":"operationEnd","operationId":"l6sumg6v4mmlfxh","timestamp":1705190637869,"id":"4y17t8wigfb4gkk","previousEventId":"24hoogucp0525ys","previousOperationId":"l6sumg6v4mmlfxh"}
{"type":"log","timestamp":1705190637869,"level":"debug","message":"Skipping storing report.","meta":{"rootId":"tawx0ofm8ffnwoh","id":"tawx0ofm8ffnwoh"},"id":"dp8lgqve0dxt9w3","previousOperationId":"l6sumg6v4mmlfxh"}
{"type":"log","timestamp":1705190637869,"level":"info","message":"Rendering request 8 finished in 364 ms","meta":{"rootId":"tawx0ofm8ffnwoh","id":"tawx0ofm8ffnwoh"},"id":"9k5fmvoi2ds8lpi","previousOperationId":"l6sumg6v4mmlfxh"}
{"type":"operationEnd","subtype":"render","operationId":"hfjjogcurofctdi","timestamp":1705190637869,"id":"an5junss0x14rin","previousEventId":"4y17t8wigfb4gkk","previousOperationId":"l6sumg6v4mmlfxh"}
{"type":"operationEnd","doDiffs":false,"previousEventId":"aa3w0d28zpfmktr","previousOperationId":"mczflfvuc9qq8rt","operationId":"mczflfvuc9qq8rt","timestamp":1705190637871,"id":"0fstne49np62ztm"}
