{"type":"operationStart","subtype":"profile","data":{"_id":"mqTlOgSPfsPnHBGb","timestamp":"2024-01-13T14:29:00.887Z","state":"queued","mode":"standard","creationDate":"2024-01-13T14:29:00.888Z","modificationDate":"2024-01-13T14:29:00.888Z","shortid":"4rVEBYX","$entitySet":"profiles"},"doDiffs":false,"timestamp":1705156140887,"id":"dt8m813gcbgbwhx","previousOperationId":null,"operationId":"rqemvynwujdpcf7"}
{"type":"log","level":"info","message":"Render request 41 queued for execution and waiting for available worker","previousOperationId":"rqemvynwujdpcf7","timestamp":1705156140887,"id":"8yf4lx5obyem225"}
{"type":"operationStart","subtype":"render","name":"AveragePunctuation","previousOperationId":"rqemvynwujdpcf7","timestamp":1705156140892,"id":"wkauzcss3k8nn6o","previousEventId":"dt8m813gcbgbwhx","operationId":"a77v64ea23l2kpp"}
{"type":"log","timestamp":1705156140892,"level":"info","message":"Starting rendering request 41","meta":{"rootId":"thj5v1efwqbekm7","id":"thj5v1efwqbekm7"},"id":"sjloqh0yvrqrf3y","previousOperationId":"a77v64ea23l2kpp"}
{"type":"log","timestamp":1705156140892,"level":"info","message":"Rendering template { name: AveragePunctuation, recipe: chrome-pdf, engine: handlebars, preview: false }","meta":{"rootId":"thj5v1efwqbekm7","id":"thj5v1efwqbekm7"},"id":"v1w3up6qjs0n9ez","previousOperationId":"a77v64ea23l2kpp"}
{"type":"log","timestamp":1705156140892,"level":"debug","message":"Inline data specified.","meta":{"rootId":"thj5v1efwqbekm7","id":"thj5v1efwqbekm7"},"id":"hdhugxwsb9yhho3","previousOperationId":"a77v64ea23l2kpp"}
{"type":"log","timestamp":1705156140893,"level":"debug","message":"Executing script AveragePunctuation-script (beforeRender)","meta":{"rootId":"thj5v1efwqbekm7","id":"thj5v1efwqbekm7"},"id":"6hunop8vitx5i1g","previousOperationId":"a77v64ea23l2kpp"}
{"type":"operationStart","subtype":"scriptsBeforeRender","name":"scripts beforeRender","timestamp":1705156140905,"id":"satppqiws8e5ks4","previousEventId":"wkauzcss3k8nn6o","operationId":"sbxk3s6ywn6ih7a","previousOperationId":"a77v64ea23l2kpp"}
{"type":"operationStart","subtype":"script","name":"scripts AveragePunctuation-script","previousOperationId":"sbxk3s6ywn6ih7a","timestamp":1705156140905,"id":"loocewu76fcopuv","previousEventId":"satppqiws8e5ks4","operationId":"gmw1a2j34at23yj"}
{"type":"operationEnd","operationId":"gmw1a2j34at23yj","timestamp":1705156140919,"id":"p7jf061ts09ge7v","previousEventId":"wkauzcss3k8nn6o","previousOperationId":"a77v64ea23l2kpp"}
{"type":"operationEnd","operationId":"sbxk3s6ywn6ih7a","timestamp":1705156140919,"id":"ngi68mw7xpogwzz","previousEventId":"p7jf061ts09ge7v","previousOperationId":"a77v64ea23l2kpp"}
{"type":"log","timestamp":1705156140919,"level":"debug","message":"Base url not specified, skipping its injection.","meta":{"rootId":"thj5v1efwqbekm7","id":"thj5v1efwqbekm7"},"id":"foh40l6chebsh2j","previousOperationId":"sbxk3s6ywn6ih7a"}
{"type":"operationStart","subtype":"engine","name":"handlebars","timestamp":1705156140920,"id":"tw5kbb73l9e2bfk","previousEventId":"ngi68mw7xpogwzz","operationId":"fboiuotnbf7skpt","previousOperationId":"sbxk3s6ywn6ih7a"}
{"type":"log","timestamp":1705156140920,"level":"debug","message":"Rendering engine handlebars","meta":{"rootId":"thj5v1efwqbekm7","id":"thj5v1efwqbekm7"},"id":"lovg250istchxc7","previousOperationId":"fboiuotnbf7skpt"}
{"type":"operationEnd","operationId":"fboiuotnbf7skpt","timestamp":1705156140930,"id":"n8jxn2cnflz9enl","previousEventId":"tw5kbb73l9e2bfk","previousOperationId":"fboiuotnbf7skpt"}
{"type":"operationStart","subtype":"recipe","name":"chrome-pdf","timestamp":1705156140930,"id":"k19boxj399slnbe","previousEventId":"n8jxn2cnflz9enl","operationId":"a2415x88frs5g35","previousOperationId":"fboiuotnbf7skpt"}
{"type":"log","timestamp":1705156140930,"level":"debug","message":"Executing recipe chrome-pdf","meta":{"rootId":"thj5v1efwqbekm7","id":"thj5v1efwqbekm7"},"id":"5vluwcy9f55ahud","previousOperationId":"a2415x88frs5g35"}
{"type":"log","timestamp":1705156140932,"level":"debug","message":"Converting with chrome HeadlessChrome/117.0.5938.149 using chrome-pool strategy","meta":{"rootId":"thj5v1efwqbekm7","id":"thj5v1efwqbekm7"},"id":"rjmtlahrooexyi7","previousOperationId":"a2415x88frs5g35"}
{"type":"log","timestamp":1705156140999,"level":"debug","message":"Page request: GET (document) file:///C:/Users/Javier/AppData/Local/Temp/jsreport/autocleanup/81b6e627-eba8-423f-a54f-48e76ddd70a3-chrome-pdf.html","meta":{"rootId":"thj5v1efwqbekm7","id":"thj5v1efwqbekm7"},"id":"8k2n58rznao6eg8","previousOperationId":"a2415x88frs5g35"}
{"type":"log","timestamp":1705156141037,"level":"debug","message":"Page request: GET (stylesheet) https://cdnjs.cloudflare.com/ajax/libs/metro/4.1.5/css/metro.min.css","meta":{"rootId":"thj5v1efwqbekm7","id":"thj5v1efwqbekm7"},"id":"alc4tn09z7zndc1","previousOperationId":"a2415x88frs5g35"}
{"type":"log","timestamp":1705156141037,"level":"debug","message":"Page request: GET (script) https://cdnjs.cloudflare.com/ajax/libs/Chart.js/2.7.2/Chart.min.js","meta":{"rootId":"thj5v1efwqbekm7","id":"thj5v1efwqbekm7"},"id":"lqvdrsr99q7mpew","previousOperationId":"a2415x88frs5g35"}
{"type":"log","timestamp":1705156141038,"level":"debug","message":"Page request finished: GET (document) 200 file:///C:/Users/Javier/AppData/Local/Temp/jsreport/autocleanup/81b6e627-eba8-423f-a54f-48e76ddd70a3-chrome-pdf.html","meta":{"rootId":"thj5v1efwqbekm7","id":"thj5v1efwqbekm7"},"id":"2zzilo7qnpilmzn","previousOperationId":"a2415x88frs5g35"}
{"type":"log","timestamp":1705156141042,"level":"debug","message":"Page request finished: GET (script) 200 https://cdnjs.cloudflare.com/ajax/libs/Chart.js/2.7.2/Chart.min.js","meta":{"rootId":"thj5v1efwqbekm7","id":"thj5v1efwqbekm7"},"id":"c9i6du208mgbbsn","previousOperationId":"a2415x88frs5g35"}
{"type":"log","timestamp":1705156141051,"level":"debug","message":"Page request finished: GET (stylesheet) 200 https://cdnjs.cloudflare.com/ajax/libs/metro/4.1.5/css/metro.min.css","meta":{"rootId":"thj5v1efwqbekm7","id":"thj5v1efwqbekm7"},"id":"07224myfos7u827","previousOperationId":"a2415x88frs5g35"}
{"type":"log","timestamp":1705156141108,"level":"debug","message":"Running chrome with params {\"printBackground\":true,\"timeout\":59955,\"margin\":{}}","meta":{"rootId":"thj5v1efwqbekm7","id":"thj5v1efwqbekm7"},"id":"5nh4p4qkybrx6lv","previousOperationId":"a2415x88frs5g35"}
{"type":"operationEnd","operationId":"a2415x88frs5g35","timestamp":1705156141199,"id":"rf7ic6xqvpa0aal","previousEventId":"k19boxj399slnbe","previousOperationId":"a2415x88frs5g35"}
{"type":"log","timestamp":1705156141199,"level":"debug","message":"Skipping storing report.","meta":{"rootId":"thj5v1efwqbekm7","id":"thj5v1efwqbekm7"},"id":"vfsqlvoxdxyeh7v","previousOperationId":"a2415x88frs5g35"}
{"type":"log","timestamp":1705156141199,"level":"info","message":"Rendering request 41 finished in 313 ms","meta":{"rootId":"thj5v1efwqbekm7","id":"thj5v1efwqbekm7"},"id":"j5m846sjc9pc81l","previousOperationId":"a2415x88frs5g35"}
{"type":"operationEnd","subtype":"render","operationId":"a77v64ea23l2kpp","timestamp":1705156141199,"id":"x3n9i55bfmn5f2u","previousEventId":"rf7ic6xqvpa0aal","previousOperationId":"a2415x88frs5g35"}
{"type":"operationEnd","doDiffs":false,"previousEventId":"dt8m813gcbgbwhx","previousOperationId":"rqemvynwujdpcf7","operationId":"rqemvynwujdpcf7","timestamp":1705156141201,"id":"jyke9mbfiasbmt4"}
