{"type":"operationStart","subtype":"profile","data":{"_id":"JmAWkVNEDAomeFPW","timestamp":"2024-01-13T19:03:07.042Z","state":"queued","mode":"standard","creationDate":"2024-01-13T19:03:07.043Z","modificationDate":"2024-01-13T19:03:07.043Z","shortid":"7ZZ89zy","$entitySet":"profiles"},"doDiffs":false,"timestamp":1705172587043,"id":"gxqm4kgtgwtqdsh","previousOperationId":null,"operationId":"ei2izcbdwgorpib"}
{"type":"log","level":"info","message":"Render request 3 queued for execution and waiting for available worker","previousOperationId":"ei2izcbdwgorpib","timestamp":1705172587043,"id":"v1gx4ml9gkm7r5g"}
{"type":"operationStart","subtype":"render","name":"AveragePunctuation","previousOperationId":"ei2izcbdwgorpib","timestamp":1705172587048,"id":"6ev8p1mbhn7lf7l","previousEventId":"gxqm4kgtgwtqdsh","operationId":"l2ajbewtfm8ugsy"}
{"type":"log","timestamp":1705172587048,"level":"info","message":"Starting rendering request 3","meta":{"rootId":"toiy20ilc8lljck","id":"toiy20ilc8lljck"},"id":"b7tq55u4u6gc6ao","previousOperationId":"l2ajbewtfm8ugsy"}
{"type":"log","timestamp":1705172587048,"level":"info","message":"Rendering template { name: AveragePunctuation, recipe: chrome-pdf, engine: handlebars, preview: false }","meta":{"rootId":"toiy20ilc8lljck","id":"toiy20ilc8lljck"},"id":"uzhvgj5d8ekfmiz","previousOperationId":"l2ajbewtfm8ugsy"}
{"type":"log","timestamp":1705172587049,"level":"debug","message":"Inline data specified.","meta":{"rootId":"toiy20ilc8lljck","id":"toiy20ilc8lljck"},"id":"w7imkjydvt3vv66","previousOperationId":"l2ajbewtfm8ugsy"}
{"type":"log","timestamp":1705172587052,"level":"debug","message":"Executing script AveragePunctuation-script (beforeRender)","meta":{"rootId":"toiy20ilc8lljck","id":"toiy20ilc8lljck"},"id":"4i9a522xtqle98i","previousOperationId":"l2ajbewtfm8ugsy"}
{"type":"operationStart","subtype":"scriptsBeforeRender","name":"scripts beforeRender","timestamp":1705172587075,"id":"x6me9iym321oqmd","previousEventId":"6ev8p1mbhn7lf7l","operationId":"0ws42g53u0qccbw","previousOperationId":"l2ajbewtfm8ugsy"}
{"type":"operationStart","subtype":"script","name":"scripts AveragePunctuation-script","previousOperationId":"0ws42g53u0qccbw","timestamp":1705172587075,"id":"qi68zfe9glvhp0j","previousEventId":"x6me9iym321oqmd","operationId":"7rg7dk1l3fjo7kz"}
{"type":"operationEnd","operationId":"7rg7dk1l3fjo7kz","timestamp":1705172587086,"id":"bywtkqw3w56if15","previousEventId":"6ev8p1mbhn7lf7l","previousOperationId":"l2ajbewtfm8ugsy"}
{"type":"operationEnd","operationId":"0ws42g53u0qccbw","timestamp":1705172587086,"id":"gm13e1fbeyko3e4","previousEventId":"bywtkqw3w56if15","previousOperationId":"l2ajbewtfm8ugsy"}
{"type":"log","timestamp":1705172587086,"level":"debug","message":"Base url not specified, skipping its injection.","meta":{"rootId":"toiy20ilc8lljck","id":"toiy20ilc8lljck"},"id":"f6chlza76s4uozo","previousOperationId":"0ws42g53u0qccbw"}
{"type":"operationStart","subtype":"engine","name":"handlebars","timestamp":1705172587087,"id":"2bm2ha83st6xz3v","previousEventId":"gm13e1fbeyko3e4","operationId":"bl6ldfvnicujv1m","previousOperationId":"0ws42g53u0qccbw"}
{"type":"log","timestamp":1705172587087,"level":"debug","message":"Rendering engine handlebars","meta":{"rootId":"toiy20ilc8lljck","id":"toiy20ilc8lljck"},"id":"0da0ld212vjfvfe","previousOperationId":"bl6ldfvnicujv1m"}
{"type":"operationEnd","operationId":"bl6ldfvnicujv1m","timestamp":1705172587094,"id":"unbxgjrqoipqcnd","previousEventId":"2bm2ha83st6xz3v","previousOperationId":"bl6ldfvnicujv1m"}
{"type":"operationStart","subtype":"recipe","name":"chrome-pdf","timestamp":1705172587094,"id":"00hl73mwnf9y8eq","previousEventId":"unbxgjrqoipqcnd","operationId":"56ifyiookroyej5","previousOperationId":"bl6ldfvnicujv1m"}
{"type":"log","timestamp":1705172587094,"level":"debug","message":"Executing recipe chrome-pdf","meta":{"rootId":"toiy20ilc8lljck","id":"toiy20ilc8lljck"},"id":"sos7dvd8p1carql","previousOperationId":"56ifyiookroyej5"}
{"type":"log","timestamp":1705172587096,"level":"debug","message":"Converting with chrome HeadlessChrome/117.0.5938.149 using chrome-pool strategy","meta":{"rootId":"toiy20ilc8lljck","id":"toiy20ilc8lljck"},"id":"vbe1uoob4l24k9z","previousOperationId":"56ifyiookroyej5"}
{"type":"log","timestamp":1705172587195,"level":"debug","message":"Page request: GET (document) file:///C:/Users/Javier/AppData/Local/Temp/jsreport/autocleanup/0a8c72ef-80cd-4fb7-8c99-8a45ee449104-chrome-pdf.html","meta":{"rootId":"toiy20ilc8lljck","id":"toiy20ilc8lljck"},"id":"xnz8z6tgm06a8p6","previousOperationId":"56ifyiookroyej5"}
{"type":"log","timestamp":1705172587254,"level":"debug","message":"Page request finished: GET (document) 200 file:///C:/Users/Javier/AppData/Local/Temp/jsreport/autocleanup/0a8c72ef-80cd-4fb7-8c99-8a45ee449104-chrome-pdf.html","meta":{"rootId":"toiy20ilc8lljck","id":"toiy20ilc8lljck"},"id":"aa8wrdp5z8qxi4n","previousOperationId":"56ifyiookroyej5"}
{"type":"log","timestamp":1705172587255,"level":"debug","message":"Page request: GET (stylesheet) https://cdnjs.cloudflare.com/ajax/libs/metro/4.1.5/css/metro.min.css","meta":{"rootId":"toiy20ilc8lljck","id":"toiy20ilc8lljck"},"id":"fgwdtipzwneu89z","previousOperationId":"56ifyiookroyej5"}
{"type":"log","timestamp":1705172587255,"level":"debug","message":"Page request: GET (script) https://cdnjs.cloudflare.com/ajax/libs/Chart.js/2.7.2/Chart.min.js","meta":{"rootId":"toiy20ilc8lljck","id":"toiy20ilc8lljck"},"id":"74tettkhvq2nb2i","previousOperationId":"56ifyiookroyej5"}
{"type":"log","timestamp":1705172587278,"level":"debug","message":"Page request finished: GET (stylesheet) 200 https://cdnjs.cloudflare.com/ajax/libs/metro/4.1.5/css/metro.min.css","meta":{"rootId":"toiy20ilc8lljck","id":"toiy20ilc8lljck"},"id":"4dqkckgry9l9zz4","previousOperationId":"56ifyiookroyej5"}
{"type":"log","timestamp":1705172587278,"level":"debug","message":"Page request finished: GET (script) 200 https://cdnjs.cloudflare.com/ajax/libs/Chart.js/2.7.2/Chart.min.js","meta":{"rootId":"toiy20ilc8lljck","id":"toiy20ilc8lljck"},"id":"eoyld8yvx2sp55s","previousOperationId":"56ifyiookroyej5"}
{"type":"log","timestamp":1705172587376,"level":"debug","message":"Running chrome with params {\"printBackground\":true,\"timeout\":59946,\"margin\":{}}","meta":{"rootId":"toiy20ilc8lljck","id":"toiy20ilc8lljck"},"id":"b3bp4od6w422fnh","previousOperationId":"56ifyiookroyej5"}
{"type":"operationEnd","operationId":"56ifyiookroyej5","timestamp":1705172587540,"id":"th35aka364j4x52","previousEventId":"00hl73mwnf9y8eq","previousOperationId":"56ifyiookroyej5"}
{"type":"log","timestamp":1705172587540,"level":"debug","message":"Skipping storing report.","meta":{"rootId":"toiy20ilc8lljck","id":"toiy20ilc8lljck"},"id":"lirxsjyld4bsr6t","previousOperationId":"56ifyiookroyej5"}
{"type":"log","timestamp":1705172587540,"level":"info","message":"Rendering request 3 finished in 498 ms","meta":{"rootId":"toiy20ilc8lljck","id":"toiy20ilc8lljck"},"id":"hv17qftzpirp8gi","previousOperationId":"56ifyiookroyej5"}
{"type":"operationEnd","subtype":"render","operationId":"l2ajbewtfm8ugsy","timestamp":1705172587540,"id":"m6kk84jzd5zumyn","previousEventId":"th35aka364j4x52","previousOperationId":"56ifyiookroyej5"}
{"type":"operationEnd","doDiffs":false,"previousEventId":"gxqm4kgtgwtqdsh","previousOperationId":"ei2izcbdwgorpib","operationId":"ei2izcbdwgorpib","timestamp":1705172587544,"id":"1iu42qmu85qdrc3"}
