{"type":"operationStart","subtype":"profile","data":{"_id":"c8Pe50a5zbicGOUf","timestamp":"2024-01-13T22:59:30.287Z","state":"queued","mode":"standard","creationDate":"2024-01-13T22:59:30.288Z","modificationDate":"2024-01-13T22:59:30.288Z","shortid":"_wKZhT1","$entitySet":"profiles"},"doDiffs":false,"timestamp":1705186770288,"id":"c2mvfbt2tvncgd4","previousOperationId":null,"operationId":"twkqzc0905hfnqs"}
{"type":"log","level":"info","message":"Render request 8 queued for execution and waiting for available worker","previousOperationId":"twkqzc0905hfnqs","timestamp":1705186770288,"id":"r8k7yhes7g94p08"}
{"type":"operationStart","subtype":"render","name":"AveragePunctuation","previousOperationId":"twkqzc0905hfnqs","timestamp":1705186770293,"id":"iadfmy6c15b6m8w","previousEventId":"c2mvfbt2tvncgd4","operationId":"8lzph85iu5pjfkj"}
{"type":"log","timestamp":1705186770293,"level":"info","message":"Starting rendering request 8","meta":{"rootId":"tu569qgtuy9ozdh","id":"tu569qgtuy9ozdh"},"id":"hn8xnzcymn8qja7","previousOperationId":"8lzph85iu5pjfkj"}
{"type":"log","timestamp":1705186770293,"level":"info","message":"Rendering template { name: AveragePunctuation, recipe: chrome-pdf, engine: handlebars, preview: false }","meta":{"rootId":"tu569qgtuy9ozdh","id":"tu569qgtuy9ozdh"},"id":"rr3yo0njy39mcqz","previousOperationId":"8lzph85iu5pjfkj"}
{"type":"log","timestamp":1705186770294,"level":"debug","message":"Inline data specified.","meta":{"rootId":"tu569qgtuy9ozdh","id":"tu569qgtuy9ozdh"},"id":"cwoupkv2ug94ut8","previousOperationId":"8lzph85iu5pjfkj"}
{"type":"log","timestamp":1705186770298,"level":"debug","message":"Executing script AveragePunctuation-script (beforeRender)","meta":{"rootId":"tu569qgtuy9ozdh","id":"tu569qgtuy9ozdh"},"id":"cb2n5xleeyhphxn","previousOperationId":"8lzph85iu5pjfkj"}
{"type":"operationStart","subtype":"scriptsBeforeRender","name":"scripts beforeRender","timestamp":1705186770322,"id":"11wqfz7ag3qhnnr","previousEventId":"iadfmy6c15b6m8w","operationId":"ebl8qpabsxxnxb4","previousOperationId":"8lzph85iu5pjfkj"}
{"type":"operationStart","subtype":"script","name":"scripts AveragePunctuation-script","previousOperationId":"ebl8qpabsxxnxb4","timestamp":1705186770322,"id":"giw1ca4xfwk3kl1","previousEventId":"11wqfz7ag3qhnnr","operationId":"gpw55hjsq28ngz0"}
{"type":"operationEnd","operationId":"gpw55hjsq28ngz0","timestamp":1705186770358,"id":"k9j093eb3vwenkv","previousEventId":"iadfmy6c15b6m8w","previousOperationId":"8lzph85iu5pjfkj"}
{"type":"operationEnd","operationId":"ebl8qpabsxxnxb4","timestamp":1705186770358,"id":"zesoes0akbn8mde","previousEventId":"k9j093eb3vwenkv","previousOperationId":"8lzph85iu5pjfkj"}
{"type":"log","timestamp":1705186770358,"level":"debug","message":"Base url not specified, skipping its injection.","meta":{"rootId":"tu569qgtuy9ozdh","id":"tu569qgtuy9ozdh"},"id":"fpkqxolja0ievwy","previousOperationId":"ebl8qpabsxxnxb4"}
{"type":"operationStart","subtype":"engine","name":"handlebars","timestamp":1705186770358,"id":"6bkkuwsw54bvnno","previousEventId":"zesoes0akbn8mde","operationId":"dt4igh1tgmbgtm8","previousOperationId":"ebl8qpabsxxnxb4"}
{"type":"log","timestamp":1705186770358,"level":"debug","message":"Rendering engine handlebars","meta":{"rootId":"tu569qgtuy9ozdh","id":"tu569qgtuy9ozdh"},"id":"jee9tu77m4re7yh","previousOperationId":"dt4igh1tgmbgtm8"}
{"type":"operationEnd","operationId":"dt4igh1tgmbgtm8","timestamp":1705186770369,"id":"8jj0115j68gkrfz","previousEventId":"6bkkuwsw54bvnno","previousOperationId":"dt4igh1tgmbgtm8"}
{"type":"operationStart","subtype":"recipe","name":"chrome-pdf","timestamp":1705186770369,"id":"x20e0fjfpu298bw","previousEventId":"8jj0115j68gkrfz","operationId":"iaiv4fozxhp0qi0","previousOperationId":"dt4igh1tgmbgtm8"}
{"type":"log","timestamp":1705186770369,"level":"debug","message":"Executing recipe chrome-pdf","meta":{"rootId":"tu569qgtuy9ozdh","id":"tu569qgtuy9ozdh"},"id":"tdvqzknobmdg2uf","previousOperationId":"iaiv4fozxhp0qi0"}
{"type":"log","timestamp":1705186770371,"level":"debug","message":"Converting with chrome HeadlessChrome/117.0.5938.149 using chrome-pool strategy","meta":{"rootId":"tu569qgtuy9ozdh","id":"tu569qgtuy9ozdh"},"id":"wn4nd3iyuy71skk","previousOperationId":"iaiv4fozxhp0qi0"}
{"type":"log","timestamp":1705186770448,"level":"debug","message":"Page request: GET (document) file:///C:/Users/Javier/AppData/Local/Temp/jsreport/autocleanup/6044d7b8-397b-4602-9ebb-95c09ac5446a-chrome-pdf.html","meta":{"rootId":"tu569qgtuy9ozdh","id":"tu569qgtuy9ozdh"},"id":"u3d0hxlzz22sl58","previousOperationId":"iaiv4fozxhp0qi0"}
{"type":"log","timestamp":1705186770488,"level":"debug","message":"Page request: GET (stylesheet) https://cdnjs.cloudflare.com/ajax/libs/metro/4.1.5/css/metro.min.css","meta":{"rootId":"tu569qgtuy9ozdh","id":"tu569qgtuy9ozdh"},"id":"yq3ktn7czzdrk99","previousOperationId":"iaiv4fozxhp0qi0"}
{"type":"log","timestamp":1705186770489,"level":"debug","message":"Page request finished: GET (document) 200 file:///C:/Users/Javier/AppData/Local/Temp/jsreport/autocleanup/6044d7b8-397b-4602-9ebb-95c09ac5446a-chrome-pdf.html","meta":{"rootId":"tu569qgtuy9ozdh","id":"tu569qgtuy9ozdh"},"id":"8bn99jwotibar59","previousOperationId":"iaiv4fozxhp0qi0"}
{"type":"log","timestamp":1705186770489,"level":"debug","message":"Page request: GET (script) https://cdnjs.cloudflare.com/ajax/libs/Chart.js/2.7.2/Chart.min.js","meta":{"rootId":"tu569qgtuy9ozdh","id":"tu569qgtuy9ozdh"},"id":"b4q8gn0yj8z1fyx","previousOperationId":"iaiv4fozxhp0qi0"}
{"type":"log","timestamp":1705186770493,"level":"debug","message":"Page request finished: GET (script) 200 https://cdnjs.cloudflare.com/ajax/libs/Chart.js/2.7.2/Chart.min.js","meta":{"rootId":"tu569qgtuy9ozdh","id":"tu569qgtuy9ozdh"},"id":"myh5vyhogq5qugy","previousOperationId":"iaiv4fozxhp0qi0"}
{"type":"log","timestamp":1705186770503,"level":"debug","message":"Page request finished: GET (stylesheet) 200 https://cdnjs.cloudflare.com/ajax/libs/metro/4.1.5/css/metro.min.css","meta":{"rootId":"tu569qgtuy9ozdh","id":"tu569qgtuy9ozdh"},"id":"xfen3v278vg75e0","previousOperationId":"iaiv4fozxhp0qi0"}
{"type":"log","timestamp":1705186770560,"level":"debug","message":"Running chrome with params {\"printBackground\":true,\"timeout\":59916,\"margin\":{}}","meta":{"rootId":"tu569qgtuy9ozdh","id":"tu569qgtuy9ozdh"},"id":"yths2trofi6e9ie","previousOperationId":"iaiv4fozxhp0qi0"}
{"type":"operationEnd","operationId":"iaiv4fozxhp0qi0","timestamp":1705186770656,"id":"kh38cvalxedwyl5","previousEventId":"x20e0fjfpu298bw","previousOperationId":"iaiv4fozxhp0qi0"}
{"type":"log","timestamp":1705186770656,"level":"debug","message":"Skipping storing report.","meta":{"rootId":"tu569qgtuy9ozdh","id":"tu569qgtuy9ozdh"},"id":"f0vq4r5jahdvk25","previousOperationId":"iaiv4fozxhp0qi0"}
{"type":"log","timestamp":1705186770656,"level":"info","message":"Rendering request 8 finished in 369 ms","meta":{"rootId":"tu569qgtuy9ozdh","id":"tu569qgtuy9ozdh"},"id":"nhy06wa7uvjepl4","previousOperationId":"iaiv4fozxhp0qi0"}
{"type":"operationEnd","subtype":"render","operationId":"8lzph85iu5pjfkj","timestamp":1705186770656,"id":"iskmu32rrm6a4ik","previousEventId":"kh38cvalxedwyl5","previousOperationId":"iaiv4fozxhp0qi0"}
{"type":"operationEnd","doDiffs":false,"previousEventId":"c2mvfbt2tvncgd4","previousOperationId":"twkqzc0905hfnqs","operationId":"twkqzc0905hfnqs","timestamp":1705186770659,"id":"my7eoyumpp6q9rc"}
