{"type":"operationStart","subtype":"profile","data":{"_id":"spmQ7LP6La07STSz","timestamp":"2024-01-14T00:07:58.008Z","state":"queued","mode":"standard","creationDate":"2024-01-14T00:07:58.010Z","modificationDate":"2024-01-14T00:07:58.010Z","shortid":"uqVE77X","$entitySet":"profiles"},"doDiffs":false,"timestamp":1705190878009,"id":"dlif0fqyv2bz3st","previousOperationId":null,"operationId":"9ea6ipaz8juuih8"}
{"type":"log","level":"info","message":"Render request 11 queued for execution and waiting for available worker","previousOperationId":"9ea6ipaz8juuih8","timestamp":1705190878009,"id":"1xztyenkejmsxtu"}
{"type":"operationStart","subtype":"render","name":"AveragePunctuation","previousOperationId":"9ea6ipaz8juuih8","timestamp":1705190878015,"id":"locjbfkmf3ffttz","previousEventId":"dlif0fqyv2bz3st","operationId":"8ixgo0u1jqtjqci"}
{"type":"log","timestamp":1705190878015,"level":"info","message":"Starting rendering request 11","meta":{"rootId":"tupsi9dip2ip1om","id":"tupsi9dip2ip1om"},"id":"f5fzpdifp74lqsz","previousOperationId":"8ixgo0u1jqtjqci"}
{"type":"log","timestamp":1705190878015,"level":"info","message":"Rendering template { name: AveragePunctuation, recipe: chrome-pdf, engine: handlebars, preview: false }","meta":{"rootId":"tupsi9dip2ip1om","id":"tupsi9dip2ip1om"},"id":"kopck1m356xomi2","previousOperationId":"8ixgo0u1jqtjqci"}
{"type":"log","timestamp":1705190878016,"level":"debug","message":"Inline data specified.","meta":{"rootId":"tupsi9dip2ip1om","id":"tupsi9dip2ip1om"},"id":"qjnnmpm2fxcqh2r","previousOperationId":"8ixgo0u1jqtjqci"}
{"type":"log","timestamp":1705190878018,"level":"debug","message":"Executing script AveragePunctuation-script (beforeRender)","meta":{"rootId":"tupsi9dip2ip1om","id":"tupsi9dip2ip1om"},"id":"mt9llwpx9k2tej9","previousOperationId":"8ixgo0u1jqtjqci"}
{"type":"operationStart","subtype":"scriptsBeforeRender","name":"scripts beforeRender","timestamp":1705190878040,"id":"a3tw7geekisc3nv","previousEventId":"locjbfkmf3ffttz","operationId":"4rfo45pikp5746z","previousOperationId":"8ixgo0u1jqtjqci"}
{"type":"operationStart","subtype":"script","name":"scripts AveragePunctuation-script","previousOperationId":"4rfo45pikp5746z","timestamp":1705190878040,"id":"rdgkg1b549s2yvy","previousEventId":"a3tw7geekisc3nv","operationId":"sig84s81fcfax3v"}
{"type":"operationEnd","operationId":"sig84s81fcfax3v","timestamp":1705190878056,"id":"vebkxmrxsbipshz","previousEventId":"locjbfkmf3ffttz","previousOperationId":"8ixgo0u1jqtjqci"}
{"type":"operationEnd","operationId":"4rfo45pikp5746z","timestamp":1705190878056,"id":"3tswrluq4voj50o","previousEventId":"vebkxmrxsbipshz","previousOperationId":"8ixgo0u1jqtjqci"}
{"type":"log","timestamp":1705190878056,"level":"debug","message":"Base url not specified, skipping its injection.","meta":{"rootId":"tupsi9dip2ip1om","id":"tupsi9dip2ip1om"},"id":"as2wh26n9ydm8wn","previousOperationId":"4rfo45pikp5746z"}
{"type":"operationStart","subtype":"engine","name":"handlebars","timestamp":1705190878056,"id":"rhr1iuf4ffvxde1","previousEventId":"3tswrluq4voj50o","operationId":"s0g05ork627i8lc","previousOperationId":"4rfo45pikp5746z"}
{"type":"log","timestamp":1705190878056,"level":"debug","message":"Rendering engine handlebars","meta":{"rootId":"tupsi9dip2ip1om","id":"tupsi9dip2ip1om"},"id":"4dl5r8jvhcj7nxr","previousOperationId":"s0g05ork627i8lc"}
{"type":"operationEnd","operationId":"s0g05ork627i8lc","timestamp":1705190878064,"id":"mp6m3nfjhyd468s","previousEventId":"rhr1iuf4ffvxde1","previousOperationId":"s0g05ork627i8lc"}
{"type":"operationStart","subtype":"recipe","name":"chrome-pdf","timestamp":1705190878064,"id":"m5hrllnocvjigrw","previousEventId":"mp6m3nfjhyd468s","operationId":"uz3oknibpc41weo","previousOperationId":"s0g05ork627i8lc"}
{"type":"log","timestamp":1705190878064,"level":"debug","message":"Executing recipe chrome-pdf","meta":{"rootId":"tupsi9dip2ip1om","id":"tupsi9dip2ip1om"},"id":"5vpdy79py3fi0fb","previousOperationId":"uz3oknibpc41weo"}
{"type":"log","timestamp":1705190878066,"level":"debug","message":"Converting with chrome HeadlessChrome/117.0.5938.149 using chrome-pool strategy","meta":{"rootId":"tupsi9dip2ip1om","id":"tupsi9dip2ip1om"},"id":"7c99eq3hu3lz2t9","previousOperationId":"uz3oknibpc41weo"}
{"type":"log","timestamp":1705190878141,"level":"debug","message":"Page request: GET (document) file:///C:/Users/Javier/AppData/Local/Temp/jsreport/autocleanup/269888b2-ef0f-4f3f-b0cb-2b66eda97636-chrome-pdf.html","meta":{"rootId":"tupsi9dip2ip1om","id":"tupsi9dip2ip1om"},"id":"xa042ollzm8qhan","previousOperationId":"uz3oknibpc41weo"}
{"type":"log","timestamp":1705190878182,"level":"debug","message":"Page request: GET (stylesheet) https://cdnjs.cloudflare.com/ajax/libs/metro/4.1.5/css/metro.min.css","meta":{"rootId":"tupsi9dip2ip1om","id":"tupsi9dip2ip1om"},"id":"dj0t9efb7sflkod","previousOperationId":"uz3oknibpc41weo"}
{"type":"log","timestamp":1705190878183,"level":"debug","message":"Page request finished: GET (document) 200 file:///C:/Users/Javier/AppData/Local/Temp/jsreport/autocleanup/269888b2-ef0f-4f3f-b0cb-2b66eda97636-chrome-pdf.html","meta":{"rootId":"tupsi9dip2ip1om","id":"tupsi9dip2ip1om"},"id":"8zrh98p9p1iun05","previousOperationId":"uz3oknibpc41weo"}
{"type":"log","timestamp":1705190878183,"level":"debug","message":"Page request: GET (script) https://cdnjs.cloudflare.com/ajax/libs/Chart.js/2.7.2/Chart.min.js","meta":{"rootId":"tupsi9dip2ip1om","id":"tupsi9dip2ip1om"},"id":"cedr8lml6d9x6d7","previousOperationId":"uz3oknibpc41weo"}
{"type":"log","timestamp":1705190878187,"level":"debug","message":"Page request finished: GET (script) 200 https://cdnjs.cloudflare.com/ajax/libs/Chart.js/2.7.2/Chart.min.js","meta":{"rootId":"tupsi9dip2ip1om","id":"tupsi9dip2ip1om"},"id":"esm5tli7alc1mxf","previousOperationId":"uz3oknibpc41weo"}
{"type":"log","timestamp":1705190878198,"level":"debug","message":"Page request finished: GET (stylesheet) 200 https://cdnjs.cloudflare.com/ajax/libs/metro/4.1.5/css/metro.min.css","meta":{"rootId":"tupsi9dip2ip1om","id":"tupsi9dip2ip1om"},"id":"dujnkd08v3spptp","previousOperationId":"uz3oknibpc41weo"}
{"type":"log","timestamp":1705190878257,"level":"debug","message":"Running chrome with params {\"printBackground\":true,\"timeout\":59942,\"margin\":{}}","meta":{"rootId":"tupsi9dip2ip1om","id":"tupsi9dip2ip1om"},"id":"fx2mqz0gti5fvc3","previousOperationId":"uz3oknibpc41weo"}
{"type":"operationEnd","operationId":"uz3oknibpc41weo","timestamp":1705190878351,"id":"l5ltuc8f8efj0x2","previousEventId":"m5hrllnocvjigrw","previousOperationId":"uz3oknibpc41weo"}
{"type":"log","timestamp":1705190878351,"level":"debug","message":"Skipping storing report.","meta":{"rootId":"tupsi9dip2ip1om","id":"tupsi9dip2ip1om"},"id":"b56us393as7ii4x","previousOperationId":"uz3oknibpc41weo"}
{"type":"log","timestamp":1705190878351,"level":"info","message":"Rendering request 11 finished in 343 ms","meta":{"rootId":"tupsi9dip2ip1om","id":"tupsi9dip2ip1om"},"id":"k9qqjhlijv8v45j","previousOperationId":"uz3oknibpc41weo"}
{"type":"operationEnd","subtype":"render","operationId":"8ixgo0u1jqtjqci","timestamp":1705190878351,"id":"lgtw87vyqt25xag","previousEventId":"l5ltuc8f8efj0x2","previousOperationId":"uz3oknibpc41weo"}
{"type":"operationEnd","doDiffs":false,"previousEventId":"dlif0fqyv2bz3st","previousOperationId":"9ea6ipaz8juuih8","operationId":"9ea6ipaz8juuih8","timestamp":1705190878353,"id":"9vnaaeocy8lqahl"}
