{"type":"operationStart","subtype":"profile","data":{"_id":"dcmBBuUu2jNmiZoF","timestamp":"2024-01-13T18:43:49.365Z","state":"queued","mode":"standard","creationDate":"2024-01-13T18:43:49.366Z","modificationDate":"2024-01-13T18:43:49.366Z","shortid":"ETENIB5","$entitySet":"profiles"},"doDiffs":false,"timestamp":1705171429366,"id":"ol55ib0l6t2gnxp","previousOperationId":null,"operationId":"2qalc6yvw7gpdsn"}
{"type":"log","level":"info","message":"Render request 71 queued for execution and waiting for available worker","previousOperationId":"2qalc6yvw7gpdsn","timestamp":1705171429366,"id":"m8t45zi0nhvmtya"}
{"type":"operationStart","subtype":"render","name":"AveragePunctuation","previousOperationId":"2qalc6yvw7gpdsn","timestamp":1705171429373,"id":"sum01jw95x6huth","previousEventId":"ol55ib0l6t2gnxp","operationId":"6w5zn59ce5suuqm"}
{"type":"log","timestamp":1705171429373,"level":"info","message":"Starting rendering request 71","meta":{"rootId":"tvf5ljhur6oprit","id":"tvf5ljhur6oprit"},"id":"mc17rne0owdb4b3","previousOperationId":"6w5zn59ce5suuqm"}
{"type":"log","timestamp":1705171429373,"level":"info","message":"Rendering template { name: AveragePunctuation, recipe: chrome-pdf, engine: handlebars, preview: false }","meta":{"rootId":"tvf5ljhur6oprit","id":"tvf5ljhur6oprit"},"id":"2qdskhkpzsnm8a4","previousOperationId":"6w5zn59ce5suuqm"}
{"type":"log","timestamp":1705171429374,"level":"debug","message":"Inline data specified.","meta":{"rootId":"tvf5ljhur6oprit","id":"tvf5ljhur6oprit"},"id":"5ftb8pa4vvkd9a0","previousOperationId":"6w5zn59ce5suuqm"}
{"type":"log","timestamp":1705171429378,"level":"debug","message":"Executing script AveragePunctuation-script (beforeRender)","meta":{"rootId":"tvf5ljhur6oprit","id":"tvf5ljhur6oprit"},"id":"llp0hm22duqij7e","previousOperationId":"6w5zn59ce5suuqm"}
{"type":"operationStart","subtype":"scriptsBeforeRender","name":"scripts beforeRender","timestamp":1705171429395,"id":"w565kxf2t355du0","previousEventId":"sum01jw95x6huth","operationId":"apb68hn10ca9pyn","previousOperationId":"6w5zn59ce5suuqm"}
{"type":"operationStart","subtype":"script","name":"scripts AveragePunctuation-script","previousOperationId":"apb68hn10ca9pyn","timestamp":1705171429395,"id":"khqvn4gsp2kdq1g","previousEventId":"w565kxf2t355du0","operationId":"zncc66zslu9a96o"}
{"type":"operationEnd","operationId":"zncc66zslu9a96o","timestamp":1705171429407,"id":"w3lu5pxkbk8qwrp","previousEventId":"sum01jw95x6huth","previousOperationId":"6w5zn59ce5suuqm"}
{"type":"operationEnd","operationId":"apb68hn10ca9pyn","timestamp":1705171429407,"id":"6v6z04p2amd7028","previousEventId":"w3lu5pxkbk8qwrp","previousOperationId":"6w5zn59ce5suuqm"}
{"type":"log","timestamp":1705171429407,"level":"debug","message":"Base url not specified, skipping its injection.","meta":{"rootId":"tvf5ljhur6oprit","id":"tvf5ljhur6oprit"},"id":"9r4m3qf6nw0og9k","previousOperationId":"apb68hn10ca9pyn"}
{"type":"operationStart","subtype":"engine","name":"handlebars","timestamp":1705171429407,"id":"rte15iiwvs4ddar","previousEventId":"6v6z04p2amd7028","operationId":"4forvnbxqs1bd2e","previousOperationId":"apb68hn10ca9pyn"}
{"type":"log","timestamp":1705171429407,"level":"debug","message":"Rendering engine handlebars","meta":{"rootId":"tvf5ljhur6oprit","id":"tvf5ljhur6oprit"},"id":"h0hpmhl9jsgxjel","previousOperationId":"4forvnbxqs1bd2e"}
{"type":"operationEnd","operationId":"4forvnbxqs1bd2e","timestamp":1705171429414,"id":"dibmmofe895fclk","previousEventId":"rte15iiwvs4ddar","previousOperationId":"4forvnbxqs1bd2e"}
{"type":"operationStart","subtype":"recipe","name":"chrome-pdf","timestamp":1705171429414,"id":"ur1uta70v5kk0w7","previousEventId":"dibmmofe895fclk","operationId":"nt9pmqfvqb97xv3","previousOperationId":"4forvnbxqs1bd2e"}
{"type":"log","timestamp":1705171429414,"level":"debug","message":"Executing recipe chrome-pdf","meta":{"rootId":"tvf5ljhur6oprit","id":"tvf5ljhur6oprit"},"id":"3kee0oi6dwxvvpq","previousOperationId":"nt9pmqfvqb97xv3"}
{"type":"log","timestamp":1705171429420,"level":"debug","message":"Converting with chrome HeadlessChrome/117.0.5938.149 using chrome-pool strategy","meta":{"rootId":"tvf5ljhur6oprit","id":"tvf5ljhur6oprit"},"id":"6qry5ee1ffqpyvv","previousOperationId":"nt9pmqfvqb97xv3"}
{"type":"log","timestamp":1705171429506,"level":"debug","message":"Page request: GET (document) file:///C:/Users/Javier/AppData/Local/Temp/jsreport/autocleanup/ff6f183e-cd1e-4b63-9ac1-641f9baf3d2a-chrome-pdf.html","meta":{"rootId":"tvf5ljhur6oprit","id":"tvf5ljhur6oprit"},"id":"oyigihc070rp39g","previousOperationId":"nt9pmqfvqb97xv3"}
{"type":"log","timestamp":1705171429550,"level":"debug","message":"Page request: GET (stylesheet) https://cdnjs.cloudflare.com/ajax/libs/metro/4.1.5/css/metro.min.css","meta":{"rootId":"tvf5ljhur6oprit","id":"tvf5ljhur6oprit"},"id":"eli3pueisxw49fo","previousOperationId":"nt9pmqfvqb97xv3"}
{"type":"log","timestamp":1705171429550,"level":"debug","message":"Page request: GET (script) https://cdnjs.cloudflare.com/ajax/libs/Chart.js/2.7.2/Chart.min.js","meta":{"rootId":"tvf5ljhur6oprit","id":"tvf5ljhur6oprit"},"id":"zz4tvux05msgd8n","previousOperationId":"nt9pmqfvqb97xv3"}
{"type":"log","timestamp":1705171429550,"level":"debug","message":"Page request finished: GET (document) 200 file:///C:/Users/Javier/AppData/Local/Temp/jsreport/autocleanup/ff6f183e-cd1e-4b63-9ac1-641f9baf3d2a-chrome-pdf.html","meta":{"rootId":"tvf5ljhur6oprit","id":"tvf5ljhur6oprit"},"id":"tse81ckba0bpb51","previousOperationId":"nt9pmqfvqb97xv3"}
{"type":"log","timestamp":1705171429555,"level":"debug","message":"Page request finished: GET (script) 200 https://cdnjs.cloudflare.com/ajax/libs/Chart.js/2.7.2/Chart.min.js","meta":{"rootId":"tvf5ljhur6oprit","id":"tvf5ljhur6oprit"},"id":"9t6ph4befns3ndb","previousOperationId":"nt9pmqfvqb97xv3"}
{"type":"log","timestamp":1705171429565,"level":"debug","message":"Page request finished: GET (stylesheet) 200 https://cdnjs.cloudflare.com/ajax/libs/metro/4.1.5/css/metro.min.css","meta":{"rootId":"tvf5ljhur6oprit","id":"tvf5ljhur6oprit"},"id":"fcvposr5xarj0c8","previousOperationId":"nt9pmqfvqb97xv3"}
{"type":"log","timestamp":1705171429628,"level":"debug","message":"Running chrome with params {\"printBackground\":true,\"timeout\":59946,\"margin\":{}}","meta":{"rootId":"tvf5ljhur6oprit","id":"tvf5ljhur6oprit"},"id":"ajgpqi49tmsbrzo","previousOperationId":"nt9pmqfvqb97xv3"}
{"type":"operationEnd","operationId":"nt9pmqfvqb97xv3","timestamp":1705171429732,"id":"l9xndl4xiq27pnw","previousEventId":"ur1uta70v5kk0w7","previousOperationId":"nt9pmqfvqb97xv3"}
{"type":"log","timestamp":1705171429732,"level":"debug","message":"Skipping storing report.","meta":{"rootId":"tvf5ljhur6oprit","id":"tvf5ljhur6oprit"},"id":"iy4pawnyuakclgz","previousOperationId":"nt9pmqfvqb97xv3"}
{"type":"log","timestamp":1705171429732,"level":"info","message":"Rendering request 71 finished in 368 ms","meta":{"rootId":"tvf5ljhur6oprit","id":"tvf5ljhur6oprit"},"id":"nvgkdbys1lah99u","previousOperationId":"nt9pmqfvqb97xv3"}
{"type":"operationEnd","subtype":"render","operationId":"6w5zn59ce5suuqm","timestamp":1705171429732,"id":"he91quxqhas28ds","previousEventId":"l9xndl4xiq27pnw","previousOperationId":"nt9pmqfvqb97xv3"}
{"type":"operationEnd","doDiffs":false,"previousEventId":"ol55ib0l6t2gnxp","previousOperationId":"2qalc6yvw7gpdsn","operationId":"2qalc6yvw7gpdsn","timestamp":1705171429734,"id":"35fqvh0dtr5nxer"}
