{"type":"operationStart","subtype":"profile","data":{"_id":"5wJrFCFarSDVU4F7","timestamp":"2024-01-13T20:17:04.864Z","state":"queued","mode":"standard","creationDate":"2024-01-13T20:17:04.868Z","modificationDate":"2024-01-13T20:17:04.868Z","shortid":"h96iQBN","$entitySet":"profiles"},"doDiffs":false,"timestamp":1705177024866,"id":"2l0ej8n6crnqq8q","previousOperationId":null,"operationId":"bpdl0aofqxpg4w9"}
{"type":"log","level":"info","message":"Render request 1 queued for execution and waiting for available worker","previousOperationId":"bpdl0aofqxpg4w9","timestamp":1705177024866,"id":"jlasv0i0tqbttxm"}
{"type":"operationStart","subtype":"render","name":"AveragePunctuation","previousOperationId":"bpdl0aofqxpg4w9","timestamp":1705177024913,"id":"61y1lpb4vmrwb7u","previousEventId":"2l0ej8n6crnqq8q","operationId":"sx89r1zww763eax"}
{"type":"log","timestamp":1705177024914,"level":"info","message":"Starting rendering request 1","meta":{"rootId":"twbvtk7h9bip47c","id":"twbvtk7h9bip47c"},"id":"9i6on0gdckcu2iz","previousOperationId":"sx89r1zww763eax"}
{"type":"log","timestamp":1705177024916,"level":"info","message":"Rendering template { name: AveragePunctuation, recipe: chrome-pdf, engine: handlebars, preview: false }","meta":{"rootId":"twbvtk7h9bip47c","id":"twbvtk7h9bip47c"},"id":"9bxrhhh71792f9t","previousOperationId":"sx89r1zww763eax"}
{"type":"log","timestamp":1705177024922,"level":"debug","message":"Inline data specified.","meta":{"rootId":"twbvtk7h9bip47c","id":"twbvtk7h9bip47c"},"id":"jfjdupzoi8w58tw","previousOperationId":"sx89r1zww763eax"}
{"type":"log","timestamp":1705177024928,"level":"debug","message":"Executing script AveragePunctuation-script (beforeRender)","meta":{"rootId":"twbvtk7h9bip47c","id":"twbvtk7h9bip47c"},"id":"a42uh94n0buih4l","previousOperationId":"sx89r1zww763eax"}
{"type":"operationStart","subtype":"scriptsBeforeRender","name":"scripts beforeRender","timestamp":1705177025308,"id":"o7uz0lautuyui9e","previousEventId":"61y1lpb4vmrwb7u","operationId":"y3ywkqsc4w8r1h3","previousOperationId":"sx89r1zww763eax"}
{"type":"operationStart","subtype":"script","name":"scripts AveragePunctuation-script","previousOperationId":"y3ywkqsc4w8r1h3","timestamp":1705177025308,"id":"5vif7mht82cxdr4","previousEventId":"o7uz0lautuyui9e","operationId":"1ewmt2tta9ljfio"}
{"type":"operationEnd","operationId":"1ewmt2tta9ljfio","timestamp":1705177025361,"id":"zg8ooq2poo68v42","previousEventId":"61y1lpb4vmrwb7u","previousOperationId":"sx89r1zww763eax"}
{"type":"operationEnd","operationId":"y3ywkqsc4w8r1h3","timestamp":1705177025361,"id":"9yvutsukpm1fqy4","previousEventId":"zg8ooq2poo68v42","previousOperationId":"sx89r1zww763eax"}
{"type":"log","timestamp":1705177025361,"level":"debug","message":"Base url not specified, skipping its injection.","meta":{"rootId":"twbvtk7h9bip47c","id":"twbvtk7h9bip47c"},"id":"1u32yvuts180960","previousOperationId":"y3ywkqsc4w8r1h3"}
{"type":"operationStart","subtype":"engine","name":"handlebars","timestamp":1705177025362,"id":"ct1ykzk1o6gblpe","previousEventId":"9yvutsukpm1fqy4","operationId":"0i1gwv9gdn5d10d","previousOperationId":"y3ywkqsc4w8r1h3"}
{"type":"log","timestamp":1705177025362,"level":"debug","message":"Rendering engine handlebars","meta":{"rootId":"twbvtk7h9bip47c","id":"twbvtk7h9bip47c"},"id":"tm76h0p021mlamv","previousOperationId":"0i1gwv9gdn5d10d"}
{"type":"operationEnd","operationId":"0i1gwv9gdn5d10d","timestamp":1705177025649,"id":"h40i00c7b1k23dc","previousEventId":"ct1ykzk1o6gblpe","previousOperationId":"0i1gwv9gdn5d10d"}
{"type":"operationStart","subtype":"recipe","name":"chrome-pdf","timestamp":1705177025650,"id":"toxj5wq68b4r0oq","previousEventId":"h40i00c7b1k23dc","operationId":"gecyaejo1qjblf1","previousOperationId":"0i1gwv9gdn5d10d"}
{"type":"log","timestamp":1705177025650,"level":"debug","message":"Executing recipe chrome-pdf","meta":{"rootId":"twbvtk7h9bip47c","id":"twbvtk7h9bip47c"},"id":"a2hh7j3yfujtvaq","previousOperationId":"gecyaejo1qjblf1"}
{"type":"log","timestamp":1705177026367,"level":"debug","message":"Converting with chrome HeadlessChrome/117.0.5938.149 using chrome-pool strategy","meta":{"rootId":"twbvtk7h9bip47c","id":"twbvtk7h9bip47c"},"id":"3ziwt26wbda8qvr","previousOperationId":"gecyaejo1qjblf1"}
{"type":"log","timestamp":1705177026553,"level":"debug","message":"Page request: GET (document) file:///C:/Users/Javier/AppData/Local/Temp/jsreport/autocleanup/382a44dd-8535-40a8-8b8c-eacccfd79797-chrome-pdf.html","meta":{"rootId":"twbvtk7h9bip47c","id":"twbvtk7h9bip47c"},"id":"bsf999h95p2vdd0","previousOperationId":"gecyaejo1qjblf1"}
{"type":"log","timestamp":1705177026610,"level":"debug","message":"Page request finished: GET (document) 200 file:///C:/Users/Javier/AppData/Local/Temp/jsreport/autocleanup/382a44dd-8535-40a8-8b8c-eacccfd79797-chrome-pdf.html","meta":{"rootId":"twbvtk7h9bip47c","id":"twbvtk7h9bip47c"},"id":"xft7jc20axyw5gn","previousOperationId":"gecyaejo1qjblf1"}
{"type":"log","timestamp":1705177026611,"level":"debug","message":"Page request: GET (stylesheet) https://cdnjs.cloudflare.com/ajax/libs/metro/4.1.5/css/metro.min.css","meta":{"rootId":"twbvtk7h9bip47c","id":"twbvtk7h9bip47c"},"id":"6d5oozt7vzb54pe","previousOperationId":"gecyaejo1qjblf1"}
{"type":"log","timestamp":1705177026611,"level":"debug","message":"Page request: GET (script) https://cdnjs.cloudflare.com/ajax/libs/Chart.js/2.7.2/Chart.min.js","meta":{"rootId":"twbvtk7h9bip47c","id":"twbvtk7h9bip47c"},"id":"4j44ur0i8tk0k1p","previousOperationId":"gecyaejo1qjblf1"}
{"type":"log","timestamp":1705177026822,"level":"debug","message":"Page request finished: GET (stylesheet) 200 https://cdnjs.cloudflare.com/ajax/libs/metro/4.1.5/css/metro.min.css","meta":{"rootId":"twbvtk7h9bip47c","id":"twbvtk7h9bip47c"},"id":"823nn2jodgopqss","previousOperationId":"gecyaejo1qjblf1"}
{"type":"log","timestamp":1705177026823,"level":"debug","message":"Page request finished: GET (script) 200 https://cdnjs.cloudflare.com/ajax/libs/Chart.js/2.7.2/Chart.min.js","meta":{"rootId":"twbvtk7h9bip47c","id":"twbvtk7h9bip47c"},"id":"kpvir2v2vq2s8q4","previousOperationId":"gecyaejo1qjblf1"}
{"type":"log","timestamp":1705177026906,"level":"debug","message":"Running chrome with params {\"printBackground\":true,\"timeout\":58672,\"margin\":{}}","meta":{"rootId":"twbvtk7h9bip47c","id":"twbvtk7h9bip47c"},"id":"9ud7ex4i74d0alp","previousOperationId":"gecyaejo1qjblf1"}
{"type":"operationEnd","operationId":"gecyaejo1qjblf1","timestamp":1705177027030,"id":"vakpl0wzs2h7fs3","previousEventId":"toxj5wq68b4r0oq","previousOperationId":"gecyaejo1qjblf1"}
{"type":"log","timestamp":1705177027031,"level":"debug","message":"Skipping storing report.","meta":{"rootId":"twbvtk7h9bip47c","id":"twbvtk7h9bip47c"},"id":"d6ser2zugl5nka4","previousOperationId":"gecyaejo1qjblf1"}
{"type":"log","timestamp":1705177027031,"level":"info","message":"Rendering request 1 finished in 2167 ms","meta":{"rootId":"twbvtk7h9bip47c","id":"twbvtk7h9bip47c"},"id":"tpo19ywrkler60p","previousOperationId":"gecyaejo1qjblf1"}
{"type":"operationEnd","subtype":"render","operationId":"sx89r1zww763eax","timestamp":1705177027031,"id":"booos2nhnyo73vd","previousEventId":"vakpl0wzs2h7fs3","previousOperationId":"gecyaejo1qjblf1"}
{"type":"operationEnd","doDiffs":false,"previousEventId":"2l0ej8n6crnqq8q","previousOperationId":"bpdl0aofqxpg4w9","operationId":"bpdl0aofqxpg4w9","timestamp":1705177027036,"id":"8jctlgf5qx47f4b"}
