{"type":"operationStart","subtype":"profile","data":{"_id":"QpRTkgHaV5bpMYTH","timestamp":"2024-01-11T17:12:14.156Z","state":"queued","mode":"standard","creationDate":"2024-01-11T17:12:14.157Z","modificationDate":"2024-01-11T17:12:14.157Z","shortid":"v6GndFO","$entitySet":"profiles"},"doDiffs":false,"timestamp":1704993134157,"id":"savnlw1qy4nk4c1","previousOperationId":null,"operationId":"j9krq22gxjgad96"}
{"type":"log","level":"info","message":"Render request 24 queued for execution and waiting for available worker","previousOperationId":"j9krq22gxjgad96","timestamp":1704993134157,"id":"pksl67brr6urwdb"}
{"type":"operationStart","subtype":"render","name":"AveragePunctuation","previousOperationId":"j9krq22gxjgad96","timestamp":1704993134163,"id":"1ffud9n03b9wyxq","previousEventId":"savnlw1qy4nk4c1","operationId":"72ne4my6plhe8fi"}
{"type":"log","timestamp":1704993134163,"level":"info","message":"Starting rendering request 24","meta":{"rootId":"u5g0zfjzxbmv7sd","id":"u5g0zfjzxbmv7sd"},"id":"d48lynfnb5u5pet","previousOperationId":"72ne4my6plhe8fi"}
{"type":"log","timestamp":1704993134163,"level":"info","message":"Rendering template { name: AveragePunctuation, recipe: chrome-pdf, engine: handlebars, preview: false }","meta":{"rootId":"u5g0zfjzxbmv7sd","id":"u5g0zfjzxbmv7sd"},"id":"mchj3ktu90cmzrn","previousOperationId":"72ne4my6plhe8fi"}
{"type":"log","timestamp":1704993134163,"level":"debug","message":"Inline data specified.","meta":{"rootId":"u5g0zfjzxbmv7sd","id":"u5g0zfjzxbmv7sd"},"id":"f7lyddyf3wq0s32","previousOperationId":"72ne4my6plhe8fi"}
{"type":"log","timestamp":1704993134166,"level":"debug","message":"Executing script AveragePunctuation-script (beforeRender)","meta":{"rootId":"u5g0zfjzxbmv7sd","id":"u5g0zfjzxbmv7sd"},"id":"bs6edxwyx7lwxp8","previousOperationId":"72ne4my6plhe8fi"}
{"type":"operationStart","subtype":"scriptsBeforeRender","name":"scripts beforeRender","timestamp":1704993134183,"id":"alzg51kol8rmeca","previousEventId":"1ffud9n03b9wyxq","operationId":"z13v8zm4iig0g05","previousOperationId":"72ne4my6plhe8fi"}
{"type":"operationStart","subtype":"script","name":"scripts AveragePunctuation-script","previousOperationId":"z13v8zm4iig0g05","timestamp":1704993134183,"id":"q0ngxpe3ov7v3l0","previousEventId":"alzg51kol8rmeca","operationId":"904rsegn75jxr4m"}
{"type":"operationEnd","operationId":"904rsegn75jxr4m","timestamp":1704993134194,"id":"npqmuxdkrxue32j","previousEventId":"1ffud9n03b9wyxq","previousOperationId":"72ne4my6plhe8fi"}
{"type":"operationEnd","operationId":"z13v8zm4iig0g05","timestamp":1704993134194,"id":"8ezp0ty4dbpnu6s","previousEventId":"npqmuxdkrxue32j","previousOperationId":"72ne4my6plhe8fi"}
{"type":"log","timestamp":1704993134194,"level":"debug","message":"Base url not specified, skipping its injection.","meta":{"rootId":"u5g0zfjzxbmv7sd","id":"u5g0zfjzxbmv7sd"},"id":"ywu7gnr967w8l1f","previousOperationId":"z13v8zm4iig0g05"}
{"type":"operationStart","subtype":"engine","name":"handlebars","timestamp":1704993134194,"id":"7bpk9btyvup3agz","previousEventId":"8ezp0ty4dbpnu6s","operationId":"vqibt6adt2lggu8","previousOperationId":"z13v8zm4iig0g05"}
{"type":"log","timestamp":1704993134194,"level":"debug","message":"Rendering engine handlebars","meta":{"rootId":"u5g0zfjzxbmv7sd","id":"u5g0zfjzxbmv7sd"},"id":"zk5pbs4favdk3m5","previousOperationId":"vqibt6adt2lggu8"}
{"type":"operationEnd","operationId":"vqibt6adt2lggu8","timestamp":1704993134200,"id":"mwc39mkeu2wv3bq","previousEventId":"7bpk9btyvup3agz","previousOperationId":"vqibt6adt2lggu8"}
{"type":"operationStart","subtype":"recipe","name":"chrome-pdf","timestamp":1704993134201,"id":"3mgr0gxq05nxeuf","previousEventId":"mwc39mkeu2wv3bq","operationId":"do6i2llqj8y7fox","previousOperationId":"vqibt6adt2lggu8"}
{"type":"log","timestamp":1704993134201,"level":"debug","message":"Executing recipe chrome-pdf","meta":{"rootId":"u5g0zfjzxbmv7sd","id":"u5g0zfjzxbmv7sd"},"id":"p86c2zhz9dv1wxf","previousOperationId":"do6i2llqj8y7fox"}
{"type":"log","timestamp":1704993134202,"level":"debug","message":"Converting with chrome HeadlessChrome/117.0.5938.149 using chrome-pool strategy","meta":{"rootId":"u5g0zfjzxbmv7sd","id":"u5g0zfjzxbmv7sd"},"id":"muvttad28s7imp7","previousOperationId":"do6i2llqj8y7fox"}
{"type":"log","timestamp":1704993134272,"level":"debug","message":"Page request: GET (document) file:///C:/Users/Javier/AppData/Local/Temp/jsreport/autocleanup/d6bc6c04-b266-4857-8b29-657a9b273f56-chrome-pdf.html","meta":{"rootId":"u5g0zfjzxbmv7sd","id":"u5g0zfjzxbmv7sd"},"id":"sc9xhdg06nmbwar","previousOperationId":"do6i2llqj8y7fox"}
{"type":"log","timestamp":1704993134283,"level":"debug","message":"Page request finished: GET (document) 200 file:///C:/Users/Javier/AppData/Local/Temp/jsreport/autocleanup/d6bc6c04-b266-4857-8b29-657a9b273f56-chrome-pdf.html","meta":{"rootId":"u5g0zfjzxbmv7sd","id":"u5g0zfjzxbmv7sd"},"id":"26cm26maz0lm09t","previousOperationId":"do6i2llqj8y7fox"}
{"type":"log","timestamp":1704993134287,"level":"debug","message":"Running chrome with params {\"printBackground\":true,\"timeout\":59954,\"margin\":{}}","meta":{"rootId":"u5g0zfjzxbmv7sd","id":"u5g0zfjzxbmv7sd"},"id":"kzlh6ro2ussdlvo","previousOperationId":"do6i2llqj8y7fox"}
{"type":"operationEnd","operationId":"do6i2llqj8y7fox","timestamp":1704993134298,"id":"327uaugk29aik08","previousEventId":"3mgr0gxq05nxeuf","previousOperationId":"do6i2llqj8y7fox"}
{"type":"log","timestamp":1704993134298,"level":"debug","message":"Skipping storing report.","meta":{"rootId":"u5g0zfjzxbmv7sd","id":"u5g0zfjzxbmv7sd"},"id":"y1oo4nwu9alkso9","previousOperationId":"do6i2llqj8y7fox"}
{"type":"log","timestamp":1704993134298,"level":"info","message":"Rendering request 24 finished in 142 ms","meta":{"rootId":"u5g0zfjzxbmv7sd","id":"u5g0zfjzxbmv7sd"},"id":"kv705nu6mqqq8qn","previousOperationId":"do6i2llqj8y7fox"}
{"type":"operationEnd","subtype":"render","operationId":"72ne4my6plhe8fi","timestamp":1704993134298,"id":"g5h3zp9d8fhay7q","previousEventId":"327uaugk29aik08","previousOperationId":"do6i2llqj8y7fox"}
{"type":"operationEnd","doDiffs":false,"previousEventId":"savnlw1qy4nk4c1","previousOperationId":"j9krq22gxjgad96","operationId":"j9krq22gxjgad96","timestamp":1704993134300,"id":"lop12etxvt4mp8f"}
