{"type":"operationStart","subtype":"profile","data":{"_id":"UCWxmXLk1kdfdhD2","timestamp":"2024-01-13T14:27:52.785Z","state":"queued","mode":"standard","creationDate":"2024-01-13T14:27:52.786Z","modificationDate":"2024-01-13T14:27:52.786Z","shortid":"Ys5bkPR","$entitySet":"profiles"},"doDiffs":false,"timestamp":1705156072786,"id":"u51zxibfveect9c","previousOperationId":null,"operationId":"vmq8ghtaobj0s2i"}
{"type":"log","level":"info","message":"Render request 39 queued for execution and waiting for available worker","previousOperationId":"vmq8ghtaobj0s2i","timestamp":1705156072786,"id":"tgczgh4iymksyzf"}
{"type":"operationStart","subtype":"render","name":"AveragePunctuation","previousOperationId":"vmq8ghtaobj0s2i","timestamp":1705156072802,"id":"9idonocervfooll","previousEventId":"u51zxibfveect9c","operationId":"yinqx2somozjv7h"}
{"type":"log","timestamp":1705156072802,"level":"info","message":"Starting rendering request 39","meta":{"rootId":"u9dvl2g24d12q2k","id":"u9dvl2g24d12q2k"},"id":"o7voxv826brcm1q","previousOperationId":"yinqx2somozjv7h"}
{"type":"log","timestamp":1705156072802,"level":"info","message":"Rendering template { name: AveragePunctuation, recipe: chrome-pdf, engine: handlebars, preview: false }","meta":{"rootId":"u9dvl2g24d12q2k","id":"u9dvl2g24d12q2k"},"id":"vj4ct1ezwqh9h08","previousOperationId":"yinqx2somozjv7h"}
{"type":"log","timestamp":1705156072803,"level":"debug","message":"Inline data specified.","meta":{"rootId":"u9dvl2g24d12q2k","id":"u9dvl2g24d12q2k"},"id":"gip1qz81sjlo3gr","previousOperationId":"yinqx2somozjv7h"}
{"type":"log","timestamp":1705156072804,"level":"debug","message":"Executing script AveragePunctuation-script (beforeRender)","meta":{"rootId":"u9dvl2g24d12q2k","id":"u9dvl2g24d12q2k"},"id":"i332cdtz1344cyh","previousOperationId":"yinqx2somozjv7h"}
{"type":"operationStart","subtype":"scriptsBeforeRender","name":"scripts beforeRender","timestamp":1705156072816,"id":"6hc5z9og8g6bhcn","previousEventId":"9idonocervfooll","operationId":"6hiyq5yrnra2hi7","previousOperationId":"yinqx2somozjv7h"}
{"type":"operationStart","subtype":"script","name":"scripts AveragePunctuation-script","previousOperationId":"6hiyq5yrnra2hi7","timestamp":1705156072816,"id":"kghnauw35f1zvdk","previousEventId":"6hc5z9og8g6bhcn","operationId":"n2lc0il1hske73f"}
{"type":"operationEnd","operationId":"n2lc0il1hske73f","timestamp":1705156072827,"id":"npjtw5q0ppm5ny7","previousEventId":"9idonocervfooll","previousOperationId":"yinqx2somozjv7h"}
{"type":"operationEnd","operationId":"6hiyq5yrnra2hi7","timestamp":1705156072827,"id":"ao5fu6ihknjv5mp","previousEventId":"npjtw5q0ppm5ny7","previousOperationId":"yinqx2somozjv7h"}
{"type":"log","timestamp":1705156072827,"level":"debug","message":"Base url not specified, skipping its injection.","meta":{"rootId":"u9dvl2g24d12q2k","id":"u9dvl2g24d12q2k"},"id":"7e7sn1xc3lbic8z","previousOperationId":"6hiyq5yrnra2hi7"}
{"type":"operationStart","subtype":"engine","name":"handlebars","timestamp":1705156072827,"id":"0u8kye5pslsz087","previousEventId":"ao5fu6ihknjv5mp","operationId":"7oz5dusudrhprts","previousOperationId":"6hiyq5yrnra2hi7"}
{"type":"log","timestamp":1705156072827,"level":"debug","message":"Rendering engine handlebars","meta":{"rootId":"u9dvl2g24d12q2k","id":"u9dvl2g24d12q2k"},"id":"1dt8vvxahw0k9b6","previousOperationId":"7oz5dusudrhprts"}
{"type":"operationEnd","operationId":"7oz5dusudrhprts","timestamp":1705156072836,"id":"84wr0qctm01tp9f","previousEventId":"0u8kye5pslsz087","previousOperationId":"7oz5dusudrhprts"}
{"type":"operationStart","subtype":"recipe","name":"chrome-pdf","timestamp":1705156072837,"id":"woc3e9qv9lakjrs","previousEventId":"84wr0qctm01tp9f","operationId":"9tatjrielvoa6s8","previousOperationId":"7oz5dusudrhprts"}
{"type":"log","timestamp":1705156072837,"level":"debug","message":"Executing recipe chrome-pdf","meta":{"rootId":"u9dvl2g24d12q2k","id":"u9dvl2g24d12q2k"},"id":"0o7bqo41bt71te5","previousOperationId":"9tatjrielvoa6s8"}
{"type":"log","timestamp":1705156072838,"level":"debug","message":"Converting with chrome HeadlessChrome/117.0.5938.149 using chrome-pool strategy","meta":{"rootId":"u9dvl2g24d12q2k","id":"u9dvl2g24d12q2k"},"id":"x15l6ujuxuyo4in","previousOperationId":"9tatjrielvoa6s8"}
{"type":"log","timestamp":1705156072915,"level":"debug","message":"Page request: GET (document) file:///C:/Users/Javier/AppData/Local/Temp/jsreport/autocleanup/cd37f54e-65e2-47bf-beac-7c4d45265de5-chrome-pdf.html","meta":{"rootId":"u9dvl2g24d12q2k","id":"u9dvl2g24d12q2k"},"id":"oujcbx9f6glejem","previousOperationId":"9tatjrielvoa6s8"}
{"type":"log","timestamp":1705156072958,"level":"debug","message":"Page request: GET (stylesheet) https://cdnjs.cloudflare.com/ajax/libs/metro/4.1.5/css/metro.min.css","meta":{"rootId":"u9dvl2g24d12q2k","id":"u9dvl2g24d12q2k"},"id":"idzzb5knaw6cg97","previousOperationId":"9tatjrielvoa6s8"}
{"type":"log","timestamp":1705156072958,"level":"debug","message":"Page request: GET (script) https://cdnjs.cloudflare.com/ajax/libs/Chart.js/2.7.2/Chart.min.js","meta":{"rootId":"u9dvl2g24d12q2k","id":"u9dvl2g24d12q2k"},"id":"e71thao482ss7a9","previousOperationId":"9tatjrielvoa6s8"}
{"type":"log","timestamp":1705156072958,"level":"debug","message":"Page request finished: GET (document) 200 file:///C:/Users/Javier/AppData/Local/Temp/jsreport/autocleanup/cd37f54e-65e2-47bf-beac-7c4d45265de5-chrome-pdf.html","meta":{"rootId":"u9dvl2g24d12q2k","id":"u9dvl2g24d12q2k"},"id":"2yey22z2q1zjja4","previousOperationId":"9tatjrielvoa6s8"}
{"type":"log","timestamp":1705156072963,"level":"debug","message":"Page request finished: GET (script) 200 https://cdnjs.cloudflare.com/ajax/libs/Chart.js/2.7.2/Chart.min.js","meta":{"rootId":"u9dvl2g24d12q2k","id":"u9dvl2g24d12q2k"},"id":"i1isimhafc3h56g","previousOperationId":"9tatjrielvoa6s8"}
{"type":"log","timestamp":1705156072974,"level":"debug","message":"Page request finished: GET (stylesheet) 200 https://cdnjs.cloudflare.com/ajax/libs/metro/4.1.5/css/metro.min.css","meta":{"rootId":"u9dvl2g24d12q2k","id":"u9dvl2g24d12q2k"},"id":"ztm8qypimsn2dtf","previousOperationId":"9tatjrielvoa6s8"}
{"type":"log","timestamp":1705156073049,"level":"debug","message":"Running chrome with params {\"printBackground\":true,\"timeout\":59947,\"margin\":{}}","meta":{"rootId":"u9dvl2g24d12q2k","id":"u9dvl2g24d12q2k"},"id":"ow6vsqrkhwryrwd","previousOperationId":"9tatjrielvoa6s8"}
{"type":"operationEnd","operationId":"9tatjrielvoa6s8","timestamp":1705156073153,"id":"al3zl6q2haybr72","previousEventId":"woc3e9qv9lakjrs","previousOperationId":"9tatjrielvoa6s8"}
{"type":"log","timestamp":1705156073153,"level":"debug","message":"Skipping storing report.","meta":{"rootId":"u9dvl2g24d12q2k","id":"u9dvl2g24d12q2k"},"id":"i49kb16yzbsrq1r","previousOperationId":"9tatjrielvoa6s8"}
{"type":"log","timestamp":1705156073153,"level":"info","message":"Rendering request 39 finished in 368 ms","meta":{"rootId":"u9dvl2g24d12q2k","id":"u9dvl2g24d12q2k"},"id":"gatgeo6hjw93ugd","previousOperationId":"9tatjrielvoa6s8"}
{"type":"operationEnd","subtype":"render","operationId":"yinqx2somozjv7h","timestamp":1705156073153,"id":"sachccta58rbt0m","previousEventId":"al3zl6q2haybr72","previousOperationId":"9tatjrielvoa6s8"}
{"type":"operationEnd","doDiffs":false,"previousEventId":"u51zxibfveect9c","previousOperationId":"vmq8ghtaobj0s2i","operationId":"vmq8ghtaobj0s2i","timestamp":1705156073156,"id":"py3e3mygkysi42d"}
