{"type":"operationStart","subtype":"profile","data":{"_id":"tqGAOoGmYqJluDfa","timestamp":"2024-01-11T17:08:20.205Z","state":"queued","mode":"standard","creationDate":"2024-01-11T17:08:20.206Z","modificationDate":"2024-01-11T17:08:20.206Z","shortid":"qfmbSc2","$entitySet":"profiles"},"doDiffs":false,"timestamp":1704992900206,"id":"15etvtnja4oepp2","previousOperationId":null,"operationId":"nyxnto8co8rgd5d"}
{"type":"log","level":"info","message":"Render request 19 queued for execution and waiting for available worker","previousOperationId":"nyxnto8co8rgd5d","timestamp":1704992900206,"id":"ceqhe7fp61etyn9"}
{"type":"operationStart","subtype":"render","name":"AveragePunctuation","previousOperationId":"nyxnto8co8rgd5d","timestamp":1704992900211,"id":"f3d6gut7ozl9umx","previousEventId":"15etvtnja4oepp2","operationId":"73yu0rbbgg0drmk"}
{"type":"log","timestamp":1704992900211,"level":"info","message":"Starting rendering request 19","meta":{"rootId":"uejt5sfrirkcnzz","id":"uejt5sfrirkcnzz"},"id":"qgg4skx60c5lc7h","previousOperationId":"73yu0rbbgg0drmk"}
{"type":"log","timestamp":1704992900211,"level":"info","message":"Rendering template { name: AveragePunctuation, recipe: chrome-pdf, engine: handlebars, preview: false }","meta":{"rootId":"uejt5sfrirkcnzz","id":"uejt5sfrirkcnzz"},"id":"mpfuju8lsdy6a2e","previousOperationId":"73yu0rbbgg0drmk"}
{"type":"log","timestamp":1704992900212,"level":"debug","message":"Inline data specified.","meta":{"rootId":"uejt5sfrirkcnzz","id":"uejt5sfrirkcnzz"},"id":"11j2m23z6npu375","previousOperationId":"73yu0rbbgg0drmk"}
{"type":"log","timestamp":1704992900214,"level":"debug","message":"Executing script AveragePunctuation-script (beforeRender)","meta":{"rootId":"uejt5sfrirkcnzz","id":"uejt5sfrirkcnzz"},"id":"w673l6cegpmk7dt","previousOperationId":"73yu0rbbgg0drmk"}
{"type":"operationStart","subtype":"scriptsBeforeRender","name":"scripts beforeRender","timestamp":1704992900226,"id":"kqjyj38x69841j5","previousEventId":"f3d6gut7ozl9umx","operationId":"ugxoil9w8p2lh7n","previousOperationId":"73yu0rbbgg0drmk"}
{"type":"operationStart","subtype":"script","name":"scripts AveragePunctuation-script","previousOperationId":"ugxoil9w8p2lh7n","timestamp":1704992900226,"id":"t8637f0ry32y3s8","previousEventId":"kqjyj38x69841j5","operationId":"ywrky82mi6c6ryx"}
{"type":"operationEnd","operationId":"ywrky82mi6c6ryx","timestamp":1704992900240,"id":"qjc9ftabnrqkyuk","previousEventId":"f3d6gut7ozl9umx","previousOperationId":"73yu0rbbgg0drmk"}
{"type":"operationEnd","operationId":"ugxoil9w8p2lh7n","timestamp":1704992900240,"id":"al4epfmxpetjzhr","previousEventId":"qjc9ftabnrqkyuk","previousOperationId":"73yu0rbbgg0drmk"}
{"type":"log","timestamp":1704992900240,"level":"debug","message":"Base url not specified, skipping its injection.","meta":{"rootId":"uejt5sfrirkcnzz","id":"uejt5sfrirkcnzz"},"id":"ask621m2n0rf0cm","previousOperationId":"ugxoil9w8p2lh7n"}
{"type":"operationStart","subtype":"engine","name":"handlebars","timestamp":1704992900240,"id":"k8rkqz3472ow7n0","previousEventId":"al4epfmxpetjzhr","operationId":"vqseijer9rzeqo1","previousOperationId":"ugxoil9w8p2lh7n"}
{"type":"log","timestamp":1704992900240,"level":"debug","message":"Rendering engine handlebars","meta":{"rootId":"uejt5sfrirkcnzz","id":"uejt5sfrirkcnzz"},"id":"bbsov8owcytbes8","previousOperationId":"vqseijer9rzeqo1"}
{"type":"operationEnd","operationId":"vqseijer9rzeqo1","timestamp":1704992900247,"id":"tky3zoed3g1glkb","previousEventId":"k8rkqz3472ow7n0","previousOperationId":"vqseijer9rzeqo1"}
{"type":"operationStart","subtype":"recipe","name":"chrome-pdf","timestamp":1704992900247,"id":"ad7nwggxmaoqmbl","previousEventId":"tky3zoed3g1glkb","operationId":"91kovtv1mqxgp91","previousOperationId":"vqseijer9rzeqo1"}
{"type":"log","timestamp":1704992900247,"level":"debug","message":"Executing recipe chrome-pdf","meta":{"rootId":"uejt5sfrirkcnzz","id":"uejt5sfrirkcnzz"},"id":"q9et0t2pkvihuof","previousOperationId":"91kovtv1mqxgp91"}
{"type":"log","timestamp":1704992900249,"level":"debug","message":"Converting with chrome HeadlessChrome/117.0.5938.149 using chrome-pool strategy","meta":{"rootId":"uejt5sfrirkcnzz","id":"uejt5sfrirkcnzz"},"id":"f3r9s2hmzwd7yn5","previousOperationId":"91kovtv1mqxgp91"}
{"type":"log","timestamp":1704992900316,"level":"debug","message":"Page request: GET (document) file:///C:/Users/Javier/AppData/Local/Temp/jsreport/autocleanup/ea3da542-bf2f-48c3-9049-565bda0f3b18-chrome-pdf.html","meta":{"rootId":"uejt5sfrirkcnzz","id":"uejt5sfrirkcnzz"},"id":"5ubt1njdz2edbt0","previousOperationId":"91kovtv1mqxgp91"}
{"type":"log","timestamp":1704992900326,"level":"debug","message":"Page request finished: GET (document) 200 file:///C:/Users/Javier/AppData/Local/Temp/jsreport/autocleanup/ea3da542-bf2f-48c3-9049-565bda0f3b18-chrome-pdf.html","meta":{"rootId":"uejt5sfrirkcnzz","id":"uejt5sfrirkcnzz"},"id":"6likf627cwrq682","previousOperationId":"91kovtv1mqxgp91"}
{"type":"log","timestamp":1704992900329,"level":"debug","message":"Running chrome with params {\"printBackground\":true,\"timeout\":59956,\"margin\":{}}","meta":{"rootId":"uejt5sfrirkcnzz","id":"uejt5sfrirkcnzz"},"id":"muh5j2067ie6w5a","previousOperationId":"91kovtv1mqxgp91"}
{"type":"operationEnd","operationId":"91kovtv1mqxgp91","timestamp":1704992900337,"id":"qwboo1ez6kq2ees","previousEventId":"ad7nwggxmaoqmbl","previousOperationId":"91kovtv1mqxgp91"}
{"type":"log","timestamp":1704992900337,"level":"debug","message":"Skipping storing report.","meta":{"rootId":"uejt5sfrirkcnzz","id":"uejt5sfrirkcnzz"},"id":"w2ev63dpnbsj11q","previousOperationId":"91kovtv1mqxgp91"}
{"type":"log","timestamp":1704992900337,"level":"info","message":"Rendering request 19 finished in 132 ms","meta":{"rootId":"uejt5sfrirkcnzz","id":"uejt5sfrirkcnzz"},"id":"l0b5lufg9xdpwjy","previousOperationId":"91kovtv1mqxgp91"}
{"type":"operationEnd","subtype":"render","operationId":"73yu0rbbgg0drmk","timestamp":1704992900337,"id":"zsm89j3m8chdpt8","previousEventId":"qwboo1ez6kq2ees","previousOperationId":"91kovtv1mqxgp91"}
{"type":"operationEnd","doDiffs":false,"previousEventId":"15etvtnja4oepp2","previousOperationId":"nyxnto8co8rgd5d","operationId":"nyxnto8co8rgd5d","timestamp":1704992900341,"id":"9fx5gcinl8iw59z"}
