{"type":"operationStart","subtype":"profile","data":{"_id":"rOJ0tFqgVLECkcsc","timestamp":"2024-01-13T23:00:03.649Z","state":"queued","mode":"standard","creationDate":"2024-01-13T23:00:03.651Z","modificationDate":"2024-01-13T23:00:03.651Z","shortid":"m9GFmgM","$entitySet":"profiles"},"doDiffs":false,"timestamp":1705186803650,"id":"uvs5vn8fmvh9bn6","previousOperationId":null,"operationId":"mgb98dugfi5sra0"}
{"type":"log","level":"info","message":"Render request 9 queued for execution and waiting for available worker","previousOperationId":"mgb98dugfi5sra0","timestamp":1705186803650,"id":"im6qus9rydj104t"}
{"type":"operationStart","subtype":"render","name":"AveragePunctuation","previousOperationId":"mgb98dugfi5sra0","timestamp":1705186803659,"id":"ekdlsgnv6pddkn1","previousEventId":"uvs5vn8fmvh9bn6","operationId":"yah7f8m9wpbathx"}
{"type":"log","timestamp":1705186803659,"level":"info","message":"Starting rendering request 9","meta":{"rootId":"uh1pej0fa8ts5v4","id":"uh1pej0fa8ts5v4"},"id":"ndffy4afop5a6so","previousOperationId":"yah7f8m9wpbathx"}
{"type":"log","timestamp":1705186803660,"level":"info","message":"Rendering template { name: AveragePunctuation, recipe: chrome-pdf, engine: handlebars, preview: false }","meta":{"rootId":"uh1pej0fa8ts5v4","id":"uh1pej0fa8ts5v4"},"id":"0ny1r0knc6l5rpz","previousOperationId":"yah7f8m9wpbathx"}
{"type":"log","timestamp":1705186803663,"level":"debug","message":"Inline data specified.","meta":{"rootId":"uh1pej0fa8ts5v4","id":"uh1pej0fa8ts5v4"},"id":"444zpewzvyevqgh","previousOperationId":"yah7f8m9wpbathx"}
{"type":"log","timestamp":1705186803668,"level":"debug","message":"Executing script AveragePunctuation-script (beforeRender)","meta":{"rootId":"uh1pej0fa8ts5v4","id":"uh1pej0fa8ts5v4"},"id":"rcwf2cwad01bgqk","previousOperationId":"yah7f8m9wpbathx"}
{"type":"operationStart","subtype":"scriptsBeforeRender","name":"scripts beforeRender","timestamp":1705186803693,"id":"mm8uiv29k0l5cxy","previousEventId":"ekdlsgnv6pddkn1","operationId":"unxhlvtq11x9ex0","previousOperationId":"yah7f8m9wpbathx"}
{"type":"operationStart","subtype":"script","name":"scripts AveragePunctuation-script","previousOperationId":"unxhlvtq11x9ex0","timestamp":1705186803693,"id":"1ybn923rhhg9lzt","previousEventId":"mm8uiv29k0l5cxy","operationId":"s9gusudebt4m5ld"}
{"type":"operationEnd","operationId":"s9gusudebt4m5ld","timestamp":1705186803709,"id":"m3vyvsgmkzh2yd3","previousEventId":"ekdlsgnv6pddkn1","previousOperationId":"yah7f8m9wpbathx"}
{"type":"operationEnd","operationId":"unxhlvtq11x9ex0","timestamp":1705186803709,"id":"9515mbwprvk2t2n","previousEventId":"m3vyvsgmkzh2yd3","previousOperationId":"yah7f8m9wpbathx"}
{"type":"log","timestamp":1705186803709,"level":"debug","message":"Base url not specified, skipping its injection.","meta":{"rootId":"uh1pej0fa8ts5v4","id":"uh1pej0fa8ts5v4"},"id":"oxyc6safzjxw18u","previousOperationId":"unxhlvtq11x9ex0"}
{"type":"operationStart","subtype":"engine","name":"handlebars","timestamp":1705186803709,"id":"yphc8lmov6zubck","previousEventId":"9515mbwprvk2t2n","operationId":"1cjqx6o2kgg4pbv","previousOperationId":"unxhlvtq11x9ex0"}
{"type":"log","timestamp":1705186803709,"level":"debug","message":"Rendering engine handlebars","meta":{"rootId":"uh1pej0fa8ts5v4","id":"uh1pej0fa8ts5v4"},"id":"m5wbn5l92ufhky9","previousOperationId":"1cjqx6o2kgg4pbv"}
{"type":"operationEnd","operationId":"1cjqx6o2kgg4pbv","timestamp":1705186803718,"id":"eml00dzifh9bm17","previousEventId":"yphc8lmov6zubck","previousOperationId":"1cjqx6o2kgg4pbv"}
{"type":"operationStart","subtype":"recipe","name":"chrome-pdf","timestamp":1705186803718,"id":"te9uswvlzsuhexg","previousEventId":"eml00dzifh9bm17","operationId":"j5njngcdt1ijk3y","previousOperationId":"1cjqx6o2kgg4pbv"}
{"type":"log","timestamp":1705186803718,"level":"debug","message":"Executing recipe chrome-pdf","meta":{"rootId":"uh1pej0fa8ts5v4","id":"uh1pej0fa8ts5v4"},"id":"nxfr332ip5m6802","previousOperationId":"j5njngcdt1ijk3y"}
{"type":"log","timestamp":1705186803720,"level":"debug","message":"Converting with chrome HeadlessChrome/117.0.5938.149 using chrome-pool strategy","meta":{"rootId":"uh1pej0fa8ts5v4","id":"uh1pej0fa8ts5v4"},"id":"btj1hg05cgrqzh5","previousOperationId":"j5njngcdt1ijk3y"}
{"type":"log","timestamp":1705186803806,"level":"debug","message":"Page request: GET (document) file:///C:/Users/Javier/AppData/Local/Temp/jsreport/autocleanup/ef33926d-ebab-40ba-8ea6-f182ab0bf12b-chrome-pdf.html","meta":{"rootId":"uh1pej0fa8ts5v4","id":"uh1pej0fa8ts5v4"},"id":"6vqlgz9jfeekbjp","previousOperationId":"j5njngcdt1ijk3y"}
{"type":"log","timestamp":1705186803844,"level":"debug","message":"Page request: GET (stylesheet) https://cdnjs.cloudflare.com/ajax/libs/metro/4.1.5/css/metro.min.css","meta":{"rootId":"uh1pej0fa8ts5v4","id":"uh1pej0fa8ts5v4"},"id":"pm8uakowmnidgg8","previousOperationId":"j5njngcdt1ijk3y"}
{"type":"log","timestamp":1705186803844,"level":"debug","message":"Page request: GET (script) https://cdnjs.cloudflare.com/ajax/libs/Chart.js/2.7.2/Chart.min.js","meta":{"rootId":"uh1pej0fa8ts5v4","id":"uh1pej0fa8ts5v4"},"id":"uee1w5dg926laoa","previousOperationId":"j5njngcdt1ijk3y"}
{"type":"log","timestamp":1705186803844,"level":"debug","message":"Page request finished: GET (document) 200 file:///C:/Users/Javier/AppData/Local/Temp/jsreport/autocleanup/ef33926d-ebab-40ba-8ea6-f182ab0bf12b-chrome-pdf.html","meta":{"rootId":"uh1pej0fa8ts5v4","id":"uh1pej0fa8ts5v4"},"id":"f2hvpagom03ithb","previousOperationId":"j5njngcdt1ijk3y"}
{"type":"log","timestamp":1705186803849,"level":"debug","message":"Page request finished: GET (script) 200 https://cdnjs.cloudflare.com/ajax/libs/Chart.js/2.7.2/Chart.min.js","meta":{"rootId":"uh1pej0fa8ts5v4","id":"uh1pej0fa8ts5v4"},"id":"av10d96747rg2m4","previousOperationId":"j5njngcdt1ijk3y"}
{"type":"log","timestamp":1705186803859,"level":"debug","message":"Page request finished: GET (stylesheet) 200 https://cdnjs.cloudflare.com/ajax/libs/metro/4.1.5/css/metro.min.css","meta":{"rootId":"uh1pej0fa8ts5v4","id":"uh1pej0fa8ts5v4"},"id":"udhxqbqjjnvqxi5","previousOperationId":"j5njngcdt1ijk3y"}
{"type":"log","timestamp":1705186803925,"level":"debug","message":"Running chrome with params {\"printBackground\":true,\"timeout\":59930,\"margin\":{}}","meta":{"rootId":"uh1pej0fa8ts5v4","id":"uh1pej0fa8ts5v4"},"id":"zo1rb9heaesf7ha","previousOperationId":"j5njngcdt1ijk3y"}
{"type":"operationEnd","operationId":"j5njngcdt1ijk3y","timestamp":1705186804026,"id":"ht0crgefyq7i2yo","previousEventId":"te9uswvlzsuhexg","previousOperationId":"j5njngcdt1ijk3y"}
{"type":"log","timestamp":1705186804026,"level":"debug","message":"Skipping storing report.","meta":{"rootId":"uh1pej0fa8ts5v4","id":"uh1pej0fa8ts5v4"},"id":"mk29e5pmr7ocbv4","previousOperationId":"j5njngcdt1ijk3y"}
{"type":"log","timestamp":1705186804026,"level":"info","message":"Rendering request 9 finished in 377 ms","meta":{"rootId":"uh1pej0fa8ts5v4","id":"uh1pej0fa8ts5v4"},"id":"n6nwch1s1ba45xx","previousOperationId":"j5njngcdt1ijk3y"}
{"type":"operationEnd","subtype":"render","operationId":"yah7f8m9wpbathx","timestamp":1705186804026,"id":"8egs96a815xnw9h","previousEventId":"ht0crgefyq7i2yo","previousOperationId":"j5njngcdt1ijk3y"}
{"type":"operationEnd","doDiffs":false,"previousEventId":"uvs5vn8fmvh9bn6","previousOperationId":"mgb98dugfi5sra0","operationId":"mgb98dugfi5sra0","timestamp":1705186804029,"id":"ii1fl06rorks95s"}
