{"type":"operationStart","subtype":"profile","data":{"_id":"odLlFACcL0N7zej9","timestamp":"2024-01-13T13:47:22.259Z","state":"queued","mode":"standard","creationDate":"2024-01-13T13:47:22.260Z","modificationDate":"2024-01-13T13:47:22.260Z","shortid":"aCBVDS9","$entitySet":"profiles"},"doDiffs":false,"timestamp":1705153642259,"id":"utzjqzazgmw809d","previousOperationId":null,"operationId":"uldrafgckqsvygr"}
{"type":"log","level":"info","message":"Render request 2 queued for execution and waiting for available worker","previousOperationId":"uldrafgckqsvygr","timestamp":1705153642260,"id":"0xwnla1lt3hpkb3"}
{"type":"operationStart","subtype":"render","name":"AveragePunctuation","previousOperationId":"uldrafgckqsvygr","timestamp":1705153642271,"id":"p8fvnk8f7130h0n","previousEventId":"utzjqzazgmw809d","operationId":"493uaumbyf11022"}
{"type":"log","timestamp":1705153642273,"level":"info","message":"Starting rendering request 2","meta":{"rootId":"uy1c04xebi8nr0o","id":"uy1c04xebi8nr0o"},"id":"x29lhiicvrnu6po","previousOperationId":"493uaumbyf11022"}
{"type":"log","timestamp":1705153642274,"level":"info","message":"Rendering template { name: AveragePunctuation, recipe: chrome-pdf, engine: handlebars, preview: false }","meta":{"rootId":"uy1c04xebi8nr0o","id":"uy1c04xebi8nr0o"},"id":"yxr9m066uycf1lg","previousOperationId":"493uaumbyf11022"}
{"type":"log","timestamp":1705153642276,"level":"debug","message":"Inline data specified.","meta":{"rootId":"uy1c04xebi8nr0o","id":"uy1c04xebi8nr0o"},"id":"yhtaehx5ifll9gp","previousOperationId":"493uaumbyf11022"}
{"type":"log","timestamp":1705153642278,"level":"debug","message":"Executing script AveragePunctuation-script (beforeRender)","meta":{"rootId":"uy1c04xebi8nr0o","id":"uy1c04xebi8nr0o"},"id":"mi8quv3b00ndcky","previousOperationId":"493uaumbyf11022"}
{"type":"operationStart","subtype":"scriptsBeforeRender","name":"scripts beforeRender","timestamp":1705153642618,"id":"fm2nwvli5gb6fwm","previousEventId":"p8fvnk8f7130h0n","operationId":"q4z5jaq52z3e4zm","previousOperationId":"493uaumbyf11022"}
{"type":"operationStart","subtype":"script","name":"scripts AveragePunctuation-script","previousOperationId":"q4z5jaq52z3e4zm","timestamp":1705153642618,"id":"eknvsw3n9zlkpto","previousEventId":"fm2nwvli5gb6fwm","operationId":"mjnj22o4j55g8zb"}
{"type":"operationEnd","operationId":"mjnj22o4j55g8zb","timestamp":1705153642659,"id":"j6vyk7i1fun0e2h","previousEventId":"p8fvnk8f7130h0n","previousOperationId":"493uaumbyf11022"}
{"type":"operationEnd","operationId":"q4z5jaq52z3e4zm","timestamp":1705153642659,"id":"cxvxi6kqmk413fr","previousEventId":"j6vyk7i1fun0e2h","previousOperationId":"493uaumbyf11022"}
{"type":"log","timestamp":1705153642660,"level":"debug","message":"Base url not specified, skipping its injection.","meta":{"rootId":"uy1c04xebi8nr0o","id":"uy1c04xebi8nr0o"},"id":"pr6uguggslnw9sf","previousOperationId":"q4z5jaq52z3e4zm"}
{"type":"operationStart","subtype":"engine","name":"handlebars","timestamp":1705153642660,"id":"i42y0ssrqvqsrcb","previousEventId":"cxvxi6kqmk413fr","operationId":"1p0dfsnhyaz5mkf","previousOperationId":"q4z5jaq52z3e4zm"}
{"type":"log","timestamp":1705153642660,"level":"debug","message":"Rendering engine handlebars","meta":{"rootId":"uy1c04xebi8nr0o","id":"uy1c04xebi8nr0o"},"id":"ic0wbcwjn8188ev","previousOperationId":"1p0dfsnhyaz5mkf"}
{"type":"operationEnd","operationId":"1p0dfsnhyaz5mkf","timestamp":1705153642936,"id":"steown4ri7h9u2s","previousEventId":"i42y0ssrqvqsrcb","previousOperationId":"1p0dfsnhyaz5mkf"}
{"type":"operationStart","subtype":"recipe","name":"chrome-pdf","timestamp":1705153642936,"id":"12np7x2czorpjvf","previousEventId":"steown4ri7h9u2s","operationId":"4qzgbs09989tvk5","previousOperationId":"1p0dfsnhyaz5mkf"}
{"type":"log","timestamp":1705153642936,"level":"debug","message":"Executing recipe chrome-pdf","meta":{"rootId":"uy1c04xebi8nr0o","id":"uy1c04xebi8nr0o"},"id":"pij7cuki8219o62","previousOperationId":"4qzgbs09989tvk5"}
{"type":"log","timestamp":1705153644359,"level":"debug","message":"Converting with chrome HeadlessChrome/117.0.5938.149 using chrome-pool strategy","meta":{"rootId":"uy1c04xebi8nr0o","id":"uy1c04xebi8nr0o"},"id":"o0ctbn4nvus8b38","previousOperationId":"4qzgbs09989tvk5"}
{"type":"log","timestamp":1705153644935,"level":"debug","message":"Page request: GET (document) file:///C:/Users/Javier/AppData/Local/Temp/jsreport/autocleanup/3178530a-e26f-42c7-a9e5-78369a67ce2c-chrome-pdf.html","meta":{"rootId":"uy1c04xebi8nr0o","id":"uy1c04xebi8nr0o"},"id":"kqeyj71int3rpvu","previousOperationId":"4qzgbs09989tvk5"}
{"type":"log","timestamp":1705153644952,"level":"debug","message":"Page request finished: GET (document) 200 file:///C:/Users/Javier/AppData/Local/Temp/jsreport/autocleanup/3178530a-e26f-42c7-a9e5-78369a67ce2c-chrome-pdf.html","meta":{"rootId":"uy1c04xebi8nr0o","id":"uy1c04xebi8nr0o"},"id":"0tb0bbhuvwv94ra","previousOperationId":"4qzgbs09989tvk5"}
{"type":"log","timestamp":1705153644976,"level":"debug","message":"Running chrome with params {\"printBackground\":true,\"timeout\":58930,\"margin\":{}}","meta":{"rootId":"uy1c04xebi8nr0o","id":"uy1c04xebi8nr0o"},"id":"jcdi5uxgqdnzxlw","previousOperationId":"4qzgbs09989tvk5"}
{"type":"operationEnd","operationId":"4qzgbs09989tvk5","timestamp":1705153645030,"id":"98k7ruc8texk7nv","previousEventId":"12np7x2czorpjvf","previousOperationId":"4qzgbs09989tvk5"}
{"type":"log","timestamp":1705153645031,"level":"debug","message":"Skipping storing report.","meta":{"rootId":"uy1c04xebi8nr0o","id":"uy1c04xebi8nr0o"},"id":"hny4ajmnyhokv2m","previousOperationId":"4qzgbs09989tvk5"}
{"type":"log","timestamp":1705153645031,"level":"info","message":"Rendering request 2 finished in 2773 ms","meta":{"rootId":"uy1c04xebi8nr0o","id":"uy1c04xebi8nr0o"},"id":"6i5hla5xpn2bfm9","previousOperationId":"4qzgbs09989tvk5"}
{"type":"operationEnd","subtype":"render","operationId":"493uaumbyf11022","timestamp":1705153645031,"id":"ygiuq87xu3bh2uh","previousEventId":"98k7ruc8texk7nv","previousOperationId":"4qzgbs09989tvk5"}
{"type":"operationEnd","doDiffs":false,"previousEventId":"utzjqzazgmw809d","previousOperationId":"uldrafgckqsvygr","operationId":"uldrafgckqsvygr","timestamp":1705153645033,"id":"v8u7ni6s6nvgx11"}
