{"type":"operationStart","subtype":"profile","data":{"_id":"HwbyyaXpY9y2NNYf","timestamp":"2024-01-11T16:50:21.363Z","state":"queued","mode":"standard","creationDate":"2024-01-11T16:50:21.365Z","modificationDate":"2024-01-11T16:50:21.365Z","shortid":"f1QeqVe","$entitySet":"profiles"},"doDiffs":false,"timestamp":1704991821364,"id":"ekgbjih3mxzk3k6","previousOperationId":null,"operationId":"9d2x1u4bu5gwrvs"}
{"type":"log","level":"info","message":"Render request 10 queued for execution and waiting for available worker","previousOperationId":"9d2x1u4bu5gwrvs","timestamp":1704991821364,"id":"c7ttqm9ef57cqyl"}
{"type":"operationStart","subtype":"render","name":"AveragePunctuation","previousOperationId":"9d2x1u4bu5gwrvs","timestamp":1704991821369,"id":"atm882l5g3t3vd2","previousEventId":"ekgbjih3mxzk3k6","operationId":"vpd41qyq2d4c3dr"}
{"type":"log","timestamp":1704991821369,"level":"info","message":"Starting rendering request 10","meta":{"rootId":"uzicxxpfl4mram6","id":"uzicxxpfl4mram6"},"id":"k4sqs6owcac3j9g","previousOperationId":"vpd41qyq2d4c3dr"}
{"type":"log","timestamp":1704991821369,"level":"info","message":"Rendering template { name: AveragePunctuation, recipe: chrome-pdf, engine: handlebars, preview: false }","meta":{"rootId":"uzicxxpfl4mram6","id":"uzicxxpfl4mram6"},"id":"7jpnrbv1478h99l","previousOperationId":"vpd41qyq2d4c3dr"}
{"type":"log","timestamp":1704991821370,"level":"debug","message":"Inline data specified.","meta":{"rootId":"uzicxxpfl4mram6","id":"uzicxxpfl4mram6"},"id":"dzsqud3ixpd4voc","previousOperationId":"vpd41qyq2d4c3dr"}
{"type":"log","timestamp":1704991821372,"level":"debug","message":"Executing script AveragePunctuation-script (beforeRender)","meta":{"rootId":"uzicxxpfl4mram6","id":"uzicxxpfl4mram6"},"id":"l02d8cwspv7tp38","previousOperationId":"vpd41qyq2d4c3dr"}
{"type":"operationStart","subtype":"scriptsBeforeRender","name":"scripts beforeRender","timestamp":1704991821409,"id":"s72j8t709g8q31b","previousEventId":"atm882l5g3t3vd2","operationId":"ex13pg39vsp22qu","previousOperationId":"vpd41qyq2d4c3dr"}
{"type":"operationStart","subtype":"script","name":"scripts AveragePunctuation-script","previousOperationId":"ex13pg39vsp22qu","timestamp":1704991821409,"id":"0tdp9k5vge9lr5s","previousEventId":"s72j8t709g8q31b","operationId":"7qdq811fnxzyzci"}
{"type":"operationEnd","operationId":"7qdq811fnxzyzci","timestamp":1704991821431,"id":"tdgyawav8zrsqi7","previousEventId":"atm882l5g3t3vd2","previousOperationId":"vpd41qyq2d4c3dr"}
{"type":"operationEnd","operationId":"ex13pg39vsp22qu","timestamp":1704991821431,"id":"irgas5g05a1fggt","previousEventId":"tdgyawav8zrsqi7","previousOperationId":"vpd41qyq2d4c3dr"}
{"type":"log","timestamp":1704991821431,"level":"debug","message":"Base url not specified, skipping its injection.","meta":{"rootId":"uzicxxpfl4mram6","id":"uzicxxpfl4mram6"},"id":"crdx8d3e2jo968w","previousOperationId":"ex13pg39vsp22qu"}
{"type":"operationStart","subtype":"engine","name":"handlebars","timestamp":1704991821432,"id":"ee8d324nrljuyws","previousEventId":"irgas5g05a1fggt","operationId":"8lnfn349bltq9ms","previousOperationId":"ex13pg39vsp22qu"}
{"type":"log","timestamp":1704991821432,"level":"debug","message":"Rendering engine handlebars","meta":{"rootId":"uzicxxpfl4mram6","id":"uzicxxpfl4mram6"},"id":"9mosb3yd5ty00dw","previousOperationId":"8lnfn349bltq9ms"}
{"type":"operationEnd","operationId":"8lnfn349bltq9ms","timestamp":1704991821441,"id":"734i2cu9htbe8js","previousEventId":"ee8d324nrljuyws","previousOperationId":"8lnfn349bltq9ms"}
{"type":"operationStart","subtype":"recipe","name":"chrome-pdf","timestamp":1704991821442,"id":"lj3d4hqi0ubebqt","previousEventId":"734i2cu9htbe8js","operationId":"prhtq0o7cyx7wj7","previousOperationId":"8lnfn349bltq9ms"}
{"type":"log","timestamp":1704991821442,"level":"debug","message":"Executing recipe chrome-pdf","meta":{"rootId":"uzicxxpfl4mram6","id":"uzicxxpfl4mram6"},"id":"cneng7q96e8k1dv","previousOperationId":"prhtq0o7cyx7wj7"}
{"type":"log","timestamp":1704991821444,"level":"debug","message":"Converting with chrome HeadlessChrome/117.0.5938.149 using chrome-pool strategy","meta":{"rootId":"uzicxxpfl4mram6","id":"uzicxxpfl4mram6"},"id":"bxunueqptn62w86","previousOperationId":"prhtq0o7cyx7wj7"}
{"type":"log","timestamp":1704991821519,"level":"debug","message":"Page request: GET (document) file:///C:/Users/Javier/AppData/Local/Temp/jsreport/autocleanup/6453ca47-ec34-46cf-a05e-5415eb5684dc-chrome-pdf.html","meta":{"rootId":"uzicxxpfl4mram6","id":"uzicxxpfl4mram6"},"id":"o71vb3u9i6pf1zt","previousOperationId":"prhtq0o7cyx7wj7"}
{"type":"log","timestamp":1704991821531,"level":"debug","message":"Page request finished: GET (document) 200 file:///C:/Users/Javier/AppData/Local/Temp/jsreport/autocleanup/6453ca47-ec34-46cf-a05e-5415eb5684dc-chrome-pdf.html","meta":{"rootId":"uzicxxpfl4mram6","id":"uzicxxpfl4mram6"},"id":"11ptmx2ozt6myez","previousOperationId":"prhtq0o7cyx7wj7"}
{"type":"log","timestamp":1704991821534,"level":"debug","message":"Running chrome with params {\"printBackground\":true,\"timeout\":59920,\"margin\":{}}","meta":{"rootId":"uzicxxpfl4mram6","id":"uzicxxpfl4mram6"},"id":"sp9djotu2vd3kdd","previousOperationId":"prhtq0o7cyx7wj7"}
{"type":"operationEnd","operationId":"prhtq0o7cyx7wj7","timestamp":1704991821546,"id":"xsphhdtkqw1sg47","previousEventId":"lj3d4hqi0ubebqt","previousOperationId":"prhtq0o7cyx7wj7"}
{"type":"log","timestamp":1704991821546,"level":"debug","message":"Skipping storing report.","meta":{"rootId":"uzicxxpfl4mram6","id":"uzicxxpfl4mram6"},"id":"dvky6rhis1069td","previousOperationId":"prhtq0o7cyx7wj7"}
{"type":"log","timestamp":1704991821546,"level":"info","message":"Rendering request 10 finished in 183 ms","meta":{"rootId":"uzicxxpfl4mram6","id":"uzicxxpfl4mram6"},"id":"aplcp7580s6gr5j","previousOperationId":"prhtq0o7cyx7wj7"}
{"type":"operationEnd","subtype":"render","operationId":"vpd41qyq2d4c3dr","timestamp":1704991821546,"id":"g7djfne03iqfwtp","previousEventId":"xsphhdtkqw1sg47","previousOperationId":"prhtq0o7cyx7wj7"}
{"type":"operationEnd","doDiffs":false,"previousEventId":"ekgbjih3mxzk3k6","previousOperationId":"9d2x1u4bu5gwrvs","operationId":"9d2x1u4bu5gwrvs","timestamp":1704991821549,"id":"x3po6zquwlre60d"}
