{"type":"operationStart","subtype":"profile","data":{"_id":"pKIMKzjiVb4ybyj0","timestamp":"2024-01-13T14:27:01.127Z","state":"queued","mode":"standard","creationDate":"2024-01-13T14:27:01.129Z","modificationDate":"2024-01-13T14:27:01.129Z","shortid":"KCMD-_g","$entitySet":"profiles"},"doDiffs":false,"timestamp":1705156021128,"id":"vrascpeaolrqew5","previousOperationId":null,"operationId":"x3tg4pla3i1kv81"}
{"type":"log","level":"info","message":"Render request 34 queued for execution and waiting for available worker","previousOperationId":"x3tg4pla3i1kv81","timestamp":1705156021128,"id":"xn1n5xe6jhlewyj"}
{"type":"operationStart","subtype":"render","name":"AveragePunctuation","previousOperationId":"x3tg4pla3i1kv81","timestamp":1705156021133,"id":"d40tpuja6q8ca7y","previousEventId":"vrascpeaolrqew5","operationId":"7kvfx3pxb8b7b6z"}
{"type":"log","timestamp":1705156021133,"level":"info","message":"Starting rendering request 34","meta":{"rootId":"uzp466vzl9c27q8","id":"uzp466vzl9c27q8"},"id":"osk2tvdhxxigy8l","previousOperationId":"7kvfx3pxb8b7b6z"}
{"type":"log","timestamp":1705156021133,"level":"info","message":"Rendering template { name: AveragePunctuation, recipe: chrome-pdf, engine: handlebars, preview: false }","meta":{"rootId":"uzp466vzl9c27q8","id":"uzp466vzl9c27q8"},"id":"wvi12azveaz6hit","previousOperationId":"7kvfx3pxb8b7b6z"}
{"type":"log","timestamp":1705156021134,"level":"debug","message":"Inline data specified.","meta":{"rootId":"uzp466vzl9c27q8","id":"uzp466vzl9c27q8"},"id":"nnclcwz1vif0bi9","previousOperationId":"7kvfx3pxb8b7b6z"}
{"type":"log","timestamp":1705156021136,"level":"debug","message":"Executing script AveragePunctuation-script (beforeRender)","meta":{"rootId":"uzp466vzl9c27q8","id":"uzp466vzl9c27q8"},"id":"l24n54mofzb8dg8","previousOperationId":"7kvfx3pxb8b7b6z"}
{"type":"operationStart","subtype":"scriptsBeforeRender","name":"scripts beforeRender","timestamp":1705156021152,"id":"5bq9mdepl8kd4m3","previousEventId":"d40tpuja6q8ca7y","operationId":"x072pb85h2dfxw6","previousOperationId":"7kvfx3pxb8b7b6z"}
{"type":"operationStart","subtype":"script","name":"scripts AveragePunctuation-script","previousOperationId":"x072pb85h2dfxw6","timestamp":1705156021152,"id":"ffg2ggsmutzuqbd","previousEventId":"5bq9mdepl8kd4m3","operationId":"v0qv7fvwmrw7jq6"}
{"type":"operationEnd","operationId":"v0qv7fvwmrw7jq6","timestamp":1705156021164,"id":"77gt7i2hp0efdkx","previousEventId":"d40tpuja6q8ca7y","previousOperationId":"7kvfx3pxb8b7b6z"}
{"type":"operationEnd","operationId":"x072pb85h2dfxw6","timestamp":1705156021164,"id":"iy7li45qa3c71n8","previousEventId":"77gt7i2hp0efdkx","previousOperationId":"7kvfx3pxb8b7b6z"}
{"type":"log","timestamp":1705156021164,"level":"debug","message":"Base url not specified, skipping its injection.","meta":{"rootId":"uzp466vzl9c27q8","id":"uzp466vzl9c27q8"},"id":"o4z6c5aa7nke0qe","previousOperationId":"x072pb85h2dfxw6"}
{"type":"operationStart","subtype":"engine","name":"handlebars","timestamp":1705156021164,"id":"lxbbvz4mzq3hnr6","previousEventId":"iy7li45qa3c71n8","operationId":"tyfl0ko7y7b8l81","previousOperationId":"x072pb85h2dfxw6"}
{"type":"log","timestamp":1705156021164,"level":"debug","message":"Rendering engine handlebars","meta":{"rootId":"uzp466vzl9c27q8","id":"uzp466vzl9c27q8"},"id":"m6sheqkfbt27gae","previousOperationId":"tyfl0ko7y7b8l81"}
{"type":"operationEnd","operationId":"tyfl0ko7y7b8l81","timestamp":1705156021177,"id":"mcxoww3jqp9ls7i","previousEventId":"lxbbvz4mzq3hnr6","previousOperationId":"tyfl0ko7y7b8l81"}
{"type":"operationStart","subtype":"recipe","name":"chrome-pdf","timestamp":1705156021177,"id":"dry8atjxbf7hw3b","previousEventId":"mcxoww3jqp9ls7i","operationId":"oydff9gnbxwlllw","previousOperationId":"tyfl0ko7y7b8l81"}
{"type":"log","timestamp":1705156021177,"level":"debug","message":"Executing recipe chrome-pdf","meta":{"rootId":"uzp466vzl9c27q8","id":"uzp466vzl9c27q8"},"id":"l8ibb8wgr7nubl7","previousOperationId":"oydff9gnbxwlllw"}
{"type":"log","timestamp":1705156021179,"level":"debug","message":"Converting with chrome HeadlessChrome/117.0.5938.149 using chrome-pool strategy","meta":{"rootId":"uzp466vzl9c27q8","id":"uzp466vzl9c27q8"},"id":"bw5a3exxr7umblm","previousOperationId":"oydff9gnbxwlllw"}
{"type":"log","timestamp":1705156021271,"level":"debug","message":"Page request: GET (document) file:///C:/Users/Javier/AppData/Local/Temp/jsreport/autocleanup/1836e69d-0bd8-4b84-813c-f171adc21127-chrome-pdf.html","meta":{"rootId":"uzp466vzl9c27q8","id":"uzp466vzl9c27q8"},"id":"kkm6tbvasbce52z","previousOperationId":"oydff9gnbxwlllw"}
{"type":"log","timestamp":1705156021315,"level":"debug","message":"Page request: GET (stylesheet) https://cdnjs.cloudflare.com/ajax/libs/metro/4.1.5/css/metro.min.css","meta":{"rootId":"uzp466vzl9c27q8","id":"uzp466vzl9c27q8"},"id":"cf1jzycmxokokht","previousOperationId":"oydff9gnbxwlllw"}
{"type":"log","timestamp":1705156021315,"level":"debug","message":"Page request finished: GET (document) 200 file:///C:/Users/Javier/AppData/Local/Temp/jsreport/autocleanup/1836e69d-0bd8-4b84-813c-f171adc21127-chrome-pdf.html","meta":{"rootId":"uzp466vzl9c27q8","id":"uzp466vzl9c27q8"},"id":"gahaiwhithkk3l4","previousOperationId":"oydff9gnbxwlllw"}
{"type":"log","timestamp":1705156021315,"level":"debug","message":"Page request: GET (script) https://cdnjs.cloudflare.com/ajax/libs/Chart.js/2.7.2/Chart.min.js","meta":{"rootId":"uzp466vzl9c27q8","id":"uzp466vzl9c27q8"},"id":"ajuagnnwyy5qrpr","previousOperationId":"oydff9gnbxwlllw"}
{"type":"log","timestamp":1705156021319,"level":"debug","message":"Page request finished: GET (script) 200 https://cdnjs.cloudflare.com/ajax/libs/Chart.js/2.7.2/Chart.min.js","meta":{"rootId":"uzp466vzl9c27q8","id":"uzp466vzl9c27q8"},"id":"wedm75tlzftbro9","previousOperationId":"oydff9gnbxwlllw"}
{"type":"log","timestamp":1705156021330,"level":"debug","message":"Page request finished: GET (stylesheet) 200 https://cdnjs.cloudflare.com/ajax/libs/metro/4.1.5/css/metro.min.css","meta":{"rootId":"uzp466vzl9c27q8","id":"uzp466vzl9c27q8"},"id":"czn5hzduu78tgrj","previousOperationId":"oydff9gnbxwlllw"}
{"type":"log","timestamp":1705156021391,"level":"debug","message":"Running chrome with params {\"printBackground\":true,\"timeout\":59949,\"margin\":{}}","meta":{"rootId":"uzp466vzl9c27q8","id":"uzp466vzl9c27q8"},"id":"00s6o2njoyzf97f","previousOperationId":"oydff9gnbxwlllw"}
{"type":"operationEnd","operationId":"oydff9gnbxwlllw","timestamp":1705156021494,"id":"nydww9z53ms16ge","previousEventId":"dry8atjxbf7hw3b","previousOperationId":"oydff9gnbxwlllw"}
{"type":"log","timestamp":1705156021495,"level":"debug","message":"Skipping storing report.","meta":{"rootId":"uzp466vzl9c27q8","id":"uzp466vzl9c27q8"},"id":"gbg7z56yjwy3sjx","previousOperationId":"oydff9gnbxwlllw"}
{"type":"log","timestamp":1705156021495,"level":"info","message":"Rendering request 34 finished in 368 ms","meta":{"rootId":"uzp466vzl9c27q8","id":"uzp466vzl9c27q8"},"id":"53jj1yg3eqsl40m","previousOperationId":"oydff9gnbxwlllw"}
{"type":"operationEnd","subtype":"render","operationId":"7kvfx3pxb8b7b6z","timestamp":1705156021495,"id":"2xrnbysj6wnjefs","previousEventId":"nydww9z53ms16ge","previousOperationId":"oydff9gnbxwlllw"}
{"type":"operationEnd","doDiffs":false,"previousEventId":"vrascpeaolrqew5","previousOperationId":"x3tg4pla3i1kv81","operationId":"x3tg4pla3i1kv81","timestamp":1705156021496,"id":"ilyu81jyja6b8ya"}
