{"type":"operationStart","subtype":"profile","data":{"_id":"20UFnDP3wGxnXtzC","timestamp":"2024-01-11T16:47:22.290Z","state":"queued","mode":"standard","creationDate":"2024-01-11T16:47:22.292Z","modificationDate":"2024-01-11T16:47:22.292Z","shortid":"KKSmdJK","$entitySet":"profiles"},"doDiffs":false,"timestamp":1704991642291,"id":"c8ge4f4713cspca","previousOperationId":null,"operationId":"lbcy53bad7zp992"}
{"type":"log","level":"info","message":"Render request 6 queued for execution and waiting for available worker","previousOperationId":"lbcy53bad7zp992","timestamp":1704991642291,"id":"qthwy7tlbeh5toe"}
{"type":"operationStart","subtype":"render","name":"AveragePunctuation","previousOperationId":"lbcy53bad7zp992","timestamp":1704991642296,"id":"vxie5jax85m6hpz","previousEventId":"c8ge4f4713cspca","operationId":"c8vnqnqd545h0bb"}
{"type":"log","timestamp":1704991642296,"level":"info","message":"Starting rendering request 6","meta":{"rootId":"v2x193t00zue7dj","id":"v2x193t00zue7dj"},"id":"0fu17rn2rqp9cfx","previousOperationId":"c8vnqnqd545h0bb"}
{"type":"log","timestamp":1704991642296,"level":"info","message":"Rendering template { name: AveragePunctuation, recipe: chrome-pdf, engine: handlebars, preview: false }","meta":{"rootId":"v2x193t00zue7dj","id":"v2x193t00zue7dj"},"id":"xbk93awxjaapbms","previousOperationId":"c8vnqnqd545h0bb"}
{"type":"log","timestamp":1704991642296,"level":"debug","message":"Inline data specified.","meta":{"rootId":"v2x193t00zue7dj","id":"v2x193t00zue7dj"},"id":"1efo33sthd8tjyy","previousOperationId":"c8vnqnqd545h0bb"}
{"type":"log","timestamp":1704991642298,"level":"debug","message":"Executing script AveragePunctuation-script (beforeRender)","meta":{"rootId":"v2x193t00zue7dj","id":"v2x193t00zue7dj"},"id":"1wljgku12qh7wxs","previousOperationId":"c8vnqnqd545h0bb"}
{"type":"operationStart","subtype":"scriptsBeforeRender","name":"scripts beforeRender","timestamp":1704991642310,"id":"zvqihz8fj4kuotl","previousEventId":"vxie5jax85m6hpz","operationId":"5c1ptz6es9ivqh2","previousOperationId":"c8vnqnqd545h0bb"}
{"type":"operationStart","subtype":"script","name":"scripts AveragePunctuation-script","previousOperationId":"5c1ptz6es9ivqh2","timestamp":1704991642310,"id":"luaquoi3xl0krxk","previousEventId":"zvqihz8fj4kuotl","operationId":"f278705cllu1bvw"}
{"type":"operationEnd","operationId":"f278705cllu1bvw","timestamp":1704991642312,"id":"rpyxs5p85j07k4s","previousEventId":"vxie5jax85m6hpz","previousOperationId":"c8vnqnqd545h0bb"}
{"type":"operationEnd","operationId":"5c1ptz6es9ivqh2","timestamp":1704991642312,"id":"cwhyuysevo6xwh8","previousEventId":"rpyxs5p85j07k4s","previousOperationId":"c8vnqnqd545h0bb"}
{"type":"log","timestamp":1704991642312,"level":"debug","message":"Base url not specified, skipping its injection.","meta":{"rootId":"v2x193t00zue7dj","id":"v2x193t00zue7dj"},"id":"z0ekiul54fuijgv","previousOperationId":"5c1ptz6es9ivqh2"}
{"type":"operationStart","subtype":"engine","name":"handlebars","timestamp":1704991642312,"id":"lfxjv2eb1r6chqw","previousEventId":"cwhyuysevo6xwh8","operationId":"zt812nz1qn5ofnd","previousOperationId":"5c1ptz6es9ivqh2"}
{"type":"log","timestamp":1704991642312,"level":"debug","message":"Rendering engine handlebars","meta":{"rootId":"v2x193t00zue7dj","id":"v2x193t00zue7dj"},"id":"5db3lzp8gegtije","previousOperationId":"zt812nz1qn5ofnd"}
{"type":"operationEnd","operationId":"zt812nz1qn5ofnd","timestamp":1704991642321,"id":"xjwatssylz8h7er","previousEventId":"lfxjv2eb1r6chqw","previousOperationId":"zt812nz1qn5ofnd"}
{"type":"operationStart","subtype":"recipe","name":"chrome-pdf","timestamp":1704991642322,"id":"x3dspvu07d2h0q6","previousEventId":"xjwatssylz8h7er","operationId":"itbrlvns0q3j1vx","previousOperationId":"zt812nz1qn5ofnd"}
{"type":"log","timestamp":1704991642322,"level":"debug","message":"Executing recipe chrome-pdf","meta":{"rootId":"v2x193t00zue7dj","id":"v2x193t00zue7dj"},"id":"memij5gb90ym8qz","previousOperationId":"itbrlvns0q3j1vx"}
{"type":"log","timestamp":1704991642325,"level":"debug","message":"Converting with chrome HeadlessChrome/117.0.5938.149 using chrome-pool strategy","meta":{"rootId":"v2x193t00zue7dj","id":"v2x193t00zue7dj"},"id":"h8z77apd2x59dw5","previousOperationId":"itbrlvns0q3j1vx"}
{"type":"log","timestamp":1704991642399,"level":"debug","message":"Page request: GET (document) file:///C:/Users/Javier/AppData/Local/Temp/jsreport/autocleanup/07f92a68-7380-4a92-988f-7569d635ba19-chrome-pdf.html","meta":{"rootId":"v2x193t00zue7dj","id":"v2x193t00zue7dj"},"id":"fbta05l1xmwqtni","previousOperationId":"itbrlvns0q3j1vx"}
{"type":"log","timestamp":1704991642409,"level":"debug","message":"Page request finished: GET (document) 200 file:///C:/Users/Javier/AppData/Local/Temp/jsreport/autocleanup/07f92a68-7380-4a92-988f-7569d635ba19-chrome-pdf.html","meta":{"rootId":"v2x193t00zue7dj","id":"v2x193t00zue7dj"},"id":"k58haoodg27vlzh","previousOperationId":"itbrlvns0q3j1vx"}
{"type":"log","timestamp":1704991642414,"level":"debug","message":"Running chrome with params {\"printBackground\":true,\"timeout\":59967,\"margin\":{}}","meta":{"rootId":"v2x193t00zue7dj","id":"v2x193t00zue7dj"},"id":"jrfxe0exp6cf295","previousOperationId":"itbrlvns0q3j1vx"}
{"type":"operationEnd","operationId":"itbrlvns0q3j1vx","timestamp":1704991642429,"id":"4i0wggkyaf62wh2","previousEventId":"x3dspvu07d2h0q6","previousOperationId":"itbrlvns0q3j1vx"}
{"type":"log","timestamp":1704991642429,"level":"debug","message":"Skipping storing report.","meta":{"rootId":"v2x193t00zue7dj","id":"v2x193t00zue7dj"},"id":"03th8x3l2r8wxtu","previousOperationId":"itbrlvns0q3j1vx"}
{"type":"log","timestamp":1704991642429,"level":"info","message":"Rendering request 6 finished in 139 ms","meta":{"rootId":"v2x193t00zue7dj","id":"v2x193t00zue7dj"},"id":"u4kr0alqsbhrdfj","previousOperationId":"itbrlvns0q3j1vx"}
{"type":"operationEnd","subtype":"render","operationId":"c8vnqnqd545h0bb","timestamp":1704991642429,"id":"qglq39bbep402n2","previousEventId":"4i0wggkyaf62wh2","previousOperationId":"itbrlvns0q3j1vx"}
{"type":"operationEnd","doDiffs":false,"previousEventId":"c8ge4f4713cspca","previousOperationId":"lbcy53bad7zp992","operationId":"lbcy53bad7zp992","timestamp":1704991642433,"id":"4m4cusb0ms03ida"}
