{"type":"operationStart","subtype":"profile","data":{"_id":"59eVdewuVZVqgJrQ","timestamp":"2024-01-11T16:49:56.599Z","state":"queued","mode":"standard","creationDate":"2024-01-11T16:49:56.600Z","modificationDate":"2024-01-11T16:49:56.600Z","shortid":"SuUi00H","$entitySet":"profiles"},"doDiffs":false,"timestamp":1704991796599,"id":"mm6qsnvov3gdaxp","previousOperationId":null,"operationId":"2or9bvc9dhm1m0f"}
{"type":"log","level":"info","message":"Render request 9 queued for execution and waiting for available worker","previousOperationId":"2or9bvc9dhm1m0f","timestamp":1704991796599,"id":"5sit568tqpp9qc9"}
{"type":"operationStart","subtype":"render","name":"AveragePunctuation","previousOperationId":"2or9bvc9dhm1m0f","timestamp":1704991796606,"id":"rgmk9a5vzwkgbh4","previousEventId":"mm6qsnvov3gdaxp","operationId":"iibjzsdt91kfzxg"}
{"type":"log","timestamp":1704991796606,"level":"info","message":"Starting rendering request 9","meta":{"rootId":"v9fcvg6uxp7vqxr","id":"v9fcvg6uxp7vqxr"},"id":"464iu8tetzgf2sn","previousOperationId":"iibjzsdt91kfzxg"}
{"type":"log","timestamp":1704991796607,"level":"info","message":"Rendering template { name: AveragePunctuation, recipe: chrome-pdf, engine: handlebars, preview: false }","meta":{"rootId":"v9fcvg6uxp7vqxr","id":"v9fcvg6uxp7vqxr"},"id":"a55hd8hvlyqabme","previousOperationId":"iibjzsdt91kfzxg"}
{"type":"log","timestamp":1704991796608,"level":"debug","message":"Inline data specified.","meta":{"rootId":"v9fcvg6uxp7vqxr","id":"v9fcvg6uxp7vqxr"},"id":"qed11q1gr27g3w7","previousOperationId":"iibjzsdt91kfzxg"}
{"type":"log","timestamp":1704991796610,"level":"debug","message":"Executing script AveragePunctuation-script (beforeRender)","meta":{"rootId":"v9fcvg6uxp7vqxr","id":"v9fcvg6uxp7vqxr"},"id":"4c6tvm8z9tfvm0e","previousOperationId":"iibjzsdt91kfzxg"}
{"type":"operationStart","subtype":"scriptsBeforeRender","name":"scripts beforeRender","timestamp":1704991796893,"id":"52a50syl6sxnc6s","previousEventId":"rgmk9a5vzwkgbh4","operationId":"rx6xkf4ga3z4pr1","previousOperationId":"iibjzsdt91kfzxg"}
{"type":"operationStart","subtype":"script","name":"scripts AveragePunctuation-script","previousOperationId":"rx6xkf4ga3z4pr1","timestamp":1704991796893,"id":"4au87cylfms3obx","previousEventId":"52a50syl6sxnc6s","operationId":"tly6yhzc7szumpe"}
{"type":"operationEnd","operationId":"tly6yhzc7szumpe","timestamp":1704991796910,"id":"uk2wdmca274jz5i","previousEventId":"rgmk9a5vzwkgbh4","previousOperationId":"iibjzsdt91kfzxg"}
{"type":"operationEnd","operationId":"rx6xkf4ga3z4pr1","timestamp":1704991796910,"id":"31gesjo1qamf3j7","previousEventId":"uk2wdmca274jz5i","previousOperationId":"iibjzsdt91kfzxg"}
{"type":"log","timestamp":1704991796910,"level":"debug","message":"Base url not specified, skipping its injection.","meta":{"rootId":"v9fcvg6uxp7vqxr","id":"v9fcvg6uxp7vqxr"},"id":"d5tmz34lf4nv2q8","previousOperationId":"rx6xkf4ga3z4pr1"}
{"type":"operationStart","subtype":"engine","name":"handlebars","timestamp":1704991796912,"id":"gb0xcl2gseksl5m","previousEventId":"31gesjo1qamf3j7","operationId":"zosyvnw6ede58gt","previousOperationId":"rx6xkf4ga3z4pr1"}
{"type":"log","timestamp":1704991796912,"level":"debug","message":"Rendering engine handlebars","meta":{"rootId":"v9fcvg6uxp7vqxr","id":"v9fcvg6uxp7vqxr"},"id":"qacfy70pciad4m5","previousOperationId":"zosyvnw6ede58gt"}
{"type":"operationEnd","operationId":"zosyvnw6ede58gt","timestamp":1704991797152,"id":"b3cla8sabjuiz5o","previousEventId":"gb0xcl2gseksl5m","previousOperationId":"zosyvnw6ede58gt"}
{"type":"operationStart","subtype":"recipe","name":"chrome-pdf","timestamp":1704991797153,"id":"g7m38khvp21kbza","previousEventId":"b3cla8sabjuiz5o","operationId":"idgfk9phdohn8zg","previousOperationId":"zosyvnw6ede58gt"}
{"type":"log","timestamp":1704991797153,"level":"debug","message":"Executing recipe chrome-pdf","meta":{"rootId":"v9fcvg6uxp7vqxr","id":"v9fcvg6uxp7vqxr"},"id":"45xswwepmo7c81l","previousOperationId":"idgfk9phdohn8zg"}
{"type":"log","timestamp":1704991797585,"level":"debug","message":"Converting with chrome HeadlessChrome/117.0.5938.149 using chrome-pool strategy","meta":{"rootId":"v9fcvg6uxp7vqxr","id":"v9fcvg6uxp7vqxr"},"id":"0qfom7bx6c1e1fb","previousOperationId":"idgfk9phdohn8zg"}
{"type":"log","timestamp":1704991798439,"level":"debug","message":"Page request: GET (document) file:///C:/Users/Javier/AppData/Local/Temp/jsreport/autocleanup/b105aedd-c3a0-4770-89b3-df5fe9dd8bee-chrome-pdf.html","meta":{"rootId":"v9fcvg6uxp7vqxr","id":"v9fcvg6uxp7vqxr"},"id":"owo0co7gn46vinl","previousOperationId":"idgfk9phdohn8zg"}
{"type":"log","timestamp":1704991798445,"level":"debug","message":"Page request finished: GET (document) 200 file:///C:/Users/Javier/AppData/Local/Temp/jsreport/autocleanup/b105aedd-c3a0-4770-89b3-df5fe9dd8bee-chrome-pdf.html","meta":{"rootId":"v9fcvg6uxp7vqxr","id":"v9fcvg6uxp7vqxr"},"id":"fl0jv05a1rroqm9","previousOperationId":"idgfk9phdohn8zg"}
{"type":"log","timestamp":1704991798449,"level":"debug","message":"Running chrome with params {\"printBackground\":true,\"timeout\":59126,\"margin\":{}}","meta":{"rootId":"v9fcvg6uxp7vqxr","id":"v9fcvg6uxp7vqxr"},"id":"1c4a60tt2hvbkem","previousOperationId":"idgfk9phdohn8zg"}
{"type":"operationEnd","operationId":"idgfk9phdohn8zg","timestamp":1704991798466,"id":"07zpf84vnbf1r4l","previousEventId":"g7m38khvp21kbza","previousOperationId":"idgfk9phdohn8zg"}
{"type":"log","timestamp":1704991798466,"level":"debug","message":"Skipping storing report.","meta":{"rootId":"v9fcvg6uxp7vqxr","id":"v9fcvg6uxp7vqxr"},"id":"ye1o0176nje6ql8","previousOperationId":"idgfk9phdohn8zg"}
{"type":"log","timestamp":1704991798466,"level":"info","message":"Rendering request 9 finished in 1868 ms","meta":{"rootId":"v9fcvg6uxp7vqxr","id":"v9fcvg6uxp7vqxr"},"id":"airsfuodmsw3gus","previousOperationId":"idgfk9phdohn8zg"}
{"type":"operationEnd","subtype":"render","operationId":"iibjzsdt91kfzxg","timestamp":1704991798466,"id":"nhj23y0vr70mlns","previousEventId":"07zpf84vnbf1r4l","previousOperationId":"idgfk9phdohn8zg"}
{"type":"operationEnd","doDiffs":false,"previousEventId":"mm6qsnvov3gdaxp","previousOperationId":"2or9bvc9dhm1m0f","operationId":"2or9bvc9dhm1m0f","timestamp":1704991798468,"id":"axgzjxoopgov5dh"}
