{"type":"operationStart","subtype":"profile","data":{"_id":"363Vy2CbPi0nwdql","timestamp":"2024-01-11T19:31:49.788Z","state":"queued","mode":"standard","creationDate":"2024-01-11T19:31:49.789Z","modificationDate":"2024-01-11T19:31:49.789Z","shortid":"ramu8_b","$entitySet":"profiles"},"doDiffs":false,"timestamp":1705001509789,"id":"ocorqsm0qyit0rm","previousOperationId":null,"operationId":"7pzpw3702i80ahh"}
{"type":"log","level":"info","message":"Render request 22 queued for execution and waiting for available worker","previousOperationId":"7pzpw3702i80ahh","timestamp":1705001509789,"id":"iecd6cu9nobg6x8"}
{"type":"operationStart","subtype":"render","name":"AveragePunctuation","previousOperationId":"7pzpw3702i80ahh","timestamp":1705001509793,"id":"uc4jz6ddkqpn3yi","previousEventId":"ocorqsm0qyit0rm","operationId":"jge8w5ukgrci4nj"}
{"type":"log","timestamp":1705001509794,"level":"info","message":"Starting rendering request 22","meta":{"rootId":"vc19v6uxjlghsom","id":"vc19v6uxjlghsom"},"id":"oxrr9awnsv6djnd","previousOperationId":"jge8w5ukgrci4nj"}
{"type":"log","timestamp":1705001509794,"level":"info","message":"Rendering template { name: AveragePunctuation, recipe: chrome-pdf, engine: handlebars, preview: false }","meta":{"rootId":"vc19v6uxjlghsom","id":"vc19v6uxjlghsom"},"id":"cfhv4er9mrfa5wz","previousOperationId":"jge8w5ukgrci4nj"}
{"type":"log","timestamp":1705001509794,"level":"debug","message":"Inline data specified.","meta":{"rootId":"vc19v6uxjlghsom","id":"vc19v6uxjlghsom"},"id":"tfqdwxahz4hlheu","previousOperationId":"jge8w5ukgrci4nj"}
{"type":"log","timestamp":1705001509795,"level":"debug","message":"Executing script AveragePunctuation-script (beforeRender)","meta":{"rootId":"vc19v6uxjlghsom","id":"vc19v6uxjlghsom"},"id":"iykijqgv80ewvz7","previousOperationId":"jge8w5ukgrci4nj"}
{"type":"operationStart","subtype":"scriptsBeforeRender","name":"scripts beforeRender","timestamp":1705001509807,"id":"0jtys3twg6j6ets","previousEventId":"uc4jz6ddkqpn3yi","operationId":"hjk7x4gd3itpvv9","previousOperationId":"jge8w5ukgrci4nj"}
{"type":"operationStart","subtype":"script","name":"scripts AveragePunctuation-script","previousOperationId":"hjk7x4gd3itpvv9","timestamp":1705001509807,"id":"c4yh1id8bdfhd9f","previousEventId":"0jtys3twg6j6ets","operationId":"aue0dy2d4nr1oo3"}
{"type":"operationEnd","operationId":"aue0dy2d4nr1oo3","timestamp":1705001509819,"id":"5bd5yop74so3dlt","previousEventId":"uc4jz6ddkqpn3yi","previousOperationId":"jge8w5ukgrci4nj"}
{"type":"operationEnd","operationId":"hjk7x4gd3itpvv9","timestamp":1705001509819,"id":"s7oaydtj8sohbm5","previousEventId":"5bd5yop74so3dlt","previousOperationId":"jge8w5ukgrci4nj"}
{"type":"log","timestamp":1705001509819,"level":"debug","message":"Base url not specified, skipping its injection.","meta":{"rootId":"vc19v6uxjlghsom","id":"vc19v6uxjlghsom"},"id":"53b89g7foisizgx","previousOperationId":"hjk7x4gd3itpvv9"}
{"type":"operationStart","subtype":"engine","name":"handlebars","timestamp":1705001509819,"id":"gqndck8fn6x8r5g","previousEventId":"s7oaydtj8sohbm5","operationId":"uddmgdevq13t0p7","previousOperationId":"hjk7x4gd3itpvv9"}
{"type":"log","timestamp":1705001509819,"level":"debug","message":"Rendering engine handlebars","meta":{"rootId":"vc19v6uxjlghsom","id":"vc19v6uxjlghsom"},"id":"jaeso973og5s9c5","previousOperationId":"uddmgdevq13t0p7"}
{"type":"operationEnd","operationId":"uddmgdevq13t0p7","timestamp":1705001509825,"id":"4d625g4rjy4zzo2","previousEventId":"gqndck8fn6x8r5g","previousOperationId":"uddmgdevq13t0p7"}
{"type":"operationStart","subtype":"recipe","name":"chrome-pdf","timestamp":1705001509825,"id":"q1bylhpedokcmk5","previousEventId":"4d625g4rjy4zzo2","operationId":"qrn13z6kymev17m","previousOperationId":"uddmgdevq13t0p7"}
{"type":"log","timestamp":1705001509825,"level":"debug","message":"Executing recipe chrome-pdf","meta":{"rootId":"vc19v6uxjlghsom","id":"vc19v6uxjlghsom"},"id":"71nefmjh6337rsx","previousOperationId":"qrn13z6kymev17m"}
{"type":"log","timestamp":1705001509826,"level":"debug","message":"Converting with chrome HeadlessChrome/117.0.5938.149 using chrome-pool strategy","meta":{"rootId":"vc19v6uxjlghsom","id":"vc19v6uxjlghsom"},"id":"lbom3ymbchnoydr","previousOperationId":"qrn13z6kymev17m"}
{"type":"log","timestamp":1705001509902,"level":"debug","message":"Page request: GET (document) file:///C:/Users/Javier/AppData/Local/Temp/jsreport/autocleanup/19332fa4-a030-4793-9d35-33275cb2555b-chrome-pdf.html","meta":{"rootId":"vc19v6uxjlghsom","id":"vc19v6uxjlghsom"},"id":"dlhyfeeatwa1cme","previousOperationId":"qrn13z6kymev17m"}
{"type":"log","timestamp":1705001509908,"level":"debug","message":"Page request finished: GET (document) 200 file:///C:/Users/Javier/AppData/Local/Temp/jsreport/autocleanup/19332fa4-a030-4793-9d35-33275cb2555b-chrome-pdf.html","meta":{"rootId":"vc19v6uxjlghsom","id":"vc19v6uxjlghsom"},"id":"b4aaji7el8ikb7m","previousOperationId":"qrn13z6kymev17m"}
{"type":"log","timestamp":1705001509911,"level":"debug","message":"Running chrome with params {\"printBackground\":true,\"timeout\":59962,\"margin\":{}}","meta":{"rootId":"vc19v6uxjlghsom","id":"vc19v6uxjlghsom"},"id":"lg3fzwfxcdxu9dj","previousOperationId":"qrn13z6kymev17m"}
{"type":"operationEnd","operationId":"qrn13z6kymev17m","timestamp":1705001509921,"id":"ntuvtofa7iveb02","previousEventId":"q1bylhpedokcmk5","previousOperationId":"qrn13z6kymev17m"}
{"type":"log","timestamp":1705001509921,"level":"debug","message":"Skipping storing report.","meta":{"rootId":"vc19v6uxjlghsom","id":"vc19v6uxjlghsom"},"id":"bvvkkl2x7jo9rwj","previousOperationId":"qrn13z6kymev17m"}
{"type":"log","timestamp":1705001509921,"level":"info","message":"Rendering request 22 finished in 133 ms","meta":{"rootId":"vc19v6uxjlghsom","id":"vc19v6uxjlghsom"},"id":"idnwyr94nh20yqp","previousOperationId":"qrn13z6kymev17m"}
{"type":"operationEnd","subtype":"render","operationId":"jge8w5ukgrci4nj","timestamp":1705001509921,"id":"dy8f4t3zg0vv1fq","previousEventId":"ntuvtofa7iveb02","previousOperationId":"qrn13z6kymev17m"}
{"type":"operationEnd","doDiffs":false,"previousEventId":"ocorqsm0qyit0rm","previousOperationId":"7pzpw3702i80ahh","operationId":"7pzpw3702i80ahh","timestamp":1705001509926,"id":"nppu880q9tw62is"}
