{"type":"operationStart","subtype":"profile","data":{"_id":"5SHW0sUurkYDldBz","timestamp":"2024-01-13T23:21:17.722Z","state":"queued","mode":"standard","creationDate":"2024-01-13T23:21:17.723Z","modificationDate":"2024-01-13T23:21:17.723Z","shortid":"1EWIY_Q","$entitySet":"profiles"},"doDiffs":false,"timestamp":1705188077723,"id":"j29tirynjxvt1rx","previousOperationId":null,"operationId":"jtxmaihws3b0rjm"}
{"type":"log","level":"info","message":"Render request 5 queued for execution and waiting for available worker","previousOperationId":"jtxmaihws3b0rjm","timestamp":1705188077723,"id":"54qcnk1gfnwnl9q"}
{"type":"operationStart","subtype":"render","name":"AveragePunctuation","previousOperationId":"jtxmaihws3b0rjm","timestamp":1705188077729,"id":"sov8r86p96kwg8p","previousEventId":"j29tirynjxvt1rx","operationId":"eekxmbqxevx07o8"}
{"type":"log","timestamp":1705188077729,"level":"info","message":"Starting rendering request 5","meta":{"rootId":"vcvw0g8uam95f69","id":"vcvw0g8uam95f69"},"id":"bl4i2gigaq09h1y","previousOperationId":"eekxmbqxevx07o8"}
{"type":"log","timestamp":1705188077729,"level":"info","message":"Rendering template { name: AveragePunctuation, recipe: chrome-pdf, engine: handlebars, preview: false }","meta":{"rootId":"vcvw0g8uam95f69","id":"vcvw0g8uam95f69"},"id":"1wlwz3oxx7su2zz","previousOperationId":"eekxmbqxevx07o8"}
{"type":"log","timestamp":1705188077730,"level":"debug","message":"Inline data specified.","meta":{"rootId":"vcvw0g8uam95f69","id":"vcvw0g8uam95f69"},"id":"4jclipyatyhxbxx","previousOperationId":"eekxmbqxevx07o8"}
{"type":"log","timestamp":1705188077732,"level":"debug","message":"Executing script AveragePunctuation-script (beforeRender)","meta":{"rootId":"vcvw0g8uam95f69","id":"vcvw0g8uam95f69"},"id":"8rvof48u6nvavun","previousOperationId":"eekxmbqxevx07o8"}
{"type":"operationStart","subtype":"scriptsBeforeRender","name":"scripts beforeRender","timestamp":1705188077748,"id":"gmi3afo921imgl2","previousEventId":"sov8r86p96kwg8p","operationId":"0u1yx0yzbdzrnfe","previousOperationId":"eekxmbqxevx07o8"}
{"type":"operationStart","subtype":"script","name":"scripts AveragePunctuation-script","previousOperationId":"0u1yx0yzbdzrnfe","timestamp":1705188077748,"id":"ep2a1h7b3nxydfj","previousEventId":"gmi3afo921imgl2","operationId":"qh0re5d798bhj7f"}
{"type":"operationEnd","operationId":"qh0re5d798bhj7f","timestamp":1705188077779,"id":"36yocal0i8km751","previousEventId":"sov8r86p96kwg8p","previousOperationId":"eekxmbqxevx07o8"}
{"type":"operationEnd","operationId":"0u1yx0yzbdzrnfe","timestamp":1705188077779,"id":"9w1rc75c12ul66h","previousEventId":"36yocal0i8km751","previousOperationId":"eekxmbqxevx07o8"}
{"type":"log","timestamp":1705188077779,"level":"debug","message":"Base url not specified, skipping its injection.","meta":{"rootId":"vcvw0g8uam95f69","id":"vcvw0g8uam95f69"},"id":"lipn4d9f03rxg4r","previousOperationId":"0u1yx0yzbdzrnfe"}
{"type":"operationStart","subtype":"engine","name":"handlebars","timestamp":1705188077779,"id":"1no0qb947xdg5t5","previousEventId":"9w1rc75c12ul66h","operationId":"klg1vr20j9bo2ml","previousOperationId":"0u1yx0yzbdzrnfe"}
{"type":"log","timestamp":1705188077779,"level":"debug","message":"Rendering engine handlebars","meta":{"rootId":"vcvw0g8uam95f69","id":"vcvw0g8uam95f69"},"id":"i8lipbn11g8ak37","previousOperationId":"klg1vr20j9bo2ml"}
{"type":"operationEnd","operationId":"klg1vr20j9bo2ml","timestamp":1705188077789,"id":"rn8r51nihczx5y4","previousEventId":"1no0qb947xdg5t5","previousOperationId":"klg1vr20j9bo2ml"}
{"type":"operationStart","subtype":"recipe","name":"chrome-pdf","timestamp":1705188077790,"id":"6h83v2lc682u880","previousEventId":"rn8r51nihczx5y4","operationId":"ki9c7z7aa79cufl","previousOperationId":"klg1vr20j9bo2ml"}
{"type":"log","timestamp":1705188077790,"level":"debug","message":"Executing recipe chrome-pdf","meta":{"rootId":"vcvw0g8uam95f69","id":"vcvw0g8uam95f69"},"id":"ozauzhn11ui9x5d","previousOperationId":"ki9c7z7aa79cufl"}
{"type":"log","timestamp":1705188077792,"level":"debug","message":"Converting with chrome HeadlessChrome/117.0.5938.149 using chrome-pool strategy","meta":{"rootId":"vcvw0g8uam95f69","id":"vcvw0g8uam95f69"},"id":"r56yn928vgk8n0w","previousOperationId":"ki9c7z7aa79cufl"}
{"type":"log","timestamp":1705188077880,"level":"debug","message":"Page request: GET (document) file:///C:/Users/Javier/AppData/Local/Temp/jsreport/autocleanup/46e2af71-1507-4941-a57c-28d848a9cf35-chrome-pdf.html","meta":{"rootId":"vcvw0g8uam95f69","id":"vcvw0g8uam95f69"},"id":"gfyro7vkr0uoca5","previousOperationId":"ki9c7z7aa79cufl"}
{"type":"log","timestamp":1705188077923,"level":"debug","message":"Page request: GET (stylesheet) https://cdnjs.cloudflare.com/ajax/libs/metro/4.1.5/css/metro.min.css","meta":{"rootId":"vcvw0g8uam95f69","id":"vcvw0g8uam95f69"},"id":"2jt4i0xebu05omc","previousOperationId":"ki9c7z7aa79cufl"}
{"type":"log","timestamp":1705188077923,"level":"debug","message":"Page request: GET (script) https://cdnjs.cloudflare.com/ajax/libs/Chart.js/2.7.2/Chart.min.js","meta":{"rootId":"vcvw0g8uam95f69","id":"vcvw0g8uam95f69"},"id":"5o54xn2t53bbrvj","previousOperationId":"ki9c7z7aa79cufl"}
{"type":"log","timestamp":1705188077924,"level":"debug","message":"Page request finished: GET (document) 200 file:///C:/Users/Javier/AppData/Local/Temp/jsreport/autocleanup/46e2af71-1507-4941-a57c-28d848a9cf35-chrome-pdf.html","meta":{"rootId":"vcvw0g8uam95f69","id":"vcvw0g8uam95f69"},"id":"k8tkwq7dmeu85ua","previousOperationId":"ki9c7z7aa79cufl"}
{"type":"log","timestamp":1705188077928,"level":"debug","message":"Page request finished: GET (script) 200 https://cdnjs.cloudflare.com/ajax/libs/Chart.js/2.7.2/Chart.min.js","meta":{"rootId":"vcvw0g8uam95f69","id":"vcvw0g8uam95f69"},"id":"1jsvz46kcp04up0","previousOperationId":"ki9c7z7aa79cufl"}
{"type":"log","timestamp":1705188077938,"level":"debug","message":"Page request finished: GET (stylesheet) 200 https://cdnjs.cloudflare.com/ajax/libs/metro/4.1.5/css/metro.min.css","meta":{"rootId":"vcvw0g8uam95f69","id":"vcvw0g8uam95f69"},"id":"tcvu9fn0qomwc81","previousOperationId":"ki9c7z7aa79cufl"}
{"type":"log","timestamp":1705188078001,"level":"debug","message":"Running chrome with params {\"printBackground\":true,\"timeout\":59931,\"margin\":{}}","meta":{"rootId":"vcvw0g8uam95f69","id":"vcvw0g8uam95f69"},"id":"sgq8qtc273b6sdw","previousOperationId":"ki9c7z7aa79cufl"}
{"type":"operationEnd","operationId":"ki9c7z7aa79cufl","timestamp":1705188078097,"id":"ukvef7dv9sln2br","previousEventId":"6h83v2lc682u880","previousOperationId":"ki9c7z7aa79cufl"}
{"type":"log","timestamp":1705188078097,"level":"debug","message":"Skipping storing report.","meta":{"rootId":"vcvw0g8uam95f69","id":"vcvw0g8uam95f69"},"id":"fv8knelyred78du","previousOperationId":"ki9c7z7aa79cufl"}
{"type":"log","timestamp":1705188078097,"level":"info","message":"Rendering request 5 finished in 375 ms","meta":{"rootId":"vcvw0g8uam95f69","id":"vcvw0g8uam95f69"},"id":"0uj8w3123otd93w","previousOperationId":"ki9c7z7aa79cufl"}
{"type":"operationEnd","subtype":"render","operationId":"eekxmbqxevx07o8","timestamp":1705188078097,"id":"st8ljiq5xlnutnl","previousEventId":"ukvef7dv9sln2br","previousOperationId":"ki9c7z7aa79cufl"}
{"type":"operationEnd","doDiffs":false,"previousEventId":"j29tirynjxvt1rx","previousOperationId":"jtxmaihws3b0rjm","operationId":"jtxmaihws3b0rjm","timestamp":1705188078099,"id":"npmpxjm4qnwwsoz"}
