{"type":"operationStart","subtype":"profile","data":{"_id":"LYDOxWw0MoU7yWZl","timestamp":"2024-01-13T14:18:18.512Z","state":"queued","mode":"standard","creationDate":"2024-01-13T14:18:18.514Z","modificationDate":"2024-01-13T14:18:18.514Z","shortid":"UrYN3eZ","$entitySet":"profiles"},"doDiffs":false,"timestamp":1705155498513,"id":"5pr28g7920b8wcz","previousOperationId":null,"operationId":"jdt0jqldh97362z"}
{"type":"log","level":"info","message":"Render request 16 queued for execution and waiting for available worker","previousOperationId":"jdt0jqldh97362z","timestamp":1705155498513,"id":"39yret3rvyt4lu2"}
{"type":"operationStart","subtype":"render","name":"AveragePunctuation","previousOperationId":"jdt0jqldh97362z","timestamp":1705155498518,"id":"4nons1o8g85wy33","previousEventId":"5pr28g7920b8wcz","operationId":"z7h6pnpztd4yyr8"}
{"type":"log","timestamp":1705155498519,"level":"info","message":"Starting rendering request 16","meta":{"rootId":"vdxnkgitz1yhfz4","id":"vdxnkgitz1yhfz4"},"id":"ifiuuaz7mw0anrl","previousOperationId":"z7h6pnpztd4yyr8"}
{"type":"log","timestamp":1705155498519,"level":"info","message":"Rendering template { name: AveragePunctuation, recipe: chrome-pdf, engine: handlebars, preview: false }","meta":{"rootId":"vdxnkgitz1yhfz4","id":"vdxnkgitz1yhfz4"},"id":"uu88xjy08bls46m","previousOperationId":"z7h6pnpztd4yyr8"}
{"type":"log","timestamp":1705155498519,"level":"debug","message":"Inline data specified.","meta":{"rootId":"vdxnkgitz1yhfz4","id":"vdxnkgitz1yhfz4"},"id":"099hofsg55xmasu","previousOperationId":"z7h6pnpztd4yyr8"}
{"type":"log","timestamp":1705155498521,"level":"debug","message":"Executing script AveragePunctuation-script (beforeRender)","meta":{"rootId":"vdxnkgitz1yhfz4","id":"vdxnkgitz1yhfz4"},"id":"5cbtgdwan3zkgi7","previousOperationId":"z7h6pnpztd4yyr8"}
{"type":"operationStart","subtype":"scriptsBeforeRender","name":"scripts beforeRender","timestamp":1705155498556,"id":"006so0li7k1vvdv","previousEventId":"4nons1o8g85wy33","operationId":"xleo6jt3wgggqw5","previousOperationId":"z7h6pnpztd4yyr8"}
{"type":"operationStart","subtype":"script","name":"scripts AveragePunctuation-script","previousOperationId":"xleo6jt3wgggqw5","timestamp":1705155498556,"id":"a5zfmca5m0iyma7","previousEventId":"006so0li7k1vvdv","operationId":"wyr1dzx12bje764"}
{"type":"operationEnd","operationId":"wyr1dzx12bje764","timestamp":1705155498580,"id":"guszvy3b2de8uiw","previousEventId":"4nons1o8g85wy33","previousOperationId":"z7h6pnpztd4yyr8"}
{"type":"operationEnd","operationId":"xleo6jt3wgggqw5","timestamp":1705155498580,"id":"jeokcm5gorzvnum","previousEventId":"guszvy3b2de8uiw","previousOperationId":"z7h6pnpztd4yyr8"}
{"type":"log","timestamp":1705155498580,"level":"debug","message":"Base url not specified, skipping its injection.","meta":{"rootId":"vdxnkgitz1yhfz4","id":"vdxnkgitz1yhfz4"},"id":"hy6cekcsxfmgir7","previousOperationId":"xleo6jt3wgggqw5"}
{"type":"operationStart","subtype":"engine","name":"handlebars","timestamp":1705155498580,"id":"b02zm7yutdt8pev","previousEventId":"jeokcm5gorzvnum","operationId":"kzolqwaec8gxa15","previousOperationId":"xleo6jt3wgggqw5"}
{"type":"log","timestamp":1705155498580,"level":"debug","message":"Rendering engine handlebars","meta":{"rootId":"vdxnkgitz1yhfz4","id":"vdxnkgitz1yhfz4"},"id":"maczdb0e4vosjqw","previousOperationId":"kzolqwaec8gxa15"}
{"type":"operationEnd","operationId":"kzolqwaec8gxa15","timestamp":1705155498601,"id":"mmykg92u6splp8d","previousEventId":"b02zm7yutdt8pev","previousOperationId":"kzolqwaec8gxa15"}
{"type":"operationStart","subtype":"recipe","name":"chrome-pdf","timestamp":1705155498601,"id":"vi6s3wwuqb6l9rt","previousEventId":"mmykg92u6splp8d","operationId":"xt30cd6bqhtag4b","previousOperationId":"kzolqwaec8gxa15"}
{"type":"log","timestamp":1705155498601,"level":"debug","message":"Executing recipe chrome-pdf","meta":{"rootId":"vdxnkgitz1yhfz4","id":"vdxnkgitz1yhfz4"},"id":"fgkpievfe3d4egg","previousOperationId":"xt30cd6bqhtag4b"}
{"type":"log","timestamp":1705155498603,"level":"debug","message":"Converting with chrome HeadlessChrome/117.0.5938.149 using chrome-pool strategy","meta":{"rootId":"vdxnkgitz1yhfz4","id":"vdxnkgitz1yhfz4"},"id":"xe2srmgyka6tbj4","previousOperationId":"xt30cd6bqhtag4b"}
{"type":"log","timestamp":1705155498684,"level":"debug","message":"Page request: GET (document) file:///C:/Users/Javier/AppData/Local/Temp/jsreport/autocleanup/d93ee959-53e0-45cb-9440-18276cab9a88-chrome-pdf.html","meta":{"rootId":"vdxnkgitz1yhfz4","id":"vdxnkgitz1yhfz4"},"id":"at9sfvfbdrzfub6","previousOperationId":"xt30cd6bqhtag4b"}
{"type":"log","timestamp":1705155498726,"level":"debug","message":"Page request: GET (stylesheet) https://cdnjs.cloudflare.com/ajax/libs/metro/4.1.5/css/metro.min.css","meta":{"rootId":"vdxnkgitz1yhfz4","id":"vdxnkgitz1yhfz4"},"id":"vbvyrccrignsmkn","previousOperationId":"xt30cd6bqhtag4b"}
{"type":"log","timestamp":1705155498726,"level":"debug","message":"Page request: GET (script) https://cdnjs.cloudflare.com/ajax/libs/Chart.js/2.7.2/Chart.min.js","meta":{"rootId":"vdxnkgitz1yhfz4","id":"vdxnkgitz1yhfz4"},"id":"cknpndzt5ff6sll","previousOperationId":"xt30cd6bqhtag4b"}
{"type":"log","timestamp":1705155498726,"level":"debug","message":"Page request finished: GET (document) 200 file:///C:/Users/Javier/AppData/Local/Temp/jsreport/autocleanup/d93ee959-53e0-45cb-9440-18276cab9a88-chrome-pdf.html","meta":{"rootId":"vdxnkgitz1yhfz4","id":"vdxnkgitz1yhfz4"},"id":"1q5m42monocqgvp","previousOperationId":"xt30cd6bqhtag4b"}
{"type":"log","timestamp":1705155498730,"level":"debug","message":"Page request finished: GET (script) 200 https://cdnjs.cloudflare.com/ajax/libs/Chart.js/2.7.2/Chart.min.js","meta":{"rootId":"vdxnkgitz1yhfz4","id":"vdxnkgitz1yhfz4"},"id":"i63bpw0q1pudnmy","previousOperationId":"xt30cd6bqhtag4b"}
{"type":"log","timestamp":1705155498741,"level":"debug","message":"Page request finished: GET (stylesheet) 200 https://cdnjs.cloudflare.com/ajax/libs/metro/4.1.5/css/metro.min.css","meta":{"rootId":"vdxnkgitz1yhfz4","id":"vdxnkgitz1yhfz4"},"id":"369n9wj9la0h371","previousOperationId":"xt30cd6bqhtag4b"}
{"type":"log","timestamp":1705155498800,"level":"debug","message":"Running chrome with params {\"printBackground\":true,\"timeout\":59909,\"margin\":{}}","meta":{"rootId":"vdxnkgitz1yhfz4","id":"vdxnkgitz1yhfz4"},"id":"nv1x9x0qjdt6edl","previousOperationId":"xt30cd6bqhtag4b"}
{"type":"operationEnd","operationId":"xt30cd6bqhtag4b","timestamp":1705155498899,"id":"nkvuxdl9v73hrgx","previousEventId":"vi6s3wwuqb6l9rt","previousOperationId":"xt30cd6bqhtag4b"}
{"type":"log","timestamp":1705155498899,"level":"debug","message":"Skipping storing report.","meta":{"rootId":"vdxnkgitz1yhfz4","id":"vdxnkgitz1yhfz4"},"id":"w6j7ejbw8ih0qvw","previousOperationId":"xt30cd6bqhtag4b"}
{"type":"log","timestamp":1705155498899,"level":"info","message":"Rendering request 16 finished in 387 ms","meta":{"rootId":"vdxnkgitz1yhfz4","id":"vdxnkgitz1yhfz4"},"id":"yhtcpkel5zcqlxu","previousOperationId":"xt30cd6bqhtag4b"}
{"type":"operationEnd","subtype":"render","operationId":"z7h6pnpztd4yyr8","timestamp":1705155498899,"id":"3072ddhlryrb69g","previousEventId":"nkvuxdl9v73hrgx","previousOperationId":"xt30cd6bqhtag4b"}
{"type":"operationEnd","doDiffs":false,"previousEventId":"5pr28g7920b8wcz","previousOperationId":"jdt0jqldh97362z","operationId":"jdt0jqldh97362z","timestamp":1705155498901,"id":"eo1sp00bvruhg5o"}
