{"type":"operationStart","subtype":"profile","data":{"_id":"BkvUPH2SjuRBANSR","timestamp":"2024-01-13T13:58:21.903Z","state":"queued","mode":"standard","creationDate":"2024-01-13T13:58:21.904Z","modificationDate":"2024-01-13T13:58:21.904Z","shortid":"-hjuTay","$entitySet":"profiles"},"doDiffs":false,"timestamp":1705154301903,"id":"boszkzytjbi1zkj","previousOperationId":null,"operationId":"538rbvxm37iam7b"}
{"type":"log","level":"info","message":"Render request 7 queued for execution and waiting for available worker","previousOperationId":"538rbvxm37iam7b","timestamp":1705154301903,"id":"km6tn41k4tdkpdz"}
{"type":"operationStart","subtype":"render","name":"AveragePunctuation","previousOperationId":"538rbvxm37iam7b","timestamp":1705154301908,"id":"jj4rqtr8twaa0qr","previousEventId":"boszkzytjbi1zkj","operationId":"v0a00yw4x18c6ay"}
{"type":"log","timestamp":1705154301908,"level":"info","message":"Starting rendering request 7","meta":{"rootId":"vf0wubo6i75d9hu","id":"vf0wubo6i75d9hu"},"id":"ovsbw88bc3uscke","previousOperationId":"v0a00yw4x18c6ay"}
{"type":"log","timestamp":1705154301908,"level":"info","message":"Rendering template { name: AveragePunctuation, recipe: chrome-pdf, engine: handlebars, preview: false }","meta":{"rootId":"vf0wubo6i75d9hu","id":"vf0wubo6i75d9hu"},"id":"2bo1woe4mgo30wv","previousOperationId":"v0a00yw4x18c6ay"}
{"type":"log","timestamp":1705154301908,"level":"debug","message":"Inline data specified.","meta":{"rootId":"vf0wubo6i75d9hu","id":"vf0wubo6i75d9hu"},"id":"0qu4pj3o65nl7to","previousOperationId":"v0a00yw4x18c6ay"}
{"type":"log","timestamp":1705154301911,"level":"debug","message":"Executing script AveragePunctuation-script (beforeRender)","meta":{"rootId":"vf0wubo6i75d9hu","id":"vf0wubo6i75d9hu"},"id":"bhjavu8b2z2hhf4","previousOperationId":"v0a00yw4x18c6ay"}
{"type":"operationStart","subtype":"scriptsBeforeRender","name":"scripts beforeRender","timestamp":1705154301924,"id":"016hgatsk749e2t","previousEventId":"jj4rqtr8twaa0qr","operationId":"0snlxjp3lx3btd6","previousOperationId":"v0a00yw4x18c6ay"}
{"type":"operationStart","subtype":"script","name":"scripts AveragePunctuation-script","previousOperationId":"0snlxjp3lx3btd6","timestamp":1705154301924,"id":"dkm48a28kfssigr","previousEventId":"016hgatsk749e2t","operationId":"slgth2a43jtdvbz"}
{"type":"operationEnd","operationId":"slgth2a43jtdvbz","timestamp":1705154301937,"id":"dlygb53141hoyoi","previousEventId":"jj4rqtr8twaa0qr","previousOperationId":"v0a00yw4x18c6ay"}
{"type":"operationEnd","operationId":"0snlxjp3lx3btd6","timestamp":1705154301937,"id":"kfnoqkkpqals3ez","previousEventId":"dlygb53141hoyoi","previousOperationId":"v0a00yw4x18c6ay"}
{"type":"log","timestamp":1705154301937,"level":"debug","message":"Base url not specified, skipping its injection.","meta":{"rootId":"vf0wubo6i75d9hu","id":"vf0wubo6i75d9hu"},"id":"ejnokw9sfdaxclu","previousOperationId":"0snlxjp3lx3btd6"}
{"type":"operationStart","subtype":"engine","name":"handlebars","timestamp":1705154301937,"id":"z93682kj5pyab2k","previousEventId":"kfnoqkkpqals3ez","operationId":"d3xnc99gpxkss1r","previousOperationId":"0snlxjp3lx3btd6"}
{"type":"log","timestamp":1705154301937,"level":"debug","message":"Rendering engine handlebars","meta":{"rootId":"vf0wubo6i75d9hu","id":"vf0wubo6i75d9hu"},"id":"aksxj22beyn0fq1","previousOperationId":"d3xnc99gpxkss1r"}
{"type":"operationEnd","operationId":"d3xnc99gpxkss1r","timestamp":1705154301948,"id":"s7quvg6pawxpanb","previousEventId":"z93682kj5pyab2k","previousOperationId":"d3xnc99gpxkss1r"}
{"type":"operationStart","subtype":"recipe","name":"chrome-pdf","timestamp":1705154301948,"id":"sy9rc8obruct8g2","previousEventId":"s7quvg6pawxpanb","operationId":"ln45lq1evf80x0v","previousOperationId":"d3xnc99gpxkss1r"}
{"type":"log","timestamp":1705154301948,"level":"debug","message":"Executing recipe chrome-pdf","meta":{"rootId":"vf0wubo6i75d9hu","id":"vf0wubo6i75d9hu"},"id":"uxnb9t0dmc4hr5e","previousOperationId":"ln45lq1evf80x0v"}
{"type":"log","timestamp":1705154301949,"level":"debug","message":"Converting with chrome HeadlessChrome/117.0.5938.149 using chrome-pool strategy","meta":{"rootId":"vf0wubo6i75d9hu","id":"vf0wubo6i75d9hu"},"id":"8wpjgtv9qt2xe0m","previousOperationId":"ln45lq1evf80x0v"}
{"type":"log","timestamp":1705154302021,"level":"debug","message":"Page request: GET (document) file:///C:/Users/Javier/AppData/Local/Temp/jsreport/autocleanup/66e77166-2a32-4116-bd64-9860b3f6e7ee-chrome-pdf.html","meta":{"rootId":"vf0wubo6i75d9hu","id":"vf0wubo6i75d9hu"},"id":"k3du1ve2fra41r0","previousOperationId":"ln45lq1evf80x0v"}
{"type":"log","timestamp":1705154302076,"level":"debug","message":"Page request: GET (stylesheet) https://cdnjs.cloudflare.com/ajax/libs/metro/4.1.5/css/metro.min.css","meta":{"rootId":"vf0wubo6i75d9hu","id":"vf0wubo6i75d9hu"},"id":"h4q6acyenuugaew","previousOperationId":"ln45lq1evf80x0v"}
{"type":"log","timestamp":1705154302076,"level":"debug","message":"Page request: GET (script) https://cdnjs.cloudflare.com/ajax/libs/Chart.js/2.7.2/Chart.min.js","meta":{"rootId":"vf0wubo6i75d9hu","id":"vf0wubo6i75d9hu"},"id":"0pi8ox6l2uzz2pr","previousOperationId":"ln45lq1evf80x0v"}
{"type":"log","timestamp":1705154302077,"level":"debug","message":"Page request finished: GET (document) 200 file:///C:/Users/Javier/AppData/Local/Temp/jsreport/autocleanup/66e77166-2a32-4116-bd64-9860b3f6e7ee-chrome-pdf.html","meta":{"rootId":"vf0wubo6i75d9hu","id":"vf0wubo6i75d9hu"},"id":"wsadr2ieqqcnekz","previousOperationId":"ln45lq1evf80x0v"}
{"type":"log","timestamp":1705154302217,"level":"debug","message":"Page request finished: GET (stylesheet) 200 https://cdnjs.cloudflare.com/ajax/libs/metro/4.1.5/css/metro.min.css","meta":{"rootId":"vf0wubo6i75d9hu","id":"vf0wubo6i75d9hu"},"id":"6hbo1sqzixsx7dv","previousOperationId":"ln45lq1evf80x0v"}
{"type":"log","timestamp":1705154302217,"level":"debug","message":"Page request finished: GET (script) 200 https://cdnjs.cloudflare.com/ajax/libs/Chart.js/2.7.2/Chart.min.js","meta":{"rootId":"vf0wubo6i75d9hu","id":"vf0wubo6i75d9hu"},"id":"7j1iap3mqh3rmp8","previousOperationId":"ln45lq1evf80x0v"}
{"type":"log","timestamp":1705154302269,"level":"debug","message":"Running chrome with params {\"printBackground\":true,\"timeout\":59953,\"margin\":{}}","meta":{"rootId":"vf0wubo6i75d9hu","id":"vf0wubo6i75d9hu"},"id":"bmqzricpke3nljo","previousOperationId":"ln45lq1evf80x0v"}
{"type":"operationEnd","operationId":"ln45lq1evf80x0v","timestamp":1705154302340,"id":"rlrg1hzluh2tnf7","previousEventId":"sy9rc8obruct8g2","previousOperationId":"ln45lq1evf80x0v"}
{"type":"log","timestamp":1705154302340,"level":"debug","message":"Skipping storing report.","meta":{"rootId":"vf0wubo6i75d9hu","id":"vf0wubo6i75d9hu"},"id":"uss2arqtceugbl5","previousOperationId":"ln45lq1evf80x0v"}
{"type":"log","timestamp":1705154302341,"level":"info","message":"Rendering request 7 finished in 439 ms","meta":{"rootId":"vf0wubo6i75d9hu","id":"vf0wubo6i75d9hu"},"id":"noub2e5eg7yktz5","previousOperationId":"ln45lq1evf80x0v"}
{"type":"operationEnd","subtype":"render","operationId":"v0a00yw4x18c6ay","timestamp":1705154302341,"id":"gt0c3mjdf6u5zs9","previousEventId":"rlrg1hzluh2tnf7","previousOperationId":"ln45lq1evf80x0v"}
{"type":"operationEnd","doDiffs":false,"previousEventId":"boszkzytjbi1zkj","previousOperationId":"538rbvxm37iam7b","operationId":"538rbvxm37iam7b","timestamp":1705154302342,"id":"hlkuduudy79w2vd"}
