{"type":"operationStart","subtype":"profile","data":{"_id":"eZ9QtAcUJMjY1j6x","timestamp":"2024-01-14T15:54:09.289Z","state":"queued","mode":"standard","creationDate":"2024-01-14T15:54:09.291Z","modificationDate":"2024-01-14T15:54:09.291Z","shortid":"OzjqtM3","$entitySet":"profiles"},"doDiffs":false,"timestamp":1705247649290,"id":"xi3aa4dn0d5mn20","previousOperationId":null,"operationId":"0hkqtllrird5z88"}
{"type":"log","level":"info","message":"Render request 4 queued for execution and waiting for available worker","previousOperationId":"0hkqtllrird5z88","timestamp":1705247649290,"id":"uq5yz5u75w6ejlp"}
{"type":"operationStart","subtype":"render","name":"AveragePunctuation","previousOperationId":"0hkqtllrird5z88","timestamp":1705247649310,"id":"yd080585g4fzcek","previousEventId":"xi3aa4dn0d5mn20","operationId":"7wbsvkf815ahod2"}
{"type":"log","timestamp":1705247649312,"level":"info","message":"Starting rendering request 4","meta":{"rootId":"vim8pqlqkoxkysg","id":"vim8pqlqkoxkysg"},"id":"ns2a5xvkgolwdg9","previousOperationId":"7wbsvkf815ahod2"}
{"type":"log","timestamp":1705247649314,"level":"info","message":"Rendering template { name: AveragePunctuation, recipe: chrome-pdf, engine: handlebars, preview: false }","meta":{"rootId":"vim8pqlqkoxkysg","id":"vim8pqlqkoxkysg"},"id":"on25g433cfu8q3y","previousOperationId":"7wbsvkf815ahod2"}
{"type":"log","timestamp":1705247649315,"level":"debug","message":"Inline data specified.","meta":{"rootId":"vim8pqlqkoxkysg","id":"vim8pqlqkoxkysg"},"id":"4wfmgzeksru4dgr","previousOperationId":"7wbsvkf815ahod2"}
{"type":"log","timestamp":1705247649318,"level":"debug","message":"Executing script AveragePunctuation-script (beforeRender)","meta":{"rootId":"vim8pqlqkoxkysg","id":"vim8pqlqkoxkysg"},"id":"erewgitqxjtemnx","previousOperationId":"7wbsvkf815ahod2"}
{"type":"operationStart","subtype":"scriptsBeforeRender","name":"scripts beforeRender","timestamp":1705247649384,"id":"dmfl4to78o3l9kx","previousEventId":"yd080585g4fzcek","operationId":"n3ufuxh6w2zc6o3","previousOperationId":"7wbsvkf815ahod2"}
{"type":"operationStart","subtype":"script","name":"scripts AveragePunctuation-script","previousOperationId":"n3ufuxh6w2zc6o3","timestamp":1705247649384,"id":"9uop4v2v685k4ee","previousEventId":"dmfl4to78o3l9kx","operationId":"m0j7kqn3v0dso21"}
{"type":"operationEnd","operationId":"m0j7kqn3v0dso21","timestamp":1705247649418,"id":"mu0bosi7si4l1ar","previousEventId":"yd080585g4fzcek","previousOperationId":"7wbsvkf815ahod2"}
{"type":"operationEnd","operationId":"n3ufuxh6w2zc6o3","timestamp":1705247649418,"id":"pvc9270xm5yi0qj","previousEventId":"mu0bosi7si4l1ar","previousOperationId":"7wbsvkf815ahod2"}
{"type":"log","timestamp":1705247649418,"level":"debug","message":"Base url not specified, skipping its injection.","meta":{"rootId":"vim8pqlqkoxkysg","id":"vim8pqlqkoxkysg"},"id":"2xal01kbnb4w3cs","previousOperationId":"n3ufuxh6w2zc6o3"}
{"type":"operationStart","subtype":"engine","name":"handlebars","timestamp":1705247649418,"id":"obpwwvobvwpgr5d","previousEventId":"pvc9270xm5yi0qj","operationId":"1exzauqt3zr56yk","previousOperationId":"n3ufuxh6w2zc6o3"}
{"type":"log","timestamp":1705247649419,"level":"debug","message":"Rendering engine handlebars","meta":{"rootId":"vim8pqlqkoxkysg","id":"vim8pqlqkoxkysg"},"id":"6sg8ci6wcgjt48h","previousOperationId":"1exzauqt3zr56yk"}
{"type":"operationEnd","operationId":"1exzauqt3zr56yk","timestamp":1705247649441,"id":"h5eol83ab7vw11y","previousEventId":"obpwwvobvwpgr5d","previousOperationId":"1exzauqt3zr56yk"}
{"type":"operationStart","subtype":"recipe","name":"chrome-pdf","timestamp":1705247649442,"id":"yvz1917nck0rfq4","previousEventId":"h5eol83ab7vw11y","operationId":"7ekbvg8ryu3rjru","previousOperationId":"1exzauqt3zr56yk"}
{"type":"log","timestamp":1705247649442,"level":"debug","message":"Executing recipe chrome-pdf","meta":{"rootId":"vim8pqlqkoxkysg","id":"vim8pqlqkoxkysg"},"id":"t8jiwxu8nolknjt","previousOperationId":"7ekbvg8ryu3rjru"}
{"type":"log","timestamp":1705247649445,"level":"debug","message":"Converting with chrome HeadlessChrome/117.0.5938.149 using chrome-pool strategy","meta":{"rootId":"vim8pqlqkoxkysg","id":"vim8pqlqkoxkysg"},"id":"l9m9c3xr3gwx99r","previousOperationId":"7ekbvg8ryu3rjru"}
{"type":"log","timestamp":1705247649541,"level":"debug","message":"Page request: GET (document) file:///C:/Users/Javier/AppData/Local/Temp/jsreport/autocleanup/31573384-c349-443a-8afa-194a31ab933a-chrome-pdf.html","meta":{"rootId":"vim8pqlqkoxkysg","id":"vim8pqlqkoxkysg"},"id":"pkkxfts5jxlyzxv","previousOperationId":"7ekbvg8ryu3rjru"}
{"type":"log","timestamp":1705247649577,"level":"debug","message":"Page request: GET (stylesheet) https://cdnjs.cloudflare.com/ajax/libs/metro/4.1.5/css/metro.min.css","meta":{"rootId":"vim8pqlqkoxkysg","id":"vim8pqlqkoxkysg"},"id":"1ixe6e5hbik3tjf","previousOperationId":"7ekbvg8ryu3rjru"}
{"type":"log","timestamp":1705247649577,"level":"debug","message":"Page request: GET (script) https://cdnjs.cloudflare.com/ajax/libs/Chart.js/2.7.2/Chart.min.js","meta":{"rootId":"vim8pqlqkoxkysg","id":"vim8pqlqkoxkysg"},"id":"b1bqshvdsstbq9f","previousOperationId":"7ekbvg8ryu3rjru"}
{"type":"log","timestamp":1705247649578,"level":"debug","message":"Page request finished: GET (document) 200 file:///C:/Users/Javier/AppData/Local/Temp/jsreport/autocleanup/31573384-c349-443a-8afa-194a31ab933a-chrome-pdf.html","meta":{"rootId":"vim8pqlqkoxkysg","id":"vim8pqlqkoxkysg"},"id":"lkgagfpaqoqqko4","previousOperationId":"7ekbvg8ryu3rjru"}
{"type":"log","timestamp":1705247649601,"level":"debug","message":"Page request finished: GET (stylesheet) 200 https://cdnjs.cloudflare.com/ajax/libs/metro/4.1.5/css/metro.min.css","meta":{"rootId":"vim8pqlqkoxkysg","id":"vim8pqlqkoxkysg"},"id":"2p0vy7d4mgz837g","previousOperationId":"7ekbvg8ryu3rjru"}
{"type":"log","timestamp":1705247649601,"level":"debug","message":"Page request finished: GET (script) 200 https://cdnjs.cloudflare.com/ajax/libs/Chart.js/2.7.2/Chart.min.js","meta":{"rootId":"vim8pqlqkoxkysg","id":"vim8pqlqkoxkysg"},"id":"y5e9xxztxi4n6wa","previousOperationId":"7ekbvg8ryu3rjru"}
{"type":"log","timestamp":1705247649673,"level":"debug","message":"Running chrome with params {\"printBackground\":true,\"timeout\":59846,\"margin\":{}}","meta":{"rootId":"vim8pqlqkoxkysg","id":"vim8pqlqkoxkysg"},"id":"1tt59tfquc1k3a4","previousOperationId":"7ekbvg8ryu3rjru"}
{"type":"operationEnd","operationId":"7ekbvg8ryu3rjru","timestamp":1705247649790,"id":"awlqqkjvawuw4qn","previousEventId":"yvz1917nck0rfq4","previousOperationId":"7ekbvg8ryu3rjru"}
{"type":"log","timestamp":1705247649790,"level":"debug","message":"Skipping storing report.","meta":{"rootId":"vim8pqlqkoxkysg","id":"vim8pqlqkoxkysg"},"id":"8mrbd55s6jznlfr","previousOperationId":"7ekbvg8ryu3rjru"}
{"type":"log","timestamp":1705247649790,"level":"info","message":"Rendering request 4 finished in 501 ms","meta":{"rootId":"vim8pqlqkoxkysg","id":"vim8pqlqkoxkysg"},"id":"uefghl9pvztrqd4","previousOperationId":"7ekbvg8ryu3rjru"}
{"type":"operationEnd","subtype":"render","operationId":"7wbsvkf815ahod2","timestamp":1705247649790,"id":"j30oqaal2ity4e2","previousEventId":"awlqqkjvawuw4qn","previousOperationId":"7ekbvg8ryu3rjru"}
{"type":"operationEnd","doDiffs":false,"previousEventId":"xi3aa4dn0d5mn20","previousOperationId":"0hkqtllrird5z88","operationId":"0hkqtllrird5z88","timestamp":1705247649792,"id":"pyhlcuja3l5st26"}
