{"type":"operationStart","subtype":"profile","data":{"_id":"tEABBvwniLBAn4Mk","timestamp":"2024-01-13T20:34:00.998Z","state":"queued","mode":"standard","creationDate":"2024-01-13T20:34:00.999Z","modificationDate":"2024-01-13T20:34:00.999Z","shortid":"bmp3taE","$entitySet":"profiles"},"doDiffs":false,"timestamp":1705178040998,"id":"rtqbat94wexyfc5","previousOperationId":null,"operationId":"7wl9485de08e2p0"}
{"type":"log","level":"info","message":"Render request 3 queued for execution and waiting for available worker","previousOperationId":"7wl9485de08e2p0","timestamp":1705178040998,"id":"dixsve7fyz69xhg"}
{"type":"operationStart","subtype":"render","name":"AveragePunctuation","previousOperationId":"7wl9485de08e2p0","timestamp":1705178041004,"id":"jiv1thul0w64l0d","previousEventId":"rtqbat94wexyfc5","operationId":"wj7iejlxivim46q"}
{"type":"log","timestamp":1705178041005,"level":"info","message":"Starting rendering request 3","meta":{"rootId":"vmzacs35vgh8vvn","id":"vmzacs35vgh8vvn"},"id":"fdv6g36wuzj97zu","previousOperationId":"wj7iejlxivim46q"}
{"type":"log","timestamp":1705178041005,"level":"info","message":"Rendering template { name: AveragePunctuation, recipe: chrome-pdf, engine: handlebars, preview: false }","meta":{"rootId":"vmzacs35vgh8vvn","id":"vmzacs35vgh8vvn"},"id":"nkcfrxgkr5k2i0v","previousOperationId":"wj7iejlxivim46q"}
{"type":"log","timestamp":1705178041005,"level":"debug","message":"Inline data specified.","meta":{"rootId":"vmzacs35vgh8vvn","id":"vmzacs35vgh8vvn"},"id":"c80nba1fhkxol2c","previousOperationId":"wj7iejlxivim46q"}
{"type":"log","timestamp":1705178041007,"level":"debug","message":"Executing script AveragePunctuation-script (beforeRender)","meta":{"rootId":"vmzacs35vgh8vvn","id":"vmzacs35vgh8vvn"},"id":"kl6lwkezl36a8j6","previousOperationId":"wj7iejlxivim46q"}
{"type":"operationStart","subtype":"scriptsBeforeRender","name":"scripts beforeRender","timestamp":1705178041041,"id":"oe2vjvggr262atf","previousEventId":"jiv1thul0w64l0d","operationId":"m4nfpvc7n67timv","previousOperationId":"wj7iejlxivim46q"}
{"type":"operationStart","subtype":"script","name":"scripts AveragePunctuation-script","previousOperationId":"m4nfpvc7n67timv","timestamp":1705178041041,"id":"2gj0k7gksv48s5m","previousEventId":"oe2vjvggr262atf","operationId":"80w8mu7w95vxzu2"}
{"type":"operationEnd","operationId":"80w8mu7w95vxzu2","timestamp":1705178041065,"id":"01y8qyrpa017t18","previousEventId":"jiv1thul0w64l0d","previousOperationId":"wj7iejlxivim46q"}
{"type":"operationEnd","operationId":"m4nfpvc7n67timv","timestamp":1705178041065,"id":"8209cmgcztulfmc","previousEventId":"01y8qyrpa017t18","previousOperationId":"wj7iejlxivim46q"}
{"type":"log","timestamp":1705178041065,"level":"debug","message":"Base url not specified, skipping its injection.","meta":{"rootId":"vmzacs35vgh8vvn","id":"vmzacs35vgh8vvn"},"id":"04xwgq9bk2946lf","previousOperationId":"m4nfpvc7n67timv"}
{"type":"operationStart","subtype":"engine","name":"handlebars","timestamp":1705178041065,"id":"gheil628dsfiu9t","previousEventId":"8209cmgcztulfmc","operationId":"izywdf3g3hosal6","previousOperationId":"m4nfpvc7n67timv"}
{"type":"log","timestamp":1705178041065,"level":"debug","message":"Rendering engine handlebars","meta":{"rootId":"vmzacs35vgh8vvn","id":"vmzacs35vgh8vvn"},"id":"behtzetezntmji9","previousOperationId":"izywdf3g3hosal6"}
{"type":"operationEnd","operationId":"izywdf3g3hosal6","timestamp":1705178041076,"id":"faxltfc4vnjcks4","previousEventId":"gheil628dsfiu9t","previousOperationId":"izywdf3g3hosal6"}
{"type":"operationStart","subtype":"recipe","name":"chrome-pdf","timestamp":1705178041076,"id":"s2rzdpul2dssrks","previousEventId":"faxltfc4vnjcks4","operationId":"v8ybn2a6k1ic6c6","previousOperationId":"izywdf3g3hosal6"}
{"type":"log","timestamp":1705178041076,"level":"debug","message":"Executing recipe chrome-pdf","meta":{"rootId":"vmzacs35vgh8vvn","id":"vmzacs35vgh8vvn"},"id":"r4fdpbdiwgez1g1","previousOperationId":"v8ybn2a6k1ic6c6"}
{"type":"log","timestamp":1705178041078,"level":"debug","message":"Converting with chrome HeadlessChrome/117.0.5938.149 using chrome-pool strategy","meta":{"rootId":"vmzacs35vgh8vvn","id":"vmzacs35vgh8vvn"},"id":"fadoy6qnxpiyd7w","previousOperationId":"v8ybn2a6k1ic6c6"}
{"type":"log","timestamp":1705178041151,"level":"debug","message":"Page request: GET (document) file:///C:/Users/Javier/AppData/Local/Temp/jsreport/autocleanup/a3a449b6-e77c-4a5b-9dfa-a03c8140919e-chrome-pdf.html","meta":{"rootId":"vmzacs35vgh8vvn","id":"vmzacs35vgh8vvn"},"id":"8xcnsxv4hryhc10","previousOperationId":"v8ybn2a6k1ic6c6"}
{"type":"log","timestamp":1705178041184,"level":"debug","message":"Page request: GET (stylesheet) https://cdnjs.cloudflare.com/ajax/libs/metro/4.1.5/css/metro.min.css","meta":{"rootId":"vmzacs35vgh8vvn","id":"vmzacs35vgh8vvn"},"id":"8xsc63vqhgcrcmx","previousOperationId":"v8ybn2a6k1ic6c6"}
{"type":"log","timestamp":1705178041185,"level":"debug","message":"Page request: GET (script) https://cdnjs.cloudflare.com/ajax/libs/Chart.js/2.7.2/Chart.min.js","meta":{"rootId":"vmzacs35vgh8vvn","id":"vmzacs35vgh8vvn"},"id":"tq96pi9w1kk96wo","previousOperationId":"v8ybn2a6k1ic6c6"}
{"type":"log","timestamp":1705178041185,"level":"debug","message":"Page request finished: GET (document) 200 file:///C:/Users/Javier/AppData/Local/Temp/jsreport/autocleanup/a3a449b6-e77c-4a5b-9dfa-a03c8140919e-chrome-pdf.html","meta":{"rootId":"vmzacs35vgh8vvn","id":"vmzacs35vgh8vvn"},"id":"973p4navjfhlnvx","previousOperationId":"v8ybn2a6k1ic6c6"}
{"type":"log","timestamp":1705178041198,"level":"debug","message":"Page request finished: GET (stylesheet) 200 https://cdnjs.cloudflare.com/ajax/libs/metro/4.1.5/css/metro.min.css","meta":{"rootId":"vmzacs35vgh8vvn","id":"vmzacs35vgh8vvn"},"id":"cq3ks0s1fcqqyje","previousOperationId":"v8ybn2a6k1ic6c6"}
{"type":"log","timestamp":1705178041198,"level":"debug","message":"Page request finished: GET (script) 200 https://cdnjs.cloudflare.com/ajax/libs/Chart.js/2.7.2/Chart.min.js","meta":{"rootId":"vmzacs35vgh8vvn","id":"vmzacs35vgh8vvn"},"id":"qh0y67316v4njxi","previousOperationId":"v8ybn2a6k1ic6c6"}
{"type":"log","timestamp":1705178041258,"level":"debug","message":"Running chrome with params {\"printBackground\":true,\"timeout\":59920,\"margin\":{}}","meta":{"rootId":"vmzacs35vgh8vvn","id":"vmzacs35vgh8vvn"},"id":"ew8a1hdmixunudu","previousOperationId":"v8ybn2a6k1ic6c6"}
{"type":"operationEnd","operationId":"v8ybn2a6k1ic6c6","timestamp":1705178041346,"id":"tybqwvs7u5tv8xx","previousEventId":"s2rzdpul2dssrks","previousOperationId":"v8ybn2a6k1ic6c6"}
{"type":"log","timestamp":1705178041346,"level":"debug","message":"Skipping storing report.","meta":{"rootId":"vmzacs35vgh8vvn","id":"vmzacs35vgh8vvn"},"id":"d5bcjymdmpossh5","previousOperationId":"v8ybn2a6k1ic6c6"}
{"type":"log","timestamp":1705178041346,"level":"info","message":"Rendering request 3 finished in 349 ms","meta":{"rootId":"vmzacs35vgh8vvn","id":"vmzacs35vgh8vvn"},"id":"b1kqag70n9v7nhp","previousOperationId":"v8ybn2a6k1ic6c6"}
{"type":"operationEnd","subtype":"render","operationId":"wj7iejlxivim46q","timestamp":1705178041346,"id":"6qh20g854dzd4tp","previousEventId":"tybqwvs7u5tv8xx","previousOperationId":"v8ybn2a6k1ic6c6"}
{"type":"operationEnd","doDiffs":false,"previousEventId":"rtqbat94wexyfc5","previousOperationId":"7wl9485de08e2p0","operationId":"7wl9485de08e2p0","timestamp":1705178041348,"id":"55c8aq7k89740vd"}
