{"type":"operationStart","subtype":"profile","data":{"_id":"M9IsQGmernLTmcnm","timestamp":"2024-01-13T14:17:09.186Z","state":"queued","mode":"standard","creationDate":"2024-01-13T14:17:09.187Z","modificationDate":"2024-01-13T14:17:09.187Z","shortid":"y4RAZkz","$entitySet":"profiles"},"doDiffs":false,"timestamp":1705155429187,"id":"z5uwx66ckgo0pbz","previousOperationId":null,"operationId":"rix2z2k309xghci"}
{"type":"log","level":"info","message":"Render request 15 queued for execution and waiting for available worker","previousOperationId":"rix2z2k309xghci","timestamp":1705155429187,"id":"yryy5zs8itklwmd"}
{"type":"operationStart","subtype":"render","name":"AveragePunctuation","previousOperationId":"rix2z2k309xghci","timestamp":1705155429191,"id":"yaznivzsiotx9lr","previousEventId":"z5uwx66ckgo0pbz","operationId":"5p45zc48jwp7e4s"}
{"type":"log","timestamp":1705155429192,"level":"info","message":"Starting rendering request 15","meta":{"rootId":"vv8u7oz7xbbooqy","id":"vv8u7oz7xbbooqy"},"id":"lz8v3a7iotvw5dg","previousOperationId":"5p45zc48jwp7e4s"}
{"type":"log","timestamp":1705155429192,"level":"info","message":"Rendering template { name: AveragePunctuation, recipe: chrome-pdf, engine: handlebars, preview: false }","meta":{"rootId":"vv8u7oz7xbbooqy","id":"vv8u7oz7xbbooqy"},"id":"m9kt2jyz8cadt8g","previousOperationId":"5p45zc48jwp7e4s"}
{"type":"log","timestamp":1705155429192,"level":"debug","message":"Inline data specified.","meta":{"rootId":"vv8u7oz7xbbooqy","id":"vv8u7oz7xbbooqy"},"id":"awmxuwovrbq6g1n","previousOperationId":"5p45zc48jwp7e4s"}
{"type":"log","timestamp":1705155429194,"level":"debug","message":"Executing script AveragePunctuation-script (beforeRender)","meta":{"rootId":"vv8u7oz7xbbooqy","id":"vv8u7oz7xbbooqy"},"id":"jwxlxrxzrcmhhdx","previousOperationId":"5p45zc48jwp7e4s"}
{"type":"operationStart","subtype":"scriptsBeforeRender","name":"scripts beforeRender","timestamp":1705155429207,"id":"y1d8vj4zjinvmt2","previousEventId":"yaznivzsiotx9lr","operationId":"sfmksu9jhok1ppn","previousOperationId":"5p45zc48jwp7e4s"}
{"type":"operationStart","subtype":"script","name":"scripts AveragePunctuation-script","previousOperationId":"sfmksu9jhok1ppn","timestamp":1705155429207,"id":"roe7l2itzoy03z9","previousEventId":"y1d8vj4zjinvmt2","operationId":"lh3dd87clikps0s"}
{"type":"operationEnd","operationId":"lh3dd87clikps0s","timestamp":1705155429222,"id":"uf1stncb9ex2zsk","previousEventId":"yaznivzsiotx9lr","previousOperationId":"5p45zc48jwp7e4s"}
{"type":"operationEnd","operationId":"sfmksu9jhok1ppn","timestamp":1705155429222,"id":"0elfcryeigepl74","previousEventId":"uf1stncb9ex2zsk","previousOperationId":"5p45zc48jwp7e4s"}
{"type":"log","timestamp":1705155429222,"level":"debug","message":"Base url not specified, skipping its injection.","meta":{"rootId":"vv8u7oz7xbbooqy","id":"vv8u7oz7xbbooqy"},"id":"25gukn48jhj2mxa","previousOperationId":"sfmksu9jhok1ppn"}
{"type":"operationStart","subtype":"engine","name":"handlebars","timestamp":1705155429222,"id":"p9p25gvtlf1udtg","previousEventId":"0elfcryeigepl74","operationId":"r2112gm50zx02de","previousOperationId":"sfmksu9jhok1ppn"}
{"type":"log","timestamp":1705155429222,"level":"debug","message":"Rendering engine handlebars","meta":{"rootId":"vv8u7oz7xbbooqy","id":"vv8u7oz7xbbooqy"},"id":"it7hkt5tzli6mqs","previousOperationId":"r2112gm50zx02de"}
{"type":"operationEnd","operationId":"r2112gm50zx02de","timestamp":1705155429236,"id":"42tp11hd4dstc9i","previousEventId":"p9p25gvtlf1udtg","previousOperationId":"r2112gm50zx02de"}
{"type":"operationStart","subtype":"recipe","name":"chrome-pdf","timestamp":1705155429237,"id":"d7et8u7edblb129","previousEventId":"42tp11hd4dstc9i","operationId":"2iu8ok4qr358bsh","previousOperationId":"r2112gm50zx02de"}
{"type":"log","timestamp":1705155429237,"level":"debug","message":"Executing recipe chrome-pdf","meta":{"rootId":"vv8u7oz7xbbooqy","id":"vv8u7oz7xbbooqy"},"id":"c212p76cwn3487f","previousOperationId":"2iu8ok4qr358bsh"}
{"type":"log","timestamp":1705155429239,"level":"debug","message":"Converting with chrome HeadlessChrome/117.0.5938.149 using chrome-pool strategy","meta":{"rootId":"vv8u7oz7xbbooqy","id":"vv8u7oz7xbbooqy"},"id":"0sc32itrfco6jk2","previousOperationId":"2iu8ok4qr358bsh"}
{"type":"log","timestamp":1705155429313,"level":"debug","message":"Page request: GET (document) file:///C:/Users/Javier/AppData/Local/Temp/jsreport/autocleanup/0f1729e6-aee4-4b57-a070-530961703efc-chrome-pdf.html","meta":{"rootId":"vv8u7oz7xbbooqy","id":"vv8u7oz7xbbooqy"},"id":"a6zben0pgz0l2uh","previousOperationId":"2iu8ok4qr358bsh"}
{"type":"log","timestamp":1705155429358,"level":"debug","message":"Page request: GET (stylesheet) https://cdnjs.cloudflare.com/ajax/libs/metro/4.1.5/css/metro.min.css","meta":{"rootId":"vv8u7oz7xbbooqy","id":"vv8u7oz7xbbooqy"},"id":"w74ria8rbpzvays","previousOperationId":"2iu8ok4qr358bsh"}
{"type":"log","timestamp":1705155429358,"level":"debug","message":"Page request finished: GET (document) 200 file:///C:/Users/Javier/AppData/Local/Temp/jsreport/autocleanup/0f1729e6-aee4-4b57-a070-530961703efc-chrome-pdf.html","meta":{"rootId":"vv8u7oz7xbbooqy","id":"vv8u7oz7xbbooqy"},"id":"thsv8ktb4m0hk7z","previousOperationId":"2iu8ok4qr358bsh"}
{"type":"log","timestamp":1705155429358,"level":"debug","message":"Page request: GET (script) https://cdnjs.cloudflare.com/ajax/libs/Chart.js/2.7.2/Chart.min.js","meta":{"rootId":"vv8u7oz7xbbooqy","id":"vv8u7oz7xbbooqy"},"id":"81256if25hq82x8","previousOperationId":"2iu8ok4qr358bsh"}
{"type":"log","timestamp":1705155429362,"level":"debug","message":"Page request finished: GET (script) 200 https://cdnjs.cloudflare.com/ajax/libs/Chart.js/2.7.2/Chart.min.js","meta":{"rootId":"vv8u7oz7xbbooqy","id":"vv8u7oz7xbbooqy"},"id":"i2q4gf7kx0vdw45","previousOperationId":"2iu8ok4qr358bsh"}
{"type":"log","timestamp":1705155429372,"level":"debug","message":"Page request finished: GET (stylesheet) 200 https://cdnjs.cloudflare.com/ajax/libs/metro/4.1.5/css/metro.min.css","meta":{"rootId":"vv8u7oz7xbbooqy","id":"vv8u7oz7xbbooqy"},"id":"c01ya6wfkbckb8k","previousOperationId":"2iu8ok4qr358bsh"}
{"type":"log","timestamp":1705155429429,"level":"debug","message":"Running chrome with params {\"printBackground\":true,\"timeout\":59948,\"margin\":{}}","meta":{"rootId":"vv8u7oz7xbbooqy","id":"vv8u7oz7xbbooqy"},"id":"pjflg03w81rfg5d","previousOperationId":"2iu8ok4qr358bsh"}
{"type":"operationEnd","operationId":"2iu8ok4qr358bsh","timestamp":1705155429524,"id":"j8r4aqxbfdgrrd8","previousEventId":"d7et8u7edblb129","previousOperationId":"2iu8ok4qr358bsh"}
{"type":"log","timestamp":1705155429524,"level":"debug","message":"Skipping storing report.","meta":{"rootId":"vv8u7oz7xbbooqy","id":"vv8u7oz7xbbooqy"},"id":"hez5s4dxuyqmarl","previousOperationId":"2iu8ok4qr358bsh"}
{"type":"log","timestamp":1705155429524,"level":"info","message":"Rendering request 15 finished in 338 ms","meta":{"rootId":"vv8u7oz7xbbooqy","id":"vv8u7oz7xbbooqy"},"id":"6nu09xw9coszcu8","previousOperationId":"2iu8ok4qr358bsh"}
{"type":"operationEnd","subtype":"render","operationId":"5p45zc48jwp7e4s","timestamp":1705155429524,"id":"wwk1haznqhqqe3z","previousEventId":"j8r4aqxbfdgrrd8","previousOperationId":"2iu8ok4qr358bsh"}
{"type":"operationEnd","doDiffs":false,"previousEventId":"z5uwx66ckgo0pbz","previousOperationId":"rix2z2k309xghci","operationId":"rix2z2k309xghci","timestamp":1705155429526,"id":"b80lbtux79xsmmh"}
