{"type":"operationStart","subtype":"profile","data":{"_id":"lNdPLFakmxwlP43Z","timestamp":"2024-01-13T22:18:09.380Z","state":"queued","mode":"standard","creationDate":"2024-01-13T22:18:09.383Z","modificationDate":"2024-01-13T22:18:09.383Z","shortid":"BufBkOx","$entitySet":"profiles"},"doDiffs":false,"timestamp":1705184289381,"id":"k1n866x7xoreziu","previousOperationId":null,"operationId":"t4vgltjbtekh3tf"}
{"type":"log","level":"info","message":"Render request 2 queued for execution and waiting for available worker","previousOperationId":"t4vgltjbtekh3tf","timestamp":1705184289381,"id":"uk1slog5lzicwmw"}
{"type":"operationStart","subtype":"render","name":"AveragePunctuation","previousOperationId":"t4vgltjbtekh3tf","timestamp":1705184289392,"id":"aps68q0fwdw155z","previousEventId":"k1n866x7xoreziu","operationId":"vnyl0f6siagzpyi"}
{"type":"log","timestamp":1705184289396,"level":"info","message":"Starting rendering request 2","meta":{"rootId":"vvia1fromt8pwn3","id":"vvia1fromt8pwn3"},"id":"q6sbigzxm7czk1p","previousOperationId":"vnyl0f6siagzpyi"}
{"type":"log","timestamp":1705184289400,"level":"info","message":"Rendering template { name: AveragePunctuation, recipe: chrome-pdf, engine: handlebars, preview: false }","meta":{"rootId":"vvia1fromt8pwn3","id":"vvia1fromt8pwn3"},"id":"jucj9ge5e8r3r93","previousOperationId":"vnyl0f6siagzpyi"}
{"type":"log","timestamp":1705184289404,"level":"debug","message":"Inline data specified.","meta":{"rootId":"vvia1fromt8pwn3","id":"vvia1fromt8pwn3"},"id":"5we7x6clypbzmzk","previousOperationId":"vnyl0f6siagzpyi"}
{"type":"log","timestamp":1705184289408,"level":"debug","message":"Executing script AveragePunctuation-script (beforeRender)","meta":{"rootId":"vvia1fromt8pwn3","id":"vvia1fromt8pwn3"},"id":"pv9gmf2jvfsk3ea","previousOperationId":"vnyl0f6siagzpyi"}
{"type":"operationStart","subtype":"scriptsBeforeRender","name":"scripts beforeRender","timestamp":1705184289779,"id":"arivjnkn6q48jed","previousEventId":"aps68q0fwdw155z","operationId":"nnkplbav7jcqw2t","previousOperationId":"vnyl0f6siagzpyi"}
{"type":"operationStart","subtype":"script","name":"scripts AveragePunctuation-script","previousOperationId":"nnkplbav7jcqw2t","timestamp":1705184289780,"id":"l0rrvvar6hz7thr","previousEventId":"arivjnkn6q48jed","operationId":"f5ft43k6h7ps3he"}
{"type":"operationEnd","operationId":"f5ft43k6h7ps3he","timestamp":1705184289814,"id":"khnawyxp9l9y2hx","previousEventId":"aps68q0fwdw155z","previousOperationId":"vnyl0f6siagzpyi"}
{"type":"operationEnd","operationId":"nnkplbav7jcqw2t","timestamp":1705184289814,"id":"mbzfh2rgaax3zj2","previousEventId":"khnawyxp9l9y2hx","previousOperationId":"vnyl0f6siagzpyi"}
{"type":"log","timestamp":1705184289814,"level":"debug","message":"Base url not specified, skipping its injection.","meta":{"rootId":"vvia1fromt8pwn3","id":"vvia1fromt8pwn3"},"id":"xmaka5h9i23b77g","previousOperationId":"nnkplbav7jcqw2t"}
{"type":"operationStart","subtype":"engine","name":"handlebars","timestamp":1705184289815,"id":"atld4jw6hp0awt8","previousEventId":"mbzfh2rgaax3zj2","operationId":"azll5kx9r0s6sv8","previousOperationId":"nnkplbav7jcqw2t"}
{"type":"log","timestamp":1705184289815,"level":"debug","message":"Rendering engine handlebars","meta":{"rootId":"vvia1fromt8pwn3","id":"vvia1fromt8pwn3"},"id":"xrykzq9y6160v0p","previousOperationId":"azll5kx9r0s6sv8"}
{"type":"operationEnd","operationId":"azll5kx9r0s6sv8","timestamp":1705184290091,"id":"79ghku885g7vh6e","previousEventId":"atld4jw6hp0awt8","previousOperationId":"azll5kx9r0s6sv8"}
{"type":"operationStart","subtype":"recipe","name":"chrome-pdf","timestamp":1705184290092,"id":"7voromhl4hn9p55","previousEventId":"79ghku885g7vh6e","operationId":"kepk1o8wnb38bwb","previousOperationId":"azll5kx9r0s6sv8"}
{"type":"log","timestamp":1705184290092,"level":"debug","message":"Executing recipe chrome-pdf","meta":{"rootId":"vvia1fromt8pwn3","id":"vvia1fromt8pwn3"},"id":"ywrdndopgidnzkh","previousOperationId":"kepk1o8wnb38bwb"}
{"type":"log","timestamp":1705184290581,"level":"debug","message":"Converting with chrome HeadlessChrome/117.0.5938.149 using chrome-pool strategy","meta":{"rootId":"vvia1fromt8pwn3","id":"vvia1fromt8pwn3"},"id":"7g0vssjoe5e4h65","previousOperationId":"kepk1o8wnb38bwb"}
{"type":"log","timestamp":1705184290699,"level":"debug","message":"Page request: GET (document) file:///C:/Users/Javier/AppData/Local/Temp/jsreport/autocleanup/1a140f8e-a63a-44f6-97eb-18b9adad76ff-chrome-pdf.html","meta":{"rootId":"vvia1fromt8pwn3","id":"vvia1fromt8pwn3"},"id":"o9pzm1jozoen0p6","previousOperationId":"kepk1o8wnb38bwb"}
{"type":"log","timestamp":1705184290735,"level":"debug","message":"Page request: GET (stylesheet) https://cdnjs.cloudflare.com/ajax/libs/metro/4.1.5/css/metro.min.css","meta":{"rootId":"vvia1fromt8pwn3","id":"vvia1fromt8pwn3"},"id":"hw20n5yzvlb8fhn","previousOperationId":"kepk1o8wnb38bwb"}
{"type":"log","timestamp":1705184290735,"level":"debug","message":"Page request: GET (script) https://cdnjs.cloudflare.com/ajax/libs/Chart.js/2.7.2/Chart.min.js","meta":{"rootId":"vvia1fromt8pwn3","id":"vvia1fromt8pwn3"},"id":"8v5g80cf1mf9t3x","previousOperationId":"kepk1o8wnb38bwb"}
{"type":"log","timestamp":1705184290736,"level":"debug","message":"Page request finished: GET (document) 200 file:///C:/Users/Javier/AppData/Local/Temp/jsreport/autocleanup/1a140f8e-a63a-44f6-97eb-18b9adad76ff-chrome-pdf.html","meta":{"rootId":"vvia1fromt8pwn3","id":"vvia1fromt8pwn3"},"id":"0nm9twktspunb85","previousOperationId":"kepk1o8wnb38bwb"}
{"type":"log","timestamp":1705184290899,"level":"debug","message":"Page request finished: GET (stylesheet) 200 https://cdnjs.cloudflare.com/ajax/libs/metro/4.1.5/css/metro.min.css","meta":{"rootId":"vvia1fromt8pwn3","id":"vvia1fromt8pwn3"},"id":"v8wlwhkc04ohk9b","previousOperationId":"kepk1o8wnb38bwb"}
{"type":"log","timestamp":1705184290899,"level":"debug","message":"Page request finished: GET (script) 200 https://cdnjs.cloudflare.com/ajax/libs/Chart.js/2.7.2/Chart.min.js","meta":{"rootId":"vvia1fromt8pwn3","id":"vvia1fromt8pwn3"},"id":"qwpnezc6v0kn28q","previousOperationId":"kepk1o8wnb38bwb"}
{"type":"log","timestamp":1705184290959,"level":"debug","message":"Running chrome with params {\"printBackground\":true,\"timeout\":58956,\"margin\":{}}","meta":{"rootId":"vvia1fromt8pwn3","id":"vvia1fromt8pwn3"},"id":"90ez37mo4sf4lau","previousOperationId":"kepk1o8wnb38bwb"}
{"type":"operationEnd","operationId":"kepk1o8wnb38bwb","timestamp":1705184291059,"id":"gpzg0grxou4wfeb","previousEventId":"7voromhl4hn9p55","previousOperationId":"kepk1o8wnb38bwb"}
{"type":"log","timestamp":1705184291060,"level":"debug","message":"Skipping storing report.","meta":{"rootId":"vvia1fromt8pwn3","id":"vvia1fromt8pwn3"},"id":"9d6bzob0u4y97s7","previousOperationId":"kepk1o8wnb38bwb"}
{"type":"log","timestamp":1705184291060,"level":"info","message":"Rendering request 2 finished in 1681 ms","meta":{"rootId":"vvia1fromt8pwn3","id":"vvia1fromt8pwn3"},"id":"g8e5ba10wkoshx6","previousOperationId":"kepk1o8wnb38bwb"}
{"type":"operationEnd","subtype":"render","operationId":"vnyl0f6siagzpyi","timestamp":1705184291060,"id":"glif29hmmkpfb1s","previousEventId":"gpzg0grxou4wfeb","previousOperationId":"kepk1o8wnb38bwb"}
{"type":"operationEnd","doDiffs":false,"previousEventId":"k1n866x7xoreziu","previousOperationId":"t4vgltjbtekh3tf","operationId":"t4vgltjbtekh3tf","timestamp":1705184291062,"id":"6zcehwu2psoo3ds"}
