{"type":"operationStart","subtype":"profile","data":{"_id":"ljlSuAW5LSavVHji","timestamp":"2024-01-13T13:50:28.106Z","state":"queued","mode":"standard","creationDate":"2024-01-13T13:50:28.107Z","modificationDate":"2024-01-13T13:50:28.107Z","shortid":"0bNLgGV","$entitySet":"profiles"},"doDiffs":false,"timestamp":1705153828107,"id":"rj4s1u71fcrsxno","previousOperationId":null,"operationId":"uojqzculzwlh8do"}
{"type":"log","level":"info","message":"Render request 4 queued for execution and waiting for available worker","previousOperationId":"uojqzculzwlh8do","timestamp":1705153828107,"id":"jd51kqduw0v61nk"}
{"type":"operationStart","subtype":"render","name":"AveragePunctuation","previousOperationId":"uojqzculzwlh8do","timestamp":1705153828112,"id":"xgj9f6cnow7hvhk","previousEventId":"rj4s1u71fcrsxno","operationId":"67zwbgrh4j6mvk5"}
{"type":"log","timestamp":1705153828112,"level":"info","message":"Starting rendering request 4","meta":{"rootId":"w3kmav9piuxirxw","id":"w3kmav9piuxirxw"},"id":"47qgbzidcb522pm","previousOperationId":"67zwbgrh4j6mvk5"}
{"type":"log","timestamp":1705153828112,"level":"info","message":"Rendering template { name: AveragePunctuation, recipe: chrome-pdf, engine: handlebars, preview: false }","meta":{"rootId":"w3kmav9piuxirxw","id":"w3kmav9piuxirxw"},"id":"8j6pr8kph5q525n","previousOperationId":"67zwbgrh4j6mvk5"}
{"type":"log","timestamp":1705153828113,"level":"debug","message":"Inline data specified.","meta":{"rootId":"w3kmav9piuxirxw","id":"w3kmav9piuxirxw"},"id":"3ntm48cvfbm0gwn","previousOperationId":"67zwbgrh4j6mvk5"}
{"type":"log","timestamp":1705153828115,"level":"debug","message":"Executing script AveragePunctuation-script (beforeRender)","meta":{"rootId":"w3kmav9piuxirxw","id":"w3kmav9piuxirxw"},"id":"7sdh2a9dgbiay4k","previousOperationId":"67zwbgrh4j6mvk5"}
{"type":"operationStart","subtype":"scriptsBeforeRender","name":"scripts beforeRender","timestamp":1705153828149,"id":"a7ksaim3tio4vvz","previousEventId":"xgj9f6cnow7hvhk","operationId":"53ii5978gx8wv58","previousOperationId":"67zwbgrh4j6mvk5"}
{"type":"operationStart","subtype":"script","name":"scripts AveragePunctuation-script","previousOperationId":"53ii5978gx8wv58","timestamp":1705153828149,"id":"5w8iqzuxft9tjcl","previousEventId":"a7ksaim3tio4vvz","operationId":"2lyt4km75l5980x"}
{"type":"operationEnd","operationId":"2lyt4km75l5980x","timestamp":1705153828167,"id":"xhq0e0fk68a8bkf","previousEventId":"xgj9f6cnow7hvhk","previousOperationId":"67zwbgrh4j6mvk5"}
{"type":"operationEnd","operationId":"53ii5978gx8wv58","timestamp":1705153828167,"id":"ltwcmrc60wxxw3n","previousEventId":"xhq0e0fk68a8bkf","previousOperationId":"67zwbgrh4j6mvk5"}
{"type":"log","timestamp":1705153828167,"level":"debug","message":"Base url not specified, skipping its injection.","meta":{"rootId":"w3kmav9piuxirxw","id":"w3kmav9piuxirxw"},"id":"sq1maosl2e1w3w8","previousOperationId":"53ii5978gx8wv58"}
{"type":"operationStart","subtype":"engine","name":"handlebars","timestamp":1705153828167,"id":"lqg70agrwwo2mya","previousEventId":"ltwcmrc60wxxw3n","operationId":"l16exq63ahp4hu8","previousOperationId":"53ii5978gx8wv58"}
{"type":"log","timestamp":1705153828167,"level":"debug","message":"Rendering engine handlebars","meta":{"rootId":"w3kmav9piuxirxw","id":"w3kmav9piuxirxw"},"id":"te8s154nevyzc3m","previousOperationId":"l16exq63ahp4hu8"}
{"type":"operationEnd","operationId":"l16exq63ahp4hu8","timestamp":1705153828185,"id":"biajt9kczka2cc6","previousEventId":"lqg70agrwwo2mya","previousOperationId":"l16exq63ahp4hu8"}
{"type":"operationStart","subtype":"recipe","name":"chrome-pdf","timestamp":1705153828185,"id":"23kdyuhsgxobycz","previousEventId":"biajt9kczka2cc6","operationId":"4gun3ey50q6yb6z","previousOperationId":"l16exq63ahp4hu8"}
{"type":"log","timestamp":1705153828185,"level":"debug","message":"Executing recipe chrome-pdf","meta":{"rootId":"w3kmav9piuxirxw","id":"w3kmav9piuxirxw"},"id":"s9zznea6bi4fkr9","previousOperationId":"4gun3ey50q6yb6z"}
{"type":"log","timestamp":1705153828187,"level":"debug","message":"Converting with chrome HeadlessChrome/117.0.5938.149 using chrome-pool strategy","meta":{"rootId":"w3kmav9piuxirxw","id":"w3kmav9piuxirxw"},"id":"08jyywjt93cop6z","previousOperationId":"4gun3ey50q6yb6z"}
{"type":"log","timestamp":1705153828260,"level":"debug","message":"Page request: GET (document) file:///C:/Users/Javier/AppData/Local/Temp/jsreport/autocleanup/e9aa802b-bb75-4b89-b2f1-747b6b33f1b8-chrome-pdf.html","meta":{"rootId":"w3kmav9piuxirxw","id":"w3kmav9piuxirxw"},"id":"6uzw94ebffk1gk0","previousOperationId":"4gun3ey50q6yb6z"}
{"type":"log","timestamp":1705153828299,"level":"debug","message":"Page request: GET (script) https://cdn.jsdelivr.net/npm/chart.js","meta":{"rootId":"w3kmav9piuxirxw","id":"w3kmav9piuxirxw"},"id":"397jydbvp794kse","previousOperationId":"4gun3ey50q6yb6z"}
{"type":"log","timestamp":1705153828299,"level":"debug","message":"Page request finished: GET (document) 200 file:///C:/Users/Javier/AppData/Local/Temp/jsreport/autocleanup/e9aa802b-bb75-4b89-b2f1-747b6b33f1b8-chrome-pdf.html","meta":{"rootId":"w3kmav9piuxirxw","id":"w3kmav9piuxirxw"},"id":"w8gd7il4m41zipw","previousOperationId":"4gun3ey50q6yb6z"}
{"type":"log","timestamp":1705153828504,"level":"debug","message":"Page request finished: GET (script) 200 https://cdn.jsdelivr.net/npm/chart.js","meta":{"rootId":"w3kmav9piuxirxw","id":"w3kmav9piuxirxw"},"id":"0klmr20ph5kooq7","previousOperationId":"4gun3ey50q6yb6z"}
{"type":"log","timestamp":1705153828509,"level":"warn","message":"Page error: Unexpected string , stack: SyntaxError: Unexpected string","meta":{"rootId":"w3kmav9piuxirxw","id":"w3kmav9piuxirxw"},"id":"wxjzct29sy5y2r1","previousOperationId":"4gun3ey50q6yb6z"}
{"type":"log","timestamp":1705153828509,"level":"warn","message":"Page error: Unexpected string , stack: SyntaxError: Unexpected string","meta":{"rootId":"w3kmav9piuxirxw","id":"w3kmav9piuxirxw"},"id":"1j7mvb2tmtlnc3l","previousOperationId":"4gun3ey50q6yb6z"}
{"type":"log","timestamp":1705153828509,"level":"warn","message":"Page error: Unexpected string , stack: SyntaxError: Unexpected string","meta":{"rootId":"w3kmav9piuxirxw","id":"w3kmav9piuxirxw"},"id":"6ykr5cx26mawy1n","previousOperationId":"4gun3ey50q6yb6z"}
{"type":"log","timestamp":1705153828510,"level":"warn","message":"Page error: Unexpected string , stack: SyntaxError: Unexpected string","meta":{"rootId":"w3kmav9piuxirxw","id":"w3kmav9piuxirxw"},"id":"0cj0a89sjkgk5qg","previousOperationId":"4gun3ey50q6yb6z"}
{"type":"log","timestamp":1705153828522,"level":"debug","message":"Running chrome with params {\"printBackground\":true,\"timeout\":59920,\"margin\":{}}","meta":{"rootId":"w3kmav9piuxirxw","id":"w3kmav9piuxirxw"},"id":"heimc9d4boeyth0","previousOperationId":"4gun3ey50q6yb6z"}
{"type":"operationEnd","operationId":"4gun3ey50q6yb6z","timestamp":1705153828554,"id":"e6h5hmrngzdtsh3","previousEventId":"23kdyuhsgxobycz","previousOperationId":"4gun3ey50q6yb6z"}
{"type":"log","timestamp":1705153828555,"level":"debug","message":"Skipping storing report.","meta":{"rootId":"w3kmav9piuxirxw","id":"w3kmav9piuxirxw"},"id":"dkgb3k0wmn3bdq7","previousOperationId":"4gun3ey50q6yb6z"}
{"type":"log","timestamp":1705153828555,"level":"info","message":"Rendering request 4 finished in 449 ms","meta":{"rootId":"w3kmav9piuxirxw","id":"w3kmav9piuxirxw"},"id":"eqpkcmq2k55bwy2","previousOperationId":"4gun3ey50q6yb6z"}
{"type":"operationEnd","subtype":"render","operationId":"67zwbgrh4j6mvk5","timestamp":1705153828555,"id":"4avmfevvk2tkvmk","previousEventId":"e6h5hmrngzdtsh3","previousOperationId":"4gun3ey50q6yb6z"}
{"type":"operationEnd","doDiffs":false,"previousEventId":"rj4s1u71fcrsxno","previousOperationId":"uojqzculzwlh8do","operationId":"uojqzculzwlh8do","timestamp":1705153828558,"id":"c76bgzfgsr8iyf7"}
