{"type":"operationStart","subtype":"profile","data":{"_id":"zSdC4amyz0RB9qbT","timestamp":"2024-01-11T19:31:22.378Z","state":"queued","mode":"standard","creationDate":"2024-01-11T19:31:22.379Z","modificationDate":"2024-01-11T19:31:22.379Z","shortid":"S5QbfXO","$entitySet":"profiles"},"doDiffs":false,"timestamp":1705001482379,"id":"l09o2u1hut7o6ev","previousOperationId":null,"operationId":"yq2wk6xlvu0ucux"}
{"type":"log","level":"info","message":"Render request 20 queued for execution and waiting for available worker","previousOperationId":"yq2wk6xlvu0ucux","timestamp":1705001482379,"id":"tdi3st4k6qsk0dj"}
{"type":"operationStart","subtype":"render","name":"AveragePunctuation","previousOperationId":"yq2wk6xlvu0ucux","timestamp":1705001482385,"id":"b3wgjrp3cc9k74c","previousEventId":"l09o2u1hut7o6ev","operationId":"v4jhkiw5mxzb3iw"}
{"type":"log","timestamp":1705001482386,"level":"info","message":"Starting rendering request 20","meta":{"rootId":"w6lraokybwe4m0a","id":"w6lraokybwe4m0a"},"id":"xen1e9pm60w02tl","previousOperationId":"v4jhkiw5mxzb3iw"}
{"type":"log","timestamp":1705001482386,"level":"info","message":"Rendering template { name: AveragePunctuation, recipe: chrome-pdf, engine: handlebars, preview: false }","meta":{"rootId":"w6lraokybwe4m0a","id":"w6lraokybwe4m0a"},"id":"bin03nqaf98vogg","previousOperationId":"v4jhkiw5mxzb3iw"}
{"type":"log","timestamp":1705001482387,"level":"debug","message":"Inline data specified.","meta":{"rootId":"w6lraokybwe4m0a","id":"w6lraokybwe4m0a"},"id":"0jjhwc44pzpp6cu","previousOperationId":"v4jhkiw5mxzb3iw"}
{"type":"log","timestamp":1705001482390,"level":"debug","message":"Executing script AveragePunctuation-script (beforeRender)","meta":{"rootId":"w6lraokybwe4m0a","id":"w6lraokybwe4m0a"},"id":"wg8ftsmex8wtb4b","previousOperationId":"v4jhkiw5mxzb3iw"}
{"type":"operationStart","subtype":"scriptsBeforeRender","name":"scripts beforeRender","timestamp":1705001482412,"id":"oj0ik060tne3aiu","previousEventId":"b3wgjrp3cc9k74c","operationId":"dwf10jutolosj8n","previousOperationId":"v4jhkiw5mxzb3iw"}
{"type":"operationStart","subtype":"script","name":"scripts AveragePunctuation-script","previousOperationId":"dwf10jutolosj8n","timestamp":1705001482412,"id":"s1gw6alduf840tn","previousEventId":"oj0ik060tne3aiu","operationId":"lznwk5ci9p3dewx"}
{"type":"operationEnd","operationId":"lznwk5ci9p3dewx","timestamp":1705001482431,"id":"2cqlcvcwj6336pd","previousEventId":"b3wgjrp3cc9k74c","previousOperationId":"v4jhkiw5mxzb3iw"}
{"type":"operationEnd","operationId":"dwf10jutolosj8n","timestamp":1705001482431,"id":"25mi5sbbv8byuby","previousEventId":"2cqlcvcwj6336pd","previousOperationId":"v4jhkiw5mxzb3iw"}
{"type":"log","timestamp":1705001482431,"level":"debug","message":"Base url not specified, skipping its injection.","meta":{"rootId":"w6lraokybwe4m0a","id":"w6lraokybwe4m0a"},"id":"78mn25ooo4colyj","previousOperationId":"dwf10jutolosj8n"}
{"type":"operationStart","subtype":"engine","name":"handlebars","timestamp":1705001482431,"id":"l6ksuss4feyw81i","previousEventId":"25mi5sbbv8byuby","operationId":"vn2flyplz87o0yd","previousOperationId":"dwf10jutolosj8n"}
{"type":"log","timestamp":1705001482431,"level":"debug","message":"Rendering engine handlebars","meta":{"rootId":"w6lraokybwe4m0a","id":"w6lraokybwe4m0a"},"id":"34skhsu48cnjd6s","previousOperationId":"vn2flyplz87o0yd"}
{"type":"operationEnd","operationId":"vn2flyplz87o0yd","timestamp":1705001482440,"id":"z7pu7hy50l2wugr","previousEventId":"l6ksuss4feyw81i","previousOperationId":"vn2flyplz87o0yd"}
{"type":"operationStart","subtype":"recipe","name":"chrome-pdf","timestamp":1705001482440,"id":"ve2wm6u0g21m7ef","previousEventId":"z7pu7hy50l2wugr","operationId":"s2cqkgq6qcnlbah","previousOperationId":"vn2flyplz87o0yd"}
{"type":"log","timestamp":1705001482440,"level":"debug","message":"Executing recipe chrome-pdf","meta":{"rootId":"w6lraokybwe4m0a","id":"w6lraokybwe4m0a"},"id":"w8cujlo2xzl6ad2","previousOperationId":"s2cqkgq6qcnlbah"}
{"type":"log","timestamp":1705001482443,"level":"debug","message":"Converting with chrome HeadlessChrome/117.0.5938.149 using chrome-pool strategy","meta":{"rootId":"w6lraokybwe4m0a","id":"w6lraokybwe4m0a"},"id":"zsg7c8qzys57l9e","previousOperationId":"s2cqkgq6qcnlbah"}
{"type":"log","timestamp":1705001482518,"level":"debug","message":"Page request: GET (document) file:///C:/Users/Javier/AppData/Local/Temp/jsreport/autocleanup/f705c351-db35-45d3-a009-dbee9f3b9d82-chrome-pdf.html","meta":{"rootId":"w6lraokybwe4m0a","id":"w6lraokybwe4m0a"},"id":"pce2yl5tbxbjbum","previousOperationId":"s2cqkgq6qcnlbah"}
{"type":"log","timestamp":1705001482526,"level":"debug","message":"Page request finished: GET (document) 200 file:///C:/Users/Javier/AppData/Local/Temp/jsreport/autocleanup/f705c351-db35-45d3-a009-dbee9f3b9d82-chrome-pdf.html","meta":{"rootId":"w6lraokybwe4m0a","id":"w6lraokybwe4m0a"},"id":"0rw6m6l618xp160","previousOperationId":"s2cqkgq6qcnlbah"}
{"type":"log","timestamp":1705001482529,"level":"debug","message":"Running chrome with params {\"printBackground\":true,\"timeout\":59935,\"margin\":{}}","meta":{"rootId":"w6lraokybwe4m0a","id":"w6lraokybwe4m0a"},"id":"t595lrwdqhfd4b2","previousOperationId":"s2cqkgq6qcnlbah"}
{"type":"operationEnd","operationId":"s2cqkgq6qcnlbah","timestamp":1705001482542,"id":"gvwo6nd2uoaybm3","previousEventId":"ve2wm6u0g21m7ef","previousOperationId":"s2cqkgq6qcnlbah"}
{"type":"log","timestamp":1705001482542,"level":"debug","message":"Skipping storing report.","meta":{"rootId":"w6lraokybwe4m0a","id":"w6lraokybwe4m0a"},"id":"7bmzzk6xn06a6cv","previousOperationId":"s2cqkgq6qcnlbah"}
{"type":"log","timestamp":1705001482543,"level":"info","message":"Rendering request 20 finished in 166 ms","meta":{"rootId":"w6lraokybwe4m0a","id":"w6lraokybwe4m0a"},"id":"dsrwzdabhpmv26n","previousOperationId":"s2cqkgq6qcnlbah"}
{"type":"operationEnd","subtype":"render","operationId":"v4jhkiw5mxzb3iw","timestamp":1705001482543,"id":"09vtzngcis09unf","previousEventId":"gvwo6nd2uoaybm3","previousOperationId":"s2cqkgq6qcnlbah"}
{"type":"operationEnd","doDiffs":false,"previousEventId":"l09o2u1hut7o6ev","previousOperationId":"yq2wk6xlvu0ucux","operationId":"yq2wk6xlvu0ucux","timestamp":1705001482548,"id":"sxoc0cebag61vhu"}
