{"type":"operationStart","subtype":"profile","data":{"_id":"hm4s5NRcQu4Jasbd","timestamp":"2024-01-13T22:40:28.929Z","state":"queued","mode":"standard","creationDate":"2024-01-13T22:40:28.931Z","modificationDate":"2024-01-13T22:40:28.931Z","shortid":"T5k7oBH","$entitySet":"profiles"},"doDiffs":false,"timestamp":1705185628930,"id":"2qf7zjv3rsvx095","previousOperationId":null,"operationId":"gshdk36dv65iwhp"}
{"type":"log","level":"info","message":"Render request 24 queued for execution and waiting for available worker","previousOperationId":"gshdk36dv65iwhp","timestamp":1705185628930,"id":"8x4njmgn41r9bby"}
{"type":"operationStart","subtype":"render","name":"AveragePunctuation","previousOperationId":"gshdk36dv65iwhp","timestamp":1705185628937,"id":"tjax34u202lk0yo","previousEventId":"2qf7zjv3rsvx095","operationId":"7zcolzih6u79ao3"}
{"type":"log","timestamp":1705185628937,"level":"info","message":"Starting rendering request 24","meta":{"rootId":"w6x1n5ezwsagazk","id":"w6x1n5ezwsagazk"},"id":"x0qozadfbqm41tp","previousOperationId":"7zcolzih6u79ao3"}
{"type":"log","timestamp":1705185628937,"level":"info","message":"Rendering template { name: AveragePunctuation, recipe: chrome-pdf, engine: handlebars, preview: false }","meta":{"rootId":"w6x1n5ezwsagazk","id":"w6x1n5ezwsagazk"},"id":"3wwbiico50qmm5l","previousOperationId":"7zcolzih6u79ao3"}
{"type":"log","timestamp":1705185628938,"level":"debug","message":"Inline data specified.","meta":{"rootId":"w6x1n5ezwsagazk","id":"w6x1n5ezwsagazk"},"id":"98ft7jk4aku3q2b","previousOperationId":"7zcolzih6u79ao3"}
{"type":"log","timestamp":1705185628940,"level":"debug","message":"Executing script AveragePunctuation-script (beforeRender)","meta":{"rootId":"w6x1n5ezwsagazk","id":"w6x1n5ezwsagazk"},"id":"16l6irv36m2gyhw","previousOperationId":"7zcolzih6u79ao3"}
{"type":"operationStart","subtype":"scriptsBeforeRender","name":"scripts beforeRender","timestamp":1705185628956,"id":"7wr3gqb4epoppcm","previousEventId":"tjax34u202lk0yo","operationId":"so884bo2guxsbju","previousOperationId":"7zcolzih6u79ao3"}
{"type":"operationStart","subtype":"script","name":"scripts AveragePunctuation-script","previousOperationId":"so884bo2guxsbju","timestamp":1705185628956,"id":"yh84yzm9oyiahez","previousEventId":"7wr3gqb4epoppcm","operationId":"exthffhidqpqrrz"}
{"type":"operationEnd","operationId":"exthffhidqpqrrz","timestamp":1705185628970,"id":"cuu0x7df990qtd8","previousEventId":"tjax34u202lk0yo","previousOperationId":"7zcolzih6u79ao3"}
{"type":"operationEnd","operationId":"so884bo2guxsbju","timestamp":1705185628970,"id":"01c0x5qznh4uxyc","previousEventId":"cuu0x7df990qtd8","previousOperationId":"7zcolzih6u79ao3"}
{"type":"log","timestamp":1705185628970,"level":"debug","message":"Base url not specified, skipping its injection.","meta":{"rootId":"w6x1n5ezwsagazk","id":"w6x1n5ezwsagazk"},"id":"b5heswqxsvt17h2","previousOperationId":"so884bo2guxsbju"}
{"type":"operationStart","subtype":"engine","name":"handlebars","timestamp":1705185628970,"id":"v2otf8ur07n934g","previousEventId":"01c0x5qznh4uxyc","operationId":"r5x04ys08yvnk55","previousOperationId":"so884bo2guxsbju"}
{"type":"log","timestamp":1705185628970,"level":"debug","message":"Rendering engine handlebars","meta":{"rootId":"w6x1n5ezwsagazk","id":"w6x1n5ezwsagazk"},"id":"t9lspoolg9nkl2x","previousOperationId":"r5x04ys08yvnk55"}
{"type":"operationEnd","operationId":"r5x04ys08yvnk55","timestamp":1705185628977,"id":"y8aeeihhn5lse5v","previousEventId":"v2otf8ur07n934g","previousOperationId":"r5x04ys08yvnk55"}
{"type":"operationStart","subtype":"recipe","name":"chrome-pdf","timestamp":1705185628977,"id":"ev4ie6kyfs3oqjh","previousEventId":"y8aeeihhn5lse5v","operationId":"4uxkx6yfijw75ze","previousOperationId":"r5x04ys08yvnk55"}
{"type":"log","timestamp":1705185628977,"level":"debug","message":"Executing recipe chrome-pdf","meta":{"rootId":"w6x1n5ezwsagazk","id":"w6x1n5ezwsagazk"},"id":"fve0tg0snwxrtae","previousOperationId":"4uxkx6yfijw75ze"}
{"type":"log","timestamp":1705185628980,"level":"debug","message":"Converting with chrome HeadlessChrome/117.0.5938.149 using chrome-pool strategy","meta":{"rootId":"w6x1n5ezwsagazk","id":"w6x1n5ezwsagazk"},"id":"1grd8las6qx9qrz","previousOperationId":"4uxkx6yfijw75ze"}
{"type":"log","timestamp":1705185629052,"level":"debug","message":"Page request: GET (document) file:///C:/Users/Javier/AppData/Local/Temp/jsreport/autocleanup/92519886-f800-4df2-8cbe-3356953e74ce-chrome-pdf.html","meta":{"rootId":"w6x1n5ezwsagazk","id":"w6x1n5ezwsagazk"},"id":"xr5n3kjjc0vhqa3","previousOperationId":"4uxkx6yfijw75ze"}
{"type":"log","timestamp":1705185629094,"level":"debug","message":"Page request: GET (stylesheet) https://cdnjs.cloudflare.com/ajax/libs/metro/4.1.5/css/metro.min.css","meta":{"rootId":"w6x1n5ezwsagazk","id":"w6x1n5ezwsagazk"},"id":"0vv16icnuf9yon5","previousOperationId":"4uxkx6yfijw75ze"}
{"type":"log","timestamp":1705185629094,"level":"debug","message":"Page request: GET (script) https://cdnjs.cloudflare.com/ajax/libs/Chart.js/2.7.2/Chart.min.js","meta":{"rootId":"w6x1n5ezwsagazk","id":"w6x1n5ezwsagazk"},"id":"02nxmpfrv9loogx","previousOperationId":"4uxkx6yfijw75ze"}
{"type":"log","timestamp":1705185629094,"level":"debug","message":"Page request finished: GET (document) 200 file:///C:/Users/Javier/AppData/Local/Temp/jsreport/autocleanup/92519886-f800-4df2-8cbe-3356953e74ce-chrome-pdf.html","meta":{"rootId":"w6x1n5ezwsagazk","id":"w6x1n5ezwsagazk"},"id":"dlz4irr0kdy9mn5","previousOperationId":"4uxkx6yfijw75ze"}
{"type":"log","timestamp":1705185629098,"level":"debug","message":"Page request finished: GET (script) 200 https://cdnjs.cloudflare.com/ajax/libs/Chart.js/2.7.2/Chart.min.js","meta":{"rootId":"w6x1n5ezwsagazk","id":"w6x1n5ezwsagazk"},"id":"h2t2avoxht2s6nx","previousOperationId":"4uxkx6yfijw75ze"}
{"type":"log","timestamp":1705185629108,"level":"debug","message":"Page request finished: GET (stylesheet) 200 https://cdnjs.cloudflare.com/ajax/libs/metro/4.1.5/css/metro.min.css","meta":{"rootId":"w6x1n5ezwsagazk","id":"w6x1n5ezwsagazk"},"id":"9ui3x9l16u1gfse","previousOperationId":"4uxkx6yfijw75ze"}
{"type":"log","timestamp":1705185629170,"level":"debug","message":"Running chrome with params {\"printBackground\":true,\"timeout\":59950,\"margin\":{}}","meta":{"rootId":"w6x1n5ezwsagazk","id":"w6x1n5ezwsagazk"},"id":"2la9uq23hcli4v2","previousOperationId":"4uxkx6yfijw75ze"}
{"type":"operationEnd","operationId":"4uxkx6yfijw75ze","timestamp":1705185629296,"id":"al058wg0ss626te","previousEventId":"ev4ie6kyfs3oqjh","previousOperationId":"4uxkx6yfijw75ze"}
{"type":"log","timestamp":1705185629296,"level":"debug","message":"Skipping storing report.","meta":{"rootId":"w6x1n5ezwsagazk","id":"w6x1n5ezwsagazk"},"id":"qczi07pi9kssb1d","previousOperationId":"4uxkx6yfijw75ze"}
{"type":"log","timestamp":1705185629296,"level":"info","message":"Rendering request 24 finished in 367 ms","meta":{"rootId":"w6x1n5ezwsagazk","id":"w6x1n5ezwsagazk"},"id":"5mn13fbibdpkd0q","previousOperationId":"4uxkx6yfijw75ze"}
{"type":"operationEnd","subtype":"render","operationId":"7zcolzih6u79ao3","timestamp":1705185629296,"id":"f0uwaeg8fpnd58d","previousEventId":"al058wg0ss626te","previousOperationId":"4uxkx6yfijw75ze"}
{"type":"operationEnd","doDiffs":false,"previousEventId":"2qf7zjv3rsvx095","previousOperationId":"gshdk36dv65iwhp","operationId":"gshdk36dv65iwhp","timestamp":1705185629300,"id":"nukhpp6wknp2f70"}
