{"type":"operationStart","subtype":"profile","data":{"_id":"QnafjsaDoKgSQXeh","timestamp":"2024-01-13T14:26:15.158Z","state":"queued","mode":"standard","creationDate":"2024-01-13T14:26:15.159Z","modificationDate":"2024-01-13T14:26:15.159Z","shortid":"D7DAWS3","$entitySet":"profiles"},"doDiffs":false,"timestamp":1705155975159,"id":"z3zia6ulg3wp524","previousOperationId":null,"operationId":"wsbpz5jxfiiq6md"}
{"type":"log","level":"info","message":"Render request 30 queued for execution and waiting for available worker","previousOperationId":"wsbpz5jxfiiq6md","timestamp":1705155975159,"id":"cg4k2vlktokqhnc"}
{"type":"operationStart","subtype":"render","name":"AveragePunctuation","previousOperationId":"wsbpz5jxfiiq6md","timestamp":1705155975164,"id":"4c79acom4y1hvzw","previousEventId":"z3zia6ulg3wp524","operationId":"tqi57nkqgwrmcbz"}
{"type":"log","timestamp":1705155975164,"level":"info","message":"Starting rendering request 30","meta":{"rootId":"wh5do27bgwx2to9","id":"wh5do27bgwx2to9"},"id":"gv8tkez69292h9i","previousOperationId":"tqi57nkqgwrmcbz"}
{"type":"log","timestamp":1705155975164,"level":"info","message":"Rendering template { name: AveragePunctuation, recipe: chrome-pdf, engine: handlebars, preview: false }","meta":{"rootId":"wh5do27bgwx2to9","id":"wh5do27bgwx2to9"},"id":"m33zizp4heu2ofy","previousOperationId":"tqi57nkqgwrmcbz"}
{"type":"log","timestamp":1705155975164,"level":"debug","message":"Inline data specified.","meta":{"rootId":"wh5do27bgwx2to9","id":"wh5do27bgwx2to9"},"id":"e50xqum1veqkbpf","previousOperationId":"tqi57nkqgwrmcbz"}
{"type":"log","timestamp":1705155975166,"level":"debug","message":"Executing script AveragePunctuation-script (beforeRender)","meta":{"rootId":"wh5do27bgwx2to9","id":"wh5do27bgwx2to9"},"id":"3k68cw6x5849pu7","previousOperationId":"tqi57nkqgwrmcbz"}
{"type":"operationStart","subtype":"scriptsBeforeRender","name":"scripts beforeRender","timestamp":1705155975179,"id":"q9cforcthn2ljfv","previousEventId":"4c79acom4y1hvzw","operationId":"cutfvmfx59yl5dy","previousOperationId":"tqi57nkqgwrmcbz"}
{"type":"operationStart","subtype":"script","name":"scripts AveragePunctuation-script","previousOperationId":"cutfvmfx59yl5dy","timestamp":1705155975179,"id":"meo3akm374hvii1","previousEventId":"q9cforcthn2ljfv","operationId":"550bfo1pyxhsu1m"}
{"type":"operationEnd","operationId":"550bfo1pyxhsu1m","timestamp":1705155975190,"id":"9nna38xwkyevdds","previousEventId":"4c79acom4y1hvzw","previousOperationId":"tqi57nkqgwrmcbz"}
{"type":"operationEnd","operationId":"cutfvmfx59yl5dy","timestamp":1705155975190,"id":"qd7zokz9gxerwwc","previousEventId":"9nna38xwkyevdds","previousOperationId":"tqi57nkqgwrmcbz"}
{"type":"log","timestamp":1705155975190,"level":"debug","message":"Base url not specified, skipping its injection.","meta":{"rootId":"wh5do27bgwx2to9","id":"wh5do27bgwx2to9"},"id":"v3kr4fzhsutjd37","previousOperationId":"cutfvmfx59yl5dy"}
{"type":"operationStart","subtype":"engine","name":"handlebars","timestamp":1705155975190,"id":"rzx59kj07i1pskt","previousEventId":"qd7zokz9gxerwwc","operationId":"90yl6gbzvhxmfiy","previousOperationId":"cutfvmfx59yl5dy"}
{"type":"log","timestamp":1705155975190,"level":"debug","message":"Rendering engine handlebars","meta":{"rootId":"wh5do27bgwx2to9","id":"wh5do27bgwx2to9"},"id":"gyzl981ehgf4eqf","previousOperationId":"90yl6gbzvhxmfiy"}
{"type":"operationEnd","operationId":"90yl6gbzvhxmfiy","timestamp":1705155975199,"id":"ydbegq8dyyscfj0","previousEventId":"rzx59kj07i1pskt","previousOperationId":"90yl6gbzvhxmfiy"}
{"type":"operationStart","subtype":"recipe","name":"chrome-pdf","timestamp":1705155975199,"id":"dj17l14b2oipmwk","previousEventId":"ydbegq8dyyscfj0","operationId":"u5qm4vzmx39skho","previousOperationId":"90yl6gbzvhxmfiy"}
{"type":"log","timestamp":1705155975199,"level":"debug","message":"Executing recipe chrome-pdf","meta":{"rootId":"wh5do27bgwx2to9","id":"wh5do27bgwx2to9"},"id":"43l4693jye1qiky","previousOperationId":"u5qm4vzmx39skho"}
{"type":"log","timestamp":1705155975201,"level":"debug","message":"Converting with chrome HeadlessChrome/117.0.5938.149 using chrome-pool strategy","meta":{"rootId":"wh5do27bgwx2to9","id":"wh5do27bgwx2to9"},"id":"ektrm61t6uu3uwh","previousOperationId":"u5qm4vzmx39skho"}
{"type":"log","timestamp":1705155975281,"level":"debug","message":"Page request: GET (document) file:///C:/Users/Javier/AppData/Local/Temp/jsreport/autocleanup/48137075-5545-44aa-9223-c5b51e5b6e8d-chrome-pdf.html","meta":{"rootId":"wh5do27bgwx2to9","id":"wh5do27bgwx2to9"},"id":"5nz4srjtw9quy70","previousOperationId":"u5qm4vzmx39skho"}
{"type":"log","timestamp":1705155975339,"level":"debug","message":"Page request finished: GET (document) 200 file:///C:/Users/Javier/AppData/Local/Temp/jsreport/autocleanup/48137075-5545-44aa-9223-c5b51e5b6e8d-chrome-pdf.html","meta":{"rootId":"wh5do27bgwx2to9","id":"wh5do27bgwx2to9"},"id":"t9qtdg8qgxlt9ih","previousOperationId":"u5qm4vzmx39skho"}
{"type":"log","timestamp":1705155975339,"level":"debug","message":"Page request: GET (stylesheet) https://cdnjs.cloudflare.com/ajax/libs/metro/4.1.5/css/metro.min.css","meta":{"rootId":"wh5do27bgwx2to9","id":"wh5do27bgwx2to9"},"id":"vdjcxotwanfri2m","previousOperationId":"u5qm4vzmx39skho"}
{"type":"log","timestamp":1705155975340,"level":"debug","message":"Page request: GET (script) https://cdnjs.cloudflare.com/ajax/libs/Chart.js/2.7.2/Chart.min.js","meta":{"rootId":"wh5do27bgwx2to9","id":"wh5do27bgwx2to9"},"id":"abvca6kmxr95jne","previousOperationId":"u5qm4vzmx39skho"}
{"type":"log","timestamp":1705155975345,"level":"debug","message":"Page request finished: GET (script) 200 https://cdnjs.cloudflare.com/ajax/libs/Chart.js/2.7.2/Chart.min.js","meta":{"rootId":"wh5do27bgwx2to9","id":"wh5do27bgwx2to9"},"id":"x2r9z32hmgrfejv","previousOperationId":"u5qm4vzmx39skho"}
{"type":"log","timestamp":1705155975358,"level":"debug","message":"Page request finished: GET (stylesheet) 200 https://cdnjs.cloudflare.com/ajax/libs/metro/4.1.5/css/metro.min.css","meta":{"rootId":"wh5do27bgwx2to9","id":"wh5do27bgwx2to9"},"id":"e7lliwd51zj671j","previousOperationId":"u5qm4vzmx39skho"}
{"type":"log","timestamp":1705155975418,"level":"debug","message":"Running chrome with params {\"printBackground\":true,\"timeout\":59958,\"margin\":{}}","meta":{"rootId":"wh5do27bgwx2to9","id":"wh5do27bgwx2to9"},"id":"ixxm2ye86zgejtp","previousOperationId":"u5qm4vzmx39skho"}
{"type":"operationEnd","operationId":"u5qm4vzmx39skho","timestamp":1705155975526,"id":"xzyldduhev0k0zv","previousEventId":"dj17l14b2oipmwk","previousOperationId":"u5qm4vzmx39skho"}
{"type":"log","timestamp":1705155975526,"level":"debug","message":"Skipping storing report.","meta":{"rootId":"wh5do27bgwx2to9","id":"wh5do27bgwx2to9"},"id":"xdx5uo38tnnkjin","previousOperationId":"u5qm4vzmx39skho"}
{"type":"log","timestamp":1705155975526,"level":"info","message":"Rendering request 30 finished in 368 ms","meta":{"rootId":"wh5do27bgwx2to9","id":"wh5do27bgwx2to9"},"id":"k4l85ijcs1hgtnx","previousOperationId":"u5qm4vzmx39skho"}
{"type":"operationEnd","subtype":"render","operationId":"tqi57nkqgwrmcbz","timestamp":1705155975526,"id":"1la7cp643wg1mqa","previousEventId":"xzyldduhev0k0zv","previousOperationId":"u5qm4vzmx39skho"}
{"type":"operationEnd","doDiffs":false,"previousEventId":"z3zia6ulg3wp524","previousOperationId":"wsbpz5jxfiiq6md","operationId":"wsbpz5jxfiiq6md","timestamp":1705155975528,"id":"bcjtefsgi0a79b0"}
