{"type":"operationStart","subtype":"profile","data":{"_id":"rjEk6oGkhNgBrvhQ","timestamp":"2024-01-13T22:56:56.322Z","state":"queued","mode":"standard","creationDate":"2024-01-13T22:56:56.324Z","modificationDate":"2024-01-13T22:56:56.324Z","shortid":"E-zJLCl","$entitySet":"profiles"},"doDiffs":false,"timestamp":1705186616323,"id":"gt23yigwbvfz2z3","previousOperationId":null,"operationId":"jarjg3k4egfk5ss"}
{"type":"log","level":"info","message":"Render request 6 queued for execution and waiting for available worker","previousOperationId":"jarjg3k4egfk5ss","timestamp":1705186616323,"id":"o0z6wyonz5dnnvv"}
{"type":"operationStart","subtype":"render","name":"AveragePunctuation","previousOperationId":"jarjg3k4egfk5ss","timestamp":1705186616331,"id":"0dsvqesez3d5cdg","previousEventId":"gt23yigwbvfz2z3","operationId":"01cqj22culj6qlb"}
{"type":"log","timestamp":1705186616331,"level":"info","message":"Starting rendering request 6","meta":{"rootId":"wi9llzw8i34fg42","id":"wi9llzw8i34fg42"},"id":"e6fghq0inpd12nd","previousOperationId":"01cqj22culj6qlb"}
{"type":"log","timestamp":1705186616331,"level":"info","message":"Rendering template { name: AveragePunctuation, recipe: chrome-pdf, engine: handlebars, preview: false }","meta":{"rootId":"wi9llzw8i34fg42","id":"wi9llzw8i34fg42"},"id":"we2wwganigka8ie","previousOperationId":"01cqj22culj6qlb"}
{"type":"log","timestamp":1705186616332,"level":"debug","message":"Inline data specified.","meta":{"rootId":"wi9llzw8i34fg42","id":"wi9llzw8i34fg42"},"id":"k8zdnptlee9odx2","previousOperationId":"01cqj22culj6qlb"}
{"type":"log","timestamp":1705186616334,"level":"debug","message":"Executing script AveragePunctuation-script (beforeRender)","meta":{"rootId":"wi9llzw8i34fg42","id":"wi9llzw8i34fg42"},"id":"iw4zbzb857u0qmj","previousOperationId":"01cqj22culj6qlb"}
{"type":"operationStart","subtype":"scriptsBeforeRender","name":"scripts beforeRender","timestamp":1705186616356,"id":"s177lcxcpsfva10","previousEventId":"0dsvqesez3d5cdg","operationId":"x0srxv4c3f8lt9a","previousOperationId":"01cqj22culj6qlb"}
{"type":"operationStart","subtype":"script","name":"scripts AveragePunctuation-script","previousOperationId":"x0srxv4c3f8lt9a","timestamp":1705186616356,"id":"rdd1mfyh5sym0cv","previousEventId":"s177lcxcpsfva10","operationId":"pf5rrori9mfi675"}
{"type":"operationEnd","operationId":"pf5rrori9mfi675","timestamp":1705186616380,"id":"4jy0birt7le5qwo","previousEventId":"0dsvqesez3d5cdg","previousOperationId":"01cqj22culj6qlb"}
{"type":"operationEnd","operationId":"x0srxv4c3f8lt9a","timestamp":1705186616380,"id":"xsms0pgi3tjfplb","previousEventId":"4jy0birt7le5qwo","previousOperationId":"01cqj22culj6qlb"}
{"type":"log","timestamp":1705186616380,"level":"debug","message":"Base url not specified, skipping its injection.","meta":{"rootId":"wi9llzw8i34fg42","id":"wi9llzw8i34fg42"},"id":"k058c43jlrjgldv","previousOperationId":"x0srxv4c3f8lt9a"}
{"type":"operationStart","subtype":"engine","name":"handlebars","timestamp":1705186616380,"id":"p1ajhp71kol6h8g","previousEventId":"xsms0pgi3tjfplb","operationId":"yj55wppmhfasc67","previousOperationId":"x0srxv4c3f8lt9a"}
{"type":"log","timestamp":1705186616380,"level":"debug","message":"Rendering engine handlebars","meta":{"rootId":"wi9llzw8i34fg42","id":"wi9llzw8i34fg42"},"id":"ucgh1525z9ogs55","previousOperationId":"yj55wppmhfasc67"}
{"type":"operationEnd","operationId":"yj55wppmhfasc67","timestamp":1705186616397,"id":"xqt278cns0pk88w","previousEventId":"p1ajhp71kol6h8g","previousOperationId":"yj55wppmhfasc67"}
{"type":"operationStart","subtype":"recipe","name":"chrome-pdf","timestamp":1705186616398,"id":"6ftfxkkzfooy1tc","previousEventId":"xqt278cns0pk88w","operationId":"5w4whhavut9raai","previousOperationId":"yj55wppmhfasc67"}
{"type":"log","timestamp":1705186616398,"level":"debug","message":"Executing recipe chrome-pdf","meta":{"rootId":"wi9llzw8i34fg42","id":"wi9llzw8i34fg42"},"id":"rnkcnsj4ghrsnc6","previousOperationId":"5w4whhavut9raai"}
{"type":"log","timestamp":1705186616400,"level":"debug","message":"Converting with chrome HeadlessChrome/117.0.5938.149 using chrome-pool strategy","meta":{"rootId":"wi9llzw8i34fg42","id":"wi9llzw8i34fg42"},"id":"y4ttfand0f2aquw","previousOperationId":"5w4whhavut9raai"}
{"type":"log","timestamp":1705186616485,"level":"debug","message":"Page request: GET (document) file:///C:/Users/Javier/AppData/Local/Temp/jsreport/autocleanup/10e2f9ae-38b9-4cb6-a8c4-3f53bdb97ad4-chrome-pdf.html","meta":{"rootId":"wi9llzw8i34fg42","id":"wi9llzw8i34fg42"},"id":"kghzbm6uzm8vgry","previousOperationId":"5w4whhavut9raai"}
{"type":"log","timestamp":1705186616526,"level":"debug","message":"Page request: GET (stylesheet) https://cdnjs.cloudflare.com/ajax/libs/metro/4.1.5/css/metro.min.css","meta":{"rootId":"wi9llzw8i34fg42","id":"wi9llzw8i34fg42"},"id":"oss2gn8r8xg1dak","previousOperationId":"5w4whhavut9raai"}
{"type":"log","timestamp":1705186616527,"level":"debug","message":"Page request: GET (script) https://cdnjs.cloudflare.com/ajax/libs/Chart.js/2.7.2/Chart.min.js","meta":{"rootId":"wi9llzw8i34fg42","id":"wi9llzw8i34fg42"},"id":"yk7icdfqzdf8fz8","previousOperationId":"5w4whhavut9raai"}
{"type":"log","timestamp":1705186616527,"level":"debug","message":"Page request finished: GET (document) 200 file:///C:/Users/Javier/AppData/Local/Temp/jsreport/autocleanup/10e2f9ae-38b9-4cb6-a8c4-3f53bdb97ad4-chrome-pdf.html","meta":{"rootId":"wi9llzw8i34fg42","id":"wi9llzw8i34fg42"},"id":"0682gumjhbgs963","previousOperationId":"5w4whhavut9raai"}
{"type":"log","timestamp":1705186616531,"level":"debug","message":"Page request finished: GET (script) 200 https://cdnjs.cloudflare.com/ajax/libs/Chart.js/2.7.2/Chart.min.js","meta":{"rootId":"wi9llzw8i34fg42","id":"wi9llzw8i34fg42"},"id":"mey3kuo9yc2egv7","previousOperationId":"5w4whhavut9raai"}
{"type":"log","timestamp":1705186616541,"level":"debug","message":"Page request finished: GET (stylesheet) 200 https://cdnjs.cloudflare.com/ajax/libs/metro/4.1.5/css/metro.min.css","meta":{"rootId":"wi9llzw8i34fg42","id":"wi9llzw8i34fg42"},"id":"rs1oc561dzvxo2y","previousOperationId":"5w4whhavut9raai"}
{"type":"log","timestamp":1705186616600,"level":"debug","message":"Running chrome with params {\"printBackground\":true,\"timeout\":59923,\"margin\":{}}","meta":{"rootId":"wi9llzw8i34fg42","id":"wi9llzw8i34fg42"},"id":"xkkotfu4jlq2p7i","previousOperationId":"5w4whhavut9raai"}
{"type":"operationEnd","operationId":"5w4whhavut9raai","timestamp":1705186616698,"id":"gwdf4h376c6rlls","previousEventId":"6ftfxkkzfooy1tc","previousOperationId":"5w4whhavut9raai"}
{"type":"log","timestamp":1705186616698,"level":"debug","message":"Skipping storing report.","meta":{"rootId":"wi9llzw8i34fg42","id":"wi9llzw8i34fg42"},"id":"efk8r93cmrbnw16","previousOperationId":"5w4whhavut9raai"}
{"type":"log","timestamp":1705186616698,"level":"info","message":"Rendering request 6 finished in 376 ms","meta":{"rootId":"wi9llzw8i34fg42","id":"wi9llzw8i34fg42"},"id":"2q3erzj3eyvb1an","previousOperationId":"5w4whhavut9raai"}
{"type":"operationEnd","subtype":"render","operationId":"01cqj22culj6qlb","timestamp":1705186616698,"id":"wglfue69sgkmx78","previousEventId":"gwdf4h376c6rlls","previousOperationId":"5w4whhavut9raai"}
{"type":"operationEnd","doDiffs":false,"previousEventId":"gt23yigwbvfz2z3","previousOperationId":"jarjg3k4egfk5ss","operationId":"jarjg3k4egfk5ss","timestamp":1705186616702,"id":"uk42if2p6u1u6uo"}
