{"type":"operationStart","subtype":"profile","data":{"_id":"AOctfs4IZgZvD8We","timestamp":"2024-01-13T23:43:21.436Z","state":"queued","mode":"standard","creationDate":"2024-01-13T23:43:21.438Z","modificationDate":"2024-01-13T23:43:21.438Z","shortid":"yeCQeE4","$entitySet":"profiles"},"doDiffs":false,"timestamp":1705189401437,"id":"ndfn2xlfich2sjq","previousOperationId":null,"operationId":"1hp826eqtq8f7mk"}
{"type":"log","level":"info","message":"Render request 7 queued for execution and waiting for available worker","previousOperationId":"1hp826eqtq8f7mk","timestamp":1705189401437,"id":"eisddf1kb2piy1m"}
{"type":"operationStart","subtype":"render","name":"AveragePunctuation","previousOperationId":"1hp826eqtq8f7mk","timestamp":1705189401443,"id":"alr26u37t7b229u","previousEventId":"ndfn2xlfich2sjq","operationId":"zjdbntos0y0ygms"}
{"type":"log","timestamp":1705189401443,"level":"info","message":"Starting rendering request 7","meta":{"rootId":"wjem1bqgunhihmh","id":"wjem1bqgunhihmh"},"id":"97mul50lk51t8ps","previousOperationId":"zjdbntos0y0ygms"}
{"type":"log","timestamp":1705189401443,"level":"info","message":"Rendering template { name: AveragePunctuation, recipe: chrome-pdf, engine: handlebars, preview: false }","meta":{"rootId":"wjem1bqgunhihmh","id":"wjem1bqgunhihmh"},"id":"9sgzrlhb7a76ty7","previousOperationId":"zjdbntos0y0ygms"}
{"type":"log","timestamp":1705189401444,"level":"debug","message":"Inline data specified.","meta":{"rootId":"wjem1bqgunhihmh","id":"wjem1bqgunhihmh"},"id":"9l6p0nka9p9xqmj","previousOperationId":"zjdbntos0y0ygms"}
{"type":"log","timestamp":1705189401449,"level":"debug","message":"Executing script AveragePunctuation-script (beforeRender)","meta":{"rootId":"wjem1bqgunhihmh","id":"wjem1bqgunhihmh"},"id":"t5xg43eugzydm2s","previousOperationId":"zjdbntos0y0ygms"}
{"type":"operationStart","subtype":"scriptsBeforeRender","name":"scripts beforeRender","timestamp":1705189401467,"id":"u0niivvf2gac823","previousEventId":"alr26u37t7b229u","operationId":"3qmy63o0yufqadw","previousOperationId":"zjdbntos0y0ygms"}
{"type":"operationStart","subtype":"script","name":"scripts AveragePunctuation-script","previousOperationId":"3qmy63o0yufqadw","timestamp":1705189401467,"id":"zivx2fvd1qhyqa7","previousEventId":"u0niivvf2gac823","operationId":"hcloaccvbs5ub50"}
{"type":"operationEnd","operationId":"hcloaccvbs5ub50","timestamp":1705189401497,"id":"qjw552ojwjx5dit","previousEventId":"alr26u37t7b229u","previousOperationId":"zjdbntos0y0ygms"}
{"type":"operationEnd","operationId":"3qmy63o0yufqadw","timestamp":1705189401497,"id":"96g9yyholhmgb6w","previousEventId":"qjw552ojwjx5dit","previousOperationId":"zjdbntos0y0ygms"}
{"type":"log","timestamp":1705189401497,"level":"debug","message":"Base url not specified, skipping its injection.","meta":{"rootId":"wjem1bqgunhihmh","id":"wjem1bqgunhihmh"},"id":"h21mw5i9mb3xy08","previousOperationId":"3qmy63o0yufqadw"}
{"type":"operationStart","subtype":"engine","name":"handlebars","timestamp":1705189401497,"id":"hty9ca8entw3ef7","previousEventId":"96g9yyholhmgb6w","operationId":"16p80nlxov965gh","previousOperationId":"3qmy63o0yufqadw"}
{"type":"log","timestamp":1705189401497,"level":"debug","message":"Rendering engine handlebars","meta":{"rootId":"wjem1bqgunhihmh","id":"wjem1bqgunhihmh"},"id":"uu6y3420bmuhw7v","previousOperationId":"16p80nlxov965gh"}
{"type":"operationEnd","operationId":"16p80nlxov965gh","timestamp":1705189401507,"id":"y5gwwl1o3yakxvh","previousEventId":"hty9ca8entw3ef7","previousOperationId":"16p80nlxov965gh"}
{"type":"operationStart","subtype":"recipe","name":"chrome-pdf","timestamp":1705189401507,"id":"poeoanhwah0laat","previousEventId":"y5gwwl1o3yakxvh","operationId":"8h20q156rz5e6u9","previousOperationId":"16p80nlxov965gh"}
{"type":"log","timestamp":1705189401507,"level":"debug","message":"Executing recipe chrome-pdf","meta":{"rootId":"wjem1bqgunhihmh","id":"wjem1bqgunhihmh"},"id":"2v4uy1fj5e89bzc","previousOperationId":"8h20q156rz5e6u9"}
{"type":"log","timestamp":1705189401510,"level":"debug","message":"Converting with chrome HeadlessChrome/117.0.5938.149 using chrome-pool strategy","meta":{"rootId":"wjem1bqgunhihmh","id":"wjem1bqgunhihmh"},"id":"11w4tgfndbz84b3","previousOperationId":"8h20q156rz5e6u9"}
{"type":"log","timestamp":1705189401591,"level":"debug","message":"Page request: GET (document) file:///C:/Users/Javier/AppData/Local/Temp/jsreport/autocleanup/d00a9c41-7797-41bd-9098-82215000c8a0-chrome-pdf.html","meta":{"rootId":"wjem1bqgunhihmh","id":"wjem1bqgunhihmh"},"id":"2g5h7t8ah94b8vj","previousOperationId":"8h20q156rz5e6u9"}
{"type":"log","timestamp":1705189401641,"level":"debug","message":"Page request: GET (stylesheet) https://cdnjs.cloudflare.com/ajax/libs/metro/4.1.5/css/metro.min.css","meta":{"rootId":"wjem1bqgunhihmh","id":"wjem1bqgunhihmh"},"id":"3xinhektxah3hbr","previousOperationId":"8h20q156rz5e6u9"}
{"type":"log","timestamp":1705189401641,"level":"debug","message":"Page request: GET (script) https://cdnjs.cloudflare.com/ajax/libs/Chart.js/2.7.2/Chart.min.js","meta":{"rootId":"wjem1bqgunhihmh","id":"wjem1bqgunhihmh"},"id":"exqabo0zsfa2bpn","previousOperationId":"8h20q156rz5e6u9"}
{"type":"log","timestamp":1705189401641,"level":"debug","message":"Page request finished: GET (document) 200 file:///C:/Users/Javier/AppData/Local/Temp/jsreport/autocleanup/d00a9c41-7797-41bd-9098-82215000c8a0-chrome-pdf.html","meta":{"rootId":"wjem1bqgunhihmh","id":"wjem1bqgunhihmh"},"id":"qz97ppwg1e0vcim","previousOperationId":"8h20q156rz5e6u9"}
{"type":"log","timestamp":1705189401645,"level":"debug","message":"Page request finished: GET (script) 200 https://cdnjs.cloudflare.com/ajax/libs/Chart.js/2.7.2/Chart.min.js","meta":{"rootId":"wjem1bqgunhihmh","id":"wjem1bqgunhihmh"},"id":"ubbecyxyil8m4s3","previousOperationId":"8h20q156rz5e6u9"}
{"type":"log","timestamp":1705189401657,"level":"debug","message":"Page request finished: GET (stylesheet) 200 https://cdnjs.cloudflare.com/ajax/libs/metro/4.1.5/css/metro.min.css","meta":{"rootId":"wjem1bqgunhihmh","id":"wjem1bqgunhihmh"},"id":"005jh0kxbn1h5p6","previousOperationId":"8h20q156rz5e6u9"}
{"type":"log","timestamp":1705189401715,"level":"debug","message":"Running chrome with params {\"printBackground\":true,\"timeout\":59927,\"margin\":{}}","meta":{"rootId":"wjem1bqgunhihmh","id":"wjem1bqgunhihmh"},"id":"wqda5kdohcrj6tz","previousOperationId":"8h20q156rz5e6u9"}
{"type":"operationEnd","operationId":"8h20q156rz5e6u9","timestamp":1705189401815,"id":"ki9pv37m8z81i2d","previousEventId":"poeoanhwah0laat","previousOperationId":"8h20q156rz5e6u9"}
{"type":"log","timestamp":1705189401815,"level":"debug","message":"Skipping storing report.","meta":{"rootId":"wjem1bqgunhihmh","id":"wjem1bqgunhihmh"},"id":"r9gyxfmypgwswkk","previousOperationId":"8h20q156rz5e6u9"}
{"type":"log","timestamp":1705189401815,"level":"info","message":"Rendering request 7 finished in 379 ms","meta":{"rootId":"wjem1bqgunhihmh","id":"wjem1bqgunhihmh"},"id":"9p8nitzq1i3miw9","previousOperationId":"8h20q156rz5e6u9"}
{"type":"operationEnd","subtype":"render","operationId":"zjdbntos0y0ygms","timestamp":1705189401815,"id":"838oqyikbqxqmi3","previousEventId":"ki9pv37m8z81i2d","previousOperationId":"8h20q156rz5e6u9"}
{"type":"operationEnd","doDiffs":false,"previousEventId":"ndfn2xlfich2sjq","previousOperationId":"1hp826eqtq8f7mk","operationId":"1hp826eqtq8f7mk","timestamp":1705189401817,"id":"splz8mxwx6oz9t9"}
