{"type":"operationStart","subtype":"profile","data":{"_id":"fWxI7escqZNFRgM8","timestamp":"2024-01-11T15:47:21.579Z","state":"queued","mode":"standard","creationDate":"2024-01-11T15:47:21.581Z","modificationDate":"2024-01-11T15:47:21.581Z","shortid":"SHRukl7","$entitySet":"profiles"},"doDiffs":false,"timestamp":1704988041581,"id":"0ewiv37xt5nbkkm","previousOperationId":null,"operationId":"hg6bwsmzoryjlac"}
{"type":"log","level":"info","message":"Render request 7 queued for execution and waiting for available worker","previousOperationId":"hg6bwsmzoryjlac","timestamp":1704988041581,"id":"s6jxwjuxp61ww8y"}
{"type":"operationStart","subtype":"render","name":"AveragePunctuation","previousOperationId":"hg6bwsmzoryjlac","timestamp":1704988041589,"id":"ed4moj5t9c4zqcj","previousEventId":"0ewiv37xt5nbkkm","operationId":"6abwe9wcftrdqar"}
{"type":"log","timestamp":1704988041589,"level":"info","message":"Starting rendering request 7","meta":{"rootId":"x0lek2we4bkmv76","id":"x0lek2we4bkmv76"},"id":"t2rnuppn90c0u6w","previousOperationId":"6abwe9wcftrdqar"}
{"type":"log","timestamp":1704988041589,"level":"info","message":"Rendering template { name: AveragePunctuation, recipe: chrome-pdf, engine: handlebars, preview: true }","meta":{"rootId":"x0lek2we4bkmv76","id":"x0lek2we4bkmv76"},"id":"lf5ylj1zt6knp7o","previousOperationId":"6abwe9wcftrdqar"}
{"type":"log","timestamp":1704988041590,"level":"debug","message":"Data item not defined for this template.","meta":{"rootId":"x0lek2we4bkmv76","id":"x0lek2we4bkmv76"},"id":"4mjq67eylsrf90k","previousOperationId":"6abwe9wcftrdqar"}
{"type":"log","timestamp":1704988041592,"level":"debug","message":"Executing script AveragePunctuation-script (beforeRender)","meta":{"rootId":"x0lek2we4bkmv76","id":"x0lek2we4bkmv76"},"id":"aeh8mltkxf0abf5","previousOperationId":"6abwe9wcftrdqar"}
{"type":"operationStart","subtype":"scriptsBeforeRender","name":"scripts beforeRender","timestamp":1704988041604,"id":"rjjdolzre6dm6ym","previousEventId":"ed4moj5t9c4zqcj","operationId":"hui9brjsfucqy2j","previousOperationId":"6abwe9wcftrdqar"}
{"type":"operationStart","subtype":"script","name":"scripts AveragePunctuation-script","previousOperationId":"hui9brjsfucqy2j","timestamp":1704988041604,"id":"gp95kuiycyfpmlm","previousEventId":"rjjdolzre6dm6ym","operationId":"8vasavhqymbmf6z"}
{"type":"log","timestamp":1704988041609,"level":"debug","message":"(console:log) undefined","meta":{"userLevel":true,"rootId":"x0lek2we4bkmv76","id":"x0lek2we4bkmv76"},"id":"1cts5lljbb1ptjs","previousOperationId":"8vasavhqymbmf6z"}
{"type":"operationEnd","operationId":"8vasavhqymbmf6z","timestamp":1704988041609,"id":"ixie8io3lfu9ju2","previousEventId":"ed4moj5t9c4zqcj","previousOperationId":"6abwe9wcftrdqar"}
{"type":"operationEnd","operationId":"hui9brjsfucqy2j","timestamp":1704988041609,"id":"yd9yqmt5ly2ubw9","previousEventId":"ixie8io3lfu9ju2","previousOperationId":"6abwe9wcftrdqar"}
{"type":"log","timestamp":1704988041609,"level":"debug","message":"Base url not specified, skipping its injection.","meta":{"rootId":"x0lek2we4bkmv76","id":"x0lek2we4bkmv76"},"id":"emth012n91apk33","previousOperationId":"hui9brjsfucqy2j"}
{"type":"operationStart","subtype":"engine","name":"handlebars","timestamp":1704988041609,"id":"1o1sxwzo97vdngh","previousEventId":"yd9yqmt5ly2ubw9","operationId":"inueu0s15ihs6fi","previousOperationId":"hui9brjsfucqy2j"}
{"type":"log","timestamp":1704988041609,"level":"debug","message":"Rendering engine handlebars","meta":{"rootId":"x0lek2we4bkmv76","id":"x0lek2we4bkmv76"},"id":"w1jjy7qjgldlll3","previousOperationId":"inueu0s15ihs6fi"}
{"type":"operationEnd","operationId":"inueu0s15ihs6fi","timestamp":1704988041620,"id":"yoggzw0ogdtmw81","previousEventId":"1o1sxwzo97vdngh","previousOperationId":"inueu0s15ihs6fi"}
{"type":"operationStart","subtype":"recipe","name":"chrome-pdf","timestamp":1704988041620,"id":"q1ejvw639sadnph","previousEventId":"yoggzw0ogdtmw81","operationId":"251315mikzq5wn8","previousOperationId":"inueu0s15ihs6fi"}
{"type":"log","timestamp":1704988041620,"level":"debug","message":"Executing recipe chrome-pdf","meta":{"rootId":"x0lek2we4bkmv76","id":"x0lek2we4bkmv76"},"id":"2oz8tuv0r615r2m","previousOperationId":"251315mikzq5wn8"}
{"type":"log","timestamp":1704988041622,"level":"debug","message":"Converting with chrome HeadlessChrome/117.0.5938.149 using chrome-pool strategy","meta":{"rootId":"x0lek2we4bkmv76","id":"x0lek2we4bkmv76"},"id":"6e0uoohyz6uaopu","previousOperationId":"251315mikzq5wn8"}
{"type":"log","timestamp":1704988041704,"level":"debug","message":"Page request: GET (document) file:///C:/Users/Javier/AppData/Local/Temp/jsreport/autocleanup/e7f7e164-7c04-4792-b1a9-2803cfb92caf-chrome-pdf.html","meta":{"rootId":"x0lek2we4bkmv76","id":"x0lek2we4bkmv76"},"id":"52miejwf5rxd8ru","previousOperationId":"251315mikzq5wn8"}
{"type":"log","timestamp":1704988041713,"level":"debug","message":"Page request finished: GET (document) 200 file:///C:/Users/Javier/AppData/Local/Temp/jsreport/autocleanup/e7f7e164-7c04-4792-b1a9-2803cfb92caf-chrome-pdf.html","meta":{"rootId":"x0lek2we4bkmv76","id":"x0lek2we4bkmv76"},"id":"mvilelkngt6e15c","previousOperationId":"251315mikzq5wn8"}
{"type":"log","timestamp":1704988041717,"level":"debug","message":"Running chrome with params {\"printBackground\":true,\"timeout\":59958,\"margin\":{}}","meta":{"rootId":"x0lek2we4bkmv76","id":"x0lek2we4bkmv76"},"id":"or9fsus4gq5bam7","previousOperationId":"251315mikzq5wn8"}
{"type":"operationEnd","operationId":"251315mikzq5wn8","timestamp":1704988041728,"id":"1ldrbwlq8n9f5uv","previousEventId":"q1ejvw639sadnph","previousOperationId":"251315mikzq5wn8"}
{"type":"log","timestamp":1704988041729,"level":"debug","message":"Skipping storing report.","meta":{"rootId":"x0lek2we4bkmv76","id":"x0lek2we4bkmv76"},"id":"p74ucv9feqkjmtv","previousOperationId":"251315mikzq5wn8"}
{"type":"log","timestamp":1704988041729,"level":"info","message":"Rendering request 7 finished in 150 ms","meta":{"rootId":"x0lek2we4bkmv76","id":"x0lek2we4bkmv76"},"id":"79sicjdtnbc1w34","previousOperationId":"251315mikzq5wn8"}
{"type":"operationEnd","subtype":"render","operationId":"6abwe9wcftrdqar","timestamp":1704988041729,"id":"ca2wyewubcss0hk","previousEventId":"1ldrbwlq8n9f5uv","previousOperationId":"251315mikzq5wn8"}
{"type":"operationEnd","doDiffs":false,"previousEventId":"0ewiv37xt5nbkkm","previousOperationId":"hg6bwsmzoryjlac","operationId":"hg6bwsmzoryjlac","timestamp":1704988041736,"id":"5zw7h692hti54lv"}
