{"type":"operationStart","subtype":"profile","data":{"_id":"nXKA05EN0WeVy7Ce","timestamp":"2024-01-13T14:06:51.970Z","state":"queued","mode":"standard","creationDate":"2024-01-13T14:06:51.972Z","modificationDate":"2024-01-13T14:06:51.972Z","shortid":"IXibfVn","$entitySet":"profiles"},"doDiffs":false,"timestamp":1705154811971,"id":"21gtd3dgzieroa0","previousOperationId":null,"operationId":"jxphoo81rj4i4j8"}
{"type":"log","level":"info","message":"Render request 11 queued for execution and waiting for available worker","previousOperationId":"jxphoo81rj4i4j8","timestamp":1705154811971,"id":"40vmb9ncpmb3mc4"}
{"type":"operationStart","subtype":"render","name":"AveragePunctuation","previousOperationId":"jxphoo81rj4i4j8","timestamp":1705154811975,"id":"65zg4vthxprvpk8","previousEventId":"21gtd3dgzieroa0","operationId":"kl5hd1v825iv420"}
{"type":"log","timestamp":1705154811975,"level":"info","message":"Starting rendering request 11","meta":{"rootId":"x0vgqoa75a4rpwt","id":"x0vgqoa75a4rpwt"},"id":"b97iuk7dfe3gf99","previousOperationId":"kl5hd1v825iv420"}
{"type":"log","timestamp":1705154811975,"level":"info","message":"Rendering template { name: AveragePunctuation, recipe: chrome-pdf, engine: handlebars, preview: false }","meta":{"rootId":"x0vgqoa75a4rpwt","id":"x0vgqoa75a4rpwt"},"id":"ee2mj7qpr1rww4j","previousOperationId":"kl5hd1v825iv420"}
{"type":"log","timestamp":1705154811976,"level":"debug","message":"Inline data specified.","meta":{"rootId":"x0vgqoa75a4rpwt","id":"x0vgqoa75a4rpwt"},"id":"vwpeusw4uuv9tbt","previousOperationId":"kl5hd1v825iv420"}
{"type":"log","timestamp":1705154811979,"level":"debug","message":"Executing script AveragePunctuation-script (beforeRender)","meta":{"rootId":"x0vgqoa75a4rpwt","id":"x0vgqoa75a4rpwt"},"id":"7cvnr8pl4n11om4","previousOperationId":"kl5hd1v825iv420"}
{"type":"operationStart","subtype":"scriptsBeforeRender","name":"scripts beforeRender","timestamp":1705154811990,"id":"a1qve50pjegzarp","previousEventId":"65zg4vthxprvpk8","operationId":"g0zdv46cqasa1eq","previousOperationId":"kl5hd1v825iv420"}
{"type":"operationStart","subtype":"script","name":"scripts AveragePunctuation-script","previousOperationId":"g0zdv46cqasa1eq","timestamp":1705154811990,"id":"wfd3ervrgm0jthd","previousEventId":"a1qve50pjegzarp","operationId":"adkn7et00uc2if4"}
{"type":"operationEnd","operationId":"adkn7et00uc2if4","timestamp":1705154812004,"id":"fafujiknciy9bco","previousEventId":"65zg4vthxprvpk8","previousOperationId":"kl5hd1v825iv420"}
{"type":"operationEnd","operationId":"g0zdv46cqasa1eq","timestamp":1705154812004,"id":"zudvt901ldx80yz","previousEventId":"fafujiknciy9bco","previousOperationId":"kl5hd1v825iv420"}
{"type":"log","timestamp":1705154812004,"level":"debug","message":"Base url not specified, skipping its injection.","meta":{"rootId":"x0vgqoa75a4rpwt","id":"x0vgqoa75a4rpwt"},"id":"37fj77t6mqrt77m","previousOperationId":"g0zdv46cqasa1eq"}
{"type":"operationStart","subtype":"engine","name":"handlebars","timestamp":1705154812004,"id":"5freixtfmb6y7es","previousEventId":"zudvt901ldx80yz","operationId":"gw95zwq40h0przp","previousOperationId":"g0zdv46cqasa1eq"}
{"type":"log","timestamp":1705154812004,"level":"debug","message":"Rendering engine handlebars","meta":{"rootId":"x0vgqoa75a4rpwt","id":"x0vgqoa75a4rpwt"},"id":"jfnjlbcm8ettm1h","previousOperationId":"gw95zwq40h0przp"}
{"type":"operationEnd","operationId":"gw95zwq40h0przp","timestamp":1705154812015,"id":"e673zzyw4z813e1","previousEventId":"5freixtfmb6y7es","previousOperationId":"gw95zwq40h0przp"}
{"type":"operationStart","subtype":"recipe","name":"chrome-pdf","timestamp":1705154812016,"id":"ofg1ihkalyy3llk","previousEventId":"e673zzyw4z813e1","operationId":"ms87xz3skebz6ws","previousOperationId":"gw95zwq40h0przp"}
{"type":"log","timestamp":1705154812016,"level":"debug","message":"Executing recipe chrome-pdf","meta":{"rootId":"x0vgqoa75a4rpwt","id":"x0vgqoa75a4rpwt"},"id":"yb4ynl610x9jk08","previousOperationId":"ms87xz3skebz6ws"}
{"type":"log","timestamp":1705154812017,"level":"debug","message":"Converting with chrome HeadlessChrome/117.0.5938.149 using chrome-pool strategy","meta":{"rootId":"x0vgqoa75a4rpwt","id":"x0vgqoa75a4rpwt"},"id":"l6jh3xe2vbfgz39","previousOperationId":"ms87xz3skebz6ws"}
{"type":"log","timestamp":1705154812087,"level":"debug","message":"Page request: GET (document) file:///C:/Users/Javier/AppData/Local/Temp/jsreport/autocleanup/40670d4d-0ab0-46f2-9704-a7fd5b9858c9-chrome-pdf.html","meta":{"rootId":"x0vgqoa75a4rpwt","id":"x0vgqoa75a4rpwt"},"id":"qum0kjuztedny4c","previousOperationId":"ms87xz3skebz6ws"}
{"type":"log","timestamp":1705154812127,"level":"debug","message":"Page request finished: GET (document) 200 file:///C:/Users/Javier/AppData/Local/Temp/jsreport/autocleanup/40670d4d-0ab0-46f2-9704-a7fd5b9858c9-chrome-pdf.html","meta":{"rootId":"x0vgqoa75a4rpwt","id":"x0vgqoa75a4rpwt"},"id":"o1qo5shetfspgti","previousOperationId":"ms87xz3skebz6ws"}
{"type":"log","timestamp":1705154812128,"level":"debug","message":"Page request: GET (stylesheet) https://cdnjs.cloudflare.com/ajax/libs/metro/4.1.5/css/metro.min.css","meta":{"rootId":"x0vgqoa75a4rpwt","id":"x0vgqoa75a4rpwt"},"id":"ef9v44ha1az5lnc","previousOperationId":"ms87xz3skebz6ws"}
{"type":"log","timestamp":1705154812128,"level":"debug","message":"Page request: GET (script) https://cdnjs.cloudflare.com/ajax/libs/Chart.js/2.7.2/Chart.min.js","meta":{"rootId":"x0vgqoa75a4rpwt","id":"x0vgqoa75a4rpwt"},"id":"th59sxl5rgl2jxd","previousOperationId":"ms87xz3skebz6ws"}
{"type":"log","timestamp":1705154812133,"level":"debug","message":"Page request finished: GET (script) 200 https://cdnjs.cloudflare.com/ajax/libs/Chart.js/2.7.2/Chart.min.js","meta":{"rootId":"x0vgqoa75a4rpwt","id":"x0vgqoa75a4rpwt"},"id":"0jkyzrce17brgwj","previousOperationId":"ms87xz3skebz6ws"}
{"type":"log","timestamp":1705154812143,"level":"debug","message":"Page request finished: GET (stylesheet) 200 https://cdnjs.cloudflare.com/ajax/libs/metro/4.1.5/css/metro.min.css","meta":{"rootId":"x0vgqoa75a4rpwt","id":"x0vgqoa75a4rpwt"},"id":"fo4v14cm46wxt40","previousOperationId":"ms87xz3skebz6ws"}
{"type":"log","timestamp":1705154812205,"level":"debug","message":"Running chrome with params {\"printBackground\":true,\"timeout\":59954,\"margin\":{}}","meta":{"rootId":"x0vgqoa75a4rpwt","id":"x0vgqoa75a4rpwt"},"id":"hz5cm3ij5yz6bjn","previousOperationId":"ms87xz3skebz6ws"}
{"type":"operationEnd","operationId":"ms87xz3skebz6ws","timestamp":1705154812294,"id":"zcm85nsr43o9zqb","previousEventId":"ofg1ihkalyy3llk","previousOperationId":"ms87xz3skebz6ws"}
{"type":"log","timestamp":1705154812294,"level":"debug","message":"Skipping storing report.","meta":{"rootId":"x0vgqoa75a4rpwt","id":"x0vgqoa75a4rpwt"},"id":"tdoa9aqy6qxu4k1","previousOperationId":"ms87xz3skebz6ws"}
{"type":"log","timestamp":1705154812294,"level":"info","message":"Rendering request 11 finished in 324 ms","meta":{"rootId":"x0vgqoa75a4rpwt","id":"x0vgqoa75a4rpwt"},"id":"mfooy56x58n8fuy","previousOperationId":"ms87xz3skebz6ws"}
{"type":"operationEnd","subtype":"render","operationId":"kl5hd1v825iv420","timestamp":1705154812294,"id":"0xmit29gl64ecg8","previousEventId":"zcm85nsr43o9zqb","previousOperationId":"ms87xz3skebz6ws"}
{"type":"operationEnd","doDiffs":false,"previousEventId":"21gtd3dgzieroa0","previousOperationId":"jxphoo81rj4i4j8","operationId":"jxphoo81rj4i4j8","timestamp":1705154812296,"id":"ljqzxpuwaqq5tff"}
