{"type":"operationStart","subtype":"profile","data":{"_id":"n4KjDzK8xRO4zLbq","timestamp":"2024-01-13T18:43:44.693Z","state":"queued","mode":"standard","creationDate":"2024-01-13T18:43:44.694Z","modificationDate":"2024-01-13T18:43:44.694Z","shortid":"Gtnq9e3","$entitySet":"profiles"},"doDiffs":false,"timestamp":1705171424694,"id":"a1to5r5i7tpzbif","previousOperationId":null,"operationId":"4x6o1esfb8z3kit"}
{"type":"log","level":"info","message":"Render request 70 queued for execution and waiting for available worker","previousOperationId":"4x6o1esfb8z3kit","timestamp":1705171424694,"id":"ls9kt6qvs8a7ucb"}
{"type":"operationStart","subtype":"render","name":"AveragePunctuation","previousOperationId":"4x6o1esfb8z3kit","timestamp":1705171424699,"id":"ilnksvwhnu54ryp","previousEventId":"a1to5r5i7tpzbif","operationId":"xv2xjfhd01jk30d"}
{"type":"log","timestamp":1705171424699,"level":"info","message":"Starting rendering request 70","meta":{"rootId":"x5dj8q2octp8pjc","id":"x5dj8q2octp8pjc"},"id":"utzqqis0zgg6jem","previousOperationId":"xv2xjfhd01jk30d"}
{"type":"log","timestamp":1705171424699,"level":"info","message":"Rendering template { name: AveragePunctuation, recipe: chrome-pdf, engine: handlebars, preview: false }","meta":{"rootId":"x5dj8q2octp8pjc","id":"x5dj8q2octp8pjc"},"id":"sh3u4ys34i7eg2y","previousOperationId":"xv2xjfhd01jk30d"}
{"type":"log","timestamp":1705171424700,"level":"debug","message":"Inline data specified.","meta":{"rootId":"x5dj8q2octp8pjc","id":"x5dj8q2octp8pjc"},"id":"rlc192ertc53mzf","previousOperationId":"xv2xjfhd01jk30d"}
{"type":"log","timestamp":1705171424701,"level":"debug","message":"Executing script AveragePunctuation-script (beforeRender)","meta":{"rootId":"x5dj8q2octp8pjc","id":"x5dj8q2octp8pjc"},"id":"xpfk0hg064emvd3","previousOperationId":"xv2xjfhd01jk30d"}
{"type":"operationStart","subtype":"scriptsBeforeRender","name":"scripts beforeRender","timestamp":1705171424718,"id":"jquse92p7431q8s","previousEventId":"ilnksvwhnu54ryp","operationId":"3dpu8zg9wz27mv3","previousOperationId":"xv2xjfhd01jk30d"}
{"type":"operationStart","subtype":"script","name":"scripts AveragePunctuation-script","previousOperationId":"3dpu8zg9wz27mv3","timestamp":1705171424718,"id":"ykqlcdunoabhx7c","previousEventId":"jquse92p7431q8s","operationId":"ba0blussd8em9zn"}
{"type":"operationEnd","operationId":"ba0blussd8em9zn","timestamp":1705171424728,"id":"uc9d7kyrhbhs9yt","previousEventId":"ilnksvwhnu54ryp","previousOperationId":"xv2xjfhd01jk30d"}
{"type":"operationEnd","operationId":"3dpu8zg9wz27mv3","timestamp":1705171424728,"id":"i188q2a9yuce9tn","previousEventId":"uc9d7kyrhbhs9yt","previousOperationId":"xv2xjfhd01jk30d"}
{"type":"log","timestamp":1705171424728,"level":"debug","message":"Base url not specified, skipping its injection.","meta":{"rootId":"x5dj8q2octp8pjc","id":"x5dj8q2octp8pjc"},"id":"zclqcs99yvembot","previousOperationId":"3dpu8zg9wz27mv3"}
{"type":"operationStart","subtype":"engine","name":"handlebars","timestamp":1705171424728,"id":"2pzb3lhhhzc7e4i","previousEventId":"i188q2a9yuce9tn","operationId":"1kkdrpgms5dwauj","previousOperationId":"3dpu8zg9wz27mv3"}
{"type":"log","timestamp":1705171424728,"level":"debug","message":"Rendering engine handlebars","meta":{"rootId":"x5dj8q2octp8pjc","id":"x5dj8q2octp8pjc"},"id":"3k47ssxbdzj8hq2","previousOperationId":"1kkdrpgms5dwauj"}
{"type":"operationEnd","operationId":"1kkdrpgms5dwauj","timestamp":1705171424734,"id":"eidv0zdabwykorp","previousEventId":"2pzb3lhhhzc7e4i","previousOperationId":"1kkdrpgms5dwauj"}
{"type":"operationStart","subtype":"recipe","name":"chrome-pdf","timestamp":1705171424735,"id":"rutjcyie3qem4y1","previousEventId":"eidv0zdabwykorp","operationId":"8cd7jnra62m95di","previousOperationId":"1kkdrpgms5dwauj"}
{"type":"log","timestamp":1705171424735,"level":"debug","message":"Executing recipe chrome-pdf","meta":{"rootId":"x5dj8q2octp8pjc","id":"x5dj8q2octp8pjc"},"id":"bwa229pkpdjn1qc","previousOperationId":"8cd7jnra62m95di"}
{"type":"log","timestamp":1705171424736,"level":"debug","message":"Converting with chrome HeadlessChrome/117.0.5938.149 using chrome-pool strategy","meta":{"rootId":"x5dj8q2octp8pjc","id":"x5dj8q2octp8pjc"},"id":"v1llhc84swra24y","previousOperationId":"8cd7jnra62m95di"}
{"type":"log","timestamp":1705171424813,"level":"debug","message":"Page request: GET (document) file:///C:/Users/Javier/AppData/Local/Temp/jsreport/autocleanup/dc38b4b7-0ba4-44e5-b6e5-13022e75f1b8-chrome-pdf.html","meta":{"rootId":"x5dj8q2octp8pjc","id":"x5dj8q2octp8pjc"},"id":"melfvs17p5iyhla","previousOperationId":"8cd7jnra62m95di"}
{"type":"log","timestamp":1705171424859,"level":"debug","message":"Page request: GET (stylesheet) https://cdnjs.cloudflare.com/ajax/libs/metro/4.1.5/css/metro.min.css","meta":{"rootId":"x5dj8q2octp8pjc","id":"x5dj8q2octp8pjc"},"id":"e1hmy39cnj98hv2","previousOperationId":"8cd7jnra62m95di"}
{"type":"log","timestamp":1705171424860,"level":"debug","message":"Page request: GET (script) https://cdnjs.cloudflare.com/ajax/libs/Chart.js/2.7.2/Chart.min.js","meta":{"rootId":"x5dj8q2octp8pjc","id":"x5dj8q2octp8pjc"},"id":"j78ojf9t699luwe","previousOperationId":"8cd7jnra62m95di"}
{"type":"log","timestamp":1705171424860,"level":"debug","message":"Page request finished: GET (document) 200 file:///C:/Users/Javier/AppData/Local/Temp/jsreport/autocleanup/dc38b4b7-0ba4-44e5-b6e5-13022e75f1b8-chrome-pdf.html","meta":{"rootId":"x5dj8q2octp8pjc","id":"x5dj8q2octp8pjc"},"id":"yvlvbno62ltvbpf","previousOperationId":"8cd7jnra62m95di"}
{"type":"log","timestamp":1705171424866,"level":"debug","message":"Page request finished: GET (script) 200 https://cdnjs.cloudflare.com/ajax/libs/Chart.js/2.7.2/Chart.min.js","meta":{"rootId":"x5dj8q2octp8pjc","id":"x5dj8q2octp8pjc"},"id":"59efo25rupxmc0c","previousOperationId":"8cd7jnra62m95di"}
{"type":"log","timestamp":1705171424878,"level":"debug","message":"Page request finished: GET (stylesheet) 200 https://cdnjs.cloudflare.com/ajax/libs/metro/4.1.5/css/metro.min.css","meta":{"rootId":"x5dj8q2octp8pjc","id":"x5dj8q2octp8pjc"},"id":"vfep4gfxll7tdrl","previousOperationId":"8cd7jnra62m95di"}
{"type":"log","timestamp":1705171424943,"level":"debug","message":"Running chrome with params {\"printBackground\":true,\"timeout\":59958,\"margin\":{}}","meta":{"rootId":"x5dj8q2octp8pjc","id":"x5dj8q2octp8pjc"},"id":"rm4rz8r32sd5gwh","previousOperationId":"8cd7jnra62m95di"}
{"type":"operationEnd","operationId":"8cd7jnra62m95di","timestamp":1705171425050,"id":"i8cu4j2sqhu8rcd","previousEventId":"rutjcyie3qem4y1","previousOperationId":"8cd7jnra62m95di"}
{"type":"log","timestamp":1705171425050,"level":"debug","message":"Skipping storing report.","meta":{"rootId":"x5dj8q2octp8pjc","id":"x5dj8q2octp8pjc"},"id":"w7n298ouxcxv1sc","previousOperationId":"8cd7jnra62m95di"}
{"type":"log","timestamp":1705171425050,"level":"info","message":"Rendering request 70 finished in 357 ms","meta":{"rootId":"x5dj8q2octp8pjc","id":"x5dj8q2octp8pjc"},"id":"63chzjgpfqdshwp","previousOperationId":"8cd7jnra62m95di"}
{"type":"operationEnd","subtype":"render","operationId":"xv2xjfhd01jk30d","timestamp":1705171425050,"id":"jz29fib8bf430lq","previousEventId":"i8cu4j2sqhu8rcd","previousOperationId":"8cd7jnra62m95di"}
{"type":"operationEnd","doDiffs":false,"previousEventId":"a1to5r5i7tpzbif","previousOperationId":"4x6o1esfb8z3kit","operationId":"4x6o1esfb8z3kit","timestamp":1705171425051,"id":"883gtb8q2aazxhj"}
