{"type":"operationStart","subtype":"profile","data":{"_id":"ns8jJ6keUuuqHjUr","timestamp":"2024-01-13T16:59:53.538Z","state":"queued","mode":"standard","creationDate":"2024-01-13T16:59:53.539Z","modificationDate":"2024-01-13T16:59:53.539Z","shortid":"zy-0FtJ","$entitySet":"profiles"},"doDiffs":false,"timestamp":1705165193539,"id":"zkkjyetxqz6imu8","previousOperationId":null,"operationId":"wa1wza8smhzai4f"}
{"type":"log","level":"info","message":"Render request 67 queued for execution and waiting for available worker","previousOperationId":"wa1wza8smhzai4f","timestamp":1705165193539,"id":"e1b5n9vp3m57x51"}
{"type":"operationStart","subtype":"render","name":"AveragePunctuation","previousOperationId":"wa1wza8smhzai4f","timestamp":1705165193545,"id":"vepqrolokc3osyv","previousEventId":"zkkjyetxqz6imu8","operationId":"5tw1s71z7z1kops"}
{"type":"log","timestamp":1705165193545,"level":"info","message":"Starting rendering request 67","meta":{"rootId":"x656ni3kpa8qru3","id":"x656ni3kpa8qru3"},"id":"i7oyolhj8wylm0q","previousOperationId":"5tw1s71z7z1kops"}
{"type":"log","timestamp":1705165193546,"level":"info","message":"Rendering template { name: AveragePunctuation, recipe: chrome-pdf, engine: handlebars, preview: false }","meta":{"rootId":"x656ni3kpa8qru3","id":"x656ni3kpa8qru3"},"id":"0i56m6nmekx2f1m","previousOperationId":"5tw1s71z7z1kops"}
{"type":"log","timestamp":1705165193547,"level":"debug","message":"Inline data specified.","meta":{"rootId":"x656ni3kpa8qru3","id":"x656ni3kpa8qru3"},"id":"mun80nh4l61vff2","previousOperationId":"5tw1s71z7z1kops"}
{"type":"log","timestamp":1705165193550,"level":"debug","message":"Executing script AveragePunctuation-script (beforeRender)","meta":{"rootId":"x656ni3kpa8qru3","id":"x656ni3kpa8qru3"},"id":"7g2hak038ukryzy","previousOperationId":"5tw1s71z7z1kops"}
{"type":"operationStart","subtype":"scriptsBeforeRender","name":"scripts beforeRender","timestamp":1705165193570,"id":"3so5m816cn596is","previousEventId":"vepqrolokc3osyv","operationId":"juaolwo6scy848t","previousOperationId":"5tw1s71z7z1kops"}
{"type":"operationStart","subtype":"script","name":"scripts AveragePunctuation-script","previousOperationId":"juaolwo6scy848t","timestamp":1705165193570,"id":"68qnbw3wwyeq30i","previousEventId":"3so5m816cn596is","operationId":"9zws827u2147m3d"}
{"type":"operationEnd","operationId":"9zws827u2147m3d","timestamp":1705165193583,"id":"8256v5qe93msbl3","previousEventId":"vepqrolokc3osyv","previousOperationId":"5tw1s71z7z1kops"}
{"type":"operationEnd","operationId":"juaolwo6scy848t","timestamp":1705165193583,"id":"lz4d6i46222lwz8","previousEventId":"8256v5qe93msbl3","previousOperationId":"5tw1s71z7z1kops"}
{"type":"log","timestamp":1705165193583,"level":"debug","message":"Base url not specified, skipping its injection.","meta":{"rootId":"x656ni3kpa8qru3","id":"x656ni3kpa8qru3"},"id":"eal1ptr2wp4qz8i","previousOperationId":"juaolwo6scy848t"}
{"type":"operationStart","subtype":"engine","name":"handlebars","timestamp":1705165193583,"id":"z9qmfbu2o306oo7","previousEventId":"lz4d6i46222lwz8","operationId":"arqll1530o4bjh8","previousOperationId":"juaolwo6scy848t"}
{"type":"log","timestamp":1705165193583,"level":"debug","message":"Rendering engine handlebars","meta":{"rootId":"x656ni3kpa8qru3","id":"x656ni3kpa8qru3"},"id":"e60zjfz6f152kdj","previousOperationId":"arqll1530o4bjh8"}
{"type":"operationEnd","operationId":"arqll1530o4bjh8","timestamp":1705165193589,"id":"4ez7g12wi4l12ui","previousEventId":"z9qmfbu2o306oo7","previousOperationId":"arqll1530o4bjh8"}
{"type":"operationStart","subtype":"recipe","name":"chrome-pdf","timestamp":1705165193589,"id":"qs6vnxtzfceqius","previousEventId":"4ez7g12wi4l12ui","operationId":"6hlxq4232p25nsj","previousOperationId":"arqll1530o4bjh8"}
{"type":"log","timestamp":1705165193589,"level":"debug","message":"Executing recipe chrome-pdf","meta":{"rootId":"x656ni3kpa8qru3","id":"x656ni3kpa8qru3"},"id":"w6hx6kefgxhfe2s","previousOperationId":"6hlxq4232p25nsj"}
{"type":"log","timestamp":1705165193592,"level":"debug","message":"Converting with chrome HeadlessChrome/117.0.5938.149 using chrome-pool strategy","meta":{"rootId":"x656ni3kpa8qru3","id":"x656ni3kpa8qru3"},"id":"bqgramya2giusu1","previousOperationId":"6hlxq4232p25nsj"}
{"type":"log","timestamp":1705165193665,"level":"debug","message":"Page request: GET (document) file:///C:/Users/Javier/AppData/Local/Temp/jsreport/autocleanup/b0d31eda-1fb5-4d4d-b324-ad08533de668-chrome-pdf.html","meta":{"rootId":"x656ni3kpa8qru3","id":"x656ni3kpa8qru3"},"id":"of6ytrv3bnggl82","previousOperationId":"6hlxq4232p25nsj"}
{"type":"log","timestamp":1705165193707,"level":"debug","message":"Page request: GET (stylesheet) https://cdnjs.cloudflare.com/ajax/libs/metro/4.1.5/css/metro.min.css","meta":{"rootId":"x656ni3kpa8qru3","id":"x656ni3kpa8qru3"},"id":"stcl8uxcdwgh0qe","previousOperationId":"6hlxq4232p25nsj"}
{"type":"log","timestamp":1705165193707,"level":"debug","message":"Page request: GET (script) https://cdnjs.cloudflare.com/ajax/libs/Chart.js/2.7.2/Chart.min.js","meta":{"rootId":"x656ni3kpa8qru3","id":"x656ni3kpa8qru3"},"id":"j8x6i6k6cqrh64u","previousOperationId":"6hlxq4232p25nsj"}
{"type":"log","timestamp":1705165193707,"level":"debug","message":"Page request finished: GET (document) 200 file:///C:/Users/Javier/AppData/Local/Temp/jsreport/autocleanup/b0d31eda-1fb5-4d4d-b324-ad08533de668-chrome-pdf.html","meta":{"rootId":"x656ni3kpa8qru3","id":"x656ni3kpa8qru3"},"id":"jk0whjncnwen9ho","previousOperationId":"6hlxq4232p25nsj"}
{"type":"log","timestamp":1705165193712,"level":"debug","message":"Page request finished: GET (script) 200 https://cdnjs.cloudflare.com/ajax/libs/Chart.js/2.7.2/Chart.min.js","meta":{"rootId":"x656ni3kpa8qru3","id":"x656ni3kpa8qru3"},"id":"9ccrllqbpwfhurk","previousOperationId":"6hlxq4232p25nsj"}
{"type":"log","timestamp":1705165193722,"level":"debug","message":"Page request finished: GET (stylesheet) 200 https://cdnjs.cloudflare.com/ajax/libs/metro/4.1.5/css/metro.min.css","meta":{"rootId":"x656ni3kpa8qru3","id":"x656ni3kpa8qru3"},"id":"rxt5gqmlterbc2z","previousOperationId":"6hlxq4232p25nsj"}
{"type":"log","timestamp":1705165193786,"level":"debug","message":"Running chrome with params {\"printBackground\":true,\"timeout\":59947,\"margin\":{}}","meta":{"rootId":"x656ni3kpa8qru3","id":"x656ni3kpa8qru3"},"id":"peal6q020ye50d4","previousOperationId":"6hlxq4232p25nsj"}
{"type":"operationEnd","operationId":"6hlxq4232p25nsj","timestamp":1705165193902,"id":"0rjg7csrq1ku7yq","previousEventId":"qs6vnxtzfceqius","previousOperationId":"6hlxq4232p25nsj"}
{"type":"log","timestamp":1705165193902,"level":"debug","message":"Skipping storing report.","meta":{"rootId":"x656ni3kpa8qru3","id":"x656ni3kpa8qru3"},"id":"goseo5eqk3aprra","previousOperationId":"6hlxq4232p25nsj"}
{"type":"log","timestamp":1705165193902,"level":"info","message":"Rendering request 67 finished in 364 ms","meta":{"rootId":"x656ni3kpa8qru3","id":"x656ni3kpa8qru3"},"id":"z8mmyiretwb5g5h","previousOperationId":"6hlxq4232p25nsj"}
{"type":"operationEnd","subtype":"render","operationId":"5tw1s71z7z1kops","timestamp":1705165193902,"id":"3aqqmgx0is08xuv","previousEventId":"0rjg7csrq1ku7yq","previousOperationId":"6hlxq4232p25nsj"}
{"type":"operationEnd","doDiffs":false,"previousEventId":"zkkjyetxqz6imu8","previousOperationId":"wa1wza8smhzai4f","operationId":"wa1wza8smhzai4f","timestamp":1705165193908,"id":"000x3ctbwbbwt2z"}
