{"type":"operationStart","subtype":"profile","data":{"_id":"JkwFa4VvZIldmKVB","timestamp":"2024-01-13T22:43:15.245Z","state":"queued","mode":"standard","creationDate":"2024-01-13T22:43:15.248Z","modificationDate":"2024-01-13T22:43:15.248Z","shortid":"YLuJ9Ii","$entitySet":"profiles"},"doDiffs":false,"timestamp":1705185795246,"id":"wpxrcqhzydl9qp5","previousOperationId":null,"operationId":"rxmvb0q241rwlq3"}
{"type":"log","level":"info","message":"Render request 3 queued for execution and waiting for available worker","previousOperationId":"rxmvb0q241rwlq3","timestamp":1705185795246,"id":"ph2sgsblxmc70tr"}
{"type":"operationStart","subtype":"render","name":"AveragePunctuation","previousOperationId":"rxmvb0q241rwlq3","timestamp":1705185795255,"id":"ebh5pknh4392izv","previousEventId":"wpxrcqhzydl9qp5","operationId":"dm6tvzesbfvq8v5"}
{"type":"log","timestamp":1705185795255,"level":"info","message":"Starting rendering request 3","meta":{"rootId":"xaoom1pi1o7z7fy","id":"xaoom1pi1o7z7fy"},"id":"4hpbgdu6g8jld08","previousOperationId":"dm6tvzesbfvq8v5"}
{"type":"log","timestamp":1705185795256,"level":"info","message":"Rendering template { name: AveragePunctuation, recipe: chrome-pdf, engine: handlebars, preview: false }","meta":{"rootId":"xaoom1pi1o7z7fy","id":"xaoom1pi1o7z7fy"},"id":"tiyv0u0wup7rwvw","previousOperationId":"dm6tvzesbfvq8v5"}
{"type":"log","timestamp":1705185795256,"level":"debug","message":"Inline data specified.","meta":{"rootId":"xaoom1pi1o7z7fy","id":"xaoom1pi1o7z7fy"},"id":"7wv2sukz2trdkrg","previousOperationId":"dm6tvzesbfvq8v5"}
{"type":"log","timestamp":1705185795259,"level":"debug","message":"Executing script AveragePunctuation-script (beforeRender)","meta":{"rootId":"xaoom1pi1o7z7fy","id":"xaoom1pi1o7z7fy"},"id":"k0q2rqoipojc2px","previousOperationId":"dm6tvzesbfvq8v5"}
{"type":"operationStart","subtype":"scriptsBeforeRender","name":"scripts beforeRender","timestamp":1705185795312,"id":"smyd6qvlr5xan6y","previousEventId":"ebh5pknh4392izv","operationId":"08k1skfqm2plpiw","previousOperationId":"dm6tvzesbfvq8v5"}
{"type":"operationStart","subtype":"script","name":"scripts AveragePunctuation-script","previousOperationId":"08k1skfqm2plpiw","timestamp":1705185795312,"id":"g3vemwdnfihvsfx","previousEventId":"smyd6qvlr5xan6y","operationId":"xrru2qc9k3uem2i"}
{"type":"operationEnd","operationId":"xrru2qc9k3uem2i","timestamp":1705185795339,"id":"3mpfaeiiybuxjdz","previousEventId":"ebh5pknh4392izv","previousOperationId":"dm6tvzesbfvq8v5"}
{"type":"operationEnd","operationId":"08k1skfqm2plpiw","timestamp":1705185795339,"id":"as6bw96bw7hdm2w","previousEventId":"3mpfaeiiybuxjdz","previousOperationId":"dm6tvzesbfvq8v5"}
{"type":"log","timestamp":1705185795339,"level":"debug","message":"Base url not specified, skipping its injection.","meta":{"rootId":"xaoom1pi1o7z7fy","id":"xaoom1pi1o7z7fy"},"id":"t2gads0acnvfoqk","previousOperationId":"08k1skfqm2plpiw"}
{"type":"operationStart","subtype":"engine","name":"handlebars","timestamp":1705185795339,"id":"zhx5qnqdz3i7upq","previousEventId":"as6bw96bw7hdm2w","operationId":"dp3yj3jtr15vw17","previousOperationId":"08k1skfqm2plpiw"}
{"type":"log","timestamp":1705185795339,"level":"debug","message":"Rendering engine handlebars","meta":{"rootId":"xaoom1pi1o7z7fy","id":"xaoom1pi1o7z7fy"},"id":"f84l6h6gqb44u7h","previousOperationId":"dp3yj3jtr15vw17"}
{"type":"operationEnd","operationId":"dp3yj3jtr15vw17","timestamp":1705185795350,"id":"rv8vj311v40nmjr","previousEventId":"zhx5qnqdz3i7upq","previousOperationId":"dp3yj3jtr15vw17"}
{"type":"operationStart","subtype":"recipe","name":"chrome-pdf","timestamp":1705185795351,"id":"46apxuie294ib0k","previousEventId":"rv8vj311v40nmjr","operationId":"ole19dj5hwc6snn","previousOperationId":"dp3yj3jtr15vw17"}
{"type":"log","timestamp":1705185795351,"level":"debug","message":"Executing recipe chrome-pdf","meta":{"rootId":"xaoom1pi1o7z7fy","id":"xaoom1pi1o7z7fy"},"id":"u5675rzjnlisjub","previousOperationId":"ole19dj5hwc6snn"}
{"type":"log","timestamp":1705185795352,"level":"debug","message":"Converting with chrome HeadlessChrome/117.0.5938.149 using chrome-pool strategy","meta":{"rootId":"xaoom1pi1o7z7fy","id":"xaoom1pi1o7z7fy"},"id":"kioo6f6y3p8x3zr","previousOperationId":"ole19dj5hwc6snn"}
{"type":"log","timestamp":1705185795442,"level":"debug","message":"Page request: GET (document) file:///C:/Users/Javier/AppData/Local/Temp/jsreport/autocleanup/a9c4147a-a162-46e4-825a-6367187a0e28-chrome-pdf.html","meta":{"rootId":"xaoom1pi1o7z7fy","id":"xaoom1pi1o7z7fy"},"id":"fl2fy949e0xvknt","previousOperationId":"ole19dj5hwc6snn"}
{"type":"log","timestamp":1705185795491,"level":"debug","message":"Page request: GET (stylesheet) https://cdnjs.cloudflare.com/ajax/libs/metro/4.1.5/css/metro.min.css","meta":{"rootId":"xaoom1pi1o7z7fy","id":"xaoom1pi1o7z7fy"},"id":"5vxhn0j967it1r0","previousOperationId":"ole19dj5hwc6snn"}
{"type":"log","timestamp":1705185795491,"level":"debug","message":"Page request: GET (script) https://cdnjs.cloudflare.com/ajax/libs/Chart.js/2.7.2/Chart.min.js","meta":{"rootId":"xaoom1pi1o7z7fy","id":"xaoom1pi1o7z7fy"},"id":"1nq683eo7vdih8y","previousOperationId":"ole19dj5hwc6snn"}
{"type":"log","timestamp":1705185795492,"level":"debug","message":"Page request finished: GET (document) 200 file:///C:/Users/Javier/AppData/Local/Temp/jsreport/autocleanup/a9c4147a-a162-46e4-825a-6367187a0e28-chrome-pdf.html","meta":{"rootId":"xaoom1pi1o7z7fy","id":"xaoom1pi1o7z7fy"},"id":"9rcblqvbhhy5v7h","previousOperationId":"ole19dj5hwc6snn"}
{"type":"log","timestamp":1705185795505,"level":"debug","message":"Page request finished: GET (stylesheet) 200 https://cdnjs.cloudflare.com/ajax/libs/metro/4.1.5/css/metro.min.css","meta":{"rootId":"xaoom1pi1o7z7fy","id":"xaoom1pi1o7z7fy"},"id":"cl9icym3qt0oajx","previousOperationId":"ole19dj5hwc6snn"}
{"type":"log","timestamp":1705185795506,"level":"debug","message":"Page request finished: GET (script) 200 https://cdnjs.cloudflare.com/ajax/libs/Chart.js/2.7.2/Chart.min.js","meta":{"rootId":"xaoom1pi1o7z7fy","id":"xaoom1pi1o7z7fy"},"id":"jmffxe4ocf9xuwl","previousOperationId":"ole19dj5hwc6snn"}
{"type":"log","timestamp":1705185795566,"level":"debug","message":"Running chrome with params {\"printBackground\":true,\"timeout\":59893,\"margin\":{}}","meta":{"rootId":"xaoom1pi1o7z7fy","id":"xaoom1pi1o7z7fy"},"id":"a4h6qpmeg4pu9v5","previousOperationId":"ole19dj5hwc6snn"}
{"type":"operationEnd","operationId":"ole19dj5hwc6snn","timestamp":1705185795665,"id":"svsdb144la4bht1","previousEventId":"46apxuie294ib0k","previousOperationId":"ole19dj5hwc6snn"}
{"type":"log","timestamp":1705185795665,"level":"debug","message":"Skipping storing report.","meta":{"rootId":"xaoom1pi1o7z7fy","id":"xaoom1pi1o7z7fy"},"id":"uo9woasgjwsg1nu","previousOperationId":"ole19dj5hwc6snn"}
{"type":"log","timestamp":1705185795665,"level":"info","message":"Rendering request 3 finished in 420 ms","meta":{"rootId":"xaoom1pi1o7z7fy","id":"xaoom1pi1o7z7fy"},"id":"pis5audy7lm7wm9","previousOperationId":"ole19dj5hwc6snn"}
{"type":"operationEnd","subtype":"render","operationId":"dm6tvzesbfvq8v5","timestamp":1705185795665,"id":"genr7xrc6xjq91e","previousEventId":"svsdb144la4bht1","previousOperationId":"ole19dj5hwc6snn"}
{"type":"operationEnd","doDiffs":false,"previousEventId":"wpxrcqhzydl9qp5","previousOperationId":"rxmvb0q241rwlq3","operationId":"rxmvb0q241rwlq3","timestamp":1705185795667,"id":"bhxog8psvnv5ehw"}
