{"type":"operationStart","subtype":"profile","data":{"_id":"NXQ52eEX4GVw88BW","timestamp":"2024-01-13T22:33:09.664Z","state":"queued","mode":"standard","creationDate":"2024-01-13T22:33:09.666Z","modificationDate":"2024-01-13T22:33:09.666Z","shortid":"yuq_1Pc","$entitySet":"profiles"},"doDiffs":false,"timestamp":1705185189665,"id":"78h5c6fg53tnyij","previousOperationId":null,"operationId":"m92iwbal3sdn23y"}
{"type":"log","level":"info","message":"Render request 18 queued for execution and waiting for available worker","previousOperationId":"m92iwbal3sdn23y","timestamp":1705185189665,"id":"lzvybjvxfh5hwr0"}
{"type":"operationStart","subtype":"render","name":"AveragePunctuation","previousOperationId":"m92iwbal3sdn23y","timestamp":1705185189676,"id":"92j8ibv61cobmb2","previousEventId":"78h5c6fg53tnyij","operationId":"xclsu8svgke8i3n"}
{"type":"log","timestamp":1705185189676,"level":"info","message":"Starting rendering request 18","meta":{"rootId":"xf1ar5urs4o7mvb","id":"xf1ar5urs4o7mvb"},"id":"535qcwg9qpmkag8","previousOperationId":"xclsu8svgke8i3n"}
{"type":"log","timestamp":1705185189676,"level":"info","message":"Rendering template { name: AveragePunctuation, recipe: chrome-pdf, engine: handlebars, preview: false }","meta":{"rootId":"xf1ar5urs4o7mvb","id":"xf1ar5urs4o7mvb"},"id":"389vv7s990a0yx4","previousOperationId":"xclsu8svgke8i3n"}
{"type":"log","timestamp":1705185189677,"level":"debug","message":"Inline data specified.","meta":{"rootId":"xf1ar5urs4o7mvb","id":"xf1ar5urs4o7mvb"},"id":"hmoelu3a72liyzy","previousOperationId":"xclsu8svgke8i3n"}
{"type":"log","timestamp":1705185189680,"level":"debug","message":"Executing script AveragePunctuation-script (beforeRender)","meta":{"rootId":"xf1ar5urs4o7mvb","id":"xf1ar5urs4o7mvb"},"id":"gxfg9xgsgb8f2es","previousOperationId":"xclsu8svgke8i3n"}
{"type":"operationStart","subtype":"scriptsBeforeRender","name":"scripts beforeRender","timestamp":1705185189699,"id":"bzbo9ibtktjv67o","previousEventId":"92j8ibv61cobmb2","operationId":"cep6gnws19sw6ju","previousOperationId":"xclsu8svgke8i3n"}
{"type":"operationStart","subtype":"script","name":"scripts AveragePunctuation-script","previousOperationId":"cep6gnws19sw6ju","timestamp":1705185189699,"id":"4yxz3bxuhj0mvjv","previousEventId":"bzbo9ibtktjv67o","operationId":"ay5yn2w3h5pqyu7"}
{"type":"operationEnd","operationId":"ay5yn2w3h5pqyu7","timestamp":1705185189710,"id":"ruvc4ovzt80wjvz","previousEventId":"92j8ibv61cobmb2","previousOperationId":"xclsu8svgke8i3n"}
{"type":"operationEnd","operationId":"cep6gnws19sw6ju","timestamp":1705185189710,"id":"jd8m2yofy5fevdl","previousEventId":"ruvc4ovzt80wjvz","previousOperationId":"xclsu8svgke8i3n"}
{"type":"log","timestamp":1705185189710,"level":"debug","message":"Base url not specified, skipping its injection.","meta":{"rootId":"xf1ar5urs4o7mvb","id":"xf1ar5urs4o7mvb"},"id":"qfdgh6u4vybuegc","previousOperationId":"cep6gnws19sw6ju"}
{"type":"operationStart","subtype":"engine","name":"handlebars","timestamp":1705185189710,"id":"5h9kg9b336cns6v","previousEventId":"jd8m2yofy5fevdl","operationId":"0sdurwy0ar0aacm","previousOperationId":"cep6gnws19sw6ju"}
{"type":"log","timestamp":1705185189710,"level":"debug","message":"Rendering engine handlebars","meta":{"rootId":"xf1ar5urs4o7mvb","id":"xf1ar5urs4o7mvb"},"id":"7kgm5fjhlenuzt1","previousOperationId":"0sdurwy0ar0aacm"}
{"type":"operationEnd","operationId":"0sdurwy0ar0aacm","timestamp":1705185189718,"id":"jmf9o16ie2g70fg","previousEventId":"5h9kg9b336cns6v","previousOperationId":"0sdurwy0ar0aacm"}
{"type":"operationStart","subtype":"recipe","name":"chrome-pdf","timestamp":1705185189719,"id":"v1navf3h7hcb613","previousEventId":"jmf9o16ie2g70fg","operationId":"o0jedi3g8vsuela","previousOperationId":"0sdurwy0ar0aacm"}
{"type":"log","timestamp":1705185189719,"level":"debug","message":"Executing recipe chrome-pdf","meta":{"rootId":"xf1ar5urs4o7mvb","id":"xf1ar5urs4o7mvb"},"id":"e4zeey5z1nxijvi","previousOperationId":"o0jedi3g8vsuela"}
{"type":"log","timestamp":1705185189720,"level":"debug","message":"Converting with chrome HeadlessChrome/117.0.5938.149 using chrome-pool strategy","meta":{"rootId":"xf1ar5urs4o7mvb","id":"xf1ar5urs4o7mvb"},"id":"xoi3apak70xgzxy","previousOperationId":"o0jedi3g8vsuela"}
{"type":"log","timestamp":1705185189796,"level":"debug","message":"Page request: GET (document) file:///C:/Users/Javier/AppData/Local/Temp/jsreport/autocleanup/a8f5461e-b3d7-4799-a3d7-19062076b4e5-chrome-pdf.html","meta":{"rootId":"xf1ar5urs4o7mvb","id":"xf1ar5urs4o7mvb"},"id":"s63r0wovo3sxrd9","previousOperationId":"o0jedi3g8vsuela"}
{"type":"log","timestamp":1705185189836,"level":"debug","message":"Page request: GET (stylesheet) https://cdnjs.cloudflare.com/ajax/libs/metro/4.1.5/css/metro.min.css","meta":{"rootId":"xf1ar5urs4o7mvb","id":"xf1ar5urs4o7mvb"},"id":"qwzqs0zfmx7m737","previousOperationId":"o0jedi3g8vsuela"}
{"type":"log","timestamp":1705185189836,"level":"debug","message":"Page request: GET (script) https://cdnjs.cloudflare.com/ajax/libs/Chart.js/2.7.2/Chart.min.js","meta":{"rootId":"xf1ar5urs4o7mvb","id":"xf1ar5urs4o7mvb"},"id":"akpdgnzoj2n8ooh","previousOperationId":"o0jedi3g8vsuela"}
{"type":"log","timestamp":1705185189836,"level":"debug","message":"Page request finished: GET (document) 200 file:///C:/Users/Javier/AppData/Local/Temp/jsreport/autocleanup/a8f5461e-b3d7-4799-a3d7-19062076b4e5-chrome-pdf.html","meta":{"rootId":"xf1ar5urs4o7mvb","id":"xf1ar5urs4o7mvb"},"id":"lipdeyc2cslmot0","previousOperationId":"o0jedi3g8vsuela"}
{"type":"log","timestamp":1705185189840,"level":"debug","message":"Page request finished: GET (script) 200 https://cdnjs.cloudflare.com/ajax/libs/Chart.js/2.7.2/Chart.min.js","meta":{"rootId":"xf1ar5urs4o7mvb","id":"xf1ar5urs4o7mvb"},"id":"5xl2lvhcmf8ul39","previousOperationId":"o0jedi3g8vsuela"}
{"type":"log","timestamp":1705185189851,"level":"debug","message":"Page request finished: GET (stylesheet) 200 https://cdnjs.cloudflare.com/ajax/libs/metro/4.1.5/css/metro.min.css","meta":{"rootId":"xf1ar5urs4o7mvb","id":"xf1ar5urs4o7mvb"},"id":"o5q3n56qaro5eej","previousOperationId":"o0jedi3g8vsuela"}
{"type":"log","timestamp":1705185189905,"level":"debug","message":"Running chrome with params {\"printBackground\":true,\"timeout\":59944,\"margin\":{}}","meta":{"rootId":"xf1ar5urs4o7mvb","id":"xf1ar5urs4o7mvb"},"id":"z441kzqqooykoy0","previousOperationId":"o0jedi3g8vsuela"}
{"type":"operationEnd","operationId":"o0jedi3g8vsuela","timestamp":1705185190001,"id":"ky3f6ywz74cpejz","previousEventId":"v1navf3h7hcb613","previousOperationId":"o0jedi3g8vsuela"}
{"type":"log","timestamp":1705185190001,"level":"debug","message":"Skipping storing report.","meta":{"rootId":"xf1ar5urs4o7mvb","id":"xf1ar5urs4o7mvb"},"id":"qg00ud6jycgbevu","previousOperationId":"o0jedi3g8vsuela"}
{"type":"log","timestamp":1705185190001,"level":"info","message":"Rendering request 18 finished in 337 ms","meta":{"rootId":"xf1ar5urs4o7mvb","id":"xf1ar5urs4o7mvb"},"id":"4641tsajm91odir","previousOperationId":"o0jedi3g8vsuela"}
{"type":"operationEnd","subtype":"render","operationId":"xclsu8svgke8i3n","timestamp":1705185190001,"id":"r4rr5mc33j8bp8h","previousEventId":"ky3f6ywz74cpejz","previousOperationId":"o0jedi3g8vsuela"}
{"type":"operationEnd","doDiffs":false,"previousEventId":"78h5c6fg53tnyij","previousOperationId":"m92iwbal3sdn23y","operationId":"m92iwbal3sdn23y","timestamp":1705185190004,"id":"yb905dp0nrtpoau"}
