{"type":"operationStart","subtype":"profile","data":{"_id":"Kp2Pe85IG6cGYf27","timestamp":"2024-01-11T19:30:37.771Z","state":"queued","mode":"standard","creationDate":"2024-01-11T19:30:37.772Z","modificationDate":"2024-01-11T19:30:37.772Z","shortid":"pPinKDI","$entitySet":"profiles"},"doDiffs":false,"timestamp":1705001437772,"id":"mqrznckprk07z86","previousOperationId":null,"operationId":"ezfow5extfjaivy"}
{"type":"log","level":"info","message":"Render request 19 queued for execution and waiting for available worker","previousOperationId":"ezfow5extfjaivy","timestamp":1705001437772,"id":"rmv7r8jqrlprc3w"}
{"type":"operationStart","subtype":"render","name":"AveragePunctuation","previousOperationId":"ezfow5extfjaivy","timestamp":1705001437777,"id":"chp0ux26hj5yafh","previousEventId":"mqrznckprk07z86","operationId":"febarieybsxb2sx"}
{"type":"log","timestamp":1705001437777,"level":"info","message":"Starting rendering request 19","meta":{"rootId":"xhi5v1ku5leonxq","id":"xhi5v1ku5leonxq"},"id":"y0d2u12azt460yw","previousOperationId":"febarieybsxb2sx"}
{"type":"log","timestamp":1705001437777,"level":"info","message":"Rendering template { name: AveragePunctuation, recipe: chrome-pdf, engine: handlebars, preview: false }","meta":{"rootId":"xhi5v1ku5leonxq","id":"xhi5v1ku5leonxq"},"id":"bellxsjqiw8v8c2","previousOperationId":"febarieybsxb2sx"}
{"type":"log","timestamp":1705001437778,"level":"debug","message":"Inline data specified.","meta":{"rootId":"xhi5v1ku5leonxq","id":"xhi5v1ku5leonxq"},"id":"zdocpcvxsngjwh9","previousOperationId":"febarieybsxb2sx"}
{"type":"log","timestamp":1705001437780,"level":"debug","message":"Executing script AveragePunctuation-script (beforeRender)","meta":{"rootId":"xhi5v1ku5leonxq","id":"xhi5v1ku5leonxq"},"id":"zmo6n5xugllz9lu","previousOperationId":"febarieybsxb2sx"}
{"type":"operationStart","subtype":"scriptsBeforeRender","name":"scripts beforeRender","timestamp":1705001437793,"id":"u5cwzimnd74y9pr","previousEventId":"chp0ux26hj5yafh","operationId":"eqe5kc3o76m0kuc","previousOperationId":"febarieybsxb2sx"}
{"type":"operationStart","subtype":"script","name":"scripts AveragePunctuation-script","previousOperationId":"eqe5kc3o76m0kuc","timestamp":1705001437793,"id":"of9lv3hmh9x6gbf","previousEventId":"u5cwzimnd74y9pr","operationId":"z7hyhudp6u9ds7t"}
{"type":"operationEnd","operationId":"z7hyhudp6u9ds7t","timestamp":1705001437809,"id":"anuk18401gggr96","previousEventId":"chp0ux26hj5yafh","previousOperationId":"febarieybsxb2sx"}
{"type":"operationEnd","operationId":"eqe5kc3o76m0kuc","timestamp":1705001437809,"id":"x17iot1by3zb93g","previousEventId":"anuk18401gggr96","previousOperationId":"febarieybsxb2sx"}
{"type":"log","timestamp":1705001437809,"level":"debug","message":"Base url not specified, skipping its injection.","meta":{"rootId":"xhi5v1ku5leonxq","id":"xhi5v1ku5leonxq"},"id":"khjdlaplcwhwy19","previousOperationId":"eqe5kc3o76m0kuc"}
{"type":"operationStart","subtype":"engine","name":"handlebars","timestamp":1705001437809,"id":"pndgewcj1nocw0k","previousEventId":"x17iot1by3zb93g","operationId":"m0ydxox78gxjgmh","previousOperationId":"eqe5kc3o76m0kuc"}
{"type":"log","timestamp":1705001437809,"level":"debug","message":"Rendering engine handlebars","meta":{"rootId":"xhi5v1ku5leonxq","id":"xhi5v1ku5leonxq"},"id":"oz6kvihgaj925g4","previousOperationId":"m0ydxox78gxjgmh"}
{"type":"operationEnd","operationId":"m0ydxox78gxjgmh","timestamp":1705001437819,"id":"gsn7op39t8of89a","previousEventId":"pndgewcj1nocw0k","previousOperationId":"m0ydxox78gxjgmh"}
{"type":"operationStart","subtype":"recipe","name":"chrome-pdf","timestamp":1705001437819,"id":"nu6o6qeau16qx5e","previousEventId":"gsn7op39t8of89a","operationId":"csvtl1dlmayqpr6","previousOperationId":"m0ydxox78gxjgmh"}
{"type":"log","timestamp":1705001437819,"level":"debug","message":"Executing recipe chrome-pdf","meta":{"rootId":"xhi5v1ku5leonxq","id":"xhi5v1ku5leonxq"},"id":"2xdii0yd6b90wbg","previousOperationId":"csvtl1dlmayqpr6"}
{"type":"log","timestamp":1705001437826,"level":"debug","message":"Converting with chrome HeadlessChrome/117.0.5938.149 using chrome-pool strategy","meta":{"rootId":"xhi5v1ku5leonxq","id":"xhi5v1ku5leonxq"},"id":"5ufvxx3h8mfwu92","previousOperationId":"csvtl1dlmayqpr6"}
{"type":"log","timestamp":1705001437935,"level":"debug","message":"Page request: GET (document) file:///C:/Users/Javier/AppData/Local/Temp/jsreport/autocleanup/c53684df-4ec7-44ba-b7c7-17fe27fce019-chrome-pdf.html","meta":{"rootId":"xhi5v1ku5leonxq","id":"xhi5v1ku5leonxq"},"id":"w6vx0ap98laks3l","previousOperationId":"csvtl1dlmayqpr6"}
{"type":"log","timestamp":1705001437953,"level":"debug","message":"Page request finished: GET (document) 200 file:///C:/Users/Javier/AppData/Local/Temp/jsreport/autocleanup/c53684df-4ec7-44ba-b7c7-17fe27fce019-chrome-pdf.html","meta":{"rootId":"xhi5v1ku5leonxq","id":"xhi5v1ku5leonxq"},"id":"1oj0ei8pu2fewxv","previousOperationId":"csvtl1dlmayqpr6"}
{"type":"log","timestamp":1705001437962,"level":"debug","message":"Running chrome with params {\"printBackground\":true,\"timeout\":59949,\"margin\":{}}","meta":{"rootId":"xhi5v1ku5leonxq","id":"xhi5v1ku5leonxq"},"id":"xf1bkv4n7kg0tez","previousOperationId":"csvtl1dlmayqpr6"}
{"type":"operationEnd","operationId":"csvtl1dlmayqpr6","timestamp":1705001437990,"id":"xe0kpdrjyd02smt","previousEventId":"nu6o6qeau16qx5e","previousOperationId":"csvtl1dlmayqpr6"}
{"type":"log","timestamp":1705001437990,"level":"debug","message":"Skipping storing report.","meta":{"rootId":"xhi5v1ku5leonxq","id":"xhi5v1ku5leonxq"},"id":"eaxxafq4gzs2y2l","previousOperationId":"csvtl1dlmayqpr6"}
{"type":"log","timestamp":1705001437990,"level":"info","message":"Rendering request 19 finished in 219 ms","meta":{"rootId":"xhi5v1ku5leonxq","id":"xhi5v1ku5leonxq"},"id":"45t3996hueq8gna","previousOperationId":"csvtl1dlmayqpr6"}
{"type":"operationEnd","subtype":"render","operationId":"febarieybsxb2sx","timestamp":1705001437990,"id":"5wbd64zi89y3o30","previousEventId":"xe0kpdrjyd02smt","previousOperationId":"csvtl1dlmayqpr6"}
{"type":"operationEnd","doDiffs":false,"previousEventId":"mqrznckprk07z86","previousOperationId":"ezfow5extfjaivy","operationId":"ezfow5extfjaivy","timestamp":1705001438004,"id":"tez19hyki43ebnx"}
