{"type":"operationStart","subtype":"profile","data":{"_id":"suKTfxwkQk3eoBgN","timestamp":"2024-01-13T23:42:01.649Z","state":"queued","mode":"standard","creationDate":"2024-01-13T23:42:01.652Z","modificationDate":"2024-01-13T23:42:01.652Z","shortid":"TD4BkJT","$entitySet":"profiles"},"doDiffs":false,"timestamp":1705189321650,"id":"gt5ivhwkc7idz27","previousOperationId":null,"operationId":"rhpkv5ix52s3zex"}
{"type":"log","level":"info","message":"Render request 5 queued for execution and waiting for available worker","previousOperationId":"rhpkv5ix52s3zex","timestamp":1705189321650,"id":"i4z78wve8226qv7"}
{"type":"operationStart","subtype":"render","name":"AveragePunctuation","previousOperationId":"rhpkv5ix52s3zex","timestamp":1705189321657,"id":"qfm65s5izq15fyn","previousEventId":"gt5ivhwkc7idz27","operationId":"zu7emsmkflhsc8m"}
{"type":"log","timestamp":1705189321657,"level":"info","message":"Starting rendering request 5","meta":{"rootId":"xllugtxuljaox5s","id":"xllugtxuljaox5s"},"id":"ucfczxieyiyfaaf","previousOperationId":"zu7emsmkflhsc8m"}
{"type":"log","timestamp":1705189321657,"level":"info","message":"Rendering template { name: AveragePunctuation, recipe: chrome-pdf, engine: handlebars, preview: false }","meta":{"rootId":"xllugtxuljaox5s","id":"xllugtxuljaox5s"},"id":"ihcqqbyxns2n6rs","previousOperationId":"zu7emsmkflhsc8m"}
{"type":"log","timestamp":1705189321658,"level":"debug","message":"Inline data specified.","meta":{"rootId":"xllugtxuljaox5s","id":"xllugtxuljaox5s"},"id":"55fapwls9w1hps1","previousOperationId":"zu7emsmkflhsc8m"}
{"type":"log","timestamp":1705189321660,"level":"debug","message":"Executing script AveragePunctuation-script (beforeRender)","meta":{"rootId":"xllugtxuljaox5s","id":"xllugtxuljaox5s"},"id":"sm9u88spcw9aoz5","previousOperationId":"zu7emsmkflhsc8m"}
{"type":"operationStart","subtype":"scriptsBeforeRender","name":"scripts beforeRender","timestamp":1705189321676,"id":"7hbhnpfll0py9of","previousEventId":"qfm65s5izq15fyn","operationId":"4armzsgypfw84rq","previousOperationId":"zu7emsmkflhsc8m"}
{"type":"operationStart","subtype":"script","name":"scripts AveragePunctuation-script","previousOperationId":"4armzsgypfw84rq","timestamp":1705189321676,"id":"noqzw9jpai7jtcc","previousEventId":"7hbhnpfll0py9of","operationId":"jdy2cdlwc9x23ge"}
{"type":"operationEnd","operationId":"jdy2cdlwc9x23ge","timestamp":1705189321686,"id":"nb3ut3gq24ka6el","previousEventId":"qfm65s5izq15fyn","previousOperationId":"zu7emsmkflhsc8m"}
{"type":"operationEnd","operationId":"4armzsgypfw84rq","timestamp":1705189321686,"id":"g4iau7eefbvgdz9","previousEventId":"nb3ut3gq24ka6el","previousOperationId":"zu7emsmkflhsc8m"}
{"type":"log","timestamp":1705189321686,"level":"debug","message":"Base url not specified, skipping its injection.","meta":{"rootId":"xllugtxuljaox5s","id":"xllugtxuljaox5s"},"id":"ur83kxxx0ce1kwk","previousOperationId":"4armzsgypfw84rq"}
{"type":"operationStart","subtype":"engine","name":"handlebars","timestamp":1705189321686,"id":"m7bdp7fhj089ugj","previousEventId":"g4iau7eefbvgdz9","operationId":"w7ljmxr5l6lu7e5","previousOperationId":"4armzsgypfw84rq"}
{"type":"log","timestamp":1705189321686,"level":"debug","message":"Rendering engine handlebars","meta":{"rootId":"xllugtxuljaox5s","id":"xllugtxuljaox5s"},"id":"4s1h1fz5x8r3ml2","previousOperationId":"w7ljmxr5l6lu7e5"}
{"type":"operationEnd","operationId":"w7ljmxr5l6lu7e5","timestamp":1705189321692,"id":"4r1sgeegpy5jdki","previousEventId":"m7bdp7fhj089ugj","previousOperationId":"w7ljmxr5l6lu7e5"}
{"type":"operationStart","subtype":"recipe","name":"chrome-pdf","timestamp":1705189321692,"id":"2hg1stdbcps74dx","previousEventId":"4r1sgeegpy5jdki","operationId":"350ea64kb7lq54h","previousOperationId":"w7ljmxr5l6lu7e5"}
{"type":"log","timestamp":1705189321692,"level":"debug","message":"Executing recipe chrome-pdf","meta":{"rootId":"xllugtxuljaox5s","id":"xllugtxuljaox5s"},"id":"xawkdyhl961ra3x","previousOperationId":"350ea64kb7lq54h"}
{"type":"log","timestamp":1705189321695,"level":"debug","message":"Converting with chrome HeadlessChrome/117.0.5938.149 using chrome-pool strategy","meta":{"rootId":"xllugtxuljaox5s","id":"xllugtxuljaox5s"},"id":"ob2yr4s224s81s4","previousOperationId":"350ea64kb7lq54h"}
{"type":"log","timestamp":1705189321761,"level":"debug","message":"Page request: GET (document) file:///C:/Users/Javier/AppData/Local/Temp/jsreport/autocleanup/0c5da428-ea56-47ce-bca2-671908134103-chrome-pdf.html","meta":{"rootId":"xllugtxuljaox5s","id":"xllugtxuljaox5s"},"id":"eas8bhnus8lhli2","previousOperationId":"350ea64kb7lq54h"}
{"type":"log","timestamp":1705189321802,"level":"debug","message":"Page request: GET (stylesheet) https://cdnjs.cloudflare.com/ajax/libs/metro/4.1.5/css/metro.min.css","meta":{"rootId":"xllugtxuljaox5s","id":"xllugtxuljaox5s"},"id":"9wlnjtepo29il2n","previousOperationId":"350ea64kb7lq54h"}
{"type":"log","timestamp":1705189321802,"level":"debug","message":"Page request: GET (script) https://cdnjs.cloudflare.com/ajax/libs/Chart.js/2.7.2/Chart.min.js","meta":{"rootId":"xllugtxuljaox5s","id":"xllugtxuljaox5s"},"id":"epcr7zsis70rs8t","previousOperationId":"350ea64kb7lq54h"}
{"type":"log","timestamp":1705189321802,"level":"debug","message":"Page request finished: GET (document) 200 file:///C:/Users/Javier/AppData/Local/Temp/jsreport/autocleanup/0c5da428-ea56-47ce-bca2-671908134103-chrome-pdf.html","meta":{"rootId":"xllugtxuljaox5s","id":"xllugtxuljaox5s"},"id":"bx88vwbfv33s3g3","previousOperationId":"350ea64kb7lq54h"}
{"type":"log","timestamp":1705189321817,"level":"debug","message":"Page request finished: GET (stylesheet) 200 https://cdnjs.cloudflare.com/ajax/libs/metro/4.1.5/css/metro.min.css","meta":{"rootId":"xllugtxuljaox5s","id":"xllugtxuljaox5s"},"id":"c0dg4hinbh6wu43","previousOperationId":"350ea64kb7lq54h"}
{"type":"log","timestamp":1705189321817,"level":"debug","message":"Page request finished: GET (script) 200 https://cdnjs.cloudflare.com/ajax/libs/Chart.js/2.7.2/Chart.min.js","meta":{"rootId":"xllugtxuljaox5s","id":"xllugtxuljaox5s"},"id":"j8c3qvmgow8o5lq","previousOperationId":"350ea64kb7lq54h"}
{"type":"log","timestamp":1705189321879,"level":"debug","message":"Running chrome with params {\"printBackground\":true,\"timeout\":59955,\"margin\":{}}","meta":{"rootId":"xllugtxuljaox5s","id":"xllugtxuljaox5s"},"id":"gk2crdrscta0qcj","previousOperationId":"350ea64kb7lq54h"}
{"type":"operationEnd","operationId":"350ea64kb7lq54h","timestamp":1705189321976,"id":"5ep6lrmhmu4nzuy","previousEventId":"2hg1stdbcps74dx","previousOperationId":"350ea64kb7lq54h"}
{"type":"log","timestamp":1705189321976,"level":"debug","message":"Skipping storing report.","meta":{"rootId":"xllugtxuljaox5s","id":"xllugtxuljaox5s"},"id":"oi4g5ksszqguryu","previousOperationId":"350ea64kb7lq54h"}
{"type":"log","timestamp":1705189321976,"level":"info","message":"Rendering request 5 finished in 327 ms","meta":{"rootId":"xllugtxuljaox5s","id":"xllugtxuljaox5s"},"id":"fzjpc5u51c28jwd","previousOperationId":"350ea64kb7lq54h"}
{"type":"operationEnd","subtype":"render","operationId":"zu7emsmkflhsc8m","timestamp":1705189321976,"id":"r5y5wd2c840fshh","previousEventId":"5ep6lrmhmu4nzuy","previousOperationId":"350ea64kb7lq54h"}
{"type":"operationEnd","doDiffs":false,"previousEventId":"gt5ivhwkc7idz27","previousOperationId":"rhpkv5ix52s3zex","operationId":"rhpkv5ix52s3zex","timestamp":1705189321979,"id":"r0nkc7hnr8gtm4v"}
