{"type":"operationStart","subtype":"profile","data":{"_id":"TzBg1pi2YaxjYOlr","timestamp":"2024-01-13T14:06:40.100Z","state":"queued","mode":"standard","creationDate":"2024-01-13T14:06:40.101Z","modificationDate":"2024-01-13T14:06:40.101Z","shortid":"SI9RwXZ","$entitySet":"profiles"},"doDiffs":false,"timestamp":1705154800101,"id":"ctxxl7r1ahmzv9t","previousOperationId":null,"operationId":"afaxrjzk2cpalt5"}
{"type":"log","level":"info","message":"Render request 10 queued for execution and waiting for available worker","previousOperationId":"afaxrjzk2cpalt5","timestamp":1705154800101,"id":"h1dkpcw89v0ic3q"}
{"type":"operationStart","subtype":"render","name":"AveragePunctuation","previousOperationId":"afaxrjzk2cpalt5","timestamp":1705154800106,"id":"mt7ty065tjgh0o2","previousEventId":"ctxxl7r1ahmzv9t","operationId":"wrfi7i9av0sryde"}
{"type":"log","timestamp":1705154800106,"level":"info","message":"Starting rendering request 10","meta":{"rootId":"yc6vyhu444whkab","id":"yc6vyhu444whkab"},"id":"4nm017bwje3naww","previousOperationId":"wrfi7i9av0sryde"}
{"type":"log","timestamp":1705154800106,"level":"info","message":"Rendering template { name: AveragePunctuation, recipe: chrome-pdf, engine: handlebars, preview: false }","meta":{"rootId":"yc6vyhu444whkab","id":"yc6vyhu444whkab"},"id":"3m9a8wyv1ss5hlt","previousOperationId":"wrfi7i9av0sryde"}
{"type":"log","timestamp":1705154800106,"level":"debug","message":"Inline data specified.","meta":{"rootId":"yc6vyhu444whkab","id":"yc6vyhu444whkab"},"id":"apivn7m5f58ej78","previousOperationId":"wrfi7i9av0sryde"}
{"type":"log","timestamp":1705154800108,"level":"debug","message":"Executing script AveragePunctuation-script (beforeRender)","meta":{"rootId":"yc6vyhu444whkab","id":"yc6vyhu444whkab"},"id":"oboa4xwxxyv72oh","previousOperationId":"wrfi7i9av0sryde"}
{"type":"operationStart","subtype":"scriptsBeforeRender","name":"scripts beforeRender","timestamp":1705154800123,"id":"4n9f4vg7niknj4j","previousEventId":"mt7ty065tjgh0o2","operationId":"ud1hw3gsu24yuif","previousOperationId":"wrfi7i9av0sryde"}
{"type":"operationStart","subtype":"script","name":"scripts AveragePunctuation-script","previousOperationId":"ud1hw3gsu24yuif","timestamp":1705154800123,"id":"zz95ajsfh707ljs","previousEventId":"4n9f4vg7niknj4j","operationId":"aio9ipbqdanyxk6"}
{"type":"operationEnd","operationId":"aio9ipbqdanyxk6","timestamp":1705154800136,"id":"28yl4de3zf6piqq","previousEventId":"mt7ty065tjgh0o2","previousOperationId":"wrfi7i9av0sryde"}
{"type":"operationEnd","operationId":"ud1hw3gsu24yuif","timestamp":1705154800136,"id":"fwzghhc4f2zahfz","previousEventId":"28yl4de3zf6piqq","previousOperationId":"wrfi7i9av0sryde"}
{"type":"log","timestamp":1705154800136,"level":"debug","message":"Base url not specified, skipping its injection.","meta":{"rootId":"yc6vyhu444whkab","id":"yc6vyhu444whkab"},"id":"171057rda9zqydf","previousOperationId":"ud1hw3gsu24yuif"}
{"type":"operationStart","subtype":"engine","name":"handlebars","timestamp":1705154800136,"id":"uh6mcqofdpswcn2","previousEventId":"fwzghhc4f2zahfz","operationId":"jq8fpy1rcr9f0jb","previousOperationId":"ud1hw3gsu24yuif"}
{"type":"log","timestamp":1705154800136,"level":"debug","message":"Rendering engine handlebars","meta":{"rootId":"yc6vyhu444whkab","id":"yc6vyhu444whkab"},"id":"dvgt9v23x6kxxpu","previousOperationId":"jq8fpy1rcr9f0jb"}
{"type":"operationEnd","operationId":"jq8fpy1rcr9f0jb","timestamp":1705154800150,"id":"78odo7vec76ooy6","previousEventId":"uh6mcqofdpswcn2","previousOperationId":"jq8fpy1rcr9f0jb"}
{"type":"operationStart","subtype":"recipe","name":"chrome-pdf","timestamp":1705154800151,"id":"voqp7bsesvqzh5p","previousEventId":"78odo7vec76ooy6","operationId":"xdxtp1sp4150744","previousOperationId":"jq8fpy1rcr9f0jb"}
{"type":"log","timestamp":1705154800151,"level":"debug","message":"Executing recipe chrome-pdf","meta":{"rootId":"yc6vyhu444whkab","id":"yc6vyhu444whkab"},"id":"0g2cviewdy9w6h6","previousOperationId":"xdxtp1sp4150744"}
{"type":"log","timestamp":1705154800153,"level":"debug","message":"Converting with chrome HeadlessChrome/117.0.5938.149 using chrome-pool strategy","meta":{"rootId":"yc6vyhu444whkab","id":"yc6vyhu444whkab"},"id":"vc77fd0frr47bfs","previousOperationId":"xdxtp1sp4150744"}
{"type":"log","timestamp":1705154800229,"level":"debug","message":"Page request: GET (document) file:///C:/Users/Javier/AppData/Local/Temp/jsreport/autocleanup/fe951402-70ac-4592-84f4-99367d172557-chrome-pdf.html","meta":{"rootId":"yc6vyhu444whkab","id":"yc6vyhu444whkab"},"id":"qhum6cxb5wdjrm4","previousOperationId":"xdxtp1sp4150744"}
{"type":"log","timestamp":1705154800277,"level":"debug","message":"Page request: GET (stylesheet) https://cdnjs.cloudflare.com/ajax/libs/metro/4.1.5/css/metro.min.css","meta":{"rootId":"yc6vyhu444whkab","id":"yc6vyhu444whkab"},"id":"tjf38tqsi16u8fw","previousOperationId":"xdxtp1sp4150744"}
{"type":"log","timestamp":1705154800278,"level":"debug","message":"Page request: GET (script) https://cdnjs.cloudflare.com/ajax/libs/Chart.js/2.7.2/Chart.min.js","meta":{"rootId":"yc6vyhu444whkab","id":"yc6vyhu444whkab"},"id":"kfxfcu3fvdv7di6","previousOperationId":"xdxtp1sp4150744"}
{"type":"log","timestamp":1705154800278,"level":"debug","message":"Page request finished: GET (document) 200 file:///C:/Users/Javier/AppData/Local/Temp/jsreport/autocleanup/fe951402-70ac-4592-84f4-99367d172557-chrome-pdf.html","meta":{"rootId":"yc6vyhu444whkab","id":"yc6vyhu444whkab"},"id":"0gwi8ugoigc03rt","previousOperationId":"xdxtp1sp4150744"}
{"type":"log","timestamp":1705154800283,"level":"debug","message":"Page request finished: GET (script) 200 https://cdnjs.cloudflare.com/ajax/libs/Chart.js/2.7.2/Chart.min.js","meta":{"rootId":"yc6vyhu444whkab","id":"yc6vyhu444whkab"},"id":"v222pb2wo20wcxx","previousOperationId":"xdxtp1sp4150744"}
{"type":"log","timestamp":1705154800292,"level":"debug","message":"Page request finished: GET (stylesheet) 200 https://cdnjs.cloudflare.com/ajax/libs/metro/4.1.5/css/metro.min.css","meta":{"rootId":"yc6vyhu444whkab","id":"yc6vyhu444whkab"},"id":"fjmmbmzbd5t6rpa","previousOperationId":"xdxtp1sp4150744"}
{"type":"log","timestamp":1705154800296,"level":"warn","message":"Page error: userData4 is not defined , stack: ReferenceError: userData4 is not defined\n    at <anonymous> (file:///C:/Users/Javier/AppData/Local/Temp/jsreport/autocleanup/fe951402-70ac-4592-84f4-99367d172557-chrome-pdf.html:43:29)","meta":{"rootId":"yc6vyhu444whkab","id":"yc6vyhu444whkab"},"id":"t9mnqlvqpco2l1l","previousOperationId":"xdxtp1sp4150744"}
{"type":"log","timestamp":1705154800297,"level":"warn","message":"Page error: userData6 is not defined , stack: ReferenceError: userData6 is not defined\n    at <anonymous> (file:///C:/Users/Javier/AppData/Local/Temp/jsreport/autocleanup/fe951402-70ac-4592-84f4-99367d172557-chrome-pdf.html:102:29)","meta":{"rootId":"yc6vyhu444whkab","id":"yc6vyhu444whkab"},"id":"w8u9hhcq593avo3","previousOperationId":"xdxtp1sp4150744"}
{"type":"log","timestamp":1705154800297,"level":"warn","message":"Page error: userData7 is not defined , stack: ReferenceError: userData7 is not defined\n    at <anonymous> (file:///C:/Users/Javier/AppData/Local/Temp/jsreport/autocleanup/fe951402-70ac-4592-84f4-99367d172557-chrome-pdf.html:161:29)","meta":{"rootId":"yc6vyhu444whkab","id":"yc6vyhu444whkab"},"id":"0cy3cbv6zhr6e67","previousOperationId":"xdxtp1sp4150744"}
{"type":"log","timestamp":1705154800297,"level":"warn","message":"Page error: userData8 is not defined , stack: ReferenceError: userData8 is not defined\n    at <anonymous> (file:///C:/Users/Javier/AppData/Local/Temp/jsreport/autocleanup/fe951402-70ac-4592-84f4-99367d172557-chrome-pdf.html:220:29)","meta":{"rootId":"yc6vyhu444whkab","id":"yc6vyhu444whkab"},"id":"wk961ua1r8pw7xu","previousOperationId":"xdxtp1sp4150744"}
{"type":"log","timestamp":1705154800318,"level":"debug","message":"Running chrome with params {\"printBackground\":true,\"timeout\":59948,\"margin\":{}}","meta":{"rootId":"yc6vyhu444whkab","id":"yc6vyhu444whkab"},"id":"k794pbos3wam6sw","previousOperationId":"xdxtp1sp4150744"}
{"type":"operationEnd","operationId":"xdxtp1sp4150744","timestamp":1705154800378,"id":"s6u045gmkm8d0cp","previousEventId":"voqp7bsesvqzh5p","previousOperationId":"xdxtp1sp4150744"}
{"type":"log","timestamp":1705154800379,"level":"debug","message":"Skipping storing report.","meta":{"rootId":"yc6vyhu444whkab","id":"yc6vyhu444whkab"},"id":"gol7ezyv6fv3wr9","previousOperationId":"xdxtp1sp4150744"}
{"type":"log","timestamp":1705154800379,"level":"info","message":"Rendering request 10 finished in 279 ms","meta":{"rootId":"yc6vyhu444whkab","id":"yc6vyhu444whkab"},"id":"x12fakxe0undki8","previousOperationId":"xdxtp1sp4150744"}
{"type":"operationEnd","subtype":"render","operationId":"wrfi7i9av0sryde","timestamp":1705154800379,"id":"1udrd6tauiqvv9w","previousEventId":"s6u045gmkm8d0cp","previousOperationId":"xdxtp1sp4150744"}
{"type":"operationEnd","doDiffs":false,"previousEventId":"ctxxl7r1ahmzv9t","previousOperationId":"afaxrjzk2cpalt5","operationId":"afaxrjzk2cpalt5","timestamp":1705154800381,"id":"ibzioddzi4tg78b"}
