{"type":"operationStart","subtype":"profile","data":{"_id":"9Qiu2s6kc6Wk1YlK","timestamp":"2024-01-12T12:13:59.500Z","state":"queued","mode":"standard","creationDate":"2024-01-12T12:13:59.503Z","modificationDate":"2024-01-12T12:13:59.503Z","shortid":"bn0PiFH","$entitySet":"profiles"},"doDiffs":false,"timestamp":1705061639501,"id":"9uor7oc2x62mxvn","previousOperationId":null,"operationId":"im3gkzukllpd1lo"}
{"type":"log","level":"info","message":"Render request 32 queued for execution and waiting for available worker","previousOperationId":"im3gkzukllpd1lo","timestamp":1705061639502,"id":"glxg5yjewhi0m6c"}
{"type":"operationStart","subtype":"render","name":"AveragePunctuation","previousOperationId":"im3gkzukllpd1lo","timestamp":1705061639530,"id":"t9yvd6ydlb0rly0","previousEventId":"9uor7oc2x62mxvn","operationId":"vs7brdie99vl813"}
{"type":"log","timestamp":1705061639532,"level":"info","message":"Starting rendering request 32","meta":{"rootId":"yub54a8gnblwsa9","id":"yub54a8gnblwsa9"},"id":"xn4ghnj6r1p0n8r","previousOperationId":"vs7brdie99vl813"}
{"type":"log","timestamp":1705061639534,"level":"info","message":"Rendering template { name: AveragePunctuation, recipe: chrome-pdf, engine: handlebars, preview: false }","meta":{"rootId":"yub54a8gnblwsa9","id":"yub54a8gnblwsa9"},"id":"m8gkpr8k0zzdgm5","previousOperationId":"vs7brdie99vl813"}
{"type":"log","timestamp":1705061639538,"level":"debug","message":"Inline data specified.","meta":{"rootId":"yub54a8gnblwsa9","id":"yub54a8gnblwsa9"},"id":"8020r954ta3sq3t","previousOperationId":"vs7brdie99vl813"}
{"type":"log","timestamp":1705061639542,"level":"debug","message":"Executing script AveragePunctuation-script (beforeRender)","meta":{"rootId":"yub54a8gnblwsa9","id":"yub54a8gnblwsa9"},"id":"n1axbqjbhgp479i","previousOperationId":"vs7brdie99vl813"}
{"type":"operationStart","subtype":"scriptsBeforeRender","name":"scripts beforeRender","timestamp":1705061639607,"id":"c4auckj556is7xh","previousEventId":"t9yvd6ydlb0rly0","operationId":"fkxjei6n6le08nn","previousOperationId":"vs7brdie99vl813"}
{"type":"operationStart","subtype":"script","name":"scripts AveragePunctuation-script","previousOperationId":"fkxjei6n6le08nn","timestamp":1705061639607,"id":"fvqrgpcde7oxa7v","previousEventId":"c4auckj556is7xh","operationId":"solpc9goe47jatm"}
{"type":"operationEnd","operationId":"solpc9goe47jatm","timestamp":1705061639634,"id":"25ooci70jz1t4j9","previousEventId":"t9yvd6ydlb0rly0","previousOperationId":"vs7brdie99vl813"}
{"type":"operationEnd","operationId":"fkxjei6n6le08nn","timestamp":1705061639634,"id":"6u1x4vgf2ddc8bc","previousEventId":"25ooci70jz1t4j9","previousOperationId":"vs7brdie99vl813"}
{"type":"log","timestamp":1705061639634,"level":"debug","message":"Base url not specified, skipping its injection.","meta":{"rootId":"yub54a8gnblwsa9","id":"yub54a8gnblwsa9"},"id":"wjek0ciwcc6h150","previousOperationId":"fkxjei6n6le08nn"}
{"type":"operationStart","subtype":"engine","name":"handlebars","timestamp":1705061639635,"id":"un9dmkawwumzn54","previousEventId":"6u1x4vgf2ddc8bc","operationId":"ajp3bet64mr3uwh","previousOperationId":"fkxjei6n6le08nn"}
{"type":"log","timestamp":1705061639635,"level":"debug","message":"Rendering engine handlebars","meta":{"rootId":"yub54a8gnblwsa9","id":"yub54a8gnblwsa9"},"id":"0oeg2ay7v0fqe3k","previousOperationId":"ajp3bet64mr3uwh"}
{"type":"operationEnd","operationId":"ajp3bet64mr3uwh","timestamp":1705061639650,"id":"e2qe2o31c8xhzit","previousEventId":"un9dmkawwumzn54","previousOperationId":"ajp3bet64mr3uwh"}
{"type":"operationStart","subtype":"recipe","name":"chrome-pdf","timestamp":1705061639650,"id":"kaxj9sq26xgds7q","previousEventId":"e2qe2o31c8xhzit","operationId":"czaps0cw7mfg85r","previousOperationId":"ajp3bet64mr3uwh"}
{"type":"log","timestamp":1705061639650,"level":"debug","message":"Executing recipe chrome-pdf","meta":{"rootId":"yub54a8gnblwsa9","id":"yub54a8gnblwsa9"},"id":"gembgv2saofoe61","previousOperationId":"czaps0cw7mfg85r"}
{"type":"log","timestamp":1705061639895,"level":"debug","message":"Converting with chrome HeadlessChrome/117.0.5938.149 using chrome-pool strategy","meta":{"rootId":"yub54a8gnblwsa9","id":"yub54a8gnblwsa9"},"id":"i5cq6l5jq39aknj","previousOperationId":"czaps0cw7mfg85r"}
{"type":"log","timestamp":1705061640100,"level":"debug","message":"Page request: GET (document) file:///C:/Users/Javier/AppData/Local/Temp/jsreport/autocleanup/7098746b-a6cb-436d-aa29-2b83feb78cae-chrome-pdf.html","meta":{"rootId":"yub54a8gnblwsa9","id":"yub54a8gnblwsa9"},"id":"7z76z62jyk06l88","previousOperationId":"czaps0cw7mfg85r"}
{"type":"log","timestamp":1705061640119,"level":"debug","message":"Page request finished: GET (document) 200 file:///C:/Users/Javier/AppData/Local/Temp/jsreport/autocleanup/7098746b-a6cb-436d-aa29-2b83feb78cae-chrome-pdf.html","meta":{"rootId":"yub54a8gnblwsa9","id":"yub54a8gnblwsa9"},"id":"qtswxetz8afo501","previousOperationId":"czaps0cw7mfg85r"}
{"type":"log","timestamp":1705061640129,"level":"debug","message":"Running chrome with params {\"printBackground\":true,\"timeout\":59846,\"margin\":{}}","meta":{"rootId":"yub54a8gnblwsa9","id":"yub54a8gnblwsa9"},"id":"edpvj6eyc3bu6yd","previousOperationId":"czaps0cw7mfg85r"}
{"type":"operationEnd","operationId":"czaps0cw7mfg85r","timestamp":1705061640159,"id":"zqsov6xrwp3pxpb","previousEventId":"kaxj9sq26xgds7q","previousOperationId":"czaps0cw7mfg85r"}
{"type":"log","timestamp":1705061640159,"level":"debug","message":"Skipping storing report.","meta":{"rootId":"yub54a8gnblwsa9","id":"yub54a8gnblwsa9"},"id":"gt3h4iqplz2jg39","previousOperationId":"czaps0cw7mfg85r"}
{"type":"log","timestamp":1705061640159,"level":"info","message":"Rendering request 32 finished in 659 ms","meta":{"rootId":"yub54a8gnblwsa9","id":"yub54a8gnblwsa9"},"id":"x3sa4n71o73fukg","previousOperationId":"czaps0cw7mfg85r"}
{"type":"operationEnd","subtype":"render","operationId":"vs7brdie99vl813","timestamp":1705061640159,"id":"681njqnuyrr2h2g","previousEventId":"zqsov6xrwp3pxpb","previousOperationId":"czaps0cw7mfg85r"}
{"type":"operationEnd","doDiffs":false,"previousEventId":"9uor7oc2x62mxvn","previousOperationId":"im3gkzukllpd1lo","operationId":"im3gkzukllpd1lo","timestamp":1705061640166,"id":"1j8wel4wc2s26d3"}
