{"type":"operationStart","subtype":"profile","data":{"_id":"yicMaDJuk1M6IjWd","timestamp":"2024-01-13T22:32:34.994Z","state":"queued","mode":"standard","creationDate":"2024-01-13T22:32:34.996Z","modificationDate":"2024-01-13T22:32:34.996Z","shortid":"1LVq8Y7","$entitySet":"profiles"},"doDiffs":false,"timestamp":1705185154995,"id":"kp3yhz4sdgmdqyz","previousOperationId":null,"operationId":"nj8emhwqx8y8tsw"}
{"type":"log","level":"info","message":"Render request 16 queued for execution and waiting for available worker","previousOperationId":"nj8emhwqx8y8tsw","timestamp":1705185154995,"id":"xbfvm1dnlk6rl8k"}
{"type":"operationStart","subtype":"render","name":"AveragePunctuation","previousOperationId":"nj8emhwqx8y8tsw","timestamp":1705185155000,"id":"jrzmfpdow4ea4u2","previousEventId":"kp3yhz4sdgmdqyz","operationId":"p9gk2kbmyt5z3hi"}
{"type":"log","timestamp":1705185155000,"level":"info","message":"Starting rendering request 16","meta":{"rootId":"ywtvbh25j2x4upm","id":"ywtvbh25j2x4upm"},"id":"s04bqmiwc8opli9","previousOperationId":"p9gk2kbmyt5z3hi"}
{"type":"log","timestamp":1705185155000,"level":"info","message":"Rendering template { name: AveragePunctuation, recipe: chrome-pdf, engine: handlebars, preview: false }","meta":{"rootId":"ywtvbh25j2x4upm","id":"ywtvbh25j2x4upm"},"id":"bga2m1vll27yh3d","previousOperationId":"p9gk2kbmyt5z3hi"}
{"type":"log","timestamp":1705185155001,"level":"debug","message":"Inline data specified.","meta":{"rootId":"ywtvbh25j2x4upm","id":"ywtvbh25j2x4upm"},"id":"s2lhou7x666obe4","previousOperationId":"p9gk2kbmyt5z3hi"}
{"type":"log","timestamp":1705185155002,"level":"debug","message":"Executing script AveragePunctuation-script (beforeRender)","meta":{"rootId":"ywtvbh25j2x4upm","id":"ywtvbh25j2x4upm"},"id":"0x7um11jqhis5jt","previousOperationId":"p9gk2kbmyt5z3hi"}
{"type":"operationStart","subtype":"scriptsBeforeRender","name":"scripts beforeRender","timestamp":1705185155019,"id":"wa71k30uxnlyh7e","previousEventId":"jrzmfpdow4ea4u2","operationId":"kjmo6w0csdp0lpp","previousOperationId":"p9gk2kbmyt5z3hi"}
{"type":"operationStart","subtype":"script","name":"scripts AveragePunctuation-script","previousOperationId":"kjmo6w0csdp0lpp","timestamp":1705185155019,"id":"vk5zej9ytabne5n","previousEventId":"wa71k30uxnlyh7e","operationId":"00z5q3kl2cdhtam"}
{"type":"operationEnd","operationId":"00z5q3kl2cdhtam","timestamp":1705185155035,"id":"4n9aq7afg7skbhy","previousEventId":"jrzmfpdow4ea4u2","previousOperationId":"p9gk2kbmyt5z3hi"}
{"type":"operationEnd","operationId":"kjmo6w0csdp0lpp","timestamp":1705185155036,"id":"14kqfqzrjaajhyw","previousEventId":"4n9aq7afg7skbhy","previousOperationId":"p9gk2kbmyt5z3hi"}
{"type":"log","timestamp":1705185155036,"level":"debug","message":"Base url not specified, skipping its injection.","meta":{"rootId":"ywtvbh25j2x4upm","id":"ywtvbh25j2x4upm"},"id":"t1sw05znxw245kr","previousOperationId":"kjmo6w0csdp0lpp"}
{"type":"operationStart","subtype":"engine","name":"handlebars","timestamp":1705185155036,"id":"w5sur5jtguxjqhw","previousEventId":"14kqfqzrjaajhyw","operationId":"sknivln19tj10vg","previousOperationId":"kjmo6w0csdp0lpp"}
{"type":"log","timestamp":1705185155036,"level":"debug","message":"Rendering engine handlebars","meta":{"rootId":"ywtvbh25j2x4upm","id":"ywtvbh25j2x4upm"},"id":"f5twfiua8vbfs3g","previousOperationId":"sknivln19tj10vg"}
{"type":"operationEnd","operationId":"sknivln19tj10vg","timestamp":1705185155045,"id":"6nh5sjs762xpuwn","previousEventId":"w5sur5jtguxjqhw","previousOperationId":"sknivln19tj10vg"}
{"type":"operationStart","subtype":"recipe","name":"chrome-pdf","timestamp":1705185155045,"id":"4uufd22t34ztysi","previousEventId":"6nh5sjs762xpuwn","operationId":"3ant58k67ca9fyg","previousOperationId":"sknivln19tj10vg"}
{"type":"log","timestamp":1705185155045,"level":"debug","message":"Executing recipe chrome-pdf","meta":{"rootId":"ywtvbh25j2x4upm","id":"ywtvbh25j2x4upm"},"id":"yw3b73ee15e6s71","previousOperationId":"3ant58k67ca9fyg"}
{"type":"log","timestamp":1705185155054,"level":"debug","message":"Converting with chrome HeadlessChrome/117.0.5938.149 using chrome-pool strategy","meta":{"rootId":"ywtvbh25j2x4upm","id":"ywtvbh25j2x4upm"},"id":"jrejq0yjs2f5xlk","previousOperationId":"3ant58k67ca9fyg"}
{"type":"log","timestamp":1705185155144,"level":"debug","message":"Page request: GET (document) file:///C:/Users/Javier/AppData/Local/Temp/jsreport/autocleanup/fc37f96a-f8f8-442a-957e-80d78321db7b-chrome-pdf.html","meta":{"rootId":"ywtvbh25j2x4upm","id":"ywtvbh25j2x4upm"},"id":"li2e5xcb9maieoq","previousOperationId":"3ant58k67ca9fyg"}
{"type":"log","timestamp":1705185155178,"level":"debug","message":"Page request: GET (stylesheet) https://cdnjs.cloudflare.com/ajax/libs/metro/4.1.5/css/metro.min.css","meta":{"rootId":"ywtvbh25j2x4upm","id":"ywtvbh25j2x4upm"},"id":"ap692jf9pkrlkyz","previousOperationId":"3ant58k67ca9fyg"}
{"type":"log","timestamp":1705185155178,"level":"debug","message":"Page request: GET (script) https://cdnjs.cloudflare.com/ajax/libs/Chart.js/2.7.2/Chart.min.js","meta":{"rootId":"ywtvbh25j2x4upm","id":"ywtvbh25j2x4upm"},"id":"as3tjohiz4rbh89","previousOperationId":"3ant58k67ca9fyg"}
{"type":"log","timestamp":1705185155178,"level":"debug","message":"Page request finished: GET (document) 200 file:///C:/Users/Javier/AppData/Local/Temp/jsreport/autocleanup/fc37f96a-f8f8-442a-957e-80d78321db7b-chrome-pdf.html","meta":{"rootId":"ywtvbh25j2x4upm","id":"ywtvbh25j2x4upm"},"id":"j772618yjud1ods","previousOperationId":"3ant58k67ca9fyg"}
{"type":"log","timestamp":1705185155182,"level":"debug","message":"Page request finished: GET (script) 200 https://cdnjs.cloudflare.com/ajax/libs/Chart.js/2.7.2/Chart.min.js","meta":{"rootId":"ywtvbh25j2x4upm","id":"ywtvbh25j2x4upm"},"id":"ryaq8b55gd1olzk","previousOperationId":"3ant58k67ca9fyg"}
{"type":"log","timestamp":1705185155192,"level":"debug","message":"Page request finished: GET (stylesheet) 200 https://cdnjs.cloudflare.com/ajax/libs/metro/4.1.5/css/metro.min.css","meta":{"rootId":"ywtvbh25j2x4upm","id":"ywtvbh25j2x4upm"},"id":"nckbqy4jek9c8bo","previousOperationId":"3ant58k67ca9fyg"}
{"type":"log","timestamp":1705185155247,"level":"debug","message":"Running chrome with params {\"printBackground\":true,\"timeout\":59943,\"margin\":{}}","meta":{"rootId":"ywtvbh25j2x4upm","id":"ywtvbh25j2x4upm"},"id":"lrmy5x0007k3s6w","previousOperationId":"3ant58k67ca9fyg"}
{"type":"operationEnd","operationId":"3ant58k67ca9fyg","timestamp":1705185155342,"id":"g7rwgm3rjoly7b5","previousEventId":"4uufd22t34ztysi","previousOperationId":"3ant58k67ca9fyg"}
{"type":"log","timestamp":1705185155342,"level":"debug","message":"Skipping storing report.","meta":{"rootId":"ywtvbh25j2x4upm","id":"ywtvbh25j2x4upm"},"id":"p4g6m71rd1xmfow","previousOperationId":"3ant58k67ca9fyg"}
{"type":"log","timestamp":1705185155342,"level":"info","message":"Rendering request 16 finished in 348 ms","meta":{"rootId":"ywtvbh25j2x4upm","id":"ywtvbh25j2x4upm"},"id":"s7xb9k7dt1m8i0m","previousOperationId":"3ant58k67ca9fyg"}
{"type":"operationEnd","subtype":"render","operationId":"p9gk2kbmyt5z3hi","timestamp":1705185155342,"id":"apuxrbvxqgsxf5d","previousEventId":"g7rwgm3rjoly7b5","previousOperationId":"3ant58k67ca9fyg"}
{"type":"operationEnd","doDiffs":false,"previousEventId":"kp3yhz4sdgmdqyz","previousOperationId":"nj8emhwqx8y8tsw","operationId":"nj8emhwqx8y8tsw","timestamp":1705185155343,"id":"gd3ogha6coyo1oo"}
