{"type":"operationStart","subtype":"profile","data":{"_id":"KIKzygsVTY0AeN4i","timestamp":"2024-01-11T17:27:19.009Z","state":"queued","mode":"standard","creationDate":"2024-01-11T17:27:19.010Z","modificationDate":"2024-01-11T17:27:19.010Z","shortid":"u5de6HZ","$entitySet":"profiles"},"doDiffs":false,"timestamp":1704994039010,"id":"wwbl1eg0jqkekog","previousOperationId":null,"operationId":"vg0mmabyiwer9ao"}
{"type":"log","level":"info","message":"Render request 27 queued for execution and waiting for available worker","previousOperationId":"vg0mmabyiwer9ao","timestamp":1704994039010,"id":"fvvrflk9w9jv8g5"}
{"type":"operationStart","subtype":"render","name":"AveragePunctuation","previousOperationId":"vg0mmabyiwer9ao","timestamp":1704994039015,"id":"s8ft7q9qtysib0s","previousEventId":"wwbl1eg0jqkekog","operationId":"62cfsnqftrl06l5"}
{"type":"log","timestamp":1704994039015,"level":"info","message":"Starting rendering request 27","meta":{"rootId":"z3tk1oaqdtq1gkh","id":"z3tk1oaqdtq1gkh"},"id":"5xpk3zpizy5i1vn","previousOperationId":"62cfsnqftrl06l5"}
{"type":"log","timestamp":1704994039015,"level":"info","message":"Rendering template { name: AveragePunctuation, recipe: chrome-pdf, engine: handlebars, preview: false }","meta":{"rootId":"z3tk1oaqdtq1gkh","id":"z3tk1oaqdtq1gkh"},"id":"6r96ifr40a6vqim","previousOperationId":"62cfsnqftrl06l5"}
{"type":"log","timestamp":1704994039016,"level":"debug","message":"Inline data specified.","meta":{"rootId":"z3tk1oaqdtq1gkh","id":"z3tk1oaqdtq1gkh"},"id":"hdsg9bxvqujwqhj","previousOperationId":"62cfsnqftrl06l5"}
{"type":"log","timestamp":1704994039017,"level":"debug","message":"Executing script AveragePunctuation-script (beforeRender)","meta":{"rootId":"z3tk1oaqdtq1gkh","id":"z3tk1oaqdtq1gkh"},"id":"e929o5u090i9ony","previousOperationId":"62cfsnqftrl06l5"}
{"type":"operationStart","subtype":"scriptsBeforeRender","name":"scripts beforeRender","timestamp":1704994039031,"id":"emhgr9v83pnyl3w","previousEventId":"s8ft7q9qtysib0s","operationId":"7w6x8ecqkjtlr87","previousOperationId":"62cfsnqftrl06l5"}
{"type":"operationStart","subtype":"script","name":"scripts AveragePunctuation-script","previousOperationId":"7w6x8ecqkjtlr87","timestamp":1704994039031,"id":"g9ipd3xdl9zpa2c","previousEventId":"emhgr9v83pnyl3w","operationId":"wooh75e773sdj4g"}
{"type":"operationEnd","operationId":"wooh75e773sdj4g","timestamp":1704994039046,"id":"9o5we74dmdyvks7","previousEventId":"s8ft7q9qtysib0s","previousOperationId":"62cfsnqftrl06l5"}
{"type":"operationEnd","operationId":"7w6x8ecqkjtlr87","timestamp":1704994039046,"id":"wf2ruttgqvs62cw","previousEventId":"9o5we74dmdyvks7","previousOperationId":"62cfsnqftrl06l5"}
{"type":"log","timestamp":1704994039046,"level":"debug","message":"Base url not specified, skipping its injection.","meta":{"rootId":"z3tk1oaqdtq1gkh","id":"z3tk1oaqdtq1gkh"},"id":"fecemjb9t5ccyyk","previousOperationId":"7w6x8ecqkjtlr87"}
{"type":"operationStart","subtype":"engine","name":"handlebars","timestamp":1704994039046,"id":"8njq314orjb8044","previousEventId":"wf2ruttgqvs62cw","operationId":"7pytdsmald8x7pj","previousOperationId":"7w6x8ecqkjtlr87"}
{"type":"log","timestamp":1704994039046,"level":"debug","message":"Rendering engine handlebars","meta":{"rootId":"z3tk1oaqdtq1gkh","id":"z3tk1oaqdtq1gkh"},"id":"jg9xg85szalke7e","previousOperationId":"7pytdsmald8x7pj"}
{"type":"operationEnd","operationId":"7pytdsmald8x7pj","timestamp":1704994039055,"id":"zlsbpl8782gtmjb","previousEventId":"8njq314orjb8044","previousOperationId":"7pytdsmald8x7pj"}
{"type":"operationStart","subtype":"recipe","name":"chrome-pdf","timestamp":1704994039055,"id":"mtlevks20isodkn","previousEventId":"zlsbpl8782gtmjb","operationId":"lsuemovj7609phg","previousOperationId":"7pytdsmald8x7pj"}
{"type":"log","timestamp":1704994039055,"level":"debug","message":"Executing recipe chrome-pdf","meta":{"rootId":"z3tk1oaqdtq1gkh","id":"z3tk1oaqdtq1gkh"},"id":"r647msm5p6komng","previousOperationId":"lsuemovj7609phg"}
{"type":"log","timestamp":1704994039056,"level":"debug","message":"Converting with chrome HeadlessChrome/117.0.5938.149 using chrome-pool strategy","meta":{"rootId":"z3tk1oaqdtq1gkh","id":"z3tk1oaqdtq1gkh"},"id":"fm12id6pkunw83a","previousOperationId":"lsuemovj7609phg"}
{"type":"log","timestamp":1704994039342,"level":"debug","message":"Page request: GET (document) file:///C:/Users/Javier/AppData/Local/Temp/jsreport/autocleanup/9f27cb1f-35a8-49fc-89d1-f2aa186098ae-chrome-pdf.html","meta":{"rootId":"z3tk1oaqdtq1gkh","id":"z3tk1oaqdtq1gkh"},"id":"1p7oaads2mc2aj8","previousOperationId":"lsuemovj7609phg"}
{"type":"log","timestamp":1704994039348,"level":"debug","message":"Page request finished: GET (document) 200 file:///C:/Users/Javier/AppData/Local/Temp/jsreport/autocleanup/9f27cb1f-35a8-49fc-89d1-f2aa186098ae-chrome-pdf.html","meta":{"rootId":"z3tk1oaqdtq1gkh","id":"z3tk1oaqdtq1gkh"},"id":"f2vlnq0furogway","previousOperationId":"lsuemovj7609phg"}
{"type":"log","timestamp":1704994039351,"level":"debug","message":"Running chrome with params {\"printBackground\":true,\"timeout\":59953,\"margin\":{}}","meta":{"rootId":"z3tk1oaqdtq1gkh","id":"z3tk1oaqdtq1gkh"},"id":"t5905a184pn3f7t","previousOperationId":"lsuemovj7609phg"}
{"type":"operationEnd","operationId":"lsuemovj7609phg","timestamp":1704994039361,"id":"q8ylvplqajkhyji","previousEventId":"mtlevks20isodkn","previousOperationId":"lsuemovj7609phg"}
{"type":"log","timestamp":1704994039361,"level":"debug","message":"Skipping storing report.","meta":{"rootId":"z3tk1oaqdtq1gkh","id":"z3tk1oaqdtq1gkh"},"id":"xrkumpxno1mjhg5","previousOperationId":"lsuemovj7609phg"}
{"type":"log","timestamp":1704994039361,"level":"info","message":"Rendering request 27 finished in 352 ms","meta":{"rootId":"z3tk1oaqdtq1gkh","id":"z3tk1oaqdtq1gkh"},"id":"yd30q2gst28r7jb","previousOperationId":"lsuemovj7609phg"}
{"type":"operationEnd","subtype":"render","operationId":"62cfsnqftrl06l5","timestamp":1704994039361,"id":"x9b3o1uq7x1aqla","previousEventId":"q8ylvplqajkhyji","previousOperationId":"lsuemovj7609phg"}
{"type":"operationEnd","doDiffs":false,"previousEventId":"wwbl1eg0jqkekog","previousOperationId":"vg0mmabyiwer9ao","operationId":"vg0mmabyiwer9ao","timestamp":1704994039364,"id":"2swzknue7rivmko"}
