{"type":"operationStart","subtype":"profile","data":{"_id":"TmrkrU2GZS5n1Sjx","timestamp":"2024-01-13T19:17:24.030Z","state":"queued","mode":"standard","creationDate":"2024-01-13T19:17:24.031Z","modificationDate":"2024-01-13T19:17:24.031Z","shortid":"QgfALb4","$entitySet":"profiles"},"doDiffs":false,"timestamp":1705173444031,"id":"asu9y7gzgux998v","previousOperationId":null,"operationId":"u2u022nlvj1x1nq"}
{"type":"log","level":"info","message":"Render request 12 queued for execution and waiting for available worker","previousOperationId":"u2u022nlvj1x1nq","timestamp":1705173444031,"id":"tepsoa97pdic5kn"}
{"type":"operationStart","subtype":"render","name":"AveragePunctuation","previousOperationId":"u2u022nlvj1x1nq","timestamp":1705173444035,"id":"ooavpybca0wby79","previousEventId":"asu9y7gzgux998v","operationId":"1s0g79nce5elw6h"}
{"type":"log","timestamp":1705173444036,"level":"info","message":"Starting rendering request 12","meta":{"rootId":"z5ejgcvtu9hq1ek","id":"z5ejgcvtu9hq1ek"},"id":"lbbocp1vm8dhbyi","previousOperationId":"1s0g79nce5elw6h"}
{"type":"log","timestamp":1705173444036,"level":"info","message":"Rendering template { name: AveragePunctuation, recipe: chrome-pdf, engine: handlebars, preview: false }","meta":{"rootId":"z5ejgcvtu9hq1ek","id":"z5ejgcvtu9hq1ek"},"id":"hyscbxq0wcdsak9","previousOperationId":"1s0g79nce5elw6h"}
{"type":"log","timestamp":1705173444036,"level":"debug","message":"Inline data specified.","meta":{"rootId":"z5ejgcvtu9hq1ek","id":"z5ejgcvtu9hq1ek"},"id":"so9nk8837019il6","previousOperationId":"1s0g79nce5elw6h"}
{"type":"log","timestamp":1705173444038,"level":"debug","message":"Executing script AveragePunctuation-script (beforeRender)","meta":{"rootId":"z5ejgcvtu9hq1ek","id":"z5ejgcvtu9hq1ek"},"id":"cf2iw5y1k9t9iov","previousOperationId":"1s0g79nce5elw6h"}
{"type":"operationStart","subtype":"scriptsBeforeRender","name":"scripts beforeRender","timestamp":1705173444050,"id":"tw6dnq7h8a9c0rb","previousEventId":"ooavpybca0wby79","operationId":"apgyr8xhytp6djs","previousOperationId":"1s0g79nce5elw6h"}
{"type":"operationStart","subtype":"script","name":"scripts AveragePunctuation-script","previousOperationId":"apgyr8xhytp6djs","timestamp":1705173444050,"id":"ing8h4s3rc55b2a","previousEventId":"tw6dnq7h8a9c0rb","operationId":"sm4es341sleu42j"}
{"type":"operationEnd","operationId":"sm4es341sleu42j","timestamp":1705173444062,"id":"r7lq5f477rqqqbs","previousEventId":"ooavpybca0wby79","previousOperationId":"1s0g79nce5elw6h"}
{"type":"operationEnd","operationId":"apgyr8xhytp6djs","timestamp":1705173444062,"id":"z8d1boa2d8apywj","previousEventId":"r7lq5f477rqqqbs","previousOperationId":"1s0g79nce5elw6h"}
{"type":"log","timestamp":1705173444062,"level":"debug","message":"Base url not specified, skipping its injection.","meta":{"rootId":"z5ejgcvtu9hq1ek","id":"z5ejgcvtu9hq1ek"},"id":"l38xxyqskv90xjo","previousOperationId":"apgyr8xhytp6djs"}
{"type":"operationStart","subtype":"engine","name":"handlebars","timestamp":1705173444062,"id":"k8cjw0yca14t76z","previousEventId":"z8d1boa2d8apywj","operationId":"xaf10c20ukrtxwd","previousOperationId":"apgyr8xhytp6djs"}
{"type":"log","timestamp":1705173444062,"level":"debug","message":"Rendering engine handlebars","meta":{"rootId":"z5ejgcvtu9hq1ek","id":"z5ejgcvtu9hq1ek"},"id":"25frw0q10d3ypu5","previousOperationId":"xaf10c20ukrtxwd"}
{"type":"operationEnd","operationId":"xaf10c20ukrtxwd","timestamp":1705173444068,"id":"5ocgpnccneomtg6","previousEventId":"k8cjw0yca14t76z","previousOperationId":"xaf10c20ukrtxwd"}
{"type":"operationStart","subtype":"recipe","name":"chrome-pdf","timestamp":1705173444068,"id":"4tll9n0ukoass6u","previousEventId":"5ocgpnccneomtg6","operationId":"3uqbzak26yw0j37","previousOperationId":"xaf10c20ukrtxwd"}
{"type":"log","timestamp":1705173444068,"level":"debug","message":"Executing recipe chrome-pdf","meta":{"rootId":"z5ejgcvtu9hq1ek","id":"z5ejgcvtu9hq1ek"},"id":"a3bu4rfqqn9qk7b","previousOperationId":"3uqbzak26yw0j37"}
{"type":"log","timestamp":1705173444070,"level":"debug","message":"Converting with chrome HeadlessChrome/117.0.5938.149 using chrome-pool strategy","meta":{"rootId":"z5ejgcvtu9hq1ek","id":"z5ejgcvtu9hq1ek"},"id":"mlfgrms62lsiyy6","previousOperationId":"3uqbzak26yw0j37"}
{"type":"log","timestamp":1705173444134,"level":"debug","message":"Page request: GET (document) file:///C:/Users/Javier/AppData/Local/Temp/jsreport/autocleanup/a460b7f1-91f0-452d-a7d5-58eab6c67ae5-chrome-pdf.html","meta":{"rootId":"z5ejgcvtu9hq1ek","id":"z5ejgcvtu9hq1ek"},"id":"jobgr6ay9rb2t6x","previousOperationId":"3uqbzak26yw0j37"}
{"type":"log","timestamp":1705173444167,"level":"debug","message":"Page request: GET (stylesheet) https://cdnjs.cloudflare.com/ajax/libs/metro/4.1.5/css/metro.min.css","meta":{"rootId":"z5ejgcvtu9hq1ek","id":"z5ejgcvtu9hq1ek"},"id":"f9t9ud6mf5operu","previousOperationId":"3uqbzak26yw0j37"}
{"type":"log","timestamp":1705173444168,"level":"debug","message":"Page request: GET (script) https://cdnjs.cloudflare.com/ajax/libs/Chart.js/2.7.2/Chart.min.js","meta":{"rootId":"z5ejgcvtu9hq1ek","id":"z5ejgcvtu9hq1ek"},"id":"t9ohkn2w8wp7ax1","previousOperationId":"3uqbzak26yw0j37"}
{"type":"log","timestamp":1705173444168,"level":"debug","message":"Page request finished: GET (document) 200 file:///C:/Users/Javier/AppData/Local/Temp/jsreport/autocleanup/a460b7f1-91f0-452d-a7d5-58eab6c67ae5-chrome-pdf.html","meta":{"rootId":"z5ejgcvtu9hq1ek","id":"z5ejgcvtu9hq1ek"},"id":"xsfmolvwg4sh3hh","previousOperationId":"3uqbzak26yw0j37"}
{"type":"log","timestamp":1705173444172,"level":"debug","message":"Page request finished: GET (script) 200 https://cdnjs.cloudflare.com/ajax/libs/Chart.js/2.7.2/Chart.min.js","meta":{"rootId":"z5ejgcvtu9hq1ek","id":"z5ejgcvtu9hq1ek"},"id":"oxm83irq9vl2mov","previousOperationId":"3uqbzak26yw0j37"}
{"type":"log","timestamp":1705173444180,"level":"debug","message":"Page request finished: GET (stylesheet) 200 https://cdnjs.cloudflare.com/ajax/libs/metro/4.1.5/css/metro.min.css","meta":{"rootId":"z5ejgcvtu9hq1ek","id":"z5ejgcvtu9hq1ek"},"id":"aezcw6ol6m3wsap","previousOperationId":"3uqbzak26yw0j37"}
{"type":"log","timestamp":1705173444233,"level":"debug","message":"Running chrome with params {\"printBackground\":true,\"timeout\":59961,\"margin\":{}}","meta":{"rootId":"z5ejgcvtu9hq1ek","id":"z5ejgcvtu9hq1ek"},"id":"v74rizxxi383x4n","previousOperationId":"3uqbzak26yw0j37"}
{"type":"operationEnd","operationId":"3uqbzak26yw0j37","timestamp":1705173444321,"id":"58fre13aak8igrd","previousEventId":"4tll9n0ukoass6u","previousOperationId":"3uqbzak26yw0j37"}
{"type":"log","timestamp":1705173444321,"level":"debug","message":"Skipping storing report.","meta":{"rootId":"z5ejgcvtu9hq1ek","id":"z5ejgcvtu9hq1ek"},"id":"zk6karp8wmz6xud","previousOperationId":"3uqbzak26yw0j37"}
{"type":"log","timestamp":1705173444321,"level":"info","message":"Rendering request 12 finished in 291 ms","meta":{"rootId":"z5ejgcvtu9hq1ek","id":"z5ejgcvtu9hq1ek"},"id":"580vw4r0bxbus73","previousOperationId":"3uqbzak26yw0j37"}
{"type":"operationEnd","subtype":"render","operationId":"1s0g79nce5elw6h","timestamp":1705173444321,"id":"ohfd03csbwsbu63","previousEventId":"58fre13aak8igrd","previousOperationId":"3uqbzak26yw0j37"}
{"type":"operationEnd","doDiffs":false,"previousEventId":"asu9y7gzgux998v","previousOperationId":"u2u022nlvj1x1nq","operationId":"u2u022nlvj1x1nq","timestamp":1705173444323,"id":"p1di4noblmwikbz"}
