{"type":"operationStart","subtype":"profile","data":{"_id":"zoQNsAChK4cLOQy4","timestamp":"2024-01-11T15:47:33.143Z","state":"queued","mode":"standard","creationDate":"2024-01-11T15:47:33.145Z","modificationDate":"2024-01-11T15:47:33.145Z","shortid":"Va1thPo","$entitySet":"profiles"},"doDiffs":false,"timestamp":1704988053145,"id":"16hk0xflh5e8t91","previousOperationId":null,"operationId":"yaacvsc965la334"}
{"type":"log","level":"info","message":"Render request 8 queued for execution and waiting for available worker","previousOperationId":"yaacvsc965la334","timestamp":1704988053145,"id":"4m49yugw9q8m3fh"}
{"type":"operationStart","subtype":"render","name":"AveragePunctuation","previousOperationId":"yaacvsc965la334","timestamp":1704988053152,"id":"vn86soyu4bmd4cn","previousEventId":"16hk0xflh5e8t91","operationId":"ndmo9b3x5o7s2a8"}
{"type":"log","timestamp":1704988053152,"level":"info","message":"Starting rendering request 8","meta":{"rootId":"zfhtzzakvt8wxb2","id":"zfhtzzakvt8wxb2"},"id":"f6kthayfrszganq","previousOperationId":"ndmo9b3x5o7s2a8"}
{"type":"log","timestamp":1704988053152,"level":"info","message":"Rendering template { name: AveragePunctuation, recipe: chrome-pdf, engine: handlebars, preview: true }","meta":{"rootId":"zfhtzzakvt8wxb2","id":"zfhtzzakvt8wxb2"},"id":"q7563mqnxrpnlrd","previousOperationId":"ndmo9b3x5o7s2a8"}
{"type":"log","timestamp":1704988053154,"level":"debug","message":"Data item not defined for this template.","meta":{"rootId":"zfhtzzakvt8wxb2","id":"zfhtzzakvt8wxb2"},"id":"i8kfxbjcg0cy3xe","previousOperationId":"ndmo9b3x5o7s2a8"}
{"type":"log","timestamp":1704988053157,"level":"debug","message":"Executing script AveragePunctuation-script (beforeRender)","meta":{"rootId":"zfhtzzakvt8wxb2","id":"zfhtzzakvt8wxb2"},"id":"z3qnvjoed5prkqd","previousOperationId":"ndmo9b3x5o7s2a8"}
{"type":"operationStart","subtype":"scriptsBeforeRender","name":"scripts beforeRender","timestamp":1704988053170,"id":"7djx5l131mmunrs","previousEventId":"vn86soyu4bmd4cn","operationId":"nxspujxp3qm1rfe","previousOperationId":"ndmo9b3x5o7s2a8"}
{"type":"operationStart","subtype":"script","name":"scripts AveragePunctuation-script","previousOperationId":"nxspujxp3qm1rfe","timestamp":1704988053170,"id":"msokazk4fuyish1","previousEventId":"7djx5l131mmunrs","operationId":"kdthq7shjuv7vzo"}
{"type":"log","timestamp":1704988053179,"level":"debug","message":"(console:log) undefined","meta":{"userLevel":true,"rootId":"zfhtzzakvt8wxb2","id":"zfhtzzakvt8wxb2"},"id":"eck8j35zryikutz","previousOperationId":"kdthq7shjuv7vzo"}
{"type":"operationEnd","operationId":"kdthq7shjuv7vzo","timestamp":1704988053179,"id":"1d4zzh30crrvfm1","previousEventId":"vn86soyu4bmd4cn","previousOperationId":"ndmo9b3x5o7s2a8"}
{"type":"operationEnd","operationId":"nxspujxp3qm1rfe","timestamp":1704988053179,"id":"2ncciktqfu2rmjw","previousEventId":"1d4zzh30crrvfm1","previousOperationId":"ndmo9b3x5o7s2a8"}
{"type":"log","timestamp":1704988053179,"level":"debug","message":"Base url not specified, skipping its injection.","meta":{"rootId":"zfhtzzakvt8wxb2","id":"zfhtzzakvt8wxb2"},"id":"db344uhi5d2qlv9","previousOperationId":"nxspujxp3qm1rfe"}
{"type":"operationStart","subtype":"engine","name":"handlebars","timestamp":1704988053180,"id":"kg8lw66ubyvbbn8","previousEventId":"2ncciktqfu2rmjw","operationId":"m6mkk8bhegf00z4","previousOperationId":"nxspujxp3qm1rfe"}
{"type":"log","timestamp":1704988053180,"level":"debug","message":"Rendering engine handlebars","meta":{"rootId":"zfhtzzakvt8wxb2","id":"zfhtzzakvt8wxb2"},"id":"meg5j7z8t6uzmfa","previousOperationId":"m6mkk8bhegf00z4"}
{"type":"operationEnd","operationId":"m6mkk8bhegf00z4","timestamp":1704988053192,"id":"6mac7dxlzv5tfd2","previousEventId":"kg8lw66ubyvbbn8","previousOperationId":"m6mkk8bhegf00z4"}
{"type":"operationStart","subtype":"recipe","name":"chrome-pdf","timestamp":1704988053192,"id":"hrk77dwja354za1","previousEventId":"6mac7dxlzv5tfd2","operationId":"paagy4l3tld19os","previousOperationId":"m6mkk8bhegf00z4"}
{"type":"log","timestamp":1704988053192,"level":"debug","message":"Executing recipe chrome-pdf","meta":{"rootId":"zfhtzzakvt8wxb2","id":"zfhtzzakvt8wxb2"},"id":"x5ij43skxzgb8fb","previousOperationId":"paagy4l3tld19os"}
{"type":"log","timestamp":1704988053194,"level":"debug","message":"Converting with chrome HeadlessChrome/117.0.5938.149 using chrome-pool strategy","meta":{"rootId":"zfhtzzakvt8wxb2","id":"zfhtzzakvt8wxb2"},"id":"j2g30dngarkm3eg","previousOperationId":"paagy4l3tld19os"}
{"type":"log","timestamp":1704988053314,"level":"debug","message":"Page request: GET (document) file:///C:/Users/Javier/AppData/Local/Temp/jsreport/autocleanup/d5b3b03a-fc7b-424f-b576-5989e28259d9-chrome-pdf.html","meta":{"rootId":"zfhtzzakvt8wxb2","id":"zfhtzzakvt8wxb2"},"id":"jnwu1x4fe6jphu4","previousOperationId":"paagy4l3tld19os"}
{"type":"log","timestamp":1704988053325,"level":"debug","message":"Page request finished: GET (document) 200 file:///C:/Users/Javier/AppData/Local/Temp/jsreport/autocleanup/d5b3b03a-fc7b-424f-b576-5989e28259d9-chrome-pdf.html","meta":{"rootId":"zfhtzzakvt8wxb2","id":"zfhtzzakvt8wxb2"},"id":"nqq1p436e5takj5","previousOperationId":"paagy4l3tld19os"}
{"type":"log","timestamp":1704988053329,"level":"debug","message":"Running chrome with params {\"printBackground\":true,\"timeout\":59950,\"margin\":{}}","meta":{"rootId":"zfhtzzakvt8wxb2","id":"zfhtzzakvt8wxb2"},"id":"d5fars5z63wa5di","previousOperationId":"paagy4l3tld19os"}
{"type":"operationEnd","operationId":"paagy4l3tld19os","timestamp":1704988053342,"id":"yp2m81g756soej8","previousEventId":"hrk77dwja354za1","previousOperationId":"paagy4l3tld19os"}
{"type":"log","timestamp":1704988053342,"level":"debug","message":"Skipping storing report.","meta":{"rootId":"zfhtzzakvt8wxb2","id":"zfhtzzakvt8wxb2"},"id":"sjy2mzf0wd0s8nm","previousOperationId":"paagy4l3tld19os"}
{"type":"log","timestamp":1704988053342,"level":"info","message":"Rendering request 8 finished in 199 ms","meta":{"rootId":"zfhtzzakvt8wxb2","id":"zfhtzzakvt8wxb2"},"id":"vertqpotjo2m1sv","previousOperationId":"paagy4l3tld19os"}
{"type":"operationEnd","subtype":"render","operationId":"ndmo9b3x5o7s2a8","timestamp":1704988053342,"id":"qsfwcjp78ofezay","previousEventId":"yp2m81g756soej8","previousOperationId":"paagy4l3tld19os"}
{"type":"operationEnd","doDiffs":false,"previousEventId":"16hk0xflh5e8t91","previousOperationId":"yaacvsc965la334","operationId":"yaacvsc965la334","timestamp":1704988053349,"id":"ganlfmw3xsvozxp"}
