{"type":"operationStart","subtype":"profile","data":{"_id":"7a2KRQYDM71ycaEB","timestamp":"2024-01-13T23:41:18.755Z","state":"queued","mode":"standard","creationDate":"2024-01-13T23:41:18.758Z","modificationDate":"2024-01-13T23:41:18.758Z","shortid":"4qZFw8T","$entitySet":"profiles"},"doDiffs":false,"timestamp":1705189278757,"id":"4ui505cpwonedxx","previousOperationId":null,"operationId":"nhtz9f1dtx7mr4z"}
{"type":"log","level":"info","message":"Render request 3 queued for execution and waiting for available worker","previousOperationId":"nhtz9f1dtx7mr4z","timestamp":1705189278757,"id":"auzj20ir5p9te4c"}
{"type":"operationStart","subtype":"render","name":"AveragePunctuation","previousOperationId":"nhtz9f1dtx7mr4z","timestamp":1705189278768,"id":"fl5pgvoz5t3vdrb","previousEventId":"4ui505cpwonedxx","operationId":"1cdl56a2oepeogp"}
{"type":"log","timestamp":1705189278769,"level":"info","message":"Starting rendering request 3","meta":{"rootId":"zh2u1tc2sf32j9k","id":"zh2u1tc2sf32j9k"},"id":"8eyb78jo82zqzml","previousOperationId":"1cdl56a2oepeogp"}
{"type":"log","timestamp":1705189278769,"level":"info","message":"Rendering template { name: AveragePunctuation, recipe: chrome-pdf, engine: handlebars, preview: false }","meta":{"rootId":"zh2u1tc2sf32j9k","id":"zh2u1tc2sf32j9k"},"id":"euw3sgttqscde10","previousOperationId":"1cdl56a2oepeogp"}
{"type":"log","timestamp":1705189278771,"level":"debug","message":"Inline data specified.","meta":{"rootId":"zh2u1tc2sf32j9k","id":"zh2u1tc2sf32j9k"},"id":"ummt7m0jcfuvsd6","previousOperationId":"1cdl56a2oepeogp"}
{"type":"log","timestamp":1705189278775,"level":"debug","message":"Executing script AveragePunctuation-script (beforeRender)","meta":{"rootId":"zh2u1tc2sf32j9k","id":"zh2u1tc2sf32j9k"},"id":"r5rvfug4v8aug40","previousOperationId":"1cdl56a2oepeogp"}
{"type":"operationStart","subtype":"scriptsBeforeRender","name":"scripts beforeRender","timestamp":1705189278827,"id":"zdp2dxtumiex021","previousEventId":"fl5pgvoz5t3vdrb","operationId":"faw7i3hogsunfkj","previousOperationId":"1cdl56a2oepeogp"}
{"type":"operationStart","subtype":"script","name":"scripts AveragePunctuation-script","previousOperationId":"faw7i3hogsunfkj","timestamp":1705189278827,"id":"ttotsq9p9u4i70c","previousEventId":"zdp2dxtumiex021","operationId":"cmafh3a6se0q14t"}
{"type":"operationEnd","operationId":"cmafh3a6se0q14t","timestamp":1705189278850,"id":"5u5hbwasuzhps05","previousEventId":"fl5pgvoz5t3vdrb","previousOperationId":"1cdl56a2oepeogp"}
{"type":"operationEnd","operationId":"faw7i3hogsunfkj","timestamp":1705189278850,"id":"9svmb81kcnegvc9","previousEventId":"5u5hbwasuzhps05","previousOperationId":"1cdl56a2oepeogp"}
{"type":"log","timestamp":1705189278850,"level":"debug","message":"Base url not specified, skipping its injection.","meta":{"rootId":"zh2u1tc2sf32j9k","id":"zh2u1tc2sf32j9k"},"id":"s566m9w9d9hw7uu","previousOperationId":"faw7i3hogsunfkj"}
{"type":"operationStart","subtype":"engine","name":"handlebars","timestamp":1705189278851,"id":"dkv0xk2niurit4j","previousEventId":"9svmb81kcnegvc9","operationId":"3qsvibix945fikn","previousOperationId":"faw7i3hogsunfkj"}
{"type":"log","timestamp":1705189278851,"level":"debug","message":"Rendering engine handlebars","meta":{"rootId":"zh2u1tc2sf32j9k","id":"zh2u1tc2sf32j9k"},"id":"a80zx75fb7od5ry","previousOperationId":"3qsvibix945fikn"}
{"type":"operationEnd","operationId":"3qsvibix945fikn","timestamp":1705189278865,"id":"ku9jj0n34jm0kby","previousEventId":"dkv0xk2niurit4j","previousOperationId":"3qsvibix945fikn"}
{"type":"operationStart","subtype":"recipe","name":"chrome-pdf","timestamp":1705189278866,"id":"slr9ymlm2d4rrm6","previousEventId":"ku9jj0n34jm0kby","operationId":"rmonrjmpa648y8d","previousOperationId":"3qsvibix945fikn"}
{"type":"log","timestamp":1705189278866,"level":"debug","message":"Executing recipe chrome-pdf","meta":{"rootId":"zh2u1tc2sf32j9k","id":"zh2u1tc2sf32j9k"},"id":"yx4ltfgfyahzeis","previousOperationId":"rmonrjmpa648y8d"}
{"type":"log","timestamp":1705189278868,"level":"debug","message":"Converting with chrome HeadlessChrome/117.0.5938.149 using chrome-pool strategy","meta":{"rootId":"zh2u1tc2sf32j9k","id":"zh2u1tc2sf32j9k"},"id":"sup0473f4po69c4","previousOperationId":"rmonrjmpa648y8d"}
{"type":"log","timestamp":1705189278959,"level":"debug","message":"Page request: GET (document) file:///C:/Users/Javier/AppData/Local/Temp/jsreport/autocleanup/dc5e1d1b-c0b6-4ed4-92ad-d9529b924680-chrome-pdf.html","meta":{"rootId":"zh2u1tc2sf32j9k","id":"zh2u1tc2sf32j9k"},"id":"cl9u6ewc2eqo2qs","previousOperationId":"rmonrjmpa648y8d"}
{"type":"log","timestamp":1705189279004,"level":"debug","message":"Page request: GET (stylesheet) https://cdnjs.cloudflare.com/ajax/libs/metro/4.1.5/css/metro.min.css","meta":{"rootId":"zh2u1tc2sf32j9k","id":"zh2u1tc2sf32j9k"},"id":"fgrsqyeu8dgz38q","previousOperationId":"rmonrjmpa648y8d"}
{"type":"log","timestamp":1705189279005,"level":"debug","message":"Page request: GET (script) https://cdnjs.cloudflare.com/ajax/libs/Chart.js/2.7.2/Chart.min.js","meta":{"rootId":"zh2u1tc2sf32j9k","id":"zh2u1tc2sf32j9k"},"id":"oif4tbrab3phdat","previousOperationId":"rmonrjmpa648y8d"}
{"type":"log","timestamp":1705189279005,"level":"debug","message":"Page request finished: GET (document) 200 file:///C:/Users/Javier/AppData/Local/Temp/jsreport/autocleanup/dc5e1d1b-c0b6-4ed4-92ad-d9529b924680-chrome-pdf.html","meta":{"rootId":"zh2u1tc2sf32j9k","id":"zh2u1tc2sf32j9k"},"id":"onavntkmpm66gaf","previousOperationId":"rmonrjmpa648y8d"}
{"type":"log","timestamp":1705189279022,"level":"debug","message":"Page request finished: GET (stylesheet) 200 https://cdnjs.cloudflare.com/ajax/libs/metro/4.1.5/css/metro.min.css","meta":{"rootId":"zh2u1tc2sf32j9k","id":"zh2u1tc2sf32j9k"},"id":"oeuirdknuicmob6","previousOperationId":"rmonrjmpa648y8d"}
{"type":"log","timestamp":1705189279022,"level":"debug","message":"Page request finished: GET (script) 200 https://cdnjs.cloudflare.com/ajax/libs/Chart.js/2.7.2/Chart.min.js","meta":{"rootId":"zh2u1tc2sf32j9k","id":"zh2u1tc2sf32j9k"},"id":"njoaa9h3iwgzls6","previousOperationId":"rmonrjmpa648y8d"}
{"type":"log","timestamp":1705189279095,"level":"debug","message":"Running chrome with params {\"printBackground\":true,\"timeout\":59888,\"margin\":{}}","meta":{"rootId":"zh2u1tc2sf32j9k","id":"zh2u1tc2sf32j9k"},"id":"e0f07fm4cfph8hy","previousOperationId":"rmonrjmpa648y8d"}
{"type":"operationEnd","operationId":"rmonrjmpa648y8d","timestamp":1705189279199,"id":"mdaa8jj4wxq99i3","previousEventId":"slr9ymlm2d4rrm6","previousOperationId":"rmonrjmpa648y8d"}
{"type":"log","timestamp":1705189279199,"level":"debug","message":"Skipping storing report.","meta":{"rootId":"zh2u1tc2sf32j9k","id":"zh2u1tc2sf32j9k"},"id":"qbljesmci4n9s8v","previousOperationId":"rmonrjmpa648y8d"}
{"type":"log","timestamp":1705189279200,"level":"info","message":"Rendering request 3 finished in 445 ms","meta":{"rootId":"zh2u1tc2sf32j9k","id":"zh2u1tc2sf32j9k"},"id":"ou3i8o8esfym22d","previousOperationId":"rmonrjmpa648y8d"}
{"type":"operationEnd","subtype":"render","operationId":"1cdl56a2oepeogp","timestamp":1705189279200,"id":"s0recn8uc9dzzff","previousEventId":"mdaa8jj4wxq99i3","previousOperationId":"rmonrjmpa648y8d"}
{"type":"operationEnd","doDiffs":false,"previousEventId":"4ui505cpwonedxx","previousOperationId":"nhtz9f1dtx7mr4z","operationId":"nhtz9f1dtx7mr4z","timestamp":1705189279202,"id":"xwjrxapagaivfw3"}
