{"type":"operationStart","subtype":"profile","data":{"_id":"ytgRw68cO8hxerYa","timestamp":"2024-01-13T16:56:39.867Z","state":"queued","mode":"standard","creationDate":"2024-01-13T16:56:39.869Z","modificationDate":"2024-01-13T16:56:39.869Z","shortid":"QsT_Xhj","$entitySet":"profiles"},"doDiffs":false,"timestamp":1705164999868,"id":"aicmqyveijhftmy","previousOperationId":null,"operationId":"u2avb1s5cwh8l87"}
{"type":"log","level":"info","message":"Render request 59 queued for execution and waiting for available worker","previousOperationId":"u2avb1s5cwh8l87","timestamp":1705164999868,"id":"uisv2ek66033zrh"}
{"type":"operationStart","subtype":"render","name":"AveragePunctuation","previousOperationId":"u2avb1s5cwh8l87","timestamp":1705164999875,"id":"3taa5bvq1kr2pif","previousEventId":"aicmqyveijhftmy","operationId":"k1td6mu00x212o0"}
{"type":"log","timestamp":1705164999875,"level":"info","message":"Starting rendering request 59","meta":{"rootId":"zkcr5ey81sm7ske","id":"zkcr5ey81sm7ske"},"id":"7h3rxsxbpmtb13t","previousOperationId":"k1td6mu00x212o0"}
{"type":"log","timestamp":1705164999876,"level":"info","message":"Rendering template { name: AveragePunctuation, recipe: chrome-pdf, engine: handlebars, preview: false }","meta":{"rootId":"zkcr5ey81sm7ske","id":"zkcr5ey81sm7ske"},"id":"ug3tiakqa10xfvu","previousOperationId":"k1td6mu00x212o0"}
{"type":"log","timestamp":1705164999877,"level":"debug","message":"Inline data specified.","meta":{"rootId":"zkcr5ey81sm7ske","id":"zkcr5ey81sm7ske"},"id":"34vj5kk019s88vq","previousOperationId":"k1td6mu00x212o0"}
{"type":"log","timestamp":1705164999878,"level":"debug","message":"Executing script AveragePunctuation-script (beforeRender)","meta":{"rootId":"zkcr5ey81sm7ske","id":"zkcr5ey81sm7ske"},"id":"w9b45tfcv3i95ci","previousOperationId":"k1td6mu00x212o0"}
{"type":"operationStart","subtype":"scriptsBeforeRender","name":"scripts beforeRender","timestamp":1705164999896,"id":"h98ix1jnobn0d0w","previousEventId":"3taa5bvq1kr2pif","operationId":"3dbme6uwl9kdaho","previousOperationId":"k1td6mu00x212o0"}
{"type":"operationStart","subtype":"script","name":"scripts AveragePunctuation-script","previousOperationId":"3dbme6uwl9kdaho","timestamp":1705164999897,"id":"yi288p4bblbg0dn","previousEventId":"h98ix1jnobn0d0w","operationId":"js8f46z2a81wy3x"}
{"type":"operationEnd","operationId":"js8f46z2a81wy3x","timestamp":1705164999912,"id":"fdnwogitrnw3dxt","previousEventId":"3taa5bvq1kr2pif","previousOperationId":"k1td6mu00x212o0"}
{"type":"operationEnd","operationId":"3dbme6uwl9kdaho","timestamp":1705164999912,"id":"yf0ub2q6e7l299p","previousEventId":"fdnwogitrnw3dxt","previousOperationId":"k1td6mu00x212o0"}
{"type":"log","timestamp":1705164999912,"level":"debug","message":"Base url not specified, skipping its injection.","meta":{"rootId":"zkcr5ey81sm7ske","id":"zkcr5ey81sm7ske"},"id":"vbuf3w7mwlopbj6","previousOperationId":"3dbme6uwl9kdaho"}
{"type":"operationStart","subtype":"engine","name":"handlebars","timestamp":1705164999912,"id":"u2ydq4ju946djuc","previousEventId":"yf0ub2q6e7l299p","operationId":"ql6vfjapsdwtuts","previousOperationId":"3dbme6uwl9kdaho"}
{"type":"log","timestamp":1705164999913,"level":"debug","message":"Rendering engine handlebars","meta":{"rootId":"zkcr5ey81sm7ske","id":"zkcr5ey81sm7ske"},"id":"xg2t9iij9zy31w5","previousOperationId":"ql6vfjapsdwtuts"}
{"type":"operationEnd","operationId":"ql6vfjapsdwtuts","timestamp":1705164999922,"id":"seczmag266brazs","previousEventId":"u2ydq4ju946djuc","previousOperationId":"ql6vfjapsdwtuts"}
{"type":"operationStart","subtype":"recipe","name":"chrome-pdf","timestamp":1705164999922,"id":"99pqxljpa9huv0r","previousEventId":"seczmag266brazs","operationId":"48fampwk0me4e4q","previousOperationId":"ql6vfjapsdwtuts"}
{"type":"log","timestamp":1705164999922,"level":"debug","message":"Executing recipe chrome-pdf","meta":{"rootId":"zkcr5ey81sm7ske","id":"zkcr5ey81sm7ske"},"id":"548o3937xlbn6zz","previousOperationId":"48fampwk0me4e4q"}
{"type":"log","timestamp":1705164999923,"level":"debug","message":"Converting with chrome HeadlessChrome/117.0.5938.149 using chrome-pool strategy","meta":{"rootId":"zkcr5ey81sm7ske","id":"zkcr5ey81sm7ske"},"id":"t4vp19i0ny1d6jh","previousOperationId":"48fampwk0me4e4q"}
{"type":"log","timestamp":1705165000022,"level":"debug","message":"Page request: GET (document) file:///C:/Users/Javier/AppData/Local/Temp/jsreport/autocleanup/7878e3b1-0c30-432d-b2cc-61eba6a194da-chrome-pdf.html","meta":{"rootId":"zkcr5ey81sm7ske","id":"zkcr5ey81sm7ske"},"id":"ic4ummss8g88k1g","previousOperationId":"48fampwk0me4e4q"}
{"type":"log","timestamp":1705165000074,"level":"debug","message":"Page request: GET (stylesheet) https://cdnjs.cloudflare.com/ajax/libs/metro/4.1.5/css/metro.min.css","meta":{"rootId":"zkcr5ey81sm7ske","id":"zkcr5ey81sm7ske"},"id":"7fetztrp0hzxkam","previousOperationId":"48fampwk0me4e4q"}
{"type":"log","timestamp":1705165000074,"level":"debug","message":"Page request: GET (script) https://cdnjs.cloudflare.com/ajax/libs/Chart.js/2.7.2/Chart.min.js","meta":{"rootId":"zkcr5ey81sm7ske","id":"zkcr5ey81sm7ske"},"id":"d3hw6d2mbbg79t2","previousOperationId":"48fampwk0me4e4q"}
{"type":"log","timestamp":1705165000075,"level":"debug","message":"Page request finished: GET (document) 200 file:///C:/Users/Javier/AppData/Local/Temp/jsreport/autocleanup/7878e3b1-0c30-432d-b2cc-61eba6a194da-chrome-pdf.html","meta":{"rootId":"zkcr5ey81sm7ske","id":"zkcr5ey81sm7ske"},"id":"y0dqjycv2ay1gse","previousOperationId":"48fampwk0me4e4q"}
{"type":"log","timestamp":1705165000079,"level":"debug","message":"Page request finished: GET (script) 200 https://cdnjs.cloudflare.com/ajax/libs/Chart.js/2.7.2/Chart.min.js","meta":{"rootId":"zkcr5ey81sm7ske","id":"zkcr5ey81sm7ske"},"id":"k6k5wp18kai56i1","previousOperationId":"48fampwk0me4e4q"}
{"type":"log","timestamp":1705165000092,"level":"debug","message":"Page request finished: GET (stylesheet) 200 https://cdnjs.cloudflare.com/ajax/libs/metro/4.1.5/css/metro.min.css","meta":{"rootId":"zkcr5ey81sm7ske","id":"zkcr5ey81sm7ske"},"id":"7vqy75kymphv9w9","previousOperationId":"48fampwk0me4e4q"}
{"type":"log","timestamp":1705165000156,"level":"debug","message":"Running chrome with params {\"printBackground\":true,\"timeout\":59944,\"margin\":{}}","meta":{"rootId":"zkcr5ey81sm7ske","id":"zkcr5ey81sm7ske"},"id":"4hhes3bt1n4641v","previousOperationId":"48fampwk0me4e4q"}
{"type":"operationEnd","operationId":"48fampwk0me4e4q","timestamp":1705165000264,"id":"lg7z0lyfq90a95u","previousEventId":"99pqxljpa9huv0r","previousOperationId":"48fampwk0me4e4q"}
{"type":"log","timestamp":1705165000265,"level":"debug","message":"Skipping storing report.","meta":{"rootId":"zkcr5ey81sm7ske","id":"zkcr5ey81sm7ske"},"id":"5g9joc0qte17hd6","previousOperationId":"48fampwk0me4e4q"}
{"type":"log","timestamp":1705165000265,"level":"info","message":"Rendering request 59 finished in 398 ms","meta":{"rootId":"zkcr5ey81sm7ske","id":"zkcr5ey81sm7ske"},"id":"ya9v993g8l5vbvy","previousOperationId":"48fampwk0me4e4q"}
{"type":"operationEnd","subtype":"render","operationId":"k1td6mu00x212o0","timestamp":1705165000265,"id":"orotqfw3aeb1le3","previousEventId":"lg7z0lyfq90a95u","previousOperationId":"48fampwk0me4e4q"}
{"type":"operationEnd","doDiffs":false,"previousEventId":"aicmqyveijhftmy","previousOperationId":"u2avb1s5cwh8l87","operationId":"u2avb1s5cwh8l87","timestamp":1705165000267,"id":"cg8r4rcqamwklqu"}
