{"type":"operationStart","subtype":"profile","data":{"_id":"AESS59wxbiPAElC4","timestamp":"2024-01-13T14:25:01.883Z","state":"queued","mode":"standard","creationDate":"2024-01-13T14:25:01.885Z","modificationDate":"2024-01-13T14:25:01.885Z","shortid":"8NTipB6","$entitySet":"profiles"},"doDiffs":false,"timestamp":1705155901884,"id":"8jp9lcs2afed5ia","previousOperationId":null,"operationId":"543g96w9yxygu1z"}
{"type":"log","level":"info","message":"Render request 27 queued for execution and waiting for available worker","previousOperationId":"543g96w9yxygu1z","timestamp":1705155901885,"id":"4o5bdkfv8qpg0oe"}
{"type":"operationStart","subtype":"render","name":"AveragePunctuation","previousOperationId":"543g96w9yxygu1z","timestamp":1705155901889,"id":"8qsq56ns986nrf7","previousEventId":"8jp9lcs2afed5ia","operationId":"rmwiwyti8fjitml"}
{"type":"log","timestamp":1705155901889,"level":"info","message":"Starting rendering request 27","meta":{"rootId":"zn3bfmacnuss7nu","id":"zn3bfmacnuss7nu"},"id":"n9i930tuos3bmia","previousOperationId":"rmwiwyti8fjitml"}
{"type":"log","timestamp":1705155901889,"level":"info","message":"Rendering template { name: AveragePunctuation, recipe: chrome-pdf, engine: handlebars, preview: false }","meta":{"rootId":"zn3bfmacnuss7nu","id":"zn3bfmacnuss7nu"},"id":"4zn7g3s37grt0g5","previousOperationId":"rmwiwyti8fjitml"}
{"type":"log","timestamp":1705155901890,"level":"debug","message":"Inline data specified.","meta":{"rootId":"zn3bfmacnuss7nu","id":"zn3bfmacnuss7nu"},"id":"3x23thc8i5bmicd","previousOperationId":"rmwiwyti8fjitml"}
{"type":"log","timestamp":1705155901892,"level":"debug","message":"Executing script AveragePunctuation-script (beforeRender)","meta":{"rootId":"zn3bfmacnuss7nu","id":"zn3bfmacnuss7nu"},"id":"rpu0loid0avpsi7","previousOperationId":"rmwiwyti8fjitml"}
{"type":"operationStart","subtype":"scriptsBeforeRender","name":"scripts beforeRender","timestamp":1705155901905,"id":"ca970tr3qnd76qr","previousEventId":"8qsq56ns986nrf7","operationId":"olnzps8obg9pnhd","previousOperationId":"rmwiwyti8fjitml"}
{"type":"operationStart","subtype":"script","name":"scripts AveragePunctuation-script","previousOperationId":"olnzps8obg9pnhd","timestamp":1705155901905,"id":"zpzwfy0d6y1o118","previousEventId":"ca970tr3qnd76qr","operationId":"85ulg28v6xpe77j"}
{"type":"operationEnd","operationId":"85ulg28v6xpe77j","timestamp":1705155901917,"id":"9efn5uqcmuu29lc","previousEventId":"8qsq56ns986nrf7","previousOperationId":"rmwiwyti8fjitml"}
{"type":"operationEnd","operationId":"olnzps8obg9pnhd","timestamp":1705155901917,"id":"y7xrg6itosq8vgl","previousEventId":"9efn5uqcmuu29lc","previousOperationId":"rmwiwyti8fjitml"}
{"type":"log","timestamp":1705155901917,"level":"debug","message":"Base url not specified, skipping its injection.","meta":{"rootId":"zn3bfmacnuss7nu","id":"zn3bfmacnuss7nu"},"id":"3tduw64o7ifg171","previousOperationId":"olnzps8obg9pnhd"}
{"type":"operationStart","subtype":"engine","name":"handlebars","timestamp":1705155901917,"id":"f170uemk2pqbvzl","previousEventId":"y7xrg6itosq8vgl","operationId":"b16xs10fc5n8lr7","previousOperationId":"olnzps8obg9pnhd"}
{"type":"log","timestamp":1705155901917,"level":"debug","message":"Rendering engine handlebars","meta":{"rootId":"zn3bfmacnuss7nu","id":"zn3bfmacnuss7nu"},"id":"ib6eivl6wl813ar","previousOperationId":"b16xs10fc5n8lr7"}
{"type":"operationEnd","operationId":"b16xs10fc5n8lr7","timestamp":1705155901930,"id":"pqgwjn7f6q21ys4","previousEventId":"f170uemk2pqbvzl","previousOperationId":"b16xs10fc5n8lr7"}
{"type":"operationStart","subtype":"recipe","name":"chrome-pdf","timestamp":1705155901931,"id":"4kfas6rr1wmgqm4","previousEventId":"pqgwjn7f6q21ys4","operationId":"7gutv9pm6ie4zoi","previousOperationId":"b16xs10fc5n8lr7"}
{"type":"log","timestamp":1705155901931,"level":"debug","message":"Executing recipe chrome-pdf","meta":{"rootId":"zn3bfmacnuss7nu","id":"zn3bfmacnuss7nu"},"id":"o3byghrdavq984d","previousOperationId":"7gutv9pm6ie4zoi"}
{"type":"log","timestamp":1705155901935,"level":"debug","message":"Converting with chrome HeadlessChrome/117.0.5938.149 using chrome-pool strategy","meta":{"rootId":"zn3bfmacnuss7nu","id":"zn3bfmacnuss7nu"},"id":"fmtnkx16slxa1nj","previousOperationId":"7gutv9pm6ie4zoi"}
{"type":"log","timestamp":1705155902014,"level":"debug","message":"Page request: GET (document) file:///C:/Users/Javier/AppData/Local/Temp/jsreport/autocleanup/ff995692-1213-4e4b-b538-b133c213d5af-chrome-pdf.html","meta":{"rootId":"zn3bfmacnuss7nu","id":"zn3bfmacnuss7nu"},"id":"l7biywsbw2feecs","previousOperationId":"7gutv9pm6ie4zoi"}
{"type":"log","timestamp":1705155902076,"level":"debug","message":"Page request: GET (stylesheet) https://cdnjs.cloudflare.com/ajax/libs/metro/4.1.5/css/metro.min.css","meta":{"rootId":"zn3bfmacnuss7nu","id":"zn3bfmacnuss7nu"},"id":"lia8awg65h8su3y","previousOperationId":"7gutv9pm6ie4zoi"}
{"type":"log","timestamp":1705155902076,"level":"debug","message":"Page request: GET (script) https://cdnjs.cloudflare.com/ajax/libs/Chart.js/2.7.2/Chart.min.js","meta":{"rootId":"zn3bfmacnuss7nu","id":"zn3bfmacnuss7nu"},"id":"p1pjjd2s0gmvlbn","previousOperationId":"7gutv9pm6ie4zoi"}
{"type":"log","timestamp":1705155902077,"level":"debug","message":"Page request finished: GET (document) 200 file:///C:/Users/Javier/AppData/Local/Temp/jsreport/autocleanup/ff995692-1213-4e4b-b538-b133c213d5af-chrome-pdf.html","meta":{"rootId":"zn3bfmacnuss7nu","id":"zn3bfmacnuss7nu"},"id":"cbbsi9k0mbupegx","previousOperationId":"7gutv9pm6ie4zoi"}
{"type":"log","timestamp":1705155902081,"level":"debug","message":"Page request finished: GET (script) 200 https://cdnjs.cloudflare.com/ajax/libs/Chart.js/2.7.2/Chart.min.js","meta":{"rootId":"zn3bfmacnuss7nu","id":"zn3bfmacnuss7nu"},"id":"arsbhdwuyiqz2vj","previousOperationId":"7gutv9pm6ie4zoi"}
{"type":"log","timestamp":1705155902092,"level":"debug","message":"Page request finished: GET (stylesheet) 200 https://cdnjs.cloudflare.com/ajax/libs/metro/4.1.5/css/metro.min.css","meta":{"rootId":"zn3bfmacnuss7nu","id":"zn3bfmacnuss7nu"},"id":"mdc76zwg6coga1h","previousOperationId":"7gutv9pm6ie4zoi"}
{"type":"log","timestamp":1705155902158,"level":"debug","message":"Running chrome with params {\"printBackground\":true,\"timeout\":59951,\"margin\":{}}","meta":{"rootId":"zn3bfmacnuss7nu","id":"zn3bfmacnuss7nu"},"id":"jeava9cf166rgk0","previousOperationId":"7gutv9pm6ie4zoi"}
{"type":"operationEnd","operationId":"7gutv9pm6ie4zoi","timestamp":1705155902275,"id":"msnx04ojia2q5vd","previousEventId":"4kfas6rr1wmgqm4","previousOperationId":"7gutv9pm6ie4zoi"}
{"type":"log","timestamp":1705155902275,"level":"debug","message":"Skipping storing report.","meta":{"rootId":"zn3bfmacnuss7nu","id":"zn3bfmacnuss7nu"},"id":"ej2q63rxyfmwsgl","previousOperationId":"7gutv9pm6ie4zoi"}
{"type":"log","timestamp":1705155902275,"level":"info","message":"Rendering request 27 finished in 392 ms","meta":{"rootId":"zn3bfmacnuss7nu","id":"zn3bfmacnuss7nu"},"id":"gcnvl7xe5k1g896","previousOperationId":"7gutv9pm6ie4zoi"}
{"type":"operationEnd","subtype":"render","operationId":"rmwiwyti8fjitml","timestamp":1705155902275,"id":"bvu097aiyx5t0fc","previousEventId":"msnx04ojia2q5vd","previousOperationId":"7gutv9pm6ie4zoi"}
{"type":"operationEnd","doDiffs":false,"previousEventId":"8jp9lcs2afed5ia","previousOperationId":"543g96w9yxygu1z","operationId":"543g96w9yxygu1z","timestamp":1705155902277,"id":"hqpxer81pjit21d"}
