{"type":"operationStart","subtype":"profile","data":{"_id":"fiL1TTahFwe9m682","timestamp":"2024-01-13T22:33:03.673Z","state":"queued","mode":"standard","creationDate":"2024-01-13T22:33:03.675Z","modificationDate":"2024-01-13T22:33:03.675Z","shortid":"YMki0V5","$entitySet":"profiles"},"doDiffs":false,"timestamp":1705185183674,"id":"zapl0ox20l1w6io","previousOperationId":null,"operationId":"a0j5gd4uqil1uci"}
{"type":"log","level":"info","message":"Render request 17 queued for execution and waiting for available worker","previousOperationId":"a0j5gd4uqil1uci","timestamp":1705185183674,"id":"zh0nn26xuagx8jv"}
{"type":"operationStart","subtype":"render","name":"AveragePunctuation","previousOperationId":"a0j5gd4uqil1uci","timestamp":1705185183695,"id":"yneyxlsy2wrfn59","previousEventId":"zapl0ox20l1w6io","operationId":"cqpzke0y6y23wq1"}
{"type":"log","timestamp":1705185183696,"level":"info","message":"Starting rendering request 17","meta":{"rootId":"zv6m8tscibieut5","id":"zv6m8tscibieut5"},"id":"1wqbxreidnxz04z","previousOperationId":"cqpzke0y6y23wq1"}
{"type":"log","timestamp":1705185183696,"level":"info","message":"Rendering template { name: AveragePunctuation, recipe: chrome-pdf, engine: handlebars, preview: false }","meta":{"rootId":"zv6m8tscibieut5","id":"zv6m8tscibieut5"},"id":"g1izifdcu5mkirb","previousOperationId":"cqpzke0y6y23wq1"}
{"type":"log","timestamp":1705185183699,"level":"debug","message":"Inline data specified.","meta":{"rootId":"zv6m8tscibieut5","id":"zv6m8tscibieut5"},"id":"hem0zprks7itai6","previousOperationId":"cqpzke0y6y23wq1"}
{"type":"log","timestamp":1705185183704,"level":"debug","message":"Executing script AveragePunctuation-script (beforeRender)","meta":{"rootId":"zv6m8tscibieut5","id":"zv6m8tscibieut5"},"id":"lx16sf4gisy7cuh","previousOperationId":"cqpzke0y6y23wq1"}
{"type":"operationStart","subtype":"scriptsBeforeRender","name":"scripts beforeRender","timestamp":1705185183751,"id":"c16afctnp2i3hru","previousEventId":"yneyxlsy2wrfn59","operationId":"1ekk8v22dfxmbh8","previousOperationId":"cqpzke0y6y23wq1"}
{"type":"operationStart","subtype":"script","name":"scripts AveragePunctuation-script","previousOperationId":"1ekk8v22dfxmbh8","timestamp":1705185183751,"id":"qsrbhuxv587zfw5","previousEventId":"c16afctnp2i3hru","operationId":"5rt28k3rdj37out"}
{"type":"operationEnd","operationId":"5rt28k3rdj37out","timestamp":1705185183775,"id":"xxuhq8hsi6v10qt","previousEventId":"yneyxlsy2wrfn59","previousOperationId":"cqpzke0y6y23wq1"}
{"type":"operationEnd","operationId":"1ekk8v22dfxmbh8","timestamp":1705185183775,"id":"pwmfg3kd1j5bih1","previousEventId":"xxuhq8hsi6v10qt","previousOperationId":"cqpzke0y6y23wq1"}
{"type":"log","timestamp":1705185183775,"level":"debug","message":"Base url not specified, skipping its injection.","meta":{"rootId":"zv6m8tscibieut5","id":"zv6m8tscibieut5"},"id":"rq2fjv696vd1vqw","previousOperationId":"1ekk8v22dfxmbh8"}
{"type":"operationStart","subtype":"engine","name":"handlebars","timestamp":1705185183775,"id":"o77x3xc26od5nro","previousEventId":"pwmfg3kd1j5bih1","operationId":"6tsbzp7pasmddsu","previousOperationId":"1ekk8v22dfxmbh8"}
{"type":"log","timestamp":1705185183775,"level":"debug","message":"Rendering engine handlebars","meta":{"rootId":"zv6m8tscibieut5","id":"zv6m8tscibieut5"},"id":"lfhbth88udr230j","previousOperationId":"6tsbzp7pasmddsu"}
{"type":"operationEnd","operationId":"6tsbzp7pasmddsu","timestamp":1705185183784,"id":"xxk2qsy400h04gu","previousEventId":"o77x3xc26od5nro","previousOperationId":"6tsbzp7pasmddsu"}
{"type":"operationStart","subtype":"recipe","name":"chrome-pdf","timestamp":1705185183785,"id":"obtm73rg3c9hn24","previousEventId":"xxk2qsy400h04gu","operationId":"slvqk3br335zhrw","previousOperationId":"6tsbzp7pasmddsu"}
{"type":"log","timestamp":1705185183785,"level":"debug","message":"Executing recipe chrome-pdf","meta":{"rootId":"zv6m8tscibieut5","id":"zv6m8tscibieut5"},"id":"8sv1qu68jfjg09h","previousOperationId":"slvqk3br335zhrw"}
{"type":"log","timestamp":1705185183786,"level":"debug","message":"Converting with chrome HeadlessChrome/117.0.5938.149 using chrome-pool strategy","meta":{"rootId":"zv6m8tscibieut5","id":"zv6m8tscibieut5"},"id":"wa2hl47gi3sv6te","previousOperationId":"slvqk3br335zhrw"}
{"type":"log","timestamp":1705185183866,"level":"debug","message":"Page request: GET (document) file:///C:/Users/Javier/AppData/Local/Temp/jsreport/autocleanup/ee692c61-9914-4c92-b1de-8f0f6ce609ef-chrome-pdf.html","meta":{"rootId":"zv6m8tscibieut5","id":"zv6m8tscibieut5"},"id":"of6ub0wlrrb6ury","previousOperationId":"slvqk3br335zhrw"}
{"type":"log","timestamp":1705185183912,"level":"debug","message":"Page request: GET (stylesheet) https://cdnjs.cloudflare.com/ajax/libs/metro/4.1.5/css/metro.min.css","meta":{"rootId":"zv6m8tscibieut5","id":"zv6m8tscibieut5"},"id":"d8ao4nzn2z00plv","previousOperationId":"slvqk3br335zhrw"}
{"type":"log","timestamp":1705185183913,"level":"debug","message":"Page request: GET (script) https://cdnjs.cloudflare.com/ajax/libs/Chart.js/2.7.2/Chart.min.js","meta":{"rootId":"zv6m8tscibieut5","id":"zv6m8tscibieut5"},"id":"4o26zyega8bgupi","previousOperationId":"slvqk3br335zhrw"}
{"type":"log","timestamp":1705185183913,"level":"debug","message":"Page request finished: GET (document) 200 file:///C:/Users/Javier/AppData/Local/Temp/jsreport/autocleanup/ee692c61-9914-4c92-b1de-8f0f6ce609ef-chrome-pdf.html","meta":{"rootId":"zv6m8tscibieut5","id":"zv6m8tscibieut5"},"id":"47dq11qk2766jwp","previousOperationId":"slvqk3br335zhrw"}
{"type":"log","timestamp":1705185183917,"level":"debug","message":"Page request finished: GET (script) 200 https://cdnjs.cloudflare.com/ajax/libs/Chart.js/2.7.2/Chart.min.js","meta":{"rootId":"zv6m8tscibieut5","id":"zv6m8tscibieut5"},"id":"ctd9vgqfdccfrul","previousOperationId":"slvqk3br335zhrw"}
{"type":"log","timestamp":1705185183927,"level":"debug","message":"Page request finished: GET (stylesheet) 200 https://cdnjs.cloudflare.com/ajax/libs/metro/4.1.5/css/metro.min.css","meta":{"rootId":"zv6m8tscibieut5","id":"zv6m8tscibieut5"},"id":"3xcg8ylvrimgt09","previousOperationId":"slvqk3br335zhrw"}
{"type":"log","timestamp":1705185183991,"level":"debug","message":"Running chrome with params {\"printBackground\":true,\"timeout\":59887,\"margin\":{}}","meta":{"rootId":"zv6m8tscibieut5","id":"zv6m8tscibieut5"},"id":"upn200pf4zbqk7z","previousOperationId":"slvqk3br335zhrw"}
{"type":"operationEnd","operationId":"slvqk3br335zhrw","timestamp":1705185184093,"id":"vmky6eqwe1s3ig7","previousEventId":"obtm73rg3c9hn24","previousOperationId":"slvqk3br335zhrw"}
{"type":"log","timestamp":1705185184093,"level":"debug","message":"Skipping storing report.","meta":{"rootId":"zv6m8tscibieut5","id":"zv6m8tscibieut5"},"id":"853xj2as1f6t8cy","previousOperationId":"slvqk3br335zhrw"}
{"type":"log","timestamp":1705185184093,"level":"info","message":"Rendering request 17 finished in 420 ms","meta":{"rootId":"zv6m8tscibieut5","id":"zv6m8tscibieut5"},"id":"dryadpiwjhfh83f","previousOperationId":"slvqk3br335zhrw"}
{"type":"operationEnd","subtype":"render","operationId":"cqpzke0y6y23wq1","timestamp":1705185184093,"id":"o518c5pg2cocohp","previousEventId":"vmky6eqwe1s3ig7","previousOperationId":"slvqk3br335zhrw"}
{"type":"operationEnd","doDiffs":false,"previousEventId":"zapl0ox20l1w6io","previousOperationId":"a0j5gd4uqil1uci","operationId":"a0j5gd4uqil1uci","timestamp":1705185184097,"id":"y67bq0jgxyiegc5"}
